[2024-04-26T22:58:24.087+0000] {processor.py:161} INFO - Started process (PID=49) to work on /home/airflow/.local/lib/python3.12/site-packages/airflow/example_dags/example_subdag_operator.py
[2024-04-26T22:58:24.099+0000] {processor.py:830} INFO - Processing file /home/airflow/.local/lib/python3.12/site-packages/airflow/example_dags/example_subdag_operator.py for tasks to queue
[2024-04-26T22:58:24.137+0000] {logging_mixin.py:188} INFO - [2024-04-26T22:58:24.133+0000] {dagbag.py:540} INFO - Filling up the DagBag from /home/airflow/.local/lib/python3.12/site-packages/airflow/example_dags/example_subdag_operator.py
[2024-04-26T22:58:24.279+0000] {processor.py:840} INFO - DAG(s) 'example_subdag_operator.section-1', 'example_subdag_operator.section-2', 'example_subdag_operator' retrieved from /home/airflow/.local/lib/python3.12/site-packages/airflow/example_dags/example_subdag_operator.py
[2024-04-26T22:58:24.580+0000] {logging_mixin.py:188} INFO - [2024-04-26T22:58:24.579+0000] {dag.py:3096} INFO - Sync 3 DAGs
[2024-04-26T22:58:24.652+0000] {logging_mixin.py:188} INFO - [2024-04-26T22:58:24.651+0000] {dag.py:3954} INFO - Setting next_dagrun for example_subdag_operator to 2022-01-01 00:00:00+00:00, run_after=2022-01-01 00:00:00+00:00
[2024-04-26T22:58:24.661+0000] {logging_mixin.py:188} INFO - [2024-04-26T22:58:24.661+0000] {dag.py:3954} INFO - Setting next_dagrun for example_subdag_operator.section-1 to None, run_after=None
[2024-04-26T22:58:24.664+0000] {logging_mixin.py:188} INFO - [2024-04-26T22:58:24.664+0000] {dag.py:3954} INFO - Setting next_dagrun for example_subdag_operator.section-2 to None, run_after=None
[2024-04-26T22:58:24.693+0000] {logging_mixin.py:188} INFO - [2024-04-26T22:58:24.693+0000] {dag.py:3096} INFO - Sync 2 DAGs
[2024-04-26T22:58:24.705+0000] {logging_mixin.py:188} INFO - [2024-04-26T22:58:24.705+0000] {dag.py:3954} INFO - Setting next_dagrun for example_subdag_operator.section-1 to None, run_after=None
[2024-04-26T22:58:24.707+0000] {logging_mixin.py:188} INFO - [2024-04-26T22:58:24.707+0000] {dag.py:3954} INFO - Setting next_dagrun for example_subdag_operator.section-2 to None, run_after=None
[2024-04-26T22:58:24.731+0000] {processor.py:183} INFO - Processing /home/airflow/.local/lib/python3.12/site-packages/airflow/example_dags/example_subdag_operator.py took 0.734 seconds
[2024-04-26T22:58:55.379+0000] {processor.py:161} INFO - Started process (PID=108) to work on /home/airflow/.local/lib/python3.12/site-packages/airflow/example_dags/example_subdag_operator.py
[2024-04-26T22:58:55.380+0000] {processor.py:830} INFO - Processing file /home/airflow/.local/lib/python3.12/site-packages/airflow/example_dags/example_subdag_operator.py for tasks to queue
[2024-04-26T22:58:55.383+0000] {logging_mixin.py:188} INFO - [2024-04-26T22:58:55.382+0000] {dagbag.py:540} INFO - Filling up the DagBag from /home/airflow/.local/lib/python3.12/site-packages/airflow/example_dags/example_subdag_operator.py
[2024-04-26T22:58:55.416+0000] {processor.py:840} INFO - DAG(s) 'example_subdag_operator.section-1', 'example_subdag_operator.section-2', 'example_subdag_operator' retrieved from /home/airflow/.local/lib/python3.12/site-packages/airflow/example_dags/example_subdag_operator.py
[2024-04-26T22:58:55.464+0000] {logging_mixin.py:188} INFO - [2024-04-26T22:58:55.464+0000] {dag.py:3096} INFO - Sync 3 DAGs
[2024-04-26T22:58:55.499+0000] {logging_mixin.py:188} INFO - [2024-04-26T22:58:55.499+0000] {dag.py:3954} INFO - Setting next_dagrun for example_subdag_operator to 2022-01-01 00:00:00+00:00, run_after=2022-01-01 00:00:00+00:00
[2024-04-26T22:58:55.503+0000] {logging_mixin.py:188} INFO - [2024-04-26T22:58:55.503+0000] {dag.py:3954} INFO - Setting next_dagrun for example_subdag_operator.section-1 to None, run_after=None
[2024-04-26T22:58:55.505+0000] {logging_mixin.py:188} INFO - [2024-04-26T22:58:55.505+0000] {dag.py:3954} INFO - Setting next_dagrun for example_subdag_operator.section-2 to None, run_after=None
[2024-04-26T22:58:55.513+0000] {logging_mixin.py:188} INFO - [2024-04-26T22:58:55.513+0000] {dag.py:3096} INFO - Sync 2 DAGs
[2024-04-26T22:58:55.518+0000] {logging_mixin.py:188} INFO - [2024-04-26T22:58:55.518+0000] {dag.py:3954} INFO - Setting next_dagrun for example_subdag_operator.section-1 to None, run_after=None
[2024-04-26T22:58:55.519+0000] {logging_mixin.py:188} INFO - [2024-04-26T22:58:55.519+0000] {dag.py:3954} INFO - Setting next_dagrun for example_subdag_operator.section-2 to None, run_after=None
[2024-04-26T22:58:55.533+0000] {processor.py:183} INFO - Processing /home/airflow/.local/lib/python3.12/site-packages/airflow/example_dags/example_subdag_operator.py took 0.162 seconds
[2024-04-26T22:59:26.350+0000] {processor.py:161} INFO - Started process (PID=167) to work on /home/airflow/.local/lib/python3.12/site-packages/airflow/example_dags/example_subdag_operator.py
[2024-04-26T22:59:26.352+0000] {processor.py:830} INFO - Processing file /home/airflow/.local/lib/python3.12/site-packages/airflow/example_dags/example_subdag_operator.py for tasks to queue
[2024-04-26T22:59:26.374+0000] {logging_mixin.py:188} INFO - [2024-04-26T22:59:26.373+0000] {dagbag.py:540} INFO - Filling up the DagBag from /home/airflow/.local/lib/python3.12/site-packages/airflow/example_dags/example_subdag_operator.py
[2024-04-26T22:59:26.493+0000] {processor.py:840} INFO - DAG(s) 'example_subdag_operator.section-1', 'example_subdag_operator.section-2', 'example_subdag_operator' retrieved from /home/airflow/.local/lib/python3.12/site-packages/airflow/example_dags/example_subdag_operator.py
[2024-04-26T22:59:26.553+0000] {logging_mixin.py:188} INFO - [2024-04-26T22:59:26.553+0000] {dag.py:3096} INFO - Sync 3 DAGs
[2024-04-26T22:59:26.617+0000] {logging_mixin.py:188} INFO - [2024-04-26T22:59:26.617+0000] {dag.py:3954} INFO - Setting next_dagrun for example_subdag_operator to 2022-01-01 00:00:00+00:00, run_after=2022-01-01 00:00:00+00:00
[2024-04-26T22:59:26.624+0000] {logging_mixin.py:188} INFO - [2024-04-26T22:59:26.624+0000] {dag.py:3954} INFO - Setting next_dagrun for example_subdag_operator.section-1 to None, run_after=None
[2024-04-26T22:59:26.626+0000] {logging_mixin.py:188} INFO - [2024-04-26T22:59:26.626+0000] {dag.py:3954} INFO - Setting next_dagrun for example_subdag_operator.section-2 to None, run_after=None
[2024-04-26T22:59:26.657+0000] {logging_mixin.py:188} INFO - [2024-04-26T22:59:26.657+0000] {dag.py:3096} INFO - Sync 2 DAGs
[2024-04-26T22:59:26.667+0000] {logging_mixin.py:188} INFO - [2024-04-26T22:59:26.667+0000] {dag.py:3954} INFO - Setting next_dagrun for example_subdag_operator.section-1 to None, run_after=None
[2024-04-26T22:59:26.668+0000] {logging_mixin.py:188} INFO - [2024-04-26T22:59:26.668+0000] {dag.py:3954} INFO - Setting next_dagrun for example_subdag_operator.section-2 to None, run_after=None
[2024-04-26T22:59:26.695+0000] {processor.py:183} INFO - Processing /home/airflow/.local/lib/python3.12/site-packages/airflow/example_dags/example_subdag_operator.py took 0.354 seconds
[2024-04-26T22:59:56.831+0000] {processor.py:161} INFO - Started process (PID=226) to work on /home/airflow/.local/lib/python3.12/site-packages/airflow/example_dags/example_subdag_operator.py
[2024-04-26T22:59:56.832+0000] {processor.py:830} INFO - Processing file /home/airflow/.local/lib/python3.12/site-packages/airflow/example_dags/example_subdag_operator.py for tasks to queue
[2024-04-26T22:59:56.834+0000] {logging_mixin.py:188} INFO - [2024-04-26T22:59:56.834+0000] {dagbag.py:540} INFO - Filling up the DagBag from /home/airflow/.local/lib/python3.12/site-packages/airflow/example_dags/example_subdag_operator.py
[2024-04-26T22:59:56.862+0000] {processor.py:840} INFO - DAG(s) 'example_subdag_operator.section-1', 'example_subdag_operator.section-2', 'example_subdag_operator' retrieved from /home/airflow/.local/lib/python3.12/site-packages/airflow/example_dags/example_subdag_operator.py
[2024-04-26T22:59:56.880+0000] {logging_mixin.py:188} INFO - [2024-04-26T22:59:56.879+0000] {dag.py:3096} INFO - Sync 3 DAGs
[2024-04-26T22:59:56.904+0000] {logging_mixin.py:188} INFO - [2024-04-26T22:59:56.903+0000] {dag.py:3954} INFO - Setting next_dagrun for example_subdag_operator to 2022-01-01 00:00:00+00:00, run_after=2022-01-01 00:00:00+00:00
[2024-04-26T22:59:56.909+0000] {logging_mixin.py:188} INFO - [2024-04-26T22:59:56.908+0000] {dag.py:3954} INFO - Setting next_dagrun for example_subdag_operator.section-1 to None, run_after=None
[2024-04-26T22:59:56.910+0000] {logging_mixin.py:188} INFO - [2024-04-26T22:59:56.910+0000] {dag.py:3954} INFO - Setting next_dagrun for example_subdag_operator.section-2 to None, run_after=None
[2024-04-26T22:59:56.920+0000] {logging_mixin.py:188} INFO - [2024-04-26T22:59:56.920+0000] {dag.py:3096} INFO - Sync 2 DAGs
[2024-04-26T22:59:56.927+0000] {logging_mixin.py:188} INFO - [2024-04-26T22:59:56.927+0000] {dag.py:3954} INFO - Setting next_dagrun for example_subdag_operator.section-1 to None, run_after=None
[2024-04-26T22:59:56.928+0000] {logging_mixin.py:188} INFO - [2024-04-26T22:59:56.928+0000] {dag.py:3954} INFO - Setting next_dagrun for example_subdag_operator.section-2 to None, run_after=None
[2024-04-26T22:59:56.943+0000] {processor.py:183} INFO - Processing /home/airflow/.local/lib/python3.12/site-packages/airflow/example_dags/example_subdag_operator.py took 0.119 seconds
[2024-04-26T23:00:27.045+0000] {processor.py:161} INFO - Started process (PID=285) to work on /home/airflow/.local/lib/python3.12/site-packages/airflow/example_dags/example_subdag_operator.py
[2024-04-26T23:00:27.046+0000] {processor.py:830} INFO - Processing file /home/airflow/.local/lib/python3.12/site-packages/airflow/example_dags/example_subdag_operator.py for tasks to queue
[2024-04-26T23:00:27.048+0000] {logging_mixin.py:188} INFO - [2024-04-26T23:00:27.047+0000] {dagbag.py:540} INFO - Filling up the DagBag from /home/airflow/.local/lib/python3.12/site-packages/airflow/example_dags/example_subdag_operator.py
[2024-04-26T23:00:27.070+0000] {processor.py:840} INFO - DAG(s) 'example_subdag_operator.section-1', 'example_subdag_operator.section-2', 'example_subdag_operator' retrieved from /home/airflow/.local/lib/python3.12/site-packages/airflow/example_dags/example_subdag_operator.py
[2024-04-26T23:00:27.084+0000] {logging_mixin.py:188} INFO - [2024-04-26T23:00:27.083+0000] {dag.py:3096} INFO - Sync 3 DAGs
[2024-04-26T23:00:27.105+0000] {logging_mixin.py:188} INFO - [2024-04-26T23:00:27.104+0000] {dag.py:3954} INFO - Setting next_dagrun for example_subdag_operator to 2022-01-01 00:00:00+00:00, run_after=2022-01-01 00:00:00+00:00
[2024-04-26T23:00:27.108+0000] {logging_mixin.py:188} INFO - [2024-04-26T23:00:27.108+0000] {dag.py:3954} INFO - Setting next_dagrun for example_subdag_operator.section-1 to None, run_after=None
[2024-04-26T23:00:27.110+0000] {logging_mixin.py:188} INFO - [2024-04-26T23:00:27.110+0000] {dag.py:3954} INFO - Setting next_dagrun for example_subdag_operator.section-2 to None, run_after=None
[2024-04-26T23:00:27.119+0000] {logging_mixin.py:188} INFO - [2024-04-26T23:00:27.118+0000] {dag.py:3096} INFO - Sync 2 DAGs
[2024-04-26T23:00:27.124+0000] {logging_mixin.py:188} INFO - [2024-04-26T23:00:27.124+0000] {dag.py:3954} INFO - Setting next_dagrun for example_subdag_operator.section-1 to None, run_after=None
[2024-04-26T23:00:27.126+0000] {logging_mixin.py:188} INFO - [2024-04-26T23:00:27.125+0000] {dag.py:3954} INFO - Setting next_dagrun for example_subdag_operator.section-2 to None, run_after=None
[2024-04-26T23:00:27.139+0000] {processor.py:183} INFO - Processing /home/airflow/.local/lib/python3.12/site-packages/airflow/example_dags/example_subdag_operator.py took 0.100 seconds
[2024-04-26T23:00:57.248+0000] {processor.py:161} INFO - Started process (PID=344) to work on /home/airflow/.local/lib/python3.12/site-packages/airflow/example_dags/example_subdag_operator.py
[2024-04-26T23:00:57.249+0000] {processor.py:830} INFO - Processing file /home/airflow/.local/lib/python3.12/site-packages/airflow/example_dags/example_subdag_operator.py for tasks to queue
[2024-04-26T23:00:57.251+0000] {logging_mixin.py:188} INFO - [2024-04-26T23:00:57.251+0000] {dagbag.py:540} INFO - Filling up the DagBag from /home/airflow/.local/lib/python3.12/site-packages/airflow/example_dags/example_subdag_operator.py
[2024-04-26T23:00:57.274+0000] {processor.py:840} INFO - DAG(s) 'example_subdag_operator.section-1', 'example_subdag_operator.section-2', 'example_subdag_operator' retrieved from /home/airflow/.local/lib/python3.12/site-packages/airflow/example_dags/example_subdag_operator.py
[2024-04-26T23:00:57.288+0000] {logging_mixin.py:188} INFO - [2024-04-26T23:00:57.288+0000] {dag.py:3096} INFO - Sync 3 DAGs
[2024-04-26T23:00:57.312+0000] {logging_mixin.py:188} INFO - [2024-04-26T23:00:57.312+0000] {dag.py:3954} INFO - Setting next_dagrun for example_subdag_operator to 2022-01-01 00:00:00+00:00, run_after=2022-01-01 00:00:00+00:00
[2024-04-26T23:00:57.316+0000] {logging_mixin.py:188} INFO - [2024-04-26T23:00:57.316+0000] {dag.py:3954} INFO - Setting next_dagrun for example_subdag_operator.section-1 to None, run_after=None
[2024-04-26T23:00:57.318+0000] {logging_mixin.py:188} INFO - [2024-04-26T23:00:57.318+0000] {dag.py:3954} INFO - Setting next_dagrun for example_subdag_operator.section-2 to None, run_after=None
[2024-04-26T23:00:57.326+0000] {logging_mixin.py:188} INFO - [2024-04-26T23:00:57.326+0000] {dag.py:3096} INFO - Sync 2 DAGs
[2024-04-26T23:00:57.331+0000] {logging_mixin.py:188} INFO - [2024-04-26T23:00:57.330+0000] {dag.py:3954} INFO - Setting next_dagrun for example_subdag_operator.section-1 to None, run_after=None
[2024-04-26T23:00:57.331+0000] {logging_mixin.py:188} INFO - [2024-04-26T23:00:57.331+0000] {dag.py:3954} INFO - Setting next_dagrun for example_subdag_operator.section-2 to None, run_after=None
[2024-04-26T23:00:57.345+0000] {processor.py:183} INFO - Processing /home/airflow/.local/lib/python3.12/site-packages/airflow/example_dags/example_subdag_operator.py took 0.103 seconds
[2024-04-26T23:01:28.365+0000] {processor.py:161} INFO - Started process (PID=403) to work on /home/airflow/.local/lib/python3.12/site-packages/airflow/example_dags/example_subdag_operator.py
[2024-04-26T23:01:28.366+0000] {processor.py:830} INFO - Processing file /home/airflow/.local/lib/python3.12/site-packages/airflow/example_dags/example_subdag_operator.py for tasks to queue
[2024-04-26T23:01:28.368+0000] {logging_mixin.py:188} INFO - [2024-04-26T23:01:28.368+0000] {dagbag.py:540} INFO - Filling up the DagBag from /home/airflow/.local/lib/python3.12/site-packages/airflow/example_dags/example_subdag_operator.py
[2024-04-26T23:01:28.390+0000] {processor.py:840} INFO - DAG(s) 'example_subdag_operator.section-1', 'example_subdag_operator.section-2', 'example_subdag_operator' retrieved from /home/airflow/.local/lib/python3.12/site-packages/airflow/example_dags/example_subdag_operator.py
[2024-04-26T23:01:28.405+0000] {logging_mixin.py:188} INFO - [2024-04-26T23:01:28.405+0000] {dag.py:3096} INFO - Sync 3 DAGs
[2024-04-26T23:01:28.425+0000] {logging_mixin.py:188} INFO - [2024-04-26T23:01:28.425+0000] {dag.py:3954} INFO - Setting next_dagrun for example_subdag_operator to 2022-01-01 00:00:00+00:00, run_after=2022-01-01 00:00:00+00:00
[2024-04-26T23:01:28.429+0000] {logging_mixin.py:188} INFO - [2024-04-26T23:01:28.429+0000] {dag.py:3954} INFO - Setting next_dagrun for example_subdag_operator.section-1 to None, run_after=None
[2024-04-26T23:01:28.431+0000] {logging_mixin.py:188} INFO - [2024-04-26T23:01:28.430+0000] {dag.py:3954} INFO - Setting next_dagrun for example_subdag_operator.section-2 to None, run_after=None
[2024-04-26T23:01:28.437+0000] {logging_mixin.py:188} INFO - [2024-04-26T23:01:28.437+0000] {dag.py:3096} INFO - Sync 2 DAGs
[2024-04-26T23:01:28.443+0000] {logging_mixin.py:188} INFO - [2024-04-26T23:01:28.443+0000] {dag.py:3954} INFO - Setting next_dagrun for example_subdag_operator.section-1 to None, run_after=None
[2024-04-26T23:01:28.443+0000] {logging_mixin.py:188} INFO - [2024-04-26T23:01:28.443+0000] {dag.py:3954} INFO - Setting next_dagrun for example_subdag_operator.section-2 to None, run_after=None
[2024-04-26T23:01:28.455+0000] {processor.py:183} INFO - Processing /home/airflow/.local/lib/python3.12/site-packages/airflow/example_dags/example_subdag_operator.py took 0.096 seconds
[2024-04-26T23:01:58.679+0000] {processor.py:161} INFO - Started process (PID=462) to work on /home/airflow/.local/lib/python3.12/site-packages/airflow/example_dags/example_subdag_operator.py
[2024-04-26T23:01:58.680+0000] {processor.py:830} INFO - Processing file /home/airflow/.local/lib/python3.12/site-packages/airflow/example_dags/example_subdag_operator.py for tasks to queue
[2024-04-26T23:01:58.682+0000] {logging_mixin.py:188} INFO - [2024-04-26T23:01:58.682+0000] {dagbag.py:540} INFO - Filling up the DagBag from /home/airflow/.local/lib/python3.12/site-packages/airflow/example_dags/example_subdag_operator.py
[2024-04-26T23:01:58.704+0000] {processor.py:840} INFO - DAG(s) 'example_subdag_operator.section-1', 'example_subdag_operator.section-2', 'example_subdag_operator' retrieved from /home/airflow/.local/lib/python3.12/site-packages/airflow/example_dags/example_subdag_operator.py
[2024-04-26T23:01:58.719+0000] {logging_mixin.py:188} INFO - [2024-04-26T23:01:58.719+0000] {dag.py:3096} INFO - Sync 3 DAGs
[2024-04-26T23:01:58.738+0000] {logging_mixin.py:188} INFO - [2024-04-26T23:01:58.738+0000] {dag.py:3954} INFO - Setting next_dagrun for example_subdag_operator to 2022-01-01 00:00:00+00:00, run_after=2022-01-01 00:00:00+00:00
[2024-04-26T23:01:58.741+0000] {logging_mixin.py:188} INFO - [2024-04-26T23:01:58.741+0000] {dag.py:3954} INFO - Setting next_dagrun for example_subdag_operator.section-1 to None, run_after=None
[2024-04-26T23:01:58.742+0000] {logging_mixin.py:188} INFO - [2024-04-26T23:01:58.742+0000] {dag.py:3954} INFO - Setting next_dagrun for example_subdag_operator.section-2 to None, run_after=None
[2024-04-26T23:01:58.749+0000] {logging_mixin.py:188} INFO - [2024-04-26T23:01:58.749+0000] {dag.py:3096} INFO - Sync 2 DAGs
[2024-04-26T23:01:58.754+0000] {logging_mixin.py:188} INFO - [2024-04-26T23:01:58.753+0000] {dag.py:3954} INFO - Setting next_dagrun for example_subdag_operator.section-1 to None, run_after=None
[2024-04-26T23:01:58.755+0000] {logging_mixin.py:188} INFO - [2024-04-26T23:01:58.755+0000] {dag.py:3954} INFO - Setting next_dagrun for example_subdag_operator.section-2 to None, run_after=None
[2024-04-26T23:01:58.768+0000] {processor.py:183} INFO - Processing /home/airflow/.local/lib/python3.12/site-packages/airflow/example_dags/example_subdag_operator.py took 0.095 seconds
[2024-04-26T23:02:29.226+0000] {processor.py:161} INFO - Started process (PID=521) to work on /home/airflow/.local/lib/python3.12/site-packages/airflow/example_dags/example_subdag_operator.py
[2024-04-26T23:02:29.227+0000] {processor.py:830} INFO - Processing file /home/airflow/.local/lib/python3.12/site-packages/airflow/example_dags/example_subdag_operator.py for tasks to queue
[2024-04-26T23:02:29.229+0000] {logging_mixin.py:188} INFO - [2024-04-26T23:02:29.229+0000] {dagbag.py:540} INFO - Filling up the DagBag from /home/airflow/.local/lib/python3.12/site-packages/airflow/example_dags/example_subdag_operator.py
[2024-04-26T23:02:29.257+0000] {processor.py:840} INFO - DAG(s) 'example_subdag_operator.section-1', 'example_subdag_operator.section-2', 'example_subdag_operator' retrieved from /home/airflow/.local/lib/python3.12/site-packages/airflow/example_dags/example_subdag_operator.py
[2024-04-26T23:02:29.276+0000] {logging_mixin.py:188} INFO - [2024-04-26T23:02:29.275+0000] {dag.py:3096} INFO - Sync 3 DAGs
[2024-04-26T23:02:29.299+0000] {logging_mixin.py:188} INFO - [2024-04-26T23:02:29.299+0000] {dag.py:3954} INFO - Setting next_dagrun for example_subdag_operator to 2022-01-01 00:00:00+00:00, run_after=2022-01-01 00:00:00+00:00
[2024-04-26T23:02:29.304+0000] {logging_mixin.py:188} INFO - [2024-04-26T23:02:29.303+0000] {dag.py:3954} INFO - Setting next_dagrun for example_subdag_operator.section-1 to None, run_after=None
[2024-04-26T23:02:29.305+0000] {logging_mixin.py:188} INFO - [2024-04-26T23:02:29.305+0000] {dag.py:3954} INFO - Setting next_dagrun for example_subdag_operator.section-2 to None, run_after=None
[2024-04-26T23:02:29.313+0000] {logging_mixin.py:188} INFO - [2024-04-26T23:02:29.313+0000] {dag.py:3096} INFO - Sync 2 DAGs
[2024-04-26T23:02:29.319+0000] {logging_mixin.py:188} INFO - [2024-04-26T23:02:29.319+0000] {dag.py:3954} INFO - Setting next_dagrun for example_subdag_operator.section-1 to None, run_after=None
[2024-04-26T23:02:29.320+0000] {logging_mixin.py:188} INFO - [2024-04-26T23:02:29.320+0000] {dag.py:3954} INFO - Setting next_dagrun for example_subdag_operator.section-2 to None, run_after=None
[2024-04-26T23:02:29.336+0000] {processor.py:183} INFO - Processing /home/airflow/.local/lib/python3.12/site-packages/airflow/example_dags/example_subdag_operator.py took 0.117 seconds
[2024-04-26T23:02:59.496+0000] {processor.py:161} INFO - Started process (PID=580) to work on /home/airflow/.local/lib/python3.12/site-packages/airflow/example_dags/example_subdag_operator.py
[2024-04-26T23:02:59.498+0000] {processor.py:830} INFO - Processing file /home/airflow/.local/lib/python3.12/site-packages/airflow/example_dags/example_subdag_operator.py for tasks to queue
[2024-04-26T23:02:59.500+0000] {logging_mixin.py:188} INFO - [2024-04-26T23:02:59.499+0000] {dagbag.py:540} INFO - Filling up the DagBag from /home/airflow/.local/lib/python3.12/site-packages/airflow/example_dags/example_subdag_operator.py
[2024-04-26T23:02:59.527+0000] {processor.py:840} INFO - DAG(s) 'example_subdag_operator.section-1', 'example_subdag_operator.section-2', 'example_subdag_operator' retrieved from /home/airflow/.local/lib/python3.12/site-packages/airflow/example_dags/example_subdag_operator.py
[2024-04-26T23:02:59.542+0000] {logging_mixin.py:188} INFO - [2024-04-26T23:02:59.542+0000] {dag.py:3096} INFO - Sync 3 DAGs
[2024-04-26T23:02:59.566+0000] {logging_mixin.py:188} INFO - [2024-04-26T23:02:59.565+0000] {dag.py:3954} INFO - Setting next_dagrun for example_subdag_operator to 2022-01-01 00:00:00+00:00, run_after=2022-01-01 00:00:00+00:00
[2024-04-26T23:02:59.570+0000] {logging_mixin.py:188} INFO - [2024-04-26T23:02:59.570+0000] {dag.py:3954} INFO - Setting next_dagrun for example_subdag_operator.section-1 to None, run_after=None
[2024-04-26T23:02:59.573+0000] {logging_mixin.py:188} INFO - [2024-04-26T23:02:59.572+0000] {dag.py:3954} INFO - Setting next_dagrun for example_subdag_operator.section-2 to None, run_after=None
[2024-04-26T23:02:59.581+0000] {logging_mixin.py:188} INFO - [2024-04-26T23:02:59.580+0000] {dag.py:3096} INFO - Sync 2 DAGs
[2024-04-26T23:02:59.588+0000] {logging_mixin.py:188} INFO - [2024-04-26T23:02:59.587+0000] {dag.py:3954} INFO - Setting next_dagrun for example_subdag_operator.section-1 to None, run_after=None
[2024-04-26T23:02:59.588+0000] {logging_mixin.py:188} INFO - [2024-04-26T23:02:59.588+0000] {dag.py:3954} INFO - Setting next_dagrun for example_subdag_operator.section-2 to None, run_after=None
[2024-04-26T23:02:59.604+0000] {processor.py:183} INFO - Processing /home/airflow/.local/lib/python3.12/site-packages/airflow/example_dags/example_subdag_operator.py took 0.114 seconds
[2024-04-26T23:03:29.741+0000] {processor.py:161} INFO - Started process (PID=639) to work on /home/airflow/.local/lib/python3.12/site-packages/airflow/example_dags/example_subdag_operator.py
[2024-04-26T23:03:29.742+0000] {processor.py:830} INFO - Processing file /home/airflow/.local/lib/python3.12/site-packages/airflow/example_dags/example_subdag_operator.py for tasks to queue
[2024-04-26T23:03:29.744+0000] {logging_mixin.py:188} INFO - [2024-04-26T23:03:29.744+0000] {dagbag.py:540} INFO - Filling up the DagBag from /home/airflow/.local/lib/python3.12/site-packages/airflow/example_dags/example_subdag_operator.py
[2024-04-26T23:03:29.773+0000] {processor.py:840} INFO - DAG(s) 'example_subdag_operator.section-1', 'example_subdag_operator.section-2', 'example_subdag_operator' retrieved from /home/airflow/.local/lib/python3.12/site-packages/airflow/example_dags/example_subdag_operator.py
[2024-04-26T23:03:29.790+0000] {logging_mixin.py:188} INFO - [2024-04-26T23:03:29.790+0000] {dag.py:3096} INFO - Sync 3 DAGs
[2024-04-26T23:03:29.812+0000] {logging_mixin.py:188} INFO - [2024-04-26T23:03:29.811+0000] {dag.py:3954} INFO - Setting next_dagrun for example_subdag_operator to 2022-01-01 00:00:00+00:00, run_after=2022-01-01 00:00:00+00:00
[2024-04-26T23:03:29.816+0000] {logging_mixin.py:188} INFO - [2024-04-26T23:03:29.816+0000] {dag.py:3954} INFO - Setting next_dagrun for example_subdag_operator.section-1 to None, run_after=None
[2024-04-26T23:03:29.818+0000] {logging_mixin.py:188} INFO - [2024-04-26T23:03:29.818+0000] {dag.py:3954} INFO - Setting next_dagrun for example_subdag_operator.section-2 to None, run_after=None
[2024-04-26T23:03:29.826+0000] {logging_mixin.py:188} INFO - [2024-04-26T23:03:29.826+0000] {dag.py:3096} INFO - Sync 2 DAGs
[2024-04-26T23:03:29.832+0000] {logging_mixin.py:188} INFO - [2024-04-26T23:03:29.832+0000] {dag.py:3954} INFO - Setting next_dagrun for example_subdag_operator.section-1 to None, run_after=None
[2024-04-26T23:03:29.833+0000] {logging_mixin.py:188} INFO - [2024-04-26T23:03:29.833+0000] {dag.py:3954} INFO - Setting next_dagrun for example_subdag_operator.section-2 to None, run_after=None
[2024-04-26T23:03:29.849+0000] {processor.py:183} INFO - Processing /home/airflow/.local/lib/python3.12/site-packages/airflow/example_dags/example_subdag_operator.py took 0.114 seconds
[2024-04-26T23:04:00.048+0000] {processor.py:161} INFO - Started process (PID=698) to work on /home/airflow/.local/lib/python3.12/site-packages/airflow/example_dags/example_subdag_operator.py
[2024-04-26T23:04:00.050+0000] {processor.py:830} INFO - Processing file /home/airflow/.local/lib/python3.12/site-packages/airflow/example_dags/example_subdag_operator.py for tasks to queue
[2024-04-26T23:04:00.054+0000] {logging_mixin.py:188} INFO - [2024-04-26T23:04:00.053+0000] {dagbag.py:540} INFO - Filling up the DagBag from /home/airflow/.local/lib/python3.12/site-packages/airflow/example_dags/example_subdag_operator.py
[2024-04-26T23:04:00.078+0000] {processor.py:840} INFO - DAG(s) 'example_subdag_operator.section-1', 'example_subdag_operator.section-2', 'example_subdag_operator' retrieved from /home/airflow/.local/lib/python3.12/site-packages/airflow/example_dags/example_subdag_operator.py
[2024-04-26T23:04:00.096+0000] {logging_mixin.py:188} INFO - [2024-04-26T23:04:00.096+0000] {dag.py:3096} INFO - Sync 3 DAGs
[2024-04-26T23:04:00.120+0000] {logging_mixin.py:188} INFO - [2024-04-26T23:04:00.120+0000] {dag.py:3954} INFO - Setting next_dagrun for example_subdag_operator to 2022-01-01 00:00:00+00:00, run_after=2022-01-01 00:00:00+00:00
[2024-04-26T23:04:00.125+0000] {logging_mixin.py:188} INFO - [2024-04-26T23:04:00.124+0000] {dag.py:3954} INFO - Setting next_dagrun for example_subdag_operator.section-1 to None, run_after=None
[2024-04-26T23:04:00.126+0000] {logging_mixin.py:188} INFO - [2024-04-26T23:04:00.126+0000] {dag.py:3954} INFO - Setting next_dagrun for example_subdag_operator.section-2 to None, run_after=None
[2024-04-26T23:04:00.133+0000] {logging_mixin.py:188} INFO - [2024-04-26T23:04:00.133+0000] {dag.py:3096} INFO - Sync 2 DAGs
[2024-04-26T23:04:00.140+0000] {logging_mixin.py:188} INFO - [2024-04-26T23:04:00.139+0000] {dag.py:3954} INFO - Setting next_dagrun for example_subdag_operator.section-1 to None, run_after=None
[2024-04-26T23:04:00.140+0000] {logging_mixin.py:188} INFO - [2024-04-26T23:04:00.140+0000] {dag.py:3954} INFO - Setting next_dagrun for example_subdag_operator.section-2 to None, run_after=None
[2024-04-26T23:04:00.154+0000] {processor.py:183} INFO - Processing /home/airflow/.local/lib/python3.12/site-packages/airflow/example_dags/example_subdag_operator.py took 0.112 seconds
[2024-04-26T23:04:30.309+0000] {processor.py:161} INFO - Started process (PID=757) to work on /home/airflow/.local/lib/python3.12/site-packages/airflow/example_dags/example_subdag_operator.py
[2024-04-26T23:04:30.310+0000] {processor.py:830} INFO - Processing file /home/airflow/.local/lib/python3.12/site-packages/airflow/example_dags/example_subdag_operator.py for tasks to queue
[2024-04-26T23:04:30.313+0000] {logging_mixin.py:188} INFO - [2024-04-26T23:04:30.312+0000] {dagbag.py:540} INFO - Filling up the DagBag from /home/airflow/.local/lib/python3.12/site-packages/airflow/example_dags/example_subdag_operator.py
[2024-04-26T23:04:30.336+0000] {processor.py:840} INFO - DAG(s) 'example_subdag_operator.section-1', 'example_subdag_operator.section-2', 'example_subdag_operator' retrieved from /home/airflow/.local/lib/python3.12/site-packages/airflow/example_dags/example_subdag_operator.py
[2024-04-26T23:04:30.350+0000] {logging_mixin.py:188} INFO - [2024-04-26T23:04:30.350+0000] {dag.py:3096} INFO - Sync 3 DAGs
[2024-04-26T23:04:30.373+0000] {logging_mixin.py:188} INFO - [2024-04-26T23:04:30.372+0000] {dag.py:3954} INFO - Setting next_dagrun for example_subdag_operator to 2022-01-01 00:00:00+00:00, run_after=2022-01-01 00:00:00+00:00
[2024-04-26T23:04:30.378+0000] {logging_mixin.py:188} INFO - [2024-04-26T23:04:30.377+0000] {dag.py:3954} INFO - Setting next_dagrun for example_subdag_operator.section-1 to None, run_after=None
[2024-04-26T23:04:30.379+0000] {logging_mixin.py:188} INFO - [2024-04-26T23:04:30.379+0000] {dag.py:3954} INFO - Setting next_dagrun for example_subdag_operator.section-2 to None, run_after=None
[2024-04-26T23:04:30.386+0000] {logging_mixin.py:188} INFO - [2024-04-26T23:04:30.386+0000] {dag.py:3096} INFO - Sync 2 DAGs
[2024-04-26T23:04:30.393+0000] {logging_mixin.py:188} INFO - [2024-04-26T23:04:30.392+0000] {dag.py:3954} INFO - Setting next_dagrun for example_subdag_operator.section-1 to None, run_after=None
[2024-04-26T23:04:30.394+0000] {logging_mixin.py:188} INFO - [2024-04-26T23:04:30.393+0000] {dag.py:3954} INFO - Setting next_dagrun for example_subdag_operator.section-2 to None, run_after=None
[2024-04-26T23:04:30.410+0000] {processor.py:183} INFO - Processing /home/airflow/.local/lib/python3.12/site-packages/airflow/example_dags/example_subdag_operator.py took 0.107 seconds
[2024-04-26T23:05:00.719+0000] {processor.py:161} INFO - Started process (PID=816) to work on /home/airflow/.local/lib/python3.12/site-packages/airflow/example_dags/example_subdag_operator.py
[2024-04-26T23:05:00.720+0000] {processor.py:830} INFO - Processing file /home/airflow/.local/lib/python3.12/site-packages/airflow/example_dags/example_subdag_operator.py for tasks to queue
[2024-04-26T23:05:00.721+0000] {logging_mixin.py:188} INFO - [2024-04-26T23:05:00.721+0000] {dagbag.py:540} INFO - Filling up the DagBag from /home/airflow/.local/lib/python3.12/site-packages/airflow/example_dags/example_subdag_operator.py
[2024-04-26T23:05:00.746+0000] {processor.py:840} INFO - DAG(s) 'example_subdag_operator.section-1', 'example_subdag_operator.section-2', 'example_subdag_operator' retrieved from /home/airflow/.local/lib/python3.12/site-packages/airflow/example_dags/example_subdag_operator.py
[2024-04-26T23:05:00.760+0000] {logging_mixin.py:188} INFO - [2024-04-26T23:05:00.759+0000] {dag.py:3096} INFO - Sync 3 DAGs
[2024-04-26T23:05:00.780+0000] {logging_mixin.py:188} INFO - [2024-04-26T23:05:00.780+0000] {dag.py:3954} INFO - Setting next_dagrun for example_subdag_operator to 2022-01-01 00:00:00+00:00, run_after=2022-01-01 00:00:00+00:00
[2024-04-26T23:05:00.784+0000] {logging_mixin.py:188} INFO - [2024-04-26T23:05:00.783+0000] {dag.py:3954} INFO - Setting next_dagrun for example_subdag_operator.section-1 to None, run_after=None
[2024-04-26T23:05:00.785+0000] {logging_mixin.py:188} INFO - [2024-04-26T23:05:00.785+0000] {dag.py:3954} INFO - Setting next_dagrun for example_subdag_operator.section-2 to None, run_after=None
[2024-04-26T23:05:00.792+0000] {logging_mixin.py:188} INFO - [2024-04-26T23:05:00.792+0000] {dag.py:3096} INFO - Sync 2 DAGs
[2024-04-26T23:05:00.797+0000] {logging_mixin.py:188} INFO - [2024-04-26T23:05:00.797+0000] {dag.py:3954} INFO - Setting next_dagrun for example_subdag_operator.section-1 to None, run_after=None
[2024-04-26T23:05:00.798+0000] {logging_mixin.py:188} INFO - [2024-04-26T23:05:00.798+0000] {dag.py:3954} INFO - Setting next_dagrun for example_subdag_operator.section-2 to None, run_after=None
[2024-04-26T23:05:00.811+0000] {processor.py:183} INFO - Processing /home/airflow/.local/lib/python3.12/site-packages/airflow/example_dags/example_subdag_operator.py took 0.098 seconds
[2024-04-26T23:05:30.947+0000] {processor.py:161} INFO - Started process (PID=875) to work on /home/airflow/.local/lib/python3.12/site-packages/airflow/example_dags/example_subdag_operator.py
[2024-04-26T23:05:30.948+0000] {processor.py:830} INFO - Processing file /home/airflow/.local/lib/python3.12/site-packages/airflow/example_dags/example_subdag_operator.py for tasks to queue
[2024-04-26T23:05:30.951+0000] {logging_mixin.py:188} INFO - [2024-04-26T23:05:30.951+0000] {dagbag.py:540} INFO - Filling up the DagBag from /home/airflow/.local/lib/python3.12/site-packages/airflow/example_dags/example_subdag_operator.py
[2024-04-26T23:05:30.975+0000] {processor.py:840} INFO - DAG(s) 'example_subdag_operator.section-1', 'example_subdag_operator.section-2', 'example_subdag_operator' retrieved from /home/airflow/.local/lib/python3.12/site-packages/airflow/example_dags/example_subdag_operator.py
[2024-04-26T23:05:30.996+0000] {logging_mixin.py:188} INFO - [2024-04-26T23:05:30.996+0000] {dag.py:3096} INFO - Sync 3 DAGs
[2024-04-26T23:05:31.027+0000] {logging_mixin.py:188} INFO - [2024-04-26T23:05:31.027+0000] {dag.py:3954} INFO - Setting next_dagrun for example_subdag_operator to 2022-01-01 00:00:00+00:00, run_after=2022-01-01 00:00:00+00:00
[2024-04-26T23:05:31.035+0000] {logging_mixin.py:188} INFO - [2024-04-26T23:05:31.035+0000] {dag.py:3954} INFO - Setting next_dagrun for example_subdag_operator.section-1 to None, run_after=None
[2024-04-26T23:05:31.037+0000] {logging_mixin.py:188} INFO - [2024-04-26T23:05:31.037+0000] {dag.py:3954} INFO - Setting next_dagrun for example_subdag_operator.section-2 to None, run_after=None
[2024-04-26T23:05:31.066+0000] {logging_mixin.py:188} INFO - [2024-04-26T23:05:31.066+0000] {dag.py:3096} INFO - Sync 2 DAGs
[2024-04-26T23:05:31.072+0000] {logging_mixin.py:188} INFO - [2024-04-26T23:05:31.072+0000] {dag.py:3954} INFO - Setting next_dagrun for example_subdag_operator.section-1 to None, run_after=None
[2024-04-26T23:05:31.073+0000] {logging_mixin.py:188} INFO - [2024-04-26T23:05:31.072+0000] {dag.py:3954} INFO - Setting next_dagrun for example_subdag_operator.section-2 to None, run_after=None
[2024-04-26T23:05:31.089+0000] {processor.py:183} INFO - Processing /home/airflow/.local/lib/python3.12/site-packages/airflow/example_dags/example_subdag_operator.py took 0.148 seconds
[2024-04-26T23:09:54.393+0000] {processor.py:161} INFO - Started process (PID=43) to work on /home/airflow/.local/lib/python3.12/site-packages/airflow/example_dags/example_subdag_operator.py
[2024-04-26T23:09:54.394+0000] {processor.py:830} INFO - Processing file /home/airflow/.local/lib/python3.12/site-packages/airflow/example_dags/example_subdag_operator.py for tasks to queue
[2024-04-26T23:09:54.397+0000] {logging_mixin.py:188} INFO - [2024-04-26T23:09:54.397+0000] {dagbag.py:540} INFO - Filling up the DagBag from /home/airflow/.local/lib/python3.12/site-packages/airflow/example_dags/example_subdag_operator.py
[2024-04-26T23:09:54.447+0000] {processor.py:840} INFO - DAG(s) 'example_subdag_operator.section-1', 'example_subdag_operator.section-2', 'example_subdag_operator' retrieved from /home/airflow/.local/lib/python3.12/site-packages/airflow/example_dags/example_subdag_operator.py
[2024-04-26T23:09:54.451+0000] {logging_mixin.py:188} INFO - [2024-04-26T23:09:54.451+0000] {dag.py:3096} INFO - Sync 3 DAGs
[2024-04-26T23:09:54.490+0000] {logging_mixin.py:188} INFO - [2024-04-26T23:09:54.490+0000] {dag.py:3954} INFO - Setting next_dagrun for example_subdag_operator to 2022-01-01 00:00:00+00:00, run_after=2022-01-01 00:00:00+00:00
[2024-04-26T23:09:54.495+0000] {logging_mixin.py:188} INFO - [2024-04-26T23:09:54.494+0000] {dag.py:3954} INFO - Setting next_dagrun for example_subdag_operator.section-1 to None, run_after=None
[2024-04-26T23:09:54.499+0000] {logging_mixin.py:188} INFO - [2024-04-26T23:09:54.498+0000] {dag.py:3954} INFO - Setting next_dagrun for example_subdag_operator.section-2 to None, run_after=None
[2024-04-26T23:09:54.510+0000] {logging_mixin.py:188} INFO - [2024-04-26T23:09:54.509+0000] {dag.py:3096} INFO - Sync 2 DAGs
[2024-04-26T23:09:54.516+0000] {logging_mixin.py:188} INFO - [2024-04-26T23:09:54.516+0000] {dag.py:3954} INFO - Setting next_dagrun for example_subdag_operator.section-1 to None, run_after=None
[2024-04-26T23:09:54.517+0000] {logging_mixin.py:188} INFO - [2024-04-26T23:09:54.517+0000] {dag.py:3954} INFO - Setting next_dagrun for example_subdag_operator.section-2 to None, run_after=None
[2024-04-26T23:09:54.531+0000] {processor.py:183} INFO - Processing /home/airflow/.local/lib/python3.12/site-packages/airflow/example_dags/example_subdag_operator.py took 0.143 seconds
[2024-04-26T23:10:25.049+0000] {processor.py:161} INFO - Started process (PID=102) to work on /home/airflow/.local/lib/python3.12/site-packages/airflow/example_dags/example_subdag_operator.py
[2024-04-26T23:10:25.050+0000] {processor.py:830} INFO - Processing file /home/airflow/.local/lib/python3.12/site-packages/airflow/example_dags/example_subdag_operator.py for tasks to queue
[2024-04-26T23:10:25.052+0000] {logging_mixin.py:188} INFO - [2024-04-26T23:10:25.052+0000] {dagbag.py:540} INFO - Filling up the DagBag from /home/airflow/.local/lib/python3.12/site-packages/airflow/example_dags/example_subdag_operator.py
[2024-04-26T23:10:25.073+0000] {processor.py:840} INFO - DAG(s) 'example_subdag_operator.section-1', 'example_subdag_operator.section-2', 'example_subdag_operator' retrieved from /home/airflow/.local/lib/python3.12/site-packages/airflow/example_dags/example_subdag_operator.py
[2024-04-26T23:10:25.170+0000] {logging_mixin.py:188} INFO - [2024-04-26T23:10:25.169+0000] {dag.py:3096} INFO - Sync 3 DAGs
[2024-04-26T23:10:25.190+0000] {logging_mixin.py:188} INFO - [2024-04-26T23:10:25.189+0000] {dag.py:3954} INFO - Setting next_dagrun for example_subdag_operator to 2022-01-01 00:00:00+00:00, run_after=2022-01-01 00:00:00+00:00
[2024-04-26T23:10:25.193+0000] {logging_mixin.py:188} INFO - [2024-04-26T23:10:25.193+0000] {dag.py:3954} INFO - Setting next_dagrun for example_subdag_operator.section-1 to None, run_after=None
[2024-04-26T23:10:25.195+0000] {logging_mixin.py:188} INFO - [2024-04-26T23:10:25.194+0000] {dag.py:3954} INFO - Setting next_dagrun for example_subdag_operator.section-2 to None, run_after=None
[2024-04-26T23:10:25.204+0000] {logging_mixin.py:188} INFO - [2024-04-26T23:10:25.203+0000] {dag.py:3096} INFO - Sync 2 DAGs
[2024-04-26T23:10:25.210+0000] {logging_mixin.py:188} INFO - [2024-04-26T23:10:25.210+0000] {dag.py:3954} INFO - Setting next_dagrun for example_subdag_operator.section-1 to None, run_after=None
[2024-04-26T23:10:25.211+0000] {logging_mixin.py:188} INFO - [2024-04-26T23:10:25.211+0000] {dag.py:3954} INFO - Setting next_dagrun for example_subdag_operator.section-2 to None, run_after=None
[2024-04-26T23:10:25.226+0000] {processor.py:183} INFO - Processing /home/airflow/.local/lib/python3.12/site-packages/airflow/example_dags/example_subdag_operator.py took 0.182 seconds
[2024-04-26T23:10:55.481+0000] {processor.py:161} INFO - Started process (PID=161) to work on /home/airflow/.local/lib/python3.12/site-packages/airflow/example_dags/example_subdag_operator.py
[2024-04-26T23:10:55.482+0000] {processor.py:830} INFO - Processing file /home/airflow/.local/lib/python3.12/site-packages/airflow/example_dags/example_subdag_operator.py for tasks to queue
[2024-04-26T23:10:55.484+0000] {logging_mixin.py:188} INFO - [2024-04-26T23:10:55.484+0000] {dagbag.py:540} INFO - Filling up the DagBag from /home/airflow/.local/lib/python3.12/site-packages/airflow/example_dags/example_subdag_operator.py
[2024-04-26T23:10:55.508+0000] {processor.py:840} INFO - DAG(s) 'example_subdag_operator.section-1', 'example_subdag_operator.section-2', 'example_subdag_operator' retrieved from /home/airflow/.local/lib/python3.12/site-packages/airflow/example_dags/example_subdag_operator.py
[2024-04-26T23:10:55.523+0000] {logging_mixin.py:188} INFO - [2024-04-26T23:10:55.523+0000] {dag.py:3096} INFO - Sync 3 DAGs
[2024-04-26T23:10:55.548+0000] {logging_mixin.py:188} INFO - [2024-04-26T23:10:55.547+0000] {dag.py:3954} INFO - Setting next_dagrun for example_subdag_operator to 2022-01-01 00:00:00+00:00, run_after=2022-01-01 00:00:00+00:00
[2024-04-26T23:10:55.551+0000] {logging_mixin.py:188} INFO - [2024-04-26T23:10:55.551+0000] {dag.py:3954} INFO - Setting next_dagrun for example_subdag_operator.section-1 to None, run_after=None
[2024-04-26T23:10:55.552+0000] {logging_mixin.py:188} INFO - [2024-04-26T23:10:55.552+0000] {dag.py:3954} INFO - Setting next_dagrun for example_subdag_operator.section-2 to None, run_after=None
[2024-04-26T23:10:55.559+0000] {logging_mixin.py:188} INFO - [2024-04-26T23:10:55.559+0000] {dag.py:3096} INFO - Sync 2 DAGs
[2024-04-26T23:10:55.563+0000] {logging_mixin.py:188} INFO - [2024-04-26T23:10:55.563+0000] {dag.py:3954} INFO - Setting next_dagrun for example_subdag_operator.section-1 to None, run_after=None
[2024-04-26T23:10:55.564+0000] {logging_mixin.py:188} INFO - [2024-04-26T23:10:55.564+0000] {dag.py:3954} INFO - Setting next_dagrun for example_subdag_operator.section-2 to None, run_after=None
[2024-04-26T23:10:55.576+0000] {processor.py:183} INFO - Processing /home/airflow/.local/lib/python3.12/site-packages/airflow/example_dags/example_subdag_operator.py took 0.102 seconds
[2024-04-26T23:11:25.697+0000] {processor.py:161} INFO - Started process (PID=220) to work on /home/airflow/.local/lib/python3.12/site-packages/airflow/example_dags/example_subdag_operator.py
[2024-04-26T23:11:25.698+0000] {processor.py:830} INFO - Processing file /home/airflow/.local/lib/python3.12/site-packages/airflow/example_dags/example_subdag_operator.py for tasks to queue
[2024-04-26T23:11:25.699+0000] {logging_mixin.py:188} INFO - [2024-04-26T23:11:25.699+0000] {dagbag.py:540} INFO - Filling up the DagBag from /home/airflow/.local/lib/python3.12/site-packages/airflow/example_dags/example_subdag_operator.py
[2024-04-26T23:11:25.719+0000] {processor.py:840} INFO - DAG(s) 'example_subdag_operator.section-1', 'example_subdag_operator.section-2', 'example_subdag_operator' retrieved from /home/airflow/.local/lib/python3.12/site-packages/airflow/example_dags/example_subdag_operator.py
[2024-04-26T23:11:25.732+0000] {logging_mixin.py:188} INFO - [2024-04-26T23:11:25.732+0000] {dag.py:3096} INFO - Sync 3 DAGs
[2024-04-26T23:11:25.751+0000] {logging_mixin.py:188} INFO - [2024-04-26T23:11:25.751+0000] {dag.py:3954} INFO - Setting next_dagrun for example_subdag_operator to 2022-01-01 00:00:00+00:00, run_after=2022-01-01 00:00:00+00:00
[2024-04-26T23:11:25.755+0000] {logging_mixin.py:188} INFO - [2024-04-26T23:11:25.755+0000] {dag.py:3954} INFO - Setting next_dagrun for example_subdag_operator.section-1 to None, run_after=None
[2024-04-26T23:11:25.756+0000] {logging_mixin.py:188} INFO - [2024-04-26T23:11:25.756+0000] {dag.py:3954} INFO - Setting next_dagrun for example_subdag_operator.section-2 to None, run_after=None
[2024-04-26T23:11:25.764+0000] {logging_mixin.py:188} INFO - [2024-04-26T23:11:25.764+0000] {dag.py:3096} INFO - Sync 2 DAGs
[2024-04-26T23:11:25.769+0000] {logging_mixin.py:188} INFO - [2024-04-26T23:11:25.769+0000] {dag.py:3954} INFO - Setting next_dagrun for example_subdag_operator.section-1 to None, run_after=None
[2024-04-26T23:11:25.769+0000] {logging_mixin.py:188} INFO - [2024-04-26T23:11:25.769+0000] {dag.py:3954} INFO - Setting next_dagrun for example_subdag_operator.section-2 to None, run_after=None
[2024-04-26T23:11:25.781+0000] {processor.py:183} INFO - Processing /home/airflow/.local/lib/python3.12/site-packages/airflow/example_dags/example_subdag_operator.py took 0.089 seconds
[2024-04-26T23:11:55.850+0000] {processor.py:161} INFO - Started process (PID=279) to work on /home/airflow/.local/lib/python3.12/site-packages/airflow/example_dags/example_subdag_operator.py
[2024-04-26T23:11:55.851+0000] {processor.py:830} INFO - Processing file /home/airflow/.local/lib/python3.12/site-packages/airflow/example_dags/example_subdag_operator.py for tasks to queue
[2024-04-26T23:11:55.852+0000] {logging_mixin.py:188} INFO - [2024-04-26T23:11:55.852+0000] {dagbag.py:540} INFO - Filling up the DagBag from /home/airflow/.local/lib/python3.12/site-packages/airflow/example_dags/example_subdag_operator.py
[2024-04-26T23:11:55.873+0000] {processor.py:840} INFO - DAG(s) 'example_subdag_operator.section-1', 'example_subdag_operator.section-2', 'example_subdag_operator' retrieved from /home/airflow/.local/lib/python3.12/site-packages/airflow/example_dags/example_subdag_operator.py
[2024-04-26T23:11:55.886+0000] {logging_mixin.py:188} INFO - [2024-04-26T23:11:55.886+0000] {dag.py:3096} INFO - Sync 3 DAGs
[2024-04-26T23:11:55.904+0000] {logging_mixin.py:188} INFO - [2024-04-26T23:11:55.904+0000] {dag.py:3954} INFO - Setting next_dagrun for example_subdag_operator to 2022-01-01 00:00:00+00:00, run_after=2022-01-01 00:00:00+00:00
[2024-04-26T23:11:55.908+0000] {logging_mixin.py:188} INFO - [2024-04-26T23:11:55.908+0000] {dag.py:3954} INFO - Setting next_dagrun for example_subdag_operator.section-1 to None, run_after=None
[2024-04-26T23:11:55.910+0000] {logging_mixin.py:188} INFO - [2024-04-26T23:11:55.910+0000] {dag.py:3954} INFO - Setting next_dagrun for example_subdag_operator.section-2 to None, run_after=None
[2024-04-26T23:11:55.917+0000] {logging_mixin.py:188} INFO - [2024-04-26T23:11:55.917+0000] {dag.py:3096} INFO - Sync 2 DAGs
[2024-04-26T23:11:55.923+0000] {logging_mixin.py:188} INFO - [2024-04-26T23:11:55.922+0000] {dag.py:3954} INFO - Setting next_dagrun for example_subdag_operator.section-1 to None, run_after=None
[2024-04-26T23:11:55.923+0000] {logging_mixin.py:188} INFO - [2024-04-26T23:11:55.923+0000] {dag.py:3954} INFO - Setting next_dagrun for example_subdag_operator.section-2 to None, run_after=None
[2024-04-26T23:11:55.933+0000] {processor.py:183} INFO - Processing /home/airflow/.local/lib/python3.12/site-packages/airflow/example_dags/example_subdag_operator.py took 0.089 seconds
[2024-04-26T23:12:26.150+0000] {processor.py:161} INFO - Started process (PID=338) to work on /home/airflow/.local/lib/python3.12/site-packages/airflow/example_dags/example_subdag_operator.py
[2024-04-26T23:12:26.151+0000] {processor.py:830} INFO - Processing file /home/airflow/.local/lib/python3.12/site-packages/airflow/example_dags/example_subdag_operator.py for tasks to queue
[2024-04-26T23:12:26.153+0000] {logging_mixin.py:188} INFO - [2024-04-26T23:12:26.152+0000] {dagbag.py:540} INFO - Filling up the DagBag from /home/airflow/.local/lib/python3.12/site-packages/airflow/example_dags/example_subdag_operator.py
[2024-04-26T23:12:26.174+0000] {processor.py:840} INFO - DAG(s) 'example_subdag_operator.section-1', 'example_subdag_operator.section-2', 'example_subdag_operator' retrieved from /home/airflow/.local/lib/python3.12/site-packages/airflow/example_dags/example_subdag_operator.py
[2024-04-26T23:12:26.188+0000] {logging_mixin.py:188} INFO - [2024-04-26T23:12:26.188+0000] {dag.py:3096} INFO - Sync 3 DAGs
[2024-04-26T23:12:26.208+0000] {logging_mixin.py:188} INFO - [2024-04-26T23:12:26.208+0000] {dag.py:3954} INFO - Setting next_dagrun for example_subdag_operator to 2022-01-01 00:00:00+00:00, run_after=2022-01-01 00:00:00+00:00
[2024-04-26T23:12:26.212+0000] {logging_mixin.py:188} INFO - [2024-04-26T23:12:26.212+0000] {dag.py:3954} INFO - Setting next_dagrun for example_subdag_operator.section-1 to None, run_after=None
[2024-04-26T23:12:26.213+0000] {logging_mixin.py:188} INFO - [2024-04-26T23:12:26.213+0000] {dag.py:3954} INFO - Setting next_dagrun for example_subdag_operator.section-2 to None, run_after=None
[2024-04-26T23:12:26.221+0000] {logging_mixin.py:188} INFO - [2024-04-26T23:12:26.221+0000] {dag.py:3096} INFO - Sync 2 DAGs
[2024-04-26T23:12:26.226+0000] {logging_mixin.py:188} INFO - [2024-04-26T23:12:26.225+0000] {dag.py:3954} INFO - Setting next_dagrun for example_subdag_operator.section-1 to None, run_after=None
[2024-04-26T23:12:26.226+0000] {logging_mixin.py:188} INFO - [2024-04-26T23:12:26.226+0000] {dag.py:3954} INFO - Setting next_dagrun for example_subdag_operator.section-2 to None, run_after=None
[2024-04-26T23:12:26.242+0000] {processor.py:183} INFO - Processing /home/airflow/.local/lib/python3.12/site-packages/airflow/example_dags/example_subdag_operator.py took 0.096 seconds
[2024-04-26T23:12:56.301+0000] {processor.py:161} INFO - Started process (PID=397) to work on /home/airflow/.local/lib/python3.12/site-packages/airflow/example_dags/example_subdag_operator.py
[2024-04-26T23:12:56.302+0000] {processor.py:830} INFO - Processing file /home/airflow/.local/lib/python3.12/site-packages/airflow/example_dags/example_subdag_operator.py for tasks to queue
[2024-04-26T23:12:56.304+0000] {logging_mixin.py:188} INFO - [2024-04-26T23:12:56.304+0000] {dagbag.py:540} INFO - Filling up the DagBag from /home/airflow/.local/lib/python3.12/site-packages/airflow/example_dags/example_subdag_operator.py
[2024-04-26T23:12:56.325+0000] {processor.py:840} INFO - DAG(s) 'example_subdag_operator.section-1', 'example_subdag_operator.section-2', 'example_subdag_operator' retrieved from /home/airflow/.local/lib/python3.12/site-packages/airflow/example_dags/example_subdag_operator.py
[2024-04-26T23:12:56.340+0000] {logging_mixin.py:188} INFO - [2024-04-26T23:12:56.339+0000] {dag.py:3096} INFO - Sync 3 DAGs
[2024-04-26T23:12:56.360+0000] {logging_mixin.py:188} INFO - [2024-04-26T23:12:56.359+0000] {dag.py:3954} INFO - Setting next_dagrun for example_subdag_operator to 2022-01-01 00:00:00+00:00, run_after=2022-01-01 00:00:00+00:00
[2024-04-26T23:12:56.364+0000] {logging_mixin.py:188} INFO - [2024-04-26T23:12:56.364+0000] {dag.py:3954} INFO - Setting next_dagrun for example_subdag_operator.section-1 to None, run_after=None
[2024-04-26T23:12:56.366+0000] {logging_mixin.py:188} INFO - [2024-04-26T23:12:56.366+0000] {dag.py:3954} INFO - Setting next_dagrun for example_subdag_operator.section-2 to None, run_after=None
[2024-04-26T23:12:56.374+0000] {logging_mixin.py:188} INFO - [2024-04-26T23:12:56.374+0000] {dag.py:3096} INFO - Sync 2 DAGs
[2024-04-26T23:12:56.379+0000] {logging_mixin.py:188} INFO - [2024-04-26T23:12:56.379+0000] {dag.py:3954} INFO - Setting next_dagrun for example_subdag_operator.section-1 to None, run_after=None
[2024-04-26T23:12:56.380+0000] {logging_mixin.py:188} INFO - [2024-04-26T23:12:56.380+0000] {dag.py:3954} INFO - Setting next_dagrun for example_subdag_operator.section-2 to None, run_after=None
[2024-04-26T23:12:56.394+0000] {processor.py:183} INFO - Processing /home/airflow/.local/lib/python3.12/site-packages/airflow/example_dags/example_subdag_operator.py took 0.098 seconds
[2024-04-26T23:13:26.632+0000] {processor.py:161} INFO - Started process (PID=456) to work on /home/airflow/.local/lib/python3.12/site-packages/airflow/example_dags/example_subdag_operator.py
[2024-04-26T23:13:26.633+0000] {processor.py:830} INFO - Processing file /home/airflow/.local/lib/python3.12/site-packages/airflow/example_dags/example_subdag_operator.py for tasks to queue
[2024-04-26T23:13:26.636+0000] {logging_mixin.py:188} INFO - [2024-04-26T23:13:26.635+0000] {dagbag.py:540} INFO - Filling up the DagBag from /home/airflow/.local/lib/python3.12/site-packages/airflow/example_dags/example_subdag_operator.py
[2024-04-26T23:13:26.664+0000] {processor.py:840} INFO - DAG(s) 'example_subdag_operator.section-1', 'example_subdag_operator.section-2', 'example_subdag_operator' retrieved from /home/airflow/.local/lib/python3.12/site-packages/airflow/example_dags/example_subdag_operator.py
[2024-04-26T23:13:26.683+0000] {logging_mixin.py:188} INFO - [2024-04-26T23:13:26.683+0000] {dag.py:3096} INFO - Sync 3 DAGs
[2024-04-26T23:13:26.708+0000] {logging_mixin.py:188} INFO - [2024-04-26T23:13:26.708+0000] {dag.py:3954} INFO - Setting next_dagrun for example_subdag_operator to 2022-01-01 00:00:00+00:00, run_after=2022-01-01 00:00:00+00:00
[2024-04-26T23:13:26.714+0000] {logging_mixin.py:188} INFO - [2024-04-26T23:13:26.713+0000] {dag.py:3954} INFO - Setting next_dagrun for example_subdag_operator.section-1 to None, run_after=None
[2024-04-26T23:13:26.717+0000] {logging_mixin.py:188} INFO - [2024-04-26T23:13:26.716+0000] {dag.py:3954} INFO - Setting next_dagrun for example_subdag_operator.section-2 to None, run_after=None
[2024-04-26T23:13:26.727+0000] {logging_mixin.py:188} INFO - [2024-04-26T23:13:26.726+0000] {dag.py:3096} INFO - Sync 2 DAGs
[2024-04-26T23:13:26.733+0000] {logging_mixin.py:188} INFO - [2024-04-26T23:13:26.733+0000] {dag.py:3954} INFO - Setting next_dagrun for example_subdag_operator.section-1 to None, run_after=None
[2024-04-26T23:13:26.734+0000] {logging_mixin.py:188} INFO - [2024-04-26T23:13:26.734+0000] {dag.py:3954} INFO - Setting next_dagrun for example_subdag_operator.section-2 to None, run_after=None
[2024-04-26T23:13:26.749+0000] {processor.py:183} INFO - Processing /home/airflow/.local/lib/python3.12/site-packages/airflow/example_dags/example_subdag_operator.py took 0.124 seconds
[2024-04-26T23:17:52.507+0000] {processor.py:161} INFO - Started process (PID=43) to work on /home/airflow/.local/lib/python3.12/site-packages/airflow/example_dags/example_subdag_operator.py
[2024-04-26T23:17:52.508+0000] {processor.py:830} INFO - Processing file /home/airflow/.local/lib/python3.12/site-packages/airflow/example_dags/example_subdag_operator.py for tasks to queue
[2024-04-26T23:17:52.511+0000] {logging_mixin.py:188} INFO - [2024-04-26T23:17:52.511+0000] {dagbag.py:540} INFO - Filling up the DagBag from /home/airflow/.local/lib/python3.12/site-packages/airflow/example_dags/example_subdag_operator.py
[2024-04-26T23:17:52.536+0000] {processor.py:840} INFO - DAG(s) 'example_subdag_operator.section-1', 'example_subdag_operator.section-2', 'example_subdag_operator' retrieved from /home/airflow/.local/lib/python3.12/site-packages/airflow/example_dags/example_subdag_operator.py
[2024-04-26T23:17:52.540+0000] {logging_mixin.py:188} INFO - [2024-04-26T23:17:52.539+0000] {dag.py:3096} INFO - Sync 3 DAGs
[2024-04-26T23:17:52.562+0000] {logging_mixin.py:188} INFO - [2024-04-26T23:17:52.562+0000] {dag.py:3954} INFO - Setting next_dagrun for example_subdag_operator to 2022-01-01 00:00:00+00:00, run_after=2022-01-01 00:00:00+00:00
[2024-04-26T23:17:52.567+0000] {logging_mixin.py:188} INFO - [2024-04-26T23:17:52.567+0000] {dag.py:3954} INFO - Setting next_dagrun for example_subdag_operator.section-1 to None, run_after=None
[2024-04-26T23:17:52.571+0000] {logging_mixin.py:188} INFO - [2024-04-26T23:17:52.571+0000] {dag.py:3954} INFO - Setting next_dagrun for example_subdag_operator.section-2 to None, run_after=None
[2024-04-26T23:17:52.579+0000] {logging_mixin.py:188} INFO - [2024-04-26T23:17:52.579+0000] {dag.py:3096} INFO - Sync 2 DAGs
[2024-04-26T23:17:52.585+0000] {logging_mixin.py:188} INFO - [2024-04-26T23:17:52.585+0000] {dag.py:3954} INFO - Setting next_dagrun for example_subdag_operator.section-1 to None, run_after=None
[2024-04-26T23:17:52.586+0000] {logging_mixin.py:188} INFO - [2024-04-26T23:17:52.586+0000] {dag.py:3954} INFO - Setting next_dagrun for example_subdag_operator.section-2 to None, run_after=None
[2024-04-26T23:17:52.599+0000] {processor.py:183} INFO - Processing /home/airflow/.local/lib/python3.12/site-packages/airflow/example_dags/example_subdag_operator.py took 0.098 seconds
[2024-04-26T23:18:23.077+0000] {processor.py:161} INFO - Started process (PID=102) to work on /home/airflow/.local/lib/python3.12/site-packages/airflow/example_dags/example_subdag_operator.py
[2024-04-26T23:18:23.079+0000] {processor.py:830} INFO - Processing file /home/airflow/.local/lib/python3.12/site-packages/airflow/example_dags/example_subdag_operator.py for tasks to queue
[2024-04-26T23:18:23.081+0000] {logging_mixin.py:188} INFO - [2024-04-26T23:18:23.081+0000] {dagbag.py:540} INFO - Filling up the DagBag from /home/airflow/.local/lib/python3.12/site-packages/airflow/example_dags/example_subdag_operator.py
[2024-04-26T23:18:23.104+0000] {processor.py:840} INFO - DAG(s) 'example_subdag_operator.section-1', 'example_subdag_operator.section-2', 'example_subdag_operator' retrieved from /home/airflow/.local/lib/python3.12/site-packages/airflow/example_dags/example_subdag_operator.py
[2024-04-26T23:18:23.199+0000] {logging_mixin.py:188} INFO - [2024-04-26T23:18:23.198+0000] {dag.py:3096} INFO - Sync 3 DAGs
[2024-04-26T23:18:23.217+0000] {logging_mixin.py:188} INFO - [2024-04-26T23:18:23.216+0000] {dag.py:3954} INFO - Setting next_dagrun for example_subdag_operator to 2022-01-01 00:00:00+00:00, run_after=2022-01-01 00:00:00+00:00
[2024-04-26T23:18:23.220+0000] {logging_mixin.py:188} INFO - [2024-04-26T23:18:23.220+0000] {dag.py:3954} INFO - Setting next_dagrun for example_subdag_operator.section-1 to None, run_after=None
[2024-04-26T23:18:23.221+0000] {logging_mixin.py:188} INFO - [2024-04-26T23:18:23.221+0000] {dag.py:3954} INFO - Setting next_dagrun for example_subdag_operator.section-2 to None, run_after=None
[2024-04-26T23:18:23.230+0000] {logging_mixin.py:188} INFO - [2024-04-26T23:18:23.230+0000] {dag.py:3096} INFO - Sync 2 DAGs
[2024-04-26T23:18:23.235+0000] {logging_mixin.py:188} INFO - [2024-04-26T23:18:23.235+0000] {dag.py:3954} INFO - Setting next_dagrun for example_subdag_operator.section-1 to None, run_after=None
[2024-04-26T23:18:23.235+0000] {logging_mixin.py:188} INFO - [2024-04-26T23:18:23.235+0000] {dag.py:3954} INFO - Setting next_dagrun for example_subdag_operator.section-2 to None, run_after=None
[2024-04-26T23:18:23.248+0000] {processor.py:183} INFO - Processing /home/airflow/.local/lib/python3.12/site-packages/airflow/example_dags/example_subdag_operator.py took 0.177 seconds
[2024-04-26T23:18:53.283+0000] {processor.py:161} INFO - Started process (PID=161) to work on /home/airflow/.local/lib/python3.12/site-packages/airflow/example_dags/example_subdag_operator.py
[2024-04-26T23:18:53.283+0000] {processor.py:830} INFO - Processing file /home/airflow/.local/lib/python3.12/site-packages/airflow/example_dags/example_subdag_operator.py for tasks to queue
[2024-04-26T23:18:53.285+0000] {logging_mixin.py:188} INFO - [2024-04-26T23:18:53.285+0000] {dagbag.py:540} INFO - Filling up the DagBag from /home/airflow/.local/lib/python3.12/site-packages/airflow/example_dags/example_subdag_operator.py
[2024-04-26T23:18:53.304+0000] {processor.py:840} INFO - DAG(s) 'example_subdag_operator.section-1', 'example_subdag_operator.section-2', 'example_subdag_operator' retrieved from /home/airflow/.local/lib/python3.12/site-packages/airflow/example_dags/example_subdag_operator.py
[2024-04-26T23:18:53.316+0000] {logging_mixin.py:188} INFO - [2024-04-26T23:18:53.316+0000] {dag.py:3096} INFO - Sync 3 DAGs
[2024-04-26T23:18:53.333+0000] {logging_mixin.py:188} INFO - [2024-04-26T23:18:53.333+0000] {dag.py:3954} INFO - Setting next_dagrun for example_subdag_operator to 2022-01-01 00:00:00+00:00, run_after=2022-01-01 00:00:00+00:00
[2024-04-26T23:18:53.337+0000] {logging_mixin.py:188} INFO - [2024-04-26T23:18:53.337+0000] {dag.py:3954} INFO - Setting next_dagrun for example_subdag_operator.section-1 to None, run_after=None
[2024-04-26T23:18:53.338+0000] {logging_mixin.py:188} INFO - [2024-04-26T23:18:53.338+0000] {dag.py:3954} INFO - Setting next_dagrun for example_subdag_operator.section-2 to None, run_after=None
[2024-04-26T23:18:53.344+0000] {logging_mixin.py:188} INFO - [2024-04-26T23:18:53.344+0000] {dag.py:3096} INFO - Sync 2 DAGs
[2024-04-26T23:18:53.348+0000] {logging_mixin.py:188} INFO - [2024-04-26T23:18:53.348+0000] {dag.py:3954} INFO - Setting next_dagrun for example_subdag_operator.section-1 to None, run_after=None
[2024-04-26T23:18:53.349+0000] {logging_mixin.py:188} INFO - [2024-04-26T23:18:53.349+0000] {dag.py:3954} INFO - Setting next_dagrun for example_subdag_operator.section-2 to None, run_after=None
[2024-04-26T23:18:53.361+0000] {processor.py:183} INFO - Processing /home/airflow/.local/lib/python3.12/site-packages/airflow/example_dags/example_subdag_operator.py took 0.083 seconds
[2024-04-26T23:19:41.993+0000] {processor.py:161} INFO - Started process (PID=43) to work on /home/airflow/.local/lib/python3.12/site-packages/airflow/example_dags/example_subdag_operator.py
[2024-04-26T23:19:41.994+0000] {processor.py:830} INFO - Processing file /home/airflow/.local/lib/python3.12/site-packages/airflow/example_dags/example_subdag_operator.py for tasks to queue
[2024-04-26T23:19:41.997+0000] {logging_mixin.py:188} INFO - [2024-04-26T23:19:41.996+0000] {dagbag.py:540} INFO - Filling up the DagBag from /home/airflow/.local/lib/python3.12/site-packages/airflow/example_dags/example_subdag_operator.py
[2024-04-26T23:19:42.022+0000] {processor.py:840} INFO - DAG(s) 'example_subdag_operator.section-1', 'example_subdag_operator.section-2', 'example_subdag_operator' retrieved from /home/airflow/.local/lib/python3.12/site-packages/airflow/example_dags/example_subdag_operator.py
[2024-04-26T23:19:42.026+0000] {logging_mixin.py:188} INFO - [2024-04-26T23:19:42.026+0000] {dag.py:3096} INFO - Sync 3 DAGs
[2024-04-26T23:19:42.054+0000] {logging_mixin.py:188} INFO - [2024-04-26T23:19:42.054+0000] {dag.py:3954} INFO - Setting next_dagrun for example_subdag_operator to 2022-01-01 00:00:00+00:00, run_after=2022-01-01 00:00:00+00:00
[2024-04-26T23:19:42.059+0000] {logging_mixin.py:188} INFO - [2024-04-26T23:19:42.059+0000] {dag.py:3954} INFO - Setting next_dagrun for example_subdag_operator.section-1 to None, run_after=None
[2024-04-26T23:19:42.062+0000] {logging_mixin.py:188} INFO - [2024-04-26T23:19:42.062+0000] {dag.py:3954} INFO - Setting next_dagrun for example_subdag_operator.section-2 to None, run_after=None
[2024-04-26T23:19:42.074+0000] {logging_mixin.py:188} INFO - [2024-04-26T23:19:42.074+0000] {dag.py:3096} INFO - Sync 2 DAGs
[2024-04-26T23:19:42.081+0000] {logging_mixin.py:188} INFO - [2024-04-26T23:19:42.081+0000] {dag.py:3954} INFO - Setting next_dagrun for example_subdag_operator.section-1 to None, run_after=None
[2024-04-26T23:19:42.082+0000] {logging_mixin.py:188} INFO - [2024-04-26T23:19:42.082+0000] {dag.py:3954} INFO - Setting next_dagrun for example_subdag_operator.section-2 to None, run_after=None
[2024-04-26T23:19:42.095+0000] {processor.py:183} INFO - Processing /home/airflow/.local/lib/python3.12/site-packages/airflow/example_dags/example_subdag_operator.py took 0.109 seconds
[2024-04-26T23:20:12.410+0000] {processor.py:161} INFO - Started process (PID=102) to work on /home/airflow/.local/lib/python3.12/site-packages/airflow/example_dags/example_subdag_operator.py
[2024-04-26T23:20:12.411+0000] {processor.py:830} INFO - Processing file /home/airflow/.local/lib/python3.12/site-packages/airflow/example_dags/example_subdag_operator.py for tasks to queue
[2024-04-26T23:20:12.412+0000] {logging_mixin.py:188} INFO - [2024-04-26T23:20:12.412+0000] {dagbag.py:540} INFO - Filling up the DagBag from /home/airflow/.local/lib/python3.12/site-packages/airflow/example_dags/example_subdag_operator.py
[2024-04-26T23:20:12.437+0000] {processor.py:840} INFO - DAG(s) 'example_subdag_operator.section-1', 'example_subdag_operator.section-2', 'example_subdag_operator' retrieved from /home/airflow/.local/lib/python3.12/site-packages/airflow/example_dags/example_subdag_operator.py
[2024-04-26T23:20:12.507+0000] {logging_mixin.py:188} INFO - [2024-04-26T23:20:12.507+0000] {dag.py:3096} INFO - Sync 3 DAGs
[2024-04-26T23:20:12.522+0000] {logging_mixin.py:188} INFO - [2024-04-26T23:20:12.522+0000] {dag.py:3954} INFO - Setting next_dagrun for example_subdag_operator to 2022-01-01 00:00:00+00:00, run_after=2022-01-01 00:00:00+00:00
[2024-04-26T23:20:12.525+0000] {logging_mixin.py:188} INFO - [2024-04-26T23:20:12.525+0000] {dag.py:3954} INFO - Setting next_dagrun for example_subdag_operator.section-1 to None, run_after=None
[2024-04-26T23:20:12.526+0000] {logging_mixin.py:188} INFO - [2024-04-26T23:20:12.526+0000] {dag.py:3954} INFO - Setting next_dagrun for example_subdag_operator.section-2 to None, run_after=None
[2024-04-26T23:20:12.533+0000] {logging_mixin.py:188} INFO - [2024-04-26T23:20:12.533+0000] {dag.py:3096} INFO - Sync 2 DAGs
[2024-04-26T23:20:12.537+0000] {logging_mixin.py:188} INFO - [2024-04-26T23:20:12.537+0000] {dag.py:3954} INFO - Setting next_dagrun for example_subdag_operator.section-1 to None, run_after=None
[2024-04-26T23:20:12.538+0000] {logging_mixin.py:188} INFO - [2024-04-26T23:20:12.538+0000] {dag.py:3954} INFO - Setting next_dagrun for example_subdag_operator.section-2 to None, run_after=None
[2024-04-26T23:20:12.549+0000] {processor.py:183} INFO - Processing /home/airflow/.local/lib/python3.12/site-packages/airflow/example_dags/example_subdag_operator.py took 0.145 seconds
[2024-04-26T23:20:42.601+0000] {processor.py:161} INFO - Started process (PID=161) to work on /home/airflow/.local/lib/python3.12/site-packages/airflow/example_dags/example_subdag_operator.py
[2024-04-26T23:20:42.602+0000] {processor.py:830} INFO - Processing file /home/airflow/.local/lib/python3.12/site-packages/airflow/example_dags/example_subdag_operator.py for tasks to queue
[2024-04-26T23:20:42.604+0000] {logging_mixin.py:188} INFO - [2024-04-26T23:20:42.603+0000] {dagbag.py:540} INFO - Filling up the DagBag from /home/airflow/.local/lib/python3.12/site-packages/airflow/example_dags/example_subdag_operator.py
[2024-04-26T23:20:42.627+0000] {processor.py:840} INFO - DAG(s) 'example_subdag_operator.section-1', 'example_subdag_operator.section-2', 'example_subdag_operator' retrieved from /home/airflow/.local/lib/python3.12/site-packages/airflow/example_dags/example_subdag_operator.py
[2024-04-26T23:20:42.640+0000] {logging_mixin.py:188} INFO - [2024-04-26T23:20:42.640+0000] {dag.py:3096} INFO - Sync 3 DAGs
[2024-04-26T23:20:42.657+0000] {logging_mixin.py:188} INFO - [2024-04-26T23:20:42.657+0000] {dag.py:3954} INFO - Setting next_dagrun for example_subdag_operator to 2022-01-01 00:00:00+00:00, run_after=2022-01-01 00:00:00+00:00
[2024-04-26T23:20:42.661+0000] {logging_mixin.py:188} INFO - [2024-04-26T23:20:42.661+0000] {dag.py:3954} INFO - Setting next_dagrun for example_subdag_operator.section-1 to None, run_after=None
[2024-04-26T23:20:42.662+0000] {logging_mixin.py:188} INFO - [2024-04-26T23:20:42.662+0000] {dag.py:3954} INFO - Setting next_dagrun for example_subdag_operator.section-2 to None, run_after=None
[2024-04-26T23:20:42.669+0000] {logging_mixin.py:188} INFO - [2024-04-26T23:20:42.669+0000] {dag.py:3096} INFO - Sync 2 DAGs
[2024-04-26T23:20:42.673+0000] {logging_mixin.py:188} INFO - [2024-04-26T23:20:42.673+0000] {dag.py:3954} INFO - Setting next_dagrun for example_subdag_operator.section-1 to None, run_after=None
[2024-04-26T23:20:42.674+0000] {logging_mixin.py:188} INFO - [2024-04-26T23:20:42.674+0000] {dag.py:3954} INFO - Setting next_dagrun for example_subdag_operator.section-2 to None, run_after=None
[2024-04-26T23:20:42.686+0000] {processor.py:183} INFO - Processing /home/airflow/.local/lib/python3.12/site-packages/airflow/example_dags/example_subdag_operator.py took 0.090 seconds
[2024-04-26T23:21:12.763+0000] {processor.py:161} INFO - Started process (PID=220) to work on /home/airflow/.local/lib/python3.12/site-packages/airflow/example_dags/example_subdag_operator.py
[2024-04-26T23:21:12.764+0000] {processor.py:830} INFO - Processing file /home/airflow/.local/lib/python3.12/site-packages/airflow/example_dags/example_subdag_operator.py for tasks to queue
[2024-04-26T23:21:12.765+0000] {logging_mixin.py:188} INFO - [2024-04-26T23:21:12.765+0000] {dagbag.py:540} INFO - Filling up the DagBag from /home/airflow/.local/lib/python3.12/site-packages/airflow/example_dags/example_subdag_operator.py
[2024-04-26T23:21:12.786+0000] {processor.py:840} INFO - DAG(s) 'example_subdag_operator.section-1', 'example_subdag_operator.section-2', 'example_subdag_operator' retrieved from /home/airflow/.local/lib/python3.12/site-packages/airflow/example_dags/example_subdag_operator.py
[2024-04-26T23:21:12.799+0000] {logging_mixin.py:188} INFO - [2024-04-26T23:21:12.799+0000] {dag.py:3096} INFO - Sync 3 DAGs
[2024-04-26T23:21:12.816+0000] {logging_mixin.py:188} INFO - [2024-04-26T23:21:12.816+0000] {dag.py:3954} INFO - Setting next_dagrun for example_subdag_operator to 2022-01-01 00:00:00+00:00, run_after=2022-01-01 00:00:00+00:00
[2024-04-26T23:21:12.819+0000] {logging_mixin.py:188} INFO - [2024-04-26T23:21:12.819+0000] {dag.py:3954} INFO - Setting next_dagrun for example_subdag_operator.section-1 to None, run_after=None
[2024-04-26T23:21:12.821+0000] {logging_mixin.py:188} INFO - [2024-04-26T23:21:12.821+0000] {dag.py:3954} INFO - Setting next_dagrun for example_subdag_operator.section-2 to None, run_after=None
[2024-04-26T23:21:12.828+0000] {logging_mixin.py:188} INFO - [2024-04-26T23:21:12.827+0000] {dag.py:3096} INFO - Sync 2 DAGs
[2024-04-26T23:21:12.832+0000] {logging_mixin.py:188} INFO - [2024-04-26T23:21:12.832+0000] {dag.py:3954} INFO - Setting next_dagrun for example_subdag_operator.section-1 to None, run_after=None
[2024-04-26T23:21:12.833+0000] {logging_mixin.py:188} INFO - [2024-04-26T23:21:12.833+0000] {dag.py:3954} INFO - Setting next_dagrun for example_subdag_operator.section-2 to None, run_after=None
[2024-04-26T23:21:12.845+0000] {processor.py:183} INFO - Processing /home/airflow/.local/lib/python3.12/site-packages/airflow/example_dags/example_subdag_operator.py took 0.087 seconds
[2024-04-26T23:21:43.219+0000] {processor.py:161} INFO - Started process (PID=279) to work on /home/airflow/.local/lib/python3.12/site-packages/airflow/example_dags/example_subdag_operator.py
[2024-04-26T23:21:43.221+0000] {processor.py:830} INFO - Processing file /home/airflow/.local/lib/python3.12/site-packages/airflow/example_dags/example_subdag_operator.py for tasks to queue
[2024-04-26T23:21:43.224+0000] {logging_mixin.py:188} INFO - [2024-04-26T23:21:43.223+0000] {dagbag.py:540} INFO - Filling up the DagBag from /home/airflow/.local/lib/python3.12/site-packages/airflow/example_dags/example_subdag_operator.py
[2024-04-26T23:21:43.248+0000] {processor.py:840} INFO - DAG(s) 'example_subdag_operator.section-1', 'example_subdag_operator.section-2', 'example_subdag_operator' retrieved from /home/airflow/.local/lib/python3.12/site-packages/airflow/example_dags/example_subdag_operator.py
[2024-04-26T23:21:43.262+0000] {logging_mixin.py:188} INFO - [2024-04-26T23:21:43.262+0000] {dag.py:3096} INFO - Sync 3 DAGs
[2024-04-26T23:21:43.285+0000] {logging_mixin.py:188} INFO - [2024-04-26T23:21:43.285+0000] {dag.py:3954} INFO - Setting next_dagrun for example_subdag_operator to 2022-01-01 00:00:00+00:00, run_after=2022-01-01 00:00:00+00:00
[2024-04-26T23:21:43.289+0000] {logging_mixin.py:188} INFO - [2024-04-26T23:21:43.289+0000] {dag.py:3954} INFO - Setting next_dagrun for example_subdag_operator.section-1 to None, run_after=None
[2024-04-26T23:21:43.291+0000] {logging_mixin.py:188} INFO - [2024-04-26T23:21:43.291+0000] {dag.py:3954} INFO - Setting next_dagrun for example_subdag_operator.section-2 to None, run_after=None
[2024-04-26T23:21:43.298+0000] {logging_mixin.py:188} INFO - [2024-04-26T23:21:43.298+0000] {dag.py:3096} INFO - Sync 2 DAGs
[2024-04-26T23:21:43.304+0000] {logging_mixin.py:188} INFO - [2024-04-26T23:21:43.304+0000] {dag.py:3954} INFO - Setting next_dagrun for example_subdag_operator.section-1 to None, run_after=None
[2024-04-26T23:21:43.305+0000] {logging_mixin.py:188} INFO - [2024-04-26T23:21:43.305+0000] {dag.py:3954} INFO - Setting next_dagrun for example_subdag_operator.section-2 to None, run_after=None
[2024-04-26T23:21:43.317+0000] {processor.py:183} INFO - Processing /home/airflow/.local/lib/python3.12/site-packages/airflow/example_dags/example_subdag_operator.py took 0.104 seconds
