[2024-04-26T22:58:34.947+0000] {processor.py:161} INFO - Started process (PID=77) to work on /home/airflow/.local/lib/python3.12/site-packages/airflow/example_dags/example_setup_teardown.py
[2024-04-26T22:58:34.949+0000] {processor.py:830} INFO - Processing file /home/airflow/.local/lib/python3.12/site-packages/airflow/example_dags/example_setup_teardown.py for tasks to queue
[2024-04-26T22:58:34.952+0000] {logging_mixin.py:188} INFO - [2024-04-26T22:58:34.951+0000] {dagbag.py:540} INFO - Filling up the DagBag from /home/airflow/.local/lib/python3.12/site-packages/airflow/example_dags/example_setup_teardown.py
[2024-04-26T22:58:34.968+0000] {processor.py:840} INFO - DAG(s) 'example_setup_teardown' retrieved from /home/airflow/.local/lib/python3.12/site-packages/airflow/example_dags/example_setup_teardown.py
[2024-04-26T22:58:35.222+0000] {logging_mixin.py:188} INFO - [2024-04-26T22:58:35.221+0000] {dag.py:3096} INFO - Sync 1 DAGs
[2024-04-26T22:58:35.285+0000] {logging_mixin.py:188} INFO - [2024-04-26T22:58:35.284+0000] {dag.py:3954} INFO - Setting next_dagrun for example_setup_teardown to 2024-04-25 00:00:00+00:00, run_after=2024-04-26 00:00:00+00:00
[2024-04-26T22:58:35.338+0000] {processor.py:183} INFO - Processing /home/airflow/.local/lib/python3.12/site-packages/airflow/example_dags/example_setup_teardown.py took 0.402 seconds
[2024-04-26T22:59:05.467+0000] {processor.py:161} INFO - Started process (PID=136) to work on /home/airflow/.local/lib/python3.12/site-packages/airflow/example_dags/example_setup_teardown.py
[2024-04-26T22:59:05.469+0000] {processor.py:830} INFO - Processing file /home/airflow/.local/lib/python3.12/site-packages/airflow/example_dags/example_setup_teardown.py for tasks to queue
[2024-04-26T22:59:05.470+0000] {logging_mixin.py:188} INFO - [2024-04-26T22:59:05.470+0000] {dagbag.py:540} INFO - Filling up the DagBag from /home/airflow/.local/lib/python3.12/site-packages/airflow/example_dags/example_setup_teardown.py
[2024-04-26T22:59:05.476+0000] {processor.py:840} INFO - DAG(s) 'example_setup_teardown' retrieved from /home/airflow/.local/lib/python3.12/site-packages/airflow/example_dags/example_setup_teardown.py
[2024-04-26T22:59:05.496+0000] {logging_mixin.py:188} INFO - [2024-04-26T22:59:05.495+0000] {dag.py:3096} INFO - Sync 1 DAGs
[2024-04-26T22:59:05.516+0000] {logging_mixin.py:188} INFO - [2024-04-26T22:59:05.515+0000] {dag.py:3954} INFO - Setting next_dagrun for example_setup_teardown to 2024-04-25 00:00:00+00:00, run_after=2024-04-26 00:00:00+00:00
[2024-04-26T22:59:05.539+0000] {processor.py:183} INFO - Processing /home/airflow/.local/lib/python3.12/site-packages/airflow/example_dags/example_setup_teardown.py took 0.076 seconds
[2024-04-26T22:59:35.926+0000] {processor.py:161} INFO - Started process (PID=195) to work on /home/airflow/.local/lib/python3.12/site-packages/airflow/example_dags/example_setup_teardown.py
[2024-04-26T22:59:35.927+0000] {processor.py:830} INFO - Processing file /home/airflow/.local/lib/python3.12/site-packages/airflow/example_dags/example_setup_teardown.py for tasks to queue
[2024-04-26T22:59:35.929+0000] {logging_mixin.py:188} INFO - [2024-04-26T22:59:35.929+0000] {dagbag.py:540} INFO - Filling up the DagBag from /home/airflow/.local/lib/python3.12/site-packages/airflow/example_dags/example_setup_teardown.py
[2024-04-26T22:59:35.935+0000] {processor.py:840} INFO - DAG(s) 'example_setup_teardown' retrieved from /home/airflow/.local/lib/python3.12/site-packages/airflow/example_dags/example_setup_teardown.py
[2024-04-26T22:59:35.958+0000] {logging_mixin.py:188} INFO - [2024-04-26T22:59:35.958+0000] {dag.py:3096} INFO - Sync 1 DAGs
[2024-04-26T22:59:35.983+0000] {logging_mixin.py:188} INFO - [2024-04-26T22:59:35.982+0000] {dag.py:3954} INFO - Setting next_dagrun for example_setup_teardown to 2024-04-25 00:00:00+00:00, run_after=2024-04-26 00:00:00+00:00
[2024-04-26T22:59:36.020+0000] {processor.py:183} INFO - Processing /home/airflow/.local/lib/python3.12/site-packages/airflow/example_dags/example_setup_teardown.py took 0.100 seconds
[2024-04-26T23:00:06.775+0000] {processor.py:161} INFO - Started process (PID=254) to work on /home/airflow/.local/lib/python3.12/site-packages/airflow/example_dags/example_setup_teardown.py
[2024-04-26T23:00:06.776+0000] {processor.py:830} INFO - Processing file /home/airflow/.local/lib/python3.12/site-packages/airflow/example_dags/example_setup_teardown.py for tasks to queue
[2024-04-26T23:00:06.778+0000] {logging_mixin.py:188} INFO - [2024-04-26T23:00:06.778+0000] {dagbag.py:540} INFO - Filling up the DagBag from /home/airflow/.local/lib/python3.12/site-packages/airflow/example_dags/example_setup_teardown.py
[2024-04-26T23:00:06.784+0000] {processor.py:840} INFO - DAG(s) 'example_setup_teardown' retrieved from /home/airflow/.local/lib/python3.12/site-packages/airflow/example_dags/example_setup_teardown.py
[2024-04-26T23:00:06.805+0000] {logging_mixin.py:188} INFO - [2024-04-26T23:00:06.804+0000] {dag.py:3096} INFO - Sync 1 DAGs
[2024-04-26T23:00:06.839+0000] {logging_mixin.py:188} INFO - [2024-04-26T23:00:06.839+0000] {dag.py:3954} INFO - Setting next_dagrun for example_setup_teardown to 2024-04-25 00:00:00+00:00, run_after=2024-04-26 00:00:00+00:00
[2024-04-26T23:00:06.869+0000] {processor.py:183} INFO - Processing /home/airflow/.local/lib/python3.12/site-packages/airflow/example_dags/example_setup_teardown.py took 0.098 seconds
[2024-04-26T23:00:36.906+0000] {processor.py:161} INFO - Started process (PID=313) to work on /home/airflow/.local/lib/python3.12/site-packages/airflow/example_dags/example_setup_teardown.py
[2024-04-26T23:00:36.907+0000] {processor.py:830} INFO - Processing file /home/airflow/.local/lib/python3.12/site-packages/airflow/example_dags/example_setup_teardown.py for tasks to queue
[2024-04-26T23:00:36.908+0000] {logging_mixin.py:188} INFO - [2024-04-26T23:00:36.908+0000] {dagbag.py:540} INFO - Filling up the DagBag from /home/airflow/.local/lib/python3.12/site-packages/airflow/example_dags/example_setup_teardown.py
[2024-04-26T23:00:36.914+0000] {processor.py:840} INFO - DAG(s) 'example_setup_teardown' retrieved from /home/airflow/.local/lib/python3.12/site-packages/airflow/example_dags/example_setup_teardown.py
[2024-04-26T23:00:36.931+0000] {logging_mixin.py:188} INFO - [2024-04-26T23:00:36.930+0000] {dag.py:3096} INFO - Sync 1 DAGs
[2024-04-26T23:00:36.948+0000] {logging_mixin.py:188} INFO - [2024-04-26T23:00:36.948+0000] {dag.py:3954} INFO - Setting next_dagrun for example_setup_teardown to 2024-04-25 00:00:00+00:00, run_after=2024-04-26 00:00:00+00:00
[2024-04-26T23:00:36.967+0000] {processor.py:183} INFO - Processing /home/airflow/.local/lib/python3.12/site-packages/airflow/example_dags/example_setup_teardown.py took 0.066 seconds
[2024-04-26T23:01:07.558+0000] {processor.py:161} INFO - Started process (PID=372) to work on /home/airflow/.local/lib/python3.12/site-packages/airflow/example_dags/example_setup_teardown.py
[2024-04-26T23:01:07.559+0000] {processor.py:830} INFO - Processing file /home/airflow/.local/lib/python3.12/site-packages/airflow/example_dags/example_setup_teardown.py for tasks to queue
[2024-04-26T23:01:07.561+0000] {logging_mixin.py:188} INFO - [2024-04-26T23:01:07.560+0000] {dagbag.py:540} INFO - Filling up the DagBag from /home/airflow/.local/lib/python3.12/site-packages/airflow/example_dags/example_setup_teardown.py
[2024-04-26T23:01:07.569+0000] {processor.py:840} INFO - DAG(s) 'example_setup_teardown' retrieved from /home/airflow/.local/lib/python3.12/site-packages/airflow/example_dags/example_setup_teardown.py
[2024-04-26T23:01:07.592+0000] {logging_mixin.py:188} INFO - [2024-04-26T23:01:07.592+0000] {dag.py:3096} INFO - Sync 1 DAGs
[2024-04-26T23:01:07.618+0000] {logging_mixin.py:188} INFO - [2024-04-26T23:01:07.618+0000] {dag.py:3954} INFO - Setting next_dagrun for example_setup_teardown to 2024-04-25 00:00:00+00:00, run_after=2024-04-26 00:00:00+00:00
[2024-04-26T23:01:07.642+0000] {processor.py:183} INFO - Processing /home/airflow/.local/lib/python3.12/site-packages/airflow/example_dags/example_setup_teardown.py took 0.090 seconds
[2024-04-26T23:01:38.036+0000] {processor.py:161} INFO - Started process (PID=431) to work on /home/airflow/.local/lib/python3.12/site-packages/airflow/example_dags/example_setup_teardown.py
[2024-04-26T23:01:38.037+0000] {processor.py:830} INFO - Processing file /home/airflow/.local/lib/python3.12/site-packages/airflow/example_dags/example_setup_teardown.py for tasks to queue
[2024-04-26T23:01:38.039+0000] {logging_mixin.py:188} INFO - [2024-04-26T23:01:38.039+0000] {dagbag.py:540} INFO - Filling up the DagBag from /home/airflow/.local/lib/python3.12/site-packages/airflow/example_dags/example_setup_teardown.py
[2024-04-26T23:01:38.046+0000] {processor.py:840} INFO - DAG(s) 'example_setup_teardown' retrieved from /home/airflow/.local/lib/python3.12/site-packages/airflow/example_dags/example_setup_teardown.py
[2024-04-26T23:01:38.062+0000] {logging_mixin.py:188} INFO - [2024-04-26T23:01:38.061+0000] {dag.py:3096} INFO - Sync 1 DAGs
[2024-04-26T23:01:38.080+0000] {logging_mixin.py:188} INFO - [2024-04-26T23:01:38.080+0000] {dag.py:3954} INFO - Setting next_dagrun for example_setup_teardown to 2024-04-25 00:00:00+00:00, run_after=2024-04-26 00:00:00+00:00
[2024-04-26T23:01:38.099+0000] {processor.py:183} INFO - Processing /home/airflow/.local/lib/python3.12/site-packages/airflow/example_dags/example_setup_teardown.py took 0.069 seconds
[2024-04-26T23:02:08.297+0000] {processor.py:161} INFO - Started process (PID=490) to work on /home/airflow/.local/lib/python3.12/site-packages/airflow/example_dags/example_setup_teardown.py
[2024-04-26T23:02:08.298+0000] {processor.py:830} INFO - Processing file /home/airflow/.local/lib/python3.12/site-packages/airflow/example_dags/example_setup_teardown.py for tasks to queue
[2024-04-26T23:02:08.300+0000] {logging_mixin.py:188} INFO - [2024-04-26T23:02:08.299+0000] {dagbag.py:540} INFO - Filling up the DagBag from /home/airflow/.local/lib/python3.12/site-packages/airflow/example_dags/example_setup_teardown.py
[2024-04-26T23:02:08.305+0000] {processor.py:840} INFO - DAG(s) 'example_setup_teardown' retrieved from /home/airflow/.local/lib/python3.12/site-packages/airflow/example_dags/example_setup_teardown.py
[2024-04-26T23:02:08.323+0000] {logging_mixin.py:188} INFO - [2024-04-26T23:02:08.323+0000] {dag.py:3096} INFO - Sync 1 DAGs
[2024-04-26T23:02:08.340+0000] {logging_mixin.py:188} INFO - [2024-04-26T23:02:08.340+0000] {dag.py:3954} INFO - Setting next_dagrun for example_setup_teardown to 2024-04-25 00:00:00+00:00, run_after=2024-04-26 00:00:00+00:00
[2024-04-26T23:02:08.360+0000] {processor.py:183} INFO - Processing /home/airflow/.local/lib/python3.12/site-packages/airflow/example_dags/example_setup_teardown.py took 0.069 seconds
[2024-04-26T23:02:38.904+0000] {processor.py:161} INFO - Started process (PID=549) to work on /home/airflow/.local/lib/python3.12/site-packages/airflow/example_dags/example_setup_teardown.py
[2024-04-26T23:02:38.904+0000] {processor.py:830} INFO - Processing file /home/airflow/.local/lib/python3.12/site-packages/airflow/example_dags/example_setup_teardown.py for tasks to queue
[2024-04-26T23:02:38.906+0000] {logging_mixin.py:188} INFO - [2024-04-26T23:02:38.906+0000] {dagbag.py:540} INFO - Filling up the DagBag from /home/airflow/.local/lib/python3.12/site-packages/airflow/example_dags/example_setup_teardown.py
[2024-04-26T23:02:38.911+0000] {processor.py:840} INFO - DAG(s) 'example_setup_teardown' retrieved from /home/airflow/.local/lib/python3.12/site-packages/airflow/example_dags/example_setup_teardown.py
[2024-04-26T23:02:38.928+0000] {logging_mixin.py:188} INFO - [2024-04-26T23:02:38.928+0000] {dag.py:3096} INFO - Sync 1 DAGs
[2024-04-26T23:02:38.945+0000] {logging_mixin.py:188} INFO - [2024-04-26T23:02:38.945+0000] {dag.py:3954} INFO - Setting next_dagrun for example_setup_teardown to 2024-04-25 00:00:00+00:00, run_after=2024-04-26 00:00:00+00:00
[2024-04-26T23:02:38.965+0000] {processor.py:183} INFO - Processing /home/airflow/.local/lib/python3.12/site-packages/airflow/example_dags/example_setup_teardown.py took 0.067 seconds
[2024-04-26T23:03:09.049+0000] {processor.py:161} INFO - Started process (PID=608) to work on /home/airflow/.local/lib/python3.12/site-packages/airflow/example_dags/example_setup_teardown.py
[2024-04-26T23:03:09.050+0000] {processor.py:830} INFO - Processing file /home/airflow/.local/lib/python3.12/site-packages/airflow/example_dags/example_setup_teardown.py for tasks to queue
[2024-04-26T23:03:09.052+0000] {logging_mixin.py:188} INFO - [2024-04-26T23:03:09.052+0000] {dagbag.py:540} INFO - Filling up the DagBag from /home/airflow/.local/lib/python3.12/site-packages/airflow/example_dags/example_setup_teardown.py
[2024-04-26T23:03:09.059+0000] {processor.py:840} INFO - DAG(s) 'example_setup_teardown' retrieved from /home/airflow/.local/lib/python3.12/site-packages/airflow/example_dags/example_setup_teardown.py
[2024-04-26T23:03:09.077+0000] {logging_mixin.py:188} INFO - [2024-04-26T23:03:09.077+0000] {dag.py:3096} INFO - Sync 1 DAGs
[2024-04-26T23:03:09.095+0000] {logging_mixin.py:188} INFO - [2024-04-26T23:03:09.095+0000] {dag.py:3954} INFO - Setting next_dagrun for example_setup_teardown to 2024-04-25 00:00:00+00:00, run_after=2024-04-26 00:00:00+00:00
[2024-04-26T23:03:09.115+0000] {processor.py:183} INFO - Processing /home/airflow/.local/lib/python3.12/site-packages/airflow/example_dags/example_setup_teardown.py took 0.070 seconds
[2024-04-26T23:03:39.451+0000] {processor.py:161} INFO - Started process (PID=667) to work on /home/airflow/.local/lib/python3.12/site-packages/airflow/example_dags/example_setup_teardown.py
[2024-04-26T23:03:39.452+0000] {processor.py:830} INFO - Processing file /home/airflow/.local/lib/python3.12/site-packages/airflow/example_dags/example_setup_teardown.py for tasks to queue
[2024-04-26T23:03:39.454+0000] {logging_mixin.py:188} INFO - [2024-04-26T23:03:39.454+0000] {dagbag.py:540} INFO - Filling up the DagBag from /home/airflow/.local/lib/python3.12/site-packages/airflow/example_dags/example_setup_teardown.py
[2024-04-26T23:03:39.460+0000] {processor.py:840} INFO - DAG(s) 'example_setup_teardown' retrieved from /home/airflow/.local/lib/python3.12/site-packages/airflow/example_dags/example_setup_teardown.py
[2024-04-26T23:03:39.477+0000] {logging_mixin.py:188} INFO - [2024-04-26T23:03:39.477+0000] {dag.py:3096} INFO - Sync 1 DAGs
[2024-04-26T23:03:39.495+0000] {logging_mixin.py:188} INFO - [2024-04-26T23:03:39.495+0000] {dag.py:3954} INFO - Setting next_dagrun for example_setup_teardown to 2024-04-25 00:00:00+00:00, run_after=2024-04-26 00:00:00+00:00
[2024-04-26T23:03:39.514+0000] {processor.py:183} INFO - Processing /home/airflow/.local/lib/python3.12/site-packages/airflow/example_dags/example_setup_teardown.py took 0.068 seconds
[2024-04-26T23:04:09.681+0000] {processor.py:161} INFO - Started process (PID=726) to work on /home/airflow/.local/lib/python3.12/site-packages/airflow/example_dags/example_setup_teardown.py
[2024-04-26T23:04:09.682+0000] {processor.py:830} INFO - Processing file /home/airflow/.local/lib/python3.12/site-packages/airflow/example_dags/example_setup_teardown.py for tasks to queue
[2024-04-26T23:04:09.685+0000] {logging_mixin.py:188} INFO - [2024-04-26T23:04:09.685+0000] {dagbag.py:540} INFO - Filling up the DagBag from /home/airflow/.local/lib/python3.12/site-packages/airflow/example_dags/example_setup_teardown.py
[2024-04-26T23:04:09.693+0000] {processor.py:840} INFO - DAG(s) 'example_setup_teardown' retrieved from /home/airflow/.local/lib/python3.12/site-packages/airflow/example_dags/example_setup_teardown.py
[2024-04-26T23:04:09.720+0000] {logging_mixin.py:188} INFO - [2024-04-26T23:04:09.720+0000] {dag.py:3096} INFO - Sync 1 DAGs
[2024-04-26T23:04:09.746+0000] {logging_mixin.py:188} INFO - [2024-04-26T23:04:09.745+0000] {dag.py:3954} INFO - Setting next_dagrun for example_setup_teardown to 2024-04-25 00:00:00+00:00, run_after=2024-04-26 00:00:00+00:00
[2024-04-26T23:04:09.772+0000] {processor.py:183} INFO - Processing /home/airflow/.local/lib/python3.12/site-packages/airflow/example_dags/example_setup_teardown.py took 0.099 seconds
[2024-04-26T23:04:40.681+0000] {processor.py:161} INFO - Started process (PID=785) to work on /home/airflow/.local/lib/python3.12/site-packages/airflow/example_dags/example_setup_teardown.py
[2024-04-26T23:04:40.683+0000] {processor.py:830} INFO - Processing file /home/airflow/.local/lib/python3.12/site-packages/airflow/example_dags/example_setup_teardown.py for tasks to queue
[2024-04-26T23:04:40.684+0000] {logging_mixin.py:188} INFO - [2024-04-26T23:04:40.684+0000] {dagbag.py:540} INFO - Filling up the DagBag from /home/airflow/.local/lib/python3.12/site-packages/airflow/example_dags/example_setup_teardown.py
[2024-04-26T23:04:40.691+0000] {processor.py:840} INFO - DAG(s) 'example_setup_teardown' retrieved from /home/airflow/.local/lib/python3.12/site-packages/airflow/example_dags/example_setup_teardown.py
[2024-04-26T23:04:40.716+0000] {logging_mixin.py:188} INFO - [2024-04-26T23:04:40.716+0000] {dag.py:3096} INFO - Sync 1 DAGs
[2024-04-26T23:04:40.737+0000] {logging_mixin.py:188} INFO - [2024-04-26T23:04:40.737+0000] {dag.py:3954} INFO - Setting next_dagrun for example_setup_teardown to 2024-04-25 00:00:00+00:00, run_after=2024-04-26 00:00:00+00:00
[2024-04-26T23:04:40.754+0000] {processor.py:183} INFO - Processing /home/airflow/.local/lib/python3.12/site-packages/airflow/example_dags/example_setup_teardown.py took 0.079 seconds
[2024-04-26T23:05:11.352+0000] {processor.py:161} INFO - Started process (PID=844) to work on /home/airflow/.local/lib/python3.12/site-packages/airflow/example_dags/example_setup_teardown.py
[2024-04-26T23:05:11.353+0000] {processor.py:830} INFO - Processing file /home/airflow/.local/lib/python3.12/site-packages/airflow/example_dags/example_setup_teardown.py for tasks to queue
[2024-04-26T23:05:11.355+0000] {logging_mixin.py:188} INFO - [2024-04-26T23:05:11.355+0000] {dagbag.py:540} INFO - Filling up the DagBag from /home/airflow/.local/lib/python3.12/site-packages/airflow/example_dags/example_setup_teardown.py
[2024-04-26T23:05:11.362+0000] {processor.py:840} INFO - DAG(s) 'example_setup_teardown' retrieved from /home/airflow/.local/lib/python3.12/site-packages/airflow/example_dags/example_setup_teardown.py
[2024-04-26T23:05:11.382+0000] {logging_mixin.py:188} INFO - [2024-04-26T23:05:11.382+0000] {dag.py:3096} INFO - Sync 1 DAGs
[2024-04-26T23:05:11.401+0000] {logging_mixin.py:188} INFO - [2024-04-26T23:05:11.401+0000] {dag.py:3954} INFO - Setting next_dagrun for example_setup_teardown to 2024-04-25 00:00:00+00:00, run_after=2024-04-26 00:00:00+00:00
[2024-04-26T23:05:11.419+0000] {processor.py:183} INFO - Processing /home/airflow/.local/lib/python3.12/site-packages/airflow/example_dags/example_setup_teardown.py took 0.073 seconds
[2024-04-26T23:05:41.833+0000] {processor.py:161} INFO - Started process (PID=903) to work on /home/airflow/.local/lib/python3.12/site-packages/airflow/example_dags/example_setup_teardown.py
[2024-04-26T23:05:41.834+0000] {processor.py:830} INFO - Processing file /home/airflow/.local/lib/python3.12/site-packages/airflow/example_dags/example_setup_teardown.py for tasks to queue
[2024-04-26T23:05:41.836+0000] {logging_mixin.py:188} INFO - [2024-04-26T23:05:41.836+0000] {dagbag.py:540} INFO - Filling up the DagBag from /home/airflow/.local/lib/python3.12/site-packages/airflow/example_dags/example_setup_teardown.py
[2024-04-26T23:05:41.842+0000] {processor.py:840} INFO - DAG(s) 'example_setup_teardown' retrieved from /home/airflow/.local/lib/python3.12/site-packages/airflow/example_dags/example_setup_teardown.py
[2024-04-26T23:05:41.863+0000] {logging_mixin.py:188} INFO - [2024-04-26T23:05:41.863+0000] {dag.py:3096} INFO - Sync 1 DAGs
[2024-04-26T23:05:41.883+0000] {logging_mixin.py:188} INFO - [2024-04-26T23:05:41.883+0000] {dag.py:3954} INFO - Setting next_dagrun for example_setup_teardown to 2024-04-25 00:00:00+00:00, run_after=2024-04-26 00:00:00+00:00
[2024-04-26T23:05:41.903+0000] {processor.py:183} INFO - Processing /home/airflow/.local/lib/python3.12/site-packages/airflow/example_dags/example_setup_teardown.py took 0.075 seconds
[2024-04-26T23:09:56.574+0000] {processor.py:161} INFO - Started process (PID=71) to work on /home/airflow/.local/lib/python3.12/site-packages/airflow/example_dags/example_setup_teardown.py
[2024-04-26T23:09:56.575+0000] {processor.py:830} INFO - Processing file /home/airflow/.local/lib/python3.12/site-packages/airflow/example_dags/example_setup_teardown.py for tasks to queue
[2024-04-26T23:09:56.577+0000] {logging_mixin.py:188} INFO - [2024-04-26T23:09:56.576+0000] {dagbag.py:540} INFO - Filling up the DagBag from /home/airflow/.local/lib/python3.12/site-packages/airflow/example_dags/example_setup_teardown.py
[2024-04-26T23:09:56.583+0000] {processor.py:840} INFO - DAG(s) 'example_setup_teardown' retrieved from /home/airflow/.local/lib/python3.12/site-packages/airflow/example_dags/example_setup_teardown.py
[2024-04-26T23:09:56.595+0000] {logging_mixin.py:188} INFO - [2024-04-26T23:09:56.594+0000] {dag.py:3096} INFO - Sync 1 DAGs
[2024-04-26T23:09:56.619+0000] {logging_mixin.py:188} INFO - [2024-04-26T23:09:56.618+0000] {dag.py:3954} INFO - Setting next_dagrun for example_setup_teardown to 2024-04-25 00:00:00+00:00, run_after=2024-04-26 00:00:00+00:00
[2024-04-26T23:09:56.639+0000] {processor.py:183} INFO - Processing /home/airflow/.local/lib/python3.12/site-packages/airflow/example_dags/example_setup_teardown.py took 0.071 seconds
[2024-04-26T23:10:27.638+0000] {processor.py:161} INFO - Started process (PID=130) to work on /home/airflow/.local/lib/python3.12/site-packages/airflow/example_dags/example_setup_teardown.py
[2024-04-26T23:10:27.639+0000] {processor.py:830} INFO - Processing file /home/airflow/.local/lib/python3.12/site-packages/airflow/example_dags/example_setup_teardown.py for tasks to queue
[2024-04-26T23:10:27.642+0000] {logging_mixin.py:188} INFO - [2024-04-26T23:10:27.641+0000] {dagbag.py:540} INFO - Filling up the DagBag from /home/airflow/.local/lib/python3.12/site-packages/airflow/example_dags/example_setup_teardown.py
[2024-04-26T23:10:27.648+0000] {processor.py:840} INFO - DAG(s) 'example_setup_teardown' retrieved from /home/airflow/.local/lib/python3.12/site-packages/airflow/example_dags/example_setup_teardown.py
[2024-04-26T23:10:27.746+0000] {logging_mixin.py:188} INFO - [2024-04-26T23:10:27.745+0000] {dag.py:3096} INFO - Sync 1 DAGs
[2024-04-26T23:10:27.767+0000] {logging_mixin.py:188} INFO - [2024-04-26T23:10:27.767+0000] {dag.py:3954} INFO - Setting next_dagrun for example_setup_teardown to 2024-04-25 00:00:00+00:00, run_after=2024-04-26 00:00:00+00:00
[2024-04-26T23:10:27.788+0000] {processor.py:183} INFO - Processing /home/airflow/.local/lib/python3.12/site-packages/airflow/example_dags/example_setup_teardown.py took 0.155 seconds
[2024-04-26T23:10:58.170+0000] {processor.py:161} INFO - Started process (PID=189) to work on /home/airflow/.local/lib/python3.12/site-packages/airflow/example_dags/example_setup_teardown.py
[2024-04-26T23:10:58.171+0000] {processor.py:830} INFO - Processing file /home/airflow/.local/lib/python3.12/site-packages/airflow/example_dags/example_setup_teardown.py for tasks to queue
[2024-04-26T23:10:58.174+0000] {logging_mixin.py:188} INFO - [2024-04-26T23:10:58.173+0000] {dagbag.py:540} INFO - Filling up the DagBag from /home/airflow/.local/lib/python3.12/site-packages/airflow/example_dags/example_setup_teardown.py
[2024-04-26T23:10:58.181+0000] {processor.py:840} INFO - DAG(s) 'example_setup_teardown' retrieved from /home/airflow/.local/lib/python3.12/site-packages/airflow/example_dags/example_setup_teardown.py
[2024-04-26T23:10:58.204+0000] {logging_mixin.py:188} INFO - [2024-04-26T23:10:58.204+0000] {dag.py:3096} INFO - Sync 1 DAGs
[2024-04-26T23:10:58.230+0000] {logging_mixin.py:188} INFO - [2024-04-26T23:10:58.229+0000] {dag.py:3954} INFO - Setting next_dagrun for example_setup_teardown to 2024-04-25 00:00:00+00:00, run_after=2024-04-26 00:00:00+00:00
[2024-04-26T23:10:58.252+0000] {processor.py:183} INFO - Processing /home/airflow/.local/lib/python3.12/site-packages/airflow/example_dags/example_setup_teardown.py took 0.088 seconds
[2024-04-26T23:11:29.158+0000] {processor.py:161} INFO - Started process (PID=248) to work on /home/airflow/.local/lib/python3.12/site-packages/airflow/example_dags/example_setup_teardown.py
[2024-04-26T23:11:29.160+0000] {processor.py:830} INFO - Processing file /home/airflow/.local/lib/python3.12/site-packages/airflow/example_dags/example_setup_teardown.py for tasks to queue
[2024-04-26T23:11:29.161+0000] {logging_mixin.py:188} INFO - [2024-04-26T23:11:29.161+0000] {dagbag.py:540} INFO - Filling up the DagBag from /home/airflow/.local/lib/python3.12/site-packages/airflow/example_dags/example_setup_teardown.py
[2024-04-26T23:11:29.169+0000] {processor.py:840} INFO - DAG(s) 'example_setup_teardown' retrieved from /home/airflow/.local/lib/python3.12/site-packages/airflow/example_dags/example_setup_teardown.py
[2024-04-26T23:11:29.191+0000] {logging_mixin.py:188} INFO - [2024-04-26T23:11:29.190+0000] {dag.py:3096} INFO - Sync 1 DAGs
[2024-04-26T23:11:29.214+0000] {logging_mixin.py:188} INFO - [2024-04-26T23:11:29.214+0000] {dag.py:3954} INFO - Setting next_dagrun for example_setup_teardown to 2024-04-25 00:00:00+00:00, run_after=2024-04-26 00:00:00+00:00
[2024-04-26T23:11:29.236+0000] {processor.py:183} INFO - Processing /home/airflow/.local/lib/python3.12/site-packages/airflow/example_dags/example_setup_teardown.py took 0.084 seconds
[2024-04-26T23:11:59.475+0000] {processor.py:161} INFO - Started process (PID=307) to work on /home/airflow/.local/lib/python3.12/site-packages/airflow/example_dags/example_setup_teardown.py
[2024-04-26T23:11:59.476+0000] {processor.py:830} INFO - Processing file /home/airflow/.local/lib/python3.12/site-packages/airflow/example_dags/example_setup_teardown.py for tasks to queue
[2024-04-26T23:11:59.478+0000] {logging_mixin.py:188} INFO - [2024-04-26T23:11:59.478+0000] {dagbag.py:540} INFO - Filling up the DagBag from /home/airflow/.local/lib/python3.12/site-packages/airflow/example_dags/example_setup_teardown.py
[2024-04-26T23:11:59.485+0000] {processor.py:840} INFO - DAG(s) 'example_setup_teardown' retrieved from /home/airflow/.local/lib/python3.12/site-packages/airflow/example_dags/example_setup_teardown.py
[2024-04-26T23:11:59.504+0000] {logging_mixin.py:188} INFO - [2024-04-26T23:11:59.504+0000] {dag.py:3096} INFO - Sync 1 DAGs
[2024-04-26T23:11:59.523+0000] {logging_mixin.py:188} INFO - [2024-04-26T23:11:59.523+0000] {dag.py:3954} INFO - Setting next_dagrun for example_setup_teardown to 2024-04-25 00:00:00+00:00, run_after=2024-04-26 00:00:00+00:00
[2024-04-26T23:11:59.547+0000] {processor.py:183} INFO - Processing /home/airflow/.local/lib/python3.12/site-packages/airflow/example_dags/example_setup_teardown.py took 0.077 seconds
[2024-04-26T23:12:29.731+0000] {processor.py:161} INFO - Started process (PID=366) to work on /home/airflow/.local/lib/python3.12/site-packages/airflow/example_dags/example_setup_teardown.py
[2024-04-26T23:12:29.731+0000] {processor.py:830} INFO - Processing file /home/airflow/.local/lib/python3.12/site-packages/airflow/example_dags/example_setup_teardown.py for tasks to queue
[2024-04-26T23:12:29.733+0000] {logging_mixin.py:188} INFO - [2024-04-26T23:12:29.733+0000] {dagbag.py:540} INFO - Filling up the DagBag from /home/airflow/.local/lib/python3.12/site-packages/airflow/example_dags/example_setup_teardown.py
[2024-04-26T23:12:29.739+0000] {processor.py:840} INFO - DAG(s) 'example_setup_teardown' retrieved from /home/airflow/.local/lib/python3.12/site-packages/airflow/example_dags/example_setup_teardown.py
[2024-04-26T23:12:29.762+0000] {logging_mixin.py:188} INFO - [2024-04-26T23:12:29.762+0000] {dag.py:3096} INFO - Sync 1 DAGs
[2024-04-26T23:12:29.781+0000] {logging_mixin.py:188} INFO - [2024-04-26T23:12:29.781+0000] {dag.py:3954} INFO - Setting next_dagrun for example_setup_teardown to 2024-04-25 00:00:00+00:00, run_after=2024-04-26 00:00:00+00:00
[2024-04-26T23:12:29.804+0000] {processor.py:183} INFO - Processing /home/airflow/.local/lib/python3.12/site-packages/airflow/example_dags/example_setup_teardown.py took 0.079 seconds
[2024-04-26T23:13:00.240+0000] {processor.py:161} INFO - Started process (PID=425) to work on /home/airflow/.local/lib/python3.12/site-packages/airflow/example_dags/example_setup_teardown.py
[2024-04-26T23:13:00.242+0000] {processor.py:830} INFO - Processing file /home/airflow/.local/lib/python3.12/site-packages/airflow/example_dags/example_setup_teardown.py for tasks to queue
[2024-04-26T23:13:00.245+0000] {logging_mixin.py:188} INFO - [2024-04-26T23:13:00.245+0000] {dagbag.py:540} INFO - Filling up the DagBag from /home/airflow/.local/lib/python3.12/site-packages/airflow/example_dags/example_setup_teardown.py
[2024-04-26T23:13:00.253+0000] {processor.py:840} INFO - DAG(s) 'example_setup_teardown' retrieved from /home/airflow/.local/lib/python3.12/site-packages/airflow/example_dags/example_setup_teardown.py
[2024-04-26T23:13:00.275+0000] {logging_mixin.py:188} INFO - [2024-04-26T23:13:00.275+0000] {dag.py:3096} INFO - Sync 1 DAGs
[2024-04-26T23:13:00.296+0000] {logging_mixin.py:188} INFO - [2024-04-26T23:13:00.296+0000] {dag.py:3954} INFO - Setting next_dagrun for example_setup_teardown to 2024-04-25 00:00:00+00:00, run_after=2024-04-26 00:00:00+00:00
[2024-04-26T23:13:00.317+0000] {processor.py:183} INFO - Processing /home/airflow/.local/lib/python3.12/site-packages/airflow/example_dags/example_setup_teardown.py took 0.084 seconds
[2024-04-26T23:13:31.321+0000] {processor.py:161} INFO - Started process (PID=484) to work on /home/airflow/.local/lib/python3.12/site-packages/airflow/example_dags/example_setup_teardown.py
[2024-04-26T23:13:31.323+0000] {processor.py:830} INFO - Processing file /home/airflow/.local/lib/python3.12/site-packages/airflow/example_dags/example_setup_teardown.py for tasks to queue
[2024-04-26T23:13:31.325+0000] {logging_mixin.py:188} INFO - [2024-04-26T23:13:31.324+0000] {dagbag.py:540} INFO - Filling up the DagBag from /home/airflow/.local/lib/python3.12/site-packages/airflow/example_dags/example_setup_teardown.py
[2024-04-26T23:13:31.331+0000] {processor.py:840} INFO - DAG(s) 'example_setup_teardown' retrieved from /home/airflow/.local/lib/python3.12/site-packages/airflow/example_dags/example_setup_teardown.py
[2024-04-26T23:13:31.353+0000] {logging_mixin.py:188} INFO - [2024-04-26T23:13:31.352+0000] {dag.py:3096} INFO - Sync 1 DAGs
[2024-04-26T23:13:31.373+0000] {logging_mixin.py:188} INFO - [2024-04-26T23:13:31.373+0000] {dag.py:3954} INFO - Setting next_dagrun for example_setup_teardown to 2024-04-25 00:00:00+00:00, run_after=2024-04-26 00:00:00+00:00
[2024-04-26T23:13:31.391+0000] {processor.py:183} INFO - Processing /home/airflow/.local/lib/python3.12/site-packages/airflow/example_dags/example_setup_teardown.py took 0.075 seconds
[2024-04-26T23:17:54.599+0000] {processor.py:161} INFO - Started process (PID=71) to work on /home/airflow/.local/lib/python3.12/site-packages/airflow/example_dags/example_setup_teardown.py
[2024-04-26T23:17:54.600+0000] {processor.py:830} INFO - Processing file /home/airflow/.local/lib/python3.12/site-packages/airflow/example_dags/example_setup_teardown.py for tasks to queue
[2024-04-26T23:17:54.602+0000] {logging_mixin.py:188} INFO - [2024-04-26T23:17:54.601+0000] {dagbag.py:540} INFO - Filling up the DagBag from /home/airflow/.local/lib/python3.12/site-packages/airflow/example_dags/example_setup_teardown.py
[2024-04-26T23:17:54.608+0000] {processor.py:840} INFO - DAG(s) 'example_setup_teardown' retrieved from /home/airflow/.local/lib/python3.12/site-packages/airflow/example_dags/example_setup_teardown.py
[2024-04-26T23:17:54.619+0000] {logging_mixin.py:188} INFO - [2024-04-26T23:17:54.619+0000] {dag.py:3096} INFO - Sync 1 DAGs
[2024-04-26T23:17:54.641+0000] {logging_mixin.py:188} INFO - [2024-04-26T23:17:54.640+0000] {dag.py:3954} INFO - Setting next_dagrun for example_setup_teardown to 2024-04-25 00:00:00+00:00, run_after=2024-04-26 00:00:00+00:00
[2024-04-26T23:17:54.660+0000] {processor.py:183} INFO - Processing /home/airflow/.local/lib/python3.12/site-packages/airflow/example_dags/example_setup_teardown.py took 0.066 seconds
[2024-04-26T23:18:25.569+0000] {processor.py:161} INFO - Started process (PID=130) to work on /home/airflow/.local/lib/python3.12/site-packages/airflow/example_dags/example_setup_teardown.py
[2024-04-26T23:18:25.570+0000] {processor.py:830} INFO - Processing file /home/airflow/.local/lib/python3.12/site-packages/airflow/example_dags/example_setup_teardown.py for tasks to queue
[2024-04-26T23:18:25.575+0000] {logging_mixin.py:188} INFO - [2024-04-26T23:18:25.574+0000] {dagbag.py:540} INFO - Filling up the DagBag from /home/airflow/.local/lib/python3.12/site-packages/airflow/example_dags/example_setup_teardown.py
[2024-04-26T23:18:25.586+0000] {processor.py:840} INFO - DAG(s) 'example_setup_teardown' retrieved from /home/airflow/.local/lib/python3.12/site-packages/airflow/example_dags/example_setup_teardown.py
[2024-04-26T23:18:25.731+0000] {logging_mixin.py:188} INFO - [2024-04-26T23:18:25.731+0000] {dag.py:3096} INFO - Sync 1 DAGs
[2024-04-26T23:18:25.752+0000] {logging_mixin.py:188} INFO - [2024-04-26T23:18:25.752+0000] {dag.py:3954} INFO - Setting next_dagrun for example_setup_teardown to 2024-04-25 00:00:00+00:00, run_after=2024-04-26 00:00:00+00:00
[2024-04-26T23:18:25.773+0000] {processor.py:183} INFO - Processing /home/airflow/.local/lib/python3.12/site-packages/airflow/example_dags/example_setup_teardown.py took 0.212 seconds
[2024-04-26T23:18:56.577+0000] {processor.py:161} INFO - Started process (PID=189) to work on /home/airflow/.local/lib/python3.12/site-packages/airflow/example_dags/example_setup_teardown.py
[2024-04-26T23:18:56.579+0000] {processor.py:830} INFO - Processing file /home/airflow/.local/lib/python3.12/site-packages/airflow/example_dags/example_setup_teardown.py for tasks to queue
[2024-04-26T23:18:56.582+0000] {logging_mixin.py:188} INFO - [2024-04-26T23:18:56.581+0000] {dagbag.py:540} INFO - Filling up the DagBag from /home/airflow/.local/lib/python3.12/site-packages/airflow/example_dags/example_setup_teardown.py
[2024-04-26T23:18:56.591+0000] {processor.py:840} INFO - DAG(s) 'example_setup_teardown' retrieved from /home/airflow/.local/lib/python3.12/site-packages/airflow/example_dags/example_setup_teardown.py
[2024-04-26T23:18:56.614+0000] {logging_mixin.py:188} INFO - [2024-04-26T23:18:56.614+0000] {dag.py:3096} INFO - Sync 1 DAGs
[2024-04-26T23:18:56.638+0000] {logging_mixin.py:188} INFO - [2024-04-26T23:18:56.637+0000] {dag.py:3954} INFO - Setting next_dagrun for example_setup_teardown to 2024-04-25 00:00:00+00:00, run_after=2024-04-26 00:00:00+00:00
[2024-04-26T23:18:56.674+0000] {processor.py:183} INFO - Processing /home/airflow/.local/lib/python3.12/site-packages/airflow/example_dags/example_setup_teardown.py took 0.104 seconds
[2024-04-26T23:19:43.545+0000] {processor.py:161} INFO - Started process (PID=71) to work on /home/airflow/.local/lib/python3.12/site-packages/airflow/example_dags/example_setup_teardown.py
[2024-04-26T23:19:43.547+0000] {processor.py:830} INFO - Processing file /home/airflow/.local/lib/python3.12/site-packages/airflow/example_dags/example_setup_teardown.py for tasks to queue
[2024-04-26T23:19:43.549+0000] {logging_mixin.py:188} INFO - [2024-04-26T23:19:43.549+0000] {dagbag.py:540} INFO - Filling up the DagBag from /home/airflow/.local/lib/python3.12/site-packages/airflow/example_dags/example_setup_teardown.py
[2024-04-26T23:19:43.556+0000] {processor.py:840} INFO - DAG(s) 'example_setup_teardown' retrieved from /home/airflow/.local/lib/python3.12/site-packages/airflow/example_dags/example_setup_teardown.py
[2024-04-26T23:19:43.567+0000] {logging_mixin.py:188} INFO - [2024-04-26T23:19:43.567+0000] {dag.py:3096} INFO - Sync 1 DAGs
[2024-04-26T23:19:43.590+0000] {logging_mixin.py:188} INFO - [2024-04-26T23:19:43.590+0000] {dag.py:3954} INFO - Setting next_dagrun for example_setup_teardown to 2024-04-25 00:00:00+00:00, run_after=2024-04-26 00:00:00+00:00
[2024-04-26T23:19:43.611+0000] {processor.py:183} INFO - Processing /home/airflow/.local/lib/python3.12/site-packages/airflow/example_dags/example_setup_teardown.py took 0.071 seconds
[2024-04-26T23:20:14.786+0000] {processor.py:161} INFO - Started process (PID=130) to work on /home/airflow/.local/lib/python3.12/site-packages/airflow/example_dags/example_setup_teardown.py
[2024-04-26T23:20:14.787+0000] {processor.py:830} INFO - Processing file /home/airflow/.local/lib/python3.12/site-packages/airflow/example_dags/example_setup_teardown.py for tasks to queue
[2024-04-26T23:20:14.789+0000] {logging_mixin.py:188} INFO - [2024-04-26T23:20:14.788+0000] {dagbag.py:540} INFO - Filling up the DagBag from /home/airflow/.local/lib/python3.12/site-packages/airflow/example_dags/example_setup_teardown.py
[2024-04-26T23:20:14.793+0000] {processor.py:840} INFO - DAG(s) 'example_setup_teardown' retrieved from /home/airflow/.local/lib/python3.12/site-packages/airflow/example_dags/example_setup_teardown.py
[2024-04-26T23:20:14.869+0000] {logging_mixin.py:188} INFO - [2024-04-26T23:20:14.868+0000] {dag.py:3096} INFO - Sync 1 DAGs
[2024-04-26T23:20:14.886+0000] {logging_mixin.py:188} INFO - [2024-04-26T23:20:14.886+0000] {dag.py:3954} INFO - Setting next_dagrun for example_setup_teardown to 2024-04-25 00:00:00+00:00, run_after=2024-04-26 00:00:00+00:00
[2024-04-26T23:20:14.904+0000] {processor.py:183} INFO - Processing /home/airflow/.local/lib/python3.12/site-packages/airflow/example_dags/example_setup_teardown.py took 0.123 seconds
[2024-04-26T23:20:45.265+0000] {processor.py:161} INFO - Started process (PID=189) to work on /home/airflow/.local/lib/python3.12/site-packages/airflow/example_dags/example_setup_teardown.py
[2024-04-26T23:20:45.266+0000] {processor.py:830} INFO - Processing file /home/airflow/.local/lib/python3.12/site-packages/airflow/example_dags/example_setup_teardown.py for tasks to queue
[2024-04-26T23:20:45.268+0000] {logging_mixin.py:188} INFO - [2024-04-26T23:20:45.268+0000] {dagbag.py:540} INFO - Filling up the DagBag from /home/airflow/.local/lib/python3.12/site-packages/airflow/example_dags/example_setup_teardown.py
[2024-04-26T23:20:45.273+0000] {processor.py:840} INFO - DAG(s) 'example_setup_teardown' retrieved from /home/airflow/.local/lib/python3.12/site-packages/airflow/example_dags/example_setup_teardown.py
[2024-04-26T23:20:45.291+0000] {logging_mixin.py:188} INFO - [2024-04-26T23:20:45.291+0000] {dag.py:3096} INFO - Sync 1 DAGs
[2024-04-26T23:20:45.309+0000] {logging_mixin.py:188} INFO - [2024-04-26T23:20:45.308+0000] {dag.py:3954} INFO - Setting next_dagrun for example_setup_teardown to 2024-04-25 00:00:00+00:00, run_after=2024-04-26 00:00:00+00:00
[2024-04-26T23:20:45.326+0000] {processor.py:183} INFO - Processing /home/airflow/.local/lib/python3.12/site-packages/airflow/example_dags/example_setup_teardown.py took 0.064 seconds
[2024-04-26T23:21:15.661+0000] {processor.py:161} INFO - Started process (PID=248) to work on /home/airflow/.local/lib/python3.12/site-packages/airflow/example_dags/example_setup_teardown.py
[2024-04-26T23:21:15.662+0000] {processor.py:830} INFO - Processing file /home/airflow/.local/lib/python3.12/site-packages/airflow/example_dags/example_setup_teardown.py for tasks to queue
[2024-04-26T23:21:15.664+0000] {logging_mixin.py:188} INFO - [2024-04-26T23:21:15.664+0000] {dagbag.py:540} INFO - Filling up the DagBag from /home/airflow/.local/lib/python3.12/site-packages/airflow/example_dags/example_setup_teardown.py
[2024-04-26T23:21:15.672+0000] {processor.py:840} INFO - DAG(s) 'example_setup_teardown' retrieved from /home/airflow/.local/lib/python3.12/site-packages/airflow/example_dags/example_setup_teardown.py
[2024-04-26T23:21:15.694+0000] {logging_mixin.py:188} INFO - [2024-04-26T23:21:15.694+0000] {dag.py:3096} INFO - Sync 1 DAGs
[2024-04-26T23:21:15.721+0000] {logging_mixin.py:188} INFO - [2024-04-26T23:21:15.721+0000] {dag.py:3954} INFO - Setting next_dagrun for example_setup_teardown to 2024-04-25 00:00:00+00:00, run_after=2024-04-26 00:00:00+00:00
[2024-04-26T23:21:15.741+0000] {processor.py:183} INFO - Processing /home/airflow/.local/lib/python3.12/site-packages/airflow/example_dags/example_setup_teardown.py took 0.087 seconds
[2024-04-26T23:21:46.317+0000] {processor.py:161} INFO - Started process (PID=307) to work on /home/airflow/.local/lib/python3.12/site-packages/airflow/example_dags/example_setup_teardown.py
[2024-04-26T23:21:46.318+0000] {processor.py:830} INFO - Processing file /home/airflow/.local/lib/python3.12/site-packages/airflow/example_dags/example_setup_teardown.py for tasks to queue
[2024-04-26T23:21:46.321+0000] {logging_mixin.py:188} INFO - [2024-04-26T23:21:46.321+0000] {dagbag.py:540} INFO - Filling up the DagBag from /home/airflow/.local/lib/python3.12/site-packages/airflow/example_dags/example_setup_teardown.py
[2024-04-26T23:21:46.331+0000] {processor.py:840} INFO - DAG(s) 'example_setup_teardown' retrieved from /home/airflow/.local/lib/python3.12/site-packages/airflow/example_dags/example_setup_teardown.py
[2024-04-26T23:21:46.362+0000] {logging_mixin.py:188} INFO - [2024-04-26T23:21:46.361+0000] {dag.py:3096} INFO - Sync 1 DAGs
[2024-04-26T23:21:46.394+0000] {logging_mixin.py:188} INFO - [2024-04-26T23:21:46.394+0000] {dag.py:3954} INFO - Setting next_dagrun for example_setup_teardown to 2024-04-25 00:00:00+00:00, run_after=2024-04-26 00:00:00+00:00
[2024-04-26T23:21:46.418+0000] {processor.py:183} INFO - Processing /home/airflow/.local/lib/python3.12/site-packages/airflow/example_dags/example_setup_teardown.py took 0.111 seconds
