[2024-04-26T22:58:35.865+0000] {processor.py:161} INFO - Started process (PID=80) to work on /home/airflow/.local/lib/python3.12/site-packages/airflow/example_dags/example_external_task_marker_dag.py
[2024-04-26T22:58:35.867+0000] {processor.py:830} INFO - Processing file /home/airflow/.local/lib/python3.12/site-packages/airflow/example_dags/example_external_task_marker_dag.py for tasks to queue
[2024-04-26T22:58:35.870+0000] {logging_mixin.py:188} INFO - [2024-04-26T22:58:35.869+0000] {dagbag.py:540} INFO - Filling up the DagBag from /home/airflow/.local/lib/python3.12/site-packages/airflow/example_dags/example_external_task_marker_dag.py
[2024-04-26T22:58:35.880+0000] {processor.py:840} INFO - DAG(s) 'example_external_task_marker_child', 'example_external_task_marker_parent' retrieved from /home/airflow/.local/lib/python3.12/site-packages/airflow/example_dags/example_external_task_marker_dag.py
[2024-04-26T22:58:36.054+0000] {logging_mixin.py:188} INFO - [2024-04-26T22:58:36.053+0000] {dag.py:3096} INFO - Sync 2 DAGs
[2024-04-26T22:58:36.071+0000] {logging_mixin.py:188} INFO - [2024-04-26T22:58:36.070+0000] {dag.py:3954} INFO - Setting next_dagrun for example_external_task_marker_child to None, run_after=None
[2024-04-26T22:58:36.078+0000] {logging_mixin.py:188} INFO - [2024-04-26T22:58:36.077+0000] {dag.py:3954} INFO - Setting next_dagrun for example_external_task_marker_parent to None, run_after=None
[2024-04-26T22:58:36.111+0000] {processor.py:183} INFO - Processing /home/airflow/.local/lib/python3.12/site-packages/airflow/example_dags/example_external_task_marker_dag.py took 0.254 seconds
[2024-04-26T22:59:06.709+0000] {processor.py:161} INFO - Started process (PID=139) to work on /home/airflow/.local/lib/python3.12/site-packages/airflow/example_dags/example_external_task_marker_dag.py
[2024-04-26T22:59:06.711+0000] {processor.py:830} INFO - Processing file /home/airflow/.local/lib/python3.12/site-packages/airflow/example_dags/example_external_task_marker_dag.py for tasks to queue
[2024-04-26T22:59:06.713+0000] {logging_mixin.py:188} INFO - [2024-04-26T22:59:06.713+0000] {dagbag.py:540} INFO - Filling up the DagBag from /home/airflow/.local/lib/python3.12/site-packages/airflow/example_dags/example_external_task_marker_dag.py
[2024-04-26T22:59:06.718+0000] {processor.py:840} INFO - DAG(s) 'example_external_task_marker_parent', 'example_external_task_marker_child' retrieved from /home/airflow/.local/lib/python3.12/site-packages/airflow/example_dags/example_external_task_marker_dag.py
[2024-04-26T22:59:06.738+0000] {logging_mixin.py:188} INFO - [2024-04-26T22:59:06.738+0000] {dag.py:3096} INFO - Sync 2 DAGs
[2024-04-26T22:59:06.752+0000] {logging_mixin.py:188} INFO - [2024-04-26T22:59:06.751+0000] {dag.py:3954} INFO - Setting next_dagrun for example_external_task_marker_child to None, run_after=None
[2024-04-26T22:59:06.756+0000] {logging_mixin.py:188} INFO - [2024-04-26T22:59:06.756+0000] {dag.py:3954} INFO - Setting next_dagrun for example_external_task_marker_parent to None, run_after=None
[2024-04-26T22:59:06.797+0000] {processor.py:183} INFO - Processing /home/airflow/.local/lib/python3.12/site-packages/airflow/example_dags/example_external_task_marker_dag.py took 0.093 seconds
[2024-04-26T22:59:37.035+0000] {processor.py:161} INFO - Started process (PID=198) to work on /home/airflow/.local/lib/python3.12/site-packages/airflow/example_dags/example_external_task_marker_dag.py
[2024-04-26T22:59:37.037+0000] {processor.py:830} INFO - Processing file /home/airflow/.local/lib/python3.12/site-packages/airflow/example_dags/example_external_task_marker_dag.py for tasks to queue
[2024-04-26T22:59:37.038+0000] {logging_mixin.py:188} INFO - [2024-04-26T22:59:37.038+0000] {dagbag.py:540} INFO - Filling up the DagBag from /home/airflow/.local/lib/python3.12/site-packages/airflow/example_dags/example_external_task_marker_dag.py
[2024-04-26T22:59:37.043+0000] {processor.py:840} INFO - DAG(s) 'example_external_task_marker_parent', 'example_external_task_marker_child' retrieved from /home/airflow/.local/lib/python3.12/site-packages/airflow/example_dags/example_external_task_marker_dag.py
[2024-04-26T22:59:37.065+0000] {logging_mixin.py:188} INFO - [2024-04-26T22:59:37.065+0000] {dag.py:3096} INFO - Sync 2 DAGs
[2024-04-26T22:59:37.079+0000] {logging_mixin.py:188} INFO - [2024-04-26T22:59:37.079+0000] {dag.py:3954} INFO - Setting next_dagrun for example_external_task_marker_child to None, run_after=None
[2024-04-26T22:59:37.083+0000] {logging_mixin.py:188} INFO - [2024-04-26T22:59:37.083+0000] {dag.py:3954} INFO - Setting next_dagrun for example_external_task_marker_parent to None, run_after=None
[2024-04-26T22:59:37.102+0000] {processor.py:183} INFO - Processing /home/airflow/.local/lib/python3.12/site-packages/airflow/example_dags/example_external_task_marker_dag.py took 0.072 seconds
[2024-04-26T23:00:07.963+0000] {processor.py:161} INFO - Started process (PID=257) to work on /home/airflow/.local/lib/python3.12/site-packages/airflow/example_dags/example_external_task_marker_dag.py
[2024-04-26T23:00:07.964+0000] {processor.py:830} INFO - Processing file /home/airflow/.local/lib/python3.12/site-packages/airflow/example_dags/example_external_task_marker_dag.py for tasks to queue
[2024-04-26T23:00:07.966+0000] {logging_mixin.py:188} INFO - [2024-04-26T23:00:07.966+0000] {dagbag.py:540} INFO - Filling up the DagBag from /home/airflow/.local/lib/python3.12/site-packages/airflow/example_dags/example_external_task_marker_dag.py
[2024-04-26T23:00:07.973+0000] {processor.py:840} INFO - DAG(s) 'example_external_task_marker_parent', 'example_external_task_marker_child' retrieved from /home/airflow/.local/lib/python3.12/site-packages/airflow/example_dags/example_external_task_marker_dag.py
[2024-04-26T23:00:07.999+0000] {logging_mixin.py:188} INFO - [2024-04-26T23:00:07.999+0000] {dag.py:3096} INFO - Sync 2 DAGs
[2024-04-26T23:00:08.015+0000] {logging_mixin.py:188} INFO - [2024-04-26T23:00:08.015+0000] {dag.py:3954} INFO - Setting next_dagrun for example_external_task_marker_child to None, run_after=None
[2024-04-26T23:00:08.020+0000] {logging_mixin.py:188} INFO - [2024-04-26T23:00:08.019+0000] {dag.py:3954} INFO - Setting next_dagrun for example_external_task_marker_parent to None, run_after=None
[2024-04-26T23:00:08.040+0000] {processor.py:183} INFO - Processing /home/airflow/.local/lib/python3.12/site-packages/airflow/example_dags/example_external_task_marker_dag.py took 0.084 seconds
[2024-04-26T23:00:38.112+0000] {processor.py:161} INFO - Started process (PID=316) to work on /home/airflow/.local/lib/python3.12/site-packages/airflow/example_dags/example_external_task_marker_dag.py
[2024-04-26T23:00:38.113+0000] {processor.py:830} INFO - Processing file /home/airflow/.local/lib/python3.12/site-packages/airflow/example_dags/example_external_task_marker_dag.py for tasks to queue
[2024-04-26T23:00:38.115+0000] {logging_mixin.py:188} INFO - [2024-04-26T23:00:38.115+0000] {dagbag.py:540} INFO - Filling up the DagBag from /home/airflow/.local/lib/python3.12/site-packages/airflow/example_dags/example_external_task_marker_dag.py
[2024-04-26T23:00:38.120+0000] {processor.py:840} INFO - DAG(s) 'example_external_task_marker_parent', 'example_external_task_marker_child' retrieved from /home/airflow/.local/lib/python3.12/site-packages/airflow/example_dags/example_external_task_marker_dag.py
[2024-04-26T23:00:38.144+0000] {logging_mixin.py:188} INFO - [2024-04-26T23:00:38.144+0000] {dag.py:3096} INFO - Sync 2 DAGs
[2024-04-26T23:00:38.158+0000] {logging_mixin.py:188} INFO - [2024-04-26T23:00:38.158+0000] {dag.py:3954} INFO - Setting next_dagrun for example_external_task_marker_child to None, run_after=None
[2024-04-26T23:00:38.162+0000] {logging_mixin.py:188} INFO - [2024-04-26T23:00:38.161+0000] {dag.py:3954} INFO - Setting next_dagrun for example_external_task_marker_parent to None, run_after=None
[2024-04-26T23:00:38.181+0000] {processor.py:183} INFO - Processing /home/airflow/.local/lib/python3.12/site-packages/airflow/example_dags/example_external_task_marker_dag.py took 0.074 seconds
[2024-04-26T23:01:08.681+0000] {processor.py:161} INFO - Started process (PID=375) to work on /home/airflow/.local/lib/python3.12/site-packages/airflow/example_dags/example_external_task_marker_dag.py
[2024-04-26T23:01:08.682+0000] {processor.py:830} INFO - Processing file /home/airflow/.local/lib/python3.12/site-packages/airflow/example_dags/example_external_task_marker_dag.py for tasks to queue
[2024-04-26T23:01:08.684+0000] {logging_mixin.py:188} INFO - [2024-04-26T23:01:08.684+0000] {dagbag.py:540} INFO - Filling up the DagBag from /home/airflow/.local/lib/python3.12/site-packages/airflow/example_dags/example_external_task_marker_dag.py
[2024-04-26T23:01:08.691+0000] {processor.py:840} INFO - DAG(s) 'example_external_task_marker_parent', 'example_external_task_marker_child' retrieved from /home/airflow/.local/lib/python3.12/site-packages/airflow/example_dags/example_external_task_marker_dag.py
[2024-04-26T23:01:08.713+0000] {logging_mixin.py:188} INFO - [2024-04-26T23:01:08.713+0000] {dag.py:3096} INFO - Sync 2 DAGs
[2024-04-26T23:01:08.728+0000] {logging_mixin.py:188} INFO - [2024-04-26T23:01:08.728+0000] {dag.py:3954} INFO - Setting next_dagrun for example_external_task_marker_child to None, run_after=None
[2024-04-26T23:01:08.734+0000] {logging_mixin.py:188} INFO - [2024-04-26T23:01:08.733+0000] {dag.py:3954} INFO - Setting next_dagrun for example_external_task_marker_parent to None, run_after=None
[2024-04-26T23:01:08.755+0000] {processor.py:183} INFO - Processing /home/airflow/.local/lib/python3.12/site-packages/airflow/example_dags/example_external_task_marker_dag.py took 0.080 seconds
[2024-04-26T23:01:39.143+0000] {processor.py:161} INFO - Started process (PID=434) to work on /home/airflow/.local/lib/python3.12/site-packages/airflow/example_dags/example_external_task_marker_dag.py
[2024-04-26T23:01:39.144+0000] {processor.py:830} INFO - Processing file /home/airflow/.local/lib/python3.12/site-packages/airflow/example_dags/example_external_task_marker_dag.py for tasks to queue
[2024-04-26T23:01:39.146+0000] {logging_mixin.py:188} INFO - [2024-04-26T23:01:39.146+0000] {dagbag.py:540} INFO - Filling up the DagBag from /home/airflow/.local/lib/python3.12/site-packages/airflow/example_dags/example_external_task_marker_dag.py
[2024-04-26T23:01:39.151+0000] {processor.py:840} INFO - DAG(s) 'example_external_task_marker_parent', 'example_external_task_marker_child' retrieved from /home/airflow/.local/lib/python3.12/site-packages/airflow/example_dags/example_external_task_marker_dag.py
[2024-04-26T23:01:39.172+0000] {logging_mixin.py:188} INFO - [2024-04-26T23:01:39.172+0000] {dag.py:3096} INFO - Sync 2 DAGs
[2024-04-26T23:01:39.184+0000] {logging_mixin.py:188} INFO - [2024-04-26T23:01:39.183+0000] {dag.py:3954} INFO - Setting next_dagrun for example_external_task_marker_child to None, run_after=None
[2024-04-26T23:01:39.188+0000] {logging_mixin.py:188} INFO - [2024-04-26T23:01:39.188+0000] {dag.py:3954} INFO - Setting next_dagrun for example_external_task_marker_parent to None, run_after=None
[2024-04-26T23:01:39.208+0000] {processor.py:183} INFO - Processing /home/airflow/.local/lib/python3.12/site-packages/airflow/example_dags/example_external_task_marker_dag.py took 0.069 seconds
[2024-04-26T23:02:09.407+0000] {processor.py:161} INFO - Started process (PID=493) to work on /home/airflow/.local/lib/python3.12/site-packages/airflow/example_dags/example_external_task_marker_dag.py
[2024-04-26T23:02:09.408+0000] {processor.py:830} INFO - Processing file /home/airflow/.local/lib/python3.12/site-packages/airflow/example_dags/example_external_task_marker_dag.py for tasks to queue
[2024-04-26T23:02:09.409+0000] {logging_mixin.py:188} INFO - [2024-04-26T23:02:09.409+0000] {dagbag.py:540} INFO - Filling up the DagBag from /home/airflow/.local/lib/python3.12/site-packages/airflow/example_dags/example_external_task_marker_dag.py
[2024-04-26T23:02:09.414+0000] {processor.py:840} INFO - DAG(s) 'example_external_task_marker_child', 'example_external_task_marker_parent' retrieved from /home/airflow/.local/lib/python3.12/site-packages/airflow/example_dags/example_external_task_marker_dag.py
[2024-04-26T23:02:09.433+0000] {logging_mixin.py:188} INFO - [2024-04-26T23:02:09.433+0000] {dag.py:3096} INFO - Sync 2 DAGs
[2024-04-26T23:02:09.445+0000] {logging_mixin.py:188} INFO - [2024-04-26T23:02:09.444+0000] {dag.py:3954} INFO - Setting next_dagrun for example_external_task_marker_child to None, run_after=None
[2024-04-26T23:02:09.448+0000] {logging_mixin.py:188} INFO - [2024-04-26T23:02:09.448+0000] {dag.py:3954} INFO - Setting next_dagrun for example_external_task_marker_parent to None, run_after=None
[2024-04-26T23:02:09.465+0000] {processor.py:183} INFO - Processing /home/airflow/.local/lib/python3.12/site-packages/airflow/example_dags/example_external_task_marker_dag.py took 0.063 seconds
[2024-04-26T23:02:40.038+0000] {processor.py:161} INFO - Started process (PID=552) to work on /home/airflow/.local/lib/python3.12/site-packages/airflow/example_dags/example_external_task_marker_dag.py
[2024-04-26T23:02:40.039+0000] {processor.py:830} INFO - Processing file /home/airflow/.local/lib/python3.12/site-packages/airflow/example_dags/example_external_task_marker_dag.py for tasks to queue
[2024-04-26T23:02:40.041+0000] {logging_mixin.py:188} INFO - [2024-04-26T23:02:40.041+0000] {dagbag.py:540} INFO - Filling up the DagBag from /home/airflow/.local/lib/python3.12/site-packages/airflow/example_dags/example_external_task_marker_dag.py
[2024-04-26T23:02:40.047+0000] {processor.py:840} INFO - DAG(s) 'example_external_task_marker_child', 'example_external_task_marker_parent' retrieved from /home/airflow/.local/lib/python3.12/site-packages/airflow/example_dags/example_external_task_marker_dag.py
[2024-04-26T23:02:40.067+0000] {logging_mixin.py:188} INFO - [2024-04-26T23:02:40.067+0000] {dag.py:3096} INFO - Sync 2 DAGs
[2024-04-26T23:02:40.079+0000] {logging_mixin.py:188} INFO - [2024-04-26T23:02:40.078+0000] {dag.py:3954} INFO - Setting next_dagrun for example_external_task_marker_child to None, run_after=None
[2024-04-26T23:02:40.082+0000] {logging_mixin.py:188} INFO - [2024-04-26T23:02:40.082+0000] {dag.py:3954} INFO - Setting next_dagrun for example_external_task_marker_parent to None, run_after=None
[2024-04-26T23:02:40.101+0000] {processor.py:183} INFO - Processing /home/airflow/.local/lib/python3.12/site-packages/airflow/example_dags/example_external_task_marker_dag.py took 0.068 seconds
[2024-04-26T23:03:10.239+0000] {processor.py:161} INFO - Started process (PID=611) to work on /home/airflow/.local/lib/python3.12/site-packages/airflow/example_dags/example_external_task_marker_dag.py
[2024-04-26T23:03:10.240+0000] {processor.py:830} INFO - Processing file /home/airflow/.local/lib/python3.12/site-packages/airflow/example_dags/example_external_task_marker_dag.py for tasks to queue
[2024-04-26T23:03:10.241+0000] {logging_mixin.py:188} INFO - [2024-04-26T23:03:10.241+0000] {dagbag.py:540} INFO - Filling up the DagBag from /home/airflow/.local/lib/python3.12/site-packages/airflow/example_dags/example_external_task_marker_dag.py
[2024-04-26T23:03:10.246+0000] {processor.py:840} INFO - DAG(s) 'example_external_task_marker_child', 'example_external_task_marker_parent' retrieved from /home/airflow/.local/lib/python3.12/site-packages/airflow/example_dags/example_external_task_marker_dag.py
[2024-04-26T23:03:10.268+0000] {logging_mixin.py:188} INFO - [2024-04-26T23:03:10.268+0000] {dag.py:3096} INFO - Sync 2 DAGs
[2024-04-26T23:03:10.279+0000] {logging_mixin.py:188} INFO - [2024-04-26T23:03:10.279+0000] {dag.py:3954} INFO - Setting next_dagrun for example_external_task_marker_child to None, run_after=None
[2024-04-26T23:03:10.284+0000] {logging_mixin.py:188} INFO - [2024-04-26T23:03:10.283+0000] {dag.py:3954} INFO - Setting next_dagrun for example_external_task_marker_parent to None, run_after=None
[2024-04-26T23:03:10.303+0000] {processor.py:183} INFO - Processing /home/airflow/.local/lib/python3.12/site-packages/airflow/example_dags/example_external_task_marker_dag.py took 0.070 seconds
[2024-04-26T23:03:40.558+0000] {processor.py:161} INFO - Started process (PID=670) to work on /home/airflow/.local/lib/python3.12/site-packages/airflow/example_dags/example_external_task_marker_dag.py
[2024-04-26T23:03:40.558+0000] {processor.py:830} INFO - Processing file /home/airflow/.local/lib/python3.12/site-packages/airflow/example_dags/example_external_task_marker_dag.py for tasks to queue
[2024-04-26T23:03:40.560+0000] {logging_mixin.py:188} INFO - [2024-04-26T23:03:40.560+0000] {dagbag.py:540} INFO - Filling up the DagBag from /home/airflow/.local/lib/python3.12/site-packages/airflow/example_dags/example_external_task_marker_dag.py
[2024-04-26T23:03:40.565+0000] {processor.py:840} INFO - DAG(s) 'example_external_task_marker_parent', 'example_external_task_marker_child' retrieved from /home/airflow/.local/lib/python3.12/site-packages/airflow/example_dags/example_external_task_marker_dag.py
[2024-04-26T23:03:40.585+0000] {logging_mixin.py:188} INFO - [2024-04-26T23:03:40.585+0000] {dag.py:3096} INFO - Sync 2 DAGs
[2024-04-26T23:03:40.596+0000] {logging_mixin.py:188} INFO - [2024-04-26T23:03:40.596+0000] {dag.py:3954} INFO - Setting next_dagrun for example_external_task_marker_child to None, run_after=None
[2024-04-26T23:03:40.600+0000] {logging_mixin.py:188} INFO - [2024-04-26T23:03:40.600+0000] {dag.py:3954} INFO - Setting next_dagrun for example_external_task_marker_parent to None, run_after=None
[2024-04-26T23:03:40.617+0000] {processor.py:183} INFO - Processing /home/airflow/.local/lib/python3.12/site-packages/airflow/example_dags/example_external_task_marker_dag.py took 0.065 seconds
[2024-04-26T23:04:10.797+0000] {processor.py:161} INFO - Started process (PID=729) to work on /home/airflow/.local/lib/python3.12/site-packages/airflow/example_dags/example_external_task_marker_dag.py
[2024-04-26T23:04:10.798+0000] {processor.py:830} INFO - Processing file /home/airflow/.local/lib/python3.12/site-packages/airflow/example_dags/example_external_task_marker_dag.py for tasks to queue
[2024-04-26T23:04:10.800+0000] {logging_mixin.py:188} INFO - [2024-04-26T23:04:10.800+0000] {dagbag.py:540} INFO - Filling up the DagBag from /home/airflow/.local/lib/python3.12/site-packages/airflow/example_dags/example_external_task_marker_dag.py
[2024-04-26T23:04:10.806+0000] {processor.py:840} INFO - DAG(s) 'example_external_task_marker_parent', 'example_external_task_marker_child' retrieved from /home/airflow/.local/lib/python3.12/site-packages/airflow/example_dags/example_external_task_marker_dag.py
[2024-04-26T23:04:10.829+0000] {logging_mixin.py:188} INFO - [2024-04-26T23:04:10.829+0000] {dag.py:3096} INFO - Sync 2 DAGs
[2024-04-26T23:04:10.842+0000] {logging_mixin.py:188} INFO - [2024-04-26T23:04:10.842+0000] {dag.py:3954} INFO - Setting next_dagrun for example_external_task_marker_child to None, run_after=None
[2024-04-26T23:04:10.847+0000] {logging_mixin.py:188} INFO - [2024-04-26T23:04:10.846+0000] {dag.py:3954} INFO - Setting next_dagrun for example_external_task_marker_parent to None, run_after=None
[2024-04-26T23:04:10.870+0000] {processor.py:183} INFO - Processing /home/airflow/.local/lib/python3.12/site-packages/airflow/example_dags/example_external_task_marker_dag.py took 0.079 seconds
[2024-04-26T23:04:41.887+0000] {processor.py:161} INFO - Started process (PID=788) to work on /home/airflow/.local/lib/python3.12/site-packages/airflow/example_dags/example_external_task_marker_dag.py
[2024-04-26T23:04:41.888+0000] {processor.py:830} INFO - Processing file /home/airflow/.local/lib/python3.12/site-packages/airflow/example_dags/example_external_task_marker_dag.py for tasks to queue
[2024-04-26T23:04:41.890+0000] {logging_mixin.py:188} INFO - [2024-04-26T23:04:41.890+0000] {dagbag.py:540} INFO - Filling up the DagBag from /home/airflow/.local/lib/python3.12/site-packages/airflow/example_dags/example_external_task_marker_dag.py
[2024-04-26T23:04:41.896+0000] {processor.py:840} INFO - DAG(s) 'example_external_task_marker_parent', 'example_external_task_marker_child' retrieved from /home/airflow/.local/lib/python3.12/site-packages/airflow/example_dags/example_external_task_marker_dag.py
[2024-04-26T23:04:41.918+0000] {logging_mixin.py:188} INFO - [2024-04-26T23:04:41.917+0000] {dag.py:3096} INFO - Sync 2 DAGs
[2024-04-26T23:04:41.930+0000] {logging_mixin.py:188} INFO - [2024-04-26T23:04:41.929+0000] {dag.py:3954} INFO - Setting next_dagrun for example_external_task_marker_child to None, run_after=None
[2024-04-26T23:04:41.933+0000] {logging_mixin.py:188} INFO - [2024-04-26T23:04:41.933+0000] {dag.py:3954} INFO - Setting next_dagrun for example_external_task_marker_parent to None, run_after=None
[2024-04-26T23:04:41.952+0000] {processor.py:183} INFO - Processing /home/airflow/.local/lib/python3.12/site-packages/airflow/example_dags/example_external_task_marker_dag.py took 0.070 seconds
[2024-04-26T23:05:12.530+0000] {processor.py:161} INFO - Started process (PID=847) to work on /home/airflow/.local/lib/python3.12/site-packages/airflow/example_dags/example_external_task_marker_dag.py
[2024-04-26T23:05:12.531+0000] {processor.py:830} INFO - Processing file /home/airflow/.local/lib/python3.12/site-packages/airflow/example_dags/example_external_task_marker_dag.py for tasks to queue
[2024-04-26T23:05:12.533+0000] {logging_mixin.py:188} INFO - [2024-04-26T23:05:12.533+0000] {dagbag.py:540} INFO - Filling up the DagBag from /home/airflow/.local/lib/python3.12/site-packages/airflow/example_dags/example_external_task_marker_dag.py
[2024-04-26T23:05:12.539+0000] {processor.py:840} INFO - DAG(s) 'example_external_task_marker_child', 'example_external_task_marker_parent' retrieved from /home/airflow/.local/lib/python3.12/site-packages/airflow/example_dags/example_external_task_marker_dag.py
[2024-04-26T23:05:12.564+0000] {logging_mixin.py:188} INFO - [2024-04-26T23:05:12.563+0000] {dag.py:3096} INFO - Sync 2 DAGs
[2024-04-26T23:05:12.577+0000] {logging_mixin.py:188} INFO - [2024-04-26T23:05:12.577+0000] {dag.py:3954} INFO - Setting next_dagrun for example_external_task_marker_child to None, run_after=None
[2024-04-26T23:05:12.582+0000] {logging_mixin.py:188} INFO - [2024-04-26T23:05:12.582+0000] {dag.py:3954} INFO - Setting next_dagrun for example_external_task_marker_parent to None, run_after=None
[2024-04-26T23:05:12.603+0000] {processor.py:183} INFO - Processing /home/airflow/.local/lib/python3.12/site-packages/airflow/example_dags/example_external_task_marker_dag.py took 0.079 seconds
[2024-04-26T23:05:42.987+0000] {processor.py:161} INFO - Started process (PID=906) to work on /home/airflow/.local/lib/python3.12/site-packages/airflow/example_dags/example_external_task_marker_dag.py
[2024-04-26T23:05:42.988+0000] {processor.py:830} INFO - Processing file /home/airflow/.local/lib/python3.12/site-packages/airflow/example_dags/example_external_task_marker_dag.py for tasks to queue
[2024-04-26T23:05:42.990+0000] {logging_mixin.py:188} INFO - [2024-04-26T23:05:42.990+0000] {dagbag.py:540} INFO - Filling up the DagBag from /home/airflow/.local/lib/python3.12/site-packages/airflow/example_dags/example_external_task_marker_dag.py
[2024-04-26T23:05:42.998+0000] {processor.py:840} INFO - DAG(s) 'example_external_task_marker_child', 'example_external_task_marker_parent' retrieved from /home/airflow/.local/lib/python3.12/site-packages/airflow/example_dags/example_external_task_marker_dag.py
[2024-04-26T23:05:43.025+0000] {logging_mixin.py:188} INFO - [2024-04-26T23:05:43.024+0000] {dag.py:3096} INFO - Sync 2 DAGs
[2024-04-26T23:05:43.040+0000] {logging_mixin.py:188} INFO - [2024-04-26T23:05:43.039+0000] {dag.py:3954} INFO - Setting next_dagrun for example_external_task_marker_child to None, run_after=None
[2024-04-26T23:05:43.045+0000] {logging_mixin.py:188} INFO - [2024-04-26T23:05:43.044+0000] {dag.py:3954} INFO - Setting next_dagrun for example_external_task_marker_parent to None, run_after=None
[2024-04-26T23:05:43.067+0000] {processor.py:183} INFO - Processing /home/airflow/.local/lib/python3.12/site-packages/airflow/example_dags/example_external_task_marker_dag.py took 0.087 seconds
[2024-04-26T23:09:56.768+0000] {processor.py:161} INFO - Started process (PID=74) to work on /home/airflow/.local/lib/python3.12/site-packages/airflow/example_dags/example_external_task_marker_dag.py
[2024-04-26T23:09:56.769+0000] {processor.py:830} INFO - Processing file /home/airflow/.local/lib/python3.12/site-packages/airflow/example_dags/example_external_task_marker_dag.py for tasks to queue
[2024-04-26T23:09:56.771+0000] {logging_mixin.py:188} INFO - [2024-04-26T23:09:56.771+0000] {dagbag.py:540} INFO - Filling up the DagBag from /home/airflow/.local/lib/python3.12/site-packages/airflow/example_dags/example_external_task_marker_dag.py
[2024-04-26T23:09:56.778+0000] {processor.py:840} INFO - DAG(s) 'example_external_task_marker_child', 'example_external_task_marker_parent' retrieved from /home/airflow/.local/lib/python3.12/site-packages/airflow/example_dags/example_external_task_marker_dag.py
[2024-04-26T23:09:56.791+0000] {logging_mixin.py:188} INFO - [2024-04-26T23:09:56.791+0000] {dag.py:3096} INFO - Sync 2 DAGs
[2024-04-26T23:09:56.808+0000] {logging_mixin.py:188} INFO - [2024-04-26T23:09:56.808+0000] {dag.py:3954} INFO - Setting next_dagrun for example_external_task_marker_child to None, run_after=None
[2024-04-26T23:09:56.813+0000] {logging_mixin.py:188} INFO - [2024-04-26T23:09:56.813+0000] {dag.py:3954} INFO - Setting next_dagrun for example_external_task_marker_parent to None, run_after=None
[2024-04-26T23:09:56.834+0000] {processor.py:183} INFO - Processing /home/airflow/.local/lib/python3.12/site-packages/airflow/example_dags/example_external_task_marker_dag.py took 0.072 seconds
[2024-04-26T23:10:27.998+0000] {processor.py:161} INFO - Started process (PID=133) to work on /home/airflow/.local/lib/python3.12/site-packages/airflow/example_dags/example_external_task_marker_dag.py
[2024-04-26T23:10:27.999+0000] {processor.py:830} INFO - Processing file /home/airflow/.local/lib/python3.12/site-packages/airflow/example_dags/example_external_task_marker_dag.py for tasks to queue
[2024-04-26T23:10:28.002+0000] {logging_mixin.py:188} INFO - [2024-04-26T23:10:28.001+0000] {dagbag.py:540} INFO - Filling up the DagBag from /home/airflow/.local/lib/python3.12/site-packages/airflow/example_dags/example_external_task_marker_dag.py
[2024-04-26T23:10:28.007+0000] {processor.py:840} INFO - DAG(s) 'example_external_task_marker_parent', 'example_external_task_marker_child' retrieved from /home/airflow/.local/lib/python3.12/site-packages/airflow/example_dags/example_external_task_marker_dag.py
[2024-04-26T23:10:28.127+0000] {logging_mixin.py:188} INFO - [2024-04-26T23:10:28.127+0000] {dag.py:3096} INFO - Sync 2 DAGs
[2024-04-26T23:10:28.141+0000] {logging_mixin.py:188} INFO - [2024-04-26T23:10:28.141+0000] {dag.py:3954} INFO - Setting next_dagrun for example_external_task_marker_child to None, run_after=None
[2024-04-26T23:10:28.145+0000] {logging_mixin.py:188} INFO - [2024-04-26T23:10:28.144+0000] {dag.py:3954} INFO - Setting next_dagrun for example_external_task_marker_parent to None, run_after=None
[2024-04-26T23:10:28.168+0000] {processor.py:183} INFO - Processing /home/airflow/.local/lib/python3.12/site-packages/airflow/example_dags/example_external_task_marker_dag.py took 0.174 seconds
[2024-04-26T23:10:58.389+0000] {processor.py:161} INFO - Started process (PID=192) to work on /home/airflow/.local/lib/python3.12/site-packages/airflow/example_dags/example_external_task_marker_dag.py
[2024-04-26T23:10:58.390+0000] {processor.py:830} INFO - Processing file /home/airflow/.local/lib/python3.12/site-packages/airflow/example_dags/example_external_task_marker_dag.py for tasks to queue
[2024-04-26T23:10:58.392+0000] {logging_mixin.py:188} INFO - [2024-04-26T23:10:58.391+0000] {dagbag.py:540} INFO - Filling up the DagBag from /home/airflow/.local/lib/python3.12/site-packages/airflow/example_dags/example_external_task_marker_dag.py
[2024-04-26T23:10:58.398+0000] {processor.py:840} INFO - DAG(s) 'example_external_task_marker_parent', 'example_external_task_marker_child' retrieved from /home/airflow/.local/lib/python3.12/site-packages/airflow/example_dags/example_external_task_marker_dag.py
[2024-04-26T23:10:58.424+0000] {logging_mixin.py:188} INFO - [2024-04-26T23:10:58.424+0000] {dag.py:3096} INFO - Sync 2 DAGs
[2024-04-26T23:10:58.438+0000] {logging_mixin.py:188} INFO - [2024-04-26T23:10:58.438+0000] {dag.py:3954} INFO - Setting next_dagrun for example_external_task_marker_child to None, run_after=None
[2024-04-26T23:10:58.443+0000] {logging_mixin.py:188} INFO - [2024-04-26T23:10:58.443+0000] {dag.py:3954} INFO - Setting next_dagrun for example_external_task_marker_parent to None, run_after=None
[2024-04-26T23:10:58.465+0000] {processor.py:183} INFO - Processing /home/airflow/.local/lib/python3.12/site-packages/airflow/example_dags/example_external_task_marker_dag.py took 0.082 seconds
[2024-04-26T23:11:29.386+0000] {processor.py:161} INFO - Started process (PID=251) to work on /home/airflow/.local/lib/python3.12/site-packages/airflow/example_dags/example_external_task_marker_dag.py
[2024-04-26T23:11:29.387+0000] {processor.py:830} INFO - Processing file /home/airflow/.local/lib/python3.12/site-packages/airflow/example_dags/example_external_task_marker_dag.py for tasks to queue
[2024-04-26T23:11:29.389+0000] {logging_mixin.py:188} INFO - [2024-04-26T23:11:29.389+0000] {dagbag.py:540} INFO - Filling up the DagBag from /home/airflow/.local/lib/python3.12/site-packages/airflow/example_dags/example_external_task_marker_dag.py
[2024-04-26T23:11:29.395+0000] {processor.py:840} INFO - DAG(s) 'example_external_task_marker_parent', 'example_external_task_marker_child' retrieved from /home/airflow/.local/lib/python3.12/site-packages/airflow/example_dags/example_external_task_marker_dag.py
[2024-04-26T23:11:29.419+0000] {logging_mixin.py:188} INFO - [2024-04-26T23:11:29.419+0000] {dag.py:3096} INFO - Sync 2 DAGs
[2024-04-26T23:11:29.432+0000] {logging_mixin.py:188} INFO - [2024-04-26T23:11:29.431+0000] {dag.py:3954} INFO - Setting next_dagrun for example_external_task_marker_child to None, run_after=None
[2024-04-26T23:11:29.436+0000] {logging_mixin.py:188} INFO - [2024-04-26T23:11:29.435+0000] {dag.py:3954} INFO - Setting next_dagrun for example_external_task_marker_parent to None, run_after=None
[2024-04-26T23:11:29.452+0000] {processor.py:183} INFO - Processing /home/airflow/.local/lib/python3.12/site-packages/airflow/example_dags/example_external_task_marker_dag.py took 0.072 seconds
[2024-04-26T23:11:59.688+0000] {processor.py:161} INFO - Started process (PID=310) to work on /home/airflow/.local/lib/python3.12/site-packages/airflow/example_dags/example_external_task_marker_dag.py
[2024-04-26T23:11:59.688+0000] {processor.py:830} INFO - Processing file /home/airflow/.local/lib/python3.12/site-packages/airflow/example_dags/example_external_task_marker_dag.py for tasks to queue
[2024-04-26T23:11:59.691+0000] {logging_mixin.py:188} INFO - [2024-04-26T23:11:59.690+0000] {dagbag.py:540} INFO - Filling up the DagBag from /home/airflow/.local/lib/python3.12/site-packages/airflow/example_dags/example_external_task_marker_dag.py
[2024-04-26T23:11:59.696+0000] {processor.py:840} INFO - DAG(s) 'example_external_task_marker_parent', 'example_external_task_marker_child' retrieved from /home/airflow/.local/lib/python3.12/site-packages/airflow/example_dags/example_external_task_marker_dag.py
[2024-04-26T23:11:59.718+0000] {logging_mixin.py:188} INFO - [2024-04-26T23:11:59.718+0000] {dag.py:3096} INFO - Sync 2 DAGs
[2024-04-26T23:11:59.732+0000] {logging_mixin.py:188} INFO - [2024-04-26T23:11:59.732+0000] {dag.py:3954} INFO - Setting next_dagrun for example_external_task_marker_child to None, run_after=None
[2024-04-26T23:11:59.736+0000] {logging_mixin.py:188} INFO - [2024-04-26T23:11:59.736+0000] {dag.py:3954} INFO - Setting next_dagrun for example_external_task_marker_parent to None, run_after=None
[2024-04-26T23:11:59.754+0000] {processor.py:183} INFO - Processing /home/airflow/.local/lib/python3.12/site-packages/airflow/example_dags/example_external_task_marker_dag.py took 0.071 seconds
[2024-04-26T23:12:29.916+0000] {processor.py:161} INFO - Started process (PID=369) to work on /home/airflow/.local/lib/python3.12/site-packages/airflow/example_dags/example_external_task_marker_dag.py
[2024-04-26T23:12:29.917+0000] {processor.py:830} INFO - Processing file /home/airflow/.local/lib/python3.12/site-packages/airflow/example_dags/example_external_task_marker_dag.py for tasks to queue
[2024-04-26T23:12:29.919+0000] {logging_mixin.py:188} INFO - [2024-04-26T23:12:29.919+0000] {dagbag.py:540} INFO - Filling up the DagBag from /home/airflow/.local/lib/python3.12/site-packages/airflow/example_dags/example_external_task_marker_dag.py
[2024-04-26T23:12:29.924+0000] {processor.py:840} INFO - DAG(s) 'example_external_task_marker_parent', 'example_external_task_marker_child' retrieved from /home/airflow/.local/lib/python3.12/site-packages/airflow/example_dags/example_external_task_marker_dag.py
[2024-04-26T23:12:29.944+0000] {logging_mixin.py:188} INFO - [2024-04-26T23:12:29.944+0000] {dag.py:3096} INFO - Sync 2 DAGs
[2024-04-26T23:12:29.956+0000] {logging_mixin.py:188} INFO - [2024-04-26T23:12:29.956+0000] {dag.py:3954} INFO - Setting next_dagrun for example_external_task_marker_child to None, run_after=None
[2024-04-26T23:12:29.959+0000] {logging_mixin.py:188} INFO - [2024-04-26T23:12:29.959+0000] {dag.py:3954} INFO - Setting next_dagrun for example_external_task_marker_parent to None, run_after=None
[2024-04-26T23:12:29.980+0000] {processor.py:183} INFO - Processing /home/airflow/.local/lib/python3.12/site-packages/airflow/example_dags/example_external_task_marker_dag.py took 0.069 seconds
[2024-04-26T23:13:00.453+0000] {processor.py:161} INFO - Started process (PID=428) to work on /home/airflow/.local/lib/python3.12/site-packages/airflow/example_dags/example_external_task_marker_dag.py
[2024-04-26T23:13:00.454+0000] {processor.py:830} INFO - Processing file /home/airflow/.local/lib/python3.12/site-packages/airflow/example_dags/example_external_task_marker_dag.py for tasks to queue
[2024-04-26T23:13:00.456+0000] {logging_mixin.py:188} INFO - [2024-04-26T23:13:00.455+0000] {dagbag.py:540} INFO - Filling up the DagBag from /home/airflow/.local/lib/python3.12/site-packages/airflow/example_dags/example_external_task_marker_dag.py
[2024-04-26T23:13:00.461+0000] {processor.py:840} INFO - DAG(s) 'example_external_task_marker_parent', 'example_external_task_marker_child' retrieved from /home/airflow/.local/lib/python3.12/site-packages/airflow/example_dags/example_external_task_marker_dag.py
[2024-04-26T23:13:00.482+0000] {logging_mixin.py:188} INFO - [2024-04-26T23:13:00.482+0000] {dag.py:3096} INFO - Sync 2 DAGs
[2024-04-26T23:13:00.493+0000] {logging_mixin.py:188} INFO - [2024-04-26T23:13:00.493+0000] {dag.py:3954} INFO - Setting next_dagrun for example_external_task_marker_child to None, run_after=None
[2024-04-26T23:13:00.497+0000] {logging_mixin.py:188} INFO - [2024-04-26T23:13:00.497+0000] {dag.py:3954} INFO - Setting next_dagrun for example_external_task_marker_parent to None, run_after=None
[2024-04-26T23:13:00.514+0000] {processor.py:183} INFO - Processing /home/airflow/.local/lib/python3.12/site-packages/airflow/example_dags/example_external_task_marker_dag.py took 0.067 seconds
[2024-04-26T23:13:31.565+0000] {processor.py:161} INFO - Started process (PID=487) to work on /home/airflow/.local/lib/python3.12/site-packages/airflow/example_dags/example_external_task_marker_dag.py
[2024-04-26T23:13:31.565+0000] {processor.py:830} INFO - Processing file /home/airflow/.local/lib/python3.12/site-packages/airflow/example_dags/example_external_task_marker_dag.py for tasks to queue
[2024-04-26T23:13:31.567+0000] {logging_mixin.py:188} INFO - [2024-04-26T23:13:31.567+0000] {dagbag.py:540} INFO - Filling up the DagBag from /home/airflow/.local/lib/python3.12/site-packages/airflow/example_dags/example_external_task_marker_dag.py
[2024-04-26T23:13:31.572+0000] {processor.py:840} INFO - DAG(s) 'example_external_task_marker_child', 'example_external_task_marker_parent' retrieved from /home/airflow/.local/lib/python3.12/site-packages/airflow/example_dags/example_external_task_marker_dag.py
[2024-04-26T23:13:31.589+0000] {logging_mixin.py:188} INFO - [2024-04-26T23:13:31.589+0000] {dag.py:3096} INFO - Sync 2 DAGs
[2024-04-26T23:13:31.598+0000] {logging_mixin.py:188} INFO - [2024-04-26T23:13:31.598+0000] {dag.py:3954} INFO - Setting next_dagrun for example_external_task_marker_child to None, run_after=None
[2024-04-26T23:13:31.601+0000] {logging_mixin.py:188} INFO - [2024-04-26T23:13:31.601+0000] {dag.py:3954} INFO - Setting next_dagrun for example_external_task_marker_parent to None, run_after=None
[2024-04-26T23:13:31.616+0000] {processor.py:183} INFO - Processing /home/airflow/.local/lib/python3.12/site-packages/airflow/example_dags/example_external_task_marker_dag.py took 0.057 seconds
[2024-04-26T23:17:54.752+0000] {processor.py:161} INFO - Started process (PID=74) to work on /home/airflow/.local/lib/python3.12/site-packages/airflow/example_dags/example_external_task_marker_dag.py
[2024-04-26T23:17:54.754+0000] {processor.py:830} INFO - Processing file /home/airflow/.local/lib/python3.12/site-packages/airflow/example_dags/example_external_task_marker_dag.py for tasks to queue
[2024-04-26T23:17:54.756+0000] {logging_mixin.py:188} INFO - [2024-04-26T23:17:54.755+0000] {dagbag.py:540} INFO - Filling up the DagBag from /home/airflow/.local/lib/python3.12/site-packages/airflow/example_dags/example_external_task_marker_dag.py
[2024-04-26T23:17:54.761+0000] {processor.py:840} INFO - DAG(s) 'example_external_task_marker_parent', 'example_external_task_marker_child' retrieved from /home/airflow/.local/lib/python3.12/site-packages/airflow/example_dags/example_external_task_marker_dag.py
[2024-04-26T23:17:54.775+0000] {logging_mixin.py:188} INFO - [2024-04-26T23:17:54.775+0000] {dag.py:3096} INFO - Sync 2 DAGs
[2024-04-26T23:17:54.789+0000] {logging_mixin.py:188} INFO - [2024-04-26T23:17:54.789+0000] {dag.py:3954} INFO - Setting next_dagrun for example_external_task_marker_child to None, run_after=None
[2024-04-26T23:17:54.793+0000] {logging_mixin.py:188} INFO - [2024-04-26T23:17:54.793+0000] {dag.py:3954} INFO - Setting next_dagrun for example_external_task_marker_parent to None, run_after=None
[2024-04-26T23:17:54.815+0000] {processor.py:183} INFO - Processing /home/airflow/.local/lib/python3.12/site-packages/airflow/example_dags/example_external_task_marker_dag.py took 0.067 seconds
[2024-04-26T23:18:26.009+0000] {processor.py:161} INFO - Started process (PID=133) to work on /home/airflow/.local/lib/python3.12/site-packages/airflow/example_dags/example_external_task_marker_dag.py
[2024-04-26T23:18:26.011+0000] {processor.py:830} INFO - Processing file /home/airflow/.local/lib/python3.12/site-packages/airflow/example_dags/example_external_task_marker_dag.py for tasks to queue
[2024-04-26T23:18:26.013+0000] {logging_mixin.py:188} INFO - [2024-04-26T23:18:26.012+0000] {dagbag.py:540} INFO - Filling up the DagBag from /home/airflow/.local/lib/python3.12/site-packages/airflow/example_dags/example_external_task_marker_dag.py
[2024-04-26T23:18:26.019+0000] {processor.py:840} INFO - DAG(s) 'example_external_task_marker_parent', 'example_external_task_marker_child' retrieved from /home/airflow/.local/lib/python3.12/site-packages/airflow/example_dags/example_external_task_marker_dag.py
[2024-04-26T23:18:26.132+0000] {logging_mixin.py:188} INFO - [2024-04-26T23:18:26.132+0000] {dag.py:3096} INFO - Sync 2 DAGs
[2024-04-26T23:18:26.145+0000] {logging_mixin.py:188} INFO - [2024-04-26T23:18:26.145+0000] {dag.py:3954} INFO - Setting next_dagrun for example_external_task_marker_child to None, run_after=None
[2024-04-26T23:18:26.149+0000] {logging_mixin.py:188} INFO - [2024-04-26T23:18:26.149+0000] {dag.py:3954} INFO - Setting next_dagrun for example_external_task_marker_parent to None, run_after=None
[2024-04-26T23:18:26.169+0000] {processor.py:183} INFO - Processing /home/airflow/.local/lib/python3.12/site-packages/airflow/example_dags/example_external_task_marker_dag.py took 0.166 seconds
[2024-04-26T23:18:56.857+0000] {processor.py:161} INFO - Started process (PID=192) to work on /home/airflow/.local/lib/python3.12/site-packages/airflow/example_dags/example_external_task_marker_dag.py
[2024-04-26T23:18:56.859+0000] {processor.py:830} INFO - Processing file /home/airflow/.local/lib/python3.12/site-packages/airflow/example_dags/example_external_task_marker_dag.py for tasks to queue
[2024-04-26T23:18:56.861+0000] {logging_mixin.py:188} INFO - [2024-04-26T23:18:56.860+0000] {dagbag.py:540} INFO - Filling up the DagBag from /home/airflow/.local/lib/python3.12/site-packages/airflow/example_dags/example_external_task_marker_dag.py
[2024-04-26T23:18:56.868+0000] {processor.py:840} INFO - DAG(s) 'example_external_task_marker_parent', 'example_external_task_marker_child' retrieved from /home/airflow/.local/lib/python3.12/site-packages/airflow/example_dags/example_external_task_marker_dag.py
[2024-04-26T23:18:56.901+0000] {logging_mixin.py:188} INFO - [2024-04-26T23:18:56.900+0000] {dag.py:3096} INFO - Sync 2 DAGs
[2024-04-26T23:18:56.921+0000] {logging_mixin.py:188} INFO - [2024-04-26T23:18:56.921+0000] {dag.py:3954} INFO - Setting next_dagrun for example_external_task_marker_child to None, run_after=None
[2024-04-26T23:18:56.927+0000] {logging_mixin.py:188} INFO - [2024-04-26T23:18:56.927+0000] {dag.py:3954} INFO - Setting next_dagrun for example_external_task_marker_parent to None, run_after=None
[2024-04-26T23:18:56.948+0000] {processor.py:183} INFO - Processing /home/airflow/.local/lib/python3.12/site-packages/airflow/example_dags/example_external_task_marker_dag.py took 0.096 seconds
[2024-04-26T23:19:43.812+0000] {processor.py:161} INFO - Started process (PID=74) to work on /home/airflow/.local/lib/python3.12/site-packages/airflow/example_dags/example_external_task_marker_dag.py
[2024-04-26T23:19:43.814+0000] {processor.py:830} INFO - Processing file /home/airflow/.local/lib/python3.12/site-packages/airflow/example_dags/example_external_task_marker_dag.py for tasks to queue
[2024-04-26T23:19:43.817+0000] {logging_mixin.py:188} INFO - [2024-04-26T23:19:43.817+0000] {dagbag.py:540} INFO - Filling up the DagBag from /home/airflow/.local/lib/python3.12/site-packages/airflow/example_dags/example_external_task_marker_dag.py
[2024-04-26T23:19:43.826+0000] {processor.py:840} INFO - DAG(s) 'example_external_task_marker_parent', 'example_external_task_marker_child' retrieved from /home/airflow/.local/lib/python3.12/site-packages/airflow/example_dags/example_external_task_marker_dag.py
[2024-04-26T23:19:43.843+0000] {logging_mixin.py:188} INFO - [2024-04-26T23:19:43.842+0000] {dag.py:3096} INFO - Sync 2 DAGs
[2024-04-26T23:19:43.858+0000] {logging_mixin.py:188} INFO - [2024-04-26T23:19:43.857+0000] {dag.py:3954} INFO - Setting next_dagrun for example_external_task_marker_child to None, run_after=None
[2024-04-26T23:19:43.861+0000] {logging_mixin.py:188} INFO - [2024-04-26T23:19:43.861+0000] {dag.py:3954} INFO - Setting next_dagrun for example_external_task_marker_parent to None, run_after=None
[2024-04-26T23:19:43.882+0000] {processor.py:183} INFO - Processing /home/airflow/.local/lib/python3.12/site-packages/airflow/example_dags/example_external_task_marker_dag.py took 0.078 seconds
[2024-04-26T23:20:15.074+0000] {processor.py:161} INFO - Started process (PID=133) to work on /home/airflow/.local/lib/python3.12/site-packages/airflow/example_dags/example_external_task_marker_dag.py
[2024-04-26T23:20:15.075+0000] {processor.py:830} INFO - Processing file /home/airflow/.local/lib/python3.12/site-packages/airflow/example_dags/example_external_task_marker_dag.py for tasks to queue
[2024-04-26T23:20:15.077+0000] {logging_mixin.py:188} INFO - [2024-04-26T23:20:15.077+0000] {dagbag.py:540} INFO - Filling up the DagBag from /home/airflow/.local/lib/python3.12/site-packages/airflow/example_dags/example_external_task_marker_dag.py
[2024-04-26T23:20:15.081+0000] {processor.py:840} INFO - DAG(s) 'example_external_task_marker_child', 'example_external_task_marker_parent' retrieved from /home/airflow/.local/lib/python3.12/site-packages/airflow/example_dags/example_external_task_marker_dag.py
[2024-04-26T23:20:15.170+0000] {logging_mixin.py:188} INFO - [2024-04-26T23:20:15.170+0000] {dag.py:3096} INFO - Sync 2 DAGs
[2024-04-26T23:20:15.181+0000] {logging_mixin.py:188} INFO - [2024-04-26T23:20:15.180+0000] {dag.py:3954} INFO - Setting next_dagrun for example_external_task_marker_child to None, run_after=None
[2024-04-26T23:20:15.183+0000] {logging_mixin.py:188} INFO - [2024-04-26T23:20:15.183+0000] {dag.py:3954} INFO - Setting next_dagrun for example_external_task_marker_parent to None, run_after=None
[2024-04-26T23:20:15.201+0000] {processor.py:183} INFO - Processing /home/airflow/.local/lib/python3.12/site-packages/airflow/example_dags/example_external_task_marker_dag.py took 0.131 seconds
[2024-04-26T23:20:45.490+0000] {processor.py:161} INFO - Started process (PID=192) to work on /home/airflow/.local/lib/python3.12/site-packages/airflow/example_dags/example_external_task_marker_dag.py
[2024-04-26T23:20:45.491+0000] {processor.py:830} INFO - Processing file /home/airflow/.local/lib/python3.12/site-packages/airflow/example_dags/example_external_task_marker_dag.py for tasks to queue
[2024-04-26T23:20:45.493+0000] {logging_mixin.py:188} INFO - [2024-04-26T23:20:45.493+0000] {dagbag.py:540} INFO - Filling up the DagBag from /home/airflow/.local/lib/python3.12/site-packages/airflow/example_dags/example_external_task_marker_dag.py
[2024-04-26T23:20:45.498+0000] {processor.py:840} INFO - DAG(s) 'example_external_task_marker_child', 'example_external_task_marker_parent' retrieved from /home/airflow/.local/lib/python3.12/site-packages/airflow/example_dags/example_external_task_marker_dag.py
[2024-04-26T23:20:45.516+0000] {logging_mixin.py:188} INFO - [2024-04-26T23:20:45.516+0000] {dag.py:3096} INFO - Sync 2 DAGs
[2024-04-26T23:20:45.526+0000] {logging_mixin.py:188} INFO - [2024-04-26T23:20:45.525+0000] {dag.py:3954} INFO - Setting next_dagrun for example_external_task_marker_child to None, run_after=None
[2024-04-26T23:20:45.529+0000] {logging_mixin.py:188} INFO - [2024-04-26T23:20:45.528+0000] {dag.py:3954} INFO - Setting next_dagrun for example_external_task_marker_parent to None, run_after=None
[2024-04-26T23:20:45.543+0000] {processor.py:183} INFO - Processing /home/airflow/.local/lib/python3.12/site-packages/airflow/example_dags/example_external_task_marker_dag.py took 0.057 seconds
[2024-04-26T23:21:15.971+0000] {processor.py:161} INFO - Started process (PID=251) to work on /home/airflow/.local/lib/python3.12/site-packages/airflow/example_dags/example_external_task_marker_dag.py
[2024-04-26T23:21:15.972+0000] {processor.py:830} INFO - Processing file /home/airflow/.local/lib/python3.12/site-packages/airflow/example_dags/example_external_task_marker_dag.py for tasks to queue
[2024-04-26T23:21:15.975+0000] {logging_mixin.py:188} INFO - [2024-04-26T23:21:15.974+0000] {dagbag.py:540} INFO - Filling up the DagBag from /home/airflow/.local/lib/python3.12/site-packages/airflow/example_dags/example_external_task_marker_dag.py
[2024-04-26T23:21:15.980+0000] {processor.py:840} INFO - DAG(s) 'example_external_task_marker_parent', 'example_external_task_marker_child' retrieved from /home/airflow/.local/lib/python3.12/site-packages/airflow/example_dags/example_external_task_marker_dag.py
[2024-04-26T23:21:16.000+0000] {logging_mixin.py:188} INFO - [2024-04-26T23:21:16.000+0000] {dag.py:3096} INFO - Sync 2 DAGs
[2024-04-26T23:21:16.011+0000] {logging_mixin.py:188} INFO - [2024-04-26T23:21:16.011+0000] {dag.py:3954} INFO - Setting next_dagrun for example_external_task_marker_child to None, run_after=None
[2024-04-26T23:21:16.014+0000] {logging_mixin.py:188} INFO - [2024-04-26T23:21:16.014+0000] {dag.py:3954} INFO - Setting next_dagrun for example_external_task_marker_parent to None, run_after=None
[2024-04-26T23:21:16.029+0000] {processor.py:183} INFO - Processing /home/airflow/.local/lib/python3.12/site-packages/airflow/example_dags/example_external_task_marker_dag.py took 0.063 seconds
