[2024-04-26T22:58:22.952+0000] {processor.py:161} INFO - Started process (PID=48) to work on /home/airflow/.local/lib/python3.12/site-packages/airflow/example_dags/example_latest_only_with_trigger.py
[2024-04-26T22:58:22.969+0000] {processor.py:830} INFO - Processing file /home/airflow/.local/lib/python3.12/site-packages/airflow/example_dags/example_latest_only_with_trigger.py for tasks to queue
[2024-04-26T22:58:23.006+0000] {logging_mixin.py:188} INFO - [2024-04-26T22:58:23.000+0000] {dagbag.py:540} INFO - Filling up the DagBag from /home/airflow/.local/lib/python3.12/site-packages/airflow/example_dags/example_latest_only_with_trigger.py
[2024-04-26T22:58:23.122+0000] {processor.py:840} INFO - DAG(s) 'latest_only_with_trigger' retrieved from /home/airflow/.local/lib/python3.12/site-packages/airflow/example_dags/example_latest_only_with_trigger.py
[2024-04-26T22:58:24.165+0000] {logging_mixin.py:188} INFO - [2024-04-26T22:58:24.161+0000] {dag.py:3096} INFO - Sync 1 DAGs
[2024-04-26T22:58:24.227+0000] {logging_mixin.py:188} INFO - [2024-04-26T22:58:24.227+0000] {dag.py:3954} INFO - Setting next_dagrun for latest_only_with_trigger to 2024-04-26 16:00:00+00:00, run_after=2024-04-26 20:00:00+00:00
[2024-04-26T22:58:24.295+0000] {processor.py:183} INFO - Processing /home/airflow/.local/lib/python3.12/site-packages/airflow/example_dags/example_latest_only_with_trigger.py took 1.494 seconds
[2024-04-26T22:58:54.359+0000] {processor.py:161} INFO - Started process (PID=107) to work on /home/airflow/.local/lib/python3.12/site-packages/airflow/example_dags/example_latest_only_with_trigger.py
[2024-04-26T22:58:54.360+0000] {processor.py:830} INFO - Processing file /home/airflow/.local/lib/python3.12/site-packages/airflow/example_dags/example_latest_only_with_trigger.py for tasks to queue
[2024-04-26T22:58:54.362+0000] {logging_mixin.py:188} INFO - [2024-04-26T22:58:54.362+0000] {dagbag.py:540} INFO - Filling up the DagBag from /home/airflow/.local/lib/python3.12/site-packages/airflow/example_dags/example_latest_only_with_trigger.py
[2024-04-26T22:58:54.369+0000] {processor.py:840} INFO - DAG(s) 'latest_only_with_trigger' retrieved from /home/airflow/.local/lib/python3.12/site-packages/airflow/example_dags/example_latest_only_with_trigger.py
[2024-04-26T22:58:54.393+0000] {logging_mixin.py:188} INFO - [2024-04-26T22:58:54.392+0000] {dag.py:3096} INFO - Sync 1 DAGs
[2024-04-26T22:58:54.419+0000] {logging_mixin.py:188} INFO - [2024-04-26T22:58:54.418+0000] {dag.py:3954} INFO - Setting next_dagrun for latest_only_with_trigger to 2024-04-26 16:00:00+00:00, run_after=2024-04-26 20:00:00+00:00
[2024-04-26T22:58:54.448+0000] {processor.py:183} INFO - Processing /home/airflow/.local/lib/python3.12/site-packages/airflow/example_dags/example_latest_only_with_trigger.py took 0.094 seconds
[2024-04-26T22:59:25.183+0000] {processor.py:161} INFO - Started process (PID=166) to work on /home/airflow/.local/lib/python3.12/site-packages/airflow/example_dags/example_latest_only_with_trigger.py
[2024-04-26T22:59:25.184+0000] {processor.py:830} INFO - Processing file /home/airflow/.local/lib/python3.12/site-packages/airflow/example_dags/example_latest_only_with_trigger.py for tasks to queue
[2024-04-26T22:59:25.187+0000] {logging_mixin.py:188} INFO - [2024-04-26T22:59:25.187+0000] {dagbag.py:540} INFO - Filling up the DagBag from /home/airflow/.local/lib/python3.12/site-packages/airflow/example_dags/example_latest_only_with_trigger.py
[2024-04-26T22:59:25.197+0000] {processor.py:840} INFO - DAG(s) 'latest_only_with_trigger' retrieved from /home/airflow/.local/lib/python3.12/site-packages/airflow/example_dags/example_latest_only_with_trigger.py
[2024-04-26T22:59:25.234+0000] {logging_mixin.py:188} INFO - [2024-04-26T22:59:25.234+0000] {dag.py:3096} INFO - Sync 1 DAGs
[2024-04-26T22:59:25.263+0000] {logging_mixin.py:188} INFO - [2024-04-26T22:59:25.262+0000] {dag.py:3954} INFO - Setting next_dagrun for latest_only_with_trigger to 2024-04-26 16:00:00+00:00, run_after=2024-04-26 20:00:00+00:00
[2024-04-26T22:59:25.293+0000] {processor.py:183} INFO - Processing /home/airflow/.local/lib/python3.12/site-packages/airflow/example_dags/example_latest_only_with_trigger.py took 0.119 seconds
[2024-04-26T22:59:55.711+0000] {processor.py:161} INFO - Started process (PID=225) to work on /home/airflow/.local/lib/python3.12/site-packages/airflow/example_dags/example_latest_only_with_trigger.py
[2024-04-26T22:59:55.712+0000] {processor.py:830} INFO - Processing file /home/airflow/.local/lib/python3.12/site-packages/airflow/example_dags/example_latest_only_with_trigger.py for tasks to queue
[2024-04-26T22:59:55.715+0000] {logging_mixin.py:188} INFO - [2024-04-26T22:59:55.714+0000] {dagbag.py:540} INFO - Filling up the DagBag from /home/airflow/.local/lib/python3.12/site-packages/airflow/example_dags/example_latest_only_with_trigger.py
[2024-04-26T22:59:55.720+0000] {processor.py:840} INFO - DAG(s) 'latest_only_with_trigger' retrieved from /home/airflow/.local/lib/python3.12/site-packages/airflow/example_dags/example_latest_only_with_trigger.py
[2024-04-26T22:59:55.744+0000] {logging_mixin.py:188} INFO - [2024-04-26T22:59:55.744+0000] {dag.py:3096} INFO - Sync 1 DAGs
[2024-04-26T22:59:55.769+0000] {logging_mixin.py:188} INFO - [2024-04-26T22:59:55.769+0000] {dag.py:3954} INFO - Setting next_dagrun for latest_only_with_trigger to 2024-04-26 16:00:00+00:00, run_after=2024-04-26 20:00:00+00:00
[2024-04-26T22:59:55.793+0000] {processor.py:183} INFO - Processing /home/airflow/.local/lib/python3.12/site-packages/airflow/example_dags/example_latest_only_with_trigger.py took 0.088 seconds
[2024-04-26T23:00:25.948+0000] {processor.py:161} INFO - Started process (PID=284) to work on /home/airflow/.local/lib/python3.12/site-packages/airflow/example_dags/example_latest_only_with_trigger.py
[2024-04-26T23:00:25.949+0000] {processor.py:830} INFO - Processing file /home/airflow/.local/lib/python3.12/site-packages/airflow/example_dags/example_latest_only_with_trigger.py for tasks to queue
[2024-04-26T23:00:25.950+0000] {logging_mixin.py:188} INFO - [2024-04-26T23:00:25.950+0000] {dagbag.py:540} INFO - Filling up the DagBag from /home/airflow/.local/lib/python3.12/site-packages/airflow/example_dags/example_latest_only_with_trigger.py
[2024-04-26T23:00:25.955+0000] {processor.py:840} INFO - DAG(s) 'latest_only_with_trigger' retrieved from /home/airflow/.local/lib/python3.12/site-packages/airflow/example_dags/example_latest_only_with_trigger.py
[2024-04-26T23:00:25.975+0000] {logging_mixin.py:188} INFO - [2024-04-26T23:00:25.975+0000] {dag.py:3096} INFO - Sync 1 DAGs
[2024-04-26T23:00:25.995+0000] {logging_mixin.py:188} INFO - [2024-04-26T23:00:25.995+0000] {dag.py:3954} INFO - Setting next_dagrun for latest_only_with_trigger to 2024-04-26 16:00:00+00:00, run_after=2024-04-26 20:00:00+00:00
[2024-04-26T23:00:26.017+0000] {processor.py:183} INFO - Processing /home/airflow/.local/lib/python3.12/site-packages/airflow/example_dags/example_latest_only_with_trigger.py took 0.074 seconds
[2024-04-26T23:00:56.135+0000] {processor.py:161} INFO - Started process (PID=343) to work on /home/airflow/.local/lib/python3.12/site-packages/airflow/example_dags/example_latest_only_with_trigger.py
[2024-04-26T23:00:56.136+0000] {processor.py:830} INFO - Processing file /home/airflow/.local/lib/python3.12/site-packages/airflow/example_dags/example_latest_only_with_trigger.py for tasks to queue
[2024-04-26T23:00:56.138+0000] {logging_mixin.py:188} INFO - [2024-04-26T23:00:56.137+0000] {dagbag.py:540} INFO - Filling up the DagBag from /home/airflow/.local/lib/python3.12/site-packages/airflow/example_dags/example_latest_only_with_trigger.py
[2024-04-26T23:00:56.143+0000] {processor.py:840} INFO - DAG(s) 'latest_only_with_trigger' retrieved from /home/airflow/.local/lib/python3.12/site-packages/airflow/example_dags/example_latest_only_with_trigger.py
[2024-04-26T23:00:56.169+0000] {logging_mixin.py:188} INFO - [2024-04-26T23:00:56.169+0000] {dag.py:3096} INFO - Sync 1 DAGs
[2024-04-26T23:00:56.192+0000] {logging_mixin.py:188} INFO - [2024-04-26T23:00:56.192+0000] {dag.py:3954} INFO - Setting next_dagrun for latest_only_with_trigger to 2024-04-26 16:00:00+00:00, run_after=2024-04-26 20:00:00+00:00
[2024-04-26T23:00:56.216+0000] {processor.py:183} INFO - Processing /home/airflow/.local/lib/python3.12/site-packages/airflow/example_dags/example_latest_only_with_trigger.py took 0.087 seconds
[2024-04-26T23:01:26.263+0000] {processor.py:161} INFO - Started process (PID=402) to work on /home/airflow/.local/lib/python3.12/site-packages/airflow/example_dags/example_latest_only_with_trigger.py
[2024-04-26T23:01:26.264+0000] {processor.py:830} INFO - Processing file /home/airflow/.local/lib/python3.12/site-packages/airflow/example_dags/example_latest_only_with_trigger.py for tasks to queue
[2024-04-26T23:01:26.265+0000] {logging_mixin.py:188} INFO - [2024-04-26T23:01:26.265+0000] {dagbag.py:540} INFO - Filling up the DagBag from /home/airflow/.local/lib/python3.12/site-packages/airflow/example_dags/example_latest_only_with_trigger.py
[2024-04-26T23:01:26.270+0000] {processor.py:840} INFO - DAG(s) 'latest_only_with_trigger' retrieved from /home/airflow/.local/lib/python3.12/site-packages/airflow/example_dags/example_latest_only_with_trigger.py
[2024-04-26T23:01:26.289+0000] {logging_mixin.py:188} INFO - [2024-04-26T23:01:26.289+0000] {dag.py:3096} INFO - Sync 1 DAGs
[2024-04-26T23:01:26.307+0000] {logging_mixin.py:188} INFO - [2024-04-26T23:01:26.307+0000] {dag.py:3954} INFO - Setting next_dagrun for latest_only_with_trigger to 2024-04-26 16:00:00+00:00, run_after=2024-04-26 20:00:00+00:00
[2024-04-26T23:01:26.326+0000] {processor.py:183} INFO - Processing /home/airflow/.local/lib/python3.12/site-packages/airflow/example_dags/example_latest_only_with_trigger.py took 0.067 seconds
[2024-04-26T23:01:56.563+0000] {processor.py:161} INFO - Started process (PID=461) to work on /home/airflow/.local/lib/python3.12/site-packages/airflow/example_dags/example_latest_only_with_trigger.py
[2024-04-26T23:01:56.564+0000] {processor.py:830} INFO - Processing file /home/airflow/.local/lib/python3.12/site-packages/airflow/example_dags/example_latest_only_with_trigger.py for tasks to queue
[2024-04-26T23:01:56.566+0000] {logging_mixin.py:188} INFO - [2024-04-26T23:01:56.565+0000] {dagbag.py:540} INFO - Filling up the DagBag from /home/airflow/.local/lib/python3.12/site-packages/airflow/example_dags/example_latest_only_with_trigger.py
[2024-04-26T23:01:56.571+0000] {processor.py:840} INFO - DAG(s) 'latest_only_with_trigger' retrieved from /home/airflow/.local/lib/python3.12/site-packages/airflow/example_dags/example_latest_only_with_trigger.py
[2024-04-26T23:01:56.598+0000] {logging_mixin.py:188} INFO - [2024-04-26T23:01:56.598+0000] {dag.py:3096} INFO - Sync 1 DAGs
[2024-04-26T23:01:56.624+0000] {logging_mixin.py:188} INFO - [2024-04-26T23:01:56.624+0000] {dag.py:3954} INFO - Setting next_dagrun for latest_only_with_trigger to 2024-04-26 16:00:00+00:00, run_after=2024-04-26 20:00:00+00:00
[2024-04-26T23:01:56.649+0000] {processor.py:183} INFO - Processing /home/airflow/.local/lib/python3.12/site-packages/airflow/example_dags/example_latest_only_with_trigger.py took 0.092 seconds
[2024-04-26T23:02:27.201+0000] {processor.py:161} INFO - Started process (PID=520) to work on /home/airflow/.local/lib/python3.12/site-packages/airflow/example_dags/example_latest_only_with_trigger.py
[2024-04-26T23:02:27.202+0000] {processor.py:830} INFO - Processing file /home/airflow/.local/lib/python3.12/site-packages/airflow/example_dags/example_latest_only_with_trigger.py for tasks to queue
[2024-04-26T23:02:27.203+0000] {logging_mixin.py:188} INFO - [2024-04-26T23:02:27.203+0000] {dagbag.py:540} INFO - Filling up the DagBag from /home/airflow/.local/lib/python3.12/site-packages/airflow/example_dags/example_latest_only_with_trigger.py
[2024-04-26T23:02:27.208+0000] {processor.py:840} INFO - DAG(s) 'latest_only_with_trigger' retrieved from /home/airflow/.local/lib/python3.12/site-packages/airflow/example_dags/example_latest_only_with_trigger.py
[2024-04-26T23:02:27.227+0000] {logging_mixin.py:188} INFO - [2024-04-26T23:02:27.227+0000] {dag.py:3096} INFO - Sync 1 DAGs
[2024-04-26T23:02:27.246+0000] {logging_mixin.py:188} INFO - [2024-04-26T23:02:27.245+0000] {dag.py:3954} INFO - Setting next_dagrun for latest_only_with_trigger to 2024-04-26 16:00:00+00:00, run_after=2024-04-26 20:00:00+00:00
[2024-04-26T23:02:27.266+0000] {processor.py:183} INFO - Processing /home/airflow/.local/lib/python3.12/site-packages/airflow/example_dags/example_latest_only_with_trigger.py took 0.071 seconds
[2024-04-26T23:02:57.371+0000] {processor.py:161} INFO - Started process (PID=579) to work on /home/airflow/.local/lib/python3.12/site-packages/airflow/example_dags/example_latest_only_with_trigger.py
[2024-04-26T23:02:57.372+0000] {processor.py:830} INFO - Processing file /home/airflow/.local/lib/python3.12/site-packages/airflow/example_dags/example_latest_only_with_trigger.py for tasks to queue
[2024-04-26T23:02:57.375+0000] {logging_mixin.py:188} INFO - [2024-04-26T23:02:57.374+0000] {dagbag.py:540} INFO - Filling up the DagBag from /home/airflow/.local/lib/python3.12/site-packages/airflow/example_dags/example_latest_only_with_trigger.py
[2024-04-26T23:02:57.380+0000] {processor.py:840} INFO - DAG(s) 'latest_only_with_trigger' retrieved from /home/airflow/.local/lib/python3.12/site-packages/airflow/example_dags/example_latest_only_with_trigger.py
[2024-04-26T23:02:57.402+0000] {logging_mixin.py:188} INFO - [2024-04-26T23:02:57.402+0000] {dag.py:3096} INFO - Sync 1 DAGs
[2024-04-26T23:02:57.425+0000] {logging_mixin.py:188} INFO - [2024-04-26T23:02:57.424+0000] {dag.py:3954} INFO - Setting next_dagrun for latest_only_with_trigger to 2024-04-26 16:00:00+00:00, run_after=2024-04-26 20:00:00+00:00
[2024-04-26T23:02:57.446+0000] {processor.py:183} INFO - Processing /home/airflow/.local/lib/python3.12/site-packages/airflow/example_dags/example_latest_only_with_trigger.py took 0.081 seconds
[2024-04-26T23:03:27.626+0000] {processor.py:161} INFO - Started process (PID=638) to work on /home/airflow/.local/lib/python3.12/site-packages/airflow/example_dags/example_latest_only_with_trigger.py
[2024-04-26T23:03:27.627+0000] {processor.py:830} INFO - Processing file /home/airflow/.local/lib/python3.12/site-packages/airflow/example_dags/example_latest_only_with_trigger.py for tasks to queue
[2024-04-26T23:03:27.630+0000] {logging_mixin.py:188} INFO - [2024-04-26T23:03:27.629+0000] {dagbag.py:540} INFO - Filling up the DagBag from /home/airflow/.local/lib/python3.12/site-packages/airflow/example_dags/example_latest_only_with_trigger.py
[2024-04-26T23:03:27.634+0000] {processor.py:840} INFO - DAG(s) 'latest_only_with_trigger' retrieved from /home/airflow/.local/lib/python3.12/site-packages/airflow/example_dags/example_latest_only_with_trigger.py
[2024-04-26T23:03:27.654+0000] {logging_mixin.py:188} INFO - [2024-04-26T23:03:27.653+0000] {dag.py:3096} INFO - Sync 1 DAGs
[2024-04-26T23:03:27.673+0000] {logging_mixin.py:188} INFO - [2024-04-26T23:03:27.673+0000] {dag.py:3954} INFO - Setting next_dagrun for latest_only_with_trigger to 2024-04-26 16:00:00+00:00, run_after=2024-04-26 20:00:00+00:00
[2024-04-26T23:03:27.696+0000] {processor.py:183} INFO - Processing /home/airflow/.local/lib/python3.12/site-packages/airflow/example_dags/example_latest_only_with_trigger.py took 0.075 seconds
[2024-04-26T23:03:57.936+0000] {processor.py:161} INFO - Started process (PID=697) to work on /home/airflow/.local/lib/python3.12/site-packages/airflow/example_dags/example_latest_only_with_trigger.py
[2024-04-26T23:03:57.937+0000] {processor.py:830} INFO - Processing file /home/airflow/.local/lib/python3.12/site-packages/airflow/example_dags/example_latest_only_with_trigger.py for tasks to queue
[2024-04-26T23:03:57.939+0000] {logging_mixin.py:188} INFO - [2024-04-26T23:03:57.939+0000] {dagbag.py:540} INFO - Filling up the DagBag from /home/airflow/.local/lib/python3.12/site-packages/airflow/example_dags/example_latest_only_with_trigger.py
[2024-04-26T23:03:57.944+0000] {processor.py:840} INFO - DAG(s) 'latest_only_with_trigger' retrieved from /home/airflow/.local/lib/python3.12/site-packages/airflow/example_dags/example_latest_only_with_trigger.py
[2024-04-26T23:03:57.960+0000] {logging_mixin.py:188} INFO - [2024-04-26T23:03:57.960+0000] {dag.py:3096} INFO - Sync 1 DAGs
[2024-04-26T23:03:57.979+0000] {logging_mixin.py:188} INFO - [2024-04-26T23:03:57.978+0000] {dag.py:3954} INFO - Setting next_dagrun for latest_only_with_trigger to 2024-04-26 16:00:00+00:00, run_after=2024-04-26 20:00:00+00:00
[2024-04-26T23:03:58.001+0000] {processor.py:183} INFO - Processing /home/airflow/.local/lib/python3.12/site-packages/airflow/example_dags/example_latest_only_with_trigger.py took 0.069 seconds
[2024-04-26T23:04:28.189+0000] {processor.py:161} INFO - Started process (PID=756) to work on /home/airflow/.local/lib/python3.12/site-packages/airflow/example_dags/example_latest_only_with_trigger.py
[2024-04-26T23:04:28.190+0000] {processor.py:830} INFO - Processing file /home/airflow/.local/lib/python3.12/site-packages/airflow/example_dags/example_latest_only_with_trigger.py for tasks to queue
[2024-04-26T23:04:28.192+0000] {logging_mixin.py:188} INFO - [2024-04-26T23:04:28.192+0000] {dagbag.py:540} INFO - Filling up the DagBag from /home/airflow/.local/lib/python3.12/site-packages/airflow/example_dags/example_latest_only_with_trigger.py
[2024-04-26T23:04:28.198+0000] {processor.py:840} INFO - DAG(s) 'latest_only_with_trigger' retrieved from /home/airflow/.local/lib/python3.12/site-packages/airflow/example_dags/example_latest_only_with_trigger.py
[2024-04-26T23:04:28.218+0000] {logging_mixin.py:188} INFO - [2024-04-26T23:04:28.218+0000] {dag.py:3096} INFO - Sync 1 DAGs
[2024-04-26T23:04:28.241+0000] {logging_mixin.py:188} INFO - [2024-04-26T23:04:28.241+0000] {dag.py:3954} INFO - Setting next_dagrun for latest_only_with_trigger to 2024-04-26 16:00:00+00:00, run_after=2024-04-26 20:00:00+00:00
[2024-04-26T23:04:28.266+0000] {processor.py:183} INFO - Processing /home/airflow/.local/lib/python3.12/site-packages/airflow/example_dags/example_latest_only_with_trigger.py took 0.083 seconds
[2024-04-26T23:04:58.569+0000] {processor.py:161} INFO - Started process (PID=815) to work on /home/airflow/.local/lib/python3.12/site-packages/airflow/example_dags/example_latest_only_with_trigger.py
[2024-04-26T23:04:58.570+0000] {processor.py:830} INFO - Processing file /home/airflow/.local/lib/python3.12/site-packages/airflow/example_dags/example_latest_only_with_trigger.py for tasks to queue
[2024-04-26T23:04:58.572+0000] {logging_mixin.py:188} INFO - [2024-04-26T23:04:58.572+0000] {dagbag.py:540} INFO - Filling up the DagBag from /home/airflow/.local/lib/python3.12/site-packages/airflow/example_dags/example_latest_only_with_trigger.py
[2024-04-26T23:04:58.578+0000] {processor.py:840} INFO - DAG(s) 'latest_only_with_trigger' retrieved from /home/airflow/.local/lib/python3.12/site-packages/airflow/example_dags/example_latest_only_with_trigger.py
[2024-04-26T23:04:58.607+0000] {logging_mixin.py:188} INFO - [2024-04-26T23:04:58.606+0000] {dag.py:3096} INFO - Sync 1 DAGs
[2024-04-26T23:04:58.652+0000] {logging_mixin.py:188} INFO - [2024-04-26T23:04:58.652+0000] {dag.py:3954} INFO - Setting next_dagrun for latest_only_with_trigger to 2024-04-26 16:00:00+00:00, run_after=2024-04-26 20:00:00+00:00
[2024-04-26T23:04:58.683+0000] {processor.py:183} INFO - Processing /home/airflow/.local/lib/python3.12/site-packages/airflow/example_dags/example_latest_only_with_trigger.py took 0.119 seconds
[2024-04-26T23:05:28.833+0000] {processor.py:161} INFO - Started process (PID=874) to work on /home/airflow/.local/lib/python3.12/site-packages/airflow/example_dags/example_latest_only_with_trigger.py
[2024-04-26T23:05:28.835+0000] {processor.py:830} INFO - Processing file /home/airflow/.local/lib/python3.12/site-packages/airflow/example_dags/example_latest_only_with_trigger.py for tasks to queue
[2024-04-26T23:05:28.837+0000] {logging_mixin.py:188} INFO - [2024-04-26T23:05:28.837+0000] {dagbag.py:540} INFO - Filling up the DagBag from /home/airflow/.local/lib/python3.12/site-packages/airflow/example_dags/example_latest_only_with_trigger.py
[2024-04-26T23:05:28.842+0000] {processor.py:840} INFO - DAG(s) 'latest_only_with_trigger' retrieved from /home/airflow/.local/lib/python3.12/site-packages/airflow/example_dags/example_latest_only_with_trigger.py
[2024-04-26T23:05:28.861+0000] {logging_mixin.py:188} INFO - [2024-04-26T23:05:28.861+0000] {dag.py:3096} INFO - Sync 1 DAGs
[2024-04-26T23:05:28.880+0000] {logging_mixin.py:188} INFO - [2024-04-26T23:05:28.880+0000] {dag.py:3954} INFO - Setting next_dagrun for latest_only_with_trigger to 2024-04-26 16:00:00+00:00, run_after=2024-04-26 20:00:00+00:00
[2024-04-26T23:05:28.899+0000] {processor.py:183} INFO - Processing /home/airflow/.local/lib/python3.12/site-packages/airflow/example_dags/example_latest_only_with_trigger.py took 0.070 seconds
[2024-04-26T23:09:54.347+0000] {processor.py:161} INFO - Started process (PID=42) to work on /home/airflow/.local/lib/python3.12/site-packages/airflow/example_dags/example_latest_only_with_trigger.py
[2024-04-26T23:09:54.350+0000] {processor.py:830} INFO - Processing file /home/airflow/.local/lib/python3.12/site-packages/airflow/example_dags/example_latest_only_with_trigger.py for tasks to queue
[2024-04-26T23:09:54.355+0000] {logging_mixin.py:188} INFO - [2024-04-26T23:09:54.355+0000] {dagbag.py:540} INFO - Filling up the DagBag from /home/airflow/.local/lib/python3.12/site-packages/airflow/example_dags/example_latest_only_with_trigger.py
[2024-04-26T23:09:54.368+0000] {processor.py:840} INFO - DAG(s) 'latest_only_with_trigger' retrieved from /home/airflow/.local/lib/python3.12/site-packages/airflow/example_dags/example_latest_only_with_trigger.py
[2024-04-26T23:09:54.381+0000] {logging_mixin.py:188} INFO - [2024-04-26T23:09:54.381+0000] {dag.py:3096} INFO - Sync 1 DAGs
[2024-04-26T23:09:54.407+0000] {logging_mixin.py:188} INFO - [2024-04-26T23:09:54.406+0000] {dag.py:3954} INFO - Setting next_dagrun for latest_only_with_trigger to 2024-04-26 16:00:00+00:00, run_after=2024-04-26 20:00:00+00:00
[2024-04-26T23:09:54.440+0000] {processor.py:183} INFO - Processing /home/airflow/.local/lib/python3.12/site-packages/airflow/example_dags/example_latest_only_with_trigger.py took 0.109 seconds
[2024-04-26T23:10:24.931+0000] {processor.py:161} INFO - Started process (PID=101) to work on /home/airflow/.local/lib/python3.12/site-packages/airflow/example_dags/example_latest_only_with_trigger.py
[2024-04-26T23:10:24.932+0000] {processor.py:830} INFO - Processing file /home/airflow/.local/lib/python3.12/site-packages/airflow/example_dags/example_latest_only_with_trigger.py for tasks to queue
[2024-04-26T23:10:24.934+0000] {logging_mixin.py:188} INFO - [2024-04-26T23:10:24.934+0000] {dagbag.py:540} INFO - Filling up the DagBag from /home/airflow/.local/lib/python3.12/site-packages/airflow/example_dags/example_latest_only_with_trigger.py
[2024-04-26T23:10:24.939+0000] {processor.py:840} INFO - DAG(s) 'latest_only_with_trigger' retrieved from /home/airflow/.local/lib/python3.12/site-packages/airflow/example_dags/example_latest_only_with_trigger.py
[2024-04-26T23:10:25.034+0000] {logging_mixin.py:188} INFO - [2024-04-26T23:10:25.034+0000] {dag.py:3096} INFO - Sync 1 DAGs
[2024-04-26T23:10:25.053+0000] {logging_mixin.py:188} INFO - [2024-04-26T23:10:25.053+0000] {dag.py:3954} INFO - Setting next_dagrun for latest_only_with_trigger to 2024-04-26 16:00:00+00:00, run_after=2024-04-26 20:00:00+00:00
[2024-04-26T23:10:25.071+0000] {processor.py:183} INFO - Processing /home/airflow/.local/lib/python3.12/site-packages/airflow/example_dags/example_latest_only_with_trigger.py took 0.146 seconds
[2024-04-26T23:10:55.457+0000] {processor.py:161} INFO - Started process (PID=160) to work on /home/airflow/.local/lib/python3.12/site-packages/airflow/example_dags/example_latest_only_with_trigger.py
[2024-04-26T23:10:55.459+0000] {processor.py:830} INFO - Processing file /home/airflow/.local/lib/python3.12/site-packages/airflow/example_dags/example_latest_only_with_trigger.py for tasks to queue
[2024-04-26T23:10:55.462+0000] {logging_mixin.py:188} INFO - [2024-04-26T23:10:55.462+0000] {dagbag.py:540} INFO - Filling up the DagBag from /home/airflow/.local/lib/python3.12/site-packages/airflow/example_dags/example_latest_only_with_trigger.py
[2024-04-26T23:10:55.467+0000] {processor.py:840} INFO - DAG(s) 'latest_only_with_trigger' retrieved from /home/airflow/.local/lib/python3.12/site-packages/airflow/example_dags/example_latest_only_with_trigger.py
[2024-04-26T23:10:55.487+0000] {logging_mixin.py:188} INFO - [2024-04-26T23:10:55.487+0000] {dag.py:3096} INFO - Sync 1 DAGs
[2024-04-26T23:10:55.507+0000] {logging_mixin.py:188} INFO - [2024-04-26T23:10:55.506+0000] {dag.py:3954} INFO - Setting next_dagrun for latest_only_with_trigger to 2024-04-26 16:00:00+00:00, run_after=2024-04-26 20:00:00+00:00
[2024-04-26T23:10:55.525+0000] {processor.py:183} INFO - Processing /home/airflow/.local/lib/python3.12/site-packages/airflow/example_dags/example_latest_only_with_trigger.py took 0.073 seconds
[2024-04-26T23:11:25.677+0000] {processor.py:161} INFO - Started process (PID=219) to work on /home/airflow/.local/lib/python3.12/site-packages/airflow/example_dags/example_latest_only_with_trigger.py
[2024-04-26T23:11:25.679+0000] {processor.py:830} INFO - Processing file /home/airflow/.local/lib/python3.12/site-packages/airflow/example_dags/example_latest_only_with_trigger.py for tasks to queue
[2024-04-26T23:11:25.681+0000] {logging_mixin.py:188} INFO - [2024-04-26T23:11:25.681+0000] {dagbag.py:540} INFO - Filling up the DagBag from /home/airflow/.local/lib/python3.12/site-packages/airflow/example_dags/example_latest_only_with_trigger.py
[2024-04-26T23:11:25.686+0000] {processor.py:840} INFO - DAG(s) 'latest_only_with_trigger' retrieved from /home/airflow/.local/lib/python3.12/site-packages/airflow/example_dags/example_latest_only_with_trigger.py
[2024-04-26T23:11:25.705+0000] {logging_mixin.py:188} INFO - [2024-04-26T23:11:25.704+0000] {dag.py:3096} INFO - Sync 1 DAGs
[2024-04-26T23:11:25.723+0000] {logging_mixin.py:188} INFO - [2024-04-26T23:11:25.723+0000] {dag.py:3954} INFO - Setting next_dagrun for latest_only_with_trigger to 2024-04-26 16:00:00+00:00, run_after=2024-04-26 20:00:00+00:00
[2024-04-26T23:11:25.743+0000] {processor.py:183} INFO - Processing /home/airflow/.local/lib/python3.12/site-packages/airflow/example_dags/example_latest_only_with_trigger.py took 0.070 seconds
[2024-04-26T23:11:55.837+0000] {processor.py:161} INFO - Started process (PID=278) to work on /home/airflow/.local/lib/python3.12/site-packages/airflow/example_dags/example_latest_only_with_trigger.py
[2024-04-26T23:11:55.838+0000] {processor.py:830} INFO - Processing file /home/airflow/.local/lib/python3.12/site-packages/airflow/example_dags/example_latest_only_with_trigger.py for tasks to queue
[2024-04-26T23:11:55.840+0000] {logging_mixin.py:188} INFO - [2024-04-26T23:11:55.840+0000] {dagbag.py:540} INFO - Filling up the DagBag from /home/airflow/.local/lib/python3.12/site-packages/airflow/example_dags/example_latest_only_with_trigger.py
[2024-04-26T23:11:55.844+0000] {processor.py:840} INFO - DAG(s) 'latest_only_with_trigger' retrieved from /home/airflow/.local/lib/python3.12/site-packages/airflow/example_dags/example_latest_only_with_trigger.py
[2024-04-26T23:11:55.863+0000] {logging_mixin.py:188} INFO - [2024-04-26T23:11:55.863+0000] {dag.py:3096} INFO - Sync 1 DAGs
[2024-04-26T23:11:55.881+0000] {logging_mixin.py:188} INFO - [2024-04-26T23:11:55.880+0000] {dag.py:3954} INFO - Setting next_dagrun for latest_only_with_trigger to 2024-04-26 16:00:00+00:00, run_after=2024-04-26 20:00:00+00:00
[2024-04-26T23:11:55.898+0000] {processor.py:183} INFO - Processing /home/airflow/.local/lib/python3.12/site-packages/airflow/example_dags/example_latest_only_with_trigger.py took 0.064 seconds
[2024-04-26T23:12:26.126+0000] {processor.py:161} INFO - Started process (PID=337) to work on /home/airflow/.local/lib/python3.12/site-packages/airflow/example_dags/example_latest_only_with_trigger.py
[2024-04-26T23:12:26.127+0000] {processor.py:830} INFO - Processing file /home/airflow/.local/lib/python3.12/site-packages/airflow/example_dags/example_latest_only_with_trigger.py for tasks to queue
[2024-04-26T23:12:26.128+0000] {logging_mixin.py:188} INFO - [2024-04-26T23:12:26.128+0000] {dagbag.py:540} INFO - Filling up the DagBag from /home/airflow/.local/lib/python3.12/site-packages/airflow/example_dags/example_latest_only_with_trigger.py
[2024-04-26T23:12:26.133+0000] {processor.py:840} INFO - DAG(s) 'latest_only_with_trigger' retrieved from /home/airflow/.local/lib/python3.12/site-packages/airflow/example_dags/example_latest_only_with_trigger.py
[2024-04-26T23:12:26.152+0000] {logging_mixin.py:188} INFO - [2024-04-26T23:12:26.152+0000] {dag.py:3096} INFO - Sync 1 DAGs
[2024-04-26T23:12:26.171+0000] {logging_mixin.py:188} INFO - [2024-04-26T23:12:26.171+0000] {dag.py:3954} INFO - Setting next_dagrun for latest_only_with_trigger to 2024-04-26 16:00:00+00:00, run_after=2024-04-26 20:00:00+00:00
[2024-04-26T23:12:26.191+0000] {processor.py:183} INFO - Processing /home/airflow/.local/lib/python3.12/site-packages/airflow/example_dags/example_latest_only_with_trigger.py took 0.070 seconds
[2024-04-26T23:12:56.297+0000] {processor.py:161} INFO - Started process (PID=396) to work on /home/airflow/.local/lib/python3.12/site-packages/airflow/example_dags/example_latest_only_with_trigger.py
[2024-04-26T23:12:56.298+0000] {processor.py:830} INFO - Processing file /home/airflow/.local/lib/python3.12/site-packages/airflow/example_dags/example_latest_only_with_trigger.py for tasks to queue
[2024-04-26T23:12:56.300+0000] {logging_mixin.py:188} INFO - [2024-04-26T23:12:56.300+0000] {dagbag.py:540} INFO - Filling up the DagBag from /home/airflow/.local/lib/python3.12/site-packages/airflow/example_dags/example_latest_only_with_trigger.py
[2024-04-26T23:12:56.305+0000] {processor.py:840} INFO - DAG(s) 'latest_only_with_trigger' retrieved from /home/airflow/.local/lib/python3.12/site-packages/airflow/example_dags/example_latest_only_with_trigger.py
[2024-04-26T23:12:56.324+0000] {logging_mixin.py:188} INFO - [2024-04-26T23:12:56.324+0000] {dag.py:3096} INFO - Sync 1 DAGs
[2024-04-26T23:12:56.346+0000] {logging_mixin.py:188} INFO - [2024-04-26T23:12:56.346+0000] {dag.py:3954} INFO - Setting next_dagrun for latest_only_with_trigger to 2024-04-26 16:00:00+00:00, run_after=2024-04-26 20:00:00+00:00
[2024-04-26T23:12:56.370+0000] {processor.py:183} INFO - Processing /home/airflow/.local/lib/python3.12/site-packages/airflow/example_dags/example_latest_only_with_trigger.py took 0.077 seconds
[2024-04-26T23:13:26.610+0000] {processor.py:161} INFO - Started process (PID=455) to work on /home/airflow/.local/lib/python3.12/site-packages/airflow/example_dags/example_latest_only_with_trigger.py
[2024-04-26T23:13:26.611+0000] {processor.py:830} INFO - Processing file /home/airflow/.local/lib/python3.12/site-packages/airflow/example_dags/example_latest_only_with_trigger.py for tasks to queue
[2024-04-26T23:13:26.614+0000] {logging_mixin.py:188} INFO - [2024-04-26T23:13:26.613+0000] {dagbag.py:540} INFO - Filling up the DagBag from /home/airflow/.local/lib/python3.12/site-packages/airflow/example_dags/example_latest_only_with_trigger.py
[2024-04-26T23:13:26.621+0000] {processor.py:840} INFO - DAG(s) 'latest_only_with_trigger' retrieved from /home/airflow/.local/lib/python3.12/site-packages/airflow/example_dags/example_latest_only_with_trigger.py
[2024-04-26T23:13:26.644+0000] {logging_mixin.py:188} INFO - [2024-04-26T23:13:26.644+0000] {dag.py:3096} INFO - Sync 1 DAGs
[2024-04-26T23:13:26.670+0000] {logging_mixin.py:188} INFO - [2024-04-26T23:13:26.670+0000] {dag.py:3954} INFO - Setting next_dagrun for latest_only_with_trigger to 2024-04-26 16:00:00+00:00, run_after=2024-04-26 20:00:00+00:00
[2024-04-26T23:13:26.693+0000] {processor.py:183} INFO - Processing /home/airflow/.local/lib/python3.12/site-packages/airflow/example_dags/example_latest_only_with_trigger.py took 0.091 seconds
[2024-04-26T23:17:52.493+0000] {processor.py:161} INFO - Started process (PID=42) to work on /home/airflow/.local/lib/python3.12/site-packages/airflow/example_dags/example_latest_only_with_trigger.py
[2024-04-26T23:17:52.494+0000] {processor.py:830} INFO - Processing file /home/airflow/.local/lib/python3.12/site-packages/airflow/example_dags/example_latest_only_with_trigger.py for tasks to queue
[2024-04-26T23:17:52.497+0000] {logging_mixin.py:188} INFO - [2024-04-26T23:17:52.496+0000] {dagbag.py:540} INFO - Filling up the DagBag from /home/airflow/.local/lib/python3.12/site-packages/airflow/example_dags/example_latest_only_with_trigger.py
[2024-04-26T23:17:52.503+0000] {processor.py:840} INFO - DAG(s) 'latest_only_with_trigger' retrieved from /home/airflow/.local/lib/python3.12/site-packages/airflow/example_dags/example_latest_only_with_trigger.py
[2024-04-26T23:17:52.514+0000] {logging_mixin.py:188} INFO - [2024-04-26T23:17:52.513+0000] {dag.py:3096} INFO - Sync 1 DAGs
[2024-04-26T23:17:52.535+0000] {logging_mixin.py:188} INFO - [2024-04-26T23:17:52.535+0000] {dag.py:3954} INFO - Setting next_dagrun for latest_only_with_trigger to 2024-04-26 16:00:00+00:00, run_after=2024-04-26 20:00:00+00:00
[2024-04-26T23:17:52.561+0000] {processor.py:183} INFO - Processing /home/airflow/.local/lib/python3.12/site-packages/airflow/example_dags/example_latest_only_with_trigger.py took 0.073 seconds
[2024-04-26T23:18:22.965+0000] {processor.py:161} INFO - Started process (PID=101) to work on /home/airflow/.local/lib/python3.12/site-packages/airflow/example_dags/example_latest_only_with_trigger.py
[2024-04-26T23:18:22.966+0000] {processor.py:830} INFO - Processing file /home/airflow/.local/lib/python3.12/site-packages/airflow/example_dags/example_latest_only_with_trigger.py for tasks to queue
[2024-04-26T23:18:22.968+0000] {logging_mixin.py:188} INFO - [2024-04-26T23:18:22.968+0000] {dagbag.py:540} INFO - Filling up the DagBag from /home/airflow/.local/lib/python3.12/site-packages/airflow/example_dags/example_latest_only_with_trigger.py
[2024-04-26T23:18:22.973+0000] {processor.py:840} INFO - DAG(s) 'latest_only_with_trigger' retrieved from /home/airflow/.local/lib/python3.12/site-packages/airflow/example_dags/example_latest_only_with_trigger.py
[2024-04-26T23:18:23.079+0000] {logging_mixin.py:188} INFO - [2024-04-26T23:18:23.079+0000] {dag.py:3096} INFO - Sync 1 DAGs
[2024-04-26T23:18:23.098+0000] {logging_mixin.py:188} INFO - [2024-04-26T23:18:23.098+0000] {dag.py:3954} INFO - Setting next_dagrun for latest_only_with_trigger to 2024-04-26 16:00:00+00:00, run_after=2024-04-26 20:00:00+00:00
[2024-04-26T23:18:23.120+0000] {processor.py:183} INFO - Processing /home/airflow/.local/lib/python3.12/site-packages/airflow/example_dags/example_latest_only_with_trigger.py took 0.160 seconds
[2024-04-26T23:18:53.183+0000] {processor.py:161} INFO - Started process (PID=160) to work on /home/airflow/.local/lib/python3.12/site-packages/airflow/example_dags/example_latest_only_with_trigger.py
[2024-04-26T23:18:53.184+0000] {processor.py:830} INFO - Processing file /home/airflow/.local/lib/python3.12/site-packages/airflow/example_dags/example_latest_only_with_trigger.py for tasks to queue
[2024-04-26T23:18:53.186+0000] {logging_mixin.py:188} INFO - [2024-04-26T23:18:53.186+0000] {dagbag.py:540} INFO - Filling up the DagBag from /home/airflow/.local/lib/python3.12/site-packages/airflow/example_dags/example_latest_only_with_trigger.py
[2024-04-26T23:18:53.191+0000] {processor.py:840} INFO - DAG(s) 'latest_only_with_trigger' retrieved from /home/airflow/.local/lib/python3.12/site-packages/airflow/example_dags/example_latest_only_with_trigger.py
[2024-04-26T23:18:53.210+0000] {logging_mixin.py:188} INFO - [2024-04-26T23:18:53.210+0000] {dag.py:3096} INFO - Sync 1 DAGs
[2024-04-26T23:18:53.232+0000] {logging_mixin.py:188} INFO - [2024-04-26T23:18:53.231+0000] {dag.py:3954} INFO - Setting next_dagrun for latest_only_with_trigger to 2024-04-26 16:00:00+00:00, run_after=2024-04-26 20:00:00+00:00
[2024-04-26T23:18:53.252+0000] {processor.py:183} INFO - Processing /home/airflow/.local/lib/python3.12/site-packages/airflow/example_dags/example_latest_only_with_trigger.py took 0.073 seconds
[2024-04-26T23:19:41.956+0000] {processor.py:161} INFO - Started process (PID=42) to work on /home/airflow/.local/lib/python3.12/site-packages/airflow/example_dags/example_latest_only_with_trigger.py
[2024-04-26T23:19:41.957+0000] {processor.py:830} INFO - Processing file /home/airflow/.local/lib/python3.12/site-packages/airflow/example_dags/example_latest_only_with_trigger.py for tasks to queue
[2024-04-26T23:19:41.959+0000] {logging_mixin.py:188} INFO - [2024-04-26T23:19:41.959+0000] {dagbag.py:540} INFO - Filling up the DagBag from /home/airflow/.local/lib/python3.12/site-packages/airflow/example_dags/example_latest_only_with_trigger.py
[2024-04-26T23:19:41.966+0000] {processor.py:840} INFO - DAG(s) 'latest_only_with_trigger' retrieved from /home/airflow/.local/lib/python3.12/site-packages/airflow/example_dags/example_latest_only_with_trigger.py
[2024-04-26T23:19:41.976+0000] {logging_mixin.py:188} INFO - [2024-04-26T23:19:41.976+0000] {dag.py:3096} INFO - Sync 1 DAGs
[2024-04-26T23:19:42.003+0000] {logging_mixin.py:188} INFO - [2024-04-26T23:19:42.003+0000] {dag.py:3954} INFO - Setting next_dagrun for latest_only_with_trigger to 2024-04-26 16:00:00+00:00, run_after=2024-04-26 20:00:00+00:00
[2024-04-26T23:19:42.027+0000] {processor.py:183} INFO - Processing /home/airflow/.local/lib/python3.12/site-packages/airflow/example_dags/example_latest_only_with_trigger.py took 0.076 seconds
[2024-04-26T23:20:12.264+0000] {processor.py:161} INFO - Started process (PID=101) to work on /home/airflow/.local/lib/python3.12/site-packages/airflow/example_dags/example_latest_only_with_trigger.py
[2024-04-26T23:20:12.264+0000] {processor.py:830} INFO - Processing file /home/airflow/.local/lib/python3.12/site-packages/airflow/example_dags/example_latest_only_with_trigger.py for tasks to queue
[2024-04-26T23:20:12.266+0000] {logging_mixin.py:188} INFO - [2024-04-26T23:20:12.266+0000] {dagbag.py:540} INFO - Filling up the DagBag from /home/airflow/.local/lib/python3.12/site-packages/airflow/example_dags/example_latest_only_with_trigger.py
[2024-04-26T23:20:12.271+0000] {processor.py:840} INFO - DAG(s) 'latest_only_with_trigger' retrieved from /home/airflow/.local/lib/python3.12/site-packages/airflow/example_dags/example_latest_only_with_trigger.py
[2024-04-26T23:20:12.347+0000] {logging_mixin.py:188} INFO - [2024-04-26T23:20:12.347+0000] {dag.py:3096} INFO - Sync 1 DAGs
[2024-04-26T23:20:12.361+0000] {logging_mixin.py:188} INFO - [2024-04-26T23:20:12.361+0000] {dag.py:3954} INFO - Setting next_dagrun for latest_only_with_trigger to 2024-04-26 16:00:00+00:00, run_after=2024-04-26 20:00:00+00:00
[2024-04-26T23:20:12.378+0000] {processor.py:183} INFO - Processing /home/airflow/.local/lib/python3.12/site-packages/airflow/example_dags/example_latest_only_with_trigger.py took 0.119 seconds
[2024-04-26T23:20:42.505+0000] {processor.py:161} INFO - Started process (PID=160) to work on /home/airflow/.local/lib/python3.12/site-packages/airflow/example_dags/example_latest_only_with_trigger.py
[2024-04-26T23:20:42.506+0000] {processor.py:830} INFO - Processing file /home/airflow/.local/lib/python3.12/site-packages/airflow/example_dags/example_latest_only_with_trigger.py for tasks to queue
[2024-04-26T23:20:42.508+0000] {logging_mixin.py:188} INFO - [2024-04-26T23:20:42.508+0000] {dagbag.py:540} INFO - Filling up the DagBag from /home/airflow/.local/lib/python3.12/site-packages/airflow/example_dags/example_latest_only_with_trigger.py
[2024-04-26T23:20:42.512+0000] {processor.py:840} INFO - DAG(s) 'latest_only_with_trigger' retrieved from /home/airflow/.local/lib/python3.12/site-packages/airflow/example_dags/example_latest_only_with_trigger.py
[2024-04-26T23:20:42.529+0000] {logging_mixin.py:188} INFO - [2024-04-26T23:20:42.529+0000] {dag.py:3096} INFO - Sync 1 DAGs
[2024-04-26T23:20:42.548+0000] {logging_mixin.py:188} INFO - [2024-04-26T23:20:42.548+0000] {dag.py:3954} INFO - Setting next_dagrun for latest_only_with_trigger to 2024-04-26 16:00:00+00:00, run_after=2024-04-26 20:00:00+00:00
[2024-04-26T23:20:42.566+0000] {processor.py:183} INFO - Processing /home/airflow/.local/lib/python3.12/site-packages/airflow/example_dags/example_latest_only_with_trigger.py took 0.066 seconds
[2024-04-26T23:21:12.674+0000] {processor.py:161} INFO - Started process (PID=219) to work on /home/airflow/.local/lib/python3.12/site-packages/airflow/example_dags/example_latest_only_with_trigger.py
[2024-04-26T23:21:12.675+0000] {processor.py:830} INFO - Processing file /home/airflow/.local/lib/python3.12/site-packages/airflow/example_dags/example_latest_only_with_trigger.py for tasks to queue
[2024-04-26T23:21:12.677+0000] {logging_mixin.py:188} INFO - [2024-04-26T23:21:12.677+0000] {dagbag.py:540} INFO - Filling up the DagBag from /home/airflow/.local/lib/python3.12/site-packages/airflow/example_dags/example_latest_only_with_trigger.py
[2024-04-26T23:21:12.681+0000] {processor.py:840} INFO - DAG(s) 'latest_only_with_trigger' retrieved from /home/airflow/.local/lib/python3.12/site-packages/airflow/example_dags/example_latest_only_with_trigger.py
[2024-04-26T23:21:12.698+0000] {logging_mixin.py:188} INFO - [2024-04-26T23:21:12.698+0000] {dag.py:3096} INFO - Sync 1 DAGs
[2024-04-26T23:21:12.714+0000] {logging_mixin.py:188} INFO - [2024-04-26T23:21:12.714+0000] {dag.py:3954} INFO - Setting next_dagrun for latest_only_with_trigger to 2024-04-26 16:00:00+00:00, run_after=2024-04-26 20:00:00+00:00
[2024-04-26T23:21:12.731+0000] {processor.py:183} INFO - Processing /home/airflow/.local/lib/python3.12/site-packages/airflow/example_dags/example_latest_only_with_trigger.py took 0.061 seconds
[2024-04-26T23:21:43.200+0000] {processor.py:161} INFO - Started process (PID=278) to work on /home/airflow/.local/lib/python3.12/site-packages/airflow/example_dags/example_latest_only_with_trigger.py
[2024-04-26T23:21:43.202+0000] {processor.py:830} INFO - Processing file /home/airflow/.local/lib/python3.12/site-packages/airflow/example_dags/example_latest_only_with_trigger.py for tasks to queue
[2024-04-26T23:21:43.208+0000] {logging_mixin.py:188} INFO - [2024-04-26T23:21:43.207+0000] {dagbag.py:540} INFO - Filling up the DagBag from /home/airflow/.local/lib/python3.12/site-packages/airflow/example_dags/example_latest_only_with_trigger.py
[2024-04-26T23:21:43.215+0000] {processor.py:840} INFO - DAG(s) 'latest_only_with_trigger' retrieved from /home/airflow/.local/lib/python3.12/site-packages/airflow/example_dags/example_latest_only_with_trigger.py
[2024-04-26T23:21:43.241+0000] {logging_mixin.py:188} INFO - [2024-04-26T23:21:43.241+0000] {dag.py:3096} INFO - Sync 1 DAGs
[2024-04-26T23:21:43.262+0000] {logging_mixin.py:188} INFO - [2024-04-26T23:21:43.262+0000] {dag.py:3954} INFO - Setting next_dagrun for latest_only_with_trigger to 2024-04-26 16:00:00+00:00, run_after=2024-04-26 20:00:00+00:00
[2024-04-26T23:21:43.283+0000] {processor.py:183} INFO - Processing /home/airflow/.local/lib/python3.12/site-packages/airflow/example_dags/example_latest_only_with_trigger.py took 0.090 seconds
