[2024-04-26T22:58:26.458+0000] {processor.py:161} INFO - Started process (PID=55) to work on /home/airflow/.local/lib/python3.12/site-packages/airflow/example_dags/example_sla_dag.py
[2024-04-26T22:58:26.503+0000] {processor.py:830} INFO - Processing file /home/airflow/.local/lib/python3.12/site-packages/airflow/example_dags/example_sla_dag.py for tasks to queue
[2024-04-26T22:58:26.518+0000] {logging_mixin.py:188} INFO - [2024-04-26T22:58:26.515+0000] {dagbag.py:540} INFO - Filling up the DagBag from /home/airflow/.local/lib/python3.12/site-packages/airflow/example_dags/example_sla_dag.py
[2024-04-26T22:58:26.593+0000] {processor.py:840} INFO - DAG(s) 'example_sla_dag' retrieved from /home/airflow/.local/lib/python3.12/site-packages/airflow/example_dags/example_sla_dag.py
[2024-04-26T22:58:26.868+0000] {logging_mixin.py:188} INFO - [2024-04-26T22:58:26.867+0000] {dag.py:3096} INFO - Sync 1 DAGs
[2024-04-26T22:58:26.907+0000] {logging_mixin.py:188} INFO - [2024-04-26T22:58:26.907+0000] {dag.py:3954} INFO - Setting next_dagrun for example_sla_dag to 2024-04-26 22:56:00+00:00, run_after=2024-04-26 22:58:00+00:00
[2024-04-26T22:58:26.941+0000] {processor.py:183} INFO - Processing /home/airflow/.local/lib/python3.12/site-packages/airflow/example_dags/example_sla_dag.py took 0.526 seconds
[2024-04-26T22:58:57.671+0000] {processor.py:161} INFO - Started process (PID=114) to work on /home/airflow/.local/lib/python3.12/site-packages/airflow/example_dags/example_sla_dag.py
[2024-04-26T22:58:57.673+0000] {processor.py:830} INFO - Processing file /home/airflow/.local/lib/python3.12/site-packages/airflow/example_dags/example_sla_dag.py for tasks to queue
[2024-04-26T22:58:57.676+0000] {logging_mixin.py:188} INFO - [2024-04-26T22:58:57.675+0000] {dagbag.py:540} INFO - Filling up the DagBag from /home/airflow/.local/lib/python3.12/site-packages/airflow/example_dags/example_sla_dag.py
[2024-04-26T22:58:57.684+0000] {processor.py:840} INFO - DAG(s) 'example_sla_dag' retrieved from /home/airflow/.local/lib/python3.12/site-packages/airflow/example_dags/example_sla_dag.py
[2024-04-26T22:58:57.704+0000] {logging_mixin.py:188} INFO - [2024-04-26T22:58:57.703+0000] {dag.py:3096} INFO - Sync 1 DAGs
[2024-04-26T22:58:57.729+0000] {logging_mixin.py:188} INFO - [2024-04-26T22:58:57.729+0000] {dag.py:3954} INFO - Setting next_dagrun for example_sla_dag to 2024-04-26 22:56:00+00:00, run_after=2024-04-26 22:58:00+00:00
[2024-04-26T22:58:57.778+0000] {processor.py:183} INFO - Processing /home/airflow/.local/lib/python3.12/site-packages/airflow/example_dags/example_sla_dag.py took 0.114 seconds
[2024-04-26T22:59:28.050+0000] {processor.py:161} INFO - Started process (PID=173) to work on /home/airflow/.local/lib/python3.12/site-packages/airflow/example_dags/example_sla_dag.py
[2024-04-26T22:59:28.051+0000] {processor.py:830} INFO - Processing file /home/airflow/.local/lib/python3.12/site-packages/airflow/example_dags/example_sla_dag.py for tasks to queue
[2024-04-26T22:59:28.053+0000] {logging_mixin.py:188} INFO - [2024-04-26T22:59:28.053+0000] {dagbag.py:540} INFO - Filling up the DagBag from /home/airflow/.local/lib/python3.12/site-packages/airflow/example_dags/example_sla_dag.py
[2024-04-26T22:59:28.067+0000] {processor.py:840} INFO - DAG(s) 'example_sla_dag' retrieved from /home/airflow/.local/lib/python3.12/site-packages/airflow/example_dags/example_sla_dag.py
[2024-04-26T22:59:28.092+0000] {logging_mixin.py:188} INFO - [2024-04-26T22:59:28.092+0000] {dag.py:3096} INFO - Sync 1 DAGs
[2024-04-26T22:59:28.126+0000] {logging_mixin.py:188} INFO - [2024-04-26T22:59:28.126+0000] {dag.py:3954} INFO - Setting next_dagrun for example_sla_dag to 2024-04-26 22:56:00+00:00, run_after=2024-04-26 22:58:00+00:00
[2024-04-26T22:59:28.150+0000] {processor.py:183} INFO - Processing /home/airflow/.local/lib/python3.12/site-packages/airflow/example_dags/example_sla_dag.py took 0.106 seconds
[2024-04-26T22:59:58.294+0000] {processor.py:161} INFO - Started process (PID=232) to work on /home/airflow/.local/lib/python3.12/site-packages/airflow/example_dags/example_sla_dag.py
[2024-04-26T22:59:58.296+0000] {processor.py:830} INFO - Processing file /home/airflow/.local/lib/python3.12/site-packages/airflow/example_dags/example_sla_dag.py for tasks to queue
[2024-04-26T22:59:58.298+0000] {logging_mixin.py:188} INFO - [2024-04-26T22:59:58.297+0000] {dagbag.py:540} INFO - Filling up the DagBag from /home/airflow/.local/lib/python3.12/site-packages/airflow/example_dags/example_sla_dag.py
[2024-04-26T22:59:58.307+0000] {processor.py:840} INFO - DAG(s) 'example_sla_dag' retrieved from /home/airflow/.local/lib/python3.12/site-packages/airflow/example_dags/example_sla_dag.py
[2024-04-26T22:59:58.322+0000] {logging_mixin.py:188} INFO - [2024-04-26T22:59:58.322+0000] {dag.py:3096} INFO - Sync 1 DAGs
[2024-04-26T22:59:58.341+0000] {logging_mixin.py:188} INFO - [2024-04-26T22:59:58.341+0000] {dag.py:3954} INFO - Setting next_dagrun for example_sla_dag to 2024-04-26 22:56:00+00:00, run_after=2024-04-26 22:58:00+00:00
[2024-04-26T22:59:58.359+0000] {processor.py:183} INFO - Processing /home/airflow/.local/lib/python3.12/site-packages/airflow/example_dags/example_sla_dag.py took 0.071 seconds
[2024-04-26T23:00:28.492+0000] {processor.py:161} INFO - Started process (PID=291) to work on /home/airflow/.local/lib/python3.12/site-packages/airflow/example_dags/example_sla_dag.py
[2024-04-26T23:00:28.493+0000] {processor.py:830} INFO - Processing file /home/airflow/.local/lib/python3.12/site-packages/airflow/example_dags/example_sla_dag.py for tasks to queue
[2024-04-26T23:00:28.495+0000] {logging_mixin.py:188} INFO - [2024-04-26T23:00:28.495+0000] {dagbag.py:540} INFO - Filling up the DagBag from /home/airflow/.local/lib/python3.12/site-packages/airflow/example_dags/example_sla_dag.py
[2024-04-26T23:00:28.503+0000] {processor.py:840} INFO - DAG(s) 'example_sla_dag' retrieved from /home/airflow/.local/lib/python3.12/site-packages/airflow/example_dags/example_sla_dag.py
[2024-04-26T23:00:28.520+0000] {logging_mixin.py:188} INFO - [2024-04-26T23:00:28.520+0000] {dag.py:3096} INFO - Sync 1 DAGs
[2024-04-26T23:00:28.545+0000] {logging_mixin.py:188} INFO - [2024-04-26T23:00:28.545+0000] {dag.py:3954} INFO - Setting next_dagrun for example_sla_dag to 2024-04-26 22:58:00+00:00, run_after=2024-04-26 23:00:00+00:00
[2024-04-26T23:00:28.569+0000] {processor.py:183} INFO - Processing /home/airflow/.local/lib/python3.12/site-packages/airflow/example_dags/example_sla_dag.py took 0.082 seconds
[2024-04-26T23:00:58.674+0000] {processor.py:161} INFO - Started process (PID=350) to work on /home/airflow/.local/lib/python3.12/site-packages/airflow/example_dags/example_sla_dag.py
[2024-04-26T23:00:58.674+0000] {processor.py:830} INFO - Processing file /home/airflow/.local/lib/python3.12/site-packages/airflow/example_dags/example_sla_dag.py for tasks to queue
[2024-04-26T23:00:58.677+0000] {logging_mixin.py:188} INFO - [2024-04-26T23:00:58.676+0000] {dagbag.py:540} INFO - Filling up the DagBag from /home/airflow/.local/lib/python3.12/site-packages/airflow/example_dags/example_sla_dag.py
[2024-04-26T23:00:58.686+0000] {processor.py:840} INFO - DAG(s) 'example_sla_dag' retrieved from /home/airflow/.local/lib/python3.12/site-packages/airflow/example_dags/example_sla_dag.py
[2024-04-26T23:00:58.704+0000] {logging_mixin.py:188} INFO - [2024-04-26T23:00:58.704+0000] {dag.py:3096} INFO - Sync 1 DAGs
[2024-04-26T23:00:58.724+0000] {logging_mixin.py:188} INFO - [2024-04-26T23:00:58.724+0000] {dag.py:3954} INFO - Setting next_dagrun for example_sla_dag to 2024-04-26 22:58:00+00:00, run_after=2024-04-26 23:00:00+00:00
[2024-04-26T23:00:58.742+0000] {processor.py:183} INFO - Processing /home/airflow/.local/lib/python3.12/site-packages/airflow/example_dags/example_sla_dag.py took 0.075 seconds
[2024-04-26T23:01:29.667+0000] {processor.py:161} INFO - Started process (PID=409) to work on /home/airflow/.local/lib/python3.12/site-packages/airflow/example_dags/example_sla_dag.py
[2024-04-26T23:01:29.668+0000] {processor.py:830} INFO - Processing file /home/airflow/.local/lib/python3.12/site-packages/airflow/example_dags/example_sla_dag.py for tasks to queue
[2024-04-26T23:01:29.669+0000] {logging_mixin.py:188} INFO - [2024-04-26T23:01:29.669+0000] {dagbag.py:540} INFO - Filling up the DagBag from /home/airflow/.local/lib/python3.12/site-packages/airflow/example_dags/example_sla_dag.py
[2024-04-26T23:01:29.678+0000] {processor.py:840} INFO - DAG(s) 'example_sla_dag' retrieved from /home/airflow/.local/lib/python3.12/site-packages/airflow/example_dags/example_sla_dag.py
[2024-04-26T23:01:29.695+0000] {logging_mixin.py:188} INFO - [2024-04-26T23:01:29.695+0000] {dag.py:3096} INFO - Sync 1 DAGs
[2024-04-26T23:01:29.718+0000] {logging_mixin.py:188} INFO - [2024-04-26T23:01:29.718+0000] {dag.py:3954} INFO - Setting next_dagrun for example_sla_dag to 2024-04-26 22:58:00+00:00, run_after=2024-04-26 23:00:00+00:00
[2024-04-26T23:01:29.745+0000] {processor.py:183} INFO - Processing /home/airflow/.local/lib/python3.12/site-packages/airflow/example_dags/example_sla_dag.py took 0.083 seconds
[2024-04-26T23:01:59.910+0000] {processor.py:161} INFO - Started process (PID=468) to work on /home/airflow/.local/lib/python3.12/site-packages/airflow/example_dags/example_sla_dag.py
[2024-04-26T23:01:59.911+0000] {processor.py:830} INFO - Processing file /home/airflow/.local/lib/python3.12/site-packages/airflow/example_dags/example_sla_dag.py for tasks to queue
[2024-04-26T23:01:59.913+0000] {logging_mixin.py:188} INFO - [2024-04-26T23:01:59.912+0000] {dagbag.py:540} INFO - Filling up the DagBag from /home/airflow/.local/lib/python3.12/site-packages/airflow/example_dags/example_sla_dag.py
[2024-04-26T23:01:59.922+0000] {processor.py:840} INFO - DAG(s) 'example_sla_dag' retrieved from /home/airflow/.local/lib/python3.12/site-packages/airflow/example_dags/example_sla_dag.py
[2024-04-26T23:01:59.940+0000] {logging_mixin.py:188} INFO - [2024-04-26T23:01:59.940+0000] {dag.py:3096} INFO - Sync 1 DAGs
[2024-04-26T23:01:59.966+0000] {logging_mixin.py:188} INFO - [2024-04-26T23:01:59.966+0000] {dag.py:3954} INFO - Setting next_dagrun for example_sla_dag to 2024-04-26 22:58:00+00:00, run_after=2024-04-26 23:00:00+00:00
[2024-04-26T23:01:59.993+0000] {processor.py:183} INFO - Processing /home/airflow/.local/lib/python3.12/site-packages/airflow/example_dags/example_sla_dag.py took 0.089 seconds
[2024-04-26T23:02:30.487+0000] {processor.py:161} INFO - Started process (PID=527) to work on /home/airflow/.local/lib/python3.12/site-packages/airflow/example_dags/example_sla_dag.py
[2024-04-26T23:02:30.488+0000] {processor.py:830} INFO - Processing file /home/airflow/.local/lib/python3.12/site-packages/airflow/example_dags/example_sla_dag.py for tasks to queue
[2024-04-26T23:02:30.490+0000] {logging_mixin.py:188} INFO - [2024-04-26T23:02:30.490+0000] {dagbag.py:540} INFO - Filling up the DagBag from /home/airflow/.local/lib/python3.12/site-packages/airflow/example_dags/example_sla_dag.py
[2024-04-26T23:02:30.497+0000] {processor.py:840} INFO - DAG(s) 'example_sla_dag' retrieved from /home/airflow/.local/lib/python3.12/site-packages/airflow/example_dags/example_sla_dag.py
[2024-04-26T23:02:30.516+0000] {logging_mixin.py:188} INFO - [2024-04-26T23:02:30.516+0000] {dag.py:3096} INFO - Sync 1 DAGs
[2024-04-26T23:02:30.539+0000] {logging_mixin.py:188} INFO - [2024-04-26T23:02:30.539+0000] {dag.py:3954} INFO - Setting next_dagrun for example_sla_dag to 2024-04-26 23:00:00+00:00, run_after=2024-04-26 23:02:00+00:00
[2024-04-26T23:02:30.560+0000] {processor.py:183} INFO - Processing /home/airflow/.local/lib/python3.12/site-packages/airflow/example_dags/example_sla_dag.py took 0.079 seconds
[2024-04-26T23:03:00.766+0000] {processor.py:161} INFO - Started process (PID=586) to work on /home/airflow/.local/lib/python3.12/site-packages/airflow/example_dags/example_sla_dag.py
[2024-04-26T23:03:00.767+0000] {processor.py:830} INFO - Processing file /home/airflow/.local/lib/python3.12/site-packages/airflow/example_dags/example_sla_dag.py for tasks to queue
[2024-04-26T23:03:00.769+0000] {logging_mixin.py:188} INFO - [2024-04-26T23:03:00.769+0000] {dagbag.py:540} INFO - Filling up the DagBag from /home/airflow/.local/lib/python3.12/site-packages/airflow/example_dags/example_sla_dag.py
[2024-04-26T23:03:00.776+0000] {processor.py:840} INFO - DAG(s) 'example_sla_dag' retrieved from /home/airflow/.local/lib/python3.12/site-packages/airflow/example_dags/example_sla_dag.py
[2024-04-26T23:03:00.794+0000] {logging_mixin.py:188} INFO - [2024-04-26T23:03:00.794+0000] {dag.py:3096} INFO - Sync 1 DAGs
[2024-04-26T23:03:00.813+0000] {logging_mixin.py:188} INFO - [2024-04-26T23:03:00.813+0000] {dag.py:3954} INFO - Setting next_dagrun for example_sla_dag to 2024-04-26 23:00:00+00:00, run_after=2024-04-26 23:02:00+00:00
[2024-04-26T23:03:00.833+0000] {processor.py:183} INFO - Processing /home/airflow/.local/lib/python3.12/site-packages/airflow/example_dags/example_sla_dag.py took 0.072 seconds
[2024-04-26T23:03:31.009+0000] {processor.py:161} INFO - Started process (PID=645) to work on /home/airflow/.local/lib/python3.12/site-packages/airflow/example_dags/example_sla_dag.py
[2024-04-26T23:03:31.010+0000] {processor.py:830} INFO - Processing file /home/airflow/.local/lib/python3.12/site-packages/airflow/example_dags/example_sla_dag.py for tasks to queue
[2024-04-26T23:03:31.012+0000] {logging_mixin.py:188} INFO - [2024-04-26T23:03:31.011+0000] {dagbag.py:540} INFO - Filling up the DagBag from /home/airflow/.local/lib/python3.12/site-packages/airflow/example_dags/example_sla_dag.py
[2024-04-26T23:03:31.020+0000] {processor.py:840} INFO - DAG(s) 'example_sla_dag' retrieved from /home/airflow/.local/lib/python3.12/site-packages/airflow/example_dags/example_sla_dag.py
[2024-04-26T23:03:31.039+0000] {logging_mixin.py:188} INFO - [2024-04-26T23:03:31.039+0000] {dag.py:3096} INFO - Sync 1 DAGs
[2024-04-26T23:03:31.062+0000] {logging_mixin.py:188} INFO - [2024-04-26T23:03:31.061+0000] {dag.py:3954} INFO - Setting next_dagrun for example_sla_dag to 2024-04-26 23:00:00+00:00, run_after=2024-04-26 23:02:00+00:00
[2024-04-26T23:03:31.081+0000] {processor.py:183} INFO - Processing /home/airflow/.local/lib/python3.12/site-packages/airflow/example_dags/example_sla_dag.py took 0.078 seconds
[2024-04-26T23:04:01.303+0000] {processor.py:161} INFO - Started process (PID=704) to work on /home/airflow/.local/lib/python3.12/site-packages/airflow/example_dags/example_sla_dag.py
[2024-04-26T23:04:01.304+0000] {processor.py:830} INFO - Processing file /home/airflow/.local/lib/python3.12/site-packages/airflow/example_dags/example_sla_dag.py for tasks to queue
[2024-04-26T23:04:01.306+0000] {logging_mixin.py:188} INFO - [2024-04-26T23:04:01.306+0000] {dagbag.py:540} INFO - Filling up the DagBag from /home/airflow/.local/lib/python3.12/site-packages/airflow/example_dags/example_sla_dag.py
[2024-04-26T23:04:01.313+0000] {processor.py:840} INFO - DAG(s) 'example_sla_dag' retrieved from /home/airflow/.local/lib/python3.12/site-packages/airflow/example_dags/example_sla_dag.py
[2024-04-26T23:04:01.330+0000] {logging_mixin.py:188} INFO - [2024-04-26T23:04:01.330+0000] {dag.py:3096} INFO - Sync 1 DAGs
[2024-04-26T23:04:01.353+0000] {logging_mixin.py:188} INFO - [2024-04-26T23:04:01.353+0000] {dag.py:3954} INFO - Setting next_dagrun for example_sla_dag to 2024-04-26 23:02:00+00:00, run_after=2024-04-26 23:04:00+00:00
[2024-04-26T23:04:01.370+0000] {processor.py:183} INFO - Processing /home/airflow/.local/lib/python3.12/site-packages/airflow/example_dags/example_sla_dag.py took 0.072 seconds
[2024-04-26T23:04:31.559+0000] {processor.py:161} INFO - Started process (PID=763) to work on /home/airflow/.local/lib/python3.12/site-packages/airflow/example_dags/example_sla_dag.py
[2024-04-26T23:04:31.560+0000] {processor.py:830} INFO - Processing file /home/airflow/.local/lib/python3.12/site-packages/airflow/example_dags/example_sla_dag.py for tasks to queue
[2024-04-26T23:04:31.563+0000] {logging_mixin.py:188} INFO - [2024-04-26T23:04:31.562+0000] {dagbag.py:540} INFO - Filling up the DagBag from /home/airflow/.local/lib/python3.12/site-packages/airflow/example_dags/example_sla_dag.py
[2024-04-26T23:04:31.572+0000] {processor.py:840} INFO - DAG(s) 'example_sla_dag' retrieved from /home/airflow/.local/lib/python3.12/site-packages/airflow/example_dags/example_sla_dag.py
[2024-04-26T23:04:31.592+0000] {logging_mixin.py:188} INFO - [2024-04-26T23:04:31.592+0000] {dag.py:3096} INFO - Sync 1 DAGs
[2024-04-26T23:04:31.621+0000] {logging_mixin.py:188} INFO - [2024-04-26T23:04:31.620+0000] {dag.py:3954} INFO - Setting next_dagrun for example_sla_dag to 2024-04-26 23:02:00+00:00, run_after=2024-04-26 23:04:00+00:00
[2024-04-26T23:04:31.647+0000] {processor.py:183} INFO - Processing /home/airflow/.local/lib/python3.12/site-packages/airflow/example_dags/example_sla_dag.py took 0.095 seconds
[2024-04-26T23:05:01.952+0000] {processor.py:161} INFO - Started process (PID=822) to work on /home/airflow/.local/lib/python3.12/site-packages/airflow/example_dags/example_sla_dag.py
[2024-04-26T23:05:01.953+0000] {processor.py:830} INFO - Processing file /home/airflow/.local/lib/python3.12/site-packages/airflow/example_dags/example_sla_dag.py for tasks to queue
[2024-04-26T23:05:01.955+0000] {logging_mixin.py:188} INFO - [2024-04-26T23:05:01.955+0000] {dagbag.py:540} INFO - Filling up the DagBag from /home/airflow/.local/lib/python3.12/site-packages/airflow/example_dags/example_sla_dag.py
[2024-04-26T23:05:01.962+0000] {processor.py:840} INFO - DAG(s) 'example_sla_dag' retrieved from /home/airflow/.local/lib/python3.12/site-packages/airflow/example_dags/example_sla_dag.py
[2024-04-26T23:05:01.980+0000] {logging_mixin.py:188} INFO - [2024-04-26T23:05:01.980+0000] {dag.py:3096} INFO - Sync 1 DAGs
[2024-04-26T23:05:02.002+0000] {logging_mixin.py:188} INFO - [2024-04-26T23:05:02.002+0000] {dag.py:3954} INFO - Setting next_dagrun for example_sla_dag to 2024-04-26 23:02:00+00:00, run_after=2024-04-26 23:04:00+00:00
[2024-04-26T23:05:02.023+0000] {processor.py:183} INFO - Processing /home/airflow/.local/lib/python3.12/site-packages/airflow/example_dags/example_sla_dag.py took 0.076 seconds
[2024-04-26T23:05:32.368+0000] {processor.py:161} INFO - Started process (PID=881) to work on /home/airflow/.local/lib/python3.12/site-packages/airflow/example_dags/example_sla_dag.py
[2024-04-26T23:05:32.369+0000] {processor.py:830} INFO - Processing file /home/airflow/.local/lib/python3.12/site-packages/airflow/example_dags/example_sla_dag.py for tasks to queue
[2024-04-26T23:05:32.372+0000] {logging_mixin.py:188} INFO - [2024-04-26T23:05:32.372+0000] {dagbag.py:540} INFO - Filling up the DagBag from /home/airflow/.local/lib/python3.12/site-packages/airflow/example_dags/example_sla_dag.py
[2024-04-26T23:05:32.381+0000] {processor.py:840} INFO - DAG(s) 'example_sla_dag' retrieved from /home/airflow/.local/lib/python3.12/site-packages/airflow/example_dags/example_sla_dag.py
[2024-04-26T23:05:32.402+0000] {logging_mixin.py:188} INFO - [2024-04-26T23:05:32.401+0000] {dag.py:3096} INFO - Sync 1 DAGs
[2024-04-26T23:05:32.425+0000] {logging_mixin.py:188} INFO - [2024-04-26T23:05:32.425+0000] {dag.py:3954} INFO - Setting next_dagrun for example_sla_dag to 2024-04-26 23:02:00+00:00, run_after=2024-04-26 23:04:00+00:00
[2024-04-26T23:05:32.443+0000] {processor.py:183} INFO - Processing /home/airflow/.local/lib/python3.12/site-packages/airflow/example_dags/example_sla_dag.py took 0.081 seconds
[2024-04-26T23:09:54.812+0000] {processor.py:161} INFO - Started process (PID=49) to work on /home/airflow/.local/lib/python3.12/site-packages/airflow/example_dags/example_sla_dag.py
[2024-04-26T23:09:54.816+0000] {processor.py:830} INFO - Processing file /home/airflow/.local/lib/python3.12/site-packages/airflow/example_dags/example_sla_dag.py for tasks to queue
[2024-04-26T23:09:54.822+0000] {logging_mixin.py:188} INFO - [2024-04-26T23:09:54.821+0000] {dagbag.py:540} INFO - Filling up the DagBag from /home/airflow/.local/lib/python3.12/site-packages/airflow/example_dags/example_sla_dag.py
[2024-04-26T23:09:54.844+0000] {processor.py:840} INFO - DAG(s) 'example_sla_dag' retrieved from /home/airflow/.local/lib/python3.12/site-packages/airflow/example_dags/example_sla_dag.py
[2024-04-26T23:09:54.865+0000] {logging_mixin.py:188} INFO - [2024-04-26T23:09:54.864+0000] {dag.py:3096} INFO - Sync 1 DAGs
[2024-04-26T23:09:54.889+0000] {logging_mixin.py:188} INFO - [2024-04-26T23:09:54.889+0000] {dag.py:3954} INFO - Setting next_dagrun for example_sla_dag to 2024-04-26 23:06:00+00:00, run_after=2024-04-26 23:08:00+00:00
[2024-04-26T23:09:54.920+0000] {processor.py:183} INFO - Processing /home/airflow/.local/lib/python3.12/site-packages/airflow/example_dags/example_sla_dag.py took 0.122 seconds
[2024-04-26T23:10:25.609+0000] {processor.py:161} INFO - Started process (PID=108) to work on /home/airflow/.local/lib/python3.12/site-packages/airflow/example_dags/example_sla_dag.py
[2024-04-26T23:10:25.610+0000] {processor.py:830} INFO - Processing file /home/airflow/.local/lib/python3.12/site-packages/airflow/example_dags/example_sla_dag.py for tasks to queue
[2024-04-26T23:10:25.613+0000] {logging_mixin.py:188} INFO - [2024-04-26T23:10:25.613+0000] {dagbag.py:540} INFO - Filling up the DagBag from /home/airflow/.local/lib/python3.12/site-packages/airflow/example_dags/example_sla_dag.py
[2024-04-26T23:10:25.621+0000] {processor.py:840} INFO - DAG(s) 'example_sla_dag' retrieved from /home/airflow/.local/lib/python3.12/site-packages/airflow/example_dags/example_sla_dag.py
[2024-04-26T23:10:25.705+0000] {logging_mixin.py:188} INFO - [2024-04-26T23:10:25.705+0000] {dag.py:3096} INFO - Sync 1 DAGs
[2024-04-26T23:10:25.727+0000] {logging_mixin.py:188} INFO - [2024-04-26T23:10:25.726+0000] {dag.py:3954} INFO - Setting next_dagrun for example_sla_dag to 2024-04-26 23:08:00+00:00, run_after=2024-04-26 23:10:00+00:00
[2024-04-26T23:10:25.747+0000] {processor.py:183} INFO - Processing /home/airflow/.local/lib/python3.12/site-packages/airflow/example_dags/example_sla_dag.py took 0.144 seconds
[2024-04-26T23:10:55.792+0000] {processor.py:161} INFO - Started process (PID=167) to work on /home/airflow/.local/lib/python3.12/site-packages/airflow/example_dags/example_sla_dag.py
[2024-04-26T23:10:55.793+0000] {processor.py:830} INFO - Processing file /home/airflow/.local/lib/python3.12/site-packages/airflow/example_dags/example_sla_dag.py for tasks to queue
[2024-04-26T23:10:55.795+0000] {logging_mixin.py:188} INFO - [2024-04-26T23:10:55.795+0000] {dagbag.py:540} INFO - Filling up the DagBag from /home/airflow/.local/lib/python3.12/site-packages/airflow/example_dags/example_sla_dag.py
[2024-04-26T23:10:55.804+0000] {processor.py:840} INFO - DAG(s) 'example_sla_dag' retrieved from /home/airflow/.local/lib/python3.12/site-packages/airflow/example_dags/example_sla_dag.py
[2024-04-26T23:10:55.823+0000] {logging_mixin.py:188} INFO - [2024-04-26T23:10:55.822+0000] {dag.py:3096} INFO - Sync 1 DAGs
[2024-04-26T23:10:55.846+0000] {logging_mixin.py:188} INFO - [2024-04-26T23:10:55.846+0000] {dag.py:3954} INFO - Setting next_dagrun for example_sla_dag to 2024-04-26 23:08:00+00:00, run_after=2024-04-26 23:10:00+00:00
[2024-04-26T23:10:55.865+0000] {processor.py:183} INFO - Processing /home/airflow/.local/lib/python3.12/site-packages/airflow/example_dags/example_sla_dag.py took 0.078 seconds
[2024-04-26T23:11:25.981+0000] {processor.py:161} INFO - Started process (PID=226) to work on /home/airflow/.local/lib/python3.12/site-packages/airflow/example_dags/example_sla_dag.py
[2024-04-26T23:11:25.982+0000] {processor.py:830} INFO - Processing file /home/airflow/.local/lib/python3.12/site-packages/airflow/example_dags/example_sla_dag.py for tasks to queue
[2024-04-26T23:11:25.984+0000] {logging_mixin.py:188} INFO - [2024-04-26T23:11:25.984+0000] {dagbag.py:540} INFO - Filling up the DagBag from /home/airflow/.local/lib/python3.12/site-packages/airflow/example_dags/example_sla_dag.py
[2024-04-26T23:11:25.992+0000] {processor.py:840} INFO - DAG(s) 'example_sla_dag' retrieved from /home/airflow/.local/lib/python3.12/site-packages/airflow/example_dags/example_sla_dag.py
[2024-04-26T23:11:26.008+0000] {logging_mixin.py:188} INFO - [2024-04-26T23:11:26.007+0000] {dag.py:3096} INFO - Sync 1 DAGs
[2024-04-26T23:11:26.029+0000] {logging_mixin.py:188} INFO - [2024-04-26T23:11:26.029+0000] {dag.py:3954} INFO - Setting next_dagrun for example_sla_dag to 2024-04-26 23:08:00+00:00, run_after=2024-04-26 23:10:00+00:00
[2024-04-26T23:11:26.050+0000] {processor.py:183} INFO - Processing /home/airflow/.local/lib/python3.12/site-packages/airflow/example_dags/example_sla_dag.py took 0.074 seconds
[2024-04-26T23:11:56.144+0000] {processor.py:161} INFO - Started process (PID=285) to work on /home/airflow/.local/lib/python3.12/site-packages/airflow/example_dags/example_sla_dag.py
[2024-04-26T23:11:56.144+0000] {processor.py:830} INFO - Processing file /home/airflow/.local/lib/python3.12/site-packages/airflow/example_dags/example_sla_dag.py for tasks to queue
[2024-04-26T23:11:56.146+0000] {logging_mixin.py:188} INFO - [2024-04-26T23:11:56.146+0000] {dagbag.py:540} INFO - Filling up the DagBag from /home/airflow/.local/lib/python3.12/site-packages/airflow/example_dags/example_sla_dag.py
[2024-04-26T23:11:56.153+0000] {processor.py:840} INFO - DAG(s) 'example_sla_dag' retrieved from /home/airflow/.local/lib/python3.12/site-packages/airflow/example_dags/example_sla_dag.py
[2024-04-26T23:11:56.176+0000] {logging_mixin.py:188} INFO - [2024-04-26T23:11:56.176+0000] {dag.py:3096} INFO - Sync 1 DAGs
[2024-04-26T23:11:56.202+0000] {logging_mixin.py:188} INFO - [2024-04-26T23:11:56.201+0000] {dag.py:3954} INFO - Setting next_dagrun for example_sla_dag to 2024-04-26 23:08:00+00:00, run_after=2024-04-26 23:10:00+00:00
[2024-04-26T23:11:56.220+0000] {processor.py:183} INFO - Processing /home/airflow/.local/lib/python3.12/site-packages/airflow/example_dags/example_sla_dag.py took 0.082 seconds
[2024-04-26T23:12:26.460+0000] {processor.py:161} INFO - Started process (PID=344) to work on /home/airflow/.local/lib/python3.12/site-packages/airflow/example_dags/example_sla_dag.py
[2024-04-26T23:12:26.461+0000] {processor.py:830} INFO - Processing file /home/airflow/.local/lib/python3.12/site-packages/airflow/example_dags/example_sla_dag.py for tasks to queue
[2024-04-26T23:12:26.463+0000] {logging_mixin.py:188} INFO - [2024-04-26T23:12:26.462+0000] {dagbag.py:540} INFO - Filling up the DagBag from /home/airflow/.local/lib/python3.12/site-packages/airflow/example_dags/example_sla_dag.py
[2024-04-26T23:12:26.470+0000] {processor.py:840} INFO - DAG(s) 'example_sla_dag' retrieved from /home/airflow/.local/lib/python3.12/site-packages/airflow/example_dags/example_sla_dag.py
[2024-04-26T23:12:26.486+0000] {logging_mixin.py:188} INFO - [2024-04-26T23:12:26.486+0000] {dag.py:3096} INFO - Sync 1 DAGs
[2024-04-26T23:12:26.511+0000] {logging_mixin.py:188} INFO - [2024-04-26T23:12:26.510+0000] {dag.py:3954} INFO - Setting next_dagrun for example_sla_dag to 2024-04-26 23:10:00+00:00, run_after=2024-04-26 23:12:00+00:00
[2024-04-26T23:12:26.527+0000] {processor.py:183} INFO - Processing /home/airflow/.local/lib/python3.12/site-packages/airflow/example_dags/example_sla_dag.py took 0.071 seconds
[2024-04-26T23:12:56.743+0000] {processor.py:161} INFO - Started process (PID=403) to work on /home/airflow/.local/lib/python3.12/site-packages/airflow/example_dags/example_sla_dag.py
[2024-04-26T23:12:56.744+0000] {processor.py:830} INFO - Processing file /home/airflow/.local/lib/python3.12/site-packages/airflow/example_dags/example_sla_dag.py for tasks to queue
[2024-04-26T23:12:56.746+0000] {logging_mixin.py:188} INFO - [2024-04-26T23:12:56.746+0000] {dagbag.py:540} INFO - Filling up the DagBag from /home/airflow/.local/lib/python3.12/site-packages/airflow/example_dags/example_sla_dag.py
[2024-04-26T23:12:56.753+0000] {processor.py:840} INFO - DAG(s) 'example_sla_dag' retrieved from /home/airflow/.local/lib/python3.12/site-packages/airflow/example_dags/example_sla_dag.py
[2024-04-26T23:12:56.773+0000] {logging_mixin.py:188} INFO - [2024-04-26T23:12:56.773+0000] {dag.py:3096} INFO - Sync 1 DAGs
[2024-04-26T23:12:56.796+0000] {logging_mixin.py:188} INFO - [2024-04-26T23:12:56.796+0000] {dag.py:3954} INFO - Setting next_dagrun for example_sla_dag to 2024-04-26 23:10:00+00:00, run_after=2024-04-26 23:12:00+00:00
[2024-04-26T23:12:56.820+0000] {processor.py:183} INFO - Processing /home/airflow/.local/lib/python3.12/site-packages/airflow/example_dags/example_sla_dag.py took 0.081 seconds
[2024-04-26T23:13:27.066+0000] {processor.py:161} INFO - Started process (PID=462) to work on /home/airflow/.local/lib/python3.12/site-packages/airflow/example_dags/example_sla_dag.py
[2024-04-26T23:13:27.067+0000] {processor.py:830} INFO - Processing file /home/airflow/.local/lib/python3.12/site-packages/airflow/example_dags/example_sla_dag.py for tasks to queue
[2024-04-26T23:13:27.070+0000] {logging_mixin.py:188} INFO - [2024-04-26T23:13:27.069+0000] {dagbag.py:540} INFO - Filling up the DagBag from /home/airflow/.local/lib/python3.12/site-packages/airflow/example_dags/example_sla_dag.py
[2024-04-26T23:13:27.082+0000] {processor.py:840} INFO - DAG(s) 'example_sla_dag' retrieved from /home/airflow/.local/lib/python3.12/site-packages/airflow/example_dags/example_sla_dag.py
[2024-04-26T23:13:27.105+0000] {logging_mixin.py:188} INFO - [2024-04-26T23:13:27.105+0000] {dag.py:3096} INFO - Sync 1 DAGs
[2024-04-26T23:13:27.130+0000] {logging_mixin.py:188} INFO - [2024-04-26T23:13:27.129+0000] {dag.py:3954} INFO - Setting next_dagrun for example_sla_dag to 2024-04-26 23:10:00+00:00, run_after=2024-04-26 23:12:00+00:00
[2024-04-26T23:13:27.156+0000] {processor.py:183} INFO - Processing /home/airflow/.local/lib/python3.12/site-packages/airflow/example_dags/example_sla_dag.py took 0.099 seconds
[2024-04-26T23:17:52.846+0000] {processor.py:161} INFO - Started process (PID=49) to work on /home/airflow/.local/lib/python3.12/site-packages/airflow/example_dags/example_sla_dag.py
[2024-04-26T23:17:52.847+0000] {processor.py:830} INFO - Processing file /home/airflow/.local/lib/python3.12/site-packages/airflow/example_dags/example_sla_dag.py for tasks to queue
[2024-04-26T23:17:52.850+0000] {logging_mixin.py:188} INFO - [2024-04-26T23:17:52.850+0000] {dagbag.py:540} INFO - Filling up the DagBag from /home/airflow/.local/lib/python3.12/site-packages/airflow/example_dags/example_sla_dag.py
[2024-04-26T23:17:52.863+0000] {processor.py:840} INFO - DAG(s) 'example_sla_dag' retrieved from /home/airflow/.local/lib/python3.12/site-packages/airflow/example_dags/example_sla_dag.py
[2024-04-26T23:17:52.878+0000] {logging_mixin.py:188} INFO - [2024-04-26T23:17:52.878+0000] {dag.py:3096} INFO - Sync 1 DAGs
[2024-04-26T23:17:52.916+0000] {logging_mixin.py:188} INFO - [2024-04-26T23:17:52.916+0000] {dag.py:3954} INFO - Setting next_dagrun for example_sla_dag to 2024-04-26 23:14:00+00:00, run_after=2024-04-26 23:16:00+00:00
[2024-04-26T23:17:52.943+0000] {processor.py:183} INFO - Processing /home/airflow/.local/lib/python3.12/site-packages/airflow/example_dags/example_sla_dag.py took 0.102 seconds
[2024-04-26T23:18:23.633+0000] {processor.py:161} INFO - Started process (PID=108) to work on /home/airflow/.local/lib/python3.12/site-packages/airflow/example_dags/example_sla_dag.py
[2024-04-26T23:18:23.634+0000] {processor.py:830} INFO - Processing file /home/airflow/.local/lib/python3.12/site-packages/airflow/example_dags/example_sla_dag.py for tasks to queue
[2024-04-26T23:18:23.637+0000] {logging_mixin.py:188} INFO - [2024-04-26T23:18:23.636+0000] {dagbag.py:540} INFO - Filling up the DagBag from /home/airflow/.local/lib/python3.12/site-packages/airflow/example_dags/example_sla_dag.py
[2024-04-26T23:18:23.644+0000] {processor.py:840} INFO - DAG(s) 'example_sla_dag' retrieved from /home/airflow/.local/lib/python3.12/site-packages/airflow/example_dags/example_sla_dag.py
[2024-04-26T23:18:23.742+0000] {logging_mixin.py:188} INFO - [2024-04-26T23:18:23.742+0000] {dag.py:3096} INFO - Sync 1 DAGs
[2024-04-26T23:18:23.767+0000] {logging_mixin.py:188} INFO - [2024-04-26T23:18:23.767+0000] {dag.py:3954} INFO - Setting next_dagrun for example_sla_dag to 2024-04-26 23:16:00+00:00, run_after=2024-04-26 23:18:00+00:00
[2024-04-26T23:18:23.789+0000] {processor.py:183} INFO - Processing /home/airflow/.local/lib/python3.12/site-packages/airflow/example_dags/example_sla_dag.py took 0.161 seconds
[2024-04-26T23:18:54.719+0000] {processor.py:161} INFO - Started process (PID=167) to work on /home/airflow/.local/lib/python3.12/site-packages/airflow/example_dags/example_sla_dag.py
[2024-04-26T23:18:54.720+0000] {processor.py:830} INFO - Processing file /home/airflow/.local/lib/python3.12/site-packages/airflow/example_dags/example_sla_dag.py for tasks to queue
[2024-04-26T23:18:54.722+0000] {logging_mixin.py:188} INFO - [2024-04-26T23:18:54.721+0000] {dagbag.py:540} INFO - Filling up the DagBag from /home/airflow/.local/lib/python3.12/site-packages/airflow/example_dags/example_sla_dag.py
[2024-04-26T23:18:54.728+0000] {processor.py:840} INFO - DAG(s) 'example_sla_dag' retrieved from /home/airflow/.local/lib/python3.12/site-packages/airflow/example_dags/example_sla_dag.py
[2024-04-26T23:18:54.744+0000] {logging_mixin.py:188} INFO - [2024-04-26T23:18:54.744+0000] {dag.py:3096} INFO - Sync 1 DAGs
[2024-04-26T23:18:54.765+0000] {logging_mixin.py:188} INFO - [2024-04-26T23:18:54.764+0000] {dag.py:3954} INFO - Setting next_dagrun for example_sla_dag to 2024-04-26 23:16:00+00:00, run_after=2024-04-26 23:18:00+00:00
[2024-04-26T23:18:54.788+0000] {processor.py:183} INFO - Processing /home/airflow/.local/lib/python3.12/site-packages/airflow/example_dags/example_sla_dag.py took 0.074 seconds
[2024-04-26T23:19:42.308+0000] {processor.py:161} INFO - Started process (PID=49) to work on /home/airflow/.local/lib/python3.12/site-packages/airflow/example_dags/example_sla_dag.py
[2024-04-26T23:19:42.310+0000] {processor.py:830} INFO - Processing file /home/airflow/.local/lib/python3.12/site-packages/airflow/example_dags/example_sla_dag.py for tasks to queue
[2024-04-26T23:19:42.312+0000] {logging_mixin.py:188} INFO - [2024-04-26T23:19:42.311+0000] {dagbag.py:540} INFO - Filling up the DagBag from /home/airflow/.local/lib/python3.12/site-packages/airflow/example_dags/example_sla_dag.py
[2024-04-26T23:19:42.320+0000] {processor.py:840} INFO - DAG(s) 'example_sla_dag' retrieved from /home/airflow/.local/lib/python3.12/site-packages/airflow/example_dags/example_sla_dag.py
[2024-04-26T23:19:42.336+0000] {logging_mixin.py:188} INFO - [2024-04-26T23:19:42.335+0000] {dag.py:3096} INFO - Sync 1 DAGs
[2024-04-26T23:19:42.360+0000] {logging_mixin.py:188} INFO - [2024-04-26T23:19:42.360+0000] {dag.py:3954} INFO - Setting next_dagrun for example_sla_dag to 2024-04-26 23:16:00+00:00, run_after=2024-04-26 23:18:00+00:00
[2024-04-26T23:19:42.382+0000] {processor.py:183} INFO - Processing /home/airflow/.local/lib/python3.12/site-packages/airflow/example_dags/example_sla_dag.py took 0.079 seconds
[2024-04-26T23:20:12.858+0000] {processor.py:161} INFO - Started process (PID=108) to work on /home/airflow/.local/lib/python3.12/site-packages/airflow/example_dags/example_sla_dag.py
[2024-04-26T23:20:12.859+0000] {processor.py:830} INFO - Processing file /home/airflow/.local/lib/python3.12/site-packages/airflow/example_dags/example_sla_dag.py for tasks to queue
[2024-04-26T23:20:12.861+0000] {logging_mixin.py:188} INFO - [2024-04-26T23:20:12.861+0000] {dagbag.py:540} INFO - Filling up the DagBag from /home/airflow/.local/lib/python3.12/site-packages/airflow/example_dags/example_sla_dag.py
[2024-04-26T23:20:12.868+0000] {processor.py:840} INFO - DAG(s) 'example_sla_dag' retrieved from /home/airflow/.local/lib/python3.12/site-packages/airflow/example_dags/example_sla_dag.py
[2024-04-26T23:20:12.945+0000] {logging_mixin.py:188} INFO - [2024-04-26T23:20:12.945+0000] {dag.py:3096} INFO - Sync 1 DAGs
[2024-04-26T23:20:12.963+0000] {logging_mixin.py:188} INFO - [2024-04-26T23:20:12.963+0000] {dag.py:3954} INFO - Setting next_dagrun for example_sla_dag to 2024-04-26 23:18:00+00:00, run_after=2024-04-26 23:20:00+00:00
[2024-04-26T23:20:12.983+0000] {processor.py:183} INFO - Processing /home/airflow/.local/lib/python3.12/site-packages/airflow/example_dags/example_sla_dag.py took 0.129 seconds
[2024-04-26T23:20:43.910+0000] {processor.py:161} INFO - Started process (PID=167) to work on /home/airflow/.local/lib/python3.12/site-packages/airflow/example_dags/example_sla_dag.py
[2024-04-26T23:20:43.910+0000] {processor.py:830} INFO - Processing file /home/airflow/.local/lib/python3.12/site-packages/airflow/example_dags/example_sla_dag.py for tasks to queue
[2024-04-26T23:20:43.912+0000] {logging_mixin.py:188} INFO - [2024-04-26T23:20:43.912+0000] {dagbag.py:540} INFO - Filling up the DagBag from /home/airflow/.local/lib/python3.12/site-packages/airflow/example_dags/example_sla_dag.py
[2024-04-26T23:20:43.920+0000] {processor.py:840} INFO - DAG(s) 'example_sla_dag' retrieved from /home/airflow/.local/lib/python3.12/site-packages/airflow/example_dags/example_sla_dag.py
[2024-04-26T23:20:43.938+0000] {logging_mixin.py:188} INFO - [2024-04-26T23:20:43.938+0000] {dag.py:3096} INFO - Sync 1 DAGs
[2024-04-26T23:20:43.962+0000] {logging_mixin.py:188} INFO - [2024-04-26T23:20:43.962+0000] {dag.py:3954} INFO - Setting next_dagrun for example_sla_dag to 2024-04-26 23:18:00+00:00, run_after=2024-04-26 23:20:00+00:00
[2024-04-26T23:20:43.986+0000] {processor.py:183} INFO - Processing /home/airflow/.local/lib/python3.12/site-packages/airflow/example_dags/example_sla_dag.py took 0.082 seconds
[2024-04-26T23:21:14.056+0000] {processor.py:161} INFO - Started process (PID=226) to work on /home/airflow/.local/lib/python3.12/site-packages/airflow/example_dags/example_sla_dag.py
[2024-04-26T23:21:14.057+0000] {processor.py:830} INFO - Processing file /home/airflow/.local/lib/python3.12/site-packages/airflow/example_dags/example_sla_dag.py for tasks to queue
[2024-04-26T23:21:14.059+0000] {logging_mixin.py:188} INFO - [2024-04-26T23:21:14.059+0000] {dagbag.py:540} INFO - Filling up the DagBag from /home/airflow/.local/lib/python3.12/site-packages/airflow/example_dags/example_sla_dag.py
[2024-04-26T23:21:14.066+0000] {processor.py:840} INFO - DAG(s) 'example_sla_dag' retrieved from /home/airflow/.local/lib/python3.12/site-packages/airflow/example_dags/example_sla_dag.py
[2024-04-26T23:21:14.084+0000] {logging_mixin.py:188} INFO - [2024-04-26T23:21:14.084+0000] {dag.py:3096} INFO - Sync 1 DAGs
[2024-04-26T23:21:14.104+0000] {logging_mixin.py:188} INFO - [2024-04-26T23:21:14.104+0000] {dag.py:3954} INFO - Setting next_dagrun for example_sla_dag to 2024-04-26 23:18:00+00:00, run_after=2024-04-26 23:20:00+00:00
[2024-04-26T23:21:14.125+0000] {processor.py:183} INFO - Processing /home/airflow/.local/lib/python3.12/site-packages/airflow/example_dags/example_sla_dag.py took 0.074 seconds
[2024-04-26T23:21:44.584+0000] {processor.py:161} INFO - Started process (PID=285) to work on /home/airflow/.local/lib/python3.12/site-packages/airflow/example_dags/example_sla_dag.py
[2024-04-26T23:21:44.585+0000] {processor.py:830} INFO - Processing file /home/airflow/.local/lib/python3.12/site-packages/airflow/example_dags/example_sla_dag.py for tasks to queue
[2024-04-26T23:21:44.587+0000] {logging_mixin.py:188} INFO - [2024-04-26T23:21:44.587+0000] {dagbag.py:540} INFO - Filling up the DagBag from /home/airflow/.local/lib/python3.12/site-packages/airflow/example_dags/example_sla_dag.py
[2024-04-26T23:21:44.595+0000] {processor.py:840} INFO - DAG(s) 'example_sla_dag' retrieved from /home/airflow/.local/lib/python3.12/site-packages/airflow/example_dags/example_sla_dag.py
[2024-04-26T23:21:44.613+0000] {logging_mixin.py:188} INFO - [2024-04-26T23:21:44.613+0000] {dag.py:3096} INFO - Sync 1 DAGs
[2024-04-26T23:21:44.637+0000] {logging_mixin.py:188} INFO - [2024-04-26T23:21:44.636+0000] {dag.py:3954} INFO - Setting next_dagrun for example_sla_dag to 2024-04-26 23:18:00+00:00, run_after=2024-04-26 23:20:00+00:00
[2024-04-26T23:21:44.658+0000] {processor.py:183} INFO - Processing /home/airflow/.local/lib/python3.12/site-packages/airflow/example_dags/example_sla_dag.py took 0.078 seconds
