[2024-04-26T22:58:35.441+0000] {processor.py:161} INFO - Started process (PID=79) to work on /home/airflow/.local/lib/python3.12/site-packages/airflow/example_dags/example_latest_only.py
[2024-04-26T22:58:35.444+0000] {processor.py:830} INFO - Processing file /home/airflow/.local/lib/python3.12/site-packages/airflow/example_dags/example_latest_only.py for tasks to queue
[2024-04-26T22:58:35.448+0000] {logging_mixin.py:188} INFO - [2024-04-26T22:58:35.447+0000] {dagbag.py:540} INFO - Filling up the DagBag from /home/airflow/.local/lib/python3.12/site-packages/airflow/example_dags/example_latest_only.py
[2024-04-26T22:58:35.459+0000] {processor.py:840} INFO - DAG(s) 'latest_only' retrieved from /home/airflow/.local/lib/python3.12/site-packages/airflow/example_dags/example_latest_only.py
[2024-04-26T22:58:35.676+0000] {logging_mixin.py:188} INFO - [2024-04-26T22:58:35.676+0000] {dag.py:3096} INFO - Sync 1 DAGs
[2024-04-26T22:58:35.736+0000] {logging_mixin.py:188} INFO - [2024-04-26T22:58:35.736+0000] {dag.py:3954} INFO - Setting next_dagrun for latest_only to 2024-04-26 16:00:00+00:00, run_after=2024-04-26 20:00:00+00:00
[2024-04-26T22:58:35.769+0000] {processor.py:183} INFO - Processing /home/airflow/.local/lib/python3.12/site-packages/airflow/example_dags/example_latest_only.py took 0.337 seconds
[2024-04-26T22:59:06.577+0000] {processor.py:161} INFO - Started process (PID=138) to work on /home/airflow/.local/lib/python3.12/site-packages/airflow/example_dags/example_latest_only.py
[2024-04-26T22:59:06.578+0000] {processor.py:830} INFO - Processing file /home/airflow/.local/lib/python3.12/site-packages/airflow/example_dags/example_latest_only.py for tasks to queue
[2024-04-26T22:59:06.580+0000] {logging_mixin.py:188} INFO - [2024-04-26T22:59:06.580+0000] {dagbag.py:540} INFO - Filling up the DagBag from /home/airflow/.local/lib/python3.12/site-packages/airflow/example_dags/example_latest_only.py
[2024-04-26T22:59:06.585+0000] {processor.py:840} INFO - DAG(s) 'latest_only' retrieved from /home/airflow/.local/lib/python3.12/site-packages/airflow/example_dags/example_latest_only.py
[2024-04-26T22:59:06.604+0000] {logging_mixin.py:188} INFO - [2024-04-26T22:59:06.604+0000] {dag.py:3096} INFO - Sync 1 DAGs
[2024-04-26T22:59:06.625+0000] {logging_mixin.py:188} INFO - [2024-04-26T22:59:06.625+0000] {dag.py:3954} INFO - Setting next_dagrun for latest_only to 2024-04-26 16:00:00+00:00, run_after=2024-04-26 20:00:00+00:00
[2024-04-26T22:59:06.680+0000] {processor.py:183} INFO - Processing /home/airflow/.local/lib/python3.12/site-packages/airflow/example_dags/example_latest_only.py took 0.108 seconds
[2024-04-26T22:59:36.943+0000] {processor.py:161} INFO - Started process (PID=197) to work on /home/airflow/.local/lib/python3.12/site-packages/airflow/example_dags/example_latest_only.py
[2024-04-26T22:59:36.944+0000] {processor.py:830} INFO - Processing file /home/airflow/.local/lib/python3.12/site-packages/airflow/example_dags/example_latest_only.py for tasks to queue
[2024-04-26T22:59:36.945+0000] {logging_mixin.py:188} INFO - [2024-04-26T22:59:36.945+0000] {dagbag.py:540} INFO - Filling up the DagBag from /home/airflow/.local/lib/python3.12/site-packages/airflow/example_dags/example_latest_only.py
[2024-04-26T22:59:36.950+0000] {processor.py:840} INFO - DAG(s) 'latest_only' retrieved from /home/airflow/.local/lib/python3.12/site-packages/airflow/example_dags/example_latest_only.py
[2024-04-26T22:59:36.967+0000] {logging_mixin.py:188} INFO - [2024-04-26T22:59:36.967+0000] {dag.py:3096} INFO - Sync 1 DAGs
[2024-04-26T22:59:36.989+0000] {logging_mixin.py:188} INFO - [2024-04-26T22:59:36.988+0000] {dag.py:3954} INFO - Setting next_dagrun for latest_only to 2024-04-26 16:00:00+00:00, run_after=2024-04-26 20:00:00+00:00
[2024-04-26T22:59:37.008+0000] {processor.py:183} INFO - Processing /home/airflow/.local/lib/python3.12/site-packages/airflow/example_dags/example_latest_only.py took 0.070 seconds
[2024-04-26T23:00:07.797+0000] {processor.py:161} INFO - Started process (PID=256) to work on /home/airflow/.local/lib/python3.12/site-packages/airflow/example_dags/example_latest_only.py
[2024-04-26T23:00:07.798+0000] {processor.py:830} INFO - Processing file /home/airflow/.local/lib/python3.12/site-packages/airflow/example_dags/example_latest_only.py for tasks to queue
[2024-04-26T23:00:07.800+0000] {logging_mixin.py:188} INFO - [2024-04-26T23:00:07.799+0000] {dagbag.py:540} INFO - Filling up the DagBag from /home/airflow/.local/lib/python3.12/site-packages/airflow/example_dags/example_latest_only.py
[2024-04-26T23:00:07.805+0000] {processor.py:840} INFO - DAG(s) 'latest_only' retrieved from /home/airflow/.local/lib/python3.12/site-packages/airflow/example_dags/example_latest_only.py
[2024-04-26T23:00:07.846+0000] {logging_mixin.py:188} INFO - [2024-04-26T23:00:07.846+0000] {dag.py:3096} INFO - Sync 1 DAGs
[2024-04-26T23:00:07.897+0000] {logging_mixin.py:188} INFO - [2024-04-26T23:00:07.897+0000] {dag.py:3954} INFO - Setting next_dagrun for latest_only to 2024-04-26 16:00:00+00:00, run_after=2024-04-26 20:00:00+00:00
[2024-04-26T23:00:07.925+0000] {processor.py:183} INFO - Processing /home/airflow/.local/lib/python3.12/site-packages/airflow/example_dags/example_latest_only.py took 0.136 seconds
[2024-04-26T23:00:38.009+0000] {processor.py:161} INFO - Started process (PID=314) to work on /home/airflow/.local/lib/python3.12/site-packages/airflow/example_dags/example_latest_only.py
[2024-04-26T23:00:38.010+0000] {processor.py:830} INFO - Processing file /home/airflow/.local/lib/python3.12/site-packages/airflow/example_dags/example_latest_only.py for tasks to queue
[2024-04-26T23:00:38.012+0000] {logging_mixin.py:188} INFO - [2024-04-26T23:00:38.012+0000] {dagbag.py:540} INFO - Filling up the DagBag from /home/airflow/.local/lib/python3.12/site-packages/airflow/example_dags/example_latest_only.py
[2024-04-26T23:00:38.017+0000] {processor.py:840} INFO - DAG(s) 'latest_only' retrieved from /home/airflow/.local/lib/python3.12/site-packages/airflow/example_dags/example_latest_only.py
[2024-04-26T23:00:38.034+0000] {logging_mixin.py:188} INFO - [2024-04-26T23:00:38.034+0000] {dag.py:3096} INFO - Sync 1 DAGs
[2024-04-26T23:00:38.052+0000] {logging_mixin.py:188} INFO - [2024-04-26T23:00:38.052+0000] {dag.py:3954} INFO - Setting next_dagrun for latest_only to 2024-04-26 16:00:00+00:00, run_after=2024-04-26 20:00:00+00:00
[2024-04-26T23:00:38.075+0000] {processor.py:183} INFO - Processing /home/airflow/.local/lib/python3.12/site-packages/airflow/example_dags/example_latest_only.py took 0.070 seconds
[2024-04-26T23:01:08.574+0000] {processor.py:161} INFO - Started process (PID=374) to work on /home/airflow/.local/lib/python3.12/site-packages/airflow/example_dags/example_latest_only.py
[2024-04-26T23:01:08.575+0000] {processor.py:830} INFO - Processing file /home/airflow/.local/lib/python3.12/site-packages/airflow/example_dags/example_latest_only.py for tasks to queue
[2024-04-26T23:01:08.578+0000] {logging_mixin.py:188} INFO - [2024-04-26T23:01:08.578+0000] {dagbag.py:540} INFO - Filling up the DagBag from /home/airflow/.local/lib/python3.12/site-packages/airflow/example_dags/example_latest_only.py
[2024-04-26T23:01:08.582+0000] {processor.py:840} INFO - DAG(s) 'latest_only' retrieved from /home/airflow/.local/lib/python3.12/site-packages/airflow/example_dags/example_latest_only.py
[2024-04-26T23:01:08.603+0000] {logging_mixin.py:188} INFO - [2024-04-26T23:01:08.603+0000] {dag.py:3096} INFO - Sync 1 DAGs
[2024-04-26T23:01:08.625+0000] {logging_mixin.py:188} INFO - [2024-04-26T23:01:08.625+0000] {dag.py:3954} INFO - Setting next_dagrun for latest_only to 2024-04-26 16:00:00+00:00, run_after=2024-04-26 20:00:00+00:00
[2024-04-26T23:01:08.647+0000] {processor.py:183} INFO - Processing /home/airflow/.local/lib/python3.12/site-packages/airflow/example_dags/example_latest_only.py took 0.078 seconds
[2024-04-26T23:01:39.051+0000] {processor.py:161} INFO - Started process (PID=433) to work on /home/airflow/.local/lib/python3.12/site-packages/airflow/example_dags/example_latest_only.py
[2024-04-26T23:01:39.052+0000] {processor.py:830} INFO - Processing file /home/airflow/.local/lib/python3.12/site-packages/airflow/example_dags/example_latest_only.py for tasks to queue
[2024-04-26T23:01:39.054+0000] {logging_mixin.py:188} INFO - [2024-04-26T23:01:39.054+0000] {dagbag.py:540} INFO - Filling up the DagBag from /home/airflow/.local/lib/python3.12/site-packages/airflow/example_dags/example_latest_only.py
[2024-04-26T23:01:39.058+0000] {processor.py:840} INFO - DAG(s) 'latest_only' retrieved from /home/airflow/.local/lib/python3.12/site-packages/airflow/example_dags/example_latest_only.py
[2024-04-26T23:01:39.078+0000] {logging_mixin.py:188} INFO - [2024-04-26T23:01:39.078+0000] {dag.py:3096} INFO - Sync 1 DAGs
[2024-04-26T23:01:39.096+0000] {logging_mixin.py:188} INFO - [2024-04-26T23:01:39.095+0000] {dag.py:3954} INFO - Setting next_dagrun for latest_only to 2024-04-26 16:00:00+00:00, run_after=2024-04-26 20:00:00+00:00
[2024-04-26T23:01:39.117+0000] {processor.py:183} INFO - Processing /home/airflow/.local/lib/python3.12/site-packages/airflow/example_dags/example_latest_only.py took 0.071 seconds
[2024-04-26T23:02:09.312+0000] {processor.py:161} INFO - Started process (PID=492) to work on /home/airflow/.local/lib/python3.12/site-packages/airflow/example_dags/example_latest_only.py
[2024-04-26T23:02:09.313+0000] {processor.py:830} INFO - Processing file /home/airflow/.local/lib/python3.12/site-packages/airflow/example_dags/example_latest_only.py for tasks to queue
[2024-04-26T23:02:09.314+0000] {logging_mixin.py:188} INFO - [2024-04-26T23:02:09.314+0000] {dagbag.py:540} INFO - Filling up the DagBag from /home/airflow/.local/lib/python3.12/site-packages/airflow/example_dags/example_latest_only.py
[2024-04-26T23:02:09.319+0000] {processor.py:840} INFO - DAG(s) 'latest_only' retrieved from /home/airflow/.local/lib/python3.12/site-packages/airflow/example_dags/example_latest_only.py
[2024-04-26T23:02:09.336+0000] {logging_mixin.py:188} INFO - [2024-04-26T23:02:09.336+0000] {dag.py:3096} INFO - Sync 1 DAGs
[2024-04-26T23:02:09.356+0000] {logging_mixin.py:188} INFO - [2024-04-26T23:02:09.356+0000] {dag.py:3954} INFO - Setting next_dagrun for latest_only to 2024-04-26 16:00:00+00:00, run_after=2024-04-26 20:00:00+00:00
[2024-04-26T23:02:09.377+0000] {processor.py:183} INFO - Processing /home/airflow/.local/lib/python3.12/site-packages/airflow/example_dags/example_latest_only.py took 0.070 seconds
[2024-04-26T23:02:39.922+0000] {processor.py:161} INFO - Started process (PID=551) to work on /home/airflow/.local/lib/python3.12/site-packages/airflow/example_dags/example_latest_only.py
[2024-04-26T23:02:39.923+0000] {processor.py:830} INFO - Processing file /home/airflow/.local/lib/python3.12/site-packages/airflow/example_dags/example_latest_only.py for tasks to queue
[2024-04-26T23:02:39.925+0000] {logging_mixin.py:188} INFO - [2024-04-26T23:02:39.925+0000] {dagbag.py:540} INFO - Filling up the DagBag from /home/airflow/.local/lib/python3.12/site-packages/airflow/example_dags/example_latest_only.py
[2024-04-26T23:02:39.930+0000] {processor.py:840} INFO - DAG(s) 'latest_only' retrieved from /home/airflow/.local/lib/python3.12/site-packages/airflow/example_dags/example_latest_only.py
[2024-04-26T23:02:39.952+0000] {logging_mixin.py:188} INFO - [2024-04-26T23:02:39.952+0000] {dag.py:3096} INFO - Sync 1 DAGs
[2024-04-26T23:02:39.983+0000] {logging_mixin.py:188} INFO - [2024-04-26T23:02:39.983+0000] {dag.py:3954} INFO - Setting next_dagrun for latest_only to 2024-04-26 16:00:00+00:00, run_after=2024-04-26 20:00:00+00:00
[2024-04-26T23:02:40.007+0000] {processor.py:183} INFO - Processing /home/airflow/.local/lib/python3.12/site-packages/airflow/example_dags/example_latest_only.py took 0.090 seconds
[2024-04-26T23:03:10.147+0000] {processor.py:161} INFO - Started process (PID=610) to work on /home/airflow/.local/lib/python3.12/site-packages/airflow/example_dags/example_latest_only.py
[2024-04-26T23:03:10.148+0000] {processor.py:830} INFO - Processing file /home/airflow/.local/lib/python3.12/site-packages/airflow/example_dags/example_latest_only.py for tasks to queue
[2024-04-26T23:03:10.150+0000] {logging_mixin.py:188} INFO - [2024-04-26T23:03:10.149+0000] {dagbag.py:540} INFO - Filling up the DagBag from /home/airflow/.local/lib/python3.12/site-packages/airflow/example_dags/example_latest_only.py
[2024-04-26T23:03:10.154+0000] {processor.py:840} INFO - DAG(s) 'latest_only' retrieved from /home/airflow/.local/lib/python3.12/site-packages/airflow/example_dags/example_latest_only.py
[2024-04-26T23:03:10.173+0000] {logging_mixin.py:188} INFO - [2024-04-26T23:03:10.173+0000] {dag.py:3096} INFO - Sync 1 DAGs
[2024-04-26T23:03:10.192+0000] {logging_mixin.py:188} INFO - [2024-04-26T23:03:10.192+0000] {dag.py:3954} INFO - Setting next_dagrun for latest_only to 2024-04-26 16:00:00+00:00, run_after=2024-04-26 20:00:00+00:00
[2024-04-26T23:03:10.212+0000] {processor.py:183} INFO - Processing /home/airflow/.local/lib/python3.12/site-packages/airflow/example_dags/example_latest_only.py took 0.069 seconds
[2024-04-26T23:03:40.465+0000] {processor.py:161} INFO - Started process (PID=669) to work on /home/airflow/.local/lib/python3.12/site-packages/airflow/example_dags/example_latest_only.py
[2024-04-26T23:03:40.465+0000] {processor.py:830} INFO - Processing file /home/airflow/.local/lib/python3.12/site-packages/airflow/example_dags/example_latest_only.py for tasks to queue
[2024-04-26T23:03:40.467+0000] {logging_mixin.py:188} INFO - [2024-04-26T23:03:40.467+0000] {dagbag.py:540} INFO - Filling up the DagBag from /home/airflow/.local/lib/python3.12/site-packages/airflow/example_dags/example_latest_only.py
[2024-04-26T23:03:40.471+0000] {processor.py:840} INFO - DAG(s) 'latest_only' retrieved from /home/airflow/.local/lib/python3.12/site-packages/airflow/example_dags/example_latest_only.py
[2024-04-26T23:03:40.490+0000] {logging_mixin.py:188} INFO - [2024-04-26T23:03:40.490+0000] {dag.py:3096} INFO - Sync 1 DAGs
[2024-04-26T23:03:40.511+0000] {logging_mixin.py:188} INFO - [2024-04-26T23:03:40.511+0000] {dag.py:3954} INFO - Setting next_dagrun for latest_only to 2024-04-26 16:00:00+00:00, run_after=2024-04-26 20:00:00+00:00
[2024-04-26T23:03:40.531+0000] {processor.py:183} INFO - Processing /home/airflow/.local/lib/python3.12/site-packages/airflow/example_dags/example_latest_only.py took 0.071 seconds
[2024-04-26T23:04:10.689+0000] {processor.py:161} INFO - Started process (PID=728) to work on /home/airflow/.local/lib/python3.12/site-packages/airflow/example_dags/example_latest_only.py
[2024-04-26T23:04:10.690+0000] {processor.py:830} INFO - Processing file /home/airflow/.local/lib/python3.12/site-packages/airflow/example_dags/example_latest_only.py for tasks to queue
[2024-04-26T23:04:10.692+0000] {logging_mixin.py:188} INFO - [2024-04-26T23:04:10.692+0000] {dagbag.py:540} INFO - Filling up the DagBag from /home/airflow/.local/lib/python3.12/site-packages/airflow/example_dags/example_latest_only.py
[2024-04-26T23:04:10.697+0000] {processor.py:840} INFO - DAG(s) 'latest_only' retrieved from /home/airflow/.local/lib/python3.12/site-packages/airflow/example_dags/example_latest_only.py
[2024-04-26T23:04:10.718+0000] {logging_mixin.py:188} INFO - [2024-04-26T23:04:10.718+0000] {dag.py:3096} INFO - Sync 1 DAGs
[2024-04-26T23:04:10.740+0000] {logging_mixin.py:188} INFO - [2024-04-26T23:04:10.740+0000] {dag.py:3954} INFO - Setting next_dagrun for latest_only to 2024-04-26 16:00:00+00:00, run_after=2024-04-26 20:00:00+00:00
[2024-04-26T23:04:10.763+0000] {processor.py:183} INFO - Processing /home/airflow/.local/lib/python3.12/site-packages/airflow/example_dags/example_latest_only.py took 0.080 seconds
[2024-04-26T23:04:41.795+0000] {processor.py:161} INFO - Started process (PID=787) to work on /home/airflow/.local/lib/python3.12/site-packages/airflow/example_dags/example_latest_only.py
[2024-04-26T23:04:41.796+0000] {processor.py:830} INFO - Processing file /home/airflow/.local/lib/python3.12/site-packages/airflow/example_dags/example_latest_only.py for tasks to queue
[2024-04-26T23:04:41.798+0000] {logging_mixin.py:188} INFO - [2024-04-26T23:04:41.798+0000] {dagbag.py:540} INFO - Filling up the DagBag from /home/airflow/.local/lib/python3.12/site-packages/airflow/example_dags/example_latest_only.py
[2024-04-26T23:04:41.802+0000] {processor.py:840} INFO - DAG(s) 'latest_only' retrieved from /home/airflow/.local/lib/python3.12/site-packages/airflow/example_dags/example_latest_only.py
[2024-04-26T23:04:41.822+0000] {logging_mixin.py:188} INFO - [2024-04-26T23:04:41.821+0000] {dag.py:3096} INFO - Sync 1 DAGs
[2024-04-26T23:04:41.840+0000] {logging_mixin.py:188} INFO - [2024-04-26T23:04:41.840+0000] {dag.py:3954} INFO - Setting next_dagrun for latest_only to 2024-04-26 16:00:00+00:00, run_after=2024-04-26 20:00:00+00:00
[2024-04-26T23:04:41.860+0000] {processor.py:183} INFO - Processing /home/airflow/.local/lib/python3.12/site-packages/airflow/example_dags/example_latest_only.py took 0.069 seconds
[2024-04-26T23:05:12.429+0000] {processor.py:161} INFO - Started process (PID=846) to work on /home/airflow/.local/lib/python3.12/site-packages/airflow/example_dags/example_latest_only.py
[2024-04-26T23:05:12.430+0000] {processor.py:830} INFO - Processing file /home/airflow/.local/lib/python3.12/site-packages/airflow/example_dags/example_latest_only.py for tasks to queue
[2024-04-26T23:05:12.432+0000] {logging_mixin.py:188} INFO - [2024-04-26T23:05:12.431+0000] {dagbag.py:540} INFO - Filling up the DagBag from /home/airflow/.local/lib/python3.12/site-packages/airflow/example_dags/example_latest_only.py
[2024-04-26T23:05:12.436+0000] {processor.py:840} INFO - DAG(s) 'latest_only' retrieved from /home/airflow/.local/lib/python3.12/site-packages/airflow/example_dags/example_latest_only.py
[2024-04-26T23:05:12.454+0000] {logging_mixin.py:188} INFO - [2024-04-26T23:05:12.454+0000] {dag.py:3096} INFO - Sync 1 DAGs
[2024-04-26T23:05:12.474+0000] {logging_mixin.py:188} INFO - [2024-04-26T23:05:12.474+0000] {dag.py:3954} INFO - Setting next_dagrun for latest_only to 2024-04-26 16:00:00+00:00, run_after=2024-04-26 20:00:00+00:00
[2024-04-26T23:05:12.496+0000] {processor.py:183} INFO - Processing /home/airflow/.local/lib/python3.12/site-packages/airflow/example_dags/example_latest_only.py took 0.072 seconds
[2024-04-26T23:05:42.857+0000] {processor.py:161} INFO - Started process (PID=905) to work on /home/airflow/.local/lib/python3.12/site-packages/airflow/example_dags/example_latest_only.py
[2024-04-26T23:05:42.859+0000] {processor.py:830} INFO - Processing file /home/airflow/.local/lib/python3.12/site-packages/airflow/example_dags/example_latest_only.py for tasks to queue
[2024-04-26T23:05:42.861+0000] {logging_mixin.py:188} INFO - [2024-04-26T23:05:42.861+0000] {dagbag.py:540} INFO - Filling up the DagBag from /home/airflow/.local/lib/python3.12/site-packages/airflow/example_dags/example_latest_only.py
[2024-04-26T23:05:42.867+0000] {processor.py:840} INFO - DAG(s) 'latest_only' retrieved from /home/airflow/.local/lib/python3.12/site-packages/airflow/example_dags/example_latest_only.py
[2024-04-26T23:05:42.898+0000] {logging_mixin.py:188} INFO - [2024-04-26T23:05:42.898+0000] {dag.py:3096} INFO - Sync 1 DAGs
[2024-04-26T23:05:42.929+0000] {logging_mixin.py:188} INFO - [2024-04-26T23:05:42.928+0000] {dag.py:3954} INFO - Setting next_dagrun for latest_only to 2024-04-26 16:00:00+00:00, run_after=2024-04-26 20:00:00+00:00
[2024-04-26T23:05:42.955+0000] {processor.py:183} INFO - Processing /home/airflow/.local/lib/python3.12/site-packages/airflow/example_dags/example_latest_only.py took 0.103 seconds
[2024-04-26T23:09:56.674+0000] {processor.py:161} INFO - Started process (PID=73) to work on /home/airflow/.local/lib/python3.12/site-packages/airflow/example_dags/example_latest_only.py
[2024-04-26T23:09:56.675+0000] {processor.py:830} INFO - Processing file /home/airflow/.local/lib/python3.12/site-packages/airflow/example_dags/example_latest_only.py for tasks to queue
[2024-04-26T23:09:56.677+0000] {logging_mixin.py:188} INFO - [2024-04-26T23:09:56.677+0000] {dagbag.py:540} INFO - Filling up the DagBag from /home/airflow/.local/lib/python3.12/site-packages/airflow/example_dags/example_latest_only.py
[2024-04-26T23:09:56.681+0000] {processor.py:840} INFO - DAG(s) 'latest_only' retrieved from /home/airflow/.local/lib/python3.12/site-packages/airflow/example_dags/example_latest_only.py
[2024-04-26T23:09:56.693+0000] {logging_mixin.py:188} INFO - [2024-04-26T23:09:56.693+0000] {dag.py:3096} INFO - Sync 1 DAGs
[2024-04-26T23:09:56.718+0000] {logging_mixin.py:188} INFO - [2024-04-26T23:09:56.718+0000] {dag.py:3954} INFO - Setting next_dagrun for latest_only to 2024-04-26 16:00:00+00:00, run_after=2024-04-26 20:00:00+00:00
[2024-04-26T23:09:56.738+0000] {processor.py:183} INFO - Processing /home/airflow/.local/lib/python3.12/site-packages/airflow/example_dags/example_latest_only.py took 0.070 seconds
[2024-04-26T23:10:27.817+0000] {processor.py:161} INFO - Started process (PID=132) to work on /home/airflow/.local/lib/python3.12/site-packages/airflow/example_dags/example_latest_only.py
[2024-04-26T23:10:27.818+0000] {processor.py:830} INFO - Processing file /home/airflow/.local/lib/python3.12/site-packages/airflow/example_dags/example_latest_only.py for tasks to queue
[2024-04-26T23:10:27.820+0000] {logging_mixin.py:188} INFO - [2024-04-26T23:10:27.820+0000] {dagbag.py:540} INFO - Filling up the DagBag from /home/airflow/.local/lib/python3.12/site-packages/airflow/example_dags/example_latest_only.py
[2024-04-26T23:10:27.824+0000] {processor.py:840} INFO - DAG(s) 'latest_only' retrieved from /home/airflow/.local/lib/python3.12/site-packages/airflow/example_dags/example_latest_only.py
[2024-04-26T23:10:27.923+0000] {logging_mixin.py:188} INFO - [2024-04-26T23:10:27.923+0000] {dag.py:3096} INFO - Sync 1 DAGs
[2024-04-26T23:10:27.945+0000] {logging_mixin.py:188} INFO - [2024-04-26T23:10:27.945+0000] {dag.py:3954} INFO - Setting next_dagrun for latest_only to 2024-04-26 16:00:00+00:00, run_after=2024-04-26 20:00:00+00:00
[2024-04-26T23:10:27.968+0000] {processor.py:183} INFO - Processing /home/airflow/.local/lib/python3.12/site-packages/airflow/example_dags/example_latest_only.py took 0.157 seconds
[2024-04-26T23:10:58.282+0000] {processor.py:161} INFO - Started process (PID=191) to work on /home/airflow/.local/lib/python3.12/site-packages/airflow/example_dags/example_latest_only.py
[2024-04-26T23:10:58.283+0000] {processor.py:830} INFO - Processing file /home/airflow/.local/lib/python3.12/site-packages/airflow/example_dags/example_latest_only.py for tasks to queue
[2024-04-26T23:10:58.285+0000] {logging_mixin.py:188} INFO - [2024-04-26T23:10:58.285+0000] {dagbag.py:540} INFO - Filling up the DagBag from /home/airflow/.local/lib/python3.12/site-packages/airflow/example_dags/example_latest_only.py
[2024-04-26T23:10:58.291+0000] {processor.py:840} INFO - DAG(s) 'latest_only' retrieved from /home/airflow/.local/lib/python3.12/site-packages/airflow/example_dags/example_latest_only.py
[2024-04-26T23:10:58.311+0000] {logging_mixin.py:188} INFO - [2024-04-26T23:10:58.311+0000] {dag.py:3096} INFO - Sync 1 DAGs
[2024-04-26T23:10:58.335+0000] {logging_mixin.py:188} INFO - [2024-04-26T23:10:58.334+0000] {dag.py:3954} INFO - Setting next_dagrun for latest_only to 2024-04-26 16:00:00+00:00, run_after=2024-04-26 20:00:00+00:00
[2024-04-26T23:10:58.360+0000] {processor.py:183} INFO - Processing /home/airflow/.local/lib/python3.12/site-packages/airflow/example_dags/example_latest_only.py took 0.084 seconds
[2024-04-26T23:11:29.267+0000] {processor.py:161} INFO - Started process (PID=250) to work on /home/airflow/.local/lib/python3.12/site-packages/airflow/example_dags/example_latest_only.py
[2024-04-26T23:11:29.269+0000] {processor.py:830} INFO - Processing file /home/airflow/.local/lib/python3.12/site-packages/airflow/example_dags/example_latest_only.py for tasks to queue
[2024-04-26T23:11:29.272+0000] {logging_mixin.py:188} INFO - [2024-04-26T23:11:29.271+0000] {dagbag.py:540} INFO - Filling up the DagBag from /home/airflow/.local/lib/python3.12/site-packages/airflow/example_dags/example_latest_only.py
[2024-04-26T23:11:29.276+0000] {processor.py:840} INFO - DAG(s) 'latest_only' retrieved from /home/airflow/.local/lib/python3.12/site-packages/airflow/example_dags/example_latest_only.py
[2024-04-26T23:11:29.298+0000] {logging_mixin.py:188} INFO - [2024-04-26T23:11:29.298+0000] {dag.py:3096} INFO - Sync 1 DAGs
[2024-04-26T23:11:29.322+0000] {logging_mixin.py:188} INFO - [2024-04-26T23:11:29.322+0000] {dag.py:3954} INFO - Setting next_dagrun for latest_only to 2024-04-26 16:00:00+00:00, run_after=2024-04-26 20:00:00+00:00
[2024-04-26T23:11:29.347+0000] {processor.py:183} INFO - Processing /home/airflow/.local/lib/python3.12/site-packages/airflow/example_dags/example_latest_only.py took 0.085 seconds
[2024-04-26T23:11:59.576+0000] {processor.py:161} INFO - Started process (PID=309) to work on /home/airflow/.local/lib/python3.12/site-packages/airflow/example_dags/example_latest_only.py
[2024-04-26T23:11:59.577+0000] {processor.py:830} INFO - Processing file /home/airflow/.local/lib/python3.12/site-packages/airflow/example_dags/example_latest_only.py for tasks to queue
[2024-04-26T23:11:59.579+0000] {logging_mixin.py:188} INFO - [2024-04-26T23:11:59.578+0000] {dagbag.py:540} INFO - Filling up the DagBag from /home/airflow/.local/lib/python3.12/site-packages/airflow/example_dags/example_latest_only.py
[2024-04-26T23:11:59.583+0000] {processor.py:840} INFO - DAG(s) 'latest_only' retrieved from /home/airflow/.local/lib/python3.12/site-packages/airflow/example_dags/example_latest_only.py
[2024-04-26T23:11:59.603+0000] {logging_mixin.py:188} INFO - [2024-04-26T23:11:59.603+0000] {dag.py:3096} INFO - Sync 1 DAGs
[2024-04-26T23:11:59.624+0000] {logging_mixin.py:188} INFO - [2024-04-26T23:11:59.624+0000] {dag.py:3954} INFO - Setting next_dagrun for latest_only to 2024-04-26 16:00:00+00:00, run_after=2024-04-26 20:00:00+00:00
[2024-04-26T23:11:59.648+0000] {processor.py:183} INFO - Processing /home/airflow/.local/lib/python3.12/site-packages/airflow/example_dags/example_latest_only.py took 0.078 seconds
[2024-04-26T23:12:29.832+0000] {processor.py:161} INFO - Started process (PID=368) to work on /home/airflow/.local/lib/python3.12/site-packages/airflow/example_dags/example_latest_only.py
[2024-04-26T23:12:29.833+0000] {processor.py:830} INFO - Processing file /home/airflow/.local/lib/python3.12/site-packages/airflow/example_dags/example_latest_only.py for tasks to queue
[2024-04-26T23:12:29.835+0000] {logging_mixin.py:188} INFO - [2024-04-26T23:12:29.834+0000] {dagbag.py:540} INFO - Filling up the DagBag from /home/airflow/.local/lib/python3.12/site-packages/airflow/example_dags/example_latest_only.py
[2024-04-26T23:12:29.839+0000] {processor.py:840} INFO - DAG(s) 'latest_only' retrieved from /home/airflow/.local/lib/python3.12/site-packages/airflow/example_dags/example_latest_only.py
[2024-04-26T23:12:29.859+0000] {logging_mixin.py:188} INFO - [2024-04-26T23:12:29.859+0000] {dag.py:3096} INFO - Sync 1 DAGs
[2024-04-26T23:12:29.877+0000] {logging_mixin.py:188} INFO - [2024-04-26T23:12:29.877+0000] {dag.py:3954} INFO - Setting next_dagrun for latest_only to 2024-04-26 16:00:00+00:00, run_after=2024-04-26 20:00:00+00:00
[2024-04-26T23:12:29.900+0000] {processor.py:183} INFO - Processing /home/airflow/.local/lib/python3.12/site-packages/airflow/example_dags/example_latest_only.py took 0.073 seconds
[2024-04-26T23:13:00.347+0000] {processor.py:161} INFO - Started process (PID=427) to work on /home/airflow/.local/lib/python3.12/site-packages/airflow/example_dags/example_latest_only.py
[2024-04-26T23:13:00.348+0000] {processor.py:830} INFO - Processing file /home/airflow/.local/lib/python3.12/site-packages/airflow/example_dags/example_latest_only.py for tasks to queue
[2024-04-26T23:13:00.350+0000] {logging_mixin.py:188} INFO - [2024-04-26T23:13:00.350+0000] {dagbag.py:540} INFO - Filling up the DagBag from /home/airflow/.local/lib/python3.12/site-packages/airflow/example_dags/example_latest_only.py
[2024-04-26T23:13:00.356+0000] {processor.py:840} INFO - DAG(s) 'latest_only' retrieved from /home/airflow/.local/lib/python3.12/site-packages/airflow/example_dags/example_latest_only.py
[2024-04-26T23:13:00.376+0000] {logging_mixin.py:188} INFO - [2024-04-26T23:13:00.376+0000] {dag.py:3096} INFO - Sync 1 DAGs
[2024-04-26T23:13:00.396+0000] {logging_mixin.py:188} INFO - [2024-04-26T23:13:00.396+0000] {dag.py:3954} INFO - Setting next_dagrun for latest_only to 2024-04-26 16:00:00+00:00, run_after=2024-04-26 20:00:00+00:00
[2024-04-26T23:13:00.421+0000] {processor.py:183} INFO - Processing /home/airflow/.local/lib/python3.12/site-packages/airflow/example_dags/example_latest_only.py took 0.079 seconds
[2024-04-26T23:13:31.476+0000] {processor.py:161} INFO - Started process (PID=486) to work on /home/airflow/.local/lib/python3.12/site-packages/airflow/example_dags/example_latest_only.py
[2024-04-26T23:13:31.476+0000] {processor.py:830} INFO - Processing file /home/airflow/.local/lib/python3.12/site-packages/airflow/example_dags/example_latest_only.py for tasks to queue
[2024-04-26T23:13:31.478+0000] {logging_mixin.py:188} INFO - [2024-04-26T23:13:31.478+0000] {dagbag.py:540} INFO - Filling up the DagBag from /home/airflow/.local/lib/python3.12/site-packages/airflow/example_dags/example_latest_only.py
[2024-04-26T23:13:31.482+0000] {processor.py:840} INFO - DAG(s) 'latest_only' retrieved from /home/airflow/.local/lib/python3.12/site-packages/airflow/example_dags/example_latest_only.py
[2024-04-26T23:13:31.498+0000] {logging_mixin.py:188} INFO - [2024-04-26T23:13:31.498+0000] {dag.py:3096} INFO - Sync 1 DAGs
[2024-04-26T23:13:31.516+0000] {logging_mixin.py:188} INFO - [2024-04-26T23:13:31.516+0000] {dag.py:3954} INFO - Setting next_dagrun for latest_only to 2024-04-26 16:00:00+00:00, run_after=2024-04-26 20:00:00+00:00
[2024-04-26T23:13:31.534+0000] {processor.py:183} INFO - Processing /home/airflow/.local/lib/python3.12/site-packages/airflow/example_dags/example_latest_only.py took 0.063 seconds
[2024-04-26T23:17:54.689+0000] {processor.py:161} INFO - Started process (PID=73) to work on /home/airflow/.local/lib/python3.12/site-packages/airflow/example_dags/example_latest_only.py
[2024-04-26T23:17:54.691+0000] {processor.py:830} INFO - Processing file /home/airflow/.local/lib/python3.12/site-packages/airflow/example_dags/example_latest_only.py for tasks to queue
[2024-04-26T23:17:54.693+0000] {logging_mixin.py:188} INFO - [2024-04-26T23:17:54.693+0000] {dagbag.py:540} INFO - Filling up the DagBag from /home/airflow/.local/lib/python3.12/site-packages/airflow/example_dags/example_latest_only.py
[2024-04-26T23:17:54.699+0000] {processor.py:840} INFO - DAG(s) 'latest_only' retrieved from /home/airflow/.local/lib/python3.12/site-packages/airflow/example_dags/example_latest_only.py
[2024-04-26T23:17:54.713+0000] {logging_mixin.py:188} INFO - [2024-04-26T23:17:54.713+0000] {dag.py:3096} INFO - Sync 1 DAGs
[2024-04-26T23:17:54.738+0000] {logging_mixin.py:188} INFO - [2024-04-26T23:17:54.738+0000] {dag.py:3954} INFO - Setting next_dagrun for latest_only to 2024-04-26 16:00:00+00:00, run_after=2024-04-26 20:00:00+00:00
[2024-04-26T23:17:54.759+0000] {processor.py:183} INFO - Processing /home/airflow/.local/lib/python3.12/site-packages/airflow/example_dags/example_latest_only.py took 0.077 seconds
[2024-04-26T23:18:25.804+0000] {processor.py:161} INFO - Started process (PID=132) to work on /home/airflow/.local/lib/python3.12/site-packages/airflow/example_dags/example_latest_only.py
[2024-04-26T23:18:25.805+0000] {processor.py:830} INFO - Processing file /home/airflow/.local/lib/python3.12/site-packages/airflow/example_dags/example_latest_only.py for tasks to queue
[2024-04-26T23:18:25.808+0000] {logging_mixin.py:188} INFO - [2024-04-26T23:18:25.808+0000] {dagbag.py:540} INFO - Filling up the DagBag from /home/airflow/.local/lib/python3.12/site-packages/airflow/example_dags/example_latest_only.py
[2024-04-26T23:18:25.812+0000] {processor.py:840} INFO - DAG(s) 'latest_only' retrieved from /home/airflow/.local/lib/python3.12/site-packages/airflow/example_dags/example_latest_only.py
[2024-04-26T23:18:25.936+0000] {logging_mixin.py:188} INFO - [2024-04-26T23:18:25.935+0000] {dag.py:3096} INFO - Sync 1 DAGs
[2024-04-26T23:18:25.958+0000] {logging_mixin.py:188} INFO - [2024-04-26T23:18:25.958+0000] {dag.py:3954} INFO - Setting next_dagrun for latest_only to 2024-04-26 16:00:00+00:00, run_after=2024-04-26 20:00:00+00:00
[2024-04-26T23:18:25.980+0000] {processor.py:183} INFO - Processing /home/airflow/.local/lib/python3.12/site-packages/airflow/example_dags/example_latest_only.py took 0.181 seconds
[2024-04-26T23:18:56.720+0000] {processor.py:161} INFO - Started process (PID=191) to work on /home/airflow/.local/lib/python3.12/site-packages/airflow/example_dags/example_latest_only.py
[2024-04-26T23:18:56.721+0000] {processor.py:830} INFO - Processing file /home/airflow/.local/lib/python3.12/site-packages/airflow/example_dags/example_latest_only.py for tasks to queue
[2024-04-26T23:18:56.724+0000] {logging_mixin.py:188} INFO - [2024-04-26T23:18:56.724+0000] {dagbag.py:540} INFO - Filling up the DagBag from /home/airflow/.local/lib/python3.12/site-packages/airflow/example_dags/example_latest_only.py
[2024-04-26T23:18:56.732+0000] {processor.py:840} INFO - DAG(s) 'latest_only' retrieved from /home/airflow/.local/lib/python3.12/site-packages/airflow/example_dags/example_latest_only.py
[2024-04-26T23:18:56.762+0000] {logging_mixin.py:188} INFO - [2024-04-26T23:18:56.761+0000] {dag.py:3096} INFO - Sync 1 DAGs
[2024-04-26T23:18:56.790+0000] {logging_mixin.py:188} INFO - [2024-04-26T23:18:56.790+0000] {dag.py:3954} INFO - Setting next_dagrun for latest_only to 2024-04-26 16:00:00+00:00, run_after=2024-04-26 20:00:00+00:00
[2024-04-26T23:18:56.823+0000] {processor.py:183} INFO - Processing /home/airflow/.local/lib/python3.12/site-packages/airflow/example_dags/example_latest_only.py took 0.111 seconds
[2024-04-26T23:19:43.810+0000] {processor.py:161} INFO - Started process (PID=73) to work on /home/airflow/.local/lib/python3.12/site-packages/airflow/example_dags/example_latest_only.py
[2024-04-26T23:19:43.812+0000] {processor.py:830} INFO - Processing file /home/airflow/.local/lib/python3.12/site-packages/airflow/example_dags/example_latest_only.py for tasks to queue
[2024-04-26T23:19:43.815+0000] {logging_mixin.py:188} INFO - [2024-04-26T23:19:43.814+0000] {dagbag.py:540} INFO - Filling up the DagBag from /home/airflow/.local/lib/python3.12/site-packages/airflow/example_dags/example_latest_only.py
[2024-04-26T23:19:43.823+0000] {processor.py:840} INFO - DAG(s) 'latest_only' retrieved from /home/airflow/.local/lib/python3.12/site-packages/airflow/example_dags/example_latest_only.py
[2024-04-26T23:19:43.838+0000] {logging_mixin.py:188} INFO - [2024-04-26T23:19:43.838+0000] {dag.py:3096} INFO - Sync 1 DAGs
[2024-04-26T23:19:43.862+0000] {logging_mixin.py:188} INFO - [2024-04-26T23:19:43.862+0000] {dag.py:3954} INFO - Setting next_dagrun for latest_only to 2024-04-26 16:00:00+00:00, run_after=2024-04-26 20:00:00+00:00
[2024-04-26T23:19:43.884+0000] {processor.py:183} INFO - Processing /home/airflow/.local/lib/python3.12/site-packages/airflow/example_dags/example_latest_only.py took 0.083 seconds
[2024-04-26T23:20:14.934+0000] {processor.py:161} INFO - Started process (PID=132) to work on /home/airflow/.local/lib/python3.12/site-packages/airflow/example_dags/example_latest_only.py
[2024-04-26T23:20:14.935+0000] {processor.py:830} INFO - Processing file /home/airflow/.local/lib/python3.12/site-packages/airflow/example_dags/example_latest_only.py for tasks to queue
[2024-04-26T23:20:14.936+0000] {logging_mixin.py:188} INFO - [2024-04-26T23:20:14.936+0000] {dagbag.py:540} INFO - Filling up the DagBag from /home/airflow/.local/lib/python3.12/site-packages/airflow/example_dags/example_latest_only.py
[2024-04-26T23:20:14.940+0000] {processor.py:840} INFO - DAG(s) 'latest_only' retrieved from /home/airflow/.local/lib/python3.12/site-packages/airflow/example_dags/example_latest_only.py
[2024-04-26T23:20:15.014+0000] {logging_mixin.py:188} INFO - [2024-04-26T23:20:15.014+0000] {dag.py:3096} INFO - Sync 1 DAGs
[2024-04-26T23:20:15.029+0000] {logging_mixin.py:188} INFO - [2024-04-26T23:20:15.029+0000] {dag.py:3954} INFO - Setting next_dagrun for latest_only to 2024-04-26 16:00:00+00:00, run_after=2024-04-26 20:00:00+00:00
[2024-04-26T23:20:15.045+0000] {processor.py:183} INFO - Processing /home/airflow/.local/lib/python3.12/site-packages/airflow/example_dags/example_latest_only.py took 0.116 seconds
[2024-04-26T23:20:45.490+0000] {processor.py:161} INFO - Started process (PID=191) to work on /home/airflow/.local/lib/python3.12/site-packages/airflow/example_dags/example_latest_only.py
[2024-04-26T23:20:45.491+0000] {processor.py:830} INFO - Processing file /home/airflow/.local/lib/python3.12/site-packages/airflow/example_dags/example_latest_only.py for tasks to queue
[2024-04-26T23:20:45.493+0000] {logging_mixin.py:188} INFO - [2024-04-26T23:20:45.493+0000] {dagbag.py:540} INFO - Filling up the DagBag from /home/airflow/.local/lib/python3.12/site-packages/airflow/example_dags/example_latest_only.py
[2024-04-26T23:20:45.497+0000] {processor.py:840} INFO - DAG(s) 'latest_only' retrieved from /home/airflow/.local/lib/python3.12/site-packages/airflow/example_dags/example_latest_only.py
[2024-04-26T23:20:45.515+0000] {logging_mixin.py:188} INFO - [2024-04-26T23:20:45.515+0000] {dag.py:3096} INFO - Sync 1 DAGs
[2024-04-26T23:20:45.533+0000] {logging_mixin.py:188} INFO - [2024-04-26T23:20:45.533+0000] {dag.py:3954} INFO - Setting next_dagrun for latest_only to 2024-04-26 16:00:00+00:00, run_after=2024-04-26 20:00:00+00:00
[2024-04-26T23:20:45.552+0000] {processor.py:183} INFO - Processing /home/airflow/.local/lib/python3.12/site-packages/airflow/example_dags/example_latest_only.py took 0.067 seconds
[2024-04-26T23:21:15.970+0000] {processor.py:161} INFO - Started process (PID=250) to work on /home/airflow/.local/lib/python3.12/site-packages/airflow/example_dags/example_latest_only.py
[2024-04-26T23:21:15.971+0000] {processor.py:830} INFO - Processing file /home/airflow/.local/lib/python3.12/site-packages/airflow/example_dags/example_latest_only.py for tasks to queue
[2024-04-26T23:21:15.973+0000] {logging_mixin.py:188} INFO - [2024-04-26T23:21:15.973+0000] {dagbag.py:540} INFO - Filling up the DagBag from /home/airflow/.local/lib/python3.12/site-packages/airflow/example_dags/example_latest_only.py
[2024-04-26T23:21:15.977+0000] {processor.py:840} INFO - DAG(s) 'latest_only' retrieved from /home/airflow/.local/lib/python3.12/site-packages/airflow/example_dags/example_latest_only.py
[2024-04-26T23:21:15.995+0000] {logging_mixin.py:188} INFO - [2024-04-26T23:21:15.995+0000] {dag.py:3096} INFO - Sync 1 DAGs
[2024-04-26T23:21:16.013+0000] {logging_mixin.py:188} INFO - [2024-04-26T23:21:16.013+0000] {dag.py:3954} INFO - Setting next_dagrun for latest_only to 2024-04-26 16:00:00+00:00, run_after=2024-04-26 20:00:00+00:00
[2024-04-26T23:21:16.033+0000] {processor.py:183} INFO - Processing /home/airflow/.local/lib/python3.12/site-packages/airflow/example_dags/example_latest_only.py took 0.068 seconds
[2024-04-26T23:21:46.456+0000] {processor.py:161} INFO - Started process (PID=309) to work on /home/airflow/.local/lib/python3.12/site-packages/airflow/example_dags/example_latest_only.py
[2024-04-26T23:21:46.457+0000] {processor.py:830} INFO - Processing file /home/airflow/.local/lib/python3.12/site-packages/airflow/example_dags/example_latest_only.py for tasks to queue
[2024-04-26T23:21:46.460+0000] {logging_mixin.py:188} INFO - [2024-04-26T23:21:46.459+0000] {dagbag.py:540} INFO - Filling up the DagBag from /home/airflow/.local/lib/python3.12/site-packages/airflow/example_dags/example_latest_only.py
[2024-04-26T23:21:46.467+0000] {processor.py:840} INFO - DAG(s) 'latest_only' retrieved from /home/airflow/.local/lib/python3.12/site-packages/airflow/example_dags/example_latest_only.py
[2024-04-26T23:21:46.933+0000] {logging_mixin.py:188} INFO - [2024-04-26T23:21:46.933+0000] {process_utils.py:263} INFO - Waiting up to 5 seconds for processes to exit...
