[2024-04-26T22:58:29.638+0000] {processor.py:161} INFO - Started process (PID=66) to work on /home/airflow/.local/lib/python3.12/site-packages/airflow/example_dags/example_dag_decorator.py
[2024-04-26T22:58:29.645+0000] {processor.py:830} INFO - Processing file /home/airflow/.local/lib/python3.12/site-packages/airflow/example_dags/example_dag_decorator.py for tasks to queue
[2024-04-26T22:58:29.653+0000] {logging_mixin.py:188} INFO - [2024-04-26T22:58:29.652+0000] {dagbag.py:540} INFO - Filling up the DagBag from /home/airflow/.local/lib/python3.12/site-packages/airflow/example_dags/example_dag_decorator.py
[2024-04-26T22:58:30.413+0000] {processor.py:840} INFO - DAG(s) 'example_dag_decorator' retrieved from /home/airflow/.local/lib/python3.12/site-packages/airflow/example_dags/example_dag_decorator.py
[2024-04-26T22:58:30.633+0000] {logging_mixin.py:188} INFO - [2024-04-26T22:58:30.633+0000] {dag.py:3096} INFO - Sync 1 DAGs
[2024-04-26T22:58:30.659+0000] {logging_mixin.py:188} INFO - [2024-04-26T22:58:30.659+0000] {dag.py:3954} INFO - Setting next_dagrun for example_dag_decorator to None, run_after=None
[2024-04-26T22:58:30.702+0000] {processor.py:183} INFO - Processing /home/airflow/.local/lib/python3.12/site-packages/airflow/example_dags/example_dag_decorator.py took 1.085 seconds
[2024-04-26T22:59:01.365+0000] {processor.py:161} INFO - Started process (PID=125) to work on /home/airflow/.local/lib/python3.12/site-packages/airflow/example_dags/example_dag_decorator.py
[2024-04-26T22:59:01.366+0000] {processor.py:830} INFO - Processing file /home/airflow/.local/lib/python3.12/site-packages/airflow/example_dags/example_dag_decorator.py for tasks to queue
[2024-04-26T22:59:01.370+0000] {logging_mixin.py:188} INFO - [2024-04-26T22:59:01.369+0000] {dagbag.py:540} INFO - Filling up the DagBag from /home/airflow/.local/lib/python3.12/site-packages/airflow/example_dags/example_dag_decorator.py
[2024-04-26T22:59:01.632+0000] {processor.py:840} INFO - DAG(s) 'example_dag_decorator' retrieved from /home/airflow/.local/lib/python3.12/site-packages/airflow/example_dags/example_dag_decorator.py
[2024-04-26T22:59:01.933+0000] {logging_mixin.py:188} INFO - [2024-04-26T22:59:01.933+0000] {dag.py:3096} INFO - Sync 1 DAGs
[2024-04-26T22:59:01.951+0000] {logging_mixin.py:188} INFO - [2024-04-26T22:59:01.950+0000] {dag.py:3954} INFO - Setting next_dagrun for example_dag_decorator to None, run_after=None
[2024-04-26T22:59:01.977+0000] {processor.py:183} INFO - Processing /home/airflow/.local/lib/python3.12/site-packages/airflow/example_dags/example_dag_decorator.py took 0.637 seconds
[2024-04-26T22:59:32.872+0000] {processor.py:161} INFO - Started process (PID=184) to work on /home/airflow/.local/lib/python3.12/site-packages/airflow/example_dags/example_dag_decorator.py
[2024-04-26T22:59:32.873+0000] {processor.py:830} INFO - Processing file /home/airflow/.local/lib/python3.12/site-packages/airflow/example_dags/example_dag_decorator.py for tasks to queue
[2024-04-26T22:59:32.876+0000] {logging_mixin.py:188} INFO - [2024-04-26T22:59:32.875+0000] {dagbag.py:540} INFO - Filling up the DagBag from /home/airflow/.local/lib/python3.12/site-packages/airflow/example_dags/example_dag_decorator.py
[2024-04-26T22:59:33.036+0000] {processor.py:840} INFO - DAG(s) 'example_dag_decorator' retrieved from /home/airflow/.local/lib/python3.12/site-packages/airflow/example_dags/example_dag_decorator.py
[2024-04-26T22:59:33.185+0000] {logging_mixin.py:188} INFO - [2024-04-26T22:59:33.185+0000] {dag.py:3096} INFO - Sync 1 DAGs
[2024-04-26T22:59:33.228+0000] {logging_mixin.py:188} INFO - [2024-04-26T22:59:33.227+0000] {dag.py:3954} INFO - Setting next_dagrun for example_dag_decorator to None, run_after=None
[2024-04-26T22:59:33.280+0000] {processor.py:183} INFO - Processing /home/airflow/.local/lib/python3.12/site-packages/airflow/example_dags/example_dag_decorator.py took 0.414 seconds
[2024-04-26T23:00:04.059+0000] {processor.py:161} INFO - Started process (PID=243) to work on /home/airflow/.local/lib/python3.12/site-packages/airflow/example_dags/example_dag_decorator.py
[2024-04-26T23:00:04.060+0000] {processor.py:830} INFO - Processing file /home/airflow/.local/lib/python3.12/site-packages/airflow/example_dags/example_dag_decorator.py for tasks to queue
[2024-04-26T23:00:04.062+0000] {logging_mixin.py:188} INFO - [2024-04-26T23:00:04.062+0000] {dagbag.py:540} INFO - Filling up the DagBag from /home/airflow/.local/lib/python3.12/site-packages/airflow/example_dags/example_dag_decorator.py
[2024-04-26T23:00:04.145+0000] {processor.py:840} INFO - DAG(s) 'example_dag_decorator' retrieved from /home/airflow/.local/lib/python3.12/site-packages/airflow/example_dags/example_dag_decorator.py
[2024-04-26T23:00:04.242+0000] {logging_mixin.py:188} INFO - [2024-04-26T23:00:04.242+0000] {dag.py:3096} INFO - Sync 1 DAGs
[2024-04-26T23:00:04.252+0000] {logging_mixin.py:188} INFO - [2024-04-26T23:00:04.252+0000] {dag.py:3954} INFO - Setting next_dagrun for example_dag_decorator to None, run_after=None
[2024-04-26T23:00:04.271+0000] {processor.py:183} INFO - Processing /home/airflow/.local/lib/python3.12/site-packages/airflow/example_dags/example_dag_decorator.py took 0.217 seconds
[2024-04-26T23:00:34.366+0000] {processor.py:161} INFO - Started process (PID=303) to work on /home/airflow/.local/lib/python3.12/site-packages/airflow/example_dags/example_dag_decorator.py
[2024-04-26T23:00:34.367+0000] {processor.py:830} INFO - Processing file /home/airflow/.local/lib/python3.12/site-packages/airflow/example_dags/example_dag_decorator.py for tasks to queue
[2024-04-26T23:00:34.369+0000] {logging_mixin.py:188} INFO - [2024-04-26T23:00:34.368+0000] {dagbag.py:540} INFO - Filling up the DagBag from /home/airflow/.local/lib/python3.12/site-packages/airflow/example_dags/example_dag_decorator.py
[2024-04-26T23:00:34.452+0000] {processor.py:840} INFO - DAG(s) 'example_dag_decorator' retrieved from /home/airflow/.local/lib/python3.12/site-packages/airflow/example_dags/example_dag_decorator.py
[2024-04-26T23:00:34.471+0000] {logging_mixin.py:188} INFO - [2024-04-26T23:00:34.471+0000] {dag.py:3096} INFO - Sync 1 DAGs
[2024-04-26T23:00:34.482+0000] {logging_mixin.py:188} INFO - [2024-04-26T23:00:34.482+0000] {dag.py:3954} INFO - Setting next_dagrun for example_dag_decorator to None, run_after=None
[2024-04-26T23:00:34.500+0000] {processor.py:183} INFO - Processing /home/airflow/.local/lib/python3.12/site-packages/airflow/example_dags/example_dag_decorator.py took 0.140 seconds
[2024-04-26T23:01:04.602+0000] {processor.py:161} INFO - Started process (PID=362) to work on /home/airflow/.local/lib/python3.12/site-packages/airflow/example_dags/example_dag_decorator.py
[2024-04-26T23:01:04.604+0000] {processor.py:830} INFO - Processing file /home/airflow/.local/lib/python3.12/site-packages/airflow/example_dags/example_dag_decorator.py for tasks to queue
[2024-04-26T23:01:04.606+0000] {logging_mixin.py:188} INFO - [2024-04-26T23:01:04.606+0000] {dagbag.py:540} INFO - Filling up the DagBag from /home/airflow/.local/lib/python3.12/site-packages/airflow/example_dags/example_dag_decorator.py
[2024-04-26T23:01:04.697+0000] {processor.py:840} INFO - DAG(s) 'example_dag_decorator' retrieved from /home/airflow/.local/lib/python3.12/site-packages/airflow/example_dags/example_dag_decorator.py
[2024-04-26T23:01:05.165+0000] {logging_mixin.py:188} INFO - [2024-04-26T23:01:05.165+0000] {dag.py:3096} INFO - Sync 1 DAGs
[2024-04-26T23:01:05.182+0000] {logging_mixin.py:188} INFO - [2024-04-26T23:01:05.182+0000] {dag.py:3954} INFO - Setting next_dagrun for example_dag_decorator to None, run_after=None
[2024-04-26T23:01:05.217+0000] {processor.py:183} INFO - Processing /home/airflow/.local/lib/python3.12/site-packages/airflow/example_dags/example_dag_decorator.py took 0.620 seconds
[2024-04-26T23:01:35.287+0000] {processor.py:161} INFO - Started process (PID=420) to work on /home/airflow/.local/lib/python3.12/site-packages/airflow/example_dags/example_dag_decorator.py
[2024-04-26T23:01:35.288+0000] {processor.py:830} INFO - Processing file /home/airflow/.local/lib/python3.12/site-packages/airflow/example_dags/example_dag_decorator.py for tasks to queue
[2024-04-26T23:01:35.289+0000] {logging_mixin.py:188} INFO - [2024-04-26T23:01:35.289+0000] {dagbag.py:540} INFO - Filling up the DagBag from /home/airflow/.local/lib/python3.12/site-packages/airflow/example_dags/example_dag_decorator.py
[2024-04-26T23:01:35.372+0000] {processor.py:840} INFO - DAG(s) 'example_dag_decorator' retrieved from /home/airflow/.local/lib/python3.12/site-packages/airflow/example_dags/example_dag_decorator.py
[2024-04-26T23:01:35.587+0000] {logging_mixin.py:188} INFO - [2024-04-26T23:01:35.587+0000] {dag.py:3096} INFO - Sync 1 DAGs
[2024-04-26T23:01:35.595+0000] {logging_mixin.py:188} INFO - [2024-04-26T23:01:35.595+0000] {dag.py:3954} INFO - Setting next_dagrun for example_dag_decorator to None, run_after=None
[2024-04-26T23:01:35.616+0000] {processor.py:183} INFO - Processing /home/airflow/.local/lib/python3.12/site-packages/airflow/example_dags/example_dag_decorator.py took 0.335 seconds
[2024-04-26T23:02:05.661+0000] {processor.py:161} INFO - Started process (PID=479) to work on /home/airflow/.local/lib/python3.12/site-packages/airflow/example_dags/example_dag_decorator.py
[2024-04-26T23:02:05.663+0000] {processor.py:830} INFO - Processing file /home/airflow/.local/lib/python3.12/site-packages/airflow/example_dags/example_dag_decorator.py for tasks to queue
[2024-04-26T23:02:05.665+0000] {logging_mixin.py:188} INFO - [2024-04-26T23:02:05.664+0000] {dagbag.py:540} INFO - Filling up the DagBag from /home/airflow/.local/lib/python3.12/site-packages/airflow/example_dags/example_dag_decorator.py
[2024-04-26T23:02:05.760+0000] {processor.py:840} INFO - DAG(s) 'example_dag_decorator' retrieved from /home/airflow/.local/lib/python3.12/site-packages/airflow/example_dags/example_dag_decorator.py
[2024-04-26T23:02:05.783+0000] {logging_mixin.py:188} INFO - [2024-04-26T23:02:05.782+0000] {dag.py:3096} INFO - Sync 1 DAGs
[2024-04-26T23:02:05.795+0000] {logging_mixin.py:188} INFO - [2024-04-26T23:02:05.795+0000] {dag.py:3954} INFO - Setting next_dagrun for example_dag_decorator to None, run_after=None
[2024-04-26T23:02:05.819+0000] {processor.py:183} INFO - Processing /home/airflow/.local/lib/python3.12/site-packages/airflow/example_dags/example_dag_decorator.py took 0.164 seconds
[2024-04-26T23:02:36.214+0000] {processor.py:161} INFO - Started process (PID=538) to work on /home/airflow/.local/lib/python3.12/site-packages/airflow/example_dags/example_dag_decorator.py
[2024-04-26T23:02:36.214+0000] {processor.py:830} INFO - Processing file /home/airflow/.local/lib/python3.12/site-packages/airflow/example_dags/example_dag_decorator.py for tasks to queue
[2024-04-26T23:02:36.216+0000] {logging_mixin.py:188} INFO - [2024-04-26T23:02:36.216+0000] {dagbag.py:540} INFO - Filling up the DagBag from /home/airflow/.local/lib/python3.12/site-packages/airflow/example_dags/example_dag_decorator.py
[2024-04-26T23:02:36.296+0000] {processor.py:840} INFO - DAG(s) 'example_dag_decorator' retrieved from /home/airflow/.local/lib/python3.12/site-packages/airflow/example_dags/example_dag_decorator.py
[2024-04-26T23:02:36.520+0000] {logging_mixin.py:188} INFO - [2024-04-26T23:02:36.520+0000] {dag.py:3096} INFO - Sync 1 DAGs
[2024-04-26T23:02:36.529+0000] {logging_mixin.py:188} INFO - [2024-04-26T23:02:36.529+0000] {dag.py:3954} INFO - Setting next_dagrun for example_dag_decorator to None, run_after=None
[2024-04-26T23:02:36.551+0000] {processor.py:183} INFO - Processing /home/airflow/.local/lib/python3.12/site-packages/airflow/example_dags/example_dag_decorator.py took 0.343 seconds
[2024-04-26T23:03:07.532+0000] {processor.py:161} INFO - Started process (PID=599) to work on /home/airflow/.local/lib/python3.12/site-packages/airflow/example_dags/example_dag_decorator.py
[2024-04-26T23:03:07.533+0000] {processor.py:830} INFO - Processing file /home/airflow/.local/lib/python3.12/site-packages/airflow/example_dags/example_dag_decorator.py for tasks to queue
[2024-04-26T23:03:07.535+0000] {logging_mixin.py:188} INFO - [2024-04-26T23:03:07.534+0000] {dagbag.py:540} INFO - Filling up the DagBag from /home/airflow/.local/lib/python3.12/site-packages/airflow/example_dags/example_dag_decorator.py
[2024-04-26T23:03:07.616+0000] {processor.py:840} INFO - DAG(s) 'example_dag_decorator' retrieved from /home/airflow/.local/lib/python3.12/site-packages/airflow/example_dags/example_dag_decorator.py
[2024-04-26T23:03:07.829+0000] {logging_mixin.py:188} INFO - [2024-04-26T23:03:07.829+0000] {dag.py:3096} INFO - Sync 1 DAGs
[2024-04-26T23:03:07.838+0000] {logging_mixin.py:188} INFO - [2024-04-26T23:03:07.838+0000] {dag.py:3954} INFO - Setting next_dagrun for example_dag_decorator to None, run_after=None
[2024-04-26T23:03:07.859+0000] {processor.py:183} INFO - Processing /home/airflow/.local/lib/python3.12/site-packages/airflow/example_dags/example_dag_decorator.py took 0.333 seconds
[2024-04-26T23:03:38.036+0000] {processor.py:161} INFO - Started process (PID=661) to work on /home/airflow/.local/lib/python3.12/site-packages/airflow/example_dags/example_dag_decorator.py
[2024-04-26T23:03:38.038+0000] {processor.py:830} INFO - Processing file /home/airflow/.local/lib/python3.12/site-packages/airflow/example_dags/example_dag_decorator.py for tasks to queue
[2024-04-26T23:03:38.039+0000] {logging_mixin.py:188} INFO - [2024-04-26T23:03:38.039+0000] {dagbag.py:540} INFO - Filling up the DagBag from /home/airflow/.local/lib/python3.12/site-packages/airflow/example_dags/example_dag_decorator.py
[2024-04-26T23:03:38.117+0000] {processor.py:840} INFO - DAG(s) 'example_dag_decorator' retrieved from /home/airflow/.local/lib/python3.12/site-packages/airflow/example_dags/example_dag_decorator.py
[2024-04-26T23:03:38.339+0000] {logging_mixin.py:188} INFO - [2024-04-26T23:03:38.338+0000] {dag.py:3096} INFO - Sync 1 DAGs
[2024-04-26T23:03:38.346+0000] {logging_mixin.py:188} INFO - [2024-04-26T23:03:38.346+0000] {dag.py:3954} INFO - Setting next_dagrun for example_dag_decorator to None, run_after=None
[2024-04-26T23:03:38.367+0000] {processor.py:183} INFO - Processing /home/airflow/.local/lib/python3.12/site-packages/airflow/example_dags/example_dag_decorator.py took 0.336 seconds
[2024-04-26T23:04:08.410+0000] {processor.py:161} INFO - Started process (PID=722) to work on /home/airflow/.local/lib/python3.12/site-packages/airflow/example_dags/example_dag_decorator.py
[2024-04-26T23:04:08.411+0000] {processor.py:830} INFO - Processing file /home/airflow/.local/lib/python3.12/site-packages/airflow/example_dags/example_dag_decorator.py for tasks to queue
[2024-04-26T23:04:08.413+0000] {logging_mixin.py:188} INFO - [2024-04-26T23:04:08.412+0000] {dagbag.py:540} INFO - Filling up the DagBag from /home/airflow/.local/lib/python3.12/site-packages/airflow/example_dags/example_dag_decorator.py
[2024-04-26T23:04:08.489+0000] {processor.py:840} INFO - DAG(s) 'example_dag_decorator' retrieved from /home/airflow/.local/lib/python3.12/site-packages/airflow/example_dags/example_dag_decorator.py
[2024-04-26T23:04:08.698+0000] {logging_mixin.py:188} INFO - [2024-04-26T23:04:08.697+0000] {dag.py:3096} INFO - Sync 1 DAGs
[2024-04-26T23:04:08.706+0000] {logging_mixin.py:188} INFO - [2024-04-26T23:04:08.706+0000] {dag.py:3954} INFO - Setting next_dagrun for example_dag_decorator to None, run_after=None
[2024-04-26T23:04:08.724+0000] {processor.py:183} INFO - Processing /home/airflow/.local/lib/python3.12/site-packages/airflow/example_dags/example_dag_decorator.py took 0.319 seconds
[2024-04-26T23:04:38.997+0000] {processor.py:161} INFO - Started process (PID=781) to work on /home/airflow/.local/lib/python3.12/site-packages/airflow/example_dags/example_dag_decorator.py
[2024-04-26T23:04:38.998+0000] {processor.py:830} INFO - Processing file /home/airflow/.local/lib/python3.12/site-packages/airflow/example_dags/example_dag_decorator.py for tasks to queue
[2024-04-26T23:04:39.000+0000] {logging_mixin.py:188} INFO - [2024-04-26T23:04:39.000+0000] {dagbag.py:540} INFO - Filling up the DagBag from /home/airflow/.local/lib/python3.12/site-packages/airflow/example_dags/example_dag_decorator.py
[2024-04-26T23:04:39.095+0000] {processor.py:840} INFO - DAG(s) 'example_dag_decorator' retrieved from /home/airflow/.local/lib/python3.12/site-packages/airflow/example_dags/example_dag_decorator.py
[2024-04-26T23:04:39.478+0000] {logging_mixin.py:188} INFO - [2024-04-26T23:04:39.478+0000] {dag.py:3096} INFO - Sync 1 DAGs
[2024-04-26T23:04:39.487+0000] {logging_mixin.py:188} INFO - [2024-04-26T23:04:39.487+0000] {dag.py:3954} INFO - Setting next_dagrun for example_dag_decorator to None, run_after=None
[2024-04-26T23:04:39.508+0000] {processor.py:183} INFO - Processing /home/airflow/.local/lib/python3.12/site-packages/airflow/example_dags/example_dag_decorator.py took 0.517 seconds
[2024-04-26T23:05:10.052+0000] {processor.py:161} INFO - Started process (PID=840) to work on /home/airflow/.local/lib/python3.12/site-packages/airflow/example_dags/example_dag_decorator.py
[2024-04-26T23:05:10.053+0000] {processor.py:830} INFO - Processing file /home/airflow/.local/lib/python3.12/site-packages/airflow/example_dags/example_dag_decorator.py for tasks to queue
[2024-04-26T23:05:10.055+0000] {logging_mixin.py:188} INFO - [2024-04-26T23:05:10.054+0000] {dagbag.py:540} INFO - Filling up the DagBag from /home/airflow/.local/lib/python3.12/site-packages/airflow/example_dags/example_dag_decorator.py
[2024-04-26T23:05:10.136+0000] {processor.py:840} INFO - DAG(s) 'example_dag_decorator' retrieved from /home/airflow/.local/lib/python3.12/site-packages/airflow/example_dags/example_dag_decorator.py
[2024-04-26T23:05:10.351+0000] {logging_mixin.py:188} INFO - [2024-04-26T23:05:10.350+0000] {dag.py:3096} INFO - Sync 1 DAGs
[2024-04-26T23:05:10.358+0000] {logging_mixin.py:188} INFO - [2024-04-26T23:05:10.358+0000] {dag.py:3954} INFO - Setting next_dagrun for example_dag_decorator to None, run_after=None
[2024-04-26T23:05:10.375+0000] {processor.py:183} INFO - Processing /home/airflow/.local/lib/python3.12/site-packages/airflow/example_dags/example_dag_decorator.py took 0.327 seconds
[2024-04-26T23:05:40.459+0000] {processor.py:161} INFO - Started process (PID=899) to work on /home/airflow/.local/lib/python3.12/site-packages/airflow/example_dags/example_dag_decorator.py
[2024-04-26T23:05:40.460+0000] {processor.py:830} INFO - Processing file /home/airflow/.local/lib/python3.12/site-packages/airflow/example_dags/example_dag_decorator.py for tasks to queue
[2024-04-26T23:05:40.462+0000] {logging_mixin.py:188} INFO - [2024-04-26T23:05:40.461+0000] {dagbag.py:540} INFO - Filling up the DagBag from /home/airflow/.local/lib/python3.12/site-packages/airflow/example_dags/example_dag_decorator.py
[2024-04-26T23:05:40.547+0000] {processor.py:840} INFO - DAG(s) 'example_dag_decorator' retrieved from /home/airflow/.local/lib/python3.12/site-packages/airflow/example_dags/example_dag_decorator.py
[2024-04-26T23:05:40.569+0000] {logging_mixin.py:188} INFO - [2024-04-26T23:05:40.568+0000] {dag.py:3096} INFO - Sync 1 DAGs
[2024-04-26T23:05:40.586+0000] {logging_mixin.py:188} INFO - [2024-04-26T23:05:40.586+0000] {dag.py:3954} INFO - Setting next_dagrun for example_dag_decorator to None, run_after=None
[2024-04-26T23:05:40.786+0000] {processor.py:183} INFO - Processing /home/airflow/.local/lib/python3.12/site-packages/airflow/example_dags/example_dag_decorator.py took 0.332 seconds
[2024-04-26T23:09:55.559+0000] {processor.py:161} INFO - Started process (PID=60) to work on /home/airflow/.local/lib/python3.12/site-packages/airflow/example_dags/example_dag_decorator.py
[2024-04-26T23:09:55.560+0000] {processor.py:830} INFO - Processing file /home/airflow/.local/lib/python3.12/site-packages/airflow/example_dags/example_dag_decorator.py for tasks to queue
[2024-04-26T23:09:55.562+0000] {logging_mixin.py:188} INFO - [2024-04-26T23:09:55.561+0000] {dagbag.py:540} INFO - Filling up the DagBag from /home/airflow/.local/lib/python3.12/site-packages/airflow/example_dags/example_dag_decorator.py
[2024-04-26T23:09:55.856+0000] {processor.py:840} INFO - DAG(s) 'example_dag_decorator' retrieved from /home/airflow/.local/lib/python3.12/site-packages/airflow/example_dags/example_dag_decorator.py
[2024-04-26T23:09:55.893+0000] {logging_mixin.py:188} INFO - [2024-04-26T23:09:55.892+0000] {dag.py:3096} INFO - Sync 1 DAGs
[2024-04-26T23:09:55.916+0000] {logging_mixin.py:188} INFO - [2024-04-26T23:09:55.915+0000] {dag.py:3954} INFO - Setting next_dagrun for example_dag_decorator to None, run_after=None
[2024-04-26T23:09:55.937+0000] {processor.py:183} INFO - Processing /home/airflow/.local/lib/python3.12/site-packages/airflow/example_dags/example_dag_decorator.py took 0.384 seconds
[2024-04-26T23:10:26.550+0000] {processor.py:161} INFO - Started process (PID=119) to work on /home/airflow/.local/lib/python3.12/site-packages/airflow/example_dags/example_dag_decorator.py
[2024-04-26T23:10:26.551+0000] {processor.py:830} INFO - Processing file /home/airflow/.local/lib/python3.12/site-packages/airflow/example_dags/example_dag_decorator.py for tasks to queue
[2024-04-26T23:10:26.553+0000] {logging_mixin.py:188} INFO - [2024-04-26T23:10:26.552+0000] {dagbag.py:540} INFO - Filling up the DagBag from /home/airflow/.local/lib/python3.12/site-packages/airflow/example_dags/example_dag_decorator.py
[2024-04-26T23:10:26.650+0000] {processor.py:840} INFO - DAG(s) 'example_dag_decorator' retrieved from /home/airflow/.local/lib/python3.12/site-packages/airflow/example_dags/example_dag_decorator.py
[2024-04-26T23:10:26.753+0000] {logging_mixin.py:188} INFO - [2024-04-26T23:10:26.752+0000] {dag.py:3096} INFO - Sync 1 DAGs
[2024-04-26T23:10:26.762+0000] {logging_mixin.py:188} INFO - [2024-04-26T23:10:26.761+0000] {dag.py:3954} INFO - Setting next_dagrun for example_dag_decorator to None, run_after=None
[2024-04-26T23:10:26.788+0000] {processor.py:183} INFO - Processing /home/airflow/.local/lib/python3.12/site-packages/airflow/example_dags/example_dag_decorator.py took 0.243 seconds
[2024-04-26T23:10:57.468+0000] {processor.py:161} INFO - Started process (PID=178) to work on /home/airflow/.local/lib/python3.12/site-packages/airflow/example_dags/example_dag_decorator.py
[2024-04-26T23:10:57.469+0000] {processor.py:830} INFO - Processing file /home/airflow/.local/lib/python3.12/site-packages/airflow/example_dags/example_dag_decorator.py for tasks to queue
[2024-04-26T23:10:57.471+0000] {logging_mixin.py:188} INFO - [2024-04-26T23:10:57.471+0000] {dagbag.py:540} INFO - Filling up the DagBag from /home/airflow/.local/lib/python3.12/site-packages/airflow/example_dags/example_dag_decorator.py
[2024-04-26T23:10:57.556+0000] {processor.py:840} INFO - DAG(s) 'example_dag_decorator' retrieved from /home/airflow/.local/lib/python3.12/site-packages/airflow/example_dags/example_dag_decorator.py
[2024-04-26T23:10:57.654+0000] {logging_mixin.py:188} INFO - [2024-04-26T23:10:57.654+0000] {dag.py:3096} INFO - Sync 1 DAGs
[2024-04-26T23:10:57.665+0000] {logging_mixin.py:188} INFO - [2024-04-26T23:10:57.665+0000] {dag.py:3954} INFO - Setting next_dagrun for example_dag_decorator to None, run_after=None
[2024-04-26T23:10:57.688+0000] {processor.py:183} INFO - Processing /home/airflow/.local/lib/python3.12/site-packages/airflow/example_dags/example_dag_decorator.py took 0.226 seconds
[2024-04-26T23:11:28.470+0000] {processor.py:161} INFO - Started process (PID=237) to work on /home/airflow/.local/lib/python3.12/site-packages/airflow/example_dags/example_dag_decorator.py
[2024-04-26T23:11:28.471+0000] {processor.py:830} INFO - Processing file /home/airflow/.local/lib/python3.12/site-packages/airflow/example_dags/example_dag_decorator.py for tasks to queue
[2024-04-26T23:11:28.473+0000] {logging_mixin.py:188} INFO - [2024-04-26T23:11:28.473+0000] {dagbag.py:540} INFO - Filling up the DagBag from /home/airflow/.local/lib/python3.12/site-packages/airflow/example_dags/example_dag_decorator.py
[2024-04-26T23:11:28.561+0000] {processor.py:840} INFO - DAG(s) 'example_dag_decorator' retrieved from /home/airflow/.local/lib/python3.12/site-packages/airflow/example_dags/example_dag_decorator.py
[2024-04-26T23:11:28.659+0000] {logging_mixin.py:188} INFO - [2024-04-26T23:11:28.658+0000] {dag.py:3096} INFO - Sync 1 DAGs
[2024-04-26T23:11:28.669+0000] {logging_mixin.py:188} INFO - [2024-04-26T23:11:28.669+0000] {dag.py:3954} INFO - Setting next_dagrun for example_dag_decorator to None, run_after=None
[2024-04-26T23:11:28.689+0000] {processor.py:183} INFO - Processing /home/airflow/.local/lib/python3.12/site-packages/airflow/example_dags/example_dag_decorator.py took 0.224 seconds
[2024-04-26T23:11:58.767+0000] {processor.py:161} INFO - Started process (PID=297) to work on /home/airflow/.local/lib/python3.12/site-packages/airflow/example_dags/example_dag_decorator.py
[2024-04-26T23:11:58.768+0000] {processor.py:830} INFO - Processing file /home/airflow/.local/lib/python3.12/site-packages/airflow/example_dags/example_dag_decorator.py for tasks to queue
[2024-04-26T23:11:58.771+0000] {logging_mixin.py:188} INFO - [2024-04-26T23:11:58.770+0000] {dagbag.py:540} INFO - Filling up the DagBag from /home/airflow/.local/lib/python3.12/site-packages/airflow/example_dags/example_dag_decorator.py
[2024-04-26T23:11:58.859+0000] {processor.py:840} INFO - DAG(s) 'example_dag_decorator' retrieved from /home/airflow/.local/lib/python3.12/site-packages/airflow/example_dags/example_dag_decorator.py
[2024-04-26T23:11:59.133+0000] {logging_mixin.py:188} INFO - [2024-04-26T23:11:59.132+0000] {dag.py:3096} INFO - Sync 1 DAGs
[2024-04-26T23:11:59.145+0000] {logging_mixin.py:188} INFO - [2024-04-26T23:11:59.145+0000] {dag.py:3954} INFO - Setting next_dagrun for example_dag_decorator to None, run_after=None
[2024-04-26T23:11:59.167+0000] {processor.py:183} INFO - Processing /home/airflow/.local/lib/python3.12/site-packages/airflow/example_dags/example_dag_decorator.py took 0.406 seconds
[2024-04-26T23:12:29.311+0000] {processor.py:161} INFO - Started process (PID=359) to work on /home/airflow/.local/lib/python3.12/site-packages/airflow/example_dags/example_dag_decorator.py
[2024-04-26T23:12:29.312+0000] {processor.py:830} INFO - Processing file /home/airflow/.local/lib/python3.12/site-packages/airflow/example_dags/example_dag_decorator.py for tasks to queue
[2024-04-26T23:12:29.314+0000] {logging_mixin.py:188} INFO - [2024-04-26T23:12:29.314+0000] {dagbag.py:540} INFO - Filling up the DagBag from /home/airflow/.local/lib/python3.12/site-packages/airflow/example_dags/example_dag_decorator.py
[2024-04-26T23:12:29.395+0000] {processor.py:840} INFO - DAG(s) 'example_dag_decorator' retrieved from /home/airflow/.local/lib/python3.12/site-packages/airflow/example_dags/example_dag_decorator.py
[2024-04-26T23:12:29.585+0000] {logging_mixin.py:188} INFO - [2024-04-26T23:12:29.585+0000] {dag.py:3096} INFO - Sync 1 DAGs
[2024-04-26T23:12:29.594+0000] {logging_mixin.py:188} INFO - [2024-04-26T23:12:29.594+0000] {dag.py:3954} INFO - Setting next_dagrun for example_dag_decorator to None, run_after=None
[2024-04-26T23:12:29.615+0000] {processor.py:183} INFO - Processing /home/airflow/.local/lib/python3.12/site-packages/airflow/example_dags/example_dag_decorator.py took 0.310 seconds
[2024-04-26T23:12:59.831+0000] {processor.py:161} INFO - Started process (PID=420) to work on /home/airflow/.local/lib/python3.12/site-packages/airflow/example_dags/example_dag_decorator.py
[2024-04-26T23:12:59.832+0000] {processor.py:830} INFO - Processing file /home/airflow/.local/lib/python3.12/site-packages/airflow/example_dags/example_dag_decorator.py for tasks to queue
[2024-04-26T23:12:59.834+0000] {logging_mixin.py:188} INFO - [2024-04-26T23:12:59.834+0000] {dagbag.py:540} INFO - Filling up the DagBag from /home/airflow/.local/lib/python3.12/site-packages/airflow/example_dags/example_dag_decorator.py
[2024-04-26T23:12:59.922+0000] {processor.py:840} INFO - DAG(s) 'example_dag_decorator' retrieved from /home/airflow/.local/lib/python3.12/site-packages/airflow/example_dags/example_dag_decorator.py
[2024-04-26T23:13:00.158+0000] {logging_mixin.py:188} INFO - [2024-04-26T23:13:00.158+0000] {dag.py:3096} INFO - Sync 1 DAGs
[2024-04-26T23:13:00.171+0000] {logging_mixin.py:188} INFO - [2024-04-26T23:13:00.171+0000] {dag.py:3954} INFO - Setting next_dagrun for example_dag_decorator to None, run_after=None
[2024-04-26T23:13:00.198+0000] {processor.py:183} INFO - Processing /home/airflow/.local/lib/python3.12/site-packages/airflow/example_dags/example_dag_decorator.py took 0.372 seconds
[2024-04-26T23:13:31.111+0000] {processor.py:161} INFO - Started process (PID=481) to work on /home/airflow/.local/lib/python3.12/site-packages/airflow/example_dags/example_dag_decorator.py
[2024-04-26T23:13:31.112+0000] {processor.py:830} INFO - Processing file /home/airflow/.local/lib/python3.12/site-packages/airflow/example_dags/example_dag_decorator.py for tasks to queue
[2024-04-26T23:13:31.114+0000] {logging_mixin.py:188} INFO - [2024-04-26T23:13:31.114+0000] {dagbag.py:540} INFO - Filling up the DagBag from /home/airflow/.local/lib/python3.12/site-packages/airflow/example_dags/example_dag_decorator.py
[2024-04-26T23:13:31.206+0000] {processor.py:840} INFO - DAG(s) 'example_dag_decorator' retrieved from /home/airflow/.local/lib/python3.12/site-packages/airflow/example_dags/example_dag_decorator.py
[2024-04-26T23:13:31.418+0000] {logging_mixin.py:188} INFO - [2024-04-26T23:13:31.418+0000] {dag.py:3096} INFO - Sync 1 DAGs
[2024-04-26T23:13:31.427+0000] {logging_mixin.py:188} INFO - [2024-04-26T23:13:31.427+0000] {dag.py:3954} INFO - Setting next_dagrun for example_dag_decorator to None, run_after=None
[2024-04-26T23:13:31.449+0000] {processor.py:183} INFO - Processing /home/airflow/.local/lib/python3.12/site-packages/airflow/example_dags/example_dag_decorator.py took 0.343 seconds
[2024-04-26T23:17:53.585+0000] {processor.py:161} INFO - Started process (PID=60) to work on /home/airflow/.local/lib/python3.12/site-packages/airflow/example_dags/example_dag_decorator.py
[2024-04-26T23:17:53.586+0000] {processor.py:830} INFO - Processing file /home/airflow/.local/lib/python3.12/site-packages/airflow/example_dags/example_dag_decorator.py for tasks to queue
[2024-04-26T23:17:53.588+0000] {logging_mixin.py:188} INFO - [2024-04-26T23:17:53.588+0000] {dagbag.py:540} INFO - Filling up the DagBag from /home/airflow/.local/lib/python3.12/site-packages/airflow/example_dags/example_dag_decorator.py
[2024-04-26T23:17:53.714+0000] {processor.py:840} INFO - DAG(s) 'example_dag_decorator' retrieved from /home/airflow/.local/lib/python3.12/site-packages/airflow/example_dags/example_dag_decorator.py
[2024-04-26T23:17:53.737+0000] {logging_mixin.py:188} INFO - [2024-04-26T23:17:53.736+0000] {dag.py:3096} INFO - Sync 1 DAGs
[2024-04-26T23:17:53.750+0000] {logging_mixin.py:188} INFO - [2024-04-26T23:17:53.750+0000] {dag.py:3954} INFO - Setting next_dagrun for example_dag_decorator to None, run_after=None
[2024-04-26T23:17:53.770+0000] {processor.py:183} INFO - Processing /home/airflow/.local/lib/python3.12/site-packages/airflow/example_dags/example_dag_decorator.py took 0.190 seconds
[2024-04-26T23:18:24.519+0000] {processor.py:161} INFO - Started process (PID=119) to work on /home/airflow/.local/lib/python3.12/site-packages/airflow/example_dags/example_dag_decorator.py
[2024-04-26T23:18:24.520+0000] {processor.py:830} INFO - Processing file /home/airflow/.local/lib/python3.12/site-packages/airflow/example_dags/example_dag_decorator.py for tasks to queue
[2024-04-26T23:18:24.521+0000] {logging_mixin.py:188} INFO - [2024-04-26T23:18:24.521+0000] {dagbag.py:540} INFO - Filling up the DagBag from /home/airflow/.local/lib/python3.12/site-packages/airflow/example_dags/example_dag_decorator.py
[2024-04-26T23:18:24.600+0000] {processor.py:840} INFO - DAG(s) 'example_dag_decorator' retrieved from /home/airflow/.local/lib/python3.12/site-packages/airflow/example_dags/example_dag_decorator.py
[2024-04-26T23:18:24.691+0000] {logging_mixin.py:188} INFO - [2024-04-26T23:18:24.691+0000] {dag.py:3096} INFO - Sync 1 DAGs
[2024-04-26T23:18:24.702+0000] {logging_mixin.py:188} INFO - [2024-04-26T23:18:24.701+0000] {dag.py:3954} INFO - Setting next_dagrun for example_dag_decorator to None, run_after=None
[2024-04-26T23:18:24.722+0000] {processor.py:183} INFO - Processing /home/airflow/.local/lib/python3.12/site-packages/airflow/example_dags/example_dag_decorator.py took 0.209 seconds
[2024-04-26T23:18:55.681+0000] {processor.py:161} INFO - Started process (PID=178) to work on /home/airflow/.local/lib/python3.12/site-packages/airflow/example_dags/example_dag_decorator.py
[2024-04-26T23:18:55.683+0000] {processor.py:830} INFO - Processing file /home/airflow/.local/lib/python3.12/site-packages/airflow/example_dags/example_dag_decorator.py for tasks to queue
[2024-04-26T23:18:55.686+0000] {logging_mixin.py:188} INFO - [2024-04-26T23:18:55.685+0000] {dagbag.py:540} INFO - Filling up the DagBag from /home/airflow/.local/lib/python3.12/site-packages/airflow/example_dags/example_dag_decorator.py
[2024-04-26T23:18:55.814+0000] {processor.py:840} INFO - DAG(s) 'example_dag_decorator' retrieved from /home/airflow/.local/lib/python3.12/site-packages/airflow/example_dags/example_dag_decorator.py
[2024-04-26T23:18:55.930+0000] {logging_mixin.py:188} INFO - [2024-04-26T23:18:55.930+0000] {dag.py:3096} INFO - Sync 1 DAGs
[2024-04-26T23:18:55.942+0000] {logging_mixin.py:188} INFO - [2024-04-26T23:18:55.942+0000] {dag.py:3954} INFO - Setting next_dagrun for example_dag_decorator to None, run_after=None
[2024-04-26T23:18:55.964+0000] {processor.py:183} INFO - Processing /home/airflow/.local/lib/python3.12/site-packages/airflow/example_dags/example_dag_decorator.py took 0.290 seconds
[2024-04-26T23:19:42.844+0000] {processor.py:161} INFO - Started process (PID=60) to work on /home/airflow/.local/lib/python3.12/site-packages/airflow/example_dags/example_dag_decorator.py
[2024-04-26T23:19:42.846+0000] {processor.py:830} INFO - Processing file /home/airflow/.local/lib/python3.12/site-packages/airflow/example_dags/example_dag_decorator.py for tasks to queue
[2024-04-26T23:19:42.848+0000] {logging_mixin.py:188} INFO - [2024-04-26T23:19:42.848+0000] {dagbag.py:540} INFO - Filling up the DagBag from /home/airflow/.local/lib/python3.12/site-packages/airflow/example_dags/example_dag_decorator.py
[2024-04-26T23:19:42.934+0000] {processor.py:840} INFO - DAG(s) 'example_dag_decorator' retrieved from /home/airflow/.local/lib/python3.12/site-packages/airflow/example_dags/example_dag_decorator.py
[2024-04-26T23:19:42.948+0000] {logging_mixin.py:188} INFO - [2024-04-26T23:19:42.948+0000] {dag.py:3096} INFO - Sync 1 DAGs
[2024-04-26T23:19:42.962+0000] {logging_mixin.py:188} INFO - [2024-04-26T23:19:42.962+0000] {dag.py:3954} INFO - Setting next_dagrun for example_dag_decorator to None, run_after=None
[2024-04-26T23:19:42.987+0000] {processor.py:183} INFO - Processing /home/airflow/.local/lib/python3.12/site-packages/airflow/example_dags/example_dag_decorator.py took 0.148 seconds
[2024-04-26T23:20:13.943+0000] {processor.py:161} INFO - Started process (PID=119) to work on /home/airflow/.local/lib/python3.12/site-packages/airflow/example_dags/example_dag_decorator.py
[2024-04-26T23:20:13.944+0000] {processor.py:830} INFO - Processing file /home/airflow/.local/lib/python3.12/site-packages/airflow/example_dags/example_dag_decorator.py for tasks to queue
[2024-04-26T23:20:13.946+0000] {logging_mixin.py:188} INFO - [2024-04-26T23:20:13.946+0000] {dagbag.py:540} INFO - Filling up the DagBag from /home/airflow/.local/lib/python3.12/site-packages/airflow/example_dags/example_dag_decorator.py
[2024-04-26T23:20:14.021+0000] {processor.py:840} INFO - DAG(s) 'example_dag_decorator' retrieved from /home/airflow/.local/lib/python3.12/site-packages/airflow/example_dags/example_dag_decorator.py
[2024-04-26T23:20:14.101+0000] {logging_mixin.py:188} INFO - [2024-04-26T23:20:14.101+0000] {dag.py:3096} INFO - Sync 1 DAGs
[2024-04-26T23:20:14.111+0000] {logging_mixin.py:188} INFO - [2024-04-26T23:20:14.111+0000] {dag.py:3954} INFO - Setting next_dagrun for example_dag_decorator to None, run_after=None
[2024-04-26T23:20:14.134+0000] {processor.py:183} INFO - Processing /home/airflow/.local/lib/python3.12/site-packages/airflow/example_dags/example_dag_decorator.py took 0.195 seconds
[2024-04-26T23:20:44.567+0000] {processor.py:161} INFO - Started process (PID=178) to work on /home/airflow/.local/lib/python3.12/site-packages/airflow/example_dags/example_dag_decorator.py
[2024-04-26T23:20:44.568+0000] {processor.py:830} INFO - Processing file /home/airflow/.local/lib/python3.12/site-packages/airflow/example_dags/example_dag_decorator.py for tasks to queue
[2024-04-26T23:20:44.570+0000] {logging_mixin.py:188} INFO - [2024-04-26T23:20:44.569+0000] {dagbag.py:540} INFO - Filling up the DagBag from /home/airflow/.local/lib/python3.12/site-packages/airflow/example_dags/example_dag_decorator.py
[2024-04-26T23:20:44.648+0000] {processor.py:840} INFO - DAG(s) 'example_dag_decorator' retrieved from /home/airflow/.local/lib/python3.12/site-packages/airflow/example_dags/example_dag_decorator.py
[2024-04-26T23:20:44.732+0000] {logging_mixin.py:188} INFO - [2024-04-26T23:20:44.732+0000] {dag.py:3096} INFO - Sync 1 DAGs
[2024-04-26T23:20:44.741+0000] {logging_mixin.py:188} INFO - [2024-04-26T23:20:44.740+0000] {dag.py:3954} INFO - Setting next_dagrun for example_dag_decorator to None, run_after=None
[2024-04-26T23:20:44.759+0000] {processor.py:183} INFO - Processing /home/airflow/.local/lib/python3.12/site-packages/airflow/example_dags/example_dag_decorator.py took 0.197 seconds
[2024-04-26T23:21:14.793+0000] {processor.py:161} INFO - Started process (PID=237) to work on /home/airflow/.local/lib/python3.12/site-packages/airflow/example_dags/example_dag_decorator.py
[2024-04-26T23:21:14.793+0000] {processor.py:830} INFO - Processing file /home/airflow/.local/lib/python3.12/site-packages/airflow/example_dags/example_dag_decorator.py for tasks to queue
[2024-04-26T23:21:14.796+0000] {logging_mixin.py:188} INFO - [2024-04-26T23:21:14.795+0000] {dagbag.py:540} INFO - Filling up the DagBag from /home/airflow/.local/lib/python3.12/site-packages/airflow/example_dags/example_dag_decorator.py
[2024-04-26T23:21:14.884+0000] {processor.py:840} INFO - DAG(s) 'example_dag_decorator' retrieved from /home/airflow/.local/lib/python3.12/site-packages/airflow/example_dags/example_dag_decorator.py
[2024-04-26T23:21:15.104+0000] {logging_mixin.py:188} INFO - [2024-04-26T23:21:15.104+0000] {dag.py:3096} INFO - Sync 1 DAGs
[2024-04-26T23:21:15.113+0000] {logging_mixin.py:188} INFO - [2024-04-26T23:21:15.113+0000] {dag.py:3954} INFO - Setting next_dagrun for example_dag_decorator to None, run_after=None
[2024-04-26T23:21:15.129+0000] {processor.py:183} INFO - Processing /home/airflow/.local/lib/python3.12/site-packages/airflow/example_dags/example_dag_decorator.py took 0.342 seconds
[2024-04-26T23:21:45.494+0000] {processor.py:161} INFO - Started process (PID=298) to work on /home/airflow/.local/lib/python3.12/site-packages/airflow/example_dags/example_dag_decorator.py
[2024-04-26T23:21:45.495+0000] {processor.py:830} INFO - Processing file /home/airflow/.local/lib/python3.12/site-packages/airflow/example_dags/example_dag_decorator.py for tasks to queue
[2024-04-26T23:21:45.497+0000] {logging_mixin.py:188} INFO - [2024-04-26T23:21:45.497+0000] {dagbag.py:540} INFO - Filling up the DagBag from /home/airflow/.local/lib/python3.12/site-packages/airflow/example_dags/example_dag_decorator.py
[2024-04-26T23:21:45.605+0000] {processor.py:840} INFO - DAG(s) 'example_dag_decorator' retrieved from /home/airflow/.local/lib/python3.12/site-packages/airflow/example_dags/example_dag_decorator.py
[2024-04-26T23:21:45.922+0000] {logging_mixin.py:188} INFO - [2024-04-26T23:21:45.922+0000] {dag.py:3096} INFO - Sync 1 DAGs
[2024-04-26T23:21:45.932+0000] {logging_mixin.py:188} INFO - [2024-04-26T23:21:45.932+0000] {dag.py:3954} INFO - Setting next_dagrun for example_dag_decorator to None, run_after=None
[2024-04-26T23:21:45.952+0000] {processor.py:183} INFO - Processing /home/airflow/.local/lib/python3.12/site-packages/airflow/example_dags/example_dag_decorator.py took 0.464 seconds
