[2024-04-26T22:58:36.376+0000] {processor.py:161} INFO - Started process (PID=83) to work on /home/airflow/.local/lib/python3.12/site-packages/airflow/example_dags/example_skip_dag.py
[2024-04-26T22:58:36.378+0000] {processor.py:830} INFO - Processing file /home/airflow/.local/lib/python3.12/site-packages/airflow/example_dags/example_skip_dag.py for tasks to queue
[2024-04-26T22:58:36.380+0000] {logging_mixin.py:188} INFO - [2024-04-26T22:58:36.380+0000] {dagbag.py:540} INFO - Filling up the DagBag from /home/airflow/.local/lib/python3.12/site-packages/airflow/example_dags/example_skip_dag.py
[2024-04-26T22:58:36.390+0000] {processor.py:840} INFO - DAG(s) 'example_skip_dag' retrieved from /home/airflow/.local/lib/python3.12/site-packages/airflow/example_dags/example_skip_dag.py
[2024-04-26T22:58:36.511+0000] {logging_mixin.py:188} INFO - [2024-04-26T22:58:36.510+0000] {dag.py:3096} INFO - Sync 1 DAGs
[2024-04-26T22:58:36.538+0000] {logging_mixin.py:188} INFO - [2024-04-26T22:58:36.538+0000] {dag.py:3954} INFO - Setting next_dagrun for example_skip_dag to 2024-04-25 00:00:00+00:00, run_after=2024-04-26 00:00:00+00:00
[2024-04-26T22:58:36.571+0000] {processor.py:183} INFO - Processing /home/airflow/.local/lib/python3.12/site-packages/airflow/example_dags/example_skip_dag.py took 0.202 seconds
[2024-04-26T22:59:06.915+0000] {processor.py:161} INFO - Started process (PID=142) to work on /home/airflow/.local/lib/python3.12/site-packages/airflow/example_dags/example_skip_dag.py
[2024-04-26T22:59:06.916+0000] {processor.py:830} INFO - Processing file /home/airflow/.local/lib/python3.12/site-packages/airflow/example_dags/example_skip_dag.py for tasks to queue
[2024-04-26T22:59:06.918+0000] {logging_mixin.py:188} INFO - [2024-04-26T22:59:06.918+0000] {dagbag.py:540} INFO - Filling up the DagBag from /home/airflow/.local/lib/python3.12/site-packages/airflow/example_dags/example_skip_dag.py
[2024-04-26T22:59:06.923+0000] {processor.py:840} INFO - DAG(s) 'example_skip_dag' retrieved from /home/airflow/.local/lib/python3.12/site-packages/airflow/example_dags/example_skip_dag.py
[2024-04-26T22:59:06.943+0000] {logging_mixin.py:188} INFO - [2024-04-26T22:59:06.943+0000] {dag.py:3096} INFO - Sync 1 DAGs
[2024-04-26T22:59:06.962+0000] {logging_mixin.py:188} INFO - [2024-04-26T22:59:06.962+0000] {dag.py:3954} INFO - Setting next_dagrun for example_skip_dag to 2024-04-25 00:00:00+00:00, run_after=2024-04-26 00:00:00+00:00
[2024-04-26T22:59:06.985+0000] {processor.py:183} INFO - Processing /home/airflow/.local/lib/python3.12/site-packages/airflow/example_dags/example_skip_dag.py took 0.075 seconds
[2024-04-26T22:59:37.223+0000] {processor.py:161} INFO - Started process (PID=201) to work on /home/airflow/.local/lib/python3.12/site-packages/airflow/example_dags/example_skip_dag.py
[2024-04-26T22:59:37.224+0000] {processor.py:830} INFO - Processing file /home/airflow/.local/lib/python3.12/site-packages/airflow/example_dags/example_skip_dag.py for tasks to queue
[2024-04-26T22:59:37.226+0000] {logging_mixin.py:188} INFO - [2024-04-26T22:59:37.226+0000] {dagbag.py:540} INFO - Filling up the DagBag from /home/airflow/.local/lib/python3.12/site-packages/airflow/example_dags/example_skip_dag.py
[2024-04-26T22:59:37.232+0000] {processor.py:840} INFO - DAG(s) 'example_skip_dag' retrieved from /home/airflow/.local/lib/python3.12/site-packages/airflow/example_dags/example_skip_dag.py
[2024-04-26T22:59:37.250+0000] {logging_mixin.py:188} INFO - [2024-04-26T22:59:37.249+0000] {dag.py:3096} INFO - Sync 1 DAGs
[2024-04-26T22:59:37.268+0000] {logging_mixin.py:188} INFO - [2024-04-26T22:59:37.268+0000] {dag.py:3954} INFO - Setting next_dagrun for example_skip_dag to 2024-04-25 00:00:00+00:00, run_after=2024-04-26 00:00:00+00:00
[2024-04-26T22:59:37.284+0000] {processor.py:183} INFO - Processing /home/airflow/.local/lib/python3.12/site-packages/airflow/example_dags/example_skip_dag.py took 0.066 seconds
[2024-04-26T23:00:08.172+0000] {processor.py:161} INFO - Started process (PID=260) to work on /home/airflow/.local/lib/python3.12/site-packages/airflow/example_dags/example_skip_dag.py
[2024-04-26T23:00:08.173+0000] {processor.py:830} INFO - Processing file /home/airflow/.local/lib/python3.12/site-packages/airflow/example_dags/example_skip_dag.py for tasks to queue
[2024-04-26T23:00:08.175+0000] {logging_mixin.py:188} INFO - [2024-04-26T23:00:08.175+0000] {dagbag.py:540} INFO - Filling up the DagBag from /home/airflow/.local/lib/python3.12/site-packages/airflow/example_dags/example_skip_dag.py
[2024-04-26T23:00:08.181+0000] {processor.py:840} INFO - DAG(s) 'example_skip_dag' retrieved from /home/airflow/.local/lib/python3.12/site-packages/airflow/example_dags/example_skip_dag.py
[2024-04-26T23:00:08.203+0000] {logging_mixin.py:188} INFO - [2024-04-26T23:00:08.203+0000] {dag.py:3096} INFO - Sync 1 DAGs
[2024-04-26T23:00:08.227+0000] {logging_mixin.py:188} INFO - [2024-04-26T23:00:08.227+0000] {dag.py:3954} INFO - Setting next_dagrun for example_skip_dag to 2024-04-25 00:00:00+00:00, run_after=2024-04-26 00:00:00+00:00
[2024-04-26T23:00:08.248+0000] {processor.py:183} INFO - Processing /home/airflow/.local/lib/python3.12/site-packages/airflow/example_dags/example_skip_dag.py took 0.082 seconds
[2024-04-26T23:00:38.344+0000] {processor.py:161} INFO - Started process (PID=319) to work on /home/airflow/.local/lib/python3.12/site-packages/airflow/example_dags/example_skip_dag.py
[2024-04-26T23:00:38.346+0000] {processor.py:830} INFO - Processing file /home/airflow/.local/lib/python3.12/site-packages/airflow/example_dags/example_skip_dag.py for tasks to queue
[2024-04-26T23:00:38.348+0000] {logging_mixin.py:188} INFO - [2024-04-26T23:00:38.347+0000] {dagbag.py:540} INFO - Filling up the DagBag from /home/airflow/.local/lib/python3.12/site-packages/airflow/example_dags/example_skip_dag.py
[2024-04-26T23:00:38.354+0000] {processor.py:840} INFO - DAG(s) 'example_skip_dag' retrieved from /home/airflow/.local/lib/python3.12/site-packages/airflow/example_dags/example_skip_dag.py
[2024-04-26T23:00:38.375+0000] {logging_mixin.py:188} INFO - [2024-04-26T23:00:38.374+0000] {dag.py:3096} INFO - Sync 1 DAGs
[2024-04-26T23:00:38.395+0000] {logging_mixin.py:188} INFO - [2024-04-26T23:00:38.395+0000] {dag.py:3954} INFO - Setting next_dagrun for example_skip_dag to 2024-04-25 00:00:00+00:00, run_after=2024-04-26 00:00:00+00:00
[2024-04-26T23:00:38.416+0000] {processor.py:183} INFO - Processing /home/airflow/.local/lib/python3.12/site-packages/airflow/example_dags/example_skip_dag.py took 0.077 seconds
[2024-04-26T23:01:08.902+0000] {processor.py:161} INFO - Started process (PID=378) to work on /home/airflow/.local/lib/python3.12/site-packages/airflow/example_dags/example_skip_dag.py
[2024-04-26T23:01:08.904+0000] {processor.py:830} INFO - Processing file /home/airflow/.local/lib/python3.12/site-packages/airflow/example_dags/example_skip_dag.py for tasks to queue
[2024-04-26T23:01:08.906+0000] {logging_mixin.py:188} INFO - [2024-04-26T23:01:08.906+0000] {dagbag.py:540} INFO - Filling up the DagBag from /home/airflow/.local/lib/python3.12/site-packages/airflow/example_dags/example_skip_dag.py
[2024-04-26T23:01:08.913+0000] {processor.py:840} INFO - DAG(s) 'example_skip_dag' retrieved from /home/airflow/.local/lib/python3.12/site-packages/airflow/example_dags/example_skip_dag.py
[2024-04-26T23:01:08.935+0000] {logging_mixin.py:188} INFO - [2024-04-26T23:01:08.935+0000] {dag.py:3096} INFO - Sync 1 DAGs
[2024-04-26T23:01:08.958+0000] {logging_mixin.py:188} INFO - [2024-04-26T23:01:08.958+0000] {dag.py:3954} INFO - Setting next_dagrun for example_skip_dag to 2024-04-25 00:00:00+00:00, run_after=2024-04-26 00:00:00+00:00
[2024-04-26T23:01:08.984+0000] {processor.py:183} INFO - Processing /home/airflow/.local/lib/python3.12/site-packages/airflow/example_dags/example_skip_dag.py took 0.089 seconds
[2024-04-26T23:01:39.313+0000] {processor.py:161} INFO - Started process (PID=437) to work on /home/airflow/.local/lib/python3.12/site-packages/airflow/example_dags/example_skip_dag.py
[2024-04-26T23:01:39.314+0000] {processor.py:830} INFO - Processing file /home/airflow/.local/lib/python3.12/site-packages/airflow/example_dags/example_skip_dag.py for tasks to queue
[2024-04-26T23:01:39.316+0000] {logging_mixin.py:188} INFO - [2024-04-26T23:01:39.316+0000] {dagbag.py:540} INFO - Filling up the DagBag from /home/airflow/.local/lib/python3.12/site-packages/airflow/example_dags/example_skip_dag.py
[2024-04-26T23:01:39.321+0000] {processor.py:840} INFO - DAG(s) 'example_skip_dag' retrieved from /home/airflow/.local/lib/python3.12/site-packages/airflow/example_dags/example_skip_dag.py
[2024-04-26T23:01:39.340+0000] {logging_mixin.py:188} INFO - [2024-04-26T23:01:39.339+0000] {dag.py:3096} INFO - Sync 1 DAGs
[2024-04-26T23:01:39.359+0000] {logging_mixin.py:188} INFO - [2024-04-26T23:01:39.359+0000] {dag.py:3954} INFO - Setting next_dagrun for example_skip_dag to 2024-04-25 00:00:00+00:00, run_after=2024-04-26 00:00:00+00:00
[2024-04-26T23:01:39.380+0000] {processor.py:183} INFO - Processing /home/airflow/.local/lib/python3.12/site-packages/airflow/example_dags/example_skip_dag.py took 0.072 seconds
[2024-04-26T23:02:09.567+0000] {processor.py:161} INFO - Started process (PID=496) to work on /home/airflow/.local/lib/python3.12/site-packages/airflow/example_dags/example_skip_dag.py
[2024-04-26T23:02:09.568+0000] {processor.py:830} INFO - Processing file /home/airflow/.local/lib/python3.12/site-packages/airflow/example_dags/example_skip_dag.py for tasks to queue
[2024-04-26T23:02:09.570+0000] {logging_mixin.py:188} INFO - [2024-04-26T23:02:09.570+0000] {dagbag.py:540} INFO - Filling up the DagBag from /home/airflow/.local/lib/python3.12/site-packages/airflow/example_dags/example_skip_dag.py
[2024-04-26T23:02:09.575+0000] {processor.py:840} INFO - DAG(s) 'example_skip_dag' retrieved from /home/airflow/.local/lib/python3.12/site-packages/airflow/example_dags/example_skip_dag.py
[2024-04-26T23:02:09.593+0000] {logging_mixin.py:188} INFO - [2024-04-26T23:02:09.593+0000] {dag.py:3096} INFO - Sync 1 DAGs
[2024-04-26T23:02:09.611+0000] {logging_mixin.py:188} INFO - [2024-04-26T23:02:09.611+0000] {dag.py:3954} INFO - Setting next_dagrun for example_skip_dag to 2024-04-25 00:00:00+00:00, run_after=2024-04-26 00:00:00+00:00
[2024-04-26T23:02:09.631+0000] {processor.py:183} INFO - Processing /home/airflow/.local/lib/python3.12/site-packages/airflow/example_dags/example_skip_dag.py took 0.069 seconds
[2024-04-26T23:02:40.218+0000] {processor.py:161} INFO - Started process (PID=555) to work on /home/airflow/.local/lib/python3.12/site-packages/airflow/example_dags/example_skip_dag.py
[2024-04-26T23:02:40.219+0000] {processor.py:830} INFO - Processing file /home/airflow/.local/lib/python3.12/site-packages/airflow/example_dags/example_skip_dag.py for tasks to queue
[2024-04-26T23:02:40.220+0000] {logging_mixin.py:188} INFO - [2024-04-26T23:02:40.220+0000] {dagbag.py:540} INFO - Filling up the DagBag from /home/airflow/.local/lib/python3.12/site-packages/airflow/example_dags/example_skip_dag.py
[2024-04-26T23:02:40.226+0000] {processor.py:840} INFO - DAG(s) 'example_skip_dag' retrieved from /home/airflow/.local/lib/python3.12/site-packages/airflow/example_dags/example_skip_dag.py
[2024-04-26T23:02:40.245+0000] {logging_mixin.py:188} INFO - [2024-04-26T23:02:40.245+0000] {dag.py:3096} INFO - Sync 1 DAGs
[2024-04-26T23:02:40.263+0000] {logging_mixin.py:188} INFO - [2024-04-26T23:02:40.263+0000] {dag.py:3954} INFO - Setting next_dagrun for example_skip_dag to 2024-04-25 00:00:00+00:00, run_after=2024-04-26 00:00:00+00:00
[2024-04-26T23:02:40.280+0000] {processor.py:183} INFO - Processing /home/airflow/.local/lib/python3.12/site-packages/airflow/example_dags/example_skip_dag.py took 0.068 seconds
[2024-04-26T23:03:10.413+0000] {processor.py:161} INFO - Started process (PID=614) to work on /home/airflow/.local/lib/python3.12/site-packages/airflow/example_dags/example_skip_dag.py
[2024-04-26T23:03:10.414+0000] {processor.py:830} INFO - Processing file /home/airflow/.local/lib/python3.12/site-packages/airflow/example_dags/example_skip_dag.py for tasks to queue
[2024-04-26T23:03:10.416+0000] {logging_mixin.py:188} INFO - [2024-04-26T23:03:10.416+0000] {dagbag.py:540} INFO - Filling up the DagBag from /home/airflow/.local/lib/python3.12/site-packages/airflow/example_dags/example_skip_dag.py
[2024-04-26T23:03:10.423+0000] {processor.py:840} INFO - DAG(s) 'example_skip_dag' retrieved from /home/airflow/.local/lib/python3.12/site-packages/airflow/example_dags/example_skip_dag.py
[2024-04-26T23:03:10.442+0000] {logging_mixin.py:188} INFO - [2024-04-26T23:03:10.442+0000] {dag.py:3096} INFO - Sync 1 DAGs
[2024-04-26T23:03:10.462+0000] {logging_mixin.py:188} INFO - [2024-04-26T23:03:10.462+0000] {dag.py:3954} INFO - Setting next_dagrun for example_skip_dag to 2024-04-25 00:00:00+00:00, run_after=2024-04-26 00:00:00+00:00
[2024-04-26T23:03:10.483+0000] {processor.py:183} INFO - Processing /home/airflow/.local/lib/python3.12/site-packages/airflow/example_dags/example_skip_dag.py took 0.075 seconds
[2024-04-26T23:03:40.757+0000] {processor.py:161} INFO - Started process (PID=673) to work on /home/airflow/.local/lib/python3.12/site-packages/airflow/example_dags/example_skip_dag.py
[2024-04-26T23:03:40.759+0000] {processor.py:830} INFO - Processing file /home/airflow/.local/lib/python3.12/site-packages/airflow/example_dags/example_skip_dag.py for tasks to queue
[2024-04-26T23:03:40.761+0000] {logging_mixin.py:188} INFO - [2024-04-26T23:03:40.760+0000] {dagbag.py:540} INFO - Filling up the DagBag from /home/airflow/.local/lib/python3.12/site-packages/airflow/example_dags/example_skip_dag.py
[2024-04-26T23:03:40.767+0000] {processor.py:840} INFO - DAG(s) 'example_skip_dag' retrieved from /home/airflow/.local/lib/python3.12/site-packages/airflow/example_dags/example_skip_dag.py
[2024-04-26T23:03:40.789+0000] {logging_mixin.py:188} INFO - [2024-04-26T23:03:40.789+0000] {dag.py:3096} INFO - Sync 1 DAGs
[2024-04-26T23:03:40.811+0000] {logging_mixin.py:188} INFO - [2024-04-26T23:03:40.811+0000] {dag.py:3954} INFO - Setting next_dagrun for example_skip_dag to 2024-04-25 00:00:00+00:00, run_after=2024-04-26 00:00:00+00:00
[2024-04-26T23:03:40.836+0000] {processor.py:183} INFO - Processing /home/airflow/.local/lib/python3.12/site-packages/airflow/example_dags/example_skip_dag.py took 0.085 seconds
[2024-04-26T23:04:10.995+0000] {processor.py:161} INFO - Started process (PID=732) to work on /home/airflow/.local/lib/python3.12/site-packages/airflow/example_dags/example_skip_dag.py
[2024-04-26T23:04:10.997+0000] {processor.py:830} INFO - Processing file /home/airflow/.local/lib/python3.12/site-packages/airflow/example_dags/example_skip_dag.py for tasks to queue
[2024-04-26T23:04:10.998+0000] {logging_mixin.py:188} INFO - [2024-04-26T23:04:10.998+0000] {dagbag.py:540} INFO - Filling up the DagBag from /home/airflow/.local/lib/python3.12/site-packages/airflow/example_dags/example_skip_dag.py
[2024-04-26T23:04:11.005+0000] {processor.py:840} INFO - DAG(s) 'example_skip_dag' retrieved from /home/airflow/.local/lib/python3.12/site-packages/airflow/example_dags/example_skip_dag.py
[2024-04-26T23:04:11.026+0000] {logging_mixin.py:188} INFO - [2024-04-26T23:04:11.025+0000] {dag.py:3096} INFO - Sync 1 DAGs
[2024-04-26T23:04:11.048+0000] {logging_mixin.py:188} INFO - [2024-04-26T23:04:11.048+0000] {dag.py:3954} INFO - Setting next_dagrun for example_skip_dag to 2024-04-25 00:00:00+00:00, run_after=2024-04-26 00:00:00+00:00
[2024-04-26T23:04:11.067+0000] {processor.py:183} INFO - Processing /home/airflow/.local/lib/python3.12/site-packages/airflow/example_dags/example_skip_dag.py took 0.077 seconds
[2024-04-26T23:04:42.060+0000] {processor.py:161} INFO - Started process (PID=791) to work on /home/airflow/.local/lib/python3.12/site-packages/airflow/example_dags/example_skip_dag.py
[2024-04-26T23:04:42.061+0000] {processor.py:830} INFO - Processing file /home/airflow/.local/lib/python3.12/site-packages/airflow/example_dags/example_skip_dag.py for tasks to queue
[2024-04-26T23:04:42.063+0000] {logging_mixin.py:188} INFO - [2024-04-26T23:04:42.063+0000] {dagbag.py:540} INFO - Filling up the DagBag from /home/airflow/.local/lib/python3.12/site-packages/airflow/example_dags/example_skip_dag.py
[2024-04-26T23:04:42.069+0000] {processor.py:840} INFO - DAG(s) 'example_skip_dag' retrieved from /home/airflow/.local/lib/python3.12/site-packages/airflow/example_dags/example_skip_dag.py
[2024-04-26T23:04:42.089+0000] {logging_mixin.py:188} INFO - [2024-04-26T23:04:42.089+0000] {dag.py:3096} INFO - Sync 1 DAGs
[2024-04-26T23:04:42.109+0000] {logging_mixin.py:188} INFO - [2024-04-26T23:04:42.109+0000] {dag.py:3954} INFO - Setting next_dagrun for example_skip_dag to 2024-04-25 00:00:00+00:00, run_after=2024-04-26 00:00:00+00:00
[2024-04-26T23:04:42.131+0000] {processor.py:183} INFO - Processing /home/airflow/.local/lib/python3.12/site-packages/airflow/example_dags/example_skip_dag.py took 0.076 seconds
[2024-04-26T23:05:12.743+0000] {processor.py:161} INFO - Started process (PID=850) to work on /home/airflow/.local/lib/python3.12/site-packages/airflow/example_dags/example_skip_dag.py
[2024-04-26T23:05:12.744+0000] {processor.py:830} INFO - Processing file /home/airflow/.local/lib/python3.12/site-packages/airflow/example_dags/example_skip_dag.py for tasks to queue
[2024-04-26T23:05:12.746+0000] {logging_mixin.py:188} INFO - [2024-04-26T23:05:12.746+0000] {dagbag.py:540} INFO - Filling up the DagBag from /home/airflow/.local/lib/python3.12/site-packages/airflow/example_dags/example_skip_dag.py
[2024-04-26T23:05:12.753+0000] {processor.py:840} INFO - DAG(s) 'example_skip_dag' retrieved from /home/airflow/.local/lib/python3.12/site-packages/airflow/example_dags/example_skip_dag.py
[2024-04-26T23:05:12.775+0000] {logging_mixin.py:188} INFO - [2024-04-26T23:05:12.775+0000] {dag.py:3096} INFO - Sync 1 DAGs
[2024-04-26T23:05:12.797+0000] {logging_mixin.py:188} INFO - [2024-04-26T23:05:12.796+0000] {dag.py:3954} INFO - Setting next_dagrun for example_skip_dag to 2024-04-25 00:00:00+00:00, run_after=2024-04-26 00:00:00+00:00
[2024-04-26T23:05:12.819+0000] {processor.py:183} INFO - Processing /home/airflow/.local/lib/python3.12/site-packages/airflow/example_dags/example_skip_dag.py took 0.083 seconds
[2024-04-26T23:05:43.219+0000] {processor.py:161} INFO - Started process (PID=909) to work on /home/airflow/.local/lib/python3.12/site-packages/airflow/example_dags/example_skip_dag.py
[2024-04-26T23:05:43.220+0000] {processor.py:830} INFO - Processing file /home/airflow/.local/lib/python3.12/site-packages/airflow/example_dags/example_skip_dag.py for tasks to queue
[2024-04-26T23:05:43.222+0000] {logging_mixin.py:188} INFO - [2024-04-26T23:05:43.222+0000] {dagbag.py:540} INFO - Filling up the DagBag from /home/airflow/.local/lib/python3.12/site-packages/airflow/example_dags/example_skip_dag.py
[2024-04-26T23:05:43.228+0000] {processor.py:840} INFO - DAG(s) 'example_skip_dag' retrieved from /home/airflow/.local/lib/python3.12/site-packages/airflow/example_dags/example_skip_dag.py
[2024-04-26T23:05:43.250+0000] {logging_mixin.py:188} INFO - [2024-04-26T23:05:43.250+0000] {dag.py:3096} INFO - Sync 1 DAGs
[2024-04-26T23:05:43.273+0000] {logging_mixin.py:188} INFO - [2024-04-26T23:05:43.273+0000] {dag.py:3954} INFO - Setting next_dagrun for example_skip_dag to 2024-04-25 00:00:00+00:00, run_after=2024-04-26 00:00:00+00:00
[2024-04-26T23:05:43.294+0000] {processor.py:183} INFO - Processing /home/airflow/.local/lib/python3.12/site-packages/airflow/example_dags/example_skip_dag.py took 0.082 seconds
[2024-04-26T23:09:56.924+0000] {processor.py:161} INFO - Started process (PID=77) to work on /home/airflow/.local/lib/python3.12/site-packages/airflow/example_dags/example_skip_dag.py
[2024-04-26T23:09:56.926+0000] {processor.py:830} INFO - Processing file /home/airflow/.local/lib/python3.12/site-packages/airflow/example_dags/example_skip_dag.py for tasks to queue
[2024-04-26T23:09:56.927+0000] {logging_mixin.py:188} INFO - [2024-04-26T23:09:56.927+0000] {dagbag.py:540} INFO - Filling up the DagBag from /home/airflow/.local/lib/python3.12/site-packages/airflow/example_dags/example_skip_dag.py
[2024-04-26T23:09:56.933+0000] {processor.py:840} INFO - DAG(s) 'example_skip_dag' retrieved from /home/airflow/.local/lib/python3.12/site-packages/airflow/example_dags/example_skip_dag.py
[2024-04-26T23:09:56.944+0000] {logging_mixin.py:188} INFO - [2024-04-26T23:09:56.943+0000] {dag.py:3096} INFO - Sync 1 DAGs
[2024-04-26T23:09:56.965+0000] {logging_mixin.py:188} INFO - [2024-04-26T23:09:56.965+0000] {dag.py:3954} INFO - Setting next_dagrun for example_skip_dag to 2024-04-25 00:00:00+00:00, run_after=2024-04-26 00:00:00+00:00
[2024-04-26T23:09:56.983+0000] {processor.py:183} INFO - Processing /home/airflow/.local/lib/python3.12/site-packages/airflow/example_dags/example_skip_dag.py took 0.064 seconds
[2024-04-26T23:10:28.269+0000] {processor.py:161} INFO - Started process (PID=136) to work on /home/airflow/.local/lib/python3.12/site-packages/airflow/example_dags/example_skip_dag.py
[2024-04-26T23:10:28.270+0000] {processor.py:830} INFO - Processing file /home/airflow/.local/lib/python3.12/site-packages/airflow/example_dags/example_skip_dag.py for tasks to queue
[2024-04-26T23:10:28.272+0000] {logging_mixin.py:188} INFO - [2024-04-26T23:10:28.272+0000] {dagbag.py:540} INFO - Filling up the DagBag from /home/airflow/.local/lib/python3.12/site-packages/airflow/example_dags/example_skip_dag.py
[2024-04-26T23:10:28.277+0000] {processor.py:840} INFO - DAG(s) 'example_skip_dag' retrieved from /home/airflow/.local/lib/python3.12/site-packages/airflow/example_dags/example_skip_dag.py
[2024-04-26T23:10:28.356+0000] {logging_mixin.py:188} INFO - [2024-04-26T23:10:28.356+0000] {dag.py:3096} INFO - Sync 1 DAGs
[2024-04-26T23:10:28.371+0000] {logging_mixin.py:188} INFO - [2024-04-26T23:10:28.371+0000] {dag.py:3954} INFO - Setting next_dagrun for example_skip_dag to 2024-04-25 00:00:00+00:00, run_after=2024-04-26 00:00:00+00:00
[2024-04-26T23:10:28.388+0000] {processor.py:183} INFO - Processing /home/airflow/.local/lib/python3.12/site-packages/airflow/example_dags/example_skip_dag.py took 0.124 seconds
[2024-04-26T23:10:58.559+0000] {processor.py:161} INFO - Started process (PID=195) to work on /home/airflow/.local/lib/python3.12/site-packages/airflow/example_dags/example_skip_dag.py
[2024-04-26T23:10:58.560+0000] {processor.py:830} INFO - Processing file /home/airflow/.local/lib/python3.12/site-packages/airflow/example_dags/example_skip_dag.py for tasks to queue
[2024-04-26T23:10:58.563+0000] {logging_mixin.py:188} INFO - [2024-04-26T23:10:58.562+0000] {dagbag.py:540} INFO - Filling up the DagBag from /home/airflow/.local/lib/python3.12/site-packages/airflow/example_dags/example_skip_dag.py
[2024-04-26T23:10:58.570+0000] {processor.py:840} INFO - DAG(s) 'example_skip_dag' retrieved from /home/airflow/.local/lib/python3.12/site-packages/airflow/example_dags/example_skip_dag.py
[2024-04-26T23:10:58.596+0000] {logging_mixin.py:188} INFO - [2024-04-26T23:10:58.595+0000] {dag.py:3096} INFO - Sync 1 DAGs
[2024-04-26T23:10:58.624+0000] {logging_mixin.py:188} INFO - [2024-04-26T23:10:58.623+0000] {dag.py:3954} INFO - Setting next_dagrun for example_skip_dag to 2024-04-25 00:00:00+00:00, run_after=2024-04-26 00:00:00+00:00
[2024-04-26T23:10:58.651+0000] {processor.py:183} INFO - Processing /home/airflow/.local/lib/python3.12/site-packages/airflow/example_dags/example_skip_dag.py took 0.100 seconds
[2024-04-26T23:11:29.591+0000] {processor.py:161} INFO - Started process (PID=254) to work on /home/airflow/.local/lib/python3.12/site-packages/airflow/example_dags/example_skip_dag.py
[2024-04-26T23:11:29.592+0000] {processor.py:830} INFO - Processing file /home/airflow/.local/lib/python3.12/site-packages/airflow/example_dags/example_skip_dag.py for tasks to queue
[2024-04-26T23:11:29.594+0000] {logging_mixin.py:188} INFO - [2024-04-26T23:11:29.593+0000] {dagbag.py:540} INFO - Filling up the DagBag from /home/airflow/.local/lib/python3.12/site-packages/airflow/example_dags/example_skip_dag.py
[2024-04-26T23:11:29.602+0000] {processor.py:840} INFO - DAG(s) 'example_skip_dag' retrieved from /home/airflow/.local/lib/python3.12/site-packages/airflow/example_dags/example_skip_dag.py
[2024-04-26T23:11:29.624+0000] {logging_mixin.py:188} INFO - [2024-04-26T23:11:29.624+0000] {dag.py:3096} INFO - Sync 1 DAGs
[2024-04-26T23:11:29.644+0000] {logging_mixin.py:188} INFO - [2024-04-26T23:11:29.644+0000] {dag.py:3954} INFO - Setting next_dagrun for example_skip_dag to 2024-04-25 00:00:00+00:00, run_after=2024-04-26 00:00:00+00:00
[2024-04-26T23:11:29.665+0000] {processor.py:183} INFO - Processing /home/airflow/.local/lib/python3.12/site-packages/airflow/example_dags/example_skip_dag.py took 0.079 seconds
[2024-04-26T23:11:59.888+0000] {processor.py:161} INFO - Started process (PID=313) to work on /home/airflow/.local/lib/python3.12/site-packages/airflow/example_dags/example_skip_dag.py
[2024-04-26T23:11:59.889+0000] {processor.py:830} INFO - Processing file /home/airflow/.local/lib/python3.12/site-packages/airflow/example_dags/example_skip_dag.py for tasks to queue
[2024-04-26T23:11:59.891+0000] {logging_mixin.py:188} INFO - [2024-04-26T23:11:59.891+0000] {dagbag.py:540} INFO - Filling up the DagBag from /home/airflow/.local/lib/python3.12/site-packages/airflow/example_dags/example_skip_dag.py
[2024-04-26T23:11:59.897+0000] {processor.py:840} INFO - DAG(s) 'example_skip_dag' retrieved from /home/airflow/.local/lib/python3.12/site-packages/airflow/example_dags/example_skip_dag.py
[2024-04-26T23:11:59.918+0000] {logging_mixin.py:188} INFO - [2024-04-26T23:11:59.917+0000] {dag.py:3096} INFO - Sync 1 DAGs
[2024-04-26T23:11:59.938+0000] {logging_mixin.py:188} INFO - [2024-04-26T23:11:59.937+0000] {dag.py:3954} INFO - Setting next_dagrun for example_skip_dag to 2024-04-25 00:00:00+00:00, run_after=2024-04-26 00:00:00+00:00
[2024-04-26T23:11:59.958+0000] {processor.py:183} INFO - Processing /home/airflow/.local/lib/python3.12/site-packages/airflow/example_dags/example_skip_dag.py took 0.076 seconds
[2024-04-26T23:12:30.047+0000] {processor.py:161} INFO - Started process (PID=372) to work on /home/airflow/.local/lib/python3.12/site-packages/airflow/example_dags/example_skip_dag.py
[2024-04-26T23:12:30.048+0000] {processor.py:830} INFO - Processing file /home/airflow/.local/lib/python3.12/site-packages/airflow/example_dags/example_skip_dag.py for tasks to queue
[2024-04-26T23:12:30.050+0000] {logging_mixin.py:188} INFO - [2024-04-26T23:12:30.050+0000] {dagbag.py:540} INFO - Filling up the DagBag from /home/airflow/.local/lib/python3.12/site-packages/airflow/example_dags/example_skip_dag.py
[2024-04-26T23:12:30.055+0000] {processor.py:840} INFO - DAG(s) 'example_skip_dag' retrieved from /home/airflow/.local/lib/python3.12/site-packages/airflow/example_dags/example_skip_dag.py
[2024-04-26T23:12:30.076+0000] {logging_mixin.py:188} INFO - [2024-04-26T23:12:30.076+0000] {dag.py:3096} INFO - Sync 1 DAGs
[2024-04-26T23:12:30.095+0000] {logging_mixin.py:188} INFO - [2024-04-26T23:12:30.094+0000] {dag.py:3954} INFO - Setting next_dagrun for example_skip_dag to 2024-04-25 00:00:00+00:00, run_after=2024-04-26 00:00:00+00:00
[2024-04-26T23:12:30.112+0000] {processor.py:183} INFO - Processing /home/airflow/.local/lib/python3.12/site-packages/airflow/example_dags/example_skip_dag.py took 0.070 seconds
[2024-04-26T23:13:00.655+0000] {processor.py:161} INFO - Started process (PID=431) to work on /home/airflow/.local/lib/python3.12/site-packages/airflow/example_dags/example_skip_dag.py
[2024-04-26T23:13:00.656+0000] {processor.py:830} INFO - Processing file /home/airflow/.local/lib/python3.12/site-packages/airflow/example_dags/example_skip_dag.py for tasks to queue
[2024-04-26T23:13:00.658+0000] {logging_mixin.py:188} INFO - [2024-04-26T23:13:00.658+0000] {dagbag.py:540} INFO - Filling up the DagBag from /home/airflow/.local/lib/python3.12/site-packages/airflow/example_dags/example_skip_dag.py
[2024-04-26T23:13:00.665+0000] {processor.py:840} INFO - DAG(s) 'example_skip_dag' retrieved from /home/airflow/.local/lib/python3.12/site-packages/airflow/example_dags/example_skip_dag.py
[2024-04-26T23:13:00.690+0000] {logging_mixin.py:188} INFO - [2024-04-26T23:13:00.690+0000] {dag.py:3096} INFO - Sync 1 DAGs
[2024-04-26T23:13:00.713+0000] {logging_mixin.py:188} INFO - [2024-04-26T23:13:00.713+0000] {dag.py:3954} INFO - Setting next_dagrun for example_skip_dag to 2024-04-25 00:00:00+00:00, run_after=2024-04-26 00:00:00+00:00
[2024-04-26T23:13:00.734+0000] {processor.py:183} INFO - Processing /home/airflow/.local/lib/python3.12/site-packages/airflow/example_dags/example_skip_dag.py took 0.086 seconds
[2024-04-26T23:13:31.732+0000] {processor.py:161} INFO - Started process (PID=490) to work on /home/airflow/.local/lib/python3.12/site-packages/airflow/example_dags/example_skip_dag.py
[2024-04-26T23:13:31.733+0000] {processor.py:830} INFO - Processing file /home/airflow/.local/lib/python3.12/site-packages/airflow/example_dags/example_skip_dag.py for tasks to queue
[2024-04-26T23:13:31.735+0000] {logging_mixin.py:188} INFO - [2024-04-26T23:13:31.735+0000] {dagbag.py:540} INFO - Filling up the DagBag from /home/airflow/.local/lib/python3.12/site-packages/airflow/example_dags/example_skip_dag.py
[2024-04-26T23:13:31.740+0000] {processor.py:840} INFO - DAG(s) 'example_skip_dag' retrieved from /home/airflow/.local/lib/python3.12/site-packages/airflow/example_dags/example_skip_dag.py
[2024-04-26T23:13:31.760+0000] {logging_mixin.py:188} INFO - [2024-04-26T23:13:31.760+0000] {dag.py:3096} INFO - Sync 1 DAGs
[2024-04-26T23:13:31.778+0000] {logging_mixin.py:188} INFO - [2024-04-26T23:13:31.778+0000] {dag.py:3954} INFO - Setting next_dagrun for example_skip_dag to 2024-04-25 00:00:00+00:00, run_after=2024-04-26 00:00:00+00:00
[2024-04-26T23:13:31.796+0000] {processor.py:183} INFO - Processing /home/airflow/.local/lib/python3.12/site-packages/airflow/example_dags/example_skip_dag.py took 0.069 seconds
[2024-04-26T23:17:54.886+0000] {processor.py:161} INFO - Started process (PID=77) to work on /home/airflow/.local/lib/python3.12/site-packages/airflow/example_dags/example_skip_dag.py
[2024-04-26T23:17:54.888+0000] {processor.py:830} INFO - Processing file /home/airflow/.local/lib/python3.12/site-packages/airflow/example_dags/example_skip_dag.py for tasks to queue
[2024-04-26T23:17:54.890+0000] {logging_mixin.py:188} INFO - [2024-04-26T23:17:54.890+0000] {dagbag.py:540} INFO - Filling up the DagBag from /home/airflow/.local/lib/python3.12/site-packages/airflow/example_dags/example_skip_dag.py
[2024-04-26T23:17:54.895+0000] {processor.py:840} INFO - DAG(s) 'example_skip_dag' retrieved from /home/airflow/.local/lib/python3.12/site-packages/airflow/example_dags/example_skip_dag.py
[2024-04-26T23:17:54.908+0000] {logging_mixin.py:188} INFO - [2024-04-26T23:17:54.907+0000] {dag.py:3096} INFO - Sync 1 DAGs
[2024-04-26T23:17:54.931+0000] {logging_mixin.py:188} INFO - [2024-04-26T23:17:54.930+0000] {dag.py:3954} INFO - Setting next_dagrun for example_skip_dag to 2024-04-25 00:00:00+00:00, run_after=2024-04-26 00:00:00+00:00
[2024-04-26T23:17:54.952+0000] {processor.py:183} INFO - Processing /home/airflow/.local/lib/python3.12/site-packages/airflow/example_dags/example_skip_dag.py took 0.070 seconds
[2024-04-26T23:18:26.313+0000] {processor.py:161} INFO - Started process (PID=136) to work on /home/airflow/.local/lib/python3.12/site-packages/airflow/example_dags/example_skip_dag.py
[2024-04-26T23:18:26.314+0000] {processor.py:830} INFO - Processing file /home/airflow/.local/lib/python3.12/site-packages/airflow/example_dags/example_skip_dag.py for tasks to queue
[2024-04-26T23:18:26.317+0000] {logging_mixin.py:188} INFO - [2024-04-26T23:18:26.316+0000] {dagbag.py:540} INFO - Filling up the DagBag from /home/airflow/.local/lib/python3.12/site-packages/airflow/example_dags/example_skip_dag.py
[2024-04-26T23:18:26.323+0000] {processor.py:840} INFO - DAG(s) 'example_skip_dag' retrieved from /home/airflow/.local/lib/python3.12/site-packages/airflow/example_dags/example_skip_dag.py
[2024-04-26T23:18:26.429+0000] {logging_mixin.py:188} INFO - [2024-04-26T23:18:26.429+0000] {dag.py:3096} INFO - Sync 1 DAGs
[2024-04-26T23:18:26.452+0000] {logging_mixin.py:188} INFO - [2024-04-26T23:18:26.452+0000] {dag.py:3954} INFO - Setting next_dagrun for example_skip_dag to 2024-04-25 00:00:00+00:00, run_after=2024-04-26 00:00:00+00:00
[2024-04-26T23:18:26.478+0000] {processor.py:183} INFO - Processing /home/airflow/.local/lib/python3.12/site-packages/airflow/example_dags/example_skip_dag.py took 0.170 seconds
[2024-04-26T23:18:57.022+0000] {processor.py:161} INFO - Started process (PID=195) to work on /home/airflow/.local/lib/python3.12/site-packages/airflow/example_dags/example_skip_dag.py
[2024-04-26T23:18:57.024+0000] {processor.py:830} INFO - Processing file /home/airflow/.local/lib/python3.12/site-packages/airflow/example_dags/example_skip_dag.py for tasks to queue
[2024-04-26T23:18:57.026+0000] {logging_mixin.py:188} INFO - [2024-04-26T23:18:57.025+0000] {dagbag.py:540} INFO - Filling up the DagBag from /home/airflow/.local/lib/python3.12/site-packages/airflow/example_dags/example_skip_dag.py
[2024-04-26T23:18:57.032+0000] {processor.py:840} INFO - DAG(s) 'example_skip_dag' retrieved from /home/airflow/.local/lib/python3.12/site-packages/airflow/example_dags/example_skip_dag.py
[2024-04-26T23:18:57.052+0000] {logging_mixin.py:188} INFO - [2024-04-26T23:18:57.052+0000] {dag.py:3096} INFO - Sync 1 DAGs
[2024-04-26T23:18:57.074+0000] {logging_mixin.py:188} INFO - [2024-04-26T23:18:57.074+0000] {dag.py:3954} INFO - Setting next_dagrun for example_skip_dag to 2024-04-25 00:00:00+00:00, run_after=2024-04-26 00:00:00+00:00
[2024-04-26T23:18:57.095+0000] {processor.py:183} INFO - Processing /home/airflow/.local/lib/python3.12/site-packages/airflow/example_dags/example_skip_dag.py took 0.079 seconds
[2024-04-26T23:19:44.012+0000] {processor.py:161} INFO - Started process (PID=77) to work on /home/airflow/.local/lib/python3.12/site-packages/airflow/example_dags/example_skip_dag.py
[2024-04-26T23:19:44.013+0000] {processor.py:830} INFO - Processing file /home/airflow/.local/lib/python3.12/site-packages/airflow/example_dags/example_skip_dag.py for tasks to queue
[2024-04-26T23:19:44.015+0000] {logging_mixin.py:188} INFO - [2024-04-26T23:19:44.015+0000] {dagbag.py:540} INFO - Filling up the DagBag from /home/airflow/.local/lib/python3.12/site-packages/airflow/example_dags/example_skip_dag.py
[2024-04-26T23:19:44.020+0000] {processor.py:840} INFO - DAG(s) 'example_skip_dag' retrieved from /home/airflow/.local/lib/python3.12/site-packages/airflow/example_dags/example_skip_dag.py
[2024-04-26T23:19:44.033+0000] {logging_mixin.py:188} INFO - [2024-04-26T23:19:44.032+0000] {dag.py:3096} INFO - Sync 1 DAGs
[2024-04-26T23:19:44.053+0000] {logging_mixin.py:188} INFO - [2024-04-26T23:19:44.053+0000] {dag.py:3954} INFO - Setting next_dagrun for example_skip_dag to 2024-04-25 00:00:00+00:00, run_after=2024-04-26 00:00:00+00:00
[2024-04-26T23:19:44.074+0000] {processor.py:183} INFO - Processing /home/airflow/.local/lib/python3.12/site-packages/airflow/example_dags/example_skip_dag.py took 0.068 seconds
[2024-04-26T23:20:15.324+0000] {processor.py:161} INFO - Started process (PID=136) to work on /home/airflow/.local/lib/python3.12/site-packages/airflow/example_dags/example_skip_dag.py
[2024-04-26T23:20:15.325+0000] {processor.py:830} INFO - Processing file /home/airflow/.local/lib/python3.12/site-packages/airflow/example_dags/example_skip_dag.py for tasks to queue
[2024-04-26T23:20:15.327+0000] {logging_mixin.py:188} INFO - [2024-04-26T23:20:15.327+0000] {dagbag.py:540} INFO - Filling up the DagBag from /home/airflow/.local/lib/python3.12/site-packages/airflow/example_dags/example_skip_dag.py
[2024-04-26T23:20:15.334+0000] {processor.py:840} INFO - DAG(s) 'example_skip_dag' retrieved from /home/airflow/.local/lib/python3.12/site-packages/airflow/example_dags/example_skip_dag.py
[2024-04-26T23:20:15.416+0000] {logging_mixin.py:188} INFO - [2024-04-26T23:20:15.416+0000] {dag.py:3096} INFO - Sync 1 DAGs
[2024-04-26T23:20:15.432+0000] {logging_mixin.py:188} INFO - [2024-04-26T23:20:15.431+0000] {dag.py:3954} INFO - Setting next_dagrun for example_skip_dag to 2024-04-25 00:00:00+00:00, run_after=2024-04-26 00:00:00+00:00
[2024-04-26T23:20:15.452+0000] {processor.py:183} INFO - Processing /home/airflow/.local/lib/python3.12/site-packages/airflow/example_dags/example_skip_dag.py took 0.133 seconds
[2024-04-26T23:20:45.672+0000] {processor.py:161} INFO - Started process (PID=195) to work on /home/airflow/.local/lib/python3.12/site-packages/airflow/example_dags/example_skip_dag.py
[2024-04-26T23:20:45.673+0000] {processor.py:830} INFO - Processing file /home/airflow/.local/lib/python3.12/site-packages/airflow/example_dags/example_skip_dag.py for tasks to queue
[2024-04-26T23:20:45.675+0000] {logging_mixin.py:188} INFO - [2024-04-26T23:20:45.674+0000] {dagbag.py:540} INFO - Filling up the DagBag from /home/airflow/.local/lib/python3.12/site-packages/airflow/example_dags/example_skip_dag.py
[2024-04-26T23:20:45.680+0000] {processor.py:840} INFO - DAG(s) 'example_skip_dag' retrieved from /home/airflow/.local/lib/python3.12/site-packages/airflow/example_dags/example_skip_dag.py
[2024-04-26T23:20:45.700+0000] {logging_mixin.py:188} INFO - [2024-04-26T23:20:45.700+0000] {dag.py:3096} INFO - Sync 1 DAGs
[2024-04-26T23:20:45.716+0000] {logging_mixin.py:188} INFO - [2024-04-26T23:20:45.716+0000] {dag.py:3954} INFO - Setting next_dagrun for example_skip_dag to 2024-04-25 00:00:00+00:00, run_after=2024-04-26 00:00:00+00:00
[2024-04-26T23:20:45.734+0000] {processor.py:183} INFO - Processing /home/airflow/.local/lib/python3.12/site-packages/airflow/example_dags/example_skip_dag.py took 0.067 seconds
[2024-04-26T23:21:16.203+0000] {processor.py:161} INFO - Started process (PID=254) to work on /home/airflow/.local/lib/python3.12/site-packages/airflow/example_dags/example_skip_dag.py
[2024-04-26T23:21:16.204+0000] {processor.py:830} INFO - Processing file /home/airflow/.local/lib/python3.12/site-packages/airflow/example_dags/example_skip_dag.py for tasks to queue
[2024-04-26T23:21:16.207+0000] {logging_mixin.py:188} INFO - [2024-04-26T23:21:16.206+0000] {dagbag.py:540} INFO - Filling up the DagBag from /home/airflow/.local/lib/python3.12/site-packages/airflow/example_dags/example_skip_dag.py
[2024-04-26T23:21:16.212+0000] {processor.py:840} INFO - DAG(s) 'example_skip_dag' retrieved from /home/airflow/.local/lib/python3.12/site-packages/airflow/example_dags/example_skip_dag.py
[2024-04-26T23:21:16.233+0000] {logging_mixin.py:188} INFO - [2024-04-26T23:21:16.232+0000] {dag.py:3096} INFO - Sync 1 DAGs
[2024-04-26T23:21:16.253+0000] {logging_mixin.py:188} INFO - [2024-04-26T23:21:16.253+0000] {dag.py:3954} INFO - Setting next_dagrun for example_skip_dag to 2024-04-25 00:00:00+00:00, run_after=2024-04-26 00:00:00+00:00
[2024-04-26T23:21:16.277+0000] {processor.py:183} INFO - Processing /home/airflow/.local/lib/python3.12/site-packages/airflow/example_dags/example_skip_dag.py took 0.080 seconds
