[2024-04-26T22:58:30.582+0000] {processor.py:161} INFO - Started process (PID=68) to work on /home/airflow/.local/lib/python3.12/site-packages/airflow/example_dags/example_python_decorator.py
[2024-04-26T22:58:30.589+0000] {processor.py:830} INFO - Processing file /home/airflow/.local/lib/python3.12/site-packages/airflow/example_dags/example_python_decorator.py for tasks to queue
[2024-04-26T22:58:30.599+0000] {logging_mixin.py:188} INFO - [2024-04-26T22:58:30.597+0000] {dagbag.py:540} INFO - Filling up the DagBag from /home/airflow/.local/lib/python3.12/site-packages/airflow/example_dags/example_python_decorator.py
[2024-04-26T22:58:30.658+0000] {processor.py:840} INFO - DAG(s) 'example_python_decorator' retrieved from /home/airflow/.local/lib/python3.12/site-packages/airflow/example_dags/example_python_decorator.py
[2024-04-26T22:58:30.866+0000] {logging_mixin.py:188} INFO - [2024-04-26T22:58:30.865+0000] {dag.py:3096} INFO - Sync 1 DAGs
[2024-04-26T22:58:30.956+0000] {logging_mixin.py:188} INFO - [2024-04-26T22:58:30.955+0000] {dag.py:3954} INFO - Setting next_dagrun for example_python_decorator to None, run_after=None
[2024-04-26T22:58:31.168+0000] {processor.py:183} INFO - Processing /home/airflow/.local/lib/python3.12/site-packages/airflow/example_dags/example_python_decorator.py took 0.615 seconds
[2024-04-26T22:59:01.900+0000] {processor.py:161} INFO - Started process (PID=127) to work on /home/airflow/.local/lib/python3.12/site-packages/airflow/example_dags/example_python_decorator.py
[2024-04-26T22:59:01.901+0000] {processor.py:830} INFO - Processing file /home/airflow/.local/lib/python3.12/site-packages/airflow/example_dags/example_python_decorator.py for tasks to queue
[2024-04-26T22:59:01.903+0000] {logging_mixin.py:188} INFO - [2024-04-26T22:59:01.903+0000] {dagbag.py:540} INFO - Filling up the DagBag from /home/airflow/.local/lib/python3.12/site-packages/airflow/example_dags/example_python_decorator.py
[2024-04-26T22:59:01.916+0000] {processor.py:840} INFO - DAG(s) 'example_python_decorator' retrieved from /home/airflow/.local/lib/python3.12/site-packages/airflow/example_dags/example_python_decorator.py
[2024-04-26T22:59:01.957+0000] {logging_mixin.py:188} INFO - [2024-04-26T22:59:01.957+0000] {dag.py:3096} INFO - Sync 1 DAGs
[2024-04-26T22:59:01.991+0000] {logging_mixin.py:188} INFO - [2024-04-26T22:59:01.990+0000] {dag.py:3954} INFO - Setting next_dagrun for example_python_decorator to None, run_after=None
[2024-04-26T22:59:02.017+0000] {processor.py:183} INFO - Processing /home/airflow/.local/lib/python3.12/site-packages/airflow/example_dags/example_python_decorator.py took 0.125 seconds
[2024-04-26T22:59:33.068+0000] {processor.py:161} INFO - Started process (PID=186) to work on /home/airflow/.local/lib/python3.12/site-packages/airflow/example_dags/example_python_decorator.py
[2024-04-26T22:59:33.069+0000] {processor.py:830} INFO - Processing file /home/airflow/.local/lib/python3.12/site-packages/airflow/example_dags/example_python_decorator.py for tasks to queue
[2024-04-26T22:59:33.071+0000] {logging_mixin.py:188} INFO - [2024-04-26T22:59:33.070+0000] {dagbag.py:540} INFO - Filling up the DagBag from /home/airflow/.local/lib/python3.12/site-packages/airflow/example_dags/example_python_decorator.py
[2024-04-26T22:59:33.089+0000] {processor.py:840} INFO - DAG(s) 'example_python_decorator' retrieved from /home/airflow/.local/lib/python3.12/site-packages/airflow/example_dags/example_python_decorator.py
[2024-04-26T22:59:33.131+0000] {logging_mixin.py:188} INFO - [2024-04-26T22:59:33.130+0000] {dag.py:3096} INFO - Sync 1 DAGs
[2024-04-26T22:59:33.162+0000] {logging_mixin.py:188} INFO - [2024-04-26T22:59:33.161+0000] {dag.py:3954} INFO - Setting next_dagrun for example_python_decorator to None, run_after=None
[2024-04-26T22:59:33.211+0000] {processor.py:183} INFO - Processing /home/airflow/.local/lib/python3.12/site-packages/airflow/example_dags/example_python_decorator.py took 0.150 seconds
[2024-04-26T23:00:04.172+0000] {processor.py:161} INFO - Started process (PID=245) to work on /home/airflow/.local/lib/python3.12/site-packages/airflow/example_dags/example_python_decorator.py
[2024-04-26T23:00:04.173+0000] {processor.py:830} INFO - Processing file /home/airflow/.local/lib/python3.12/site-packages/airflow/example_dags/example_python_decorator.py for tasks to queue
[2024-04-26T23:00:04.175+0000] {logging_mixin.py:188} INFO - [2024-04-26T23:00:04.174+0000] {dagbag.py:540} INFO - Filling up the DagBag from /home/airflow/.local/lib/python3.12/site-packages/airflow/example_dags/example_python_decorator.py
[2024-04-26T23:00:04.185+0000] {processor.py:840} INFO - DAG(s) 'example_python_decorator' retrieved from /home/airflow/.local/lib/python3.12/site-packages/airflow/example_dags/example_python_decorator.py
[2024-04-26T23:00:04.207+0000] {logging_mixin.py:188} INFO - [2024-04-26T23:00:04.207+0000] {dag.py:3096} INFO - Sync 1 DAGs
[2024-04-26T23:00:04.219+0000] {logging_mixin.py:188} INFO - [2024-04-26T23:00:04.218+0000] {dag.py:3954} INFO - Setting next_dagrun for example_python_decorator to None, run_after=None
[2024-04-26T23:00:04.238+0000] {processor.py:183} INFO - Processing /home/airflow/.local/lib/python3.12/site-packages/airflow/example_dags/example_python_decorator.py took 0.072 seconds
[2024-04-26T23:00:34.370+0000] {processor.py:161} INFO - Started process (PID=304) to work on /home/airflow/.local/lib/python3.12/site-packages/airflow/example_dags/example_python_decorator.py
[2024-04-26T23:00:34.371+0000] {processor.py:830} INFO - Processing file /home/airflow/.local/lib/python3.12/site-packages/airflow/example_dags/example_python_decorator.py for tasks to queue
[2024-04-26T23:00:34.373+0000] {logging_mixin.py:188} INFO - [2024-04-26T23:00:34.373+0000] {dagbag.py:540} INFO - Filling up the DagBag from /home/airflow/.local/lib/python3.12/site-packages/airflow/example_dags/example_python_decorator.py
[2024-04-26T23:00:34.385+0000] {processor.py:840} INFO - DAG(s) 'example_python_decorator' retrieved from /home/airflow/.local/lib/python3.12/site-packages/airflow/example_dags/example_python_decorator.py
[2024-04-26T23:00:34.408+0000] {logging_mixin.py:188} INFO - [2024-04-26T23:00:34.408+0000] {dag.py:3096} INFO - Sync 1 DAGs
[2024-04-26T23:00:34.419+0000] {logging_mixin.py:188} INFO - [2024-04-26T23:00:34.419+0000] {dag.py:3954} INFO - Setting next_dagrun for example_python_decorator to None, run_after=None
[2024-04-26T23:00:34.442+0000] {processor.py:183} INFO - Processing /home/airflow/.local/lib/python3.12/site-packages/airflow/example_dags/example_python_decorator.py took 0.076 seconds
[2024-04-26T23:01:04.605+0000] {processor.py:161} INFO - Started process (PID=363) to work on /home/airflow/.local/lib/python3.12/site-packages/airflow/example_dags/example_python_decorator.py
[2024-04-26T23:01:04.606+0000] {processor.py:830} INFO - Processing file /home/airflow/.local/lib/python3.12/site-packages/airflow/example_dags/example_python_decorator.py for tasks to queue
[2024-04-26T23:01:04.608+0000] {logging_mixin.py:188} INFO - [2024-04-26T23:01:04.608+0000] {dagbag.py:540} INFO - Filling up the DagBag from /home/airflow/.local/lib/python3.12/site-packages/airflow/example_dags/example_python_decorator.py
[2024-04-26T23:01:04.622+0000] {processor.py:840} INFO - DAG(s) 'example_python_decorator' retrieved from /home/airflow/.local/lib/python3.12/site-packages/airflow/example_dags/example_python_decorator.py
[2024-04-26T23:01:04.648+0000] {logging_mixin.py:188} INFO - [2024-04-26T23:01:04.647+0000] {dag.py:3096} INFO - Sync 1 DAGs
[2024-04-26T23:01:04.661+0000] {logging_mixin.py:188} INFO - [2024-04-26T23:01:04.661+0000] {dag.py:3954} INFO - Setting next_dagrun for example_python_decorator to None, run_after=None
[2024-04-26T23:01:04.686+0000] {processor.py:183} INFO - Processing /home/airflow/.local/lib/python3.12/site-packages/airflow/example_dags/example_python_decorator.py took 0.087 seconds
[2024-04-26T23:01:35.395+0000] {processor.py:161} INFO - Started process (PID=422) to work on /home/airflow/.local/lib/python3.12/site-packages/airflow/example_dags/example_python_decorator.py
[2024-04-26T23:01:35.396+0000] {processor.py:830} INFO - Processing file /home/airflow/.local/lib/python3.12/site-packages/airflow/example_dags/example_python_decorator.py for tasks to queue
[2024-04-26T23:01:35.398+0000] {logging_mixin.py:188} INFO - [2024-04-26T23:01:35.398+0000] {dagbag.py:540} INFO - Filling up the DagBag from /home/airflow/.local/lib/python3.12/site-packages/airflow/example_dags/example_python_decorator.py
[2024-04-26T23:01:35.409+0000] {processor.py:840} INFO - DAG(s) 'example_python_decorator' retrieved from /home/airflow/.local/lib/python3.12/site-packages/airflow/example_dags/example_python_decorator.py
[2024-04-26T23:01:35.428+0000] {logging_mixin.py:188} INFO - [2024-04-26T23:01:35.428+0000] {dag.py:3096} INFO - Sync 1 DAGs
[2024-04-26T23:01:35.439+0000] {logging_mixin.py:188} INFO - [2024-04-26T23:01:35.439+0000] {dag.py:3954} INFO - Setting next_dagrun for example_python_decorator to None, run_after=None
[2024-04-26T23:01:35.459+0000] {processor.py:183} INFO - Processing /home/airflow/.local/lib/python3.12/site-packages/airflow/example_dags/example_python_decorator.py took 0.070 seconds
[2024-04-26T23:02:05.786+0000] {processor.py:161} INFO - Started process (PID=481) to work on /home/airflow/.local/lib/python3.12/site-packages/airflow/example_dags/example_python_decorator.py
[2024-04-26T23:02:05.788+0000] {processor.py:830} INFO - Processing file /home/airflow/.local/lib/python3.12/site-packages/airflow/example_dags/example_python_decorator.py for tasks to queue
[2024-04-26T23:02:05.791+0000] {logging_mixin.py:188} INFO - [2024-04-26T23:02:05.791+0000] {dagbag.py:540} INFO - Filling up the DagBag from /home/airflow/.local/lib/python3.12/site-packages/airflow/example_dags/example_python_decorator.py
[2024-04-26T23:02:05.804+0000] {processor.py:840} INFO - DAG(s) 'example_python_decorator' retrieved from /home/airflow/.local/lib/python3.12/site-packages/airflow/example_dags/example_python_decorator.py
[2024-04-26T23:02:05.828+0000] {logging_mixin.py:188} INFO - [2024-04-26T23:02:05.828+0000] {dag.py:3096} INFO - Sync 1 DAGs
[2024-04-26T23:02:05.841+0000] {logging_mixin.py:188} INFO - [2024-04-26T23:02:05.841+0000] {dag.py:3954} INFO - Setting next_dagrun for example_python_decorator to None, run_after=None
[2024-04-26T23:02:05.865+0000] {processor.py:183} INFO - Processing /home/airflow/.local/lib/python3.12/site-packages/airflow/example_dags/example_python_decorator.py took 0.085 seconds
[2024-04-26T23:02:36.318+0000] {processor.py:161} INFO - Started process (PID=540) to work on /home/airflow/.local/lib/python3.12/site-packages/airflow/example_dags/example_python_decorator.py
[2024-04-26T23:02:36.319+0000] {processor.py:830} INFO - Processing file /home/airflow/.local/lib/python3.12/site-packages/airflow/example_dags/example_python_decorator.py for tasks to queue
[2024-04-26T23:02:36.321+0000] {logging_mixin.py:188} INFO - [2024-04-26T23:02:36.320+0000] {dagbag.py:540} INFO - Filling up the DagBag from /home/airflow/.local/lib/python3.12/site-packages/airflow/example_dags/example_python_decorator.py
[2024-04-26T23:02:36.331+0000] {processor.py:840} INFO - DAG(s) 'example_python_decorator' retrieved from /home/airflow/.local/lib/python3.12/site-packages/airflow/example_dags/example_python_decorator.py
[2024-04-26T23:02:36.352+0000] {logging_mixin.py:188} INFO - [2024-04-26T23:02:36.351+0000] {dag.py:3096} INFO - Sync 1 DAGs
[2024-04-26T23:02:36.363+0000] {logging_mixin.py:188} INFO - [2024-04-26T23:02:36.362+0000] {dag.py:3954} INFO - Setting next_dagrun for example_python_decorator to None, run_after=None
[2024-04-26T23:02:36.384+0000] {processor.py:183} INFO - Processing /home/airflow/.local/lib/python3.12/site-packages/airflow/example_dags/example_python_decorator.py took 0.071 seconds
[2024-04-26T23:03:06.441+0000] {processor.py:161} INFO - Started process (PID=598) to work on /home/airflow/.local/lib/python3.12/site-packages/airflow/example_dags/example_python_decorator.py
[2024-04-26T23:03:06.442+0000] {processor.py:830} INFO - Processing file /home/airflow/.local/lib/python3.12/site-packages/airflow/example_dags/example_python_decorator.py for tasks to queue
[2024-04-26T23:03:06.444+0000] {logging_mixin.py:188} INFO - [2024-04-26T23:03:06.444+0000] {dagbag.py:540} INFO - Filling up the DagBag from /home/airflow/.local/lib/python3.12/site-packages/airflow/example_dags/example_python_decorator.py
[2024-04-26T23:03:06.455+0000] {processor.py:840} INFO - DAG(s) 'example_python_decorator' retrieved from /home/airflow/.local/lib/python3.12/site-packages/airflow/example_dags/example_python_decorator.py
[2024-04-26T23:03:06.476+0000] {logging_mixin.py:188} INFO - [2024-04-26T23:03:06.476+0000] {dag.py:3096} INFO - Sync 1 DAGs
[2024-04-26T23:03:06.487+0000] {logging_mixin.py:188} INFO - [2024-04-26T23:03:06.487+0000] {dag.py:3954} INFO - Setting next_dagrun for example_python_decorator to None, run_after=None
[2024-04-26T23:03:06.506+0000] {processor.py:183} INFO - Processing /home/airflow/.local/lib/python3.12/site-packages/airflow/example_dags/example_python_decorator.py took 0.071 seconds
[2024-04-26T23:03:36.723+0000] {processor.py:161} INFO - Started process (PID=657) to work on /home/airflow/.local/lib/python3.12/site-packages/airflow/example_dags/example_python_decorator.py
[2024-04-26T23:03:36.724+0000] {processor.py:830} INFO - Processing file /home/airflow/.local/lib/python3.12/site-packages/airflow/example_dags/example_python_decorator.py for tasks to queue
[2024-04-26T23:03:36.726+0000] {logging_mixin.py:188} INFO - [2024-04-26T23:03:36.725+0000] {dagbag.py:540} INFO - Filling up the DagBag from /home/airflow/.local/lib/python3.12/site-packages/airflow/example_dags/example_python_decorator.py
[2024-04-26T23:03:36.737+0000] {processor.py:840} INFO - DAG(s) 'example_python_decorator' retrieved from /home/airflow/.local/lib/python3.12/site-packages/airflow/example_dags/example_python_decorator.py
[2024-04-26T23:03:36.758+0000] {logging_mixin.py:188} INFO - [2024-04-26T23:03:36.758+0000] {dag.py:3096} INFO - Sync 1 DAGs
[2024-04-26T23:03:36.770+0000] {logging_mixin.py:188} INFO - [2024-04-26T23:03:36.770+0000] {dag.py:3954} INFO - Setting next_dagrun for example_python_decorator to None, run_after=None
[2024-04-26T23:03:36.795+0000] {processor.py:183} INFO - Processing /home/airflow/.local/lib/python3.12/site-packages/airflow/example_dags/example_python_decorator.py took 0.077 seconds
[2024-04-26T23:04:07.002+0000] {processor.py:161} INFO - Started process (PID=716) to work on /home/airflow/.local/lib/python3.12/site-packages/airflow/example_dags/example_python_decorator.py
[2024-04-26T23:04:07.004+0000] {processor.py:830} INFO - Processing file /home/airflow/.local/lib/python3.12/site-packages/airflow/example_dags/example_python_decorator.py for tasks to queue
[2024-04-26T23:04:07.006+0000] {logging_mixin.py:188} INFO - [2024-04-26T23:04:07.005+0000] {dagbag.py:540} INFO - Filling up the DagBag from /home/airflow/.local/lib/python3.12/site-packages/airflow/example_dags/example_python_decorator.py
[2024-04-26T23:04:07.019+0000] {processor.py:840} INFO - DAG(s) 'example_python_decorator' retrieved from /home/airflow/.local/lib/python3.12/site-packages/airflow/example_dags/example_python_decorator.py
[2024-04-26T23:04:07.045+0000] {logging_mixin.py:188} INFO - [2024-04-26T23:04:07.045+0000] {dag.py:3096} INFO - Sync 1 DAGs
[2024-04-26T23:04:07.060+0000] {logging_mixin.py:188} INFO - [2024-04-26T23:04:07.059+0000] {dag.py:3954} INFO - Setting next_dagrun for example_python_decorator to None, run_after=None
[2024-04-26T23:04:07.082+0000] {processor.py:183} INFO - Processing /home/airflow/.local/lib/python3.12/site-packages/airflow/example_dags/example_python_decorator.py took 0.087 seconds
[2024-04-26T23:04:37.351+0000] {processor.py:161} INFO - Started process (PID=775) to work on /home/airflow/.local/lib/python3.12/site-packages/airflow/example_dags/example_python_decorator.py
[2024-04-26T23:04:37.356+0000] {processor.py:830} INFO - Processing file /home/airflow/.local/lib/python3.12/site-packages/airflow/example_dags/example_python_decorator.py for tasks to queue
[2024-04-26T23:04:37.367+0000] {logging_mixin.py:188} INFO - [2024-04-26T23:04:37.365+0000] {dagbag.py:540} INFO - Filling up the DagBag from /home/airflow/.local/lib/python3.12/site-packages/airflow/example_dags/example_python_decorator.py
[2024-04-26T23:04:37.408+0000] {processor.py:840} INFO - DAG(s) 'example_python_decorator' retrieved from /home/airflow/.local/lib/python3.12/site-packages/airflow/example_dags/example_python_decorator.py
[2024-04-26T23:04:37.465+0000] {logging_mixin.py:188} INFO - [2024-04-26T23:04:37.464+0000] {dag.py:3096} INFO - Sync 1 DAGs
[2024-04-26T23:04:37.499+0000] {logging_mixin.py:188} INFO - [2024-04-26T23:04:37.498+0000] {dag.py:3954} INFO - Setting next_dagrun for example_python_decorator to None, run_after=None
[2024-04-26T23:04:37.543+0000] {processor.py:183} INFO - Processing /home/airflow/.local/lib/python3.12/site-packages/airflow/example_dags/example_python_decorator.py took 0.217 seconds
[2024-04-26T23:05:07.602+0000] {processor.py:161} INFO - Started process (PID=833) to work on /home/airflow/.local/lib/python3.12/site-packages/airflow/example_dags/example_python_decorator.py
[2024-04-26T23:05:07.602+0000] {processor.py:830} INFO - Processing file /home/airflow/.local/lib/python3.12/site-packages/airflow/example_dags/example_python_decorator.py for tasks to queue
[2024-04-26T23:05:07.604+0000] {logging_mixin.py:188} INFO - [2024-04-26T23:05:07.604+0000] {dagbag.py:540} INFO - Filling up the DagBag from /home/airflow/.local/lib/python3.12/site-packages/airflow/example_dags/example_python_decorator.py
[2024-04-26T23:05:07.614+0000] {processor.py:840} INFO - DAG(s) 'example_python_decorator' retrieved from /home/airflow/.local/lib/python3.12/site-packages/airflow/example_dags/example_python_decorator.py
[2024-04-26T23:05:07.632+0000] {logging_mixin.py:188} INFO - [2024-04-26T23:05:07.632+0000] {dag.py:3096} INFO - Sync 1 DAGs
[2024-04-26T23:05:07.643+0000] {logging_mixin.py:188} INFO - [2024-04-26T23:05:07.642+0000] {dag.py:3954} INFO - Setting next_dagrun for example_python_decorator to None, run_after=None
[2024-04-26T23:05:07.660+0000] {processor.py:183} INFO - Processing /home/airflow/.local/lib/python3.12/site-packages/airflow/example_dags/example_python_decorator.py took 0.064 seconds
[2024-04-26T23:05:38.081+0000] {processor.py:161} INFO - Started process (PID=893) to work on /home/airflow/.local/lib/python3.12/site-packages/airflow/example_dags/example_python_decorator.py
[2024-04-26T23:05:38.082+0000] {processor.py:830} INFO - Processing file /home/airflow/.local/lib/python3.12/site-packages/airflow/example_dags/example_python_decorator.py for tasks to queue
[2024-04-26T23:05:38.084+0000] {logging_mixin.py:188} INFO - [2024-04-26T23:05:38.083+0000] {dagbag.py:540} INFO - Filling up the DagBag from /home/airflow/.local/lib/python3.12/site-packages/airflow/example_dags/example_python_decorator.py
[2024-04-26T23:05:38.095+0000] {processor.py:840} INFO - DAG(s) 'example_python_decorator' retrieved from /home/airflow/.local/lib/python3.12/site-packages/airflow/example_dags/example_python_decorator.py
[2024-04-26T23:05:38.118+0000] {logging_mixin.py:188} INFO - [2024-04-26T23:05:38.118+0000] {dag.py:3096} INFO - Sync 1 DAGs
[2024-04-26T23:05:38.131+0000] {logging_mixin.py:188} INFO - [2024-04-26T23:05:38.131+0000] {dag.py:3954} INFO - Setting next_dagrun for example_python_decorator to None, run_after=None
[2024-04-26T23:05:38.157+0000] {processor.py:183} INFO - Processing /home/airflow/.local/lib/python3.12/site-packages/airflow/example_dags/example_python_decorator.py took 0.082 seconds
[2024-04-26T23:09:55.925+0000] {processor.py:161} INFO - Started process (PID=62) to work on /home/airflow/.local/lib/python3.12/site-packages/airflow/example_dags/example_python_decorator.py
[2024-04-26T23:09:55.926+0000] {processor.py:830} INFO - Processing file /home/airflow/.local/lib/python3.12/site-packages/airflow/example_dags/example_python_decorator.py for tasks to queue
[2024-04-26T23:09:55.928+0000] {logging_mixin.py:188} INFO - [2024-04-26T23:09:55.928+0000] {dagbag.py:540} INFO - Filling up the DagBag from /home/airflow/.local/lib/python3.12/site-packages/airflow/example_dags/example_python_decorator.py
[2024-04-26T23:09:55.939+0000] {processor.py:840} INFO - DAG(s) 'example_python_decorator' retrieved from /home/airflow/.local/lib/python3.12/site-packages/airflow/example_dags/example_python_decorator.py
[2024-04-26T23:09:55.951+0000] {logging_mixin.py:188} INFO - [2024-04-26T23:09:55.951+0000] {dag.py:3096} INFO - Sync 1 DAGs
[2024-04-26T23:09:55.964+0000] {logging_mixin.py:188} INFO - [2024-04-26T23:09:55.964+0000] {dag.py:3954} INFO - Setting next_dagrun for example_python_decorator to None, run_after=None
[2024-04-26T23:09:55.987+0000] {processor.py:183} INFO - Processing /home/airflow/.local/lib/python3.12/site-packages/airflow/example_dags/example_python_decorator.py took 0.067 seconds
[2024-04-26T23:10:26.819+0000] {processor.py:161} INFO - Started process (PID=121) to work on /home/airflow/.local/lib/python3.12/site-packages/airflow/example_dags/example_python_decorator.py
[2024-04-26T23:10:26.820+0000] {processor.py:830} INFO - Processing file /home/airflow/.local/lib/python3.12/site-packages/airflow/example_dags/example_python_decorator.py for tasks to queue
[2024-04-26T23:10:26.822+0000] {logging_mixin.py:188} INFO - [2024-04-26T23:10:26.821+0000] {dagbag.py:540} INFO - Filling up the DagBag from /home/airflow/.local/lib/python3.12/site-packages/airflow/example_dags/example_python_decorator.py
[2024-04-26T23:10:26.833+0000] {processor.py:840} INFO - DAG(s) 'example_python_decorator' retrieved from /home/airflow/.local/lib/python3.12/site-packages/airflow/example_dags/example_python_decorator.py
[2024-04-26T23:10:26.934+0000] {logging_mixin.py:188} INFO - [2024-04-26T23:10:26.933+0000] {dag.py:3096} INFO - Sync 1 DAGs
[2024-04-26T23:10:26.946+0000] {logging_mixin.py:188} INFO - [2024-04-26T23:10:26.946+0000] {dag.py:3954} INFO - Setting next_dagrun for example_python_decorator to None, run_after=None
[2024-04-26T23:10:26.972+0000] {processor.py:183} INFO - Processing /home/airflow/.local/lib/python3.12/site-packages/airflow/example_dags/example_python_decorator.py took 0.158 seconds
[2024-04-26T23:10:57.653+0000] {processor.py:161} INFO - Started process (PID=180) to work on /home/airflow/.local/lib/python3.12/site-packages/airflow/example_dags/example_python_decorator.py
[2024-04-26T23:10:57.653+0000] {processor.py:830} INFO - Processing file /home/airflow/.local/lib/python3.12/site-packages/airflow/example_dags/example_python_decorator.py for tasks to queue
[2024-04-26T23:10:57.655+0000] {logging_mixin.py:188} INFO - [2024-04-26T23:10:57.655+0000] {dagbag.py:540} INFO - Filling up the DagBag from /home/airflow/.local/lib/python3.12/site-packages/airflow/example_dags/example_python_decorator.py
[2024-04-26T23:10:57.668+0000] {processor.py:840} INFO - DAG(s) 'example_python_decorator' retrieved from /home/airflow/.local/lib/python3.12/site-packages/airflow/example_dags/example_python_decorator.py
[2024-04-26T23:10:57.693+0000] {logging_mixin.py:188} INFO - [2024-04-26T23:10:57.692+0000] {dag.py:3096} INFO - Sync 1 DAGs
[2024-04-26T23:10:57.707+0000] {logging_mixin.py:188} INFO - [2024-04-26T23:10:57.707+0000] {dag.py:3954} INFO - Setting next_dagrun for example_python_decorator to None, run_after=None
[2024-04-26T23:10:57.726+0000] {processor.py:183} INFO - Processing /home/airflow/.local/lib/python3.12/site-packages/airflow/example_dags/example_python_decorator.py took 0.078 seconds
[2024-04-26T23:11:28.664+0000] {processor.py:161} INFO - Started process (PID=239) to work on /home/airflow/.local/lib/python3.12/site-packages/airflow/example_dags/example_python_decorator.py
[2024-04-26T23:11:28.666+0000] {processor.py:830} INFO - Processing file /home/airflow/.local/lib/python3.12/site-packages/airflow/example_dags/example_python_decorator.py for tasks to queue
[2024-04-26T23:11:28.669+0000] {logging_mixin.py:188} INFO - [2024-04-26T23:11:28.668+0000] {dagbag.py:540} INFO - Filling up the DagBag from /home/airflow/.local/lib/python3.12/site-packages/airflow/example_dags/example_python_decorator.py
[2024-04-26T23:11:28.681+0000] {processor.py:840} INFO - DAG(s) 'example_python_decorator' retrieved from /home/airflow/.local/lib/python3.12/site-packages/airflow/example_dags/example_python_decorator.py
[2024-04-26T23:11:28.701+0000] {logging_mixin.py:188} INFO - [2024-04-26T23:11:28.701+0000] {dag.py:3096} INFO - Sync 1 DAGs
[2024-04-26T23:11:28.715+0000] {logging_mixin.py:188} INFO - [2024-04-26T23:11:28.715+0000] {dag.py:3954} INFO - Setting next_dagrun for example_python_decorator to None, run_after=None
[2024-04-26T23:11:28.735+0000] {processor.py:183} INFO - Processing /home/airflow/.local/lib/python3.12/site-packages/airflow/example_dags/example_python_decorator.py took 0.075 seconds
[2024-04-26T23:11:58.799+0000] {processor.py:161} INFO - Started process (PID=298) to work on /home/airflow/.local/lib/python3.12/site-packages/airflow/example_dags/example_python_decorator.py
[2024-04-26T23:11:58.800+0000] {processor.py:830} INFO - Processing file /home/airflow/.local/lib/python3.12/site-packages/airflow/example_dags/example_python_decorator.py for tasks to queue
[2024-04-26T23:11:58.803+0000] {logging_mixin.py:188} INFO - [2024-04-26T23:11:58.802+0000] {dagbag.py:540} INFO - Filling up the DagBag from /home/airflow/.local/lib/python3.12/site-packages/airflow/example_dags/example_python_decorator.py
[2024-04-26T23:11:58.817+0000] {processor.py:840} INFO - DAG(s) 'example_python_decorator' retrieved from /home/airflow/.local/lib/python3.12/site-packages/airflow/example_dags/example_python_decorator.py
[2024-04-26T23:11:58.839+0000] {logging_mixin.py:188} INFO - [2024-04-26T23:11:58.839+0000] {dag.py:3096} INFO - Sync 1 DAGs
[2024-04-26T23:11:58.852+0000] {logging_mixin.py:188} INFO - [2024-04-26T23:11:58.851+0000] {dag.py:3954} INFO - Setting next_dagrun for example_python_decorator to None, run_after=None
[2024-04-26T23:11:58.875+0000] {processor.py:183} INFO - Processing /home/airflow/.local/lib/python3.12/site-packages/airflow/example_dags/example_python_decorator.py took 0.081 seconds
[2024-04-26T23:12:29.058+0000] {processor.py:161} INFO - Started process (PID=356) to work on /home/airflow/.local/lib/python3.12/site-packages/airflow/example_dags/example_python_decorator.py
[2024-04-26T23:12:29.059+0000] {processor.py:830} INFO - Processing file /home/airflow/.local/lib/python3.12/site-packages/airflow/example_dags/example_python_decorator.py for tasks to queue
[2024-04-26T23:12:29.061+0000] {logging_mixin.py:188} INFO - [2024-04-26T23:12:29.061+0000] {dagbag.py:540} INFO - Filling up the DagBag from /home/airflow/.local/lib/python3.12/site-packages/airflow/example_dags/example_python_decorator.py
[2024-04-26T23:12:29.073+0000] {processor.py:840} INFO - DAG(s) 'example_python_decorator' retrieved from /home/airflow/.local/lib/python3.12/site-packages/airflow/example_dags/example_python_decorator.py
[2024-04-26T23:12:29.094+0000] {logging_mixin.py:188} INFO - [2024-04-26T23:12:29.094+0000] {dag.py:3096} INFO - Sync 1 DAGs
[2024-04-26T23:12:29.105+0000] {logging_mixin.py:188} INFO - [2024-04-26T23:12:29.105+0000] {dag.py:3954} INFO - Setting next_dagrun for example_python_decorator to None, run_after=None
[2024-04-26T23:12:29.125+0000] {processor.py:183} INFO - Processing /home/airflow/.local/lib/python3.12/site-packages/airflow/example_dags/example_python_decorator.py took 0.072 seconds
[2024-04-26T23:12:59.497+0000] {processor.py:161} INFO - Started process (PID=415) to work on /home/airflow/.local/lib/python3.12/site-packages/airflow/example_dags/example_python_decorator.py
[2024-04-26T23:12:59.499+0000] {processor.py:830} INFO - Processing file /home/airflow/.local/lib/python3.12/site-packages/airflow/example_dags/example_python_decorator.py for tasks to queue
[2024-04-26T23:12:59.501+0000] {logging_mixin.py:188} INFO - [2024-04-26T23:12:59.501+0000] {dagbag.py:540} INFO - Filling up the DagBag from /home/airflow/.local/lib/python3.12/site-packages/airflow/example_dags/example_python_decorator.py
[2024-04-26T23:12:59.513+0000] {processor.py:840} INFO - DAG(s) 'example_python_decorator' retrieved from /home/airflow/.local/lib/python3.12/site-packages/airflow/example_dags/example_python_decorator.py
[2024-04-26T23:12:59.536+0000] {logging_mixin.py:188} INFO - [2024-04-26T23:12:59.536+0000] {dag.py:3096} INFO - Sync 1 DAGs
[2024-04-26T23:12:59.550+0000] {logging_mixin.py:188} INFO - [2024-04-26T23:12:59.550+0000] {dag.py:3954} INFO - Setting next_dagrun for example_python_decorator to None, run_after=None
[2024-04-26T23:12:59.573+0000] {processor.py:183} INFO - Processing /home/airflow/.local/lib/python3.12/site-packages/airflow/example_dags/example_python_decorator.py took 0.081 seconds
[2024-04-26T23:13:29.715+0000] {processor.py:161} INFO - Started process (PID=474) to work on /home/airflow/.local/lib/python3.12/site-packages/airflow/example_dags/example_python_decorator.py
[2024-04-26T23:13:29.716+0000] {processor.py:830} INFO - Processing file /home/airflow/.local/lib/python3.12/site-packages/airflow/example_dags/example_python_decorator.py for tasks to queue
[2024-04-26T23:13:29.718+0000] {logging_mixin.py:188} INFO - [2024-04-26T23:13:29.718+0000] {dagbag.py:540} INFO - Filling up the DagBag from /home/airflow/.local/lib/python3.12/site-packages/airflow/example_dags/example_python_decorator.py
[2024-04-26T23:13:29.730+0000] {processor.py:840} INFO - DAG(s) 'example_python_decorator' retrieved from /home/airflow/.local/lib/python3.12/site-packages/airflow/example_dags/example_python_decorator.py
[2024-04-26T23:13:29.755+0000] {logging_mixin.py:188} INFO - [2024-04-26T23:13:29.754+0000] {dag.py:3096} INFO - Sync 1 DAGs
[2024-04-26T23:13:29.768+0000] {logging_mixin.py:188} INFO - [2024-04-26T23:13:29.768+0000] {dag.py:3954} INFO - Setting next_dagrun for example_python_decorator to None, run_after=None
[2024-04-26T23:13:29.788+0000] {processor.py:183} INFO - Processing /home/airflow/.local/lib/python3.12/site-packages/airflow/example_dags/example_python_decorator.py took 0.079 seconds
[2024-04-26T23:17:53.763+0000] {processor.py:161} INFO - Started process (PID=62) to work on /home/airflow/.local/lib/python3.12/site-packages/airflow/example_dags/example_python_decorator.py
[2024-04-26T23:17:53.764+0000] {processor.py:830} INFO - Processing file /home/airflow/.local/lib/python3.12/site-packages/airflow/example_dags/example_python_decorator.py for tasks to queue
[2024-04-26T23:17:53.766+0000] {logging_mixin.py:188} INFO - [2024-04-26T23:17:53.766+0000] {dagbag.py:540} INFO - Filling up the DagBag from /home/airflow/.local/lib/python3.12/site-packages/airflow/example_dags/example_python_decorator.py
[2024-04-26T23:17:53.778+0000] {processor.py:840} INFO - DAG(s) 'example_python_decorator' retrieved from /home/airflow/.local/lib/python3.12/site-packages/airflow/example_dags/example_python_decorator.py
[2024-04-26T23:17:53.793+0000] {logging_mixin.py:188} INFO - [2024-04-26T23:17:53.792+0000] {dag.py:3096} INFO - Sync 1 DAGs
[2024-04-26T23:17:53.817+0000] {logging_mixin.py:188} INFO - [2024-04-26T23:17:53.817+0000] {dag.py:3954} INFO - Setting next_dagrun for example_python_decorator to None, run_after=None
[2024-04-26T23:17:53.847+0000] {processor.py:183} INFO - Processing /home/airflow/.local/lib/python3.12/site-packages/airflow/example_dags/example_python_decorator.py took 0.089 seconds
[2024-04-26T23:18:24.752+0000] {processor.py:161} INFO - Started process (PID=121) to work on /home/airflow/.local/lib/python3.12/site-packages/airflow/example_dags/example_python_decorator.py
[2024-04-26T23:18:24.753+0000] {processor.py:830} INFO - Processing file /home/airflow/.local/lib/python3.12/site-packages/airflow/example_dags/example_python_decorator.py for tasks to queue
[2024-04-26T23:18:24.755+0000] {logging_mixin.py:188} INFO - [2024-04-26T23:18:24.754+0000] {dagbag.py:540} INFO - Filling up the DagBag from /home/airflow/.local/lib/python3.12/site-packages/airflow/example_dags/example_python_decorator.py
[2024-04-26T23:18:24.767+0000] {processor.py:840} INFO - DAG(s) 'example_python_decorator' retrieved from /home/airflow/.local/lib/python3.12/site-packages/airflow/example_dags/example_python_decorator.py
[2024-04-26T23:18:24.862+0000] {logging_mixin.py:188} INFO - [2024-04-26T23:18:24.862+0000] {dag.py:3096} INFO - Sync 1 DAGs
[2024-04-26T23:18:24.872+0000] {logging_mixin.py:188} INFO - [2024-04-26T23:18:24.872+0000] {dag.py:3954} INFO - Setting next_dagrun for example_python_decorator to None, run_after=None
[2024-04-26T23:18:24.894+0000] {processor.py:183} INFO - Processing /home/airflow/.local/lib/python3.12/site-packages/airflow/example_dags/example_python_decorator.py took 0.147 seconds
[2024-04-26T23:18:55.903+0000] {processor.py:161} INFO - Started process (PID=180) to work on /home/airflow/.local/lib/python3.12/site-packages/airflow/example_dags/example_python_decorator.py
[2024-04-26T23:18:55.905+0000] {processor.py:830} INFO - Processing file /home/airflow/.local/lib/python3.12/site-packages/airflow/example_dags/example_python_decorator.py for tasks to queue
[2024-04-26T23:18:55.907+0000] {logging_mixin.py:188} INFO - [2024-04-26T23:18:55.907+0000] {dagbag.py:540} INFO - Filling up the DagBag from /home/airflow/.local/lib/python3.12/site-packages/airflow/example_dags/example_python_decorator.py
[2024-04-26T23:18:55.921+0000] {processor.py:840} INFO - DAG(s) 'example_python_decorator' retrieved from /home/airflow/.local/lib/python3.12/site-packages/airflow/example_dags/example_python_decorator.py
[2024-04-26T23:18:55.944+0000] {logging_mixin.py:188} INFO - [2024-04-26T23:18:55.943+0000] {dag.py:3096} INFO - Sync 1 DAGs
[2024-04-26T23:18:55.956+0000] {logging_mixin.py:188} INFO - [2024-04-26T23:18:55.956+0000] {dag.py:3954} INFO - Setting next_dagrun for example_python_decorator to None, run_after=None
[2024-04-26T23:18:55.977+0000] {processor.py:183} INFO - Processing /home/airflow/.local/lib/python3.12/site-packages/airflow/example_dags/example_python_decorator.py took 0.081 seconds
[2024-04-26T23:19:42.970+0000] {processor.py:161} INFO - Started process (PID=62) to work on /home/airflow/.local/lib/python3.12/site-packages/airflow/example_dags/example_python_decorator.py
[2024-04-26T23:19:42.972+0000] {processor.py:830} INFO - Processing file /home/airflow/.local/lib/python3.12/site-packages/airflow/example_dags/example_python_decorator.py for tasks to queue
[2024-04-26T23:19:42.974+0000] {logging_mixin.py:188} INFO - [2024-04-26T23:19:42.974+0000] {dagbag.py:540} INFO - Filling up the DagBag from /home/airflow/.local/lib/python3.12/site-packages/airflow/example_dags/example_python_decorator.py
[2024-04-26T23:19:42.989+0000] {processor.py:840} INFO - DAG(s) 'example_python_decorator' retrieved from /home/airflow/.local/lib/python3.12/site-packages/airflow/example_dags/example_python_decorator.py
[2024-04-26T23:19:43.003+0000] {logging_mixin.py:188} INFO - [2024-04-26T23:19:43.003+0000] {dag.py:3096} INFO - Sync 1 DAGs
[2024-04-26T23:19:43.016+0000] {logging_mixin.py:188} INFO - [2024-04-26T23:19:43.015+0000] {dag.py:3954} INFO - Setting next_dagrun for example_python_decorator to None, run_after=None
[2024-04-26T23:19:43.041+0000] {processor.py:183} INFO - Processing /home/airflow/.local/lib/python3.12/site-packages/airflow/example_dags/example_python_decorator.py took 0.077 seconds
[2024-04-26T23:20:14.106+0000] {processor.py:161} INFO - Started process (PID=121) to work on /home/airflow/.local/lib/python3.12/site-packages/airflow/example_dags/example_python_decorator.py
[2024-04-26T23:20:14.107+0000] {processor.py:830} INFO - Processing file /home/airflow/.local/lib/python3.12/site-packages/airflow/example_dags/example_python_decorator.py for tasks to queue
[2024-04-26T23:20:14.109+0000] {logging_mixin.py:188} INFO - [2024-04-26T23:20:14.109+0000] {dagbag.py:540} INFO - Filling up the DagBag from /home/airflow/.local/lib/python3.12/site-packages/airflow/example_dags/example_python_decorator.py
[2024-04-26T23:20:14.120+0000] {processor.py:840} INFO - DAG(s) 'example_python_decorator' retrieved from /home/airflow/.local/lib/python3.12/site-packages/airflow/example_dags/example_python_decorator.py
[2024-04-26T23:20:14.196+0000] {logging_mixin.py:188} INFO - [2024-04-26T23:20:14.196+0000] {dag.py:3096} INFO - Sync 1 DAGs
[2024-04-26T23:20:14.205+0000] {logging_mixin.py:188} INFO - [2024-04-26T23:20:14.205+0000] {dag.py:3954} INFO - Setting next_dagrun for example_python_decorator to None, run_after=None
[2024-04-26T23:20:14.223+0000] {processor.py:183} INFO - Processing /home/airflow/.local/lib/python3.12/site-packages/airflow/example_dags/example_python_decorator.py took 0.122 seconds
[2024-04-26T23:20:44.764+0000] {processor.py:161} INFO - Started process (PID=180) to work on /home/airflow/.local/lib/python3.12/site-packages/airflow/example_dags/example_python_decorator.py
[2024-04-26T23:20:44.765+0000] {processor.py:830} INFO - Processing file /home/airflow/.local/lib/python3.12/site-packages/airflow/example_dags/example_python_decorator.py for tasks to queue
[2024-04-26T23:20:44.767+0000] {logging_mixin.py:188} INFO - [2024-04-26T23:20:44.766+0000] {dagbag.py:540} INFO - Filling up the DagBag from /home/airflow/.local/lib/python3.12/site-packages/airflow/example_dags/example_python_decorator.py
[2024-04-26T23:20:44.779+0000] {processor.py:840} INFO - DAG(s) 'example_python_decorator' retrieved from /home/airflow/.local/lib/python3.12/site-packages/airflow/example_dags/example_python_decorator.py
[2024-04-26T23:20:44.800+0000] {logging_mixin.py:188} INFO - [2024-04-26T23:20:44.800+0000] {dag.py:3096} INFO - Sync 1 DAGs
[2024-04-26T23:20:44.812+0000] {logging_mixin.py:188} INFO - [2024-04-26T23:20:44.812+0000] {dag.py:3954} INFO - Setting next_dagrun for example_python_decorator to None, run_after=None
[2024-04-26T23:20:44.832+0000] {processor.py:183} INFO - Processing /home/airflow/.local/lib/python3.12/site-packages/airflow/example_dags/example_python_decorator.py took 0.074 seconds
[2024-04-26T23:21:14.909+0000] {processor.py:161} INFO - Started process (PID=239) to work on /home/airflow/.local/lib/python3.12/site-packages/airflow/example_dags/example_python_decorator.py
[2024-04-26T23:21:14.910+0000] {processor.py:830} INFO - Processing file /home/airflow/.local/lib/python3.12/site-packages/airflow/example_dags/example_python_decorator.py for tasks to queue
[2024-04-26T23:21:14.912+0000] {logging_mixin.py:188} INFO - [2024-04-26T23:21:14.912+0000] {dagbag.py:540} INFO - Filling up the DagBag from /home/airflow/.local/lib/python3.12/site-packages/airflow/example_dags/example_python_decorator.py
[2024-04-26T23:21:14.925+0000] {processor.py:840} INFO - DAG(s) 'example_python_decorator' retrieved from /home/airflow/.local/lib/python3.12/site-packages/airflow/example_dags/example_python_decorator.py
[2024-04-26T23:21:14.946+0000] {logging_mixin.py:188} INFO - [2024-04-26T23:21:14.946+0000] {dag.py:3096} INFO - Sync 1 DAGs
[2024-04-26T23:21:14.959+0000] {logging_mixin.py:188} INFO - [2024-04-26T23:21:14.959+0000] {dag.py:3954} INFO - Setting next_dagrun for example_python_decorator to None, run_after=None
[2024-04-26T23:21:14.981+0000] {processor.py:183} INFO - Processing /home/airflow/.local/lib/python3.12/site-packages/airflow/example_dags/example_python_decorator.py took 0.077 seconds
[2024-04-26T23:21:45.462+0000] {processor.py:161} INFO - Started process (PID=297) to work on /home/airflow/.local/lib/python3.12/site-packages/airflow/example_dags/example_python_decorator.py
[2024-04-26T23:21:45.464+0000] {processor.py:830} INFO - Processing file /home/airflow/.local/lib/python3.12/site-packages/airflow/example_dags/example_python_decorator.py for tasks to queue
[2024-04-26T23:21:45.468+0000] {logging_mixin.py:188} INFO - [2024-04-26T23:21:45.468+0000] {dagbag.py:540} INFO - Filling up the DagBag from /home/airflow/.local/lib/python3.12/site-packages/airflow/example_dags/example_python_decorator.py
[2024-04-26T23:21:45.491+0000] {processor.py:840} INFO - DAG(s) 'example_python_decorator' retrieved from /home/airflow/.local/lib/python3.12/site-packages/airflow/example_dags/example_python_decorator.py
[2024-04-26T23:21:45.515+0000] {logging_mixin.py:188} INFO - [2024-04-26T23:21:45.515+0000] {dag.py:3096} INFO - Sync 1 DAGs
[2024-04-26T23:21:45.532+0000] {logging_mixin.py:188} INFO - [2024-04-26T23:21:45.532+0000] {dag.py:3954} INFO - Setting next_dagrun for example_python_decorator to None, run_after=None
[2024-04-26T23:21:45.561+0000] {processor.py:183} INFO - Processing /home/airflow/.local/lib/python3.12/site-packages/airflow/example_dags/example_python_decorator.py took 0.112 seconds
