[2024-04-26T22:58:27.123+0000] {processor.py:161} INFO - Started process (PID=57) to work on /home/airflow/.local/lib/python3.12/site-packages/airflow/example_dags/example_branch_python_dop_operator_3.py
[2024-04-26T22:58:27.137+0000] {processor.py:830} INFO - Processing file /home/airflow/.local/lib/python3.12/site-packages/airflow/example_dags/example_branch_python_dop_operator_3.py for tasks to queue
[2024-04-26T22:58:27.172+0000] {logging_mixin.py:188} INFO - [2024-04-26T22:58:27.167+0000] {dagbag.py:540} INFO - Filling up the DagBag from /home/airflow/.local/lib/python3.12/site-packages/airflow/example_dags/example_branch_python_dop_operator_3.py
[2024-04-26T22:58:27.253+0000] {processor.py:840} INFO - DAG(s) 'example_branch_dop_operator_v3' retrieved from /home/airflow/.local/lib/python3.12/site-packages/airflow/example_dags/example_branch_python_dop_operator_3.py
[2024-04-26T22:58:27.476+0000] {logging_mixin.py:188} INFO - [2024-04-26T22:58:27.476+0000] {dag.py:3096} INFO - Sync 1 DAGs
[2024-04-26T22:58:27.519+0000] {logging_mixin.py:188} INFO - [2024-04-26T22:58:27.518+0000] {dag.py:3954} INFO - Setting next_dagrun for example_branch_dop_operator_v3 to 2024-04-26 22:57:00+00:00, run_after=2024-04-26 22:58:00+00:00
[2024-04-26T22:58:27.552+0000] {processor.py:183} INFO - Processing /home/airflow/.local/lib/python3.12/site-packages/airflow/example_dags/example_branch_python_dop_operator_3.py took 0.507 seconds
[2024-04-26T22:58:58.035+0000] {processor.py:161} INFO - Started process (PID=116) to work on /home/airflow/.local/lib/python3.12/site-packages/airflow/example_dags/example_branch_python_dop_operator_3.py
[2024-04-26T22:58:58.036+0000] {processor.py:830} INFO - Processing file /home/airflow/.local/lib/python3.12/site-packages/airflow/example_dags/example_branch_python_dop_operator_3.py for tasks to queue
[2024-04-26T22:58:58.038+0000] {logging_mixin.py:188} INFO - [2024-04-26T22:58:58.038+0000] {dagbag.py:540} INFO - Filling up the DagBag from /home/airflow/.local/lib/python3.12/site-packages/airflow/example_dags/example_branch_python_dop_operator_3.py
[2024-04-26T22:58:58.050+0000] {processor.py:840} INFO - DAG(s) 'example_branch_dop_operator_v3' retrieved from /home/airflow/.local/lib/python3.12/site-packages/airflow/example_dags/example_branch_python_dop_operator_3.py
[2024-04-26T22:58:58.089+0000] {logging_mixin.py:188} INFO - [2024-04-26T22:58:58.089+0000] {dag.py:3096} INFO - Sync 1 DAGs
[2024-04-26T22:58:58.121+0000] {logging_mixin.py:188} INFO - [2024-04-26T22:58:58.121+0000] {dag.py:3954} INFO - Setting next_dagrun for example_branch_dop_operator_v3 to 2024-04-26 22:57:00+00:00, run_after=2024-04-26 22:58:00+00:00
[2024-04-26T22:58:58.150+0000] {processor.py:183} INFO - Processing /home/airflow/.local/lib/python3.12/site-packages/airflow/example_dags/example_branch_python_dop_operator_3.py took 0.121 seconds
[2024-04-26T22:59:28.285+0000] {processor.py:161} INFO - Started process (PID=175) to work on /home/airflow/.local/lib/python3.12/site-packages/airflow/example_dags/example_branch_python_dop_operator_3.py
[2024-04-26T22:59:28.286+0000] {processor.py:830} INFO - Processing file /home/airflow/.local/lib/python3.12/site-packages/airflow/example_dags/example_branch_python_dop_operator_3.py for tasks to queue
[2024-04-26T22:59:28.289+0000] {logging_mixin.py:188} INFO - [2024-04-26T22:59:28.289+0000] {dagbag.py:540} INFO - Filling up the DagBag from /home/airflow/.local/lib/python3.12/site-packages/airflow/example_dags/example_branch_python_dop_operator_3.py
[2024-04-26T22:59:28.298+0000] {processor.py:840} INFO - DAG(s) 'example_branch_dop_operator_v3' retrieved from /home/airflow/.local/lib/python3.12/site-packages/airflow/example_dags/example_branch_python_dop_operator_3.py
[2024-04-26T22:59:28.316+0000] {logging_mixin.py:188} INFO - [2024-04-26T22:59:28.316+0000] {dag.py:3096} INFO - Sync 1 DAGs
[2024-04-26T22:59:28.338+0000] {logging_mixin.py:188} INFO - [2024-04-26T22:59:28.338+0000] {dag.py:3954} INFO - Setting next_dagrun for example_branch_dop_operator_v3 to 2024-04-26 22:58:00+00:00, run_after=2024-04-26 22:59:00+00:00
[2024-04-26T22:59:28.356+0000] {processor.py:183} INFO - Processing /home/airflow/.local/lib/python3.12/site-packages/airflow/example_dags/example_branch_python_dop_operator_3.py took 0.077 seconds
[2024-04-26T22:59:58.497+0000] {processor.py:161} INFO - Started process (PID=234) to work on /home/airflow/.local/lib/python3.12/site-packages/airflow/example_dags/example_branch_python_dop_operator_3.py
[2024-04-26T22:59:58.498+0000] {processor.py:830} INFO - Processing file /home/airflow/.local/lib/python3.12/site-packages/airflow/example_dags/example_branch_python_dop_operator_3.py for tasks to queue
[2024-04-26T22:59:58.500+0000] {logging_mixin.py:188} INFO - [2024-04-26T22:59:58.499+0000] {dagbag.py:540} INFO - Filling up the DagBag from /home/airflow/.local/lib/python3.12/site-packages/airflow/example_dags/example_branch_python_dop_operator_3.py
[2024-04-26T22:59:58.508+0000] {processor.py:840} INFO - DAG(s) 'example_branch_dop_operator_v3' retrieved from /home/airflow/.local/lib/python3.12/site-packages/airflow/example_dags/example_branch_python_dop_operator_3.py
[2024-04-26T22:59:58.526+0000] {logging_mixin.py:188} INFO - [2024-04-26T22:59:58.526+0000] {dag.py:3096} INFO - Sync 1 DAGs
[2024-04-26T22:59:58.548+0000] {logging_mixin.py:188} INFO - [2024-04-26T22:59:58.547+0000] {dag.py:3954} INFO - Setting next_dagrun for example_branch_dop_operator_v3 to 2024-04-26 22:58:00+00:00, run_after=2024-04-26 22:59:00+00:00
[2024-04-26T22:59:58.565+0000] {processor.py:183} INFO - Processing /home/airflow/.local/lib/python3.12/site-packages/airflow/example_dags/example_branch_python_dop_operator_3.py took 0.074 seconds
[2024-04-26T23:00:28.606+0000] {processor.py:161} INFO - Started process (PID=293) to work on /home/airflow/.local/lib/python3.12/site-packages/airflow/example_dags/example_branch_python_dop_operator_3.py
[2024-04-26T23:00:28.607+0000] {processor.py:830} INFO - Processing file /home/airflow/.local/lib/python3.12/site-packages/airflow/example_dags/example_branch_python_dop_operator_3.py for tasks to queue
[2024-04-26T23:00:28.609+0000] {logging_mixin.py:188} INFO - [2024-04-26T23:00:28.609+0000] {dagbag.py:540} INFO - Filling up the DagBag from /home/airflow/.local/lib/python3.12/site-packages/airflow/example_dags/example_branch_python_dop_operator_3.py
[2024-04-26T23:00:28.617+0000] {processor.py:840} INFO - DAG(s) 'example_branch_dop_operator_v3' retrieved from /home/airflow/.local/lib/python3.12/site-packages/airflow/example_dags/example_branch_python_dop_operator_3.py
[2024-04-26T23:00:28.639+0000] {logging_mixin.py:188} INFO - [2024-04-26T23:00:28.639+0000] {dag.py:3096} INFO - Sync 1 DAGs
[2024-04-26T23:00:28.668+0000] {logging_mixin.py:188} INFO - [2024-04-26T23:00:28.667+0000] {dag.py:3954} INFO - Setting next_dagrun for example_branch_dop_operator_v3 to 2024-04-26 22:59:00+00:00, run_after=2024-04-26 23:00:00+00:00
[2024-04-26T23:00:28.695+0000] {processor.py:183} INFO - Processing /home/airflow/.local/lib/python3.12/site-packages/airflow/example_dags/example_branch_python_dop_operator_3.py took 0.094 seconds
[2024-04-26T23:00:58.776+0000] {processor.py:161} INFO - Started process (PID=352) to work on /home/airflow/.local/lib/python3.12/site-packages/airflow/example_dags/example_branch_python_dop_operator_3.py
[2024-04-26T23:00:58.777+0000] {processor.py:830} INFO - Processing file /home/airflow/.local/lib/python3.12/site-packages/airflow/example_dags/example_branch_python_dop_operator_3.py for tasks to queue
[2024-04-26T23:00:58.780+0000] {logging_mixin.py:188} INFO - [2024-04-26T23:00:58.779+0000] {dagbag.py:540} INFO - Filling up the DagBag from /home/airflow/.local/lib/python3.12/site-packages/airflow/example_dags/example_branch_python_dop_operator_3.py
[2024-04-26T23:00:58.788+0000] {processor.py:840} INFO - DAG(s) 'example_branch_dop_operator_v3' retrieved from /home/airflow/.local/lib/python3.12/site-packages/airflow/example_dags/example_branch_python_dop_operator_3.py
[2024-04-26T23:00:58.807+0000] {logging_mixin.py:188} INFO - [2024-04-26T23:00:58.807+0000] {dag.py:3096} INFO - Sync 1 DAGs
[2024-04-26T23:00:58.831+0000] {logging_mixin.py:188} INFO - [2024-04-26T23:00:58.831+0000] {dag.py:3954} INFO - Setting next_dagrun for example_branch_dop_operator_v3 to 2024-04-26 22:59:00+00:00, run_after=2024-04-26 23:00:00+00:00
[2024-04-26T23:00:58.856+0000] {processor.py:183} INFO - Processing /home/airflow/.local/lib/python3.12/site-packages/airflow/example_dags/example_branch_python_dop_operator_3.py took 0.086 seconds
[2024-04-26T23:01:29.880+0000] {processor.py:161} INFO - Started process (PID=411) to work on /home/airflow/.local/lib/python3.12/site-packages/airflow/example_dags/example_branch_python_dop_operator_3.py
[2024-04-26T23:01:29.882+0000] {processor.py:830} INFO - Processing file /home/airflow/.local/lib/python3.12/site-packages/airflow/example_dags/example_branch_python_dop_operator_3.py for tasks to queue
[2024-04-26T23:01:29.883+0000] {logging_mixin.py:188} INFO - [2024-04-26T23:01:29.883+0000] {dagbag.py:540} INFO - Filling up the DagBag from /home/airflow/.local/lib/python3.12/site-packages/airflow/example_dags/example_branch_python_dop_operator_3.py
[2024-04-26T23:01:29.891+0000] {processor.py:840} INFO - DAG(s) 'example_branch_dop_operator_v3' retrieved from /home/airflow/.local/lib/python3.12/site-packages/airflow/example_dags/example_branch_python_dop_operator_3.py
[2024-04-26T23:01:29.909+0000] {logging_mixin.py:188} INFO - [2024-04-26T23:01:29.909+0000] {dag.py:3096} INFO - Sync 1 DAGs
[2024-04-26T23:01:29.932+0000] {logging_mixin.py:188} INFO - [2024-04-26T23:01:29.932+0000] {dag.py:3954} INFO - Setting next_dagrun for example_branch_dop_operator_v3 to 2024-04-26 23:00:00+00:00, run_after=2024-04-26 23:01:00+00:00
[2024-04-26T23:01:29.956+0000] {processor.py:183} INFO - Processing /home/airflow/.local/lib/python3.12/site-packages/airflow/example_dags/example_branch_python_dop_operator_3.py took 0.081 seconds
[2024-04-26T23:02:00.159+0000] {processor.py:161} INFO - Started process (PID=470) to work on /home/airflow/.local/lib/python3.12/site-packages/airflow/example_dags/example_branch_python_dop_operator_3.py
[2024-04-26T23:02:00.161+0000] {processor.py:830} INFO - Processing file /home/airflow/.local/lib/python3.12/site-packages/airflow/example_dags/example_branch_python_dop_operator_3.py for tasks to queue
[2024-04-26T23:02:00.163+0000] {logging_mixin.py:188} INFO - [2024-04-26T23:02:00.162+0000] {dagbag.py:540} INFO - Filling up the DagBag from /home/airflow/.local/lib/python3.12/site-packages/airflow/example_dags/example_branch_python_dop_operator_3.py
[2024-04-26T23:02:00.171+0000] {processor.py:840} INFO - DAG(s) 'example_branch_dop_operator_v3' retrieved from /home/airflow/.local/lib/python3.12/site-packages/airflow/example_dags/example_branch_python_dop_operator_3.py
[2024-04-26T23:02:00.191+0000] {logging_mixin.py:188} INFO - [2024-04-26T23:02:00.191+0000] {dag.py:3096} INFO - Sync 1 DAGs
[2024-04-26T23:02:00.215+0000] {logging_mixin.py:188} INFO - [2024-04-26T23:02:00.215+0000] {dag.py:3954} INFO - Setting next_dagrun for example_branch_dop_operator_v3 to 2024-04-26 23:01:00+00:00, run_after=2024-04-26 23:02:00+00:00
[2024-04-26T23:02:00.238+0000] {processor.py:183} INFO - Processing /home/airflow/.local/lib/python3.12/site-packages/airflow/example_dags/example_branch_python_dop_operator_3.py took 0.084 seconds
[2024-04-26T23:02:30.682+0000] {processor.py:161} INFO - Started process (PID=529) to work on /home/airflow/.local/lib/python3.12/site-packages/airflow/example_dags/example_branch_python_dop_operator_3.py
[2024-04-26T23:02:30.683+0000] {processor.py:830} INFO - Processing file /home/airflow/.local/lib/python3.12/site-packages/airflow/example_dags/example_branch_python_dop_operator_3.py for tasks to queue
[2024-04-26T23:02:30.685+0000] {logging_mixin.py:188} INFO - [2024-04-26T23:02:30.685+0000] {dagbag.py:540} INFO - Filling up the DagBag from /home/airflow/.local/lib/python3.12/site-packages/airflow/example_dags/example_branch_python_dop_operator_3.py
[2024-04-26T23:02:30.694+0000] {processor.py:840} INFO - DAG(s) 'example_branch_dop_operator_v3' retrieved from /home/airflow/.local/lib/python3.12/site-packages/airflow/example_dags/example_branch_python_dop_operator_3.py
[2024-04-26T23:02:30.710+0000] {logging_mixin.py:188} INFO - [2024-04-26T23:02:30.710+0000] {dag.py:3096} INFO - Sync 1 DAGs
[2024-04-26T23:02:30.731+0000] {logging_mixin.py:188} INFO - [2024-04-26T23:02:30.730+0000] {dag.py:3954} INFO - Setting next_dagrun for example_branch_dop_operator_v3 to 2024-04-26 23:01:00+00:00, run_after=2024-04-26 23:02:00+00:00
[2024-04-26T23:02:30.751+0000] {processor.py:183} INFO - Processing /home/airflow/.local/lib/python3.12/site-packages/airflow/example_dags/example_branch_python_dop_operator_3.py took 0.075 seconds
[2024-04-26T23:03:00.967+0000] {processor.py:161} INFO - Started process (PID=588) to work on /home/airflow/.local/lib/python3.12/site-packages/airflow/example_dags/example_branch_python_dop_operator_3.py
[2024-04-26T23:03:00.968+0000] {processor.py:830} INFO - Processing file /home/airflow/.local/lib/python3.12/site-packages/airflow/example_dags/example_branch_python_dop_operator_3.py for tasks to queue
[2024-04-26T23:03:00.970+0000] {logging_mixin.py:188} INFO - [2024-04-26T23:03:00.970+0000] {dagbag.py:540} INFO - Filling up the DagBag from /home/airflow/.local/lib/python3.12/site-packages/airflow/example_dags/example_branch_python_dop_operator_3.py
[2024-04-26T23:03:00.978+0000] {processor.py:840} INFO - DAG(s) 'example_branch_dop_operator_v3' retrieved from /home/airflow/.local/lib/python3.12/site-packages/airflow/example_dags/example_branch_python_dop_operator_3.py
[2024-04-26T23:03:00.994+0000] {logging_mixin.py:188} INFO - [2024-04-26T23:03:00.994+0000] {dag.py:3096} INFO - Sync 1 DAGs
[2024-04-26T23:03:01.016+0000] {logging_mixin.py:188} INFO - [2024-04-26T23:03:01.016+0000] {dag.py:3954} INFO - Setting next_dagrun for example_branch_dop_operator_v3 to 2024-04-26 23:02:00+00:00, run_after=2024-04-26 23:03:00+00:00
[2024-04-26T23:03:01.041+0000] {processor.py:183} INFO - Processing /home/airflow/.local/lib/python3.12/site-packages/airflow/example_dags/example_branch_python_dop_operator_3.py took 0.079 seconds
[2024-04-26T23:03:31.212+0000] {processor.py:161} INFO - Started process (PID=647) to work on /home/airflow/.local/lib/python3.12/site-packages/airflow/example_dags/example_branch_python_dop_operator_3.py
[2024-04-26T23:03:31.213+0000] {processor.py:830} INFO - Processing file /home/airflow/.local/lib/python3.12/site-packages/airflow/example_dags/example_branch_python_dop_operator_3.py for tasks to queue
[2024-04-26T23:03:31.215+0000] {logging_mixin.py:188} INFO - [2024-04-26T23:03:31.215+0000] {dagbag.py:540} INFO - Filling up the DagBag from /home/airflow/.local/lib/python3.12/site-packages/airflow/example_dags/example_branch_python_dop_operator_3.py
[2024-04-26T23:03:31.223+0000] {processor.py:840} INFO - DAG(s) 'example_branch_dop_operator_v3' retrieved from /home/airflow/.local/lib/python3.12/site-packages/airflow/example_dags/example_branch_python_dop_operator_3.py
[2024-04-26T23:03:31.241+0000] {logging_mixin.py:188} INFO - [2024-04-26T23:03:31.241+0000] {dag.py:3096} INFO - Sync 1 DAGs
[2024-04-26T23:03:31.261+0000] {logging_mixin.py:188} INFO - [2024-04-26T23:03:31.261+0000] {dag.py:3954} INFO - Setting next_dagrun for example_branch_dop_operator_v3 to 2024-04-26 23:02:00+00:00, run_after=2024-04-26 23:03:00+00:00
[2024-04-26T23:03:31.284+0000] {processor.py:183} INFO - Processing /home/airflow/.local/lib/python3.12/site-packages/airflow/example_dags/example_branch_python_dop_operator_3.py took 0.077 seconds
[2024-04-26T23:04:01.499+0000] {processor.py:161} INFO - Started process (PID=706) to work on /home/airflow/.local/lib/python3.12/site-packages/airflow/example_dags/example_branch_python_dop_operator_3.py
[2024-04-26T23:04:01.500+0000] {processor.py:830} INFO - Processing file /home/airflow/.local/lib/python3.12/site-packages/airflow/example_dags/example_branch_python_dop_operator_3.py for tasks to queue
[2024-04-26T23:04:01.502+0000] {logging_mixin.py:188} INFO - [2024-04-26T23:04:01.502+0000] {dagbag.py:540} INFO - Filling up the DagBag from /home/airflow/.local/lib/python3.12/site-packages/airflow/example_dags/example_branch_python_dop_operator_3.py
[2024-04-26T23:04:01.512+0000] {processor.py:840} INFO - DAG(s) 'example_branch_dop_operator_v3' retrieved from /home/airflow/.local/lib/python3.12/site-packages/airflow/example_dags/example_branch_python_dop_operator_3.py
[2024-04-26T23:04:01.532+0000] {logging_mixin.py:188} INFO - [2024-04-26T23:04:01.532+0000] {dag.py:3096} INFO - Sync 1 DAGs
[2024-04-26T23:04:01.556+0000] {logging_mixin.py:188} INFO - [2024-04-26T23:04:01.555+0000] {dag.py:3954} INFO - Setting next_dagrun for example_branch_dop_operator_v3 to 2024-04-26 23:03:00+00:00, run_after=2024-04-26 23:04:00+00:00
[2024-04-26T23:04:01.577+0000] {processor.py:183} INFO - Processing /home/airflow/.local/lib/python3.12/site-packages/airflow/example_dags/example_branch_python_dop_operator_3.py took 0.082 seconds
[2024-04-26T23:04:31.801+0000] {processor.py:161} INFO - Started process (PID=765) to work on /home/airflow/.local/lib/python3.12/site-packages/airflow/example_dags/example_branch_python_dop_operator_3.py
[2024-04-26T23:04:31.802+0000] {processor.py:830} INFO - Processing file /home/airflow/.local/lib/python3.12/site-packages/airflow/example_dags/example_branch_python_dop_operator_3.py for tasks to queue
[2024-04-26T23:04:31.804+0000] {logging_mixin.py:188} INFO - [2024-04-26T23:04:31.803+0000] {dagbag.py:540} INFO - Filling up the DagBag from /home/airflow/.local/lib/python3.12/site-packages/airflow/example_dags/example_branch_python_dop_operator_3.py
[2024-04-26T23:04:31.813+0000] {processor.py:840} INFO - DAG(s) 'example_branch_dop_operator_v3' retrieved from /home/airflow/.local/lib/python3.12/site-packages/airflow/example_dags/example_branch_python_dop_operator_3.py
[2024-04-26T23:04:31.833+0000] {logging_mixin.py:188} INFO - [2024-04-26T23:04:31.833+0000] {dag.py:3096} INFO - Sync 1 DAGs
[2024-04-26T23:04:31.860+0000] {logging_mixin.py:188} INFO - [2024-04-26T23:04:31.859+0000] {dag.py:3954} INFO - Setting next_dagrun for example_branch_dop_operator_v3 to 2024-04-26 23:03:00+00:00, run_after=2024-04-26 23:04:00+00:00
[2024-04-26T23:04:31.883+0000] {processor.py:183} INFO - Processing /home/airflow/.local/lib/python3.12/site-packages/airflow/example_dags/example_branch_python_dop_operator_3.py took 0.088 seconds
[2024-04-26T23:05:02.147+0000] {processor.py:161} INFO - Started process (PID=824) to work on /home/airflow/.local/lib/python3.12/site-packages/airflow/example_dags/example_branch_python_dop_operator_3.py
[2024-04-26T23:05:02.148+0000] {processor.py:830} INFO - Processing file /home/airflow/.local/lib/python3.12/site-packages/airflow/example_dags/example_branch_python_dop_operator_3.py for tasks to queue
[2024-04-26T23:05:02.150+0000] {logging_mixin.py:188} INFO - [2024-04-26T23:05:02.150+0000] {dagbag.py:540} INFO - Filling up the DagBag from /home/airflow/.local/lib/python3.12/site-packages/airflow/example_dags/example_branch_python_dop_operator_3.py
[2024-04-26T23:05:02.158+0000] {processor.py:840} INFO - DAG(s) 'example_branch_dop_operator_v3' retrieved from /home/airflow/.local/lib/python3.12/site-packages/airflow/example_dags/example_branch_python_dop_operator_3.py
[2024-04-26T23:05:02.176+0000] {logging_mixin.py:188} INFO - [2024-04-26T23:05:02.176+0000] {dag.py:3096} INFO - Sync 1 DAGs
[2024-04-26T23:05:02.198+0000] {logging_mixin.py:188} INFO - [2024-04-26T23:05:02.198+0000] {dag.py:3954} INFO - Setting next_dagrun for example_branch_dop_operator_v3 to 2024-04-26 23:04:00+00:00, run_after=2024-04-26 23:05:00+00:00
[2024-04-26T23:05:02.221+0000] {processor.py:183} INFO - Processing /home/airflow/.local/lib/python3.12/site-packages/airflow/example_dags/example_branch_python_dop_operator_3.py took 0.079 seconds
[2024-04-26T23:05:32.586+0000] {processor.py:161} INFO - Started process (PID=883) to work on /home/airflow/.local/lib/python3.12/site-packages/airflow/example_dags/example_branch_python_dop_operator_3.py
[2024-04-26T23:05:32.587+0000] {processor.py:830} INFO - Processing file /home/airflow/.local/lib/python3.12/site-packages/airflow/example_dags/example_branch_python_dop_operator_3.py for tasks to queue
[2024-04-26T23:05:32.591+0000] {logging_mixin.py:188} INFO - [2024-04-26T23:05:32.590+0000] {dagbag.py:540} INFO - Filling up the DagBag from /home/airflow/.local/lib/python3.12/site-packages/airflow/example_dags/example_branch_python_dop_operator_3.py
[2024-04-26T23:05:32.598+0000] {processor.py:840} INFO - DAG(s) 'example_branch_dop_operator_v3' retrieved from /home/airflow/.local/lib/python3.12/site-packages/airflow/example_dags/example_branch_python_dop_operator_3.py
[2024-04-26T23:05:32.617+0000] {logging_mixin.py:188} INFO - [2024-04-26T23:05:32.617+0000] {dag.py:3096} INFO - Sync 1 DAGs
[2024-04-26T23:05:32.649+0000] {logging_mixin.py:188} INFO - [2024-04-26T23:05:32.649+0000] {dag.py:3954} INFO - Setting next_dagrun for example_branch_dop_operator_v3 to 2024-04-26 23:04:00+00:00, run_after=2024-04-26 23:05:00+00:00
[2024-04-26T23:05:32.677+0000] {processor.py:183} INFO - Processing /home/airflow/.local/lib/python3.12/site-packages/airflow/example_dags/example_branch_python_dop_operator_3.py took 0.096 seconds
[2024-04-26T23:09:54.963+0000] {processor.py:161} INFO - Started process (PID=51) to work on /home/airflow/.local/lib/python3.12/site-packages/airflow/example_dags/example_branch_python_dop_operator_3.py
[2024-04-26T23:09:54.966+0000] {processor.py:830} INFO - Processing file /home/airflow/.local/lib/python3.12/site-packages/airflow/example_dags/example_branch_python_dop_operator_3.py for tasks to queue
[2024-04-26T23:09:54.972+0000] {logging_mixin.py:188} INFO - [2024-04-26T23:09:54.971+0000] {dagbag.py:540} INFO - Filling up the DagBag from /home/airflow/.local/lib/python3.12/site-packages/airflow/example_dags/example_branch_python_dop_operator_3.py
[2024-04-26T23:09:54.990+0000] {processor.py:840} INFO - DAG(s) 'example_branch_dop_operator_v3' retrieved from /home/airflow/.local/lib/python3.12/site-packages/airflow/example_dags/example_branch_python_dop_operator_3.py
[2024-04-26T23:09:55.006+0000] {logging_mixin.py:188} INFO - [2024-04-26T23:09:55.006+0000] {dag.py:3096} INFO - Sync 1 DAGs
[2024-04-26T23:09:55.049+0000] {logging_mixin.py:188} INFO - [2024-04-26T23:09:55.049+0000] {dag.py:3954} INFO - Setting next_dagrun for example_branch_dop_operator_v3 to 2024-04-26 23:08:00+00:00, run_after=2024-04-26 23:09:00+00:00
[2024-04-26T23:09:55.082+0000] {processor.py:183} INFO - Processing /home/airflow/.local/lib/python3.12/site-packages/airflow/example_dags/example_branch_python_dop_operator_3.py took 0.137 seconds
[2024-04-26T23:10:25.775+0000] {processor.py:161} INFO - Started process (PID=110) to work on /home/airflow/.local/lib/python3.12/site-packages/airflow/example_dags/example_branch_python_dop_operator_3.py
[2024-04-26T23:10:25.776+0000] {processor.py:830} INFO - Processing file /home/airflow/.local/lib/python3.12/site-packages/airflow/example_dags/example_branch_python_dop_operator_3.py for tasks to queue
[2024-04-26T23:10:25.779+0000] {logging_mixin.py:188} INFO - [2024-04-26T23:10:25.778+0000] {dagbag.py:540} INFO - Filling up the DagBag from /home/airflow/.local/lib/python3.12/site-packages/airflow/example_dags/example_branch_python_dop_operator_3.py
[2024-04-26T23:10:25.786+0000] {processor.py:840} INFO - DAG(s) 'example_branch_dop_operator_v3' retrieved from /home/airflow/.local/lib/python3.12/site-packages/airflow/example_dags/example_branch_python_dop_operator_3.py
[2024-04-26T23:10:25.883+0000] {logging_mixin.py:188} INFO - [2024-04-26T23:10:25.883+0000] {dag.py:3096} INFO - Sync 1 DAGs
[2024-04-26T23:10:25.905+0000] {logging_mixin.py:188} INFO - [2024-04-26T23:10:25.905+0000] {dag.py:3954} INFO - Setting next_dagrun for example_branch_dop_operator_v3 to 2024-04-26 23:09:00+00:00, run_after=2024-04-26 23:10:00+00:00
[2024-04-26T23:10:25.928+0000] {processor.py:183} INFO - Processing /home/airflow/.local/lib/python3.12/site-packages/airflow/example_dags/example_branch_python_dop_operator_3.py took 0.158 seconds
[2024-04-26T23:10:55.975+0000] {processor.py:161} INFO - Started process (PID=169) to work on /home/airflow/.local/lib/python3.12/site-packages/airflow/example_dags/example_branch_python_dop_operator_3.py
[2024-04-26T23:10:55.977+0000] {processor.py:830} INFO - Processing file /home/airflow/.local/lib/python3.12/site-packages/airflow/example_dags/example_branch_python_dop_operator_3.py for tasks to queue
[2024-04-26T23:10:55.979+0000] {logging_mixin.py:188} INFO - [2024-04-26T23:10:55.979+0000] {dagbag.py:540} INFO - Filling up the DagBag from /home/airflow/.local/lib/python3.12/site-packages/airflow/example_dags/example_branch_python_dop_operator_3.py
[2024-04-26T23:10:55.987+0000] {processor.py:840} INFO - DAG(s) 'example_branch_dop_operator_v3' retrieved from /home/airflow/.local/lib/python3.12/site-packages/airflow/example_dags/example_branch_python_dop_operator_3.py
[2024-04-26T23:10:56.007+0000] {logging_mixin.py:188} INFO - [2024-04-26T23:10:56.007+0000] {dag.py:3096} INFO - Sync 1 DAGs
[2024-04-26T23:10:56.028+0000] {logging_mixin.py:188} INFO - [2024-04-26T23:10:56.027+0000] {dag.py:3954} INFO - Setting next_dagrun for example_branch_dop_operator_v3 to 2024-04-26 23:09:00+00:00, run_after=2024-04-26 23:10:00+00:00
[2024-04-26T23:10:56.050+0000] {processor.py:183} INFO - Processing /home/airflow/.local/lib/python3.12/site-packages/airflow/example_dags/example_branch_python_dop_operator_3.py took 0.081 seconds
[2024-04-26T23:11:26.079+0000] {processor.py:161} INFO - Started process (PID=228) to work on /home/airflow/.local/lib/python3.12/site-packages/airflow/example_dags/example_branch_python_dop_operator_3.py
[2024-04-26T23:11:26.080+0000] {processor.py:830} INFO - Processing file /home/airflow/.local/lib/python3.12/site-packages/airflow/example_dags/example_branch_python_dop_operator_3.py for tasks to queue
[2024-04-26T23:11:26.082+0000] {logging_mixin.py:188} INFO - [2024-04-26T23:11:26.081+0000] {dagbag.py:540} INFO - Filling up the DagBag from /home/airflow/.local/lib/python3.12/site-packages/airflow/example_dags/example_branch_python_dop_operator_3.py
[2024-04-26T23:11:26.089+0000] {processor.py:840} INFO - DAG(s) 'example_branch_dop_operator_v3' retrieved from /home/airflow/.local/lib/python3.12/site-packages/airflow/example_dags/example_branch_python_dop_operator_3.py
[2024-04-26T23:11:26.107+0000] {logging_mixin.py:188} INFO - [2024-04-26T23:11:26.106+0000] {dag.py:3096} INFO - Sync 1 DAGs
[2024-04-26T23:11:26.126+0000] {logging_mixin.py:188} INFO - [2024-04-26T23:11:26.126+0000] {dag.py:3954} INFO - Setting next_dagrun for example_branch_dop_operator_v3 to 2024-04-26 23:10:00+00:00, run_after=2024-04-26 23:11:00+00:00
[2024-04-26T23:11:26.143+0000] {processor.py:183} INFO - Processing /home/airflow/.local/lib/python3.12/site-packages/airflow/example_dags/example_branch_python_dop_operator_3.py took 0.069 seconds
[2024-04-26T23:11:56.249+0000] {processor.py:161} INFO - Started process (PID=287) to work on /home/airflow/.local/lib/python3.12/site-packages/airflow/example_dags/example_branch_python_dop_operator_3.py
[2024-04-26T23:11:56.250+0000] {processor.py:830} INFO - Processing file /home/airflow/.local/lib/python3.12/site-packages/airflow/example_dags/example_branch_python_dop_operator_3.py for tasks to queue
[2024-04-26T23:11:56.253+0000] {logging_mixin.py:188} INFO - [2024-04-26T23:11:56.252+0000] {dagbag.py:540} INFO - Filling up the DagBag from /home/airflow/.local/lib/python3.12/site-packages/airflow/example_dags/example_branch_python_dop_operator_3.py
[2024-04-26T23:11:56.260+0000] {processor.py:840} INFO - DAG(s) 'example_branch_dop_operator_v3' retrieved from /home/airflow/.local/lib/python3.12/site-packages/airflow/example_dags/example_branch_python_dop_operator_3.py
[2024-04-26T23:11:56.279+0000] {logging_mixin.py:188} INFO - [2024-04-26T23:11:56.278+0000] {dag.py:3096} INFO - Sync 1 DAGs
[2024-04-26T23:11:56.300+0000] {logging_mixin.py:188} INFO - [2024-04-26T23:11:56.300+0000] {dag.py:3954} INFO - Setting next_dagrun for example_branch_dop_operator_v3 to 2024-04-26 23:10:00+00:00, run_after=2024-04-26 23:11:00+00:00
[2024-04-26T23:11:56.319+0000] {processor.py:183} INFO - Processing /home/airflow/.local/lib/python3.12/site-packages/airflow/example_dags/example_branch_python_dop_operator_3.py took 0.075 seconds
[2024-04-26T23:12:26.555+0000] {processor.py:161} INFO - Started process (PID=346) to work on /home/airflow/.local/lib/python3.12/site-packages/airflow/example_dags/example_branch_python_dop_operator_3.py
[2024-04-26T23:12:26.556+0000] {processor.py:830} INFO - Processing file /home/airflow/.local/lib/python3.12/site-packages/airflow/example_dags/example_branch_python_dop_operator_3.py for tasks to queue
[2024-04-26T23:12:26.558+0000] {logging_mixin.py:188} INFO - [2024-04-26T23:12:26.558+0000] {dagbag.py:540} INFO - Filling up the DagBag from /home/airflow/.local/lib/python3.12/site-packages/airflow/example_dags/example_branch_python_dop_operator_3.py
[2024-04-26T23:12:26.568+0000] {processor.py:840} INFO - DAG(s) 'example_branch_dop_operator_v3' retrieved from /home/airflow/.local/lib/python3.12/site-packages/airflow/example_dags/example_branch_python_dop_operator_3.py
[2024-04-26T23:12:26.587+0000] {logging_mixin.py:188} INFO - [2024-04-26T23:12:26.586+0000] {dag.py:3096} INFO - Sync 1 DAGs
[2024-04-26T23:12:26.607+0000] {logging_mixin.py:188} INFO - [2024-04-26T23:12:26.607+0000] {dag.py:3954} INFO - Setting next_dagrun for example_branch_dop_operator_v3 to 2024-04-26 23:11:00+00:00, run_after=2024-04-26 23:12:00+00:00
[2024-04-26T23:12:26.623+0000] {processor.py:183} INFO - Processing /home/airflow/.local/lib/python3.12/site-packages/airflow/example_dags/example_branch_python_dop_operator_3.py took 0.075 seconds
[2024-04-26T23:12:56.996+0000] {processor.py:161} INFO - Started process (PID=405) to work on /home/airflow/.local/lib/python3.12/site-packages/airflow/example_dags/example_branch_python_dop_operator_3.py
[2024-04-26T23:12:56.997+0000] {processor.py:830} INFO - Processing file /home/airflow/.local/lib/python3.12/site-packages/airflow/example_dags/example_branch_python_dop_operator_3.py for tasks to queue
[2024-04-26T23:12:56.999+0000] {logging_mixin.py:188} INFO - [2024-04-26T23:12:56.999+0000] {dagbag.py:540} INFO - Filling up the DagBag from /home/airflow/.local/lib/python3.12/site-packages/airflow/example_dags/example_branch_python_dop_operator_3.py
[2024-04-26T23:12:57.008+0000] {processor.py:840} INFO - DAG(s) 'example_branch_dop_operator_v3' retrieved from /home/airflow/.local/lib/python3.12/site-packages/airflow/example_dags/example_branch_python_dop_operator_3.py
[2024-04-26T23:12:57.029+0000] {logging_mixin.py:188} INFO - [2024-04-26T23:12:57.029+0000] {dag.py:3096} INFO - Sync 1 DAGs
[2024-04-26T23:12:57.053+0000] {logging_mixin.py:188} INFO - [2024-04-26T23:12:57.053+0000] {dag.py:3954} INFO - Setting next_dagrun for example_branch_dop_operator_v3 to 2024-04-26 23:11:00+00:00, run_after=2024-04-26 23:12:00+00:00
[2024-04-26T23:12:57.077+0000] {processor.py:183} INFO - Processing /home/airflow/.local/lib/python3.12/site-packages/airflow/example_dags/example_branch_python_dop_operator_3.py took 0.086 seconds
[2024-04-26T23:13:27.188+0000] {processor.py:161} INFO - Started process (PID=464) to work on /home/airflow/.local/lib/python3.12/site-packages/airflow/example_dags/example_branch_python_dop_operator_3.py
[2024-04-26T23:13:27.189+0000] {processor.py:830} INFO - Processing file /home/airflow/.local/lib/python3.12/site-packages/airflow/example_dags/example_branch_python_dop_operator_3.py for tasks to queue
[2024-04-26T23:13:27.191+0000] {logging_mixin.py:188} INFO - [2024-04-26T23:13:27.190+0000] {dagbag.py:540} INFO - Filling up the DagBag from /home/airflow/.local/lib/python3.12/site-packages/airflow/example_dags/example_branch_python_dop_operator_3.py
[2024-04-26T23:13:27.200+0000] {processor.py:840} INFO - DAG(s) 'example_branch_dop_operator_v3' retrieved from /home/airflow/.local/lib/python3.12/site-packages/airflow/example_dags/example_branch_python_dop_operator_3.py
[2024-04-26T23:13:27.224+0000] {logging_mixin.py:188} INFO - [2024-04-26T23:13:27.223+0000] {dag.py:3096} INFO - Sync 1 DAGs
[2024-04-26T23:13:27.249+0000] {logging_mixin.py:188} INFO - [2024-04-26T23:13:27.248+0000] {dag.py:3954} INFO - Setting next_dagrun for example_branch_dop_operator_v3 to 2024-04-26 23:12:00+00:00, run_after=2024-04-26 23:13:00+00:00
[2024-04-26T23:13:27.269+0000] {processor.py:183} INFO - Processing /home/airflow/.local/lib/python3.12/site-packages/airflow/example_dags/example_branch_python_dop_operator_3.py took 0.087 seconds
[2024-04-26T23:17:52.974+0000] {processor.py:161} INFO - Started process (PID=51) to work on /home/airflow/.local/lib/python3.12/site-packages/airflow/example_dags/example_branch_python_dop_operator_3.py
[2024-04-26T23:17:52.976+0000] {processor.py:830} INFO - Processing file /home/airflow/.local/lib/python3.12/site-packages/airflow/example_dags/example_branch_python_dop_operator_3.py for tasks to queue
[2024-04-26T23:17:52.981+0000] {logging_mixin.py:188} INFO - [2024-04-26T23:17:52.980+0000] {dagbag.py:540} INFO - Filling up the DagBag from /home/airflow/.local/lib/python3.12/site-packages/airflow/example_dags/example_branch_python_dop_operator_3.py
[2024-04-26T23:17:53.004+0000] {processor.py:840} INFO - DAG(s) 'example_branch_dop_operator_v3' retrieved from /home/airflow/.local/lib/python3.12/site-packages/airflow/example_dags/example_branch_python_dop_operator_3.py
[2024-04-26T23:17:53.024+0000] {logging_mixin.py:188} INFO - [2024-04-26T23:17:53.023+0000] {dag.py:3096} INFO - Sync 1 DAGs
[2024-04-26T23:17:53.053+0000] {logging_mixin.py:188} INFO - [2024-04-26T23:17:53.052+0000] {dag.py:3954} INFO - Setting next_dagrun for example_branch_dop_operator_v3 to 2024-04-26 23:16:00+00:00, run_after=2024-04-26 23:17:00+00:00
[2024-04-26T23:17:53.079+0000] {processor.py:183} INFO - Processing /home/airflow/.local/lib/python3.12/site-packages/airflow/example_dags/example_branch_python_dop_operator_3.py took 0.111 seconds
[2024-04-26T23:18:23.821+0000] {processor.py:161} INFO - Started process (PID=110) to work on /home/airflow/.local/lib/python3.12/site-packages/airflow/example_dags/example_branch_python_dop_operator_3.py
[2024-04-26T23:18:23.822+0000] {processor.py:830} INFO - Processing file /home/airflow/.local/lib/python3.12/site-packages/airflow/example_dags/example_branch_python_dop_operator_3.py for tasks to queue
[2024-04-26T23:18:23.825+0000] {logging_mixin.py:188} INFO - [2024-04-26T23:18:23.825+0000] {dagbag.py:540} INFO - Filling up the DagBag from /home/airflow/.local/lib/python3.12/site-packages/airflow/example_dags/example_branch_python_dop_operator_3.py
[2024-04-26T23:18:23.834+0000] {processor.py:840} INFO - DAG(s) 'example_branch_dop_operator_v3' retrieved from /home/airflow/.local/lib/python3.12/site-packages/airflow/example_dags/example_branch_python_dop_operator_3.py
[2024-04-26T23:18:23.924+0000] {logging_mixin.py:188} INFO - [2024-04-26T23:18:23.924+0000] {dag.py:3096} INFO - Sync 1 DAGs
[2024-04-26T23:18:23.942+0000] {logging_mixin.py:188} INFO - [2024-04-26T23:18:23.942+0000] {dag.py:3954} INFO - Setting next_dagrun for example_branch_dop_operator_v3 to 2024-04-26 23:17:00+00:00, run_after=2024-04-26 23:18:00+00:00
[2024-04-26T23:18:23.961+0000] {processor.py:183} INFO - Processing /home/airflow/.local/lib/python3.12/site-packages/airflow/example_dags/example_branch_python_dop_operator_3.py took 0.145 seconds
[2024-04-26T23:18:54.829+0000] {processor.py:161} INFO - Started process (PID=169) to work on /home/airflow/.local/lib/python3.12/site-packages/airflow/example_dags/example_branch_python_dop_operator_3.py
[2024-04-26T23:18:54.830+0000] {processor.py:830} INFO - Processing file /home/airflow/.local/lib/python3.12/site-packages/airflow/example_dags/example_branch_python_dop_operator_3.py for tasks to queue
[2024-04-26T23:18:54.833+0000] {logging_mixin.py:188} INFO - [2024-04-26T23:18:54.832+0000] {dagbag.py:540} INFO - Filling up the DagBag from /home/airflow/.local/lib/python3.12/site-packages/airflow/example_dags/example_branch_python_dop_operator_3.py
[2024-04-26T23:18:54.842+0000] {processor.py:840} INFO - DAG(s) 'example_branch_dop_operator_v3' retrieved from /home/airflow/.local/lib/python3.12/site-packages/airflow/example_dags/example_branch_python_dop_operator_3.py
[2024-04-26T23:18:54.860+0000] {logging_mixin.py:188} INFO - [2024-04-26T23:18:54.859+0000] {dag.py:3096} INFO - Sync 1 DAGs
[2024-04-26T23:18:54.883+0000] {logging_mixin.py:188} INFO - [2024-04-26T23:18:54.883+0000] {dag.py:3954} INFO - Setting next_dagrun for example_branch_dop_operator_v3 to 2024-04-26 23:17:00+00:00, run_after=2024-04-26 23:18:00+00:00
[2024-04-26T23:18:54.907+0000] {processor.py:183} INFO - Processing /home/airflow/.local/lib/python3.12/site-packages/airflow/example_dags/example_branch_python_dop_operator_3.py took 0.085 seconds
[2024-04-26T23:19:42.406+0000] {processor.py:161} INFO - Started process (PID=51) to work on /home/airflow/.local/lib/python3.12/site-packages/airflow/example_dags/example_branch_python_dop_operator_3.py
[2024-04-26T23:19:42.407+0000] {processor.py:830} INFO - Processing file /home/airflow/.local/lib/python3.12/site-packages/airflow/example_dags/example_branch_python_dop_operator_3.py for tasks to queue
[2024-04-26T23:19:42.409+0000] {logging_mixin.py:188} INFO - [2024-04-26T23:19:42.409+0000] {dagbag.py:540} INFO - Filling up the DagBag from /home/airflow/.local/lib/python3.12/site-packages/airflow/example_dags/example_branch_python_dop_operator_3.py
[2024-04-26T23:19:42.417+0000] {processor.py:840} INFO - DAG(s) 'example_branch_dop_operator_v3' retrieved from /home/airflow/.local/lib/python3.12/site-packages/airflow/example_dags/example_branch_python_dop_operator_3.py
[2024-04-26T23:19:42.428+0000] {logging_mixin.py:188} INFO - [2024-04-26T23:19:42.428+0000] {dag.py:3096} INFO - Sync 1 DAGs
[2024-04-26T23:19:42.453+0000] {logging_mixin.py:188} INFO - [2024-04-26T23:19:42.453+0000] {dag.py:3954} INFO - Setting next_dagrun for example_branch_dop_operator_v3 to 2024-04-26 23:18:00+00:00, run_after=2024-04-26 23:19:00+00:00
[2024-04-26T23:19:42.474+0000] {processor.py:183} INFO - Processing /home/airflow/.local/lib/python3.12/site-packages/airflow/example_dags/example_branch_python_dop_operator_3.py took 0.073 seconds
[2024-04-26T23:20:13.012+0000] {processor.py:161} INFO - Started process (PID=110) to work on /home/airflow/.local/lib/python3.12/site-packages/airflow/example_dags/example_branch_python_dop_operator_3.py
[2024-04-26T23:20:13.013+0000] {processor.py:830} INFO - Processing file /home/airflow/.local/lib/python3.12/site-packages/airflow/example_dags/example_branch_python_dop_operator_3.py for tasks to queue
[2024-04-26T23:20:13.016+0000] {logging_mixin.py:188} INFO - [2024-04-26T23:20:13.016+0000] {dagbag.py:540} INFO - Filling up the DagBag from /home/airflow/.local/lib/python3.12/site-packages/airflow/example_dags/example_branch_python_dop_operator_3.py
[2024-04-26T23:20:13.024+0000] {processor.py:840} INFO - DAG(s) 'example_branch_dop_operator_v3' retrieved from /home/airflow/.local/lib/python3.12/site-packages/airflow/example_dags/example_branch_python_dop_operator_3.py
[2024-04-26T23:20:13.105+0000] {logging_mixin.py:188} INFO - [2024-04-26T23:20:13.104+0000] {dag.py:3096} INFO - Sync 1 DAGs
[2024-04-26T23:20:13.123+0000] {logging_mixin.py:188} INFO - [2024-04-26T23:20:13.123+0000] {dag.py:3954} INFO - Setting next_dagrun for example_branch_dop_operator_v3 to 2024-04-26 23:19:00+00:00, run_after=2024-04-26 23:20:00+00:00
[2024-04-26T23:20:13.143+0000] {processor.py:183} INFO - Processing /home/airflow/.local/lib/python3.12/site-packages/airflow/example_dags/example_branch_python_dop_operator_3.py took 0.136 seconds
[2024-04-26T23:20:44.017+0000] {processor.py:161} INFO - Started process (PID=169) to work on /home/airflow/.local/lib/python3.12/site-packages/airflow/example_dags/example_branch_python_dop_operator_3.py
[2024-04-26T23:20:44.018+0000] {processor.py:830} INFO - Processing file /home/airflow/.local/lib/python3.12/site-packages/airflow/example_dags/example_branch_python_dop_operator_3.py for tasks to queue
[2024-04-26T23:20:44.019+0000] {logging_mixin.py:188} INFO - [2024-04-26T23:20:44.019+0000] {dagbag.py:540} INFO - Filling up the DagBag from /home/airflow/.local/lib/python3.12/site-packages/airflow/example_dags/example_branch_python_dop_operator_3.py
[2024-04-26T23:20:44.026+0000] {processor.py:840} INFO - DAG(s) 'example_branch_dop_operator_v3' retrieved from /home/airflow/.local/lib/python3.12/site-packages/airflow/example_dags/example_branch_python_dop_operator_3.py
[2024-04-26T23:20:44.043+0000] {logging_mixin.py:188} INFO - [2024-04-26T23:20:44.043+0000] {dag.py:3096} INFO - Sync 1 DAGs
[2024-04-26T23:20:44.062+0000] {logging_mixin.py:188} INFO - [2024-04-26T23:20:44.061+0000] {dag.py:3954} INFO - Setting next_dagrun for example_branch_dop_operator_v3 to 2024-04-26 23:19:00+00:00, run_after=2024-04-26 23:20:00+00:00
[2024-04-26T23:20:44.078+0000] {processor.py:183} INFO - Processing /home/airflow/.local/lib/python3.12/site-packages/airflow/example_dags/example_branch_python_dop_operator_3.py took 0.066 seconds
[2024-04-26T23:21:14.153+0000] {processor.py:161} INFO - Started process (PID=228) to work on /home/airflow/.local/lib/python3.12/site-packages/airflow/example_dags/example_branch_python_dop_operator_3.py
[2024-04-26T23:21:14.154+0000] {processor.py:830} INFO - Processing file /home/airflow/.local/lib/python3.12/site-packages/airflow/example_dags/example_branch_python_dop_operator_3.py for tasks to queue
[2024-04-26T23:21:14.155+0000] {logging_mixin.py:188} INFO - [2024-04-26T23:21:14.155+0000] {dagbag.py:540} INFO - Filling up the DagBag from /home/airflow/.local/lib/python3.12/site-packages/airflow/example_dags/example_branch_python_dop_operator_3.py
[2024-04-26T23:21:14.163+0000] {processor.py:840} INFO - DAG(s) 'example_branch_dop_operator_v3' retrieved from /home/airflow/.local/lib/python3.12/site-packages/airflow/example_dags/example_branch_python_dop_operator_3.py
[2024-04-26T23:21:14.185+0000] {logging_mixin.py:188} INFO - [2024-04-26T23:21:14.184+0000] {dag.py:3096} INFO - Sync 1 DAGs
[2024-04-26T23:21:14.206+0000] {logging_mixin.py:188} INFO - [2024-04-26T23:21:14.206+0000] {dag.py:3954} INFO - Setting next_dagrun for example_branch_dop_operator_v3 to 2024-04-26 23:20:00+00:00, run_after=2024-04-26 23:21:00+00:00
[2024-04-26T23:21:14.224+0000] {processor.py:183} INFO - Processing /home/airflow/.local/lib/python3.12/site-packages/airflow/example_dags/example_branch_python_dop_operator_3.py took 0.076 seconds
[2024-04-26T23:21:44.702+0000] {processor.py:161} INFO - Started process (PID=287) to work on /home/airflow/.local/lib/python3.12/site-packages/airflow/example_dags/example_branch_python_dop_operator_3.py
[2024-04-26T23:21:44.703+0000] {processor.py:830} INFO - Processing file /home/airflow/.local/lib/python3.12/site-packages/airflow/example_dags/example_branch_python_dop_operator_3.py for tasks to queue
[2024-04-26T23:21:44.706+0000] {logging_mixin.py:188} INFO - [2024-04-26T23:21:44.706+0000] {dagbag.py:540} INFO - Filling up the DagBag from /home/airflow/.local/lib/python3.12/site-packages/airflow/example_dags/example_branch_python_dop_operator_3.py
[2024-04-26T23:21:44.717+0000] {processor.py:840} INFO - DAG(s) 'example_branch_dop_operator_v3' retrieved from /home/airflow/.local/lib/python3.12/site-packages/airflow/example_dags/example_branch_python_dop_operator_3.py
[2024-04-26T23:21:44.740+0000] {logging_mixin.py:188} INFO - [2024-04-26T23:21:44.740+0000] {dag.py:3096} INFO - Sync 1 DAGs
[2024-04-26T23:21:44.770+0000] {logging_mixin.py:188} INFO - [2024-04-26T23:21:44.769+0000] {dag.py:3954} INFO - Setting next_dagrun for example_branch_dop_operator_v3 to 2024-04-26 23:20:00+00:00, run_after=2024-04-26 23:21:00+00:00
[2024-04-26T23:21:44.797+0000] {processor.py:183} INFO - Processing /home/airflow/.local/lib/python3.12/site-packages/airflow/example_dags/example_branch_python_dop_operator_3.py took 0.101 seconds
