[2024-04-26T22:58:28.274+0000] {processor.py:161} INFO - Started process (PID=62) to work on /home/airflow/.local/lib/python3.12/site-packages/airflow/example_dags/example_branch_operator.py
[2024-04-26T22:58:28.279+0000] {processor.py:830} INFO - Processing file /home/airflow/.local/lib/python3.12/site-packages/airflow/example_dags/example_branch_operator.py for tasks to queue
[2024-04-26T22:58:28.291+0000] {logging_mixin.py:188} INFO - [2024-04-26T22:58:28.289+0000] {dagbag.py:540} INFO - Filling up the DagBag from /home/airflow/.local/lib/python3.12/site-packages/airflow/example_dags/example_branch_operator.py
[2024-04-26T22:58:28.342+0000] {processor.py:840} INFO - DAG(s) 'example_branch_operator' retrieved from /home/airflow/.local/lib/python3.12/site-packages/airflow/example_dags/example_branch_operator.py
[2024-04-26T22:58:28.493+0000] {logging_mixin.py:188} INFO - [2024-04-26T22:58:28.492+0000] {dag.py:3096} INFO - Sync 1 DAGs
[2024-04-26T22:58:28.582+0000] {logging_mixin.py:188} INFO - [2024-04-26T22:58:28.580+0000] {dag.py:3954} INFO - Setting next_dagrun for example_branch_operator to 2024-04-25 00:00:00+00:00, run_after=2024-04-26 00:00:00+00:00
[2024-04-26T22:58:28.665+0000] {processor.py:183} INFO - Processing /home/airflow/.local/lib/python3.12/site-packages/airflow/example_dags/example_branch_operator.py took 0.433 seconds
[2024-04-26T22:58:58.761+0000] {processor.py:161} INFO - Started process (PID=121) to work on /home/airflow/.local/lib/python3.12/site-packages/airflow/example_dags/example_branch_operator.py
[2024-04-26T22:58:58.762+0000] {processor.py:830} INFO - Processing file /home/airflow/.local/lib/python3.12/site-packages/airflow/example_dags/example_branch_operator.py for tasks to queue
[2024-04-26T22:58:58.765+0000] {logging_mixin.py:188} INFO - [2024-04-26T22:58:58.764+0000] {dagbag.py:540} INFO - Filling up the DagBag from /home/airflow/.local/lib/python3.12/site-packages/airflow/example_dags/example_branch_operator.py
[2024-04-26T22:58:58.780+0000] {processor.py:840} INFO - DAG(s) 'example_branch_operator' retrieved from /home/airflow/.local/lib/python3.12/site-packages/airflow/example_dags/example_branch_operator.py
[2024-04-26T22:58:58.812+0000] {logging_mixin.py:188} INFO - [2024-04-26T22:58:58.812+0000] {dag.py:3096} INFO - Sync 1 DAGs
[2024-04-26T22:58:58.834+0000] {logging_mixin.py:188} INFO - [2024-04-26T22:58:58.834+0000] {dag.py:3954} INFO - Setting next_dagrun for example_branch_operator to 2024-04-25 00:00:00+00:00, run_after=2024-04-26 00:00:00+00:00
[2024-04-26T22:58:58.858+0000] {processor.py:183} INFO - Processing /home/airflow/.local/lib/python3.12/site-packages/airflow/example_dags/example_branch_operator.py took 0.104 seconds
[2024-04-26T22:59:29.635+0000] {processor.py:161} INFO - Started process (PID=180) to work on /home/airflow/.local/lib/python3.12/site-packages/airflow/example_dags/example_branch_operator.py
[2024-04-26T22:59:29.637+0000] {processor.py:830} INFO - Processing file /home/airflow/.local/lib/python3.12/site-packages/airflow/example_dags/example_branch_operator.py for tasks to queue
[2024-04-26T22:59:29.638+0000] {logging_mixin.py:188} INFO - [2024-04-26T22:59:29.638+0000] {dagbag.py:540} INFO - Filling up the DagBag from /home/airflow/.local/lib/python3.12/site-packages/airflow/example_dags/example_branch_operator.py
[2024-04-26T22:59:29.653+0000] {processor.py:840} INFO - DAG(s) 'example_branch_operator' retrieved from /home/airflow/.local/lib/python3.12/site-packages/airflow/example_dags/example_branch_operator.py
[2024-04-26T22:59:29.680+0000] {logging_mixin.py:188} INFO - [2024-04-26T22:59:29.679+0000] {dag.py:3096} INFO - Sync 1 DAGs
[2024-04-26T22:59:29.700+0000] {logging_mixin.py:188} INFO - [2024-04-26T22:59:29.700+0000] {dag.py:3954} INFO - Setting next_dagrun for example_branch_operator to 2024-04-25 00:00:00+00:00, run_after=2024-04-26 00:00:00+00:00
[2024-04-26T22:59:29.721+0000] {processor.py:183} INFO - Processing /home/airflow/.local/lib/python3.12/site-packages/airflow/example_dags/example_branch_operator.py took 0.091 seconds
[2024-04-26T22:59:59.815+0000] {processor.py:161} INFO - Started process (PID=239) to work on /home/airflow/.local/lib/python3.12/site-packages/airflow/example_dags/example_branch_operator.py
[2024-04-26T22:59:59.816+0000] {processor.py:830} INFO - Processing file /home/airflow/.local/lib/python3.12/site-packages/airflow/example_dags/example_branch_operator.py for tasks to queue
[2024-04-26T22:59:59.817+0000] {logging_mixin.py:188} INFO - [2024-04-26T22:59:59.817+0000] {dagbag.py:540} INFO - Filling up the DagBag from /home/airflow/.local/lib/python3.12/site-packages/airflow/example_dags/example_branch_operator.py
[2024-04-26T22:59:59.831+0000] {processor.py:840} INFO - DAG(s) 'example_branch_operator' retrieved from /home/airflow/.local/lib/python3.12/site-packages/airflow/example_dags/example_branch_operator.py
[2024-04-26T22:59:59.858+0000] {logging_mixin.py:188} INFO - [2024-04-26T22:59:59.858+0000] {dag.py:3096} INFO - Sync 1 DAGs
[2024-04-26T22:59:59.878+0000] {logging_mixin.py:188} INFO - [2024-04-26T22:59:59.878+0000] {dag.py:3954} INFO - Setting next_dagrun for example_branch_operator to 2024-04-25 00:00:00+00:00, run_after=2024-04-26 00:00:00+00:00
[2024-04-26T22:59:59.896+0000] {processor.py:183} INFO - Processing /home/airflow/.local/lib/python3.12/site-packages/airflow/example_dags/example_branch_operator.py took 0.087 seconds
[2024-04-26T23:00:30.003+0000] {processor.py:161} INFO - Started process (PID=298) to work on /home/airflow/.local/lib/python3.12/site-packages/airflow/example_dags/example_branch_operator.py
[2024-04-26T23:00:30.004+0000] {processor.py:830} INFO - Processing file /home/airflow/.local/lib/python3.12/site-packages/airflow/example_dags/example_branch_operator.py for tasks to queue
[2024-04-26T23:00:30.006+0000] {logging_mixin.py:188} INFO - [2024-04-26T23:00:30.006+0000] {dagbag.py:540} INFO - Filling up the DagBag from /home/airflow/.local/lib/python3.12/site-packages/airflow/example_dags/example_branch_operator.py
[2024-04-26T23:00:30.020+0000] {processor.py:840} INFO - DAG(s) 'example_branch_operator' retrieved from /home/airflow/.local/lib/python3.12/site-packages/airflow/example_dags/example_branch_operator.py
[2024-04-26T23:00:30.048+0000] {logging_mixin.py:188} INFO - [2024-04-26T23:00:30.048+0000] {dag.py:3096} INFO - Sync 1 DAGs
[2024-04-26T23:00:30.068+0000] {logging_mixin.py:188} INFO - [2024-04-26T23:00:30.068+0000] {dag.py:3954} INFO - Setting next_dagrun for example_branch_operator to 2024-04-25 00:00:00+00:00, run_after=2024-04-26 00:00:00+00:00
[2024-04-26T23:00:30.087+0000] {processor.py:183} INFO - Processing /home/airflow/.local/lib/python3.12/site-packages/airflow/example_dags/example_branch_operator.py took 0.090 seconds
[2024-04-26T23:01:00.220+0000] {processor.py:161} INFO - Started process (PID=357) to work on /home/airflow/.local/lib/python3.12/site-packages/airflow/example_dags/example_branch_operator.py
[2024-04-26T23:01:00.221+0000] {processor.py:830} INFO - Processing file /home/airflow/.local/lib/python3.12/site-packages/airflow/example_dags/example_branch_operator.py for tasks to queue
[2024-04-26T23:01:00.223+0000] {logging_mixin.py:188} INFO - [2024-04-26T23:01:00.223+0000] {dagbag.py:540} INFO - Filling up the DagBag from /home/airflow/.local/lib/python3.12/site-packages/airflow/example_dags/example_branch_operator.py
[2024-04-26T23:01:00.241+0000] {processor.py:840} INFO - DAG(s) 'example_branch_operator' retrieved from /home/airflow/.local/lib/python3.12/site-packages/airflow/example_dags/example_branch_operator.py
[2024-04-26T23:01:00.272+0000] {logging_mixin.py:188} INFO - [2024-04-26T23:01:00.271+0000] {dag.py:3096} INFO - Sync 1 DAGs
[2024-04-26T23:01:00.295+0000] {logging_mixin.py:188} INFO - [2024-04-26T23:01:00.295+0000] {dag.py:3954} INFO - Setting next_dagrun for example_branch_operator to 2024-04-25 00:00:00+00:00, run_after=2024-04-26 00:00:00+00:00
[2024-04-26T23:01:00.318+0000] {processor.py:183} INFO - Processing /home/airflow/.local/lib/python3.12/site-packages/airflow/example_dags/example_branch_operator.py took 0.104 seconds
[2024-04-26T23:01:31.106+0000] {processor.py:161} INFO - Started process (PID=416) to work on /home/airflow/.local/lib/python3.12/site-packages/airflow/example_dags/example_branch_operator.py
[2024-04-26T23:01:31.107+0000] {processor.py:830} INFO - Processing file /home/airflow/.local/lib/python3.12/site-packages/airflow/example_dags/example_branch_operator.py for tasks to queue
[2024-04-26T23:01:31.109+0000] {logging_mixin.py:188} INFO - [2024-04-26T23:01:31.109+0000] {dagbag.py:540} INFO - Filling up the DagBag from /home/airflow/.local/lib/python3.12/site-packages/airflow/example_dags/example_branch_operator.py
[2024-04-26T23:01:31.126+0000] {processor.py:840} INFO - DAG(s) 'example_branch_operator' retrieved from /home/airflow/.local/lib/python3.12/site-packages/airflow/example_dags/example_branch_operator.py
[2024-04-26T23:01:31.161+0000] {logging_mixin.py:188} INFO - [2024-04-26T23:01:31.160+0000] {dag.py:3096} INFO - Sync 1 DAGs
[2024-04-26T23:01:31.188+0000] {logging_mixin.py:188} INFO - [2024-04-26T23:01:31.187+0000] {dag.py:3954} INFO - Setting next_dagrun for example_branch_operator to 2024-04-25 00:00:00+00:00, run_after=2024-04-26 00:00:00+00:00
[2024-04-26T23:01:31.218+0000] {processor.py:183} INFO - Processing /home/airflow/.local/lib/python3.12/site-packages/airflow/example_dags/example_branch_operator.py took 0.119 seconds
[2024-04-26T23:02:01.385+0000] {processor.py:161} INFO - Started process (PID=475) to work on /home/airflow/.local/lib/python3.12/site-packages/airflow/example_dags/example_branch_operator.py
[2024-04-26T23:02:01.386+0000] {processor.py:830} INFO - Processing file /home/airflow/.local/lib/python3.12/site-packages/airflow/example_dags/example_branch_operator.py for tasks to queue
[2024-04-26T23:02:01.388+0000] {logging_mixin.py:188} INFO - [2024-04-26T23:02:01.388+0000] {dagbag.py:540} INFO - Filling up the DagBag from /home/airflow/.local/lib/python3.12/site-packages/airflow/example_dags/example_branch_operator.py
[2024-04-26T23:02:01.404+0000] {processor.py:840} INFO - DAG(s) 'example_branch_operator' retrieved from /home/airflow/.local/lib/python3.12/site-packages/airflow/example_dags/example_branch_operator.py
[2024-04-26T23:02:01.437+0000] {logging_mixin.py:188} INFO - [2024-04-26T23:02:01.437+0000] {dag.py:3096} INFO - Sync 1 DAGs
[2024-04-26T23:02:01.460+0000] {logging_mixin.py:188} INFO - [2024-04-26T23:02:01.459+0000] {dag.py:3954} INFO - Setting next_dagrun for example_branch_operator to 2024-04-25 00:00:00+00:00, run_after=2024-04-26 00:00:00+00:00
[2024-04-26T23:02:01.480+0000] {processor.py:183} INFO - Processing /home/airflow/.local/lib/python3.12/site-packages/airflow/example_dags/example_branch_operator.py took 0.100 seconds
[2024-04-26T23:02:31.926+0000] {processor.py:161} INFO - Started process (PID=534) to work on /home/airflow/.local/lib/python3.12/site-packages/airflow/example_dags/example_branch_operator.py
[2024-04-26T23:02:31.927+0000] {processor.py:830} INFO - Processing file /home/airflow/.local/lib/python3.12/site-packages/airflow/example_dags/example_branch_operator.py for tasks to queue
[2024-04-26T23:02:31.929+0000] {logging_mixin.py:188} INFO - [2024-04-26T23:02:31.929+0000] {dagbag.py:540} INFO - Filling up the DagBag from /home/airflow/.local/lib/python3.12/site-packages/airflow/example_dags/example_branch_operator.py
[2024-04-26T23:02:31.944+0000] {processor.py:840} INFO - DAG(s) 'example_branch_operator' retrieved from /home/airflow/.local/lib/python3.12/site-packages/airflow/example_dags/example_branch_operator.py
[2024-04-26T23:02:31.987+0000] {logging_mixin.py:188} INFO - [2024-04-26T23:02:31.987+0000] {dag.py:3096} INFO - Sync 1 DAGs
[2024-04-26T23:02:32.017+0000] {logging_mixin.py:188} INFO - [2024-04-26T23:02:32.016+0000] {dag.py:3954} INFO - Setting next_dagrun for example_branch_operator to 2024-04-25 00:00:00+00:00, run_after=2024-04-26 00:00:00+00:00
[2024-04-26T23:02:32.047+0000] {processor.py:183} INFO - Processing /home/airflow/.local/lib/python3.12/site-packages/airflow/example_dags/example_branch_operator.py took 0.128 seconds
[2024-04-26T23:03:02.185+0000] {processor.py:161} INFO - Started process (PID=593) to work on /home/airflow/.local/lib/python3.12/site-packages/airflow/example_dags/example_branch_operator.py
[2024-04-26T23:03:02.186+0000] {processor.py:830} INFO - Processing file /home/airflow/.local/lib/python3.12/site-packages/airflow/example_dags/example_branch_operator.py for tasks to queue
[2024-04-26T23:03:02.188+0000] {logging_mixin.py:188} INFO - [2024-04-26T23:03:02.188+0000] {dagbag.py:540} INFO - Filling up the DagBag from /home/airflow/.local/lib/python3.12/site-packages/airflow/example_dags/example_branch_operator.py
[2024-04-26T23:03:02.201+0000] {processor.py:840} INFO - DAG(s) 'example_branch_operator' retrieved from /home/airflow/.local/lib/python3.12/site-packages/airflow/example_dags/example_branch_operator.py
[2024-04-26T23:03:02.226+0000] {logging_mixin.py:188} INFO - [2024-04-26T23:03:02.225+0000] {dag.py:3096} INFO - Sync 1 DAGs
[2024-04-26T23:03:02.243+0000] {logging_mixin.py:188} INFO - [2024-04-26T23:03:02.243+0000] {dag.py:3954} INFO - Setting next_dagrun for example_branch_operator to 2024-04-25 00:00:00+00:00, run_after=2024-04-26 00:00:00+00:00
[2024-04-26T23:03:02.259+0000] {processor.py:183} INFO - Processing /home/airflow/.local/lib/python3.12/site-packages/airflow/example_dags/example_branch_operator.py took 0.079 seconds
[2024-04-26T23:03:32.455+0000] {processor.py:161} INFO - Started process (PID=652) to work on /home/airflow/.local/lib/python3.12/site-packages/airflow/example_dags/example_branch_operator.py
[2024-04-26T23:03:32.456+0000] {processor.py:830} INFO - Processing file /home/airflow/.local/lib/python3.12/site-packages/airflow/example_dags/example_branch_operator.py for tasks to queue
[2024-04-26T23:03:32.459+0000] {logging_mixin.py:188} INFO - [2024-04-26T23:03:32.458+0000] {dagbag.py:540} INFO - Filling up the DagBag from /home/airflow/.local/lib/python3.12/site-packages/airflow/example_dags/example_branch_operator.py
[2024-04-26T23:03:32.476+0000] {processor.py:840} INFO - DAG(s) 'example_branch_operator' retrieved from /home/airflow/.local/lib/python3.12/site-packages/airflow/example_dags/example_branch_operator.py
[2024-04-26T23:03:32.506+0000] {logging_mixin.py:188} INFO - [2024-04-26T23:03:32.506+0000] {dag.py:3096} INFO - Sync 1 DAGs
[2024-04-26T23:03:32.530+0000] {logging_mixin.py:188} INFO - [2024-04-26T23:03:32.530+0000] {dag.py:3954} INFO - Setting next_dagrun for example_branch_operator to 2024-04-25 00:00:00+00:00, run_after=2024-04-26 00:00:00+00:00
[2024-04-26T23:03:32.558+0000] {processor.py:183} INFO - Processing /home/airflow/.local/lib/python3.12/site-packages/airflow/example_dags/example_branch_operator.py took 0.110 seconds
[2024-04-26T23:04:02.717+0000] {processor.py:161} INFO - Started process (PID=711) to work on /home/airflow/.local/lib/python3.12/site-packages/airflow/example_dags/example_branch_operator.py
[2024-04-26T23:04:02.718+0000] {processor.py:830} INFO - Processing file /home/airflow/.local/lib/python3.12/site-packages/airflow/example_dags/example_branch_operator.py for tasks to queue
[2024-04-26T23:04:02.720+0000] {logging_mixin.py:188} INFO - [2024-04-26T23:04:02.720+0000] {dagbag.py:540} INFO - Filling up the DagBag from /home/airflow/.local/lib/python3.12/site-packages/airflow/example_dags/example_branch_operator.py
[2024-04-26T23:04:02.736+0000] {processor.py:840} INFO - DAG(s) 'example_branch_operator' retrieved from /home/airflow/.local/lib/python3.12/site-packages/airflow/example_dags/example_branch_operator.py
[2024-04-26T23:04:02.761+0000] {logging_mixin.py:188} INFO - [2024-04-26T23:04:02.760+0000] {dag.py:3096} INFO - Sync 1 DAGs
[2024-04-26T23:04:02.779+0000] {logging_mixin.py:188} INFO - [2024-04-26T23:04:02.779+0000] {dag.py:3954} INFO - Setting next_dagrun for example_branch_operator to 2024-04-25 00:00:00+00:00, run_after=2024-04-26 00:00:00+00:00
[2024-04-26T23:04:02.797+0000] {processor.py:183} INFO - Processing /home/airflow/.local/lib/python3.12/site-packages/airflow/example_dags/example_branch_operator.py took 0.085 seconds
[2024-04-26T23:04:33.030+0000] {processor.py:161} INFO - Started process (PID=770) to work on /home/airflow/.local/lib/python3.12/site-packages/airflow/example_dags/example_branch_operator.py
[2024-04-26T23:04:33.031+0000] {processor.py:830} INFO - Processing file /home/airflow/.local/lib/python3.12/site-packages/airflow/example_dags/example_branch_operator.py for tasks to queue
[2024-04-26T23:04:33.033+0000] {logging_mixin.py:188} INFO - [2024-04-26T23:04:33.033+0000] {dagbag.py:540} INFO - Filling up the DagBag from /home/airflow/.local/lib/python3.12/site-packages/airflow/example_dags/example_branch_operator.py
[2024-04-26T23:04:33.046+0000] {processor.py:840} INFO - DAG(s) 'example_branch_operator' retrieved from /home/airflow/.local/lib/python3.12/site-packages/airflow/example_dags/example_branch_operator.py
[2024-04-26T23:04:33.069+0000] {logging_mixin.py:188} INFO - [2024-04-26T23:04:33.069+0000] {dag.py:3096} INFO - Sync 1 DAGs
[2024-04-26T23:04:33.086+0000] {logging_mixin.py:188} INFO - [2024-04-26T23:04:33.086+0000] {dag.py:3954} INFO - Setting next_dagrun for example_branch_operator to 2024-04-25 00:00:00+00:00, run_after=2024-04-26 00:00:00+00:00
[2024-04-26T23:04:33.103+0000] {processor.py:183} INFO - Processing /home/airflow/.local/lib/python3.12/site-packages/airflow/example_dags/example_branch_operator.py took 0.078 seconds
[2024-04-26T23:05:03.374+0000] {processor.py:161} INFO - Started process (PID=829) to work on /home/airflow/.local/lib/python3.12/site-packages/airflow/example_dags/example_branch_operator.py
[2024-04-26T23:05:03.375+0000] {processor.py:830} INFO - Processing file /home/airflow/.local/lib/python3.12/site-packages/airflow/example_dags/example_branch_operator.py for tasks to queue
[2024-04-26T23:05:03.377+0000] {logging_mixin.py:188} INFO - [2024-04-26T23:05:03.377+0000] {dagbag.py:540} INFO - Filling up the DagBag from /home/airflow/.local/lib/python3.12/site-packages/airflow/example_dags/example_branch_operator.py
[2024-04-26T23:05:03.393+0000] {processor.py:840} INFO - DAG(s) 'example_branch_operator' retrieved from /home/airflow/.local/lib/python3.12/site-packages/airflow/example_dags/example_branch_operator.py
[2024-04-26T23:05:03.420+0000] {logging_mixin.py:188} INFO - [2024-04-26T23:05:03.419+0000] {dag.py:3096} INFO - Sync 1 DAGs
[2024-04-26T23:05:03.440+0000] {logging_mixin.py:188} INFO - [2024-04-26T23:05:03.440+0000] {dag.py:3954} INFO - Setting next_dagrun for example_branch_operator to 2024-04-25 00:00:00+00:00, run_after=2024-04-26 00:00:00+00:00
[2024-04-26T23:05:03.460+0000] {processor.py:183} INFO - Processing /home/airflow/.local/lib/python3.12/site-packages/airflow/example_dags/example_branch_operator.py took 0.091 seconds
[2024-04-26T23:05:33.834+0000] {processor.py:161} INFO - Started process (PID=888) to work on /home/airflow/.local/lib/python3.12/site-packages/airflow/example_dags/example_branch_operator.py
[2024-04-26T23:05:33.835+0000] {processor.py:830} INFO - Processing file /home/airflow/.local/lib/python3.12/site-packages/airflow/example_dags/example_branch_operator.py for tasks to queue
[2024-04-26T23:05:33.837+0000] {logging_mixin.py:188} INFO - [2024-04-26T23:05:33.837+0000] {dagbag.py:540} INFO - Filling up the DagBag from /home/airflow/.local/lib/python3.12/site-packages/airflow/example_dags/example_branch_operator.py
[2024-04-26T23:05:33.852+0000] {processor.py:840} INFO - DAG(s) 'example_branch_operator' retrieved from /home/airflow/.local/lib/python3.12/site-packages/airflow/example_dags/example_branch_operator.py
[2024-04-26T23:05:33.884+0000] {logging_mixin.py:188} INFO - [2024-04-26T23:05:33.883+0000] {dag.py:3096} INFO - Sync 1 DAGs
[2024-04-26T23:05:33.908+0000] {logging_mixin.py:188} INFO - [2024-04-26T23:05:33.908+0000] {dag.py:3954} INFO - Setting next_dagrun for example_branch_operator to 2024-04-25 00:00:00+00:00, run_after=2024-04-26 00:00:00+00:00
[2024-04-26T23:05:33.929+0000] {processor.py:183} INFO - Processing /home/airflow/.local/lib/python3.12/site-packages/airflow/example_dags/example_branch_operator.py took 0.100 seconds
[2024-04-26T23:09:55.317+0000] {processor.py:161} INFO - Started process (PID=56) to work on /home/airflow/.local/lib/python3.12/site-packages/airflow/example_dags/example_branch_operator.py
[2024-04-26T23:09:55.321+0000] {processor.py:830} INFO - Processing file /home/airflow/.local/lib/python3.12/site-packages/airflow/example_dags/example_branch_operator.py for tasks to queue
[2024-04-26T23:09:55.325+0000] {logging_mixin.py:188} INFO - [2024-04-26T23:09:55.324+0000] {dagbag.py:540} INFO - Filling up the DagBag from /home/airflow/.local/lib/python3.12/site-packages/airflow/example_dags/example_branch_operator.py
[2024-04-26T23:09:55.356+0000] {processor.py:840} INFO - DAG(s) 'example_branch_operator' retrieved from /home/airflow/.local/lib/python3.12/site-packages/airflow/example_dags/example_branch_operator.py
[2024-04-26T23:09:55.368+0000] {logging_mixin.py:188} INFO - [2024-04-26T23:09:55.368+0000] {dag.py:3096} INFO - Sync 1 DAGs
[2024-04-26T23:09:55.392+0000] {logging_mixin.py:188} INFO - [2024-04-26T23:09:55.391+0000] {dag.py:3954} INFO - Setting next_dagrun for example_branch_operator to 2024-04-25 00:00:00+00:00, run_after=2024-04-26 00:00:00+00:00
[2024-04-26T23:09:55.420+0000] {processor.py:183} INFO - Processing /home/airflow/.local/lib/python3.12/site-packages/airflow/example_dags/example_branch_operator.py took 0.117 seconds
[2024-04-26T23:10:26.165+0000] {processor.py:161} INFO - Started process (PID=115) to work on /home/airflow/.local/lib/python3.12/site-packages/airflow/example_dags/example_branch_operator.py
[2024-04-26T23:10:26.166+0000] {processor.py:830} INFO - Processing file /home/airflow/.local/lib/python3.12/site-packages/airflow/example_dags/example_branch_operator.py for tasks to queue
[2024-04-26T23:10:26.168+0000] {logging_mixin.py:188} INFO - [2024-04-26T23:10:26.167+0000] {dagbag.py:540} INFO - Filling up the DagBag from /home/airflow/.local/lib/python3.12/site-packages/airflow/example_dags/example_branch_operator.py
[2024-04-26T23:10:26.183+0000] {processor.py:840} INFO - DAG(s) 'example_branch_operator' retrieved from /home/airflow/.local/lib/python3.12/site-packages/airflow/example_dags/example_branch_operator.py
[2024-04-26T23:10:26.286+0000] {logging_mixin.py:188} INFO - [2024-04-26T23:10:26.285+0000] {dag.py:3096} INFO - Sync 1 DAGs
[2024-04-26T23:10:26.303+0000] {logging_mixin.py:188} INFO - [2024-04-26T23:10:26.303+0000] {dag.py:3954} INFO - Setting next_dagrun for example_branch_operator to 2024-04-25 00:00:00+00:00, run_after=2024-04-26 00:00:00+00:00
[2024-04-26T23:10:26.329+0000] {processor.py:183} INFO - Processing /home/airflow/.local/lib/python3.12/site-packages/airflow/example_dags/example_branch_operator.py took 0.169 seconds
[2024-04-26T23:10:57.229+0000] {processor.py:161} INFO - Started process (PID=174) to work on /home/airflow/.local/lib/python3.12/site-packages/airflow/example_dags/example_branch_operator.py
[2024-04-26T23:10:57.230+0000] {processor.py:830} INFO - Processing file /home/airflow/.local/lib/python3.12/site-packages/airflow/example_dags/example_branch_operator.py for tasks to queue
[2024-04-26T23:10:57.232+0000] {logging_mixin.py:188} INFO - [2024-04-26T23:10:57.232+0000] {dagbag.py:540} INFO - Filling up the DagBag from /home/airflow/.local/lib/python3.12/site-packages/airflow/example_dags/example_branch_operator.py
[2024-04-26T23:10:57.249+0000] {processor.py:840} INFO - DAG(s) 'example_branch_operator' retrieved from /home/airflow/.local/lib/python3.12/site-packages/airflow/example_dags/example_branch_operator.py
[2024-04-26T23:10:57.285+0000] {logging_mixin.py:188} INFO - [2024-04-26T23:10:57.284+0000] {dag.py:3096} INFO - Sync 1 DAGs
[2024-04-26T23:10:57.315+0000] {logging_mixin.py:188} INFO - [2024-04-26T23:10:57.314+0000] {dag.py:3954} INFO - Setting next_dagrun for example_branch_operator to 2024-04-25 00:00:00+00:00, run_after=2024-04-26 00:00:00+00:00
[2024-04-26T23:10:57.337+0000] {processor.py:183} INFO - Processing /home/airflow/.local/lib/python3.12/site-packages/airflow/example_dags/example_branch_operator.py took 0.115 seconds
[2024-04-26T23:11:28.254+0000] {processor.py:161} INFO - Started process (PID=233) to work on /home/airflow/.local/lib/python3.12/site-packages/airflow/example_dags/example_branch_operator.py
[2024-04-26T23:11:28.256+0000] {processor.py:830} INFO - Processing file /home/airflow/.local/lib/python3.12/site-packages/airflow/example_dags/example_branch_operator.py for tasks to queue
[2024-04-26T23:11:28.257+0000] {logging_mixin.py:188} INFO - [2024-04-26T23:11:28.257+0000] {dagbag.py:540} INFO - Filling up the DagBag from /home/airflow/.local/lib/python3.12/site-packages/airflow/example_dags/example_branch_operator.py
[2024-04-26T23:11:28.272+0000] {processor.py:840} INFO - DAG(s) 'example_branch_operator' retrieved from /home/airflow/.local/lib/python3.12/site-packages/airflow/example_dags/example_branch_operator.py
[2024-04-26T23:11:28.301+0000] {logging_mixin.py:188} INFO - [2024-04-26T23:11:28.301+0000] {dag.py:3096} INFO - Sync 1 DAGs
[2024-04-26T23:11:28.324+0000] {logging_mixin.py:188} INFO - [2024-04-26T23:11:28.324+0000] {dag.py:3954} INFO - Setting next_dagrun for example_branch_operator to 2024-04-25 00:00:00+00:00, run_after=2024-04-26 00:00:00+00:00
[2024-04-26T23:11:28.344+0000] {processor.py:183} INFO - Processing /home/airflow/.local/lib/python3.12/site-packages/airflow/example_dags/example_branch_operator.py took 0.095 seconds
[2024-04-26T23:11:58.444+0000] {processor.py:161} INFO - Started process (PID=292) to work on /home/airflow/.local/lib/python3.12/site-packages/airflow/example_dags/example_branch_operator.py
[2024-04-26T23:11:58.445+0000] {processor.py:830} INFO - Processing file /home/airflow/.local/lib/python3.12/site-packages/airflow/example_dags/example_branch_operator.py for tasks to queue
[2024-04-26T23:11:58.446+0000] {logging_mixin.py:188} INFO - [2024-04-26T23:11:58.446+0000] {dagbag.py:540} INFO - Filling up the DagBag from /home/airflow/.local/lib/python3.12/site-packages/airflow/example_dags/example_branch_operator.py
[2024-04-26T23:11:58.462+0000] {processor.py:840} INFO - DAG(s) 'example_branch_operator' retrieved from /home/airflow/.local/lib/python3.12/site-packages/airflow/example_dags/example_branch_operator.py
[2024-04-26T23:11:58.491+0000] {logging_mixin.py:188} INFO - [2024-04-26T23:11:58.490+0000] {dag.py:3096} INFO - Sync 1 DAGs
[2024-04-26T23:11:58.512+0000] {logging_mixin.py:188} INFO - [2024-04-26T23:11:58.512+0000] {dag.py:3954} INFO - Setting next_dagrun for example_branch_operator to 2024-04-25 00:00:00+00:00, run_after=2024-04-26 00:00:00+00:00
[2024-04-26T23:11:58.534+0000] {processor.py:183} INFO - Processing /home/airflow/.local/lib/python3.12/site-packages/airflow/example_dags/example_branch_operator.py took 0.096 seconds
[2024-04-26T23:12:28.762+0000] {processor.py:161} INFO - Started process (PID=351) to work on /home/airflow/.local/lib/python3.12/site-packages/airflow/example_dags/example_branch_operator.py
[2024-04-26T23:12:28.764+0000] {processor.py:830} INFO - Processing file /home/airflow/.local/lib/python3.12/site-packages/airflow/example_dags/example_branch_operator.py for tasks to queue
[2024-04-26T23:12:28.765+0000] {logging_mixin.py:188} INFO - [2024-04-26T23:12:28.765+0000] {dagbag.py:540} INFO - Filling up the DagBag from /home/airflow/.local/lib/python3.12/site-packages/airflow/example_dags/example_branch_operator.py
[2024-04-26T23:12:28.780+0000] {processor.py:840} INFO - DAG(s) 'example_branch_operator' retrieved from /home/airflow/.local/lib/python3.12/site-packages/airflow/example_dags/example_branch_operator.py
[2024-04-26T23:12:28.806+0000] {logging_mixin.py:188} INFO - [2024-04-26T23:12:28.806+0000] {dag.py:3096} INFO - Sync 1 DAGs
[2024-04-26T23:12:28.827+0000] {logging_mixin.py:188} INFO - [2024-04-26T23:12:28.827+0000] {dag.py:3954} INFO - Setting next_dagrun for example_branch_operator to 2024-04-25 00:00:00+00:00, run_after=2024-04-26 00:00:00+00:00
[2024-04-26T23:12:28.852+0000] {processor.py:183} INFO - Processing /home/airflow/.local/lib/python3.12/site-packages/airflow/example_dags/example_branch_operator.py took 0.095 seconds
[2024-04-26T23:12:59.164+0000] {processor.py:161} INFO - Started process (PID=410) to work on /home/airflow/.local/lib/python3.12/site-packages/airflow/example_dags/example_branch_operator.py
[2024-04-26T23:12:59.165+0000] {processor.py:830} INFO - Processing file /home/airflow/.local/lib/python3.12/site-packages/airflow/example_dags/example_branch_operator.py for tasks to queue
[2024-04-26T23:12:59.167+0000] {logging_mixin.py:188} INFO - [2024-04-26T23:12:59.167+0000] {dagbag.py:540} INFO - Filling up the DagBag from /home/airflow/.local/lib/python3.12/site-packages/airflow/example_dags/example_branch_operator.py
[2024-04-26T23:12:59.184+0000] {processor.py:840} INFO - DAG(s) 'example_branch_operator' retrieved from /home/airflow/.local/lib/python3.12/site-packages/airflow/example_dags/example_branch_operator.py
[2024-04-26T23:12:59.217+0000] {logging_mixin.py:188} INFO - [2024-04-26T23:12:59.216+0000] {dag.py:3096} INFO - Sync 1 DAGs
[2024-04-26T23:12:59.241+0000] {logging_mixin.py:188} INFO - [2024-04-26T23:12:59.241+0000] {dag.py:3954} INFO - Setting next_dagrun for example_branch_operator to 2024-04-25 00:00:00+00:00, run_after=2024-04-26 00:00:00+00:00
[2024-04-26T23:12:59.262+0000] {processor.py:183} INFO - Processing /home/airflow/.local/lib/python3.12/site-packages/airflow/example_dags/example_branch_operator.py took 0.106 seconds
[2024-04-26T23:13:29.417+0000] {processor.py:161} INFO - Started process (PID=469) to work on /home/airflow/.local/lib/python3.12/site-packages/airflow/example_dags/example_branch_operator.py
[2024-04-26T23:13:29.418+0000] {processor.py:830} INFO - Processing file /home/airflow/.local/lib/python3.12/site-packages/airflow/example_dags/example_branch_operator.py for tasks to queue
[2024-04-26T23:13:29.420+0000] {logging_mixin.py:188} INFO - [2024-04-26T23:13:29.420+0000] {dagbag.py:540} INFO - Filling up the DagBag from /home/airflow/.local/lib/python3.12/site-packages/airflow/example_dags/example_branch_operator.py
[2024-04-26T23:13:29.438+0000] {processor.py:840} INFO - DAG(s) 'example_branch_operator' retrieved from /home/airflow/.local/lib/python3.12/site-packages/airflow/example_dags/example_branch_operator.py
[2024-04-26T23:13:29.467+0000] {logging_mixin.py:188} INFO - [2024-04-26T23:13:29.467+0000] {dag.py:3096} INFO - Sync 1 DAGs
[2024-04-26T23:13:29.491+0000] {logging_mixin.py:188} INFO - [2024-04-26T23:13:29.491+0000] {dag.py:3954} INFO - Setting next_dagrun for example_branch_operator to 2024-04-25 00:00:00+00:00, run_after=2024-04-26 00:00:00+00:00
[2024-04-26T23:13:29.511+0000] {processor.py:183} INFO - Processing /home/airflow/.local/lib/python3.12/site-packages/airflow/example_dags/example_branch_operator.py took 0.099 seconds
[2024-04-26T23:17:53.309+0000] {processor.py:161} INFO - Started process (PID=56) to work on /home/airflow/.local/lib/python3.12/site-packages/airflow/example_dags/example_branch_operator.py
[2024-04-26T23:17:53.311+0000] {processor.py:830} INFO - Processing file /home/airflow/.local/lib/python3.12/site-packages/airflow/example_dags/example_branch_operator.py for tasks to queue
[2024-04-26T23:17:53.314+0000] {logging_mixin.py:188} INFO - [2024-04-26T23:17:53.313+0000] {dagbag.py:540} INFO - Filling up the DagBag from /home/airflow/.local/lib/python3.12/site-packages/airflow/example_dags/example_branch_operator.py
[2024-04-26T23:17:53.333+0000] {processor.py:840} INFO - DAG(s) 'example_branch_operator' retrieved from /home/airflow/.local/lib/python3.12/site-packages/airflow/example_dags/example_branch_operator.py
[2024-04-26T23:17:53.345+0000] {logging_mixin.py:188} INFO - [2024-04-26T23:17:53.344+0000] {dag.py:3096} INFO - Sync 1 DAGs
[2024-04-26T23:17:53.384+0000] {logging_mixin.py:188} INFO - [2024-04-26T23:17:53.384+0000] {dag.py:3954} INFO - Setting next_dagrun for example_branch_operator to 2024-04-25 00:00:00+00:00, run_after=2024-04-26 00:00:00+00:00
[2024-04-26T23:17:53.414+0000] {processor.py:183} INFO - Processing /home/airflow/.local/lib/python3.12/site-packages/airflow/example_dags/example_branch_operator.py took 0.119 seconds
[2024-04-26T23:18:24.171+0000] {processor.py:161} INFO - Started process (PID=115) to work on /home/airflow/.local/lib/python3.12/site-packages/airflow/example_dags/example_branch_operator.py
[2024-04-26T23:18:24.172+0000] {processor.py:830} INFO - Processing file /home/airflow/.local/lib/python3.12/site-packages/airflow/example_dags/example_branch_operator.py for tasks to queue
[2024-04-26T23:18:24.174+0000] {logging_mixin.py:188} INFO - [2024-04-26T23:18:24.173+0000] {dagbag.py:540} INFO - Filling up the DagBag from /home/airflow/.local/lib/python3.12/site-packages/airflow/example_dags/example_branch_operator.py
[2024-04-26T23:18:24.187+0000] {processor.py:840} INFO - DAG(s) 'example_branch_operator' retrieved from /home/airflow/.local/lib/python3.12/site-packages/airflow/example_dags/example_branch_operator.py
[2024-04-26T23:18:24.274+0000] {logging_mixin.py:188} INFO - [2024-04-26T23:18:24.274+0000] {dag.py:3096} INFO - Sync 1 DAGs
[2024-04-26T23:18:24.297+0000] {logging_mixin.py:188} INFO - [2024-04-26T23:18:24.297+0000] {dag.py:3954} INFO - Setting next_dagrun for example_branch_operator to 2024-04-25 00:00:00+00:00, run_after=2024-04-26 00:00:00+00:00
[2024-04-26T23:18:24.318+0000] {processor.py:183} INFO - Processing /home/airflow/.local/lib/python3.12/site-packages/airflow/example_dags/example_branch_operator.py took 0.151 seconds
[2024-04-26T23:18:55.410+0000] {processor.py:161} INFO - Started process (PID=174) to work on /home/airflow/.local/lib/python3.12/site-packages/airflow/example_dags/example_branch_operator.py
[2024-04-26T23:18:55.413+0000] {processor.py:830} INFO - Processing file /home/airflow/.local/lib/python3.12/site-packages/airflow/example_dags/example_branch_operator.py for tasks to queue
[2024-04-26T23:18:55.416+0000] {logging_mixin.py:188} INFO - [2024-04-26T23:18:55.415+0000] {dagbag.py:540} INFO - Filling up the DagBag from /home/airflow/.local/lib/python3.12/site-packages/airflow/example_dags/example_branch_operator.py
[2024-04-26T23:18:55.445+0000] {processor.py:840} INFO - DAG(s) 'example_branch_operator' retrieved from /home/airflow/.local/lib/python3.12/site-packages/airflow/example_dags/example_branch_operator.py
[2024-04-26T23:18:55.491+0000] {logging_mixin.py:188} INFO - [2024-04-26T23:18:55.490+0000] {dag.py:3096} INFO - Sync 1 DAGs
[2024-04-26T23:18:55.524+0000] {logging_mixin.py:188} INFO - [2024-04-26T23:18:55.524+0000] {dag.py:3954} INFO - Setting next_dagrun for example_branch_operator to 2024-04-25 00:00:00+00:00, run_after=2024-04-26 00:00:00+00:00
[2024-04-26T23:18:55.556+0000] {processor.py:183} INFO - Processing /home/airflow/.local/lib/python3.12/site-packages/airflow/example_dags/example_branch_operator.py took 0.156 seconds
[2024-04-26T23:19:42.637+0000] {processor.py:161} INFO - Started process (PID=56) to work on /home/airflow/.local/lib/python3.12/site-packages/airflow/example_dags/example_branch_operator.py
[2024-04-26T23:19:42.638+0000] {processor.py:830} INFO - Processing file /home/airflow/.local/lib/python3.12/site-packages/airflow/example_dags/example_branch_operator.py for tasks to queue
[2024-04-26T23:19:42.640+0000] {logging_mixin.py:188} INFO - [2024-04-26T23:19:42.640+0000] {dagbag.py:540} INFO - Filling up the DagBag from /home/airflow/.local/lib/python3.12/site-packages/airflow/example_dags/example_branch_operator.py
[2024-04-26T23:19:42.654+0000] {processor.py:840} INFO - DAG(s) 'example_branch_operator' retrieved from /home/airflow/.local/lib/python3.12/site-packages/airflow/example_dags/example_branch_operator.py
[2024-04-26T23:19:42.667+0000] {logging_mixin.py:188} INFO - [2024-04-26T23:19:42.667+0000] {dag.py:3096} INFO - Sync 1 DAGs
[2024-04-26T23:19:42.691+0000] {logging_mixin.py:188} INFO - [2024-04-26T23:19:42.691+0000] {dag.py:3954} INFO - Setting next_dagrun for example_branch_operator to 2024-04-25 00:00:00+00:00, run_after=2024-04-26 00:00:00+00:00
[2024-04-26T23:19:42.714+0000] {processor.py:183} INFO - Processing /home/airflow/.local/lib/python3.12/site-packages/airflow/example_dags/example_branch_operator.py took 0.082 seconds
[2024-04-26T23:20:13.485+0000] {processor.py:161} INFO - Started process (PID=115) to work on /home/airflow/.local/lib/python3.12/site-packages/airflow/example_dags/example_branch_operator.py
[2024-04-26T23:20:13.486+0000] {processor.py:830} INFO - Processing file /home/airflow/.local/lib/python3.12/site-packages/airflow/example_dags/example_branch_operator.py for tasks to queue
[2024-04-26T23:20:13.488+0000] {logging_mixin.py:188} INFO - [2024-04-26T23:20:13.488+0000] {dagbag.py:540} INFO - Filling up the DagBag from /home/airflow/.local/lib/python3.12/site-packages/airflow/example_dags/example_branch_operator.py
[2024-04-26T23:20:13.500+0000] {processor.py:840} INFO - DAG(s) 'example_branch_operator' retrieved from /home/airflow/.local/lib/python3.12/site-packages/airflow/example_dags/example_branch_operator.py
[2024-04-26T23:20:13.581+0000] {logging_mixin.py:188} INFO - [2024-04-26T23:20:13.581+0000] {dag.py:3096} INFO - Sync 1 DAGs
[2024-04-26T23:20:13.598+0000] {logging_mixin.py:188} INFO - [2024-04-26T23:20:13.598+0000] {dag.py:3954} INFO - Setting next_dagrun for example_branch_operator to 2024-04-25 00:00:00+00:00, run_after=2024-04-26 00:00:00+00:00
[2024-04-26T23:20:13.616+0000] {processor.py:183} INFO - Processing /home/airflow/.local/lib/python3.12/site-packages/airflow/example_dags/example_branch_operator.py took 0.135 seconds
[2024-04-26T23:20:44.291+0000] {processor.py:161} INFO - Started process (PID=174) to work on /home/airflow/.local/lib/python3.12/site-packages/airflow/example_dags/example_branch_operator.py
[2024-04-26T23:20:44.292+0000] {processor.py:830} INFO - Processing file /home/airflow/.local/lib/python3.12/site-packages/airflow/example_dags/example_branch_operator.py for tasks to queue
[2024-04-26T23:20:44.293+0000] {logging_mixin.py:188} INFO - [2024-04-26T23:20:44.293+0000] {dagbag.py:540} INFO - Filling up the DagBag from /home/airflow/.local/lib/python3.12/site-packages/airflow/example_dags/example_branch_operator.py
[2024-04-26T23:20:44.306+0000] {processor.py:840} INFO - DAG(s) 'example_branch_operator' retrieved from /home/airflow/.local/lib/python3.12/site-packages/airflow/example_dags/example_branch_operator.py
[2024-04-26T23:20:44.330+0000] {logging_mixin.py:188} INFO - [2024-04-26T23:20:44.330+0000] {dag.py:3096} INFO - Sync 1 DAGs
[2024-04-26T23:20:44.350+0000] {logging_mixin.py:188} INFO - [2024-04-26T23:20:44.350+0000] {dag.py:3954} INFO - Setting next_dagrun for example_branch_operator to 2024-04-25 00:00:00+00:00, run_after=2024-04-26 00:00:00+00:00
[2024-04-26T23:20:44.367+0000] {processor.py:183} INFO - Processing /home/airflow/.local/lib/python3.12/site-packages/airflow/example_dags/example_branch_operator.py took 0.081 seconds
[2024-04-26T23:21:14.480+0000] {processor.py:161} INFO - Started process (PID=233) to work on /home/airflow/.local/lib/python3.12/site-packages/airflow/example_dags/example_branch_operator.py
[2024-04-26T23:21:14.481+0000] {processor.py:830} INFO - Processing file /home/airflow/.local/lib/python3.12/site-packages/airflow/example_dags/example_branch_operator.py for tasks to queue
[2024-04-26T23:21:14.483+0000] {logging_mixin.py:188} INFO - [2024-04-26T23:21:14.483+0000] {dagbag.py:540} INFO - Filling up the DagBag from /home/airflow/.local/lib/python3.12/site-packages/airflow/example_dags/example_branch_operator.py
[2024-04-26T23:21:14.501+0000] {processor.py:840} INFO - DAG(s) 'example_branch_operator' retrieved from /home/airflow/.local/lib/python3.12/site-packages/airflow/example_dags/example_branch_operator.py
[2024-04-26T23:21:14.530+0000] {logging_mixin.py:188} INFO - [2024-04-26T23:21:14.530+0000] {dag.py:3096} INFO - Sync 1 DAGs
[2024-04-26T23:21:14.551+0000] {logging_mixin.py:188} INFO - [2024-04-26T23:21:14.551+0000] {dag.py:3954} INFO - Setting next_dagrun for example_branch_operator to 2024-04-25 00:00:00+00:00, run_after=2024-04-26 00:00:00+00:00
[2024-04-26T23:21:14.574+0000] {processor.py:183} INFO - Processing /home/airflow/.local/lib/python3.12/site-packages/airflow/example_dags/example_branch_operator.py took 0.100 seconds
[2024-04-26T23:21:45.060+0000] {processor.py:161} INFO - Started process (PID=292) to work on /home/airflow/.local/lib/python3.12/site-packages/airflow/example_dags/example_branch_operator.py
[2024-04-26T23:21:45.061+0000] {processor.py:830} INFO - Processing file /home/airflow/.local/lib/python3.12/site-packages/airflow/example_dags/example_branch_operator.py for tasks to queue
[2024-04-26T23:21:45.063+0000] {logging_mixin.py:188} INFO - [2024-04-26T23:21:45.063+0000] {dagbag.py:540} INFO - Filling up the DagBag from /home/airflow/.local/lib/python3.12/site-packages/airflow/example_dags/example_branch_operator.py
[2024-04-26T23:21:45.077+0000] {processor.py:840} INFO - DAG(s) 'example_branch_operator' retrieved from /home/airflow/.local/lib/python3.12/site-packages/airflow/example_dags/example_branch_operator.py
[2024-04-26T23:21:45.121+0000] {logging_mixin.py:188} INFO - [2024-04-26T23:21:45.120+0000] {dag.py:3096} INFO - Sync 1 DAGs
[2024-04-26T23:21:45.164+0000] {logging_mixin.py:188} INFO - [2024-04-26T23:21:45.163+0000] {dag.py:3954} INFO - Setting next_dagrun for example_branch_operator to 2024-04-25 00:00:00+00:00, run_after=2024-04-26 00:00:00+00:00
[2024-04-26T23:21:45.190+0000] {processor.py:183} INFO - Processing /home/airflow/.local/lib/python3.12/site-packages/airflow/example_dags/example_branch_operator.py took 0.135 seconds
