[2024-04-26T22:58:27.599+0000] {processor.py:161} INFO - Started process (PID=59) to work on /home/airflow/.local/lib/python3.12/site-packages/airflow/example_dags/example_short_circuit_operator.py
[2024-04-26T22:58:27.600+0000] {processor.py:830} INFO - Processing file /home/airflow/.local/lib/python3.12/site-packages/airflow/example_dags/example_short_circuit_operator.py for tasks to queue
[2024-04-26T22:58:27.603+0000] {logging_mixin.py:188} INFO - [2024-04-26T22:58:27.602+0000] {dagbag.py:540} INFO - Filling up the DagBag from /home/airflow/.local/lib/python3.12/site-packages/airflow/example_dags/example_short_circuit_operator.py
[2024-04-26T22:58:27.621+0000] {processor.py:840} INFO - DAG(s) 'example_short_circuit_operator' retrieved from /home/airflow/.local/lib/python3.12/site-packages/airflow/example_dags/example_short_circuit_operator.py
[2024-04-26T22:58:27.868+0000] {logging_mixin.py:188} INFO - [2024-04-26T22:58:27.867+0000] {dag.py:3096} INFO - Sync 1 DAGs
[2024-04-26T22:58:27.909+0000] {logging_mixin.py:188} INFO - [2024-04-26T22:58:27.909+0000] {dag.py:3954} INFO - Setting next_dagrun for example_short_circuit_operator to 2024-04-25 00:00:00+00:00, run_after=2024-04-26 00:00:00+00:00
[2024-04-26T22:58:27.954+0000] {processor.py:183} INFO - Processing /home/airflow/.local/lib/python3.12/site-packages/airflow/example_dags/example_short_circuit_operator.py took 0.362 seconds
[2024-04-26T22:58:58.204+0000] {processor.py:161} INFO - Started process (PID=118) to work on /home/airflow/.local/lib/python3.12/site-packages/airflow/example_dags/example_short_circuit_operator.py
[2024-04-26T22:58:58.205+0000] {processor.py:830} INFO - Processing file /home/airflow/.local/lib/python3.12/site-packages/airflow/example_dags/example_short_circuit_operator.py for tasks to queue
[2024-04-26T22:58:58.207+0000] {logging_mixin.py:188} INFO - [2024-04-26T22:58:58.207+0000] {dagbag.py:540} INFO - Filling up the DagBag from /home/airflow/.local/lib/python3.12/site-packages/airflow/example_dags/example_short_circuit_operator.py
[2024-04-26T22:58:58.215+0000] {processor.py:840} INFO - DAG(s) 'example_short_circuit_operator' retrieved from /home/airflow/.local/lib/python3.12/site-packages/airflow/example_dags/example_short_circuit_operator.py
[2024-04-26T22:58:58.259+0000] {logging_mixin.py:188} INFO - [2024-04-26T22:58:58.259+0000] {dag.py:3096} INFO - Sync 1 DAGs
[2024-04-26T22:58:58.295+0000] {logging_mixin.py:188} INFO - [2024-04-26T22:58:58.295+0000] {dag.py:3954} INFO - Setting next_dagrun for example_short_circuit_operator to 2024-04-25 00:00:00+00:00, run_after=2024-04-26 00:00:00+00:00
[2024-04-26T22:58:58.328+0000] {processor.py:183} INFO - Processing /home/airflow/.local/lib/python3.12/site-packages/airflow/example_dags/example_short_circuit_operator.py took 0.132 seconds
[2024-04-26T22:59:28.399+0000] {processor.py:161} INFO - Started process (PID=177) to work on /home/airflow/.local/lib/python3.12/site-packages/airflow/example_dags/example_short_circuit_operator.py
[2024-04-26T22:59:28.400+0000] {processor.py:830} INFO - Processing file /home/airflow/.local/lib/python3.12/site-packages/airflow/example_dags/example_short_circuit_operator.py for tasks to queue
[2024-04-26T22:59:28.403+0000] {logging_mixin.py:188} INFO - [2024-04-26T22:59:28.402+0000] {dagbag.py:540} INFO - Filling up the DagBag from /home/airflow/.local/lib/python3.12/site-packages/airflow/example_dags/example_short_circuit_operator.py
[2024-04-26T22:59:28.412+0000] {processor.py:840} INFO - DAG(s) 'example_short_circuit_operator' retrieved from /home/airflow/.local/lib/python3.12/site-packages/airflow/example_dags/example_short_circuit_operator.py
[2024-04-26T22:59:28.438+0000] {logging_mixin.py:188} INFO - [2024-04-26T22:59:28.438+0000] {dag.py:3096} INFO - Sync 1 DAGs
[2024-04-26T22:59:28.460+0000] {logging_mixin.py:188} INFO - [2024-04-26T22:59:28.460+0000] {dag.py:3954} INFO - Setting next_dagrun for example_short_circuit_operator to 2024-04-25 00:00:00+00:00, run_after=2024-04-26 00:00:00+00:00
[2024-04-26T22:59:28.485+0000] {processor.py:183} INFO - Processing /home/airflow/.local/lib/python3.12/site-packages/airflow/example_dags/example_short_circuit_operator.py took 0.093 seconds
[2024-04-26T22:59:58.601+0000] {processor.py:161} INFO - Started process (PID=236) to work on /home/airflow/.local/lib/python3.12/site-packages/airflow/example_dags/example_short_circuit_operator.py
[2024-04-26T22:59:58.602+0000] {processor.py:830} INFO - Processing file /home/airflow/.local/lib/python3.12/site-packages/airflow/example_dags/example_short_circuit_operator.py for tasks to queue
[2024-04-26T22:59:58.604+0000] {logging_mixin.py:188} INFO - [2024-04-26T22:59:58.604+0000] {dagbag.py:540} INFO - Filling up the DagBag from /home/airflow/.local/lib/python3.12/site-packages/airflow/example_dags/example_short_circuit_operator.py
[2024-04-26T22:59:58.610+0000] {processor.py:840} INFO - DAG(s) 'example_short_circuit_operator' retrieved from /home/airflow/.local/lib/python3.12/site-packages/airflow/example_dags/example_short_circuit_operator.py
[2024-04-26T22:59:58.631+0000] {logging_mixin.py:188} INFO - [2024-04-26T22:59:58.631+0000] {dag.py:3096} INFO - Sync 1 DAGs
[2024-04-26T22:59:58.650+0000] {logging_mixin.py:188} INFO - [2024-04-26T22:59:58.649+0000] {dag.py:3954} INFO - Setting next_dagrun for example_short_circuit_operator to 2024-04-25 00:00:00+00:00, run_after=2024-04-26 00:00:00+00:00
[2024-04-26T22:59:58.667+0000] {processor.py:183} INFO - Processing /home/airflow/.local/lib/python3.12/site-packages/airflow/example_dags/example_short_circuit_operator.py took 0.072 seconds
[2024-04-26T23:00:28.742+0000] {processor.py:161} INFO - Started process (PID=295) to work on /home/airflow/.local/lib/python3.12/site-packages/airflow/example_dags/example_short_circuit_operator.py
[2024-04-26T23:00:28.743+0000] {processor.py:830} INFO - Processing file /home/airflow/.local/lib/python3.12/site-packages/airflow/example_dags/example_short_circuit_operator.py for tasks to queue
[2024-04-26T23:00:28.746+0000] {logging_mixin.py:188} INFO - [2024-04-26T23:00:28.745+0000] {dagbag.py:540} INFO - Filling up the DagBag from /home/airflow/.local/lib/python3.12/site-packages/airflow/example_dags/example_short_circuit_operator.py
[2024-04-26T23:00:28.754+0000] {processor.py:840} INFO - DAG(s) 'example_short_circuit_operator' retrieved from /home/airflow/.local/lib/python3.12/site-packages/airflow/example_dags/example_short_circuit_operator.py
[2024-04-26T23:00:28.780+0000] {logging_mixin.py:188} INFO - [2024-04-26T23:00:28.780+0000] {dag.py:3096} INFO - Sync 1 DAGs
[2024-04-26T23:00:28.816+0000] {logging_mixin.py:188} INFO - [2024-04-26T23:00:28.815+0000] {dag.py:3954} INFO - Setting next_dagrun for example_short_circuit_operator to 2024-04-25 00:00:00+00:00, run_after=2024-04-26 00:00:00+00:00
[2024-04-26T23:00:28.846+0000] {processor.py:183} INFO - Processing /home/airflow/.local/lib/python3.12/site-packages/airflow/example_dags/example_short_circuit_operator.py took 0.110 seconds
[2024-04-26T23:00:58.895+0000] {processor.py:161} INFO - Started process (PID=354) to work on /home/airflow/.local/lib/python3.12/site-packages/airflow/example_dags/example_short_circuit_operator.py
[2024-04-26T23:00:58.896+0000] {processor.py:830} INFO - Processing file /home/airflow/.local/lib/python3.12/site-packages/airflow/example_dags/example_short_circuit_operator.py for tasks to queue
[2024-04-26T23:00:58.897+0000] {logging_mixin.py:188} INFO - [2024-04-26T23:00:58.897+0000] {dagbag.py:540} INFO - Filling up the DagBag from /home/airflow/.local/lib/python3.12/site-packages/airflow/example_dags/example_short_circuit_operator.py
[2024-04-26T23:00:58.904+0000] {processor.py:840} INFO - DAG(s) 'example_short_circuit_operator' retrieved from /home/airflow/.local/lib/python3.12/site-packages/airflow/example_dags/example_short_circuit_operator.py
[2024-04-26T23:00:58.926+0000] {logging_mixin.py:188} INFO - [2024-04-26T23:00:58.925+0000] {dag.py:3096} INFO - Sync 1 DAGs
[2024-04-26T23:00:58.948+0000] {logging_mixin.py:188} INFO - [2024-04-26T23:00:58.947+0000] {dag.py:3954} INFO - Setting next_dagrun for example_short_circuit_operator to 2024-04-25 00:00:00+00:00, run_after=2024-04-26 00:00:00+00:00
[2024-04-26T23:00:58.969+0000] {processor.py:183} INFO - Processing /home/airflow/.local/lib/python3.12/site-packages/airflow/example_dags/example_short_circuit_operator.py took 0.080 seconds
[2024-04-26T23:01:29.984+0000] {processor.py:161} INFO - Started process (PID=413) to work on /home/airflow/.local/lib/python3.12/site-packages/airflow/example_dags/example_short_circuit_operator.py
[2024-04-26T23:01:29.985+0000] {processor.py:830} INFO - Processing file /home/airflow/.local/lib/python3.12/site-packages/airflow/example_dags/example_short_circuit_operator.py for tasks to queue
[2024-04-26T23:01:29.987+0000] {logging_mixin.py:188} INFO - [2024-04-26T23:01:29.987+0000] {dagbag.py:540} INFO - Filling up the DagBag from /home/airflow/.local/lib/python3.12/site-packages/airflow/example_dags/example_short_circuit_operator.py
[2024-04-26T23:01:29.993+0000] {processor.py:840} INFO - DAG(s) 'example_short_circuit_operator' retrieved from /home/airflow/.local/lib/python3.12/site-packages/airflow/example_dags/example_short_circuit_operator.py
[2024-04-26T23:01:30.022+0000] {logging_mixin.py:188} INFO - [2024-04-26T23:01:30.022+0000] {dag.py:3096} INFO - Sync 1 DAGs
[2024-04-26T23:01:30.044+0000] {logging_mixin.py:188} INFO - [2024-04-26T23:01:30.043+0000] {dag.py:3954} INFO - Setting next_dagrun for example_short_circuit_operator to 2024-04-25 00:00:00+00:00, run_after=2024-04-26 00:00:00+00:00
[2024-04-26T23:01:30.061+0000] {processor.py:183} INFO - Processing /home/airflow/.local/lib/python3.12/site-packages/airflow/example_dags/example_short_circuit_operator.py took 0.083 seconds
[2024-04-26T23:02:00.278+0000] {processor.py:161} INFO - Started process (PID=472) to work on /home/airflow/.local/lib/python3.12/site-packages/airflow/example_dags/example_short_circuit_operator.py
[2024-04-26T23:02:00.279+0000] {processor.py:830} INFO - Processing file /home/airflow/.local/lib/python3.12/site-packages/airflow/example_dags/example_short_circuit_operator.py for tasks to queue
[2024-04-26T23:02:00.281+0000] {logging_mixin.py:188} INFO - [2024-04-26T23:02:00.281+0000] {dagbag.py:540} INFO - Filling up the DagBag from /home/airflow/.local/lib/python3.12/site-packages/airflow/example_dags/example_short_circuit_operator.py
[2024-04-26T23:02:00.288+0000] {processor.py:840} INFO - DAG(s) 'example_short_circuit_operator' retrieved from /home/airflow/.local/lib/python3.12/site-packages/airflow/example_dags/example_short_circuit_operator.py
[2024-04-26T23:02:00.311+0000] {logging_mixin.py:188} INFO - [2024-04-26T23:02:00.311+0000] {dag.py:3096} INFO - Sync 1 DAGs
[2024-04-26T23:02:00.334+0000] {logging_mixin.py:188} INFO - [2024-04-26T23:02:00.334+0000] {dag.py:3954} INFO - Setting next_dagrun for example_short_circuit_operator to 2024-04-25 00:00:00+00:00, run_after=2024-04-26 00:00:00+00:00
[2024-04-26T23:02:00.356+0000] {processor.py:183} INFO - Processing /home/airflow/.local/lib/python3.12/site-packages/airflow/example_dags/example_short_circuit_operator.py took 0.084 seconds
[2024-04-26T23:02:30.779+0000] {processor.py:161} INFO - Started process (PID=531) to work on /home/airflow/.local/lib/python3.12/site-packages/airflow/example_dags/example_short_circuit_operator.py
[2024-04-26T23:02:30.780+0000] {processor.py:830} INFO - Processing file /home/airflow/.local/lib/python3.12/site-packages/airflow/example_dags/example_short_circuit_operator.py for tasks to queue
[2024-04-26T23:02:30.782+0000] {logging_mixin.py:188} INFO - [2024-04-26T23:02:30.782+0000] {dagbag.py:540} INFO - Filling up the DagBag from /home/airflow/.local/lib/python3.12/site-packages/airflow/example_dags/example_short_circuit_operator.py
[2024-04-26T23:02:30.789+0000] {processor.py:840} INFO - DAG(s) 'example_short_circuit_operator' retrieved from /home/airflow/.local/lib/python3.12/site-packages/airflow/example_dags/example_short_circuit_operator.py
[2024-04-26T23:02:30.810+0000] {logging_mixin.py:188} INFO - [2024-04-26T23:02:30.810+0000] {dag.py:3096} INFO - Sync 1 DAGs
[2024-04-26T23:02:30.828+0000] {logging_mixin.py:188} INFO - [2024-04-26T23:02:30.828+0000] {dag.py:3954} INFO - Setting next_dagrun for example_short_circuit_operator to 2024-04-25 00:00:00+00:00, run_after=2024-04-26 00:00:00+00:00
[2024-04-26T23:02:30.848+0000] {processor.py:183} INFO - Processing /home/airflow/.local/lib/python3.12/site-packages/airflow/example_dags/example_short_circuit_operator.py took 0.074 seconds
[2024-04-26T23:03:01.074+0000] {processor.py:161} INFO - Started process (PID=590) to work on /home/airflow/.local/lib/python3.12/site-packages/airflow/example_dags/example_short_circuit_operator.py
[2024-04-26T23:03:01.075+0000] {processor.py:830} INFO - Processing file /home/airflow/.local/lib/python3.12/site-packages/airflow/example_dags/example_short_circuit_operator.py for tasks to queue
[2024-04-26T23:03:01.077+0000] {logging_mixin.py:188} INFO - [2024-04-26T23:03:01.077+0000] {dagbag.py:540} INFO - Filling up the DagBag from /home/airflow/.local/lib/python3.12/site-packages/airflow/example_dags/example_short_circuit_operator.py
[2024-04-26T23:03:01.084+0000] {processor.py:840} INFO - DAG(s) 'example_short_circuit_operator' retrieved from /home/airflow/.local/lib/python3.12/site-packages/airflow/example_dags/example_short_circuit_operator.py
[2024-04-26T23:03:01.109+0000] {logging_mixin.py:188} INFO - [2024-04-26T23:03:01.109+0000] {dag.py:3096} INFO - Sync 1 DAGs
[2024-04-26T23:03:01.132+0000] {logging_mixin.py:188} INFO - [2024-04-26T23:03:01.132+0000] {dag.py:3954} INFO - Setting next_dagrun for example_short_circuit_operator to 2024-04-25 00:00:00+00:00, run_after=2024-04-26 00:00:00+00:00
[2024-04-26T23:03:01.158+0000] {processor.py:183} INFO - Processing /home/airflow/.local/lib/python3.12/site-packages/airflow/example_dags/example_short_circuit_operator.py took 0.090 seconds
[2024-04-26T23:03:31.311+0000] {processor.py:161} INFO - Started process (PID=649) to work on /home/airflow/.local/lib/python3.12/site-packages/airflow/example_dags/example_short_circuit_operator.py
[2024-04-26T23:03:31.313+0000] {processor.py:830} INFO - Processing file /home/airflow/.local/lib/python3.12/site-packages/airflow/example_dags/example_short_circuit_operator.py for tasks to queue
[2024-04-26T23:03:31.315+0000] {logging_mixin.py:188} INFO - [2024-04-26T23:03:31.315+0000] {dagbag.py:540} INFO - Filling up the DagBag from /home/airflow/.local/lib/python3.12/site-packages/airflow/example_dags/example_short_circuit_operator.py
[2024-04-26T23:03:31.321+0000] {processor.py:840} INFO - DAG(s) 'example_short_circuit_operator' retrieved from /home/airflow/.local/lib/python3.12/site-packages/airflow/example_dags/example_short_circuit_operator.py
[2024-04-26T23:03:31.340+0000] {logging_mixin.py:188} INFO - [2024-04-26T23:03:31.340+0000] {dag.py:3096} INFO - Sync 1 DAGs
[2024-04-26T23:03:31.359+0000] {logging_mixin.py:188} INFO - [2024-04-26T23:03:31.359+0000] {dag.py:3954} INFO - Setting next_dagrun for example_short_circuit_operator to 2024-04-25 00:00:00+00:00, run_after=2024-04-26 00:00:00+00:00
[2024-04-26T23:03:31.376+0000] {processor.py:183} INFO - Processing /home/airflow/.local/lib/python3.12/site-packages/airflow/example_dags/example_short_circuit_operator.py took 0.070 seconds
[2024-04-26T23:04:01.603+0000] {processor.py:161} INFO - Started process (PID=708) to work on /home/airflow/.local/lib/python3.12/site-packages/airflow/example_dags/example_short_circuit_operator.py
[2024-04-26T23:04:01.604+0000] {processor.py:830} INFO - Processing file /home/airflow/.local/lib/python3.12/site-packages/airflow/example_dags/example_short_circuit_operator.py for tasks to queue
[2024-04-26T23:04:01.606+0000] {logging_mixin.py:188} INFO - [2024-04-26T23:04:01.605+0000] {dagbag.py:540} INFO - Filling up the DagBag from /home/airflow/.local/lib/python3.12/site-packages/airflow/example_dags/example_short_circuit_operator.py
[2024-04-26T23:04:01.612+0000] {processor.py:840} INFO - DAG(s) 'example_short_circuit_operator' retrieved from /home/airflow/.local/lib/python3.12/site-packages/airflow/example_dags/example_short_circuit_operator.py
[2024-04-26T23:04:01.632+0000] {logging_mixin.py:188} INFO - [2024-04-26T23:04:01.632+0000] {dag.py:3096} INFO - Sync 1 DAGs
[2024-04-26T23:04:01.650+0000] {logging_mixin.py:188} INFO - [2024-04-26T23:04:01.650+0000] {dag.py:3954} INFO - Setting next_dagrun for example_short_circuit_operator to 2024-04-25 00:00:00+00:00, run_after=2024-04-26 00:00:00+00:00
[2024-04-26T23:04:01.670+0000] {processor.py:183} INFO - Processing /home/airflow/.local/lib/python3.12/site-packages/airflow/example_dags/example_short_circuit_operator.py took 0.072 seconds
[2024-04-26T23:04:31.918+0000] {processor.py:161} INFO - Started process (PID=767) to work on /home/airflow/.local/lib/python3.12/site-packages/airflow/example_dags/example_short_circuit_operator.py
[2024-04-26T23:04:31.919+0000] {processor.py:830} INFO - Processing file /home/airflow/.local/lib/python3.12/site-packages/airflow/example_dags/example_short_circuit_operator.py for tasks to queue
[2024-04-26T23:04:31.921+0000] {logging_mixin.py:188} INFO - [2024-04-26T23:04:31.921+0000] {dagbag.py:540} INFO - Filling up the DagBag from /home/airflow/.local/lib/python3.12/site-packages/airflow/example_dags/example_short_circuit_operator.py
[2024-04-26T23:04:31.929+0000] {processor.py:840} INFO - DAG(s) 'example_short_circuit_operator' retrieved from /home/airflow/.local/lib/python3.12/site-packages/airflow/example_dags/example_short_circuit_operator.py
[2024-04-26T23:04:31.953+0000] {logging_mixin.py:188} INFO - [2024-04-26T23:04:31.953+0000] {dag.py:3096} INFO - Sync 1 DAGs
[2024-04-26T23:04:31.977+0000] {logging_mixin.py:188} INFO - [2024-04-26T23:04:31.976+0000] {dag.py:3954} INFO - Setting next_dagrun for example_short_circuit_operator to 2024-04-25 00:00:00+00:00, run_after=2024-04-26 00:00:00+00:00
[2024-04-26T23:04:31.999+0000] {processor.py:183} INFO - Processing /home/airflow/.local/lib/python3.12/site-packages/airflow/example_dags/example_short_circuit_operator.py took 0.088 seconds
[2024-04-26T23:05:02.255+0000] {processor.py:161} INFO - Started process (PID=826) to work on /home/airflow/.local/lib/python3.12/site-packages/airflow/example_dags/example_short_circuit_operator.py
[2024-04-26T23:05:02.256+0000] {processor.py:830} INFO - Processing file /home/airflow/.local/lib/python3.12/site-packages/airflow/example_dags/example_short_circuit_operator.py for tasks to queue
[2024-04-26T23:05:02.257+0000] {logging_mixin.py:188} INFO - [2024-04-26T23:05:02.257+0000] {dagbag.py:540} INFO - Filling up the DagBag from /home/airflow/.local/lib/python3.12/site-packages/airflow/example_dags/example_short_circuit_operator.py
[2024-04-26T23:05:02.264+0000] {processor.py:840} INFO - DAG(s) 'example_short_circuit_operator' retrieved from /home/airflow/.local/lib/python3.12/site-packages/airflow/example_dags/example_short_circuit_operator.py
[2024-04-26T23:05:02.283+0000] {logging_mixin.py:188} INFO - [2024-04-26T23:05:02.283+0000] {dag.py:3096} INFO - Sync 1 DAGs
[2024-04-26T23:05:02.301+0000] {logging_mixin.py:188} INFO - [2024-04-26T23:05:02.300+0000] {dag.py:3954} INFO - Setting next_dagrun for example_short_circuit_operator to 2024-04-25 00:00:00+00:00, run_after=2024-04-26 00:00:00+00:00
[2024-04-26T23:05:02.319+0000] {processor.py:183} INFO - Processing /home/airflow/.local/lib/python3.12/site-packages/airflow/example_dags/example_short_circuit_operator.py took 0.070 seconds
[2024-04-26T23:05:32.715+0000] {processor.py:161} INFO - Started process (PID=885) to work on /home/airflow/.local/lib/python3.12/site-packages/airflow/example_dags/example_short_circuit_operator.py
[2024-04-26T23:05:32.716+0000] {processor.py:830} INFO - Processing file /home/airflow/.local/lib/python3.12/site-packages/airflow/example_dags/example_short_circuit_operator.py for tasks to queue
[2024-04-26T23:05:32.718+0000] {logging_mixin.py:188} INFO - [2024-04-26T23:05:32.718+0000] {dagbag.py:540} INFO - Filling up the DagBag from /home/airflow/.local/lib/python3.12/site-packages/airflow/example_dags/example_short_circuit_operator.py
[2024-04-26T23:05:32.725+0000] {processor.py:840} INFO - DAG(s) 'example_short_circuit_operator' retrieved from /home/airflow/.local/lib/python3.12/site-packages/airflow/example_dags/example_short_circuit_operator.py
[2024-04-26T23:05:32.743+0000] {logging_mixin.py:188} INFO - [2024-04-26T23:05:32.743+0000] {dag.py:3096} INFO - Sync 1 DAGs
[2024-04-26T23:05:32.765+0000] {logging_mixin.py:188} INFO - [2024-04-26T23:05:32.765+0000] {dag.py:3954} INFO - Setting next_dagrun for example_short_circuit_operator to 2024-04-25 00:00:00+00:00, run_after=2024-04-26 00:00:00+00:00
[2024-04-26T23:05:32.785+0000] {processor.py:183} INFO - Processing /home/airflow/.local/lib/python3.12/site-packages/airflow/example_dags/example_short_circuit_operator.py took 0.078 seconds
[2024-04-26T23:09:55.120+0000] {processor.py:161} INFO - Started process (PID=53) to work on /home/airflow/.local/lib/python3.12/site-packages/airflow/example_dags/example_short_circuit_operator.py
[2024-04-26T23:09:55.123+0000] {processor.py:830} INFO - Processing file /home/airflow/.local/lib/python3.12/site-packages/airflow/example_dags/example_short_circuit_operator.py for tasks to queue
[2024-04-26T23:09:55.128+0000] {logging_mixin.py:188} INFO - [2024-04-26T23:09:55.127+0000] {dagbag.py:540} INFO - Filling up the DagBag from /home/airflow/.local/lib/python3.12/site-packages/airflow/example_dags/example_short_circuit_operator.py
[2024-04-26T23:09:55.141+0000] {processor.py:840} INFO - DAG(s) 'example_short_circuit_operator' retrieved from /home/airflow/.local/lib/python3.12/site-packages/airflow/example_dags/example_short_circuit_operator.py
[2024-04-26T23:09:55.153+0000] {logging_mixin.py:188} INFO - [2024-04-26T23:09:55.153+0000] {dag.py:3096} INFO - Sync 1 DAGs
[2024-04-26T23:09:55.178+0000] {logging_mixin.py:188} INFO - [2024-04-26T23:09:55.177+0000] {dag.py:3954} INFO - Setting next_dagrun for example_short_circuit_operator to 2024-04-25 00:00:00+00:00, run_after=2024-04-26 00:00:00+00:00
[2024-04-26T23:09:55.212+0000] {processor.py:183} INFO - Processing /home/airflow/.local/lib/python3.12/site-packages/airflow/example_dags/example_short_circuit_operator.py took 0.106 seconds
[2024-04-26T23:10:25.959+0000] {processor.py:161} INFO - Started process (PID=112) to work on /home/airflow/.local/lib/python3.12/site-packages/airflow/example_dags/example_short_circuit_operator.py
[2024-04-26T23:10:25.960+0000] {processor.py:830} INFO - Processing file /home/airflow/.local/lib/python3.12/site-packages/airflow/example_dags/example_short_circuit_operator.py for tasks to queue
[2024-04-26T23:10:25.962+0000] {logging_mixin.py:188} INFO - [2024-04-26T23:10:25.961+0000] {dagbag.py:540} INFO - Filling up the DagBag from /home/airflow/.local/lib/python3.12/site-packages/airflow/example_dags/example_short_circuit_operator.py
[2024-04-26T23:10:25.969+0000] {processor.py:840} INFO - DAG(s) 'example_short_circuit_operator' retrieved from /home/airflow/.local/lib/python3.12/site-packages/airflow/example_dags/example_short_circuit_operator.py
[2024-04-26T23:10:26.061+0000] {logging_mixin.py:188} INFO - [2024-04-26T23:10:26.061+0000] {dag.py:3096} INFO - Sync 1 DAGs
[2024-04-26T23:10:26.080+0000] {logging_mixin.py:188} INFO - [2024-04-26T23:10:26.080+0000] {dag.py:3954} INFO - Setting next_dagrun for example_short_circuit_operator to 2024-04-25 00:00:00+00:00, run_after=2024-04-26 00:00:00+00:00
[2024-04-26T23:10:26.099+0000] {processor.py:183} INFO - Processing /home/airflow/.local/lib/python3.12/site-packages/airflow/example_dags/example_short_circuit_operator.py took 0.147 seconds
[2024-04-26T23:10:56.209+0000] {processor.py:161} INFO - Started process (PID=171) to work on /home/airflow/.local/lib/python3.12/site-packages/airflow/example_dags/example_short_circuit_operator.py
[2024-04-26T23:10:56.210+0000] {processor.py:830} INFO - Processing file /home/airflow/.local/lib/python3.12/site-packages/airflow/example_dags/example_short_circuit_operator.py for tasks to queue
[2024-04-26T23:10:56.212+0000] {logging_mixin.py:188} INFO - [2024-04-26T23:10:56.212+0000] {dagbag.py:540} INFO - Filling up the DagBag from /home/airflow/.local/lib/python3.12/site-packages/airflow/example_dags/example_short_circuit_operator.py
[2024-04-26T23:10:56.218+0000] {processor.py:840} INFO - DAG(s) 'example_short_circuit_operator' retrieved from /home/airflow/.local/lib/python3.12/site-packages/airflow/example_dags/example_short_circuit_operator.py
[2024-04-26T23:10:56.241+0000] {logging_mixin.py:188} INFO - [2024-04-26T23:10:56.240+0000] {dag.py:3096} INFO - Sync 1 DAGs
[2024-04-26T23:10:56.258+0000] {logging_mixin.py:188} INFO - [2024-04-26T23:10:56.258+0000] {dag.py:3954} INFO - Setting next_dagrun for example_short_circuit_operator to 2024-04-25 00:00:00+00:00, run_after=2024-04-26 00:00:00+00:00
[2024-04-26T23:10:56.278+0000] {processor.py:183} INFO - Processing /home/airflow/.local/lib/python3.12/site-packages/airflow/example_dags/example_short_circuit_operator.py took 0.074 seconds
[2024-04-26T23:11:27.146+0000] {processor.py:161} INFO - Started process (PID=230) to work on /home/airflow/.local/lib/python3.12/site-packages/airflow/example_dags/example_short_circuit_operator.py
[2024-04-26T23:11:27.148+0000] {processor.py:830} INFO - Processing file /home/airflow/.local/lib/python3.12/site-packages/airflow/example_dags/example_short_circuit_operator.py for tasks to queue
[2024-04-26T23:11:27.149+0000] {logging_mixin.py:188} INFO - [2024-04-26T23:11:27.149+0000] {dagbag.py:540} INFO - Filling up the DagBag from /home/airflow/.local/lib/python3.12/site-packages/airflow/example_dags/example_short_circuit_operator.py
[2024-04-26T23:11:27.155+0000] {processor.py:840} INFO - DAG(s) 'example_short_circuit_operator' retrieved from /home/airflow/.local/lib/python3.12/site-packages/airflow/example_dags/example_short_circuit_operator.py
[2024-04-26T23:11:27.175+0000] {logging_mixin.py:188} INFO - [2024-04-26T23:11:27.175+0000] {dag.py:3096} INFO - Sync 1 DAGs
[2024-04-26T23:11:27.193+0000] {logging_mixin.py:188} INFO - [2024-04-26T23:11:27.193+0000] {dag.py:3954} INFO - Setting next_dagrun for example_short_circuit_operator to 2024-04-25 00:00:00+00:00, run_after=2024-04-26 00:00:00+00:00
[2024-04-26T23:11:27.214+0000] {processor.py:183} INFO - Processing /home/airflow/.local/lib/python3.12/site-packages/airflow/example_dags/example_short_circuit_operator.py took 0.073 seconds
[2024-04-26T23:11:57.329+0000] {processor.py:161} INFO - Started process (PID=289) to work on /home/airflow/.local/lib/python3.12/site-packages/airflow/example_dags/example_short_circuit_operator.py
[2024-04-26T23:11:57.330+0000] {processor.py:830} INFO - Processing file /home/airflow/.local/lib/python3.12/site-packages/airflow/example_dags/example_short_circuit_operator.py for tasks to queue
[2024-04-26T23:11:57.332+0000] {logging_mixin.py:188} INFO - [2024-04-26T23:11:57.331+0000] {dagbag.py:540} INFO - Filling up the DagBag from /home/airflow/.local/lib/python3.12/site-packages/airflow/example_dags/example_short_circuit_operator.py
[2024-04-26T23:11:57.338+0000] {processor.py:840} INFO - DAG(s) 'example_short_circuit_operator' retrieved from /home/airflow/.local/lib/python3.12/site-packages/airflow/example_dags/example_short_circuit_operator.py
[2024-04-26T23:11:57.360+0000] {logging_mixin.py:188} INFO - [2024-04-26T23:11:57.360+0000] {dag.py:3096} INFO - Sync 1 DAGs
[2024-04-26T23:11:57.378+0000] {logging_mixin.py:188} INFO - [2024-04-26T23:11:57.378+0000] {dag.py:3954} INFO - Setting next_dagrun for example_short_circuit_operator to 2024-04-25 00:00:00+00:00, run_after=2024-04-26 00:00:00+00:00
[2024-04-26T23:11:57.400+0000] {processor.py:183} INFO - Processing /home/airflow/.local/lib/python3.12/site-packages/airflow/example_dags/example_short_circuit_operator.py took 0.077 seconds
[2024-04-26T23:12:27.630+0000] {processor.py:161} INFO - Started process (PID=348) to work on /home/airflow/.local/lib/python3.12/site-packages/airflow/example_dags/example_short_circuit_operator.py
[2024-04-26T23:12:27.631+0000] {processor.py:830} INFO - Processing file /home/airflow/.local/lib/python3.12/site-packages/airflow/example_dags/example_short_circuit_operator.py for tasks to queue
[2024-04-26T23:12:27.633+0000] {logging_mixin.py:188} INFO - [2024-04-26T23:12:27.633+0000] {dagbag.py:540} INFO - Filling up the DagBag from /home/airflow/.local/lib/python3.12/site-packages/airflow/example_dags/example_short_circuit_operator.py
[2024-04-26T23:12:27.640+0000] {processor.py:840} INFO - DAG(s) 'example_short_circuit_operator' retrieved from /home/airflow/.local/lib/python3.12/site-packages/airflow/example_dags/example_short_circuit_operator.py
[2024-04-26T23:12:27.667+0000] {logging_mixin.py:188} INFO - [2024-04-26T23:12:27.667+0000] {dag.py:3096} INFO - Sync 1 DAGs
[2024-04-26T23:12:27.692+0000] {logging_mixin.py:188} INFO - [2024-04-26T23:12:27.691+0000] {dag.py:3954} INFO - Setting next_dagrun for example_short_circuit_operator to 2024-04-25 00:00:00+00:00, run_after=2024-04-26 00:00:00+00:00
[2024-04-26T23:12:27.715+0000] {processor.py:183} INFO - Processing /home/airflow/.local/lib/python3.12/site-packages/airflow/example_dags/example_short_circuit_operator.py took 0.090 seconds
[2024-04-26T23:12:58.008+0000] {processor.py:161} INFO - Started process (PID=407) to work on /home/airflow/.local/lib/python3.12/site-packages/airflow/example_dags/example_short_circuit_operator.py
[2024-04-26T23:12:58.009+0000] {processor.py:830} INFO - Processing file /home/airflow/.local/lib/python3.12/site-packages/airflow/example_dags/example_short_circuit_operator.py for tasks to queue
[2024-04-26T23:12:58.012+0000] {logging_mixin.py:188} INFO - [2024-04-26T23:12:58.012+0000] {dagbag.py:540} INFO - Filling up the DagBag from /home/airflow/.local/lib/python3.12/site-packages/airflow/example_dags/example_short_circuit_operator.py
[2024-04-26T23:12:58.023+0000] {processor.py:840} INFO - DAG(s) 'example_short_circuit_operator' retrieved from /home/airflow/.local/lib/python3.12/site-packages/airflow/example_dags/example_short_circuit_operator.py
[2024-04-26T23:12:58.051+0000] {logging_mixin.py:188} INFO - [2024-04-26T23:12:58.051+0000] {dag.py:3096} INFO - Sync 1 DAGs
[2024-04-26T23:12:58.080+0000] {logging_mixin.py:188} INFO - [2024-04-26T23:12:58.080+0000] {dag.py:3954} INFO - Setting next_dagrun for example_short_circuit_operator to 2024-04-25 00:00:00+00:00, run_after=2024-04-26 00:00:00+00:00
[2024-04-26T23:12:58.103+0000] {processor.py:183} INFO - Processing /home/airflow/.local/lib/python3.12/site-packages/airflow/example_dags/example_short_circuit_operator.py took 0.102 seconds
[2024-04-26T23:13:28.281+0000] {processor.py:161} INFO - Started process (PID=466) to work on /home/airflow/.local/lib/python3.12/site-packages/airflow/example_dags/example_short_circuit_operator.py
[2024-04-26T23:13:28.283+0000] {processor.py:830} INFO - Processing file /home/airflow/.local/lib/python3.12/site-packages/airflow/example_dags/example_short_circuit_operator.py for tasks to queue
[2024-04-26T23:13:28.285+0000] {logging_mixin.py:188} INFO - [2024-04-26T23:13:28.284+0000] {dagbag.py:540} INFO - Filling up the DagBag from /home/airflow/.local/lib/python3.12/site-packages/airflow/example_dags/example_short_circuit_operator.py
[2024-04-26T23:13:28.293+0000] {processor.py:840} INFO - DAG(s) 'example_short_circuit_operator' retrieved from /home/airflow/.local/lib/python3.12/site-packages/airflow/example_dags/example_short_circuit_operator.py
[2024-04-26T23:13:28.318+0000] {logging_mixin.py:188} INFO - [2024-04-26T23:13:28.318+0000] {dag.py:3096} INFO - Sync 1 DAGs
[2024-04-26T23:13:28.341+0000] {logging_mixin.py:188} INFO - [2024-04-26T23:13:28.341+0000] {dag.py:3954} INFO - Setting next_dagrun for example_short_circuit_operator to 2024-04-25 00:00:00+00:00, run_after=2024-04-26 00:00:00+00:00
[2024-04-26T23:13:28.371+0000] {processor.py:183} INFO - Processing /home/airflow/.local/lib/python3.12/site-packages/airflow/example_dags/example_short_circuit_operator.py took 0.097 seconds
[2024-04-26T23:17:53.113+0000] {processor.py:161} INFO - Started process (PID=53) to work on /home/airflow/.local/lib/python3.12/site-packages/airflow/example_dags/example_short_circuit_operator.py
[2024-04-26T23:17:53.115+0000] {processor.py:830} INFO - Processing file /home/airflow/.local/lib/python3.12/site-packages/airflow/example_dags/example_short_circuit_operator.py for tasks to queue
[2024-04-26T23:17:53.117+0000] {logging_mixin.py:188} INFO - [2024-04-26T23:17:53.117+0000] {dagbag.py:540} INFO - Filling up the DagBag from /home/airflow/.local/lib/python3.12/site-packages/airflow/example_dags/example_short_circuit_operator.py
[2024-04-26T23:17:53.124+0000] {processor.py:840} INFO - DAG(s) 'example_short_circuit_operator' retrieved from /home/airflow/.local/lib/python3.12/site-packages/airflow/example_dags/example_short_circuit_operator.py
[2024-04-26T23:17:53.142+0000] {logging_mixin.py:188} INFO - [2024-04-26T23:17:53.142+0000] {dag.py:3096} INFO - Sync 1 DAGs
[2024-04-26T23:17:53.163+0000] {logging_mixin.py:188} INFO - [2024-04-26T23:17:53.162+0000] {dag.py:3954} INFO - Setting next_dagrun for example_short_circuit_operator to 2024-04-25 00:00:00+00:00, run_after=2024-04-26 00:00:00+00:00
[2024-04-26T23:17:53.189+0000] {processor.py:183} INFO - Processing /home/airflow/.local/lib/python3.12/site-packages/airflow/example_dags/example_short_circuit_operator.py took 0.084 seconds
[2024-04-26T23:18:23.989+0000] {processor.py:161} INFO - Started process (PID=112) to work on /home/airflow/.local/lib/python3.12/site-packages/airflow/example_dags/example_short_circuit_operator.py
[2024-04-26T23:18:23.991+0000] {processor.py:830} INFO - Processing file /home/airflow/.local/lib/python3.12/site-packages/airflow/example_dags/example_short_circuit_operator.py for tasks to queue
[2024-04-26T23:18:23.992+0000] {logging_mixin.py:188} INFO - [2024-04-26T23:18:23.992+0000] {dagbag.py:540} INFO - Filling up the DagBag from /home/airflow/.local/lib/python3.12/site-packages/airflow/example_dags/example_short_circuit_operator.py
[2024-04-26T23:18:23.999+0000] {processor.py:840} INFO - DAG(s) 'example_short_circuit_operator' retrieved from /home/airflow/.local/lib/python3.12/site-packages/airflow/example_dags/example_short_circuit_operator.py
[2024-04-26T23:18:24.083+0000] {logging_mixin.py:188} INFO - [2024-04-26T23:18:24.083+0000] {dag.py:3096} INFO - Sync 1 DAGs
[2024-04-26T23:18:24.098+0000] {logging_mixin.py:188} INFO - [2024-04-26T23:18:24.098+0000] {dag.py:3954} INFO - Setting next_dagrun for example_short_circuit_operator to 2024-04-25 00:00:00+00:00, run_after=2024-04-26 00:00:00+00:00
[2024-04-26T23:18:24.118+0000] {processor.py:183} INFO - Processing /home/airflow/.local/lib/python3.12/site-packages/airflow/example_dags/example_short_circuit_operator.py took 0.133 seconds
[2024-04-26T23:18:55.049+0000] {processor.py:161} INFO - Started process (PID=171) to work on /home/airflow/.local/lib/python3.12/site-packages/airflow/example_dags/example_short_circuit_operator.py
[2024-04-26T23:18:55.050+0000] {processor.py:830} INFO - Processing file /home/airflow/.local/lib/python3.12/site-packages/airflow/example_dags/example_short_circuit_operator.py for tasks to queue
[2024-04-26T23:18:55.051+0000] {logging_mixin.py:188} INFO - [2024-04-26T23:18:55.051+0000] {dagbag.py:540} INFO - Filling up the DagBag from /home/airflow/.local/lib/python3.12/site-packages/airflow/example_dags/example_short_circuit_operator.py
[2024-04-26T23:18:55.058+0000] {processor.py:840} INFO - DAG(s) 'example_short_circuit_operator' retrieved from /home/airflow/.local/lib/python3.12/site-packages/airflow/example_dags/example_short_circuit_operator.py
[2024-04-26T23:18:55.087+0000] {logging_mixin.py:188} INFO - [2024-04-26T23:18:55.086+0000] {dag.py:3096} INFO - Sync 1 DAGs
[2024-04-26T23:18:55.110+0000] {logging_mixin.py:188} INFO - [2024-04-26T23:18:55.110+0000] {dag.py:3954} INFO - Setting next_dagrun for example_short_circuit_operator to 2024-04-25 00:00:00+00:00, run_after=2024-04-26 00:00:00+00:00
[2024-04-26T23:18:55.132+0000] {processor.py:183} INFO - Processing /home/airflow/.local/lib/python3.12/site-packages/airflow/example_dags/example_short_circuit_operator.py took 0.089 seconds
[2024-04-26T23:19:42.503+0000] {processor.py:161} INFO - Started process (PID=53) to work on /home/airflow/.local/lib/python3.12/site-packages/airflow/example_dags/example_short_circuit_operator.py
[2024-04-26T23:19:42.504+0000] {processor.py:830} INFO - Processing file /home/airflow/.local/lib/python3.12/site-packages/airflow/example_dags/example_short_circuit_operator.py for tasks to queue
[2024-04-26T23:19:42.506+0000] {logging_mixin.py:188} INFO - [2024-04-26T23:19:42.506+0000] {dagbag.py:540} INFO - Filling up the DagBag from /home/airflow/.local/lib/python3.12/site-packages/airflow/example_dags/example_short_circuit_operator.py
[2024-04-26T23:19:42.512+0000] {processor.py:840} INFO - DAG(s) 'example_short_circuit_operator' retrieved from /home/airflow/.local/lib/python3.12/site-packages/airflow/example_dags/example_short_circuit_operator.py
[2024-04-26T23:19:42.522+0000] {logging_mixin.py:188} INFO - [2024-04-26T23:19:42.522+0000] {dag.py:3096} INFO - Sync 1 DAGs
[2024-04-26T23:19:42.541+0000] {logging_mixin.py:188} INFO - [2024-04-26T23:19:42.541+0000] {dag.py:3954} INFO - Setting next_dagrun for example_short_circuit_operator to 2024-04-25 00:00:00+00:00, run_after=2024-04-26 00:00:00+00:00
[2024-04-26T23:19:42.563+0000] {processor.py:183} INFO - Processing /home/airflow/.local/lib/python3.12/site-packages/airflow/example_dags/example_short_circuit_operator.py took 0.065 seconds
[2024-04-26T23:20:13.175+0000] {processor.py:161} INFO - Started process (PID=112) to work on /home/airflow/.local/lib/python3.12/site-packages/airflow/example_dags/example_short_circuit_operator.py
[2024-04-26T23:20:13.176+0000] {processor.py:830} INFO - Processing file /home/airflow/.local/lib/python3.12/site-packages/airflow/example_dags/example_short_circuit_operator.py for tasks to queue
[2024-04-26T23:20:13.178+0000] {logging_mixin.py:188} INFO - [2024-04-26T23:20:13.177+0000] {dagbag.py:540} INFO - Filling up the DagBag from /home/airflow/.local/lib/python3.12/site-packages/airflow/example_dags/example_short_circuit_operator.py
[2024-04-26T23:20:13.183+0000] {processor.py:840} INFO - DAG(s) 'example_short_circuit_operator' retrieved from /home/airflow/.local/lib/python3.12/site-packages/airflow/example_dags/example_short_circuit_operator.py
[2024-04-26T23:20:13.261+0000] {logging_mixin.py:188} INFO - [2024-04-26T23:20:13.261+0000] {dag.py:3096} INFO - Sync 1 DAGs
[2024-04-26T23:20:13.275+0000] {logging_mixin.py:188} INFO - [2024-04-26T23:20:13.275+0000] {dag.py:3954} INFO - Setting next_dagrun for example_short_circuit_operator to 2024-04-25 00:00:00+00:00, run_after=2024-04-26 00:00:00+00:00
[2024-04-26T23:20:13.295+0000] {processor.py:183} INFO - Processing /home/airflow/.local/lib/python3.12/site-packages/airflow/example_dags/example_short_circuit_operator.py took 0.124 seconds
[2024-04-26T23:20:44.113+0000] {processor.py:161} INFO - Started process (PID=171) to work on /home/airflow/.local/lib/python3.12/site-packages/airflow/example_dags/example_short_circuit_operator.py
[2024-04-26T23:20:44.114+0000] {processor.py:830} INFO - Processing file /home/airflow/.local/lib/python3.12/site-packages/airflow/example_dags/example_short_circuit_operator.py for tasks to queue
[2024-04-26T23:20:44.116+0000] {logging_mixin.py:188} INFO - [2024-04-26T23:20:44.115+0000] {dagbag.py:540} INFO - Filling up the DagBag from /home/airflow/.local/lib/python3.12/site-packages/airflow/example_dags/example_short_circuit_operator.py
[2024-04-26T23:20:44.121+0000] {processor.py:840} INFO - DAG(s) 'example_short_circuit_operator' retrieved from /home/airflow/.local/lib/python3.12/site-packages/airflow/example_dags/example_short_circuit_operator.py
[2024-04-26T23:20:44.142+0000] {logging_mixin.py:188} INFO - [2024-04-26T23:20:44.142+0000] {dag.py:3096} INFO - Sync 1 DAGs
[2024-04-26T23:20:44.158+0000] {logging_mixin.py:188} INFO - [2024-04-26T23:20:44.158+0000] {dag.py:3954} INFO - Setting next_dagrun for example_short_circuit_operator to 2024-04-25 00:00:00+00:00, run_after=2024-04-26 00:00:00+00:00
[2024-04-26T23:20:44.176+0000] {processor.py:183} INFO - Processing /home/airflow/.local/lib/python3.12/site-packages/airflow/example_dags/example_short_circuit_operator.py took 0.067 seconds
[2024-04-26T23:21:14.264+0000] {processor.py:161} INFO - Started process (PID=230) to work on /home/airflow/.local/lib/python3.12/site-packages/airflow/example_dags/example_short_circuit_operator.py
[2024-04-26T23:21:14.265+0000] {processor.py:830} INFO - Processing file /home/airflow/.local/lib/python3.12/site-packages/airflow/example_dags/example_short_circuit_operator.py for tasks to queue
[2024-04-26T23:21:14.267+0000] {logging_mixin.py:188} INFO - [2024-04-26T23:21:14.266+0000] {dagbag.py:540} INFO - Filling up the DagBag from /home/airflow/.local/lib/python3.12/site-packages/airflow/example_dags/example_short_circuit_operator.py
[2024-04-26T23:21:14.273+0000] {processor.py:840} INFO - DAG(s) 'example_short_circuit_operator' retrieved from /home/airflow/.local/lib/python3.12/site-packages/airflow/example_dags/example_short_circuit_operator.py
[2024-04-26T23:21:14.294+0000] {logging_mixin.py:188} INFO - [2024-04-26T23:21:14.293+0000] {dag.py:3096} INFO - Sync 1 DAGs
[2024-04-26T23:21:14.315+0000] {logging_mixin.py:188} INFO - [2024-04-26T23:21:14.314+0000] {dag.py:3954} INFO - Setting next_dagrun for example_short_circuit_operator to 2024-04-25 00:00:00+00:00, run_after=2024-04-26 00:00:00+00:00
[2024-04-26T23:21:14.336+0000] {processor.py:183} INFO - Processing /home/airflow/.local/lib/python3.12/site-packages/airflow/example_dags/example_short_circuit_operator.py took 0.077 seconds
[2024-04-26T23:21:44.840+0000] {processor.py:161} INFO - Started process (PID=289) to work on /home/airflow/.local/lib/python3.12/site-packages/airflow/example_dags/example_short_circuit_operator.py
[2024-04-26T23:21:44.842+0000] {processor.py:830} INFO - Processing file /home/airflow/.local/lib/python3.12/site-packages/airflow/example_dags/example_short_circuit_operator.py for tasks to queue
[2024-04-26T23:21:44.844+0000] {logging_mixin.py:188} INFO - [2024-04-26T23:21:44.843+0000] {dagbag.py:540} INFO - Filling up the DagBag from /home/airflow/.local/lib/python3.12/site-packages/airflow/example_dags/example_short_circuit_operator.py
[2024-04-26T23:21:44.852+0000] {processor.py:840} INFO - DAG(s) 'example_short_circuit_operator' retrieved from /home/airflow/.local/lib/python3.12/site-packages/airflow/example_dags/example_short_circuit_operator.py
[2024-04-26T23:21:44.875+0000] {logging_mixin.py:188} INFO - [2024-04-26T23:21:44.874+0000] {dag.py:3096} INFO - Sync 1 DAGs
[2024-04-26T23:21:44.900+0000] {logging_mixin.py:188} INFO - [2024-04-26T23:21:44.900+0000] {dag.py:3954} INFO - Setting next_dagrun for example_short_circuit_operator to 2024-04-25 00:00:00+00:00, run_after=2024-04-26 00:00:00+00:00
[2024-04-26T23:21:44.919+0000] {processor.py:183} INFO - Processing /home/airflow/.local/lib/python3.12/site-packages/airflow/example_dags/example_short_circuit_operator.py took 0.086 seconds
