[2024-04-26T22:58:28.952+0000] {processor.py:161} INFO - Started process (PID=65) to work on /home/airflow/.local/lib/python3.12/site-packages/airflow/example_dags/example_complex.py
[2024-04-26T22:58:28.959+0000] {processor.py:830} INFO - Processing file /home/airflow/.local/lib/python3.12/site-packages/airflow/example_dags/example_complex.py for tasks to queue
[2024-04-26T22:58:28.980+0000] {logging_mixin.py:188} INFO - [2024-04-26T22:58:28.971+0000] {dagbag.py:540} INFO - Filling up the DagBag from /home/airflow/.local/lib/python3.12/site-packages/airflow/example_dags/example_complex.py
[2024-04-26T22:58:29.036+0000] {processor.py:840} INFO - DAG(s) 'example_complex' retrieved from /home/airflow/.local/lib/python3.12/site-packages/airflow/example_dags/example_complex.py
[2024-04-26T22:58:29.394+0000] {logging_mixin.py:188} INFO - [2024-04-26T22:58:29.391+0000] {dag.py:3096} INFO - Sync 1 DAGs
[2024-04-26T22:58:29.577+0000] {logging_mixin.py:188} INFO - [2024-04-26T22:58:29.576+0000] {dag.py:3954} INFO - Setting next_dagrun for example_complex to None, run_after=None
[2024-04-26T22:58:29.641+0000] {processor.py:183} INFO - Processing /home/airflow/.local/lib/python3.12/site-packages/airflow/example_dags/example_complex.py took 0.741 seconds
[2024-04-26T22:58:59.978+0000] {processor.py:161} INFO - Started process (PID=124) to work on /home/airflow/.local/lib/python3.12/site-packages/airflow/example_dags/example_complex.py
[2024-04-26T22:58:59.985+0000] {processor.py:830} INFO - Processing file /home/airflow/.local/lib/python3.12/site-packages/airflow/example_dags/example_complex.py for tasks to queue
[2024-04-26T22:58:59.994+0000] {logging_mixin.py:188} INFO - [2024-04-26T22:58:59.992+0000] {dagbag.py:540} INFO - Filling up the DagBag from /home/airflow/.local/lib/python3.12/site-packages/airflow/example_dags/example_complex.py
[2024-04-26T22:59:00.063+0000] {processor.py:840} INFO - DAG(s) 'example_complex' retrieved from /home/airflow/.local/lib/python3.12/site-packages/airflow/example_dags/example_complex.py
[2024-04-26T22:59:00.171+0000] {logging_mixin.py:188} INFO - [2024-04-26T22:59:00.170+0000] {dag.py:3096} INFO - Sync 1 DAGs
[2024-04-26T22:59:00.217+0000] {logging_mixin.py:188} INFO - [2024-04-26T22:59:00.217+0000] {dag.py:3954} INFO - Setting next_dagrun for example_complex to None, run_after=None
[2024-04-26T22:59:00.287+0000] {processor.py:183} INFO - Processing /home/airflow/.local/lib/python3.12/site-packages/airflow/example_dags/example_complex.py took 0.349 seconds
[2024-04-26T22:59:30.746+0000] {processor.py:161} INFO - Started process (PID=183) to work on /home/airflow/.local/lib/python3.12/site-packages/airflow/example_dags/example_complex.py
[2024-04-26T22:59:30.748+0000] {processor.py:830} INFO - Processing file /home/airflow/.local/lib/python3.12/site-packages/airflow/example_dags/example_complex.py for tasks to queue
[2024-04-26T22:59:30.749+0000] {logging_mixin.py:188} INFO - [2024-04-26T22:59:30.749+0000] {dagbag.py:540} INFO - Filling up the DagBag from /home/airflow/.local/lib/python3.12/site-packages/airflow/example_dags/example_complex.py
[2024-04-26T22:59:30.760+0000] {processor.py:840} INFO - DAG(s) 'example_complex' retrieved from /home/airflow/.local/lib/python3.12/site-packages/airflow/example_dags/example_complex.py
[2024-04-26T22:59:30.791+0000] {logging_mixin.py:188} INFO - [2024-04-26T22:59:30.791+0000] {dag.py:3096} INFO - Sync 1 DAGs
[2024-04-26T22:59:30.805+0000] {logging_mixin.py:188} INFO - [2024-04-26T22:59:30.804+0000] {dag.py:3954} INFO - Setting next_dagrun for example_complex to None, run_after=None
[2024-04-26T22:59:30.829+0000] {processor.py:183} INFO - Processing /home/airflow/.local/lib/python3.12/site-packages/airflow/example_dags/example_complex.py took 0.088 seconds
[2024-04-26T23:00:00.944+0000] {processor.py:161} INFO - Started process (PID=242) to work on /home/airflow/.local/lib/python3.12/site-packages/airflow/example_dags/example_complex.py
[2024-04-26T23:00:00.945+0000] {processor.py:830} INFO - Processing file /home/airflow/.local/lib/python3.12/site-packages/airflow/example_dags/example_complex.py for tasks to queue
[2024-04-26T23:00:00.947+0000] {logging_mixin.py:188} INFO - [2024-04-26T23:00:00.947+0000] {dagbag.py:540} INFO - Filling up the DagBag from /home/airflow/.local/lib/python3.12/site-packages/airflow/example_dags/example_complex.py
[2024-04-26T23:00:00.956+0000] {processor.py:840} INFO - DAG(s) 'example_complex' retrieved from /home/airflow/.local/lib/python3.12/site-packages/airflow/example_dags/example_complex.py
[2024-04-26T23:00:00.985+0000] {logging_mixin.py:188} INFO - [2024-04-26T23:00:00.985+0000] {dag.py:3096} INFO - Sync 1 DAGs
[2024-04-26T23:00:00.996+0000] {logging_mixin.py:188} INFO - [2024-04-26T23:00:00.996+0000] {dag.py:3954} INFO - Setting next_dagrun for example_complex to None, run_after=None
[2024-04-26T23:00:01.017+0000] {processor.py:183} INFO - Processing /home/airflow/.local/lib/python3.12/site-packages/airflow/example_dags/example_complex.py took 0.078 seconds
[2024-04-26T23:00:31.140+0000] {processor.py:161} INFO - Started process (PID=301) to work on /home/airflow/.local/lib/python3.12/site-packages/airflow/example_dags/example_complex.py
[2024-04-26T23:00:31.141+0000] {processor.py:830} INFO - Processing file /home/airflow/.local/lib/python3.12/site-packages/airflow/example_dags/example_complex.py for tasks to queue
[2024-04-26T23:00:31.142+0000] {logging_mixin.py:188} INFO - [2024-04-26T23:00:31.142+0000] {dagbag.py:540} INFO - Filling up the DagBag from /home/airflow/.local/lib/python3.12/site-packages/airflow/example_dags/example_complex.py
[2024-04-26T23:00:31.151+0000] {processor.py:840} INFO - DAG(s) 'example_complex' retrieved from /home/airflow/.local/lib/python3.12/site-packages/airflow/example_dags/example_complex.py
[2024-04-26T23:00:31.181+0000] {logging_mixin.py:188} INFO - [2024-04-26T23:00:31.180+0000] {dag.py:3096} INFO - Sync 1 DAGs
[2024-04-26T23:00:31.192+0000] {logging_mixin.py:188} INFO - [2024-04-26T23:00:31.191+0000] {dag.py:3954} INFO - Setting next_dagrun for example_complex to None, run_after=None
[2024-04-26T23:00:31.211+0000] {processor.py:183} INFO - Processing /home/airflow/.local/lib/python3.12/site-packages/airflow/example_dags/example_complex.py took 0.077 seconds
[2024-04-26T23:01:01.333+0000] {processor.py:161} INFO - Started process (PID=360) to work on /home/airflow/.local/lib/python3.12/site-packages/airflow/example_dags/example_complex.py
[2024-04-26T23:01:01.334+0000] {processor.py:830} INFO - Processing file /home/airflow/.local/lib/python3.12/site-packages/airflow/example_dags/example_complex.py for tasks to queue
[2024-04-26T23:01:01.336+0000] {logging_mixin.py:188} INFO - [2024-04-26T23:01:01.336+0000] {dagbag.py:540} INFO - Filling up the DagBag from /home/airflow/.local/lib/python3.12/site-packages/airflow/example_dags/example_complex.py
[2024-04-26T23:01:01.345+0000] {processor.py:840} INFO - DAG(s) 'example_complex' retrieved from /home/airflow/.local/lib/python3.12/site-packages/airflow/example_dags/example_complex.py
[2024-04-26T23:01:01.374+0000] {logging_mixin.py:188} INFO - [2024-04-26T23:01:01.374+0000] {dag.py:3096} INFO - Sync 1 DAGs
[2024-04-26T23:01:01.386+0000] {logging_mixin.py:188} INFO - [2024-04-26T23:01:01.386+0000] {dag.py:3954} INFO - Setting next_dagrun for example_complex to None, run_after=None
[2024-04-26T23:01:01.410+0000] {processor.py:183} INFO - Processing /home/airflow/.local/lib/python3.12/site-packages/airflow/example_dags/example_complex.py took 0.082 seconds
[2024-04-26T23:01:32.252+0000] {processor.py:161} INFO - Started process (PID=419) to work on /home/airflow/.local/lib/python3.12/site-packages/airflow/example_dags/example_complex.py
[2024-04-26T23:01:32.253+0000] {processor.py:830} INFO - Processing file /home/airflow/.local/lib/python3.12/site-packages/airflow/example_dags/example_complex.py for tasks to queue
[2024-04-26T23:01:32.256+0000] {logging_mixin.py:188} INFO - [2024-04-26T23:01:32.255+0000] {dagbag.py:540} INFO - Filling up the DagBag from /home/airflow/.local/lib/python3.12/site-packages/airflow/example_dags/example_complex.py
[2024-04-26T23:01:32.266+0000] {processor.py:840} INFO - DAG(s) 'example_complex' retrieved from /home/airflow/.local/lib/python3.12/site-packages/airflow/example_dags/example_complex.py
[2024-04-26T23:01:32.300+0000] {logging_mixin.py:188} INFO - [2024-04-26T23:01:32.299+0000] {dag.py:3096} INFO - Sync 1 DAGs
[2024-04-26T23:01:32.315+0000] {logging_mixin.py:188} INFO - [2024-04-26T23:01:32.314+0000] {dag.py:3954} INFO - Setting next_dagrun for example_complex to None, run_after=None
[2024-04-26T23:01:32.343+0000] {processor.py:183} INFO - Processing /home/airflow/.local/lib/python3.12/site-packages/airflow/example_dags/example_complex.py took 0.097 seconds
[2024-04-26T23:02:02.524+0000] {processor.py:161} INFO - Started process (PID=478) to work on /home/airflow/.local/lib/python3.12/site-packages/airflow/example_dags/example_complex.py
[2024-04-26T23:02:02.525+0000] {processor.py:830} INFO - Processing file /home/airflow/.local/lib/python3.12/site-packages/airflow/example_dags/example_complex.py for tasks to queue
[2024-04-26T23:02:02.527+0000] {logging_mixin.py:188} INFO - [2024-04-26T23:02:02.527+0000] {dagbag.py:540} INFO - Filling up the DagBag from /home/airflow/.local/lib/python3.12/site-packages/airflow/example_dags/example_complex.py
[2024-04-26T23:02:02.536+0000] {processor.py:840} INFO - DAG(s) 'example_complex' retrieved from /home/airflow/.local/lib/python3.12/site-packages/airflow/example_dags/example_complex.py
[2024-04-26T23:02:02.570+0000] {logging_mixin.py:188} INFO - [2024-04-26T23:02:02.570+0000] {dag.py:3096} INFO - Sync 1 DAGs
[2024-04-26T23:02:02.584+0000] {logging_mixin.py:188} INFO - [2024-04-26T23:02:02.584+0000] {dag.py:3954} INFO - Setting next_dagrun for example_complex to None, run_after=None
[2024-04-26T23:02:02.609+0000] {processor.py:183} INFO - Processing /home/airflow/.local/lib/python3.12/site-packages/airflow/example_dags/example_complex.py took 0.089 seconds
[2024-04-26T23:02:33.097+0000] {processor.py:161} INFO - Started process (PID=537) to work on /home/airflow/.local/lib/python3.12/site-packages/airflow/example_dags/example_complex.py
[2024-04-26T23:02:33.098+0000] {processor.py:830} INFO - Processing file /home/airflow/.local/lib/python3.12/site-packages/airflow/example_dags/example_complex.py for tasks to queue
[2024-04-26T23:02:33.100+0000] {logging_mixin.py:188} INFO - [2024-04-26T23:02:33.100+0000] {dagbag.py:540} INFO - Filling up the DagBag from /home/airflow/.local/lib/python3.12/site-packages/airflow/example_dags/example_complex.py
[2024-04-26T23:02:33.108+0000] {processor.py:840} INFO - DAG(s) 'example_complex' retrieved from /home/airflow/.local/lib/python3.12/site-packages/airflow/example_dags/example_complex.py
[2024-04-26T23:02:33.136+0000] {logging_mixin.py:188} INFO - [2024-04-26T23:02:33.136+0000] {dag.py:3096} INFO - Sync 1 DAGs
[2024-04-26T23:02:33.147+0000] {logging_mixin.py:188} INFO - [2024-04-26T23:02:33.147+0000] {dag.py:3954} INFO - Setting next_dagrun for example_complex to None, run_after=None
[2024-04-26T23:02:33.167+0000] {processor.py:183} INFO - Processing /home/airflow/.local/lib/python3.12/site-packages/airflow/example_dags/example_complex.py took 0.076 seconds
[2024-04-26T23:03:03.309+0000] {processor.py:161} INFO - Started process (PID=596) to work on /home/airflow/.local/lib/python3.12/site-packages/airflow/example_dags/example_complex.py
[2024-04-26T23:03:03.310+0000] {processor.py:830} INFO - Processing file /home/airflow/.local/lib/python3.12/site-packages/airflow/example_dags/example_complex.py for tasks to queue
[2024-04-26T23:03:03.312+0000] {logging_mixin.py:188} INFO - [2024-04-26T23:03:03.311+0000] {dagbag.py:540} INFO - Filling up the DagBag from /home/airflow/.local/lib/python3.12/site-packages/airflow/example_dags/example_complex.py
[2024-04-26T23:03:03.320+0000] {processor.py:840} INFO - DAG(s) 'example_complex' retrieved from /home/airflow/.local/lib/python3.12/site-packages/airflow/example_dags/example_complex.py
[2024-04-26T23:03:03.348+0000] {logging_mixin.py:188} INFO - [2024-04-26T23:03:03.348+0000] {dag.py:3096} INFO - Sync 1 DAGs
[2024-04-26T23:03:03.358+0000] {logging_mixin.py:188} INFO - [2024-04-26T23:03:03.358+0000] {dag.py:3954} INFO - Setting next_dagrun for example_complex to None, run_after=None
[2024-04-26T23:03:03.399+0000] {processor.py:183} INFO - Processing /home/airflow/.local/lib/python3.12/site-packages/airflow/example_dags/example_complex.py took 0.094 seconds
[2024-04-26T23:03:33.616+0000] {processor.py:161} INFO - Started process (PID=655) to work on /home/airflow/.local/lib/python3.12/site-packages/airflow/example_dags/example_complex.py
[2024-04-26T23:03:33.617+0000] {processor.py:830} INFO - Processing file /home/airflow/.local/lib/python3.12/site-packages/airflow/example_dags/example_complex.py for tasks to queue
[2024-04-26T23:03:33.619+0000] {logging_mixin.py:188} INFO - [2024-04-26T23:03:33.619+0000] {dagbag.py:540} INFO - Filling up the DagBag from /home/airflow/.local/lib/python3.12/site-packages/airflow/example_dags/example_complex.py
[2024-04-26T23:03:33.629+0000] {processor.py:840} INFO - DAG(s) 'example_complex' retrieved from /home/airflow/.local/lib/python3.12/site-packages/airflow/example_dags/example_complex.py
[2024-04-26T23:03:33.662+0000] {logging_mixin.py:188} INFO - [2024-04-26T23:03:33.661+0000] {dag.py:3096} INFO - Sync 1 DAGs
[2024-04-26T23:03:33.674+0000] {logging_mixin.py:188} INFO - [2024-04-26T23:03:33.674+0000] {dag.py:3954} INFO - Setting next_dagrun for example_complex to None, run_after=None
[2024-04-26T23:03:33.699+0000] {processor.py:183} INFO - Processing /home/airflow/.local/lib/python3.12/site-packages/airflow/example_dags/example_complex.py took 0.088 seconds
[2024-04-26T23:04:03.857+0000] {processor.py:161} INFO - Started process (PID=714) to work on /home/airflow/.local/lib/python3.12/site-packages/airflow/example_dags/example_complex.py
[2024-04-26T23:04:03.859+0000] {processor.py:830} INFO - Processing file /home/airflow/.local/lib/python3.12/site-packages/airflow/example_dags/example_complex.py for tasks to queue
[2024-04-26T23:04:03.861+0000] {logging_mixin.py:188} INFO - [2024-04-26T23:04:03.860+0000] {dagbag.py:540} INFO - Filling up the DagBag from /home/airflow/.local/lib/python3.12/site-packages/airflow/example_dags/example_complex.py
[2024-04-26T23:04:03.871+0000] {processor.py:840} INFO - DAG(s) 'example_complex' retrieved from /home/airflow/.local/lib/python3.12/site-packages/airflow/example_dags/example_complex.py
[2024-04-26T23:04:03.904+0000] {logging_mixin.py:188} INFO - [2024-04-26T23:04:03.904+0000] {dag.py:3096} INFO - Sync 1 DAGs
[2024-04-26T23:04:03.917+0000] {logging_mixin.py:188} INFO - [2024-04-26T23:04:03.916+0000] {dag.py:3954} INFO - Setting next_dagrun for example_complex to None, run_after=None
[2024-04-26T23:04:03.942+0000] {processor.py:183} INFO - Processing /home/airflow/.local/lib/python3.12/site-packages/airflow/example_dags/example_complex.py took 0.091 seconds
[2024-04-26T23:04:34.157+0000] {processor.py:161} INFO - Started process (PID=773) to work on /home/airflow/.local/lib/python3.12/site-packages/airflow/example_dags/example_complex.py
[2024-04-26T23:04:34.158+0000] {processor.py:830} INFO - Processing file /home/airflow/.local/lib/python3.12/site-packages/airflow/example_dags/example_complex.py for tasks to queue
[2024-04-26T23:04:34.160+0000] {logging_mixin.py:188} INFO - [2024-04-26T23:04:34.159+0000] {dagbag.py:540} INFO - Filling up the DagBag from /home/airflow/.local/lib/python3.12/site-packages/airflow/example_dags/example_complex.py
[2024-04-26T23:04:34.170+0000] {processor.py:840} INFO - DAG(s) 'example_complex' retrieved from /home/airflow/.local/lib/python3.12/site-packages/airflow/example_dags/example_complex.py
[2024-04-26T23:04:34.203+0000] {logging_mixin.py:188} INFO - [2024-04-26T23:04:34.202+0000] {dag.py:3096} INFO - Sync 1 DAGs
[2024-04-26T23:04:34.216+0000] {logging_mixin.py:188} INFO - [2024-04-26T23:04:34.216+0000] {dag.py:3954} INFO - Setting next_dagrun for example_complex to None, run_after=None
[2024-04-26T23:04:34.237+0000] {processor.py:183} INFO - Processing /home/airflow/.local/lib/python3.12/site-packages/airflow/example_dags/example_complex.py took 0.086 seconds
[2024-04-26T23:05:04.481+0000] {processor.py:161} INFO - Started process (PID=832) to work on /home/airflow/.local/lib/python3.12/site-packages/airflow/example_dags/example_complex.py
[2024-04-26T23:05:04.482+0000] {processor.py:830} INFO - Processing file /home/airflow/.local/lib/python3.12/site-packages/airflow/example_dags/example_complex.py for tasks to queue
[2024-04-26T23:05:04.484+0000] {logging_mixin.py:188} INFO - [2024-04-26T23:05:04.484+0000] {dagbag.py:540} INFO - Filling up the DagBag from /home/airflow/.local/lib/python3.12/site-packages/airflow/example_dags/example_complex.py
[2024-04-26T23:05:04.492+0000] {processor.py:840} INFO - DAG(s) 'example_complex' retrieved from /home/airflow/.local/lib/python3.12/site-packages/airflow/example_dags/example_complex.py
[2024-04-26T23:05:04.519+0000] {logging_mixin.py:188} INFO - [2024-04-26T23:05:04.519+0000] {dag.py:3096} INFO - Sync 1 DAGs
[2024-04-26T23:05:04.532+0000] {logging_mixin.py:188} INFO - [2024-04-26T23:05:04.532+0000] {dag.py:3954} INFO - Setting next_dagrun for example_complex to None, run_after=None
[2024-04-26T23:05:04.554+0000] {processor.py:183} INFO - Processing /home/airflow/.local/lib/python3.12/site-packages/airflow/example_dags/example_complex.py took 0.077 seconds
[2024-04-26T23:05:34.954+0000] {processor.py:161} INFO - Started process (PID=891) to work on /home/airflow/.local/lib/python3.12/site-packages/airflow/example_dags/example_complex.py
[2024-04-26T23:05:34.954+0000] {processor.py:830} INFO - Processing file /home/airflow/.local/lib/python3.12/site-packages/airflow/example_dags/example_complex.py for tasks to queue
[2024-04-26T23:05:34.956+0000] {logging_mixin.py:188} INFO - [2024-04-26T23:05:34.956+0000] {dagbag.py:540} INFO - Filling up the DagBag from /home/airflow/.local/lib/python3.12/site-packages/airflow/example_dags/example_complex.py
[2024-04-26T23:05:34.965+0000] {processor.py:840} INFO - DAG(s) 'example_complex' retrieved from /home/airflow/.local/lib/python3.12/site-packages/airflow/example_dags/example_complex.py
[2024-04-26T23:05:34.993+0000] {logging_mixin.py:188} INFO - [2024-04-26T23:05:34.993+0000] {dag.py:3096} INFO - Sync 1 DAGs
[2024-04-26T23:05:35.005+0000] {logging_mixin.py:188} INFO - [2024-04-26T23:05:35.005+0000] {dag.py:3954} INFO - Setting next_dagrun for example_complex to None, run_after=None
[2024-04-26T23:05:35.026+0000] {processor.py:183} INFO - Processing /home/airflow/.local/lib/python3.12/site-packages/airflow/example_dags/example_complex.py took 0.077 seconds
[2024-04-26T23:09:55.493+0000] {processor.py:161} INFO - Started process (PID=59) to work on /home/airflow/.local/lib/python3.12/site-packages/airflow/example_dags/example_complex.py
[2024-04-26T23:09:55.494+0000] {processor.py:830} INFO - Processing file /home/airflow/.local/lib/python3.12/site-packages/airflow/example_dags/example_complex.py for tasks to queue
[2024-04-26T23:09:55.497+0000] {logging_mixin.py:188} INFO - [2024-04-26T23:09:55.496+0000] {dagbag.py:540} INFO - Filling up the DagBag from /home/airflow/.local/lib/python3.12/site-packages/airflow/example_dags/example_complex.py
[2024-04-26T23:09:55.507+0000] {processor.py:840} INFO - DAG(s) 'example_complex' retrieved from /home/airflow/.local/lib/python3.12/site-packages/airflow/example_dags/example_complex.py
[2024-04-26T23:09:55.519+0000] {logging_mixin.py:188} INFO - [2024-04-26T23:09:55.519+0000] {dag.py:3096} INFO - Sync 1 DAGs
[2024-04-26T23:09:55.533+0000] {logging_mixin.py:188} INFO - [2024-04-26T23:09:55.533+0000] {dag.py:3954} INFO - Setting next_dagrun for example_complex to None, run_after=None
[2024-04-26T23:09:55.553+0000] {processor.py:183} INFO - Processing /home/airflow/.local/lib/python3.12/site-packages/airflow/example_dags/example_complex.py took 0.067 seconds
[2024-04-26T23:10:26.484+0000] {processor.py:161} INFO - Started process (PID=118) to work on /home/airflow/.local/lib/python3.12/site-packages/airflow/example_dags/example_complex.py
[2024-04-26T23:10:26.486+0000] {processor.py:830} INFO - Processing file /home/airflow/.local/lib/python3.12/site-packages/airflow/example_dags/example_complex.py for tasks to queue
[2024-04-26T23:10:26.487+0000] {logging_mixin.py:188} INFO - [2024-04-26T23:10:26.487+0000] {dagbag.py:540} INFO - Filling up the DagBag from /home/airflow/.local/lib/python3.12/site-packages/airflow/example_dags/example_complex.py
[2024-04-26T23:10:26.497+0000] {processor.py:840} INFO - DAG(s) 'example_complex' retrieved from /home/airflow/.local/lib/python3.12/site-packages/airflow/example_dags/example_complex.py
[2024-04-26T23:10:26.612+0000] {logging_mixin.py:188} INFO - [2024-04-26T23:10:26.611+0000] {dag.py:3096} INFO - Sync 1 DAGs
[2024-04-26T23:10:26.624+0000] {logging_mixin.py:188} INFO - [2024-04-26T23:10:26.624+0000] {dag.py:3954} INFO - Setting next_dagrun for example_complex to None, run_after=None
[2024-04-26T23:10:26.648+0000] {processor.py:183} INFO - Processing /home/airflow/.local/lib/python3.12/site-packages/airflow/example_dags/example_complex.py took 0.170 seconds
[2024-04-26T23:10:57.434+0000] {processor.py:161} INFO - Started process (PID=177) to work on /home/airflow/.local/lib/python3.12/site-packages/airflow/example_dags/example_complex.py
[2024-04-26T23:10:57.435+0000] {processor.py:830} INFO - Processing file /home/airflow/.local/lib/python3.12/site-packages/airflow/example_dags/example_complex.py for tasks to queue
[2024-04-26T23:10:57.437+0000] {logging_mixin.py:188} INFO - [2024-04-26T23:10:57.437+0000] {dagbag.py:540} INFO - Filling up the DagBag from /home/airflow/.local/lib/python3.12/site-packages/airflow/example_dags/example_complex.py
[2024-04-26T23:10:57.447+0000] {processor.py:840} INFO - DAG(s) 'example_complex' retrieved from /home/airflow/.local/lib/python3.12/site-packages/airflow/example_dags/example_complex.py
[2024-04-26T23:10:57.480+0000] {logging_mixin.py:188} INFO - [2024-04-26T23:10:57.480+0000] {dag.py:3096} INFO - Sync 1 DAGs
[2024-04-26T23:10:57.493+0000] {logging_mixin.py:188} INFO - [2024-04-26T23:10:57.493+0000] {dag.py:3954} INFO - Setting next_dagrun for example_complex to None, run_after=None
[2024-04-26T23:10:57.511+0000] {processor.py:183} INFO - Processing /home/airflow/.local/lib/python3.12/site-packages/airflow/example_dags/example_complex.py took 0.083 seconds
[2024-04-26T23:11:28.448+0000] {processor.py:161} INFO - Started process (PID=236) to work on /home/airflow/.local/lib/python3.12/site-packages/airflow/example_dags/example_complex.py
[2024-04-26T23:11:28.449+0000] {processor.py:830} INFO - Processing file /home/airflow/.local/lib/python3.12/site-packages/airflow/example_dags/example_complex.py for tasks to queue
[2024-04-26T23:11:28.451+0000] {logging_mixin.py:188} INFO - [2024-04-26T23:11:28.451+0000] {dagbag.py:540} INFO - Filling up the DagBag from /home/airflow/.local/lib/python3.12/site-packages/airflow/example_dags/example_complex.py
[2024-04-26T23:11:28.462+0000] {processor.py:840} INFO - DAG(s) 'example_complex' retrieved from /home/airflow/.local/lib/python3.12/site-packages/airflow/example_dags/example_complex.py
[2024-04-26T23:11:28.491+0000] {logging_mixin.py:188} INFO - [2024-04-26T23:11:28.491+0000] {dag.py:3096} INFO - Sync 1 DAGs
[2024-04-26T23:11:28.503+0000] {logging_mixin.py:188} INFO - [2024-04-26T23:11:28.503+0000] {dag.py:3954} INFO - Setting next_dagrun for example_complex to None, run_after=None
[2024-04-26T23:11:28.522+0000] {processor.py:183} INFO - Processing /home/airflow/.local/lib/python3.12/site-packages/airflow/example_dags/example_complex.py took 0.080 seconds
[2024-04-26T23:11:58.652+0000] {processor.py:161} INFO - Started process (PID=295) to work on /home/airflow/.local/lib/python3.12/site-packages/airflow/example_dags/example_complex.py
[2024-04-26T23:11:58.653+0000] {processor.py:830} INFO - Processing file /home/airflow/.local/lib/python3.12/site-packages/airflow/example_dags/example_complex.py for tasks to queue
[2024-04-26T23:11:58.655+0000] {logging_mixin.py:188} INFO - [2024-04-26T23:11:58.655+0000] {dagbag.py:540} INFO - Filling up the DagBag from /home/airflow/.local/lib/python3.12/site-packages/airflow/example_dags/example_complex.py
[2024-04-26T23:11:58.667+0000] {processor.py:840} INFO - DAG(s) 'example_complex' retrieved from /home/airflow/.local/lib/python3.12/site-packages/airflow/example_dags/example_complex.py
[2024-04-26T23:11:58.699+0000] {logging_mixin.py:188} INFO - [2024-04-26T23:11:58.698+0000] {dag.py:3096} INFO - Sync 1 DAGs
[2024-04-26T23:11:58.712+0000] {logging_mixin.py:188} INFO - [2024-04-26T23:11:58.712+0000] {dag.py:3954} INFO - Setting next_dagrun for example_complex to None, run_after=None
[2024-04-26T23:11:58.734+0000] {processor.py:183} INFO - Processing /home/airflow/.local/lib/python3.12/site-packages/airflow/example_dags/example_complex.py took 0.089 seconds
[2024-04-26T23:12:28.956+0000] {processor.py:161} INFO - Started process (PID=354) to work on /home/airflow/.local/lib/python3.12/site-packages/airflow/example_dags/example_complex.py
[2024-04-26T23:12:28.957+0000] {processor.py:830} INFO - Processing file /home/airflow/.local/lib/python3.12/site-packages/airflow/example_dags/example_complex.py for tasks to queue
[2024-04-26T23:12:28.958+0000] {logging_mixin.py:188} INFO - [2024-04-26T23:12:28.958+0000] {dagbag.py:540} INFO - Filling up the DagBag from /home/airflow/.local/lib/python3.12/site-packages/airflow/example_dags/example_complex.py
[2024-04-26T23:12:28.968+0000] {processor.py:840} INFO - DAG(s) 'example_complex' retrieved from /home/airflow/.local/lib/python3.12/site-packages/airflow/example_dags/example_complex.py
[2024-04-26T23:12:28.998+0000] {logging_mixin.py:188} INFO - [2024-04-26T23:12:28.998+0000] {dag.py:3096} INFO - Sync 1 DAGs
[2024-04-26T23:12:29.011+0000] {logging_mixin.py:188} INFO - [2024-04-26T23:12:29.010+0000] {dag.py:3954} INFO - Setting next_dagrun for example_complex to None, run_after=None
[2024-04-26T23:12:29.032+0000] {processor.py:183} INFO - Processing /home/airflow/.local/lib/python3.12/site-packages/airflow/example_dags/example_complex.py took 0.082 seconds
[2024-04-26T23:12:59.381+0000] {processor.py:161} INFO - Started process (PID=413) to work on /home/airflow/.local/lib/python3.12/site-packages/airflow/example_dags/example_complex.py
[2024-04-26T23:12:59.382+0000] {processor.py:830} INFO - Processing file /home/airflow/.local/lib/python3.12/site-packages/airflow/example_dags/example_complex.py for tasks to queue
[2024-04-26T23:12:59.384+0000] {logging_mixin.py:188} INFO - [2024-04-26T23:12:59.384+0000] {dagbag.py:540} INFO - Filling up the DagBag from /home/airflow/.local/lib/python3.12/site-packages/airflow/example_dags/example_complex.py
[2024-04-26T23:12:59.394+0000] {processor.py:840} INFO - DAG(s) 'example_complex' retrieved from /home/airflow/.local/lib/python3.12/site-packages/airflow/example_dags/example_complex.py
[2024-04-26T23:12:59.426+0000] {logging_mixin.py:188} INFO - [2024-04-26T23:12:59.425+0000] {dag.py:3096} INFO - Sync 1 DAGs
[2024-04-26T23:12:59.439+0000] {logging_mixin.py:188} INFO - [2024-04-26T23:12:59.439+0000] {dag.py:3954} INFO - Setting next_dagrun for example_complex to None, run_after=None
[2024-04-26T23:12:59.464+0000] {processor.py:183} INFO - Processing /home/airflow/.local/lib/python3.12/site-packages/airflow/example_dags/example_complex.py took 0.088 seconds
[2024-04-26T23:13:29.609+0000] {processor.py:161} INFO - Started process (PID=472) to work on /home/airflow/.local/lib/python3.12/site-packages/airflow/example_dags/example_complex.py
[2024-04-26T23:13:29.610+0000] {processor.py:830} INFO - Processing file /home/airflow/.local/lib/python3.12/site-packages/airflow/example_dags/example_complex.py for tasks to queue
[2024-04-26T23:13:29.612+0000] {logging_mixin.py:188} INFO - [2024-04-26T23:13:29.612+0000] {dagbag.py:540} INFO - Filling up the DagBag from /home/airflow/.local/lib/python3.12/site-packages/airflow/example_dags/example_complex.py
[2024-04-26T23:13:29.621+0000] {processor.py:840} INFO - DAG(s) 'example_complex' retrieved from /home/airflow/.local/lib/python3.12/site-packages/airflow/example_dags/example_complex.py
[2024-04-26T23:13:29.653+0000] {logging_mixin.py:188} INFO - [2024-04-26T23:13:29.653+0000] {dag.py:3096} INFO - Sync 1 DAGs
[2024-04-26T23:13:29.666+0000] {logging_mixin.py:188} INFO - [2024-04-26T23:13:29.666+0000] {dag.py:3954} INFO - Setting next_dagrun for example_complex to None, run_after=None
[2024-04-26T23:13:29.686+0000] {processor.py:183} INFO - Processing /home/airflow/.local/lib/python3.12/site-packages/airflow/example_dags/example_complex.py took 0.082 seconds
[2024-04-26T23:17:53.485+0000] {processor.py:161} INFO - Started process (PID=59) to work on /home/airflow/.local/lib/python3.12/site-packages/airflow/example_dags/example_complex.py
[2024-04-26T23:17:53.487+0000] {processor.py:830} INFO - Processing file /home/airflow/.local/lib/python3.12/site-packages/airflow/example_dags/example_complex.py for tasks to queue
[2024-04-26T23:17:53.494+0000] {logging_mixin.py:188} INFO - [2024-04-26T23:17:53.493+0000] {dagbag.py:540} INFO - Filling up the DagBag from /home/airflow/.local/lib/python3.12/site-packages/airflow/example_dags/example_complex.py
[2024-04-26T23:17:53.510+0000] {processor.py:840} INFO - DAG(s) 'example_complex' retrieved from /home/airflow/.local/lib/python3.12/site-packages/airflow/example_dags/example_complex.py
[2024-04-26T23:17:53.531+0000] {logging_mixin.py:188} INFO - [2024-04-26T23:17:53.530+0000] {dag.py:3096} INFO - Sync 1 DAGs
[2024-04-26T23:17:53.552+0000] {logging_mixin.py:188} INFO - [2024-04-26T23:17:53.551+0000] {dag.py:3954} INFO - Setting next_dagrun for example_complex to None, run_after=None
[2024-04-26T23:17:53.573+0000] {processor.py:183} INFO - Processing /home/airflow/.local/lib/python3.12/site-packages/airflow/example_dags/example_complex.py took 0.102 seconds
[2024-04-26T23:18:24.462+0000] {processor.py:161} INFO - Started process (PID=118) to work on /home/airflow/.local/lib/python3.12/site-packages/airflow/example_dags/example_complex.py
[2024-04-26T23:18:24.462+0000] {processor.py:830} INFO - Processing file /home/airflow/.local/lib/python3.12/site-packages/airflow/example_dags/example_complex.py for tasks to queue
[2024-04-26T23:18:24.464+0000] {logging_mixin.py:188} INFO - [2024-04-26T23:18:24.464+0000] {dagbag.py:540} INFO - Filling up the DagBag from /home/airflow/.local/lib/python3.12/site-packages/airflow/example_dags/example_complex.py
[2024-04-26T23:18:24.473+0000] {processor.py:840} INFO - DAG(s) 'example_complex' retrieved from /home/airflow/.local/lib/python3.12/site-packages/airflow/example_dags/example_complex.py
[2024-04-26T23:18:24.569+0000] {logging_mixin.py:188} INFO - [2024-04-26T23:18:24.569+0000] {dag.py:3096} INFO - Sync 1 DAGs
[2024-04-26T23:18:24.580+0000] {logging_mixin.py:188} INFO - [2024-04-26T23:18:24.579+0000] {dag.py:3954} INFO - Setting next_dagrun for example_complex to None, run_after=None
[2024-04-26T23:18:24.601+0000] {processor.py:183} INFO - Processing /home/airflow/.local/lib/python3.12/site-packages/airflow/example_dags/example_complex.py took 0.145 seconds
[2024-04-26T23:18:55.599+0000] {processor.py:161} INFO - Started process (PID=177) to work on /home/airflow/.local/lib/python3.12/site-packages/airflow/example_dags/example_complex.py
[2024-04-26T23:18:55.600+0000] {processor.py:830} INFO - Processing file /home/airflow/.local/lib/python3.12/site-packages/airflow/example_dags/example_complex.py for tasks to queue
[2024-04-26T23:18:55.602+0000] {logging_mixin.py:188} INFO - [2024-04-26T23:18:55.602+0000] {dagbag.py:540} INFO - Filling up the DagBag from /home/airflow/.local/lib/python3.12/site-packages/airflow/example_dags/example_complex.py
[2024-04-26T23:18:55.615+0000] {processor.py:840} INFO - DAG(s) 'example_complex' retrieved from /home/airflow/.local/lib/python3.12/site-packages/airflow/example_dags/example_complex.py
[2024-04-26T23:18:55.659+0000] {logging_mixin.py:188} INFO - [2024-04-26T23:18:55.659+0000] {dag.py:3096} INFO - Sync 1 DAGs
[2024-04-26T23:18:55.679+0000] {logging_mixin.py:188} INFO - [2024-04-26T23:18:55.678+0000] {dag.py:3954} INFO - Setting next_dagrun for example_complex to None, run_after=None
[2024-04-26T23:18:55.708+0000] {processor.py:183} INFO - Processing /home/airflow/.local/lib/python3.12/site-packages/airflow/example_dags/example_complex.py took 0.115 seconds
[2024-04-26T23:19:42.784+0000] {processor.py:161} INFO - Started process (PID=59) to work on /home/airflow/.local/lib/python3.12/site-packages/airflow/example_dags/example_complex.py
[2024-04-26T23:19:42.785+0000] {processor.py:830} INFO - Processing file /home/airflow/.local/lib/python3.12/site-packages/airflow/example_dags/example_complex.py for tasks to queue
[2024-04-26T23:19:42.788+0000] {logging_mixin.py:188} INFO - [2024-04-26T23:19:42.787+0000] {dagbag.py:540} INFO - Filling up the DagBag from /home/airflow/.local/lib/python3.12/site-packages/airflow/example_dags/example_complex.py
[2024-04-26T23:19:42.796+0000] {processor.py:840} INFO - DAG(s) 'example_complex' retrieved from /home/airflow/.local/lib/python3.12/site-packages/airflow/example_dags/example_complex.py
[2024-04-26T23:19:42.808+0000] {logging_mixin.py:188} INFO - [2024-04-26T23:19:42.808+0000] {dag.py:3096} INFO - Sync 1 DAGs
[2024-04-26T23:19:42.824+0000] {logging_mixin.py:188} INFO - [2024-04-26T23:19:42.824+0000] {dag.py:3954} INFO - Setting next_dagrun for example_complex to None, run_after=None
[2024-04-26T23:19:42.845+0000] {processor.py:183} INFO - Processing /home/airflow/.local/lib/python3.12/site-packages/airflow/example_dags/example_complex.py took 0.067 seconds
[2024-04-26T23:20:13.789+0000] {processor.py:161} INFO - Started process (PID=118) to work on /home/airflow/.local/lib/python3.12/site-packages/airflow/example_dags/example_complex.py
[2024-04-26T23:20:13.790+0000] {processor.py:830} INFO - Processing file /home/airflow/.local/lib/python3.12/site-packages/airflow/example_dags/example_complex.py for tasks to queue
[2024-04-26T23:20:13.792+0000] {logging_mixin.py:188} INFO - [2024-04-26T23:20:13.792+0000] {dagbag.py:540} INFO - Filling up the DagBag from /home/airflow/.local/lib/python3.12/site-packages/airflow/example_dags/example_complex.py
[2024-04-26T23:20:13.800+0000] {processor.py:840} INFO - DAG(s) 'example_complex' retrieved from /home/airflow/.local/lib/python3.12/site-packages/airflow/example_dags/example_complex.py
[2024-04-26T23:20:13.882+0000] {logging_mixin.py:188} INFO - [2024-04-26T23:20:13.882+0000] {dag.py:3096} INFO - Sync 1 DAGs
[2024-04-26T23:20:13.891+0000] {logging_mixin.py:188} INFO - [2024-04-26T23:20:13.891+0000] {dag.py:3954} INFO - Setting next_dagrun for example_complex to None, run_after=None
[2024-04-26T23:20:13.909+0000] {processor.py:183} INFO - Processing /home/airflow/.local/lib/python3.12/site-packages/airflow/example_dags/example_complex.py took 0.124 seconds
[2024-04-26T23:20:44.567+0000] {processor.py:161} INFO - Started process (PID=177) to work on /home/airflow/.local/lib/python3.12/site-packages/airflow/example_dags/example_complex.py
[2024-04-26T23:20:44.568+0000] {processor.py:830} INFO - Processing file /home/airflow/.local/lib/python3.12/site-packages/airflow/example_dags/example_complex.py for tasks to queue
[2024-04-26T23:20:44.570+0000] {logging_mixin.py:188} INFO - [2024-04-26T23:20:44.570+0000] {dagbag.py:540} INFO - Filling up the DagBag from /home/airflow/.local/lib/python3.12/site-packages/airflow/example_dags/example_complex.py
[2024-04-26T23:20:44.578+0000] {processor.py:840} INFO - DAG(s) 'example_complex' retrieved from /home/airflow/.local/lib/python3.12/site-packages/airflow/example_dags/example_complex.py
[2024-04-26T23:20:44.605+0000] {logging_mixin.py:188} INFO - [2024-04-26T23:20:44.605+0000] {dag.py:3096} INFO - Sync 1 DAGs
[2024-04-26T23:20:44.617+0000] {logging_mixin.py:188} INFO - [2024-04-26T23:20:44.617+0000] {dag.py:3954} INFO - Setting next_dagrun for example_complex to None, run_after=None
[2024-04-26T23:20:44.635+0000] {processor.py:183} INFO - Processing /home/airflow/.local/lib/python3.12/site-packages/airflow/example_dags/example_complex.py took 0.072 seconds
[2024-04-26T23:21:14.681+0000] {processor.py:161} INFO - Started process (PID=236) to work on /home/airflow/.local/lib/python3.12/site-packages/airflow/example_dags/example_complex.py
[2024-04-26T23:21:14.682+0000] {processor.py:830} INFO - Processing file /home/airflow/.local/lib/python3.12/site-packages/airflow/example_dags/example_complex.py for tasks to queue
[2024-04-26T23:21:14.684+0000] {logging_mixin.py:188} INFO - [2024-04-26T23:21:14.684+0000] {dagbag.py:540} INFO - Filling up the DagBag from /home/airflow/.local/lib/python3.12/site-packages/airflow/example_dags/example_complex.py
[2024-04-26T23:21:14.694+0000] {processor.py:840} INFO - DAG(s) 'example_complex' retrieved from /home/airflow/.local/lib/python3.12/site-packages/airflow/example_dags/example_complex.py
[2024-04-26T23:21:14.725+0000] {logging_mixin.py:188} INFO - [2024-04-26T23:21:14.725+0000] {dag.py:3096} INFO - Sync 1 DAGs
[2024-04-26T23:21:14.737+0000] {logging_mixin.py:188} INFO - [2024-04-26T23:21:14.737+0000] {dag.py:3954} INFO - Setting next_dagrun for example_complex to None, run_after=None
[2024-04-26T23:21:14.757+0000] {processor.py:183} INFO - Processing /home/airflow/.local/lib/python3.12/site-packages/airflow/example_dags/example_complex.py took 0.082 seconds
[2024-04-26T23:21:45.321+0000] {processor.py:161} INFO - Started process (PID=295) to work on /home/airflow/.local/lib/python3.12/site-packages/airflow/example_dags/example_complex.py
[2024-04-26T23:21:45.323+0000] {processor.py:830} INFO - Processing file /home/airflow/.local/lib/python3.12/site-packages/airflow/example_dags/example_complex.py for tasks to queue
[2024-04-26T23:21:45.326+0000] {logging_mixin.py:188} INFO - [2024-04-26T23:21:45.326+0000] {dagbag.py:540} INFO - Filling up the DagBag from /home/airflow/.local/lib/python3.12/site-packages/airflow/example_dags/example_complex.py
[2024-04-26T23:21:45.338+0000] {processor.py:840} INFO - DAG(s) 'example_complex' retrieved from /home/airflow/.local/lib/python3.12/site-packages/airflow/example_dags/example_complex.py
[2024-04-26T23:21:45.377+0000] {logging_mixin.py:188} INFO - [2024-04-26T23:21:45.376+0000] {dag.py:3096} INFO - Sync 1 DAGs
[2024-04-26T23:21:45.395+0000] {logging_mixin.py:188} INFO - [2024-04-26T23:21:45.395+0000] {dag.py:3954} INFO - Setting next_dagrun for example_complex to None, run_after=None
[2024-04-26T23:21:45.417+0000] {processor.py:183} INFO - Processing /home/airflow/.local/lib/python3.12/site-packages/airflow/example_dags/example_complex.py took 0.101 seconds
