[2024-04-26T22:58:36.809+0000] {processor.py:161} INFO - Started process (PID=87) to work on /home/airflow/.local/lib/python3.12/site-packages/airflow/example_dags/example_task_group_decorator.py
[2024-04-26T22:58:36.810+0000] {processor.py:830} INFO - Processing file /home/airflow/.local/lib/python3.12/site-packages/airflow/example_dags/example_task_group_decorator.py for tasks to queue
[2024-04-26T22:58:36.813+0000] {logging_mixin.py:188} INFO - [2024-04-26T22:58:36.812+0000] {dagbag.py:540} INFO - Filling up the DagBag from /home/airflow/.local/lib/python3.12/site-packages/airflow/example_dags/example_task_group_decorator.py
[2024-04-26T22:58:36.834+0000] {processor.py:840} INFO - DAG(s) 'example_task_group_decorator' retrieved from /home/airflow/.local/lib/python3.12/site-packages/airflow/example_dags/example_task_group_decorator.py
[2024-04-26T22:58:36.956+0000] {logging_mixin.py:188} INFO - [2024-04-26T22:58:36.955+0000] {dag.py:3096} INFO - Sync 1 DAGs
[2024-04-26T22:58:36.977+0000] {logging_mixin.py:188} INFO - [2024-04-26T22:58:36.977+0000] {dag.py:3954} INFO - Setting next_dagrun for example_task_group_decorator to 2024-04-25 00:00:00+00:00, run_after=2024-04-26 00:00:00+00:00
[2024-04-26T22:58:37.000+0000] {processor.py:183} INFO - Processing /home/airflow/.local/lib/python3.12/site-packages/airflow/example_dags/example_task_group_decorator.py took 0.199 seconds
[2024-04-26T22:59:07.095+0000] {processor.py:161} INFO - Started process (PID=146) to work on /home/airflow/.local/lib/python3.12/site-packages/airflow/example_dags/example_task_group_decorator.py
[2024-04-26T22:59:07.096+0000] {processor.py:830} INFO - Processing file /home/airflow/.local/lib/python3.12/site-packages/airflow/example_dags/example_task_group_decorator.py for tasks to queue
[2024-04-26T22:59:07.098+0000] {logging_mixin.py:188} INFO - [2024-04-26T22:59:07.098+0000] {dagbag.py:540} INFO - Filling up the DagBag from /home/airflow/.local/lib/python3.12/site-packages/airflow/example_dags/example_task_group_decorator.py
[2024-04-26T22:59:07.111+0000] {processor.py:840} INFO - DAG(s) 'example_task_group_decorator' retrieved from /home/airflow/.local/lib/python3.12/site-packages/airflow/example_dags/example_task_group_decorator.py
[2024-04-26T22:59:07.135+0000] {logging_mixin.py:188} INFO - [2024-04-26T22:59:07.134+0000] {dag.py:3096} INFO - Sync 1 DAGs
[2024-04-26T22:59:07.155+0000] {logging_mixin.py:188} INFO - [2024-04-26T22:59:07.155+0000] {dag.py:3954} INFO - Setting next_dagrun for example_task_group_decorator to 2024-04-25 00:00:00+00:00, run_after=2024-04-26 00:00:00+00:00
[2024-04-26T22:59:07.175+0000] {processor.py:183} INFO - Processing /home/airflow/.local/lib/python3.12/site-packages/airflow/example_dags/example_task_group_decorator.py took 0.085 seconds
[2024-04-26T22:59:37.525+0000] {processor.py:161} INFO - Started process (PID=205) to work on /home/airflow/.local/lib/python3.12/site-packages/airflow/example_dags/example_task_group_decorator.py
[2024-04-26T22:59:37.526+0000] {processor.py:830} INFO - Processing file /home/airflow/.local/lib/python3.12/site-packages/airflow/example_dags/example_task_group_decorator.py for tasks to queue
[2024-04-26T22:59:37.529+0000] {logging_mixin.py:188} INFO - [2024-04-26T22:59:37.528+0000] {dagbag.py:540} INFO - Filling up the DagBag from /home/airflow/.local/lib/python3.12/site-packages/airflow/example_dags/example_task_group_decorator.py
[2024-04-26T22:59:37.545+0000] {processor.py:840} INFO - DAG(s) 'example_task_group_decorator' retrieved from /home/airflow/.local/lib/python3.12/site-packages/airflow/example_dags/example_task_group_decorator.py
[2024-04-26T22:59:37.569+0000] {logging_mixin.py:188} INFO - [2024-04-26T22:59:37.569+0000] {dag.py:3096} INFO - Sync 1 DAGs
[2024-04-26T22:59:37.591+0000] {logging_mixin.py:188} INFO - [2024-04-26T22:59:37.591+0000] {dag.py:3954} INFO - Setting next_dagrun for example_task_group_decorator to 2024-04-25 00:00:00+00:00, run_after=2024-04-26 00:00:00+00:00
[2024-04-26T22:59:37.614+0000] {processor.py:183} INFO - Processing /home/airflow/.local/lib/python3.12/site-packages/airflow/example_dags/example_task_group_decorator.py took 0.095 seconds
[2024-04-26T23:00:08.372+0000] {processor.py:161} INFO - Started process (PID=264) to work on /home/airflow/.local/lib/python3.12/site-packages/airflow/example_dags/example_task_group_decorator.py
[2024-04-26T23:00:08.373+0000] {processor.py:830} INFO - Processing file /home/airflow/.local/lib/python3.12/site-packages/airflow/example_dags/example_task_group_decorator.py for tasks to queue
[2024-04-26T23:00:08.376+0000] {logging_mixin.py:188} INFO - [2024-04-26T23:00:08.375+0000] {dagbag.py:540} INFO - Filling up the DagBag from /home/airflow/.local/lib/python3.12/site-packages/airflow/example_dags/example_task_group_decorator.py
[2024-04-26T23:00:08.390+0000] {processor.py:840} INFO - DAG(s) 'example_task_group_decorator' retrieved from /home/airflow/.local/lib/python3.12/site-packages/airflow/example_dags/example_task_group_decorator.py
[2024-04-26T23:00:08.421+0000] {logging_mixin.py:188} INFO - [2024-04-26T23:00:08.421+0000] {dag.py:3096} INFO - Sync 1 DAGs
[2024-04-26T23:00:08.447+0000] {logging_mixin.py:188} INFO - [2024-04-26T23:00:08.446+0000] {dag.py:3954} INFO - Setting next_dagrun for example_task_group_decorator to 2024-04-25 00:00:00+00:00, run_after=2024-04-26 00:00:00+00:00
[2024-04-26T23:00:08.472+0000] {processor.py:183} INFO - Processing /home/airflow/.local/lib/python3.12/site-packages/airflow/example_dags/example_task_group_decorator.py took 0.106 seconds
[2024-04-26T23:00:38.545+0000] {processor.py:161} INFO - Started process (PID=323) to work on /home/airflow/.local/lib/python3.12/site-packages/airflow/example_dags/example_task_group_decorator.py
[2024-04-26T23:00:38.547+0000] {processor.py:830} INFO - Processing file /home/airflow/.local/lib/python3.12/site-packages/airflow/example_dags/example_task_group_decorator.py for tasks to queue
[2024-04-26T23:00:38.549+0000] {logging_mixin.py:188} INFO - [2024-04-26T23:00:38.549+0000] {dagbag.py:540} INFO - Filling up the DagBag from /home/airflow/.local/lib/python3.12/site-packages/airflow/example_dags/example_task_group_decorator.py
[2024-04-26T23:00:38.563+0000] {processor.py:840} INFO - DAG(s) 'example_task_group_decorator' retrieved from /home/airflow/.local/lib/python3.12/site-packages/airflow/example_dags/example_task_group_decorator.py
[2024-04-26T23:00:38.591+0000] {logging_mixin.py:188} INFO - [2024-04-26T23:00:38.591+0000] {dag.py:3096} INFO - Sync 1 DAGs
[2024-04-26T23:00:38.616+0000] {logging_mixin.py:188} INFO - [2024-04-26T23:00:38.616+0000] {dag.py:3954} INFO - Setting next_dagrun for example_task_group_decorator to 2024-04-25 00:00:00+00:00, run_after=2024-04-26 00:00:00+00:00
[2024-04-26T23:00:38.640+0000] {processor.py:183} INFO - Processing /home/airflow/.local/lib/python3.12/site-packages/airflow/example_dags/example_task_group_decorator.py took 0.101 seconds
[2024-04-26T23:01:09.247+0000] {processor.py:161} INFO - Started process (PID=382) to work on /home/airflow/.local/lib/python3.12/site-packages/airflow/example_dags/example_task_group_decorator.py
[2024-04-26T23:01:09.248+0000] {processor.py:830} INFO - Processing file /home/airflow/.local/lib/python3.12/site-packages/airflow/example_dags/example_task_group_decorator.py for tasks to queue
[2024-04-26T23:01:09.250+0000] {logging_mixin.py:188} INFO - [2024-04-26T23:01:09.249+0000] {dagbag.py:540} INFO - Filling up the DagBag from /home/airflow/.local/lib/python3.12/site-packages/airflow/example_dags/example_task_group_decorator.py
[2024-04-26T23:01:09.264+0000] {processor.py:840} INFO - DAG(s) 'example_task_group_decorator' retrieved from /home/airflow/.local/lib/python3.12/site-packages/airflow/example_dags/example_task_group_decorator.py
[2024-04-26T23:01:09.296+0000] {logging_mixin.py:188} INFO - [2024-04-26T23:01:09.296+0000] {dag.py:3096} INFO - Sync 1 DAGs
[2024-04-26T23:01:09.318+0000] {logging_mixin.py:188} INFO - [2024-04-26T23:01:09.318+0000] {dag.py:3954} INFO - Setting next_dagrun for example_task_group_decorator to 2024-04-25 00:00:00+00:00, run_after=2024-04-26 00:00:00+00:00
[2024-04-26T23:01:09.343+0000] {processor.py:183} INFO - Processing /home/airflow/.local/lib/python3.12/site-packages/airflow/example_dags/example_task_group_decorator.py took 0.103 seconds
[2024-04-26T23:01:39.495+0000] {processor.py:161} INFO - Started process (PID=441) to work on /home/airflow/.local/lib/python3.12/site-packages/airflow/example_dags/example_task_group_decorator.py
[2024-04-26T23:01:39.496+0000] {processor.py:830} INFO - Processing file /home/airflow/.local/lib/python3.12/site-packages/airflow/example_dags/example_task_group_decorator.py for tasks to queue
[2024-04-26T23:01:39.498+0000] {logging_mixin.py:188} INFO - [2024-04-26T23:01:39.497+0000] {dagbag.py:540} INFO - Filling up the DagBag from /home/airflow/.local/lib/python3.12/site-packages/airflow/example_dags/example_task_group_decorator.py
[2024-04-26T23:01:39.511+0000] {processor.py:840} INFO - DAG(s) 'example_task_group_decorator' retrieved from /home/airflow/.local/lib/python3.12/site-packages/airflow/example_dags/example_task_group_decorator.py
[2024-04-26T23:01:39.535+0000] {logging_mixin.py:188} INFO - [2024-04-26T23:01:39.535+0000] {dag.py:3096} INFO - Sync 1 DAGs
[2024-04-26T23:01:39.556+0000] {logging_mixin.py:188} INFO - [2024-04-26T23:01:39.556+0000] {dag.py:3954} INFO - Setting next_dagrun for example_task_group_decorator to 2024-04-25 00:00:00+00:00, run_after=2024-04-26 00:00:00+00:00
[2024-04-26T23:01:39.574+0000] {processor.py:183} INFO - Processing /home/airflow/.local/lib/python3.12/site-packages/airflow/example_dags/example_task_group_decorator.py took 0.085 seconds
[2024-04-26T23:02:09.745+0000] {processor.py:161} INFO - Started process (PID=500) to work on /home/airflow/.local/lib/python3.12/site-packages/airflow/example_dags/example_task_group_decorator.py
[2024-04-26T23:02:09.746+0000] {processor.py:830} INFO - Processing file /home/airflow/.local/lib/python3.12/site-packages/airflow/example_dags/example_task_group_decorator.py for tasks to queue
[2024-04-26T23:02:09.748+0000] {logging_mixin.py:188} INFO - [2024-04-26T23:02:09.747+0000] {dagbag.py:540} INFO - Filling up the DagBag from /home/airflow/.local/lib/python3.12/site-packages/airflow/example_dags/example_task_group_decorator.py
[2024-04-26T23:02:09.760+0000] {processor.py:840} INFO - DAG(s) 'example_task_group_decorator' retrieved from /home/airflow/.local/lib/python3.12/site-packages/airflow/example_dags/example_task_group_decorator.py
[2024-04-26T23:02:09.786+0000] {logging_mixin.py:188} INFO - [2024-04-26T23:02:09.785+0000] {dag.py:3096} INFO - Sync 1 DAGs
[2024-04-26T23:02:09.805+0000] {logging_mixin.py:188} INFO - [2024-04-26T23:02:09.805+0000] {dag.py:3954} INFO - Setting next_dagrun for example_task_group_decorator to 2024-04-25 00:00:00+00:00, run_after=2024-04-26 00:00:00+00:00
[2024-04-26T23:02:09.828+0000] {processor.py:183} INFO - Processing /home/airflow/.local/lib/python3.12/site-packages/airflow/example_dags/example_task_group_decorator.py took 0.089 seconds
[2024-04-26T23:02:40.418+0000] {processor.py:161} INFO - Started process (PID=559) to work on /home/airflow/.local/lib/python3.12/site-packages/airflow/example_dags/example_task_group_decorator.py
[2024-04-26T23:02:40.419+0000] {processor.py:830} INFO - Processing file /home/airflow/.local/lib/python3.12/site-packages/airflow/example_dags/example_task_group_decorator.py for tasks to queue
[2024-04-26T23:02:40.420+0000] {logging_mixin.py:188} INFO - [2024-04-26T23:02:40.420+0000] {dagbag.py:540} INFO - Filling up the DagBag from /home/airflow/.local/lib/python3.12/site-packages/airflow/example_dags/example_task_group_decorator.py
[2024-04-26T23:02:40.432+0000] {processor.py:840} INFO - DAG(s) 'example_task_group_decorator' retrieved from /home/airflow/.local/lib/python3.12/site-packages/airflow/example_dags/example_task_group_decorator.py
[2024-04-26T23:02:40.457+0000] {logging_mixin.py:188} INFO - [2024-04-26T23:02:40.457+0000] {dag.py:3096} INFO - Sync 1 DAGs
[2024-04-26T23:02:40.476+0000] {logging_mixin.py:188} INFO - [2024-04-26T23:02:40.475+0000] {dag.py:3954} INFO - Setting next_dagrun for example_task_group_decorator to 2024-04-25 00:00:00+00:00, run_after=2024-04-26 00:00:00+00:00
[2024-04-26T23:02:40.494+0000] {processor.py:183} INFO - Processing /home/airflow/.local/lib/python3.12/site-packages/airflow/example_dags/example_task_group_decorator.py took 0.082 seconds
[2024-04-26T23:03:10.604+0000] {processor.py:161} INFO - Started process (PID=618) to work on /home/airflow/.local/lib/python3.12/site-packages/airflow/example_dags/example_task_group_decorator.py
[2024-04-26T23:03:10.605+0000] {processor.py:830} INFO - Processing file /home/airflow/.local/lib/python3.12/site-packages/airflow/example_dags/example_task_group_decorator.py for tasks to queue
[2024-04-26T23:03:10.607+0000] {logging_mixin.py:188} INFO - [2024-04-26T23:03:10.606+0000] {dagbag.py:540} INFO - Filling up the DagBag from /home/airflow/.local/lib/python3.12/site-packages/airflow/example_dags/example_task_group_decorator.py
[2024-04-26T23:03:10.620+0000] {processor.py:840} INFO - DAG(s) 'example_task_group_decorator' retrieved from /home/airflow/.local/lib/python3.12/site-packages/airflow/example_dags/example_task_group_decorator.py
[2024-04-26T23:03:10.644+0000] {logging_mixin.py:188} INFO - [2024-04-26T23:03:10.644+0000] {dag.py:3096} INFO - Sync 1 DAGs
[2024-04-26T23:03:10.664+0000] {logging_mixin.py:188} INFO - [2024-04-26T23:03:10.664+0000] {dag.py:3954} INFO - Setting next_dagrun for example_task_group_decorator to 2024-04-25 00:00:00+00:00, run_after=2024-04-26 00:00:00+00:00
[2024-04-26T23:03:10.681+0000] {processor.py:183} INFO - Processing /home/airflow/.local/lib/python3.12/site-packages/airflow/example_dags/example_task_group_decorator.py took 0.083 seconds
[2024-04-26T23:03:40.989+0000] {processor.py:161} INFO - Started process (PID=677) to work on /home/airflow/.local/lib/python3.12/site-packages/airflow/example_dags/example_task_group_decorator.py
[2024-04-26T23:03:40.990+0000] {processor.py:830} INFO - Processing file /home/airflow/.local/lib/python3.12/site-packages/airflow/example_dags/example_task_group_decorator.py for tasks to queue
[2024-04-26T23:03:40.992+0000] {logging_mixin.py:188} INFO - [2024-04-26T23:03:40.992+0000] {dagbag.py:540} INFO - Filling up the DagBag from /home/airflow/.local/lib/python3.12/site-packages/airflow/example_dags/example_task_group_decorator.py
[2024-04-26T23:03:41.005+0000] {processor.py:840} INFO - DAG(s) 'example_task_group_decorator' retrieved from /home/airflow/.local/lib/python3.12/site-packages/airflow/example_dags/example_task_group_decorator.py
[2024-04-26T23:03:41.032+0000] {logging_mixin.py:188} INFO - [2024-04-26T23:03:41.032+0000] {dag.py:3096} INFO - Sync 1 DAGs
[2024-04-26T23:03:41.054+0000] {logging_mixin.py:188} INFO - [2024-04-26T23:03:41.054+0000] {dag.py:3954} INFO - Setting next_dagrun for example_task_group_decorator to 2024-04-25 00:00:00+00:00, run_after=2024-04-26 00:00:00+00:00
[2024-04-26T23:03:41.077+0000] {processor.py:183} INFO - Processing /home/airflow/.local/lib/python3.12/site-packages/airflow/example_dags/example_task_group_decorator.py took 0.095 seconds
[2024-04-26T23:04:11.186+0000] {processor.py:161} INFO - Started process (PID=736) to work on /home/airflow/.local/lib/python3.12/site-packages/airflow/example_dags/example_task_group_decorator.py
[2024-04-26T23:04:11.188+0000] {processor.py:830} INFO - Processing file /home/airflow/.local/lib/python3.12/site-packages/airflow/example_dags/example_task_group_decorator.py for tasks to queue
[2024-04-26T23:04:11.190+0000] {logging_mixin.py:188} INFO - [2024-04-26T23:04:11.189+0000] {dagbag.py:540} INFO - Filling up the DagBag from /home/airflow/.local/lib/python3.12/site-packages/airflow/example_dags/example_task_group_decorator.py
[2024-04-26T23:04:11.202+0000] {processor.py:840} INFO - DAG(s) 'example_task_group_decorator' retrieved from /home/airflow/.local/lib/python3.12/site-packages/airflow/example_dags/example_task_group_decorator.py
[2024-04-26T23:04:11.225+0000] {logging_mixin.py:188} INFO - [2024-04-26T23:04:11.225+0000] {dag.py:3096} INFO - Sync 1 DAGs
[2024-04-26T23:04:11.245+0000] {logging_mixin.py:188} INFO - [2024-04-26T23:04:11.244+0000] {dag.py:3954} INFO - Setting next_dagrun for example_task_group_decorator to 2024-04-25 00:00:00+00:00, run_after=2024-04-26 00:00:00+00:00
[2024-04-26T23:04:11.261+0000] {processor.py:183} INFO - Processing /home/airflow/.local/lib/python3.12/site-packages/airflow/example_dags/example_task_group_decorator.py took 0.081 seconds
[2024-04-26T23:04:42.251+0000] {processor.py:161} INFO - Started process (PID=795) to work on /home/airflow/.local/lib/python3.12/site-packages/airflow/example_dags/example_task_group_decorator.py
[2024-04-26T23:04:42.252+0000] {processor.py:830} INFO - Processing file /home/airflow/.local/lib/python3.12/site-packages/airflow/example_dags/example_task_group_decorator.py for tasks to queue
[2024-04-26T23:04:42.253+0000] {logging_mixin.py:188} INFO - [2024-04-26T23:04:42.253+0000] {dagbag.py:540} INFO - Filling up the DagBag from /home/airflow/.local/lib/python3.12/site-packages/airflow/example_dags/example_task_group_decorator.py
[2024-04-26T23:04:42.266+0000] {processor.py:840} INFO - DAG(s) 'example_task_group_decorator' retrieved from /home/airflow/.local/lib/python3.12/site-packages/airflow/example_dags/example_task_group_decorator.py
[2024-04-26T23:04:42.292+0000] {logging_mixin.py:188} INFO - [2024-04-26T23:04:42.291+0000] {dag.py:3096} INFO - Sync 1 DAGs
[2024-04-26T23:04:42.313+0000] {logging_mixin.py:188} INFO - [2024-04-26T23:04:42.312+0000] {dag.py:3954} INFO - Setting next_dagrun for example_task_group_decorator to 2024-04-25 00:00:00+00:00, run_after=2024-04-26 00:00:00+00:00
[2024-04-26T23:04:42.335+0000] {processor.py:183} INFO - Processing /home/airflow/.local/lib/python3.12/site-packages/airflow/example_dags/example_task_group_decorator.py took 0.089 seconds
[2024-04-26T23:05:12.950+0000] {processor.py:161} INFO - Started process (PID=854) to work on /home/airflow/.local/lib/python3.12/site-packages/airflow/example_dags/example_task_group_decorator.py
[2024-04-26T23:05:12.951+0000] {processor.py:830} INFO - Processing file /home/airflow/.local/lib/python3.12/site-packages/airflow/example_dags/example_task_group_decorator.py for tasks to queue
[2024-04-26T23:05:12.953+0000] {logging_mixin.py:188} INFO - [2024-04-26T23:05:12.952+0000] {dagbag.py:540} INFO - Filling up the DagBag from /home/airflow/.local/lib/python3.12/site-packages/airflow/example_dags/example_task_group_decorator.py
[2024-04-26T23:05:12.967+0000] {processor.py:840} INFO - DAG(s) 'example_task_group_decorator' retrieved from /home/airflow/.local/lib/python3.12/site-packages/airflow/example_dags/example_task_group_decorator.py
[2024-04-26T23:05:12.991+0000] {logging_mixin.py:188} INFO - [2024-04-26T23:05:12.991+0000] {dag.py:3096} INFO - Sync 1 DAGs
[2024-04-26T23:05:13.015+0000] {logging_mixin.py:188} INFO - [2024-04-26T23:05:13.015+0000] {dag.py:3954} INFO - Setting next_dagrun for example_task_group_decorator to 2024-04-25 00:00:00+00:00, run_after=2024-04-26 00:00:00+00:00
[2024-04-26T23:05:13.037+0000] {processor.py:183} INFO - Processing /home/airflow/.local/lib/python3.12/site-packages/airflow/example_dags/example_task_group_decorator.py took 0.092 seconds
[2024-04-26T23:05:43.453+0000] {processor.py:161} INFO - Started process (PID=913) to work on /home/airflow/.local/lib/python3.12/site-packages/airflow/example_dags/example_task_group_decorator.py
[2024-04-26T23:05:43.454+0000] {processor.py:830} INFO - Processing file /home/airflow/.local/lib/python3.12/site-packages/airflow/example_dags/example_task_group_decorator.py for tasks to queue
[2024-04-26T23:05:43.457+0000] {logging_mixin.py:188} INFO - [2024-04-26T23:05:43.456+0000] {dagbag.py:540} INFO - Filling up the DagBag from /home/airflow/.local/lib/python3.12/site-packages/airflow/example_dags/example_task_group_decorator.py
[2024-04-26T23:05:43.471+0000] {processor.py:840} INFO - DAG(s) 'example_task_group_decorator' retrieved from /home/airflow/.local/lib/python3.12/site-packages/airflow/example_dags/example_task_group_decorator.py
[2024-04-26T23:05:43.496+0000] {logging_mixin.py:188} INFO - [2024-04-26T23:05:43.496+0000] {dag.py:3096} INFO - Sync 1 DAGs
[2024-04-26T23:05:43.519+0000] {logging_mixin.py:188} INFO - [2024-04-26T23:05:43.519+0000] {dag.py:3954} INFO - Setting next_dagrun for example_task_group_decorator to 2024-04-25 00:00:00+00:00, run_after=2024-04-26 00:00:00+00:00
[2024-04-26T23:05:43.542+0000] {processor.py:183} INFO - Processing /home/airflow/.local/lib/python3.12/site-packages/airflow/example_dags/example_task_group_decorator.py took 0.095 seconds
[2024-04-26T23:09:57.094+0000] {processor.py:161} INFO - Started process (PID=81) to work on /home/airflow/.local/lib/python3.12/site-packages/airflow/example_dags/example_task_group_decorator.py
[2024-04-26T23:09:57.095+0000] {processor.py:830} INFO - Processing file /home/airflow/.local/lib/python3.12/site-packages/airflow/example_dags/example_task_group_decorator.py for tasks to queue
[2024-04-26T23:09:57.096+0000] {logging_mixin.py:188} INFO - [2024-04-26T23:09:57.096+0000] {dagbag.py:540} INFO - Filling up the DagBag from /home/airflow/.local/lib/python3.12/site-packages/airflow/example_dags/example_task_group_decorator.py
[2024-04-26T23:09:57.108+0000] {processor.py:840} INFO - DAG(s) 'example_task_group_decorator' retrieved from /home/airflow/.local/lib/python3.12/site-packages/airflow/example_dags/example_task_group_decorator.py
[2024-04-26T23:09:57.120+0000] {logging_mixin.py:188} INFO - [2024-04-26T23:09:57.119+0000] {dag.py:3096} INFO - Sync 1 DAGs
[2024-04-26T23:09:57.142+0000] {logging_mixin.py:188} INFO - [2024-04-26T23:09:57.142+0000] {dag.py:3954} INFO - Setting next_dagrun for example_task_group_decorator to 2024-04-25 00:00:00+00:00, run_after=2024-04-26 00:00:00+00:00
[2024-04-26T23:09:57.162+0000] {processor.py:183} INFO - Processing /home/airflow/.local/lib/python3.12/site-packages/airflow/example_dags/example_task_group_decorator.py took 0.073 seconds
[2024-04-26T23:10:28.561+0000] {processor.py:161} INFO - Started process (PID=140) to work on /home/airflow/.local/lib/python3.12/site-packages/airflow/example_dags/example_task_group_decorator.py
[2024-04-26T23:10:28.562+0000] {processor.py:830} INFO - Processing file /home/airflow/.local/lib/python3.12/site-packages/airflow/example_dags/example_task_group_decorator.py for tasks to queue
[2024-04-26T23:10:28.565+0000] {logging_mixin.py:188} INFO - [2024-04-26T23:10:28.564+0000] {dagbag.py:540} INFO - Filling up the DagBag from /home/airflow/.local/lib/python3.12/site-packages/airflow/example_dags/example_task_group_decorator.py
[2024-04-26T23:10:28.576+0000] {processor.py:840} INFO - DAG(s) 'example_task_group_decorator' retrieved from /home/airflow/.local/lib/python3.12/site-packages/airflow/example_dags/example_task_group_decorator.py
[2024-04-26T23:10:28.669+0000] {logging_mixin.py:188} INFO - [2024-04-26T23:10:28.669+0000] {dag.py:3096} INFO - Sync 1 DAGs
[2024-04-26T23:10:28.687+0000] {logging_mixin.py:188} INFO - [2024-04-26T23:10:28.687+0000] {dag.py:3954} INFO - Setting next_dagrun for example_task_group_decorator to 2024-04-25 00:00:00+00:00, run_after=2024-04-26 00:00:00+00:00
[2024-04-26T23:10:28.711+0000] {processor.py:183} INFO - Processing /home/airflow/.local/lib/python3.12/site-packages/airflow/example_dags/example_task_group_decorator.py took 0.154 seconds
[2024-04-26T23:10:58.793+0000] {processor.py:161} INFO - Started process (PID=199) to work on /home/airflow/.local/lib/python3.12/site-packages/airflow/example_dags/example_task_group_decorator.py
[2024-04-26T23:10:58.794+0000] {processor.py:830} INFO - Processing file /home/airflow/.local/lib/python3.12/site-packages/airflow/example_dags/example_task_group_decorator.py for tasks to queue
[2024-04-26T23:10:58.796+0000] {logging_mixin.py:188} INFO - [2024-04-26T23:10:58.796+0000] {dagbag.py:540} INFO - Filling up the DagBag from /home/airflow/.local/lib/python3.12/site-packages/airflow/example_dags/example_task_group_decorator.py
[2024-04-26T23:10:58.814+0000] {processor.py:840} INFO - DAG(s) 'example_task_group_decorator' retrieved from /home/airflow/.local/lib/python3.12/site-packages/airflow/example_dags/example_task_group_decorator.py
[2024-04-26T23:10:58.843+0000] {logging_mixin.py:188} INFO - [2024-04-26T23:10:58.843+0000] {dag.py:3096} INFO - Sync 1 DAGs
[2024-04-26T23:10:58.872+0000] {logging_mixin.py:188} INFO - [2024-04-26T23:10:58.872+0000] {dag.py:3954} INFO - Setting next_dagrun for example_task_group_decorator to 2024-04-25 00:00:00+00:00, run_after=2024-04-26 00:00:00+00:00
[2024-04-26T23:10:58.890+0000] {processor.py:183} INFO - Processing /home/airflow/.local/lib/python3.12/site-packages/airflow/example_dags/example_task_group_decorator.py took 0.105 seconds
[2024-04-26T23:11:29.785+0000] {processor.py:161} INFO - Started process (PID=258) to work on /home/airflow/.local/lib/python3.12/site-packages/airflow/example_dags/example_task_group_decorator.py
[2024-04-26T23:11:29.786+0000] {processor.py:830} INFO - Processing file /home/airflow/.local/lib/python3.12/site-packages/airflow/example_dags/example_task_group_decorator.py for tasks to queue
[2024-04-26T23:11:29.788+0000] {logging_mixin.py:188} INFO - [2024-04-26T23:11:29.788+0000] {dagbag.py:540} INFO - Filling up the DagBag from /home/airflow/.local/lib/python3.12/site-packages/airflow/example_dags/example_task_group_decorator.py
[2024-04-26T23:11:29.800+0000] {processor.py:840} INFO - DAG(s) 'example_task_group_decorator' retrieved from /home/airflow/.local/lib/python3.12/site-packages/airflow/example_dags/example_task_group_decorator.py
[2024-04-26T23:11:29.825+0000] {logging_mixin.py:188} INFO - [2024-04-26T23:11:29.825+0000] {dag.py:3096} INFO - Sync 1 DAGs
[2024-04-26T23:11:29.847+0000] {logging_mixin.py:188} INFO - [2024-04-26T23:11:29.847+0000] {dag.py:3954} INFO - Setting next_dagrun for example_task_group_decorator to 2024-04-25 00:00:00+00:00, run_after=2024-04-26 00:00:00+00:00
[2024-04-26T23:11:29.867+0000] {processor.py:183} INFO - Processing /home/airflow/.local/lib/python3.12/site-packages/airflow/example_dags/example_task_group_decorator.py took 0.088 seconds
[2024-04-26T23:12:00.083+0000] {processor.py:161} INFO - Started process (PID=317) to work on /home/airflow/.local/lib/python3.12/site-packages/airflow/example_dags/example_task_group_decorator.py
[2024-04-26T23:12:00.084+0000] {processor.py:830} INFO - Processing file /home/airflow/.local/lib/python3.12/site-packages/airflow/example_dags/example_task_group_decorator.py for tasks to queue
[2024-04-26T23:12:00.086+0000] {logging_mixin.py:188} INFO - [2024-04-26T23:12:00.086+0000] {dagbag.py:540} INFO - Filling up the DagBag from /home/airflow/.local/lib/python3.12/site-packages/airflow/example_dags/example_task_group_decorator.py
[2024-04-26T23:12:00.100+0000] {processor.py:840} INFO - DAG(s) 'example_task_group_decorator' retrieved from /home/airflow/.local/lib/python3.12/site-packages/airflow/example_dags/example_task_group_decorator.py
[2024-04-26T23:12:00.124+0000] {logging_mixin.py:188} INFO - [2024-04-26T23:12:00.124+0000] {dag.py:3096} INFO - Sync 1 DAGs
[2024-04-26T23:12:00.143+0000] {logging_mixin.py:188} INFO - [2024-04-26T23:12:00.143+0000] {dag.py:3954} INFO - Setting next_dagrun for example_task_group_decorator to 2024-04-25 00:00:00+00:00, run_after=2024-04-26 00:00:00+00:00
[2024-04-26T23:12:00.158+0000] {processor.py:183} INFO - Processing /home/airflow/.local/lib/python3.12/site-packages/airflow/example_dags/example_task_group_decorator.py took 0.082 seconds
[2024-04-26T23:12:30.220+0000] {processor.py:161} INFO - Started process (PID=376) to work on /home/airflow/.local/lib/python3.12/site-packages/airflow/example_dags/example_task_group_decorator.py
[2024-04-26T23:12:30.221+0000] {processor.py:830} INFO - Processing file /home/airflow/.local/lib/python3.12/site-packages/airflow/example_dags/example_task_group_decorator.py for tasks to queue
[2024-04-26T23:12:30.223+0000] {logging_mixin.py:188} INFO - [2024-04-26T23:12:30.222+0000] {dagbag.py:540} INFO - Filling up the DagBag from /home/airflow/.local/lib/python3.12/site-packages/airflow/example_dags/example_task_group_decorator.py
[2024-04-26T23:12:30.234+0000] {processor.py:840} INFO - DAG(s) 'example_task_group_decorator' retrieved from /home/airflow/.local/lib/python3.12/site-packages/airflow/example_dags/example_task_group_decorator.py
[2024-04-26T23:12:30.257+0000] {logging_mixin.py:188} INFO - [2024-04-26T23:12:30.257+0000] {dag.py:3096} INFO - Sync 1 DAGs
[2024-04-26T23:12:30.276+0000] {logging_mixin.py:188} INFO - [2024-04-26T23:12:30.276+0000] {dag.py:3954} INFO - Setting next_dagrun for example_task_group_decorator to 2024-04-25 00:00:00+00:00, run_after=2024-04-26 00:00:00+00:00
[2024-04-26T23:12:30.296+0000] {processor.py:183} INFO - Processing /home/airflow/.local/lib/python3.12/site-packages/airflow/example_dags/example_task_group_decorator.py took 0.080 seconds
[2024-04-26T23:13:00.862+0000] {processor.py:161} INFO - Started process (PID=435) to work on /home/airflow/.local/lib/python3.12/site-packages/airflow/example_dags/example_task_group_decorator.py
[2024-04-26T23:13:00.864+0000] {processor.py:830} INFO - Processing file /home/airflow/.local/lib/python3.12/site-packages/airflow/example_dags/example_task_group_decorator.py for tasks to queue
[2024-04-26T23:13:00.866+0000] {logging_mixin.py:188} INFO - [2024-04-26T23:13:00.865+0000] {dagbag.py:540} INFO - Filling up the DagBag from /home/airflow/.local/lib/python3.12/site-packages/airflow/example_dags/example_task_group_decorator.py
[2024-04-26T23:13:00.879+0000] {processor.py:840} INFO - DAG(s) 'example_task_group_decorator' retrieved from /home/airflow/.local/lib/python3.12/site-packages/airflow/example_dags/example_task_group_decorator.py
[2024-04-26T23:13:00.903+0000] {logging_mixin.py:188} INFO - [2024-04-26T23:13:00.903+0000] {dag.py:3096} INFO - Sync 1 DAGs
[2024-04-26T23:13:00.924+0000] {logging_mixin.py:188} INFO - [2024-04-26T23:13:00.923+0000] {dag.py:3954} INFO - Setting next_dagrun for example_task_group_decorator to 2024-04-25 00:00:00+00:00, run_after=2024-04-26 00:00:00+00:00
[2024-04-26T23:13:00.942+0000] {processor.py:183} INFO - Processing /home/airflow/.local/lib/python3.12/site-packages/airflow/example_dags/example_task_group_decorator.py took 0.085 seconds
[2024-04-26T23:13:31.903+0000] {processor.py:161} INFO - Started process (PID=494) to work on /home/airflow/.local/lib/python3.12/site-packages/airflow/example_dags/example_task_group_decorator.py
[2024-04-26T23:13:31.904+0000] {processor.py:830} INFO - Processing file /home/airflow/.local/lib/python3.12/site-packages/airflow/example_dags/example_task_group_decorator.py for tasks to queue
[2024-04-26T23:13:31.905+0000] {logging_mixin.py:188} INFO - [2024-04-26T23:13:31.905+0000] {dagbag.py:540} INFO - Filling up the DagBag from /home/airflow/.local/lib/python3.12/site-packages/airflow/example_dags/example_task_group_decorator.py
[2024-04-26T23:13:31.917+0000] {processor.py:840} INFO - DAG(s) 'example_task_group_decorator' retrieved from /home/airflow/.local/lib/python3.12/site-packages/airflow/example_dags/example_task_group_decorator.py
[2024-04-26T23:13:31.938+0000] {logging_mixin.py:188} INFO - [2024-04-26T23:13:31.937+0000] {dag.py:3096} INFO - Sync 1 DAGs
[2024-04-26T23:13:31.957+0000] {logging_mixin.py:188} INFO - [2024-04-26T23:13:31.957+0000] {dag.py:3954} INFO - Setting next_dagrun for example_task_group_decorator to 2024-04-25 00:00:00+00:00, run_after=2024-04-26 00:00:00+00:00
[2024-04-26T23:13:31.977+0000] {processor.py:183} INFO - Processing /home/airflow/.local/lib/python3.12/site-packages/airflow/example_dags/example_task_group_decorator.py took 0.079 seconds
[2024-04-26T23:17:55.059+0000] {processor.py:161} INFO - Started process (PID=81) to work on /home/airflow/.local/lib/python3.12/site-packages/airflow/example_dags/example_task_group_decorator.py
[2024-04-26T23:17:55.061+0000] {processor.py:830} INFO - Processing file /home/airflow/.local/lib/python3.12/site-packages/airflow/example_dags/example_task_group_decorator.py for tasks to queue
[2024-04-26T23:17:55.063+0000] {logging_mixin.py:188} INFO - [2024-04-26T23:17:55.063+0000] {dagbag.py:540} INFO - Filling up the DagBag from /home/airflow/.local/lib/python3.12/site-packages/airflow/example_dags/example_task_group_decorator.py
[2024-04-26T23:17:55.079+0000] {processor.py:840} INFO - DAG(s) 'example_task_group_decorator' retrieved from /home/airflow/.local/lib/python3.12/site-packages/airflow/example_dags/example_task_group_decorator.py
[2024-04-26T23:17:55.093+0000] {logging_mixin.py:188} INFO - [2024-04-26T23:17:55.092+0000] {dag.py:3096} INFO - Sync 1 DAGs
[2024-04-26T23:17:55.119+0000] {logging_mixin.py:188} INFO - [2024-04-26T23:17:55.119+0000] {dag.py:3954} INFO - Setting next_dagrun for example_task_group_decorator to 2024-04-25 00:00:00+00:00, run_after=2024-04-26 00:00:00+00:00
[2024-04-26T23:17:55.138+0000] {processor.py:183} INFO - Processing /home/airflow/.local/lib/python3.12/site-packages/airflow/example_dags/example_task_group_decorator.py took 0.084 seconds
[2024-04-26T23:18:26.730+0000] {processor.py:161} INFO - Started process (PID=140) to work on /home/airflow/.local/lib/python3.12/site-packages/airflow/example_dags/example_task_group_decorator.py
[2024-04-26T23:18:26.731+0000] {processor.py:830} INFO - Processing file /home/airflow/.local/lib/python3.12/site-packages/airflow/example_dags/example_task_group_decorator.py for tasks to queue
[2024-04-26T23:18:26.734+0000] {logging_mixin.py:188} INFO - [2024-04-26T23:18:26.733+0000] {dagbag.py:540} INFO - Filling up the DagBag from /home/airflow/.local/lib/python3.12/site-packages/airflow/example_dags/example_task_group_decorator.py
[2024-04-26T23:18:26.749+0000] {processor.py:840} INFO - DAG(s) 'example_task_group_decorator' retrieved from /home/airflow/.local/lib/python3.12/site-packages/airflow/example_dags/example_task_group_decorator.py
[2024-04-26T23:18:26.867+0000] {logging_mixin.py:188} INFO - [2024-04-26T23:18:26.866+0000] {dag.py:3096} INFO - Sync 1 DAGs
[2024-04-26T23:18:26.888+0000] {logging_mixin.py:188} INFO - [2024-04-26T23:18:26.887+0000] {dag.py:3954} INFO - Setting next_dagrun for example_task_group_decorator to 2024-04-25 00:00:00+00:00, run_after=2024-04-26 00:00:00+00:00
[2024-04-26T23:18:26.913+0000] {processor.py:183} INFO - Processing /home/airflow/.local/lib/python3.12/site-packages/airflow/example_dags/example_task_group_decorator.py took 0.191 seconds
[2024-04-26T23:18:57.216+0000] {processor.py:161} INFO - Started process (PID=199) to work on /home/airflow/.local/lib/python3.12/site-packages/airflow/example_dags/example_task_group_decorator.py
[2024-04-26T23:18:57.218+0000] {processor.py:830} INFO - Processing file /home/airflow/.local/lib/python3.12/site-packages/airflow/example_dags/example_task_group_decorator.py for tasks to queue
[2024-04-26T23:18:57.220+0000] {logging_mixin.py:188} INFO - [2024-04-26T23:18:57.220+0000] {dagbag.py:540} INFO - Filling up the DagBag from /home/airflow/.local/lib/python3.12/site-packages/airflow/example_dags/example_task_group_decorator.py
[2024-04-26T23:18:57.233+0000] {processor.py:840} INFO - DAG(s) 'example_task_group_decorator' retrieved from /home/airflow/.local/lib/python3.12/site-packages/airflow/example_dags/example_task_group_decorator.py
[2024-04-26T23:18:57.261+0000] {logging_mixin.py:188} INFO - [2024-04-26T23:18:57.261+0000] {dag.py:3096} INFO - Sync 1 DAGs
[2024-04-26T23:18:57.286+0000] {logging_mixin.py:188} INFO - [2024-04-26T23:18:57.285+0000] {dag.py:3954} INFO - Setting next_dagrun for example_task_group_decorator to 2024-04-25 00:00:00+00:00, run_after=2024-04-26 00:00:00+00:00
[2024-04-26T23:18:57.310+0000] {processor.py:183} INFO - Processing /home/airflow/.local/lib/python3.12/site-packages/airflow/example_dags/example_task_group_decorator.py took 0.099 seconds
[2024-04-26T23:19:44.330+0000] {processor.py:161} INFO - Started process (PID=81) to work on /home/airflow/.local/lib/python3.12/site-packages/airflow/example_dags/example_task_group_decorator.py
[2024-04-26T23:19:44.331+0000] {processor.py:830} INFO - Processing file /home/airflow/.local/lib/python3.12/site-packages/airflow/example_dags/example_task_group_decorator.py for tasks to queue
[2024-04-26T23:19:44.333+0000] {logging_mixin.py:188} INFO - [2024-04-26T23:19:44.333+0000] {dagbag.py:540} INFO - Filling up the DagBag from /home/airflow/.local/lib/python3.12/site-packages/airflow/example_dags/example_task_group_decorator.py
[2024-04-26T23:19:44.347+0000] {processor.py:840} INFO - DAG(s) 'example_task_group_decorator' retrieved from /home/airflow/.local/lib/python3.12/site-packages/airflow/example_dags/example_task_group_decorator.py
[2024-04-26T23:19:44.361+0000] {logging_mixin.py:188} INFO - [2024-04-26T23:19:44.361+0000] {dag.py:3096} INFO - Sync 1 DAGs
[2024-04-26T23:19:44.385+0000] {logging_mixin.py:188} INFO - [2024-04-26T23:19:44.384+0000] {dag.py:3954} INFO - Setting next_dagrun for example_task_group_decorator to 2024-04-25 00:00:00+00:00, run_after=2024-04-26 00:00:00+00:00
[2024-04-26T23:19:44.405+0000] {processor.py:183} INFO - Processing /home/airflow/.local/lib/python3.12/site-packages/airflow/example_dags/example_task_group_decorator.py took 0.080 seconds
[2024-04-26T23:20:15.622+0000] {processor.py:161} INFO - Started process (PID=140) to work on /home/airflow/.local/lib/python3.12/site-packages/airflow/example_dags/example_task_group_decorator.py
[2024-04-26T23:20:15.624+0000] {processor.py:830} INFO - Processing file /home/airflow/.local/lib/python3.12/site-packages/airflow/example_dags/example_task_group_decorator.py for tasks to queue
[2024-04-26T23:20:15.625+0000] {logging_mixin.py:188} INFO - [2024-04-26T23:20:15.625+0000] {dagbag.py:540} INFO - Filling up the DagBag from /home/airflow/.local/lib/python3.12/site-packages/airflow/example_dags/example_task_group_decorator.py
[2024-04-26T23:20:15.637+0000] {processor.py:840} INFO - DAG(s) 'example_task_group_decorator' retrieved from /home/airflow/.local/lib/python3.12/site-packages/airflow/example_dags/example_task_group_decorator.py
[2024-04-26T23:20:15.721+0000] {logging_mixin.py:188} INFO - [2024-04-26T23:20:15.721+0000] {dag.py:3096} INFO - Sync 1 DAGs
[2024-04-26T23:20:15.738+0000] {logging_mixin.py:188} INFO - [2024-04-26T23:20:15.738+0000] {dag.py:3954} INFO - Setting next_dagrun for example_task_group_decorator to 2024-04-25 00:00:00+00:00, run_after=2024-04-26 00:00:00+00:00
[2024-04-26T23:20:15.759+0000] {processor.py:183} INFO - Processing /home/airflow/.local/lib/python3.12/site-packages/airflow/example_dags/example_task_group_decorator.py took 0.141 seconds
[2024-04-26T23:20:45.849+0000] {processor.py:161} INFO - Started process (PID=199) to work on /home/airflow/.local/lib/python3.12/site-packages/airflow/example_dags/example_task_group_decorator.py
[2024-04-26T23:20:45.850+0000] {processor.py:830} INFO - Processing file /home/airflow/.local/lib/python3.12/site-packages/airflow/example_dags/example_task_group_decorator.py for tasks to queue
[2024-04-26T23:20:45.851+0000] {logging_mixin.py:188} INFO - [2024-04-26T23:20:45.851+0000] {dagbag.py:540} INFO - Filling up the DagBag from /home/airflow/.local/lib/python3.12/site-packages/airflow/example_dags/example_task_group_decorator.py
[2024-04-26T23:20:45.862+0000] {processor.py:840} INFO - DAG(s) 'example_task_group_decorator' retrieved from /home/airflow/.local/lib/python3.12/site-packages/airflow/example_dags/example_task_group_decorator.py
[2024-04-26T23:20:45.885+0000] {logging_mixin.py:188} INFO - [2024-04-26T23:20:45.884+0000] {dag.py:3096} INFO - Sync 1 DAGs
[2024-04-26T23:20:45.903+0000] {logging_mixin.py:188} INFO - [2024-04-26T23:20:45.903+0000] {dag.py:3954} INFO - Setting next_dagrun for example_task_group_decorator to 2024-04-25 00:00:00+00:00, run_after=2024-04-26 00:00:00+00:00
[2024-04-26T23:20:45.920+0000] {processor.py:183} INFO - Processing /home/airflow/.local/lib/python3.12/site-packages/airflow/example_dags/example_task_group_decorator.py took 0.076 seconds
[2024-04-26T23:21:16.420+0000] {processor.py:161} INFO - Started process (PID=258) to work on /home/airflow/.local/lib/python3.12/site-packages/airflow/example_dags/example_task_group_decorator.py
[2024-04-26T23:21:16.422+0000] {processor.py:830} INFO - Processing file /home/airflow/.local/lib/python3.12/site-packages/airflow/example_dags/example_task_group_decorator.py for tasks to queue
[2024-04-26T23:21:16.424+0000] {logging_mixin.py:188} INFO - [2024-04-26T23:21:16.424+0000] {dagbag.py:540} INFO - Filling up the DagBag from /home/airflow/.local/lib/python3.12/site-packages/airflow/example_dags/example_task_group_decorator.py
[2024-04-26T23:21:16.437+0000] {processor.py:840} INFO - DAG(s) 'example_task_group_decorator' retrieved from /home/airflow/.local/lib/python3.12/site-packages/airflow/example_dags/example_task_group_decorator.py
[2024-04-26T23:21:16.462+0000] {logging_mixin.py:188} INFO - [2024-04-26T23:21:16.462+0000] {dag.py:3096} INFO - Sync 1 DAGs
[2024-04-26T23:21:16.484+0000] {logging_mixin.py:188} INFO - [2024-04-26T23:21:16.483+0000] {dag.py:3954} INFO - Setting next_dagrun for example_task_group_decorator to 2024-04-25 00:00:00+00:00, run_after=2024-04-26 00:00:00+00:00
[2024-04-26T23:21:16.507+0000] {processor.py:183} INFO - Processing /home/airflow/.local/lib/python3.12/site-packages/airflow/example_dags/example_task_group_decorator.py took 0.094 seconds
