[2024-04-26T22:58:36.659+0000] {processor.py:161} INFO - Started process (PID=86) to work on /home/airflow/.local/lib/python3.12/site-packages/airflow/example_dags/example_xcomargs.py
[2024-04-26T22:58:36.660+0000] {processor.py:830} INFO - Processing file /home/airflow/.local/lib/python3.12/site-packages/airflow/example_dags/example_xcomargs.py for tasks to queue
[2024-04-26T22:58:36.662+0000] {logging_mixin.py:188} INFO - [2024-04-26T22:58:36.662+0000] {dagbag.py:540} INFO - Filling up the DagBag from /home/airflow/.local/lib/python3.12/site-packages/airflow/example_dags/example_xcomargs.py
[2024-04-26T22:58:36.675+0000] {processor.py:840} INFO - DAG(s) 'example_xcom_args', 'example_xcom_args_with_operators' retrieved from /home/airflow/.local/lib/python3.12/site-packages/airflow/example_dags/example_xcomargs.py
[2024-04-26T22:58:36.794+0000] {logging_mixin.py:188} INFO - [2024-04-26T22:58:36.794+0000] {dag.py:3096} INFO - Sync 2 DAGs
[2024-04-26T22:58:36.806+0000] {logging_mixin.py:188} INFO - [2024-04-26T22:58:36.805+0000] {dag.py:3954} INFO - Setting next_dagrun for example_xcom_args to None, run_after=None
[2024-04-26T22:58:36.810+0000] {logging_mixin.py:188} INFO - [2024-04-26T22:58:36.809+0000] {dag.py:3954} INFO - Setting next_dagrun for example_xcom_args_with_operators to None, run_after=None
[2024-04-26T22:58:36.832+0000] {processor.py:183} INFO - Processing /home/airflow/.local/lib/python3.12/site-packages/airflow/example_dags/example_xcomargs.py took 0.180 seconds
[2024-04-26T22:59:07.058+0000] {processor.py:161} INFO - Started process (PID=145) to work on /home/airflow/.local/lib/python3.12/site-packages/airflow/example_dags/example_xcomargs.py
[2024-04-26T22:59:07.060+0000] {processor.py:830} INFO - Processing file /home/airflow/.local/lib/python3.12/site-packages/airflow/example_dags/example_xcomargs.py for tasks to queue
[2024-04-26T22:59:07.062+0000] {logging_mixin.py:188} INFO - [2024-04-26T22:59:07.062+0000] {dagbag.py:540} INFO - Filling up the DagBag from /home/airflow/.local/lib/python3.12/site-packages/airflow/example_dags/example_xcomargs.py
[2024-04-26T22:59:07.071+0000] {processor.py:840} INFO - DAG(s) 'example_xcom_args_with_operators', 'example_xcom_args' retrieved from /home/airflow/.local/lib/python3.12/site-packages/airflow/example_dags/example_xcomargs.py
[2024-04-26T22:59:07.092+0000] {logging_mixin.py:188} INFO - [2024-04-26T22:59:07.091+0000] {dag.py:3096} INFO - Sync 2 DAGs
[2024-04-26T22:59:07.104+0000] {logging_mixin.py:188} INFO - [2024-04-26T22:59:07.104+0000] {dag.py:3954} INFO - Setting next_dagrun for example_xcom_args to None, run_after=None
[2024-04-26T22:59:07.107+0000] {logging_mixin.py:188} INFO - [2024-04-26T22:59:07.107+0000] {dag.py:3954} INFO - Setting next_dagrun for example_xcom_args_with_operators to None, run_after=None
[2024-04-26T22:59:07.123+0000] {processor.py:183} INFO - Processing /home/airflow/.local/lib/python3.12/site-packages/airflow/example_dags/example_xcomargs.py took 0.071 seconds
[2024-04-26T22:59:37.415+0000] {processor.py:161} INFO - Started process (PID=204) to work on /home/airflow/.local/lib/python3.12/site-packages/airflow/example_dags/example_xcomargs.py
[2024-04-26T22:59:37.417+0000] {processor.py:830} INFO - Processing file /home/airflow/.local/lib/python3.12/site-packages/airflow/example_dags/example_xcomargs.py for tasks to queue
[2024-04-26T22:59:37.418+0000] {logging_mixin.py:188} INFO - [2024-04-26T22:59:37.418+0000] {dagbag.py:540} INFO - Filling up the DagBag from /home/airflow/.local/lib/python3.12/site-packages/airflow/example_dags/example_xcomargs.py
[2024-04-26T22:59:37.426+0000] {processor.py:840} INFO - DAG(s) 'example_xcom_args_with_operators', 'example_xcom_args' retrieved from /home/airflow/.local/lib/python3.12/site-packages/airflow/example_dags/example_xcomargs.py
[2024-04-26T22:59:37.450+0000] {logging_mixin.py:188} INFO - [2024-04-26T22:59:37.449+0000] {dag.py:3096} INFO - Sync 2 DAGs
[2024-04-26T22:59:37.461+0000] {logging_mixin.py:188} INFO - [2024-04-26T22:59:37.461+0000] {dag.py:3954} INFO - Setting next_dagrun for example_xcom_args to None, run_after=None
[2024-04-26T22:59:37.465+0000] {logging_mixin.py:188} INFO - [2024-04-26T22:59:37.465+0000] {dag.py:3954} INFO - Setting next_dagrun for example_xcom_args_with_operators to None, run_after=None
[2024-04-26T22:59:37.485+0000] {processor.py:183} INFO - Processing /home/airflow/.local/lib/python3.12/site-packages/airflow/example_dags/example_xcomargs.py took 0.075 seconds
[2024-04-26T23:00:08.310+0000] {processor.py:161} INFO - Started process (PID=263) to work on /home/airflow/.local/lib/python3.12/site-packages/airflow/example_dags/example_xcomargs.py
[2024-04-26T23:00:08.311+0000] {processor.py:830} INFO - Processing file /home/airflow/.local/lib/python3.12/site-packages/airflow/example_dags/example_xcomargs.py for tasks to queue
[2024-04-26T23:00:08.312+0000] {logging_mixin.py:188} INFO - [2024-04-26T23:00:08.312+0000] {dagbag.py:540} INFO - Filling up the DagBag from /home/airflow/.local/lib/python3.12/site-packages/airflow/example_dags/example_xcomargs.py
[2024-04-26T23:00:08.320+0000] {processor.py:840} INFO - DAG(s) 'example_xcom_args_with_operators', 'example_xcom_args' retrieved from /home/airflow/.local/lib/python3.12/site-packages/airflow/example_dags/example_xcomargs.py
[2024-04-26T23:00:08.345+0000] {logging_mixin.py:188} INFO - [2024-04-26T23:00:08.344+0000] {dag.py:3096} INFO - Sync 2 DAGs
[2024-04-26T23:00:08.358+0000] {logging_mixin.py:188} INFO - [2024-04-26T23:00:08.358+0000] {dag.py:3954} INFO - Setting next_dagrun for example_xcom_args to None, run_after=None
[2024-04-26T23:00:08.364+0000] {logging_mixin.py:188} INFO - [2024-04-26T23:00:08.364+0000] {dag.py:3954} INFO - Setting next_dagrun for example_xcom_args_with_operators to None, run_after=None
[2024-04-26T23:00:08.390+0000] {processor.py:183} INFO - Processing /home/airflow/.local/lib/python3.12/site-packages/airflow/example_dags/example_xcomargs.py took 0.086 seconds
[2024-04-26T23:00:38.474+0000] {processor.py:161} INFO - Started process (PID=322) to work on /home/airflow/.local/lib/python3.12/site-packages/airflow/example_dags/example_xcomargs.py
[2024-04-26T23:00:38.475+0000] {processor.py:830} INFO - Processing file /home/airflow/.local/lib/python3.12/site-packages/airflow/example_dags/example_xcomargs.py for tasks to queue
[2024-04-26T23:00:38.477+0000] {logging_mixin.py:188} INFO - [2024-04-26T23:00:38.476+0000] {dagbag.py:540} INFO - Filling up the DagBag from /home/airflow/.local/lib/python3.12/site-packages/airflow/example_dags/example_xcomargs.py
[2024-04-26T23:00:38.485+0000] {processor.py:840} INFO - DAG(s) 'example_xcom_args', 'example_xcom_args_with_operators' retrieved from /home/airflow/.local/lib/python3.12/site-packages/airflow/example_dags/example_xcomargs.py
[2024-04-26T23:00:38.508+0000] {logging_mixin.py:188} INFO - [2024-04-26T23:00:38.508+0000] {dag.py:3096} INFO - Sync 2 DAGs
[2024-04-26T23:00:38.525+0000] {logging_mixin.py:188} INFO - [2024-04-26T23:00:38.525+0000] {dag.py:3954} INFO - Setting next_dagrun for example_xcom_args to None, run_after=None
[2024-04-26T23:00:38.530+0000] {logging_mixin.py:188} INFO - [2024-04-26T23:00:38.530+0000] {dag.py:3954} INFO - Setting next_dagrun for example_xcom_args_with_operators to None, run_after=None
[2024-04-26T23:00:38.551+0000] {processor.py:183} INFO - Processing /home/airflow/.local/lib/python3.12/site-packages/airflow/example_dags/example_xcomargs.py took 0.082 seconds
[2024-04-26T23:01:09.138+0000] {processor.py:161} INFO - Started process (PID=381) to work on /home/airflow/.local/lib/python3.12/site-packages/airflow/example_dags/example_xcomargs.py
[2024-04-26T23:01:09.139+0000] {processor.py:830} INFO - Processing file /home/airflow/.local/lib/python3.12/site-packages/airflow/example_dags/example_xcomargs.py for tasks to queue
[2024-04-26T23:01:09.141+0000] {logging_mixin.py:188} INFO - [2024-04-26T23:01:09.141+0000] {dagbag.py:540} INFO - Filling up the DagBag from /home/airflow/.local/lib/python3.12/site-packages/airflow/example_dags/example_xcomargs.py
[2024-04-26T23:01:09.150+0000] {processor.py:840} INFO - DAG(s) 'example_xcom_args', 'example_xcom_args_with_operators' retrieved from /home/airflow/.local/lib/python3.12/site-packages/airflow/example_dags/example_xcomargs.py
[2024-04-26T23:01:09.171+0000] {logging_mixin.py:188} INFO - [2024-04-26T23:01:09.171+0000] {dag.py:3096} INFO - Sync 2 DAGs
[2024-04-26T23:01:09.186+0000] {logging_mixin.py:188} INFO - [2024-04-26T23:01:09.185+0000] {dag.py:3954} INFO - Setting next_dagrun for example_xcom_args to None, run_after=None
[2024-04-26T23:01:09.190+0000] {logging_mixin.py:188} INFO - [2024-04-26T23:01:09.190+0000] {dag.py:3954} INFO - Setting next_dagrun for example_xcom_args_with_operators to None, run_after=None
[2024-04-26T23:01:09.209+0000] {processor.py:183} INFO - Processing /home/airflow/.local/lib/python3.12/site-packages/airflow/example_dags/example_xcomargs.py took 0.077 seconds
[2024-04-26T23:01:39.429+0000] {processor.py:161} INFO - Started process (PID=440) to work on /home/airflow/.local/lib/python3.12/site-packages/airflow/example_dags/example_xcomargs.py
[2024-04-26T23:01:39.430+0000] {processor.py:830} INFO - Processing file /home/airflow/.local/lib/python3.12/site-packages/airflow/example_dags/example_xcomargs.py for tasks to queue
[2024-04-26T23:01:39.432+0000] {logging_mixin.py:188} INFO - [2024-04-26T23:01:39.432+0000] {dagbag.py:540} INFO - Filling up the DagBag from /home/airflow/.local/lib/python3.12/site-packages/airflow/example_dags/example_xcomargs.py
[2024-04-26T23:01:39.439+0000] {processor.py:840} INFO - DAG(s) 'example_xcom_args_with_operators', 'example_xcom_args' retrieved from /home/airflow/.local/lib/python3.12/site-packages/airflow/example_dags/example_xcomargs.py
[2024-04-26T23:01:39.460+0000] {logging_mixin.py:188} INFO - [2024-04-26T23:01:39.460+0000] {dag.py:3096} INFO - Sync 2 DAGs
[2024-04-26T23:01:39.473+0000] {logging_mixin.py:188} INFO - [2024-04-26T23:01:39.473+0000] {dag.py:3954} INFO - Setting next_dagrun for example_xcom_args to None, run_after=None
[2024-04-26T23:01:39.477+0000] {logging_mixin.py:188} INFO - [2024-04-26T23:01:39.477+0000] {dag.py:3954} INFO - Setting next_dagrun for example_xcom_args_with_operators to None, run_after=None
[2024-04-26T23:01:39.495+0000] {processor.py:183} INFO - Processing /home/airflow/.local/lib/python3.12/site-packages/airflow/example_dags/example_xcomargs.py took 0.071 seconds
[2024-04-26T23:02:09.673+0000] {processor.py:161} INFO - Started process (PID=499) to work on /home/airflow/.local/lib/python3.12/site-packages/airflow/example_dags/example_xcomargs.py
[2024-04-26T23:02:09.674+0000] {processor.py:830} INFO - Processing file /home/airflow/.local/lib/python3.12/site-packages/airflow/example_dags/example_xcomargs.py for tasks to queue
[2024-04-26T23:02:09.676+0000] {logging_mixin.py:188} INFO - [2024-04-26T23:02:09.675+0000] {dagbag.py:540} INFO - Filling up the DagBag from /home/airflow/.local/lib/python3.12/site-packages/airflow/example_dags/example_xcomargs.py
[2024-04-26T23:02:09.682+0000] {processor.py:840} INFO - DAG(s) 'example_xcom_args', 'example_xcom_args_with_operators' retrieved from /home/airflow/.local/lib/python3.12/site-packages/airflow/example_dags/example_xcomargs.py
[2024-04-26T23:02:09.702+0000] {logging_mixin.py:188} INFO - [2024-04-26T23:02:09.701+0000] {dag.py:3096} INFO - Sync 2 DAGs
[2024-04-26T23:02:09.713+0000] {logging_mixin.py:188} INFO - [2024-04-26T23:02:09.713+0000] {dag.py:3954} INFO - Setting next_dagrun for example_xcom_args to None, run_after=None
[2024-04-26T23:02:09.717+0000] {logging_mixin.py:188} INFO - [2024-04-26T23:02:09.717+0000] {dag.py:3954} INFO - Setting next_dagrun for example_xcom_args_with_operators to None, run_after=None
[2024-04-26T23:02:09.737+0000] {processor.py:183} INFO - Processing /home/airflow/.local/lib/python3.12/site-packages/airflow/example_dags/example_xcomargs.py took 0.069 seconds
[2024-04-26T23:02:40.407+0000] {processor.py:161} INFO - Started process (PID=558) to work on /home/airflow/.local/lib/python3.12/site-packages/airflow/example_dags/example_xcomargs.py
[2024-04-26T23:02:40.408+0000] {processor.py:830} INFO - Processing file /home/airflow/.local/lib/python3.12/site-packages/airflow/example_dags/example_xcomargs.py for tasks to queue
[2024-04-26T23:02:40.410+0000] {logging_mixin.py:188} INFO - [2024-04-26T23:02:40.409+0000] {dagbag.py:540} INFO - Filling up the DagBag from /home/airflow/.local/lib/python3.12/site-packages/airflow/example_dags/example_xcomargs.py
[2024-04-26T23:02:40.417+0000] {processor.py:840} INFO - DAG(s) 'example_xcom_args_with_operators', 'example_xcom_args' retrieved from /home/airflow/.local/lib/python3.12/site-packages/airflow/example_dags/example_xcomargs.py
[2024-04-26T23:02:40.437+0000] {logging_mixin.py:188} INFO - [2024-04-26T23:02:40.437+0000] {dag.py:3096} INFO - Sync 2 DAGs
[2024-04-26T23:02:40.451+0000] {logging_mixin.py:188} INFO - [2024-04-26T23:02:40.451+0000] {dag.py:3954} INFO - Setting next_dagrun for example_xcom_args to None, run_after=None
[2024-04-26T23:02:40.455+0000] {logging_mixin.py:188} INFO - [2024-04-26T23:02:40.455+0000] {dag.py:3954} INFO - Setting next_dagrun for example_xcom_args_with_operators to None, run_after=None
[2024-04-26T23:02:40.473+0000] {processor.py:183} INFO - Processing /home/airflow/.local/lib/python3.12/site-packages/airflow/example_dags/example_xcomargs.py took 0.072 seconds
[2024-04-26T23:03:10.522+0000] {processor.py:161} INFO - Started process (PID=617) to work on /home/airflow/.local/lib/python3.12/site-packages/airflow/example_dags/example_xcomargs.py
[2024-04-26T23:03:10.523+0000] {processor.py:830} INFO - Processing file /home/airflow/.local/lib/python3.12/site-packages/airflow/example_dags/example_xcomargs.py for tasks to queue
[2024-04-26T23:03:10.525+0000] {logging_mixin.py:188} INFO - [2024-04-26T23:03:10.524+0000] {dagbag.py:540} INFO - Filling up the DagBag from /home/airflow/.local/lib/python3.12/site-packages/airflow/example_dags/example_xcomargs.py
[2024-04-26T23:03:10.533+0000] {processor.py:840} INFO - DAG(s) 'example_xcom_args', 'example_xcom_args_with_operators' retrieved from /home/airflow/.local/lib/python3.12/site-packages/airflow/example_dags/example_xcomargs.py
[2024-04-26T23:03:10.556+0000] {logging_mixin.py:188} INFO - [2024-04-26T23:03:10.555+0000] {dag.py:3096} INFO - Sync 2 DAGs
[2024-04-26T23:03:10.567+0000] {logging_mixin.py:188} INFO - [2024-04-26T23:03:10.567+0000] {dag.py:3954} INFO - Setting next_dagrun for example_xcom_args to None, run_after=None
[2024-04-26T23:03:10.571+0000] {logging_mixin.py:188} INFO - [2024-04-26T23:03:10.570+0000] {dag.py:3954} INFO - Setting next_dagrun for example_xcom_args_with_operators to None, run_after=None
[2024-04-26T23:03:10.590+0000] {processor.py:183} INFO - Processing /home/airflow/.local/lib/python3.12/site-packages/airflow/example_dags/example_xcomargs.py took 0.073 seconds
[2024-04-26T23:03:40.983+0000] {processor.py:161} INFO - Started process (PID=676) to work on /home/airflow/.local/lib/python3.12/site-packages/airflow/example_dags/example_xcomargs.py
[2024-04-26T23:03:40.984+0000] {processor.py:830} INFO - Processing file /home/airflow/.local/lib/python3.12/site-packages/airflow/example_dags/example_xcomargs.py for tasks to queue
[2024-04-26T23:03:40.986+0000] {logging_mixin.py:188} INFO - [2024-04-26T23:03:40.986+0000] {dagbag.py:540} INFO - Filling up the DagBag from /home/airflow/.local/lib/python3.12/site-packages/airflow/example_dags/example_xcomargs.py
[2024-04-26T23:03:40.996+0000] {processor.py:840} INFO - DAG(s) 'example_xcom_args_with_operators', 'example_xcom_args' retrieved from /home/airflow/.local/lib/python3.12/site-packages/airflow/example_dags/example_xcomargs.py
[2024-04-26T23:03:41.020+0000] {logging_mixin.py:188} INFO - [2024-04-26T23:03:41.020+0000] {dag.py:3096} INFO - Sync 2 DAGs
[2024-04-26T23:03:41.033+0000] {logging_mixin.py:188} INFO - [2024-04-26T23:03:41.033+0000] {dag.py:3954} INFO - Setting next_dagrun for example_xcom_args to None, run_after=None
[2024-04-26T23:03:41.039+0000] {logging_mixin.py:188} INFO - [2024-04-26T23:03:41.038+0000] {dag.py:3954} INFO - Setting next_dagrun for example_xcom_args_with_operators to None, run_after=None
[2024-04-26T23:03:41.059+0000] {processor.py:183} INFO - Processing /home/airflow/.local/lib/python3.12/site-packages/airflow/example_dags/example_xcomargs.py took 0.083 seconds
[2024-04-26T23:04:11.121+0000] {processor.py:161} INFO - Started process (PID=735) to work on /home/airflow/.local/lib/python3.12/site-packages/airflow/example_dags/example_xcomargs.py
[2024-04-26T23:04:11.122+0000] {processor.py:830} INFO - Processing file /home/airflow/.local/lib/python3.12/site-packages/airflow/example_dags/example_xcomargs.py for tasks to queue
[2024-04-26T23:04:11.125+0000] {logging_mixin.py:188} INFO - [2024-04-26T23:04:11.124+0000] {dagbag.py:540} INFO - Filling up the DagBag from /home/airflow/.local/lib/python3.12/site-packages/airflow/example_dags/example_xcomargs.py
[2024-04-26T23:04:11.132+0000] {processor.py:840} INFO - DAG(s) 'example_xcom_args', 'example_xcom_args_with_operators' retrieved from /home/airflow/.local/lib/python3.12/site-packages/airflow/example_dags/example_xcomargs.py
[2024-04-26T23:04:11.156+0000] {logging_mixin.py:188} INFO - [2024-04-26T23:04:11.156+0000] {dag.py:3096} INFO - Sync 2 DAGs
[2024-04-26T23:04:11.169+0000] {logging_mixin.py:188} INFO - [2024-04-26T23:04:11.169+0000] {dag.py:3954} INFO - Setting next_dagrun for example_xcom_args to None, run_after=None
[2024-04-26T23:04:11.173+0000] {logging_mixin.py:188} INFO - [2024-04-26T23:04:11.173+0000] {dag.py:3954} INFO - Setting next_dagrun for example_xcom_args_with_operators to None, run_after=None
[2024-04-26T23:04:11.194+0000] {processor.py:183} INFO - Processing /home/airflow/.local/lib/python3.12/site-packages/airflow/example_dags/example_xcomargs.py took 0.079 seconds
[2024-04-26T23:04:42.179+0000] {processor.py:161} INFO - Started process (PID=794) to work on /home/airflow/.local/lib/python3.12/site-packages/airflow/example_dags/example_xcomargs.py
[2024-04-26T23:04:42.179+0000] {processor.py:830} INFO - Processing file /home/airflow/.local/lib/python3.12/site-packages/airflow/example_dags/example_xcomargs.py for tasks to queue
[2024-04-26T23:04:42.181+0000] {logging_mixin.py:188} INFO - [2024-04-26T23:04:42.181+0000] {dagbag.py:540} INFO - Filling up the DagBag from /home/airflow/.local/lib/python3.12/site-packages/airflow/example_dags/example_xcomargs.py
[2024-04-26T23:04:42.188+0000] {processor.py:840} INFO - DAG(s) 'example_xcom_args_with_operators', 'example_xcom_args' retrieved from /home/airflow/.local/lib/python3.12/site-packages/airflow/example_dags/example_xcomargs.py
[2024-04-26T23:04:42.210+0000] {logging_mixin.py:188} INFO - [2024-04-26T23:04:42.210+0000] {dag.py:3096} INFO - Sync 2 DAGs
[2024-04-26T23:04:42.223+0000] {logging_mixin.py:188} INFO - [2024-04-26T23:04:42.223+0000] {dag.py:3954} INFO - Setting next_dagrun for example_xcom_args to None, run_after=None
[2024-04-26T23:04:42.227+0000] {logging_mixin.py:188} INFO - [2024-04-26T23:04:42.227+0000] {dag.py:3954} INFO - Setting next_dagrun for example_xcom_args_with_operators to None, run_after=None
[2024-04-26T23:04:42.247+0000] {processor.py:183} INFO - Processing /home/airflow/.local/lib/python3.12/site-packages/airflow/example_dags/example_xcomargs.py took 0.073 seconds
[2024-04-26T23:05:12.950+0000] {processor.py:161} INFO - Started process (PID=853) to work on /home/airflow/.local/lib/python3.12/site-packages/airflow/example_dags/example_xcomargs.py
[2024-04-26T23:05:12.951+0000] {processor.py:830} INFO - Processing file /home/airflow/.local/lib/python3.12/site-packages/airflow/example_dags/example_xcomargs.py for tasks to queue
[2024-04-26T23:05:12.953+0000] {logging_mixin.py:188} INFO - [2024-04-26T23:05:12.952+0000] {dagbag.py:540} INFO - Filling up the DagBag from /home/airflow/.local/lib/python3.12/site-packages/airflow/example_dags/example_xcomargs.py
[2024-04-26T23:05:12.962+0000] {processor.py:840} INFO - DAG(s) 'example_xcom_args', 'example_xcom_args_with_operators' retrieved from /home/airflow/.local/lib/python3.12/site-packages/airflow/example_dags/example_xcomargs.py
[2024-04-26T23:05:12.986+0000] {logging_mixin.py:188} INFO - [2024-04-26T23:05:12.986+0000] {dag.py:3096} INFO - Sync 2 DAGs
[2024-04-26T23:05:12.999+0000] {logging_mixin.py:188} INFO - [2024-04-26T23:05:12.999+0000] {dag.py:3954} INFO - Setting next_dagrun for example_xcom_args to None, run_after=None
[2024-04-26T23:05:13.005+0000] {logging_mixin.py:188} INFO - [2024-04-26T23:05:13.004+0000] {dag.py:3954} INFO - Setting next_dagrun for example_xcom_args_with_operators to None, run_after=None
[2024-04-26T23:05:13.025+0000] {processor.py:183} INFO - Processing /home/airflow/.local/lib/python3.12/site-packages/airflow/example_dags/example_xcomargs.py took 0.082 seconds
[2024-04-26T23:05:43.436+0000] {processor.py:161} INFO - Started process (PID=912) to work on /home/airflow/.local/lib/python3.12/site-packages/airflow/example_dags/example_xcomargs.py
[2024-04-26T23:05:43.437+0000] {processor.py:830} INFO - Processing file /home/airflow/.local/lib/python3.12/site-packages/airflow/example_dags/example_xcomargs.py for tasks to queue
[2024-04-26T23:05:43.439+0000] {logging_mixin.py:188} INFO - [2024-04-26T23:05:43.438+0000] {dagbag.py:540} INFO - Filling up the DagBag from /home/airflow/.local/lib/python3.12/site-packages/airflow/example_dags/example_xcomargs.py
[2024-04-26T23:05:43.447+0000] {processor.py:840} INFO - DAG(s) 'example_xcom_args', 'example_xcom_args_with_operators' retrieved from /home/airflow/.local/lib/python3.12/site-packages/airflow/example_dags/example_xcomargs.py
[2024-04-26T23:05:43.468+0000] {logging_mixin.py:188} INFO - [2024-04-26T23:05:43.468+0000] {dag.py:3096} INFO - Sync 2 DAGs
[2024-04-26T23:05:43.480+0000] {logging_mixin.py:188} INFO - [2024-04-26T23:05:43.480+0000] {dag.py:3954} INFO - Setting next_dagrun for example_xcom_args to None, run_after=None
[2024-04-26T23:05:43.485+0000] {logging_mixin.py:188} INFO - [2024-04-26T23:05:43.484+0000] {dag.py:3954} INFO - Setting next_dagrun for example_xcom_args_with_operators to None, run_after=None
[2024-04-26T23:05:43.504+0000] {processor.py:183} INFO - Processing /home/airflow/.local/lib/python3.12/site-packages/airflow/example_dags/example_xcomargs.py took 0.074 seconds
[2024-04-26T23:09:57.060+0000] {processor.py:161} INFO - Started process (PID=80) to work on /home/airflow/.local/lib/python3.12/site-packages/airflow/example_dags/example_xcomargs.py
[2024-04-26T23:09:57.062+0000] {processor.py:830} INFO - Processing file /home/airflow/.local/lib/python3.12/site-packages/airflow/example_dags/example_xcomargs.py for tasks to queue
[2024-04-26T23:09:57.064+0000] {logging_mixin.py:188} INFO - [2024-04-26T23:09:57.064+0000] {dagbag.py:540} INFO - Filling up the DagBag from /home/airflow/.local/lib/python3.12/site-packages/airflow/example_dags/example_xcomargs.py
[2024-04-26T23:09:57.072+0000] {processor.py:840} INFO - DAG(s) 'example_xcom_args_with_operators', 'example_xcom_args' retrieved from /home/airflow/.local/lib/python3.12/site-packages/airflow/example_dags/example_xcomargs.py
[2024-04-26T23:09:57.084+0000] {logging_mixin.py:188} INFO - [2024-04-26T23:09:57.083+0000] {dag.py:3096} INFO - Sync 2 DAGs
[2024-04-26T23:09:57.098+0000] {logging_mixin.py:188} INFO - [2024-04-26T23:09:57.098+0000] {dag.py:3954} INFO - Setting next_dagrun for example_xcom_args to None, run_after=None
[2024-04-26T23:09:57.103+0000] {logging_mixin.py:188} INFO - [2024-04-26T23:09:57.103+0000] {dag.py:3954} INFO - Setting next_dagrun for example_xcom_args_with_operators to None, run_after=None
[2024-04-26T23:09:57.121+0000] {processor.py:183} INFO - Processing /home/airflow/.local/lib/python3.12/site-packages/airflow/example_dags/example_xcomargs.py took 0.066 seconds
[2024-04-26T23:10:28.507+0000] {processor.py:161} INFO - Started process (PID=139) to work on /home/airflow/.local/lib/python3.12/site-packages/airflow/example_dags/example_xcomargs.py
[2024-04-26T23:10:28.508+0000] {processor.py:830} INFO - Processing file /home/airflow/.local/lib/python3.12/site-packages/airflow/example_dags/example_xcomargs.py for tasks to queue
[2024-04-26T23:10:28.511+0000] {logging_mixin.py:188} INFO - [2024-04-26T23:10:28.510+0000] {dagbag.py:540} INFO - Filling up the DagBag from /home/airflow/.local/lib/python3.12/site-packages/airflow/example_dags/example_xcomargs.py
[2024-04-26T23:10:28.518+0000] {processor.py:840} INFO - DAG(s) 'example_xcom_args', 'example_xcom_args_with_operators' retrieved from /home/airflow/.local/lib/python3.12/site-packages/airflow/example_dags/example_xcomargs.py
[2024-04-26T23:10:28.617+0000] {logging_mixin.py:188} INFO - [2024-04-26T23:10:28.616+0000] {dag.py:3096} INFO - Sync 2 DAGs
[2024-04-26T23:10:28.628+0000] {logging_mixin.py:188} INFO - [2024-04-26T23:10:28.628+0000] {dag.py:3954} INFO - Setting next_dagrun for example_xcom_args to None, run_after=None
[2024-04-26T23:10:28.632+0000] {logging_mixin.py:188} INFO - [2024-04-26T23:10:28.631+0000] {dag.py:3954} INFO - Setting next_dagrun for example_xcom_args_with_operators to None, run_after=None
[2024-04-26T23:10:28.651+0000] {processor.py:183} INFO - Processing /home/airflow/.local/lib/python3.12/site-packages/airflow/example_dags/example_xcomargs.py took 0.148 seconds
[2024-04-26T23:10:58.752+0000] {processor.py:161} INFO - Started process (PID=198) to work on /home/airflow/.local/lib/python3.12/site-packages/airflow/example_dags/example_xcomargs.py
[2024-04-26T23:10:58.753+0000] {processor.py:830} INFO - Processing file /home/airflow/.local/lib/python3.12/site-packages/airflow/example_dags/example_xcomargs.py for tasks to queue
[2024-04-26T23:10:58.755+0000] {logging_mixin.py:188} INFO - [2024-04-26T23:10:58.755+0000] {dagbag.py:540} INFO - Filling up the DagBag from /home/airflow/.local/lib/python3.12/site-packages/airflow/example_dags/example_xcomargs.py
[2024-04-26T23:10:58.763+0000] {processor.py:840} INFO - DAG(s) 'example_xcom_args', 'example_xcom_args_with_operators' retrieved from /home/airflow/.local/lib/python3.12/site-packages/airflow/example_dags/example_xcomargs.py
[2024-04-26T23:10:58.787+0000] {logging_mixin.py:188} INFO - [2024-04-26T23:10:58.787+0000] {dag.py:3096} INFO - Sync 2 DAGs
[2024-04-26T23:10:58.805+0000] {logging_mixin.py:188} INFO - [2024-04-26T23:10:58.804+0000] {dag.py:3954} INFO - Setting next_dagrun for example_xcom_args to None, run_after=None
[2024-04-26T23:10:58.810+0000] {logging_mixin.py:188} INFO - [2024-04-26T23:10:58.810+0000] {dag.py:3954} INFO - Setting next_dagrun for example_xcom_args_with_operators to None, run_after=None
[2024-04-26T23:10:58.834+0000] {processor.py:183} INFO - Processing /home/airflow/.local/lib/python3.12/site-packages/airflow/example_dags/example_xcomargs.py took 0.088 seconds
[2024-04-26T23:11:29.722+0000] {processor.py:161} INFO - Started process (PID=257) to work on /home/airflow/.local/lib/python3.12/site-packages/airflow/example_dags/example_xcomargs.py
[2024-04-26T23:11:29.723+0000] {processor.py:830} INFO - Processing file /home/airflow/.local/lib/python3.12/site-packages/airflow/example_dags/example_xcomargs.py for tasks to queue
[2024-04-26T23:11:29.725+0000] {logging_mixin.py:188} INFO - [2024-04-26T23:11:29.725+0000] {dagbag.py:540} INFO - Filling up the DagBag from /home/airflow/.local/lib/python3.12/site-packages/airflow/example_dags/example_xcomargs.py
[2024-04-26T23:11:29.732+0000] {processor.py:840} INFO - DAG(s) 'example_xcom_args_with_operators', 'example_xcom_args' retrieved from /home/airflow/.local/lib/python3.12/site-packages/airflow/example_dags/example_xcomargs.py
[2024-04-26T23:11:29.754+0000] {logging_mixin.py:188} INFO - [2024-04-26T23:11:29.754+0000] {dag.py:3096} INFO - Sync 2 DAGs
[2024-04-26T23:11:29.766+0000] {logging_mixin.py:188} INFO - [2024-04-26T23:11:29.766+0000] {dag.py:3954} INFO - Setting next_dagrun for example_xcom_args to None, run_after=None
[2024-04-26T23:11:29.771+0000] {logging_mixin.py:188} INFO - [2024-04-26T23:11:29.770+0000] {dag.py:3954} INFO - Setting next_dagrun for example_xcom_args_with_operators to None, run_after=None
[2024-04-26T23:11:29.789+0000] {processor.py:183} INFO - Processing /home/airflow/.local/lib/python3.12/site-packages/airflow/example_dags/example_xcomargs.py took 0.073 seconds
[2024-04-26T23:12:00.019+0000] {processor.py:161} INFO - Started process (PID=316) to work on /home/airflow/.local/lib/python3.12/site-packages/airflow/example_dags/example_xcomargs.py
[2024-04-26T23:12:00.021+0000] {processor.py:830} INFO - Processing file /home/airflow/.local/lib/python3.12/site-packages/airflow/example_dags/example_xcomargs.py for tasks to queue
[2024-04-26T23:12:00.022+0000] {logging_mixin.py:188} INFO - [2024-04-26T23:12:00.022+0000] {dagbag.py:540} INFO - Filling up the DagBag from /home/airflow/.local/lib/python3.12/site-packages/airflow/example_dags/example_xcomargs.py
[2024-04-26T23:12:00.031+0000] {processor.py:840} INFO - DAG(s) 'example_xcom_args', 'example_xcom_args_with_operators' retrieved from /home/airflow/.local/lib/python3.12/site-packages/airflow/example_dags/example_xcomargs.py
[2024-04-26T23:12:00.056+0000] {logging_mixin.py:188} INFO - [2024-04-26T23:12:00.055+0000] {dag.py:3096} INFO - Sync 2 DAGs
[2024-04-26T23:12:00.069+0000] {logging_mixin.py:188} INFO - [2024-04-26T23:12:00.069+0000] {dag.py:3954} INFO - Setting next_dagrun for example_xcom_args to None, run_after=None
[2024-04-26T23:12:00.074+0000] {logging_mixin.py:188} INFO - [2024-04-26T23:12:00.073+0000] {dag.py:3954} INFO - Setting next_dagrun for example_xcom_args_with_operators to None, run_after=None
[2024-04-26T23:12:00.092+0000] {processor.py:183} INFO - Processing /home/airflow/.local/lib/python3.12/site-packages/airflow/example_dags/example_xcomargs.py took 0.078 seconds
[2024-04-26T23:12:30.183+0000] {processor.py:161} INFO - Started process (PID=375) to work on /home/airflow/.local/lib/python3.12/site-packages/airflow/example_dags/example_xcomargs.py
[2024-04-26T23:12:30.184+0000] {processor.py:830} INFO - Processing file /home/airflow/.local/lib/python3.12/site-packages/airflow/example_dags/example_xcomargs.py for tasks to queue
[2024-04-26T23:12:30.186+0000] {logging_mixin.py:188} INFO - [2024-04-26T23:12:30.186+0000] {dagbag.py:540} INFO - Filling up the DagBag from /home/airflow/.local/lib/python3.12/site-packages/airflow/example_dags/example_xcomargs.py
[2024-04-26T23:12:30.193+0000] {processor.py:840} INFO - DAG(s) 'example_xcom_args', 'example_xcom_args_with_operators' retrieved from /home/airflow/.local/lib/python3.12/site-packages/airflow/example_dags/example_xcomargs.py
[2024-04-26T23:12:30.214+0000] {logging_mixin.py:188} INFO - [2024-04-26T23:12:30.214+0000] {dag.py:3096} INFO - Sync 2 DAGs
[2024-04-26T23:12:30.225+0000] {logging_mixin.py:188} INFO - [2024-04-26T23:12:30.224+0000] {dag.py:3954} INFO - Setting next_dagrun for example_xcom_args to None, run_after=None
[2024-04-26T23:12:30.227+0000] {logging_mixin.py:188} INFO - [2024-04-26T23:12:30.227+0000] {dag.py:3954} INFO - Setting next_dagrun for example_xcom_args_with_operators to None, run_after=None
[2024-04-26T23:12:30.243+0000] {processor.py:183} INFO - Processing /home/airflow/.local/lib/python3.12/site-packages/airflow/example_dags/example_xcomargs.py took 0.065 seconds
[2024-04-26T23:13:00.801+0000] {processor.py:161} INFO - Started process (PID=434) to work on /home/airflow/.local/lib/python3.12/site-packages/airflow/example_dags/example_xcomargs.py
[2024-04-26T23:13:00.803+0000] {processor.py:830} INFO - Processing file /home/airflow/.local/lib/python3.12/site-packages/airflow/example_dags/example_xcomargs.py for tasks to queue
[2024-04-26T23:13:00.805+0000] {logging_mixin.py:188} INFO - [2024-04-26T23:13:00.804+0000] {dagbag.py:540} INFO - Filling up the DagBag from /home/airflow/.local/lib/python3.12/site-packages/airflow/example_dags/example_xcomargs.py
[2024-04-26T23:13:00.813+0000] {processor.py:840} INFO - DAG(s) 'example_xcom_args_with_operators', 'example_xcom_args' retrieved from /home/airflow/.local/lib/python3.12/site-packages/airflow/example_dags/example_xcomargs.py
[2024-04-26T23:13:00.844+0000] {logging_mixin.py:188} INFO - [2024-04-26T23:13:00.844+0000] {dag.py:3096} INFO - Sync 2 DAGs
[2024-04-26T23:13:00.860+0000] {logging_mixin.py:188} INFO - [2024-04-26T23:13:00.860+0000] {dag.py:3954} INFO - Setting next_dagrun for example_xcom_args to None, run_after=None
[2024-04-26T23:13:00.865+0000] {logging_mixin.py:188} INFO - [2024-04-26T23:13:00.865+0000] {dag.py:3954} INFO - Setting next_dagrun for example_xcom_args_with_operators to None, run_after=None
[2024-04-26T23:13:00.886+0000] {processor.py:183} INFO - Processing /home/airflow/.local/lib/python3.12/site-packages/airflow/example_dags/example_xcomargs.py took 0.091 seconds
[2024-04-26T23:13:31.842+0000] {processor.py:161} INFO - Started process (PID=493) to work on /home/airflow/.local/lib/python3.12/site-packages/airflow/example_dags/example_xcomargs.py
[2024-04-26T23:13:31.842+0000] {processor.py:830} INFO - Processing file /home/airflow/.local/lib/python3.12/site-packages/airflow/example_dags/example_xcomargs.py for tasks to queue
[2024-04-26T23:13:31.844+0000] {logging_mixin.py:188} INFO - [2024-04-26T23:13:31.844+0000] {dagbag.py:540} INFO - Filling up the DagBag from /home/airflow/.local/lib/python3.12/site-packages/airflow/example_dags/example_xcomargs.py
[2024-04-26T23:13:31.850+0000] {processor.py:840} INFO - DAG(s) 'example_xcom_args', 'example_xcom_args_with_operators' retrieved from /home/airflow/.local/lib/python3.12/site-packages/airflow/example_dags/example_xcomargs.py
[2024-04-26T23:13:31.872+0000] {logging_mixin.py:188} INFO - [2024-04-26T23:13:31.872+0000] {dag.py:3096} INFO - Sync 2 DAGs
[2024-04-26T23:13:31.885+0000] {logging_mixin.py:188} INFO - [2024-04-26T23:13:31.884+0000] {dag.py:3954} INFO - Setting next_dagrun for example_xcom_args to None, run_after=None
[2024-04-26T23:13:31.889+0000] {logging_mixin.py:188} INFO - [2024-04-26T23:13:31.889+0000] {dag.py:3954} INFO - Setting next_dagrun for example_xcom_args_with_operators to None, run_after=None
[2024-04-26T23:13:31.908+0000] {processor.py:183} INFO - Processing /home/airflow/.local/lib/python3.12/site-packages/airflow/example_dags/example_xcomargs.py took 0.072 seconds
[2024-04-26T23:17:55.033+0000] {processor.py:161} INFO - Started process (PID=80) to work on /home/airflow/.local/lib/python3.12/site-packages/airflow/example_dags/example_xcomargs.py
[2024-04-26T23:17:55.034+0000] {processor.py:830} INFO - Processing file /home/airflow/.local/lib/python3.12/site-packages/airflow/example_dags/example_xcomargs.py for tasks to queue
[2024-04-26T23:17:55.036+0000] {logging_mixin.py:188} INFO - [2024-04-26T23:17:55.035+0000] {dagbag.py:540} INFO - Filling up the DagBag from /home/airflow/.local/lib/python3.12/site-packages/airflow/example_dags/example_xcomargs.py
[2024-04-26T23:17:55.043+0000] {processor.py:840} INFO - DAG(s) 'example_xcom_args_with_operators', 'example_xcom_args' retrieved from /home/airflow/.local/lib/python3.12/site-packages/airflow/example_dags/example_xcomargs.py
[2024-04-26T23:17:55.055+0000] {logging_mixin.py:188} INFO - [2024-04-26T23:17:55.055+0000] {dag.py:3096} INFO - Sync 2 DAGs
[2024-04-26T23:17:55.069+0000] {logging_mixin.py:188} INFO - [2024-04-26T23:17:55.069+0000] {dag.py:3954} INFO - Setting next_dagrun for example_xcom_args to None, run_after=None
[2024-04-26T23:17:55.074+0000] {logging_mixin.py:188} INFO - [2024-04-26T23:17:55.074+0000] {dag.py:3954} INFO - Setting next_dagrun for example_xcom_args_with_operators to None, run_after=None
[2024-04-26T23:17:55.100+0000] {processor.py:183} INFO - Processing /home/airflow/.local/lib/python3.12/site-packages/airflow/example_dags/example_xcomargs.py took 0.073 seconds
[2024-04-26T23:18:26.594+0000] {processor.py:161} INFO - Started process (PID=139) to work on /home/airflow/.local/lib/python3.12/site-packages/airflow/example_dags/example_xcomargs.py
[2024-04-26T23:18:26.595+0000] {processor.py:830} INFO - Processing file /home/airflow/.local/lib/python3.12/site-packages/airflow/example_dags/example_xcomargs.py for tasks to queue
[2024-04-26T23:18:26.598+0000] {logging_mixin.py:188} INFO - [2024-04-26T23:18:26.597+0000] {dagbag.py:540} INFO - Filling up the DagBag from /home/airflow/.local/lib/python3.12/site-packages/airflow/example_dags/example_xcomargs.py
[2024-04-26T23:18:26.611+0000] {processor.py:840} INFO - DAG(s) 'example_xcom_args', 'example_xcom_args_with_operators' retrieved from /home/airflow/.local/lib/python3.12/site-packages/airflow/example_dags/example_xcomargs.py
[2024-04-26T23:18:26.761+0000] {logging_mixin.py:188} INFO - [2024-04-26T23:18:26.761+0000] {dag.py:3096} INFO - Sync 2 DAGs
[2024-04-26T23:18:26.777+0000] {logging_mixin.py:188} INFO - [2024-04-26T23:18:26.777+0000] {dag.py:3954} INFO - Setting next_dagrun for example_xcom_args to None, run_after=None
[2024-04-26T23:18:26.782+0000] {logging_mixin.py:188} INFO - [2024-04-26T23:18:26.781+0000] {dag.py:3954} INFO - Setting next_dagrun for example_xcom_args_with_operators to None, run_after=None
[2024-04-26T23:18:26.804+0000] {processor.py:183} INFO - Processing /home/airflow/.local/lib/python3.12/site-packages/airflow/example_dags/example_xcomargs.py took 0.215 seconds
[2024-04-26T23:18:57.190+0000] {processor.py:161} INFO - Started process (PID=198) to work on /home/airflow/.local/lib/python3.12/site-packages/airflow/example_dags/example_xcomargs.py
[2024-04-26T23:18:57.191+0000] {processor.py:830} INFO - Processing file /home/airflow/.local/lib/python3.12/site-packages/airflow/example_dags/example_xcomargs.py for tasks to queue
[2024-04-26T23:18:57.194+0000] {logging_mixin.py:188} INFO - [2024-04-26T23:18:57.193+0000] {dagbag.py:540} INFO - Filling up the DagBag from /home/airflow/.local/lib/python3.12/site-packages/airflow/example_dags/example_xcomargs.py
[2024-04-26T23:18:57.202+0000] {processor.py:840} INFO - DAG(s) 'example_xcom_args_with_operators', 'example_xcom_args' retrieved from /home/airflow/.local/lib/python3.12/site-packages/airflow/example_dags/example_xcomargs.py
[2024-04-26T23:18:57.226+0000] {logging_mixin.py:188} INFO - [2024-04-26T23:18:57.225+0000] {dag.py:3096} INFO - Sync 2 DAGs
[2024-04-26T23:18:57.239+0000] {logging_mixin.py:188} INFO - [2024-04-26T23:18:57.239+0000] {dag.py:3954} INFO - Setting next_dagrun for example_xcom_args to None, run_after=None
[2024-04-26T23:18:57.244+0000] {logging_mixin.py:188} INFO - [2024-04-26T23:18:57.244+0000] {dag.py:3954} INFO - Setting next_dagrun for example_xcom_args_with_operators to None, run_after=None
[2024-04-26T23:18:57.267+0000] {processor.py:183} INFO - Processing /home/airflow/.local/lib/python3.12/site-packages/airflow/example_dags/example_xcomargs.py took 0.082 seconds
[2024-04-26T23:19:44.218+0000] {processor.py:161} INFO - Started process (PID=80) to work on /home/airflow/.local/lib/python3.12/site-packages/airflow/example_dags/example_xcomargs.py
[2024-04-26T23:19:44.220+0000] {processor.py:830} INFO - Processing file /home/airflow/.local/lib/python3.12/site-packages/airflow/example_dags/example_xcomargs.py for tasks to queue
[2024-04-26T23:19:44.222+0000] {logging_mixin.py:188} INFO - [2024-04-26T23:19:44.222+0000] {dagbag.py:540} INFO - Filling up the DagBag from /home/airflow/.local/lib/python3.12/site-packages/airflow/example_dags/example_xcomargs.py
[2024-04-26T23:19:44.232+0000] {processor.py:840} INFO - DAG(s) 'example_xcom_args', 'example_xcom_args_with_operators' retrieved from /home/airflow/.local/lib/python3.12/site-packages/airflow/example_dags/example_xcomargs.py
[2024-04-26T23:19:44.248+0000] {logging_mixin.py:188} INFO - [2024-04-26T23:19:44.248+0000] {dag.py:3096} INFO - Sync 2 DAGs
[2024-04-26T23:19:44.271+0000] {logging_mixin.py:188} INFO - [2024-04-26T23:19:44.270+0000] {dag.py:3954} INFO - Setting next_dagrun for example_xcom_args to None, run_after=None
[2024-04-26T23:19:44.276+0000] {logging_mixin.py:188} INFO - [2024-04-26T23:19:44.276+0000] {dag.py:3954} INFO - Setting next_dagrun for example_xcom_args_with_operators to None, run_after=None
[2024-04-26T23:19:44.301+0000] {processor.py:183} INFO - Processing /home/airflow/.local/lib/python3.12/site-packages/airflow/example_dags/example_xcomargs.py took 0.088 seconds
[2024-04-26T23:20:15.519+0000] {processor.py:161} INFO - Started process (PID=139) to work on /home/airflow/.local/lib/python3.12/site-packages/airflow/example_dags/example_xcomargs.py
[2024-04-26T23:20:15.520+0000] {processor.py:830} INFO - Processing file /home/airflow/.local/lib/python3.12/site-packages/airflow/example_dags/example_xcomargs.py for tasks to queue
[2024-04-26T23:20:15.522+0000] {logging_mixin.py:188} INFO - [2024-04-26T23:20:15.522+0000] {dagbag.py:540} INFO - Filling up the DagBag from /home/airflow/.local/lib/python3.12/site-packages/airflow/example_dags/example_xcomargs.py
[2024-04-26T23:20:15.529+0000] {processor.py:840} INFO - DAG(s) 'example_xcom_args_with_operators', 'example_xcom_args' retrieved from /home/airflow/.local/lib/python3.12/site-packages/airflow/example_dags/example_xcomargs.py
[2024-04-26T23:20:15.618+0000] {logging_mixin.py:188} INFO - [2024-04-26T23:20:15.617+0000] {dag.py:3096} INFO - Sync 2 DAGs
[2024-04-26T23:20:15.627+0000] {logging_mixin.py:188} INFO - [2024-04-26T23:20:15.627+0000] {dag.py:3954} INFO - Setting next_dagrun for example_xcom_args to None, run_after=None
[2024-04-26T23:20:15.631+0000] {logging_mixin.py:188} INFO - [2024-04-26T23:20:15.631+0000] {dag.py:3954} INFO - Setting next_dagrun for example_xcom_args_with_operators to None, run_after=None
[2024-04-26T23:20:15.647+0000] {processor.py:183} INFO - Processing /home/airflow/.local/lib/python3.12/site-packages/airflow/example_dags/example_xcomargs.py took 0.132 seconds
[2024-04-26T23:20:45.781+0000] {processor.py:161} INFO - Started process (PID=198) to work on /home/airflow/.local/lib/python3.12/site-packages/airflow/example_dags/example_xcomargs.py
[2024-04-26T23:20:45.782+0000] {processor.py:830} INFO - Processing file /home/airflow/.local/lib/python3.12/site-packages/airflow/example_dags/example_xcomargs.py for tasks to queue
[2024-04-26T23:20:45.784+0000] {logging_mixin.py:188} INFO - [2024-04-26T23:20:45.783+0000] {dagbag.py:540} INFO - Filling up the DagBag from /home/airflow/.local/lib/python3.12/site-packages/airflow/example_dags/example_xcomargs.py
[2024-04-26T23:20:45.790+0000] {processor.py:840} INFO - DAG(s) 'example_xcom_args', 'example_xcom_args_with_operators' retrieved from /home/airflow/.local/lib/python3.12/site-packages/airflow/example_dags/example_xcomargs.py
[2024-04-26T23:20:45.809+0000] {logging_mixin.py:188} INFO - [2024-04-26T23:20:45.809+0000] {dag.py:3096} INFO - Sync 2 DAGs
[2024-04-26T23:20:45.819+0000] {logging_mixin.py:188} INFO - [2024-04-26T23:20:45.819+0000] {dag.py:3954} INFO - Setting next_dagrun for example_xcom_args to None, run_after=None
[2024-04-26T23:20:45.822+0000] {logging_mixin.py:188} INFO - [2024-04-26T23:20:45.822+0000] {dag.py:3954} INFO - Setting next_dagrun for example_xcom_args_with_operators to None, run_after=None
[2024-04-26T23:20:45.840+0000] {processor.py:183} INFO - Processing /home/airflow/.local/lib/python3.12/site-packages/airflow/example_dags/example_xcomargs.py took 0.064 seconds
[2024-04-26T23:21:16.405+0000] {processor.py:161} INFO - Started process (PID=257) to work on /home/airflow/.local/lib/python3.12/site-packages/airflow/example_dags/example_xcomargs.py
[2024-04-26T23:21:16.406+0000] {processor.py:830} INFO - Processing file /home/airflow/.local/lib/python3.12/site-packages/airflow/example_dags/example_xcomargs.py for tasks to queue
[2024-04-26T23:21:16.408+0000] {logging_mixin.py:188} INFO - [2024-04-26T23:21:16.407+0000] {dagbag.py:540} INFO - Filling up the DagBag from /home/airflow/.local/lib/python3.12/site-packages/airflow/example_dags/example_xcomargs.py
[2024-04-26T23:21:16.417+0000] {processor.py:840} INFO - DAG(s) 'example_xcom_args_with_operators', 'example_xcom_args' retrieved from /home/airflow/.local/lib/python3.12/site-packages/airflow/example_dags/example_xcomargs.py
[2024-04-26T23:21:16.441+0000] {logging_mixin.py:188} INFO - [2024-04-26T23:21:16.441+0000] {dag.py:3096} INFO - Sync 2 DAGs
[2024-04-26T23:21:16.455+0000] {logging_mixin.py:188} INFO - [2024-04-26T23:21:16.455+0000] {dag.py:3954} INFO - Setting next_dagrun for example_xcom_args to None, run_after=None
[2024-04-26T23:21:16.459+0000] {logging_mixin.py:188} INFO - [2024-04-26T23:21:16.459+0000] {dag.py:3954} INFO - Setting next_dagrun for example_xcom_args_with_operators to None, run_after=None
[2024-04-26T23:21:16.477+0000] {processor.py:183} INFO - Processing /home/airflow/.local/lib/python3.12/site-packages/airflow/example_dags/example_xcomargs.py took 0.078 seconds
