[2024-04-26T22:58:31.960+0000] {processor.py:161} INFO - Started process (PID=70) to work on /home/airflow/.local/lib/python3.12/site-packages/airflow/example_dags/example_params_ui_tutorial.py
[2024-04-26T22:58:31.971+0000] {processor.py:830} INFO - Processing file /home/airflow/.local/lib/python3.12/site-packages/airflow/example_dags/example_params_ui_tutorial.py for tasks to queue
[2024-04-26T22:58:31.986+0000] {logging_mixin.py:188} INFO - [2024-04-26T22:58:31.985+0000] {dagbag.py:540} INFO - Filling up the DagBag from /home/airflow/.local/lib/python3.12/site-packages/airflow/example_dags/example_params_ui_tutorial.py
[2024-04-26T22:58:32.039+0000] {processor.py:840} INFO - DAG(s) 'example_params_ui_tutorial' retrieved from /home/airflow/.local/lib/python3.12/site-packages/airflow/example_dags/example_params_ui_tutorial.py
[2024-04-26T22:58:32.365+0000] {logging_mixin.py:188} INFO - [2024-04-26T22:58:32.364+0000] {dag.py:3096} INFO - Sync 1 DAGs
[2024-04-26T22:58:32.397+0000] {logging_mixin.py:188} INFO - [2024-04-26T22:58:32.397+0000] {dag.py:3954} INFO - Setting next_dagrun for example_params_ui_tutorial to None, run_after=None
[2024-04-26T22:58:32.452+0000] {processor.py:183} INFO - Processing /home/airflow/.local/lib/python3.12/site-packages/airflow/example_dags/example_params_ui_tutorial.py took 0.554 seconds
[2024-04-26T22:59:03.104+0000] {processor.py:161} INFO - Started process (PID=129) to work on /home/airflow/.local/lib/python3.12/site-packages/airflow/example_dags/example_params_ui_tutorial.py
[2024-04-26T22:59:03.106+0000] {processor.py:830} INFO - Processing file /home/airflow/.local/lib/python3.12/site-packages/airflow/example_dags/example_params_ui_tutorial.py for tasks to queue
[2024-04-26T22:59:03.110+0000] {logging_mixin.py:188} INFO - [2024-04-26T22:59:03.109+0000] {dagbag.py:540} INFO - Filling up the DagBag from /home/airflow/.local/lib/python3.12/site-packages/airflow/example_dags/example_params_ui_tutorial.py
[2024-04-26T22:59:03.126+0000] {processor.py:840} INFO - DAG(s) 'example_params_ui_tutorial' retrieved from /home/airflow/.local/lib/python3.12/site-packages/airflow/example_dags/example_params_ui_tutorial.py
[2024-04-26T22:59:03.201+0000] {logging_mixin.py:188} INFO - [2024-04-26T22:59:03.200+0000] {dag.py:3096} INFO - Sync 1 DAGs
[2024-04-26T22:59:03.216+0000] {logging_mixin.py:188} INFO - [2024-04-26T22:59:03.215+0000] {dag.py:3954} INFO - Setting next_dagrun for example_params_ui_tutorial to None, run_after=None
[2024-04-26T22:59:03.245+0000] {processor.py:183} INFO - Processing /home/airflow/.local/lib/python3.12/site-packages/airflow/example_dags/example_params_ui_tutorial.py took 0.151 seconds
[2024-04-26T22:59:33.321+0000] {processor.py:161} INFO - Started process (PID=188) to work on /home/airflow/.local/lib/python3.12/site-packages/airflow/example_dags/example_params_ui_tutorial.py
[2024-04-26T22:59:33.322+0000] {processor.py:830} INFO - Processing file /home/airflow/.local/lib/python3.12/site-packages/airflow/example_dags/example_params_ui_tutorial.py for tasks to queue
[2024-04-26T22:59:33.324+0000] {logging_mixin.py:188} INFO - [2024-04-26T22:59:33.324+0000] {dagbag.py:540} INFO - Filling up the DagBag from /home/airflow/.local/lib/python3.12/site-packages/airflow/example_dags/example_params_ui_tutorial.py
[2024-04-26T22:59:33.342+0000] {processor.py:840} INFO - DAG(s) 'example_params_ui_tutorial' retrieved from /home/airflow/.local/lib/python3.12/site-packages/airflow/example_dags/example_params_ui_tutorial.py
[2024-04-26T22:59:33.402+0000] {logging_mixin.py:188} INFO - [2024-04-26T22:59:33.401+0000] {dag.py:3096} INFO - Sync 1 DAGs
[2024-04-26T22:59:33.417+0000] {logging_mixin.py:188} INFO - [2024-04-26T22:59:33.417+0000] {dag.py:3954} INFO - Setting next_dagrun for example_params_ui_tutorial to None, run_after=None
[2024-04-26T22:59:33.443+0000] {processor.py:183} INFO - Processing /home/airflow/.local/lib/python3.12/site-packages/airflow/example_dags/example_params_ui_tutorial.py took 0.127 seconds
[2024-04-26T23:00:04.301+0000] {processor.py:161} INFO - Started process (PID=247) to work on /home/airflow/.local/lib/python3.12/site-packages/airflow/example_dags/example_params_ui_tutorial.py
[2024-04-26T23:00:04.302+0000] {processor.py:830} INFO - Processing file /home/airflow/.local/lib/python3.12/site-packages/airflow/example_dags/example_params_ui_tutorial.py for tasks to queue
[2024-04-26T23:00:04.304+0000] {logging_mixin.py:188} INFO - [2024-04-26T23:00:04.304+0000] {dagbag.py:540} INFO - Filling up the DagBag from /home/airflow/.local/lib/python3.12/site-packages/airflow/example_dags/example_params_ui_tutorial.py
[2024-04-26T23:00:04.314+0000] {processor.py:840} INFO - DAG(s) 'example_params_ui_tutorial' retrieved from /home/airflow/.local/lib/python3.12/site-packages/airflow/example_dags/example_params_ui_tutorial.py
[2024-04-26T23:00:04.361+0000] {logging_mixin.py:188} INFO - [2024-04-26T23:00:04.361+0000] {dag.py:3096} INFO - Sync 1 DAGs
[2024-04-26T23:00:04.375+0000] {logging_mixin.py:188} INFO - [2024-04-26T23:00:04.375+0000] {dag.py:3954} INFO - Setting next_dagrun for example_params_ui_tutorial to None, run_after=None
[2024-04-26T23:00:04.393+0000] {processor.py:183} INFO - Processing /home/airflow/.local/lib/python3.12/site-packages/airflow/example_dags/example_params_ui_tutorial.py took 0.097 seconds
[2024-04-26T23:00:34.530+0000] {processor.py:161} INFO - Started process (PID=306) to work on /home/airflow/.local/lib/python3.12/site-packages/airflow/example_dags/example_params_ui_tutorial.py
[2024-04-26T23:00:34.531+0000] {processor.py:830} INFO - Processing file /home/airflow/.local/lib/python3.12/site-packages/airflow/example_dags/example_params_ui_tutorial.py for tasks to queue
[2024-04-26T23:00:34.533+0000] {logging_mixin.py:188} INFO - [2024-04-26T23:00:34.532+0000] {dagbag.py:540} INFO - Filling up the DagBag from /home/airflow/.local/lib/python3.12/site-packages/airflow/example_dags/example_params_ui_tutorial.py
[2024-04-26T23:00:34.544+0000] {processor.py:840} INFO - DAG(s) 'example_params_ui_tutorial' retrieved from /home/airflow/.local/lib/python3.12/site-packages/airflow/example_dags/example_params_ui_tutorial.py
[2024-04-26T23:00:34.593+0000] {logging_mixin.py:188} INFO - [2024-04-26T23:00:34.593+0000] {dag.py:3096} INFO - Sync 1 DAGs
[2024-04-26T23:00:34.605+0000] {logging_mixin.py:188} INFO - [2024-04-26T23:00:34.605+0000] {dag.py:3954} INFO - Setting next_dagrun for example_params_ui_tutorial to None, run_after=None
[2024-04-26T23:00:34.628+0000] {processor.py:183} INFO - Processing /home/airflow/.local/lib/python3.12/site-packages/airflow/example_dags/example_params_ui_tutorial.py took 0.104 seconds
[2024-04-26T23:01:04.877+0000] {processor.py:161} INFO - Started process (PID=365) to work on /home/airflow/.local/lib/python3.12/site-packages/airflow/example_dags/example_params_ui_tutorial.py
[2024-04-26T23:01:04.879+0000] {processor.py:830} INFO - Processing file /home/airflow/.local/lib/python3.12/site-packages/airflow/example_dags/example_params_ui_tutorial.py for tasks to queue
[2024-04-26T23:01:04.885+0000] {logging_mixin.py:188} INFO - [2024-04-26T23:01:04.882+0000] {dagbag.py:540} INFO - Filling up the DagBag from /home/airflow/.local/lib/python3.12/site-packages/airflow/example_dags/example_params_ui_tutorial.py
[2024-04-26T23:01:04.944+0000] {processor.py:840} INFO - DAG(s) 'example_params_ui_tutorial' retrieved from /home/airflow/.local/lib/python3.12/site-packages/airflow/example_dags/example_params_ui_tutorial.py
[2024-04-26T23:01:05.062+0000] {logging_mixin.py:188} INFO - [2024-04-26T23:01:05.062+0000] {dag.py:3096} INFO - Sync 1 DAGs
[2024-04-26T23:01:05.086+0000] {logging_mixin.py:188} INFO - [2024-04-26T23:01:05.086+0000] {dag.py:3954} INFO - Setting next_dagrun for example_params_ui_tutorial to None, run_after=None
[2024-04-26T23:01:05.113+0000] {processor.py:183} INFO - Processing /home/airflow/.local/lib/python3.12/site-packages/airflow/example_dags/example_params_ui_tutorial.py took 0.246 seconds
[2024-04-26T23:01:35.597+0000] {processor.py:161} INFO - Started process (PID=424) to work on /home/airflow/.local/lib/python3.12/site-packages/airflow/example_dags/example_params_ui_tutorial.py
[2024-04-26T23:01:35.598+0000] {processor.py:830} INFO - Processing file /home/airflow/.local/lib/python3.12/site-packages/airflow/example_dags/example_params_ui_tutorial.py for tasks to queue
[2024-04-26T23:01:35.599+0000] {logging_mixin.py:188} INFO - [2024-04-26T23:01:35.599+0000] {dagbag.py:540} INFO - Filling up the DagBag from /home/airflow/.local/lib/python3.12/site-packages/airflow/example_dags/example_params_ui_tutorial.py
[2024-04-26T23:01:35.609+0000] {processor.py:840} INFO - DAG(s) 'example_params_ui_tutorial' retrieved from /home/airflow/.local/lib/python3.12/site-packages/airflow/example_dags/example_params_ui_tutorial.py
[2024-04-26T23:01:35.655+0000] {logging_mixin.py:188} INFO - [2024-04-26T23:01:35.655+0000] {dag.py:3096} INFO - Sync 1 DAGs
[2024-04-26T23:01:35.666+0000] {logging_mixin.py:188} INFO - [2024-04-26T23:01:35.666+0000] {dag.py:3954} INFO - Setting next_dagrun for example_params_ui_tutorial to None, run_after=None
[2024-04-26T23:01:35.685+0000] {processor.py:183} INFO - Processing /home/airflow/.local/lib/python3.12/site-packages/airflow/example_dags/example_params_ui_tutorial.py took 0.094 seconds
[2024-04-26T23:02:05.902+0000] {processor.py:161} INFO - Started process (PID=483) to work on /home/airflow/.local/lib/python3.12/site-packages/airflow/example_dags/example_params_ui_tutorial.py
[2024-04-26T23:02:05.903+0000] {processor.py:830} INFO - Processing file /home/airflow/.local/lib/python3.12/site-packages/airflow/example_dags/example_params_ui_tutorial.py for tasks to queue
[2024-04-26T23:02:05.905+0000] {logging_mixin.py:188} INFO - [2024-04-26T23:02:05.905+0000] {dagbag.py:540} INFO - Filling up the DagBag from /home/airflow/.local/lib/python3.12/site-packages/airflow/example_dags/example_params_ui_tutorial.py
[2024-04-26T23:02:05.917+0000] {processor.py:840} INFO - DAG(s) 'example_params_ui_tutorial' retrieved from /home/airflow/.local/lib/python3.12/site-packages/airflow/example_dags/example_params_ui_tutorial.py
[2024-04-26T23:02:05.965+0000] {logging_mixin.py:188} INFO - [2024-04-26T23:02:05.965+0000] {dag.py:3096} INFO - Sync 1 DAGs
[2024-04-26T23:02:05.980+0000] {logging_mixin.py:188} INFO - [2024-04-26T23:02:05.980+0000] {dag.py:3954} INFO - Setting next_dagrun for example_params_ui_tutorial to None, run_after=None
[2024-04-26T23:02:06.004+0000] {processor.py:183} INFO - Processing /home/airflow/.local/lib/python3.12/site-packages/airflow/example_dags/example_params_ui_tutorial.py took 0.108 seconds
[2024-04-26T23:02:36.537+0000] {processor.py:161} INFO - Started process (PID=542) to work on /home/airflow/.local/lib/python3.12/site-packages/airflow/example_dags/example_params_ui_tutorial.py
[2024-04-26T23:02:36.538+0000] {processor.py:830} INFO - Processing file /home/airflow/.local/lib/python3.12/site-packages/airflow/example_dags/example_params_ui_tutorial.py for tasks to queue
[2024-04-26T23:02:36.540+0000] {logging_mixin.py:188} INFO - [2024-04-26T23:02:36.540+0000] {dagbag.py:540} INFO - Filling up the DagBag from /home/airflow/.local/lib/python3.12/site-packages/airflow/example_dags/example_params_ui_tutorial.py
[2024-04-26T23:02:36.551+0000] {processor.py:840} INFO - DAG(s) 'example_params_ui_tutorial' retrieved from /home/airflow/.local/lib/python3.12/site-packages/airflow/example_dags/example_params_ui_tutorial.py
[2024-04-26T23:02:36.599+0000] {logging_mixin.py:188} INFO - [2024-04-26T23:02:36.599+0000] {dag.py:3096} INFO - Sync 1 DAGs
[2024-04-26T23:02:36.611+0000] {logging_mixin.py:188} INFO - [2024-04-26T23:02:36.611+0000] {dag.py:3954} INFO - Setting next_dagrun for example_params_ui_tutorial to None, run_after=None
[2024-04-26T23:02:36.633+0000] {processor.py:183} INFO - Processing /home/airflow/.local/lib/python3.12/site-packages/airflow/example_dags/example_params_ui_tutorial.py took 0.101 seconds
[2024-04-26T23:03:07.638+0000] {processor.py:161} INFO - Started process (PID=601) to work on /home/airflow/.local/lib/python3.12/site-packages/airflow/example_dags/example_params_ui_tutorial.py
[2024-04-26T23:03:07.639+0000] {processor.py:830} INFO - Processing file /home/airflow/.local/lib/python3.12/site-packages/airflow/example_dags/example_params_ui_tutorial.py for tasks to queue
[2024-04-26T23:03:07.641+0000] {logging_mixin.py:188} INFO - [2024-04-26T23:03:07.641+0000] {dagbag.py:540} INFO - Filling up the DagBag from /home/airflow/.local/lib/python3.12/site-packages/airflow/example_dags/example_params_ui_tutorial.py
[2024-04-26T23:03:07.650+0000] {processor.py:840} INFO - DAG(s) 'example_params_ui_tutorial' retrieved from /home/airflow/.local/lib/python3.12/site-packages/airflow/example_dags/example_params_ui_tutorial.py
[2024-04-26T23:03:07.694+0000] {logging_mixin.py:188} INFO - [2024-04-26T23:03:07.694+0000] {dag.py:3096} INFO - Sync 1 DAGs
[2024-04-26T23:03:07.708+0000] {logging_mixin.py:188} INFO - [2024-04-26T23:03:07.708+0000] {dag.py:3954} INFO - Setting next_dagrun for example_params_ui_tutorial to None, run_after=None
[2024-04-26T23:03:07.729+0000] {processor.py:183} INFO - Processing /home/airflow/.local/lib/python3.12/site-packages/airflow/example_dags/example_params_ui_tutorial.py took 0.095 seconds
[2024-04-26T23:03:37.838+0000] {processor.py:161} INFO - Started process (PID=659) to work on /home/airflow/.local/lib/python3.12/site-packages/airflow/example_dags/example_params_ui_tutorial.py
[2024-04-26T23:03:37.839+0000] {processor.py:830} INFO - Processing file /home/airflow/.local/lib/python3.12/site-packages/airflow/example_dags/example_params_ui_tutorial.py for tasks to queue
[2024-04-26T23:03:37.842+0000] {logging_mixin.py:188} INFO - [2024-04-26T23:03:37.841+0000] {dagbag.py:540} INFO - Filling up the DagBag from /home/airflow/.local/lib/python3.12/site-packages/airflow/example_dags/example_params_ui_tutorial.py
[2024-04-26T23:03:37.851+0000] {processor.py:840} INFO - DAG(s) 'example_params_ui_tutorial' retrieved from /home/airflow/.local/lib/python3.12/site-packages/airflow/example_dags/example_params_ui_tutorial.py
[2024-04-26T23:03:37.894+0000] {logging_mixin.py:188} INFO - [2024-04-26T23:03:37.893+0000] {dag.py:3096} INFO - Sync 1 DAGs
[2024-04-26T23:03:37.904+0000] {logging_mixin.py:188} INFO - [2024-04-26T23:03:37.904+0000] {dag.py:3954} INFO - Setting next_dagrun for example_params_ui_tutorial to None, run_after=None
[2024-04-26T23:03:37.923+0000] {processor.py:183} INFO - Processing /home/airflow/.local/lib/python3.12/site-packages/airflow/example_dags/example_params_ui_tutorial.py took 0.089 seconds
[2024-04-26T23:04:08.131+0000] {processor.py:161} INFO - Started process (PID=718) to work on /home/airflow/.local/lib/python3.12/site-packages/airflow/example_dags/example_params_ui_tutorial.py
[2024-04-26T23:04:08.132+0000] {processor.py:830} INFO - Processing file /home/airflow/.local/lib/python3.12/site-packages/airflow/example_dags/example_params_ui_tutorial.py for tasks to queue
[2024-04-26T23:04:08.134+0000] {logging_mixin.py:188} INFO - [2024-04-26T23:04:08.133+0000] {dagbag.py:540} INFO - Filling up the DagBag from /home/airflow/.local/lib/python3.12/site-packages/airflow/example_dags/example_params_ui_tutorial.py
[2024-04-26T23:04:08.144+0000] {processor.py:840} INFO - DAG(s) 'example_params_ui_tutorial' retrieved from /home/airflow/.local/lib/python3.12/site-packages/airflow/example_dags/example_params_ui_tutorial.py
[2024-04-26T23:04:08.190+0000] {logging_mixin.py:188} INFO - [2024-04-26T23:04:08.190+0000] {dag.py:3096} INFO - Sync 1 DAGs
[2024-04-26T23:04:08.202+0000] {logging_mixin.py:188} INFO - [2024-04-26T23:04:08.201+0000] {dag.py:3954} INFO - Setting next_dagrun for example_params_ui_tutorial to None, run_after=None
[2024-04-26T23:04:08.223+0000] {processor.py:183} INFO - Processing /home/airflow/.local/lib/python3.12/site-packages/airflow/example_dags/example_params_ui_tutorial.py took 0.097 seconds
[2024-04-26T23:04:38.604+0000] {processor.py:161} INFO - Started process (PID=777) to work on /home/airflow/.local/lib/python3.12/site-packages/airflow/example_dags/example_params_ui_tutorial.py
[2024-04-26T23:04:38.605+0000] {processor.py:830} INFO - Processing file /home/airflow/.local/lib/python3.12/site-packages/airflow/example_dags/example_params_ui_tutorial.py for tasks to queue
[2024-04-26T23:04:38.608+0000] {logging_mixin.py:188} INFO - [2024-04-26T23:04:38.607+0000] {dagbag.py:540} INFO - Filling up the DagBag from /home/airflow/.local/lib/python3.12/site-packages/airflow/example_dags/example_params_ui_tutorial.py
[2024-04-26T23:04:38.634+0000] {processor.py:840} INFO - DAG(s) 'example_params_ui_tutorial' retrieved from /home/airflow/.local/lib/python3.12/site-packages/airflow/example_dags/example_params_ui_tutorial.py
[2024-04-26T23:04:38.697+0000] {logging_mixin.py:188} INFO - [2024-04-26T23:04:38.697+0000] {dag.py:3096} INFO - Sync 1 DAGs
[2024-04-26T23:04:38.712+0000] {logging_mixin.py:188} INFO - [2024-04-26T23:04:38.711+0000] {dag.py:3954} INFO - Setting next_dagrun for example_params_ui_tutorial to None, run_after=None
[2024-04-26T23:04:38.734+0000] {processor.py:183} INFO - Processing /home/airflow/.local/lib/python3.12/site-packages/airflow/example_dags/example_params_ui_tutorial.py took 0.138 seconds
[2024-04-26T23:05:08.816+0000] {processor.py:161} INFO - Started process (PID=836) to work on /home/airflow/.local/lib/python3.12/site-packages/airflow/example_dags/example_params_ui_tutorial.py
[2024-04-26T23:05:08.817+0000] {processor.py:830} INFO - Processing file /home/airflow/.local/lib/python3.12/site-packages/airflow/example_dags/example_params_ui_tutorial.py for tasks to queue
[2024-04-26T23:05:08.819+0000] {logging_mixin.py:188} INFO - [2024-04-26T23:05:08.818+0000] {dagbag.py:540} INFO - Filling up the DagBag from /home/airflow/.local/lib/python3.12/site-packages/airflow/example_dags/example_params_ui_tutorial.py
[2024-04-26T23:05:08.831+0000] {processor.py:840} INFO - DAG(s) 'example_params_ui_tutorial' retrieved from /home/airflow/.local/lib/python3.12/site-packages/airflow/example_dags/example_params_ui_tutorial.py
[2024-04-26T23:05:08.886+0000] {logging_mixin.py:188} INFO - [2024-04-26T23:05:08.886+0000] {dag.py:3096} INFO - Sync 1 DAGs
[2024-04-26T23:05:08.897+0000] {logging_mixin.py:188} INFO - [2024-04-26T23:05:08.897+0000] {dag.py:3954} INFO - Setting next_dagrun for example_params_ui_tutorial to None, run_after=None
[2024-04-26T23:05:08.917+0000] {processor.py:183} INFO - Processing /home/airflow/.local/lib/python3.12/site-packages/airflow/example_dags/example_params_ui_tutorial.py took 0.107 seconds
[2024-04-26T23:05:39.208+0000] {processor.py:161} INFO - Started process (PID=895) to work on /home/airflow/.local/lib/python3.12/site-packages/airflow/example_dags/example_params_ui_tutorial.py
[2024-04-26T23:05:39.210+0000] {processor.py:830} INFO - Processing file /home/airflow/.local/lib/python3.12/site-packages/airflow/example_dags/example_params_ui_tutorial.py for tasks to queue
[2024-04-26T23:05:39.212+0000] {logging_mixin.py:188} INFO - [2024-04-26T23:05:39.212+0000] {dagbag.py:540} INFO - Filling up the DagBag from /home/airflow/.local/lib/python3.12/site-packages/airflow/example_dags/example_params_ui_tutorial.py
[2024-04-26T23:05:39.226+0000] {processor.py:840} INFO - DAG(s) 'example_params_ui_tutorial' retrieved from /home/airflow/.local/lib/python3.12/site-packages/airflow/example_dags/example_params_ui_tutorial.py
[2024-04-26T23:05:39.287+0000] {logging_mixin.py:188} INFO - [2024-04-26T23:05:39.287+0000] {dag.py:3096} INFO - Sync 1 DAGs
[2024-04-26T23:05:39.300+0000] {logging_mixin.py:188} INFO - [2024-04-26T23:05:39.300+0000] {dag.py:3954} INFO - Setting next_dagrun for example_params_ui_tutorial to None, run_after=None
[2024-04-26T23:05:39.321+0000] {processor.py:183} INFO - Processing /home/airflow/.local/lib/python3.12/site-packages/airflow/example_dags/example_params_ui_tutorial.py took 0.119 seconds
[2024-04-26T23:09:56.020+0000] {processor.py:161} INFO - Started process (PID=64) to work on /home/airflow/.local/lib/python3.12/site-packages/airflow/example_dags/example_params_ui_tutorial.py
[2024-04-26T23:09:56.022+0000] {processor.py:830} INFO - Processing file /home/airflow/.local/lib/python3.12/site-packages/airflow/example_dags/example_params_ui_tutorial.py for tasks to queue
[2024-04-26T23:09:56.025+0000] {logging_mixin.py:188} INFO - [2024-04-26T23:09:56.025+0000] {dagbag.py:540} INFO - Filling up the DagBag from /home/airflow/.local/lib/python3.12/site-packages/airflow/example_dags/example_params_ui_tutorial.py
[2024-04-26T23:09:56.045+0000] {processor.py:840} INFO - DAG(s) 'example_params_ui_tutorial' retrieved from /home/airflow/.local/lib/python3.12/site-packages/airflow/example_dags/example_params_ui_tutorial.py
[2024-04-26T23:09:56.094+0000] {logging_mixin.py:188} INFO - [2024-04-26T23:09:56.094+0000] {dag.py:3096} INFO - Sync 1 DAGs
[2024-04-26T23:09:56.108+0000] {logging_mixin.py:188} INFO - [2024-04-26T23:09:56.108+0000] {dag.py:3954} INFO - Setting next_dagrun for example_params_ui_tutorial to None, run_after=None
[2024-04-26T23:09:56.130+0000] {processor.py:183} INFO - Processing /home/airflow/.local/lib/python3.12/site-packages/airflow/example_dags/example_params_ui_tutorial.py took 0.117 seconds
[2024-04-26T23:10:27.007+0000] {processor.py:161} INFO - Started process (PID=123) to work on /home/airflow/.local/lib/python3.12/site-packages/airflow/example_dags/example_params_ui_tutorial.py
[2024-04-26T23:10:27.008+0000] {processor.py:830} INFO - Processing file /home/airflow/.local/lib/python3.12/site-packages/airflow/example_dags/example_params_ui_tutorial.py for tasks to queue
[2024-04-26T23:10:27.010+0000] {logging_mixin.py:188} INFO - [2024-04-26T23:10:27.010+0000] {dagbag.py:540} INFO - Filling up the DagBag from /home/airflow/.local/lib/python3.12/site-packages/airflow/example_dags/example_params_ui_tutorial.py
[2024-04-26T23:10:27.023+0000] {processor.py:840} INFO - DAG(s) 'example_params_ui_tutorial' retrieved from /home/airflow/.local/lib/python3.12/site-packages/airflow/example_dags/example_params_ui_tutorial.py
[2024-04-26T23:10:27.144+0000] {logging_mixin.py:188} INFO - [2024-04-26T23:10:27.144+0000] {dag.py:3096} INFO - Sync 1 DAGs
[2024-04-26T23:10:27.155+0000] {logging_mixin.py:188} INFO - [2024-04-26T23:10:27.155+0000] {dag.py:3954} INFO - Setting next_dagrun for example_params_ui_tutorial to None, run_after=None
[2024-04-26T23:10:27.177+0000] {processor.py:183} INFO - Processing /home/airflow/.local/lib/python3.12/site-packages/airflow/example_dags/example_params_ui_tutorial.py took 0.175 seconds
[2024-04-26T23:10:57.754+0000] {processor.py:161} INFO - Started process (PID=182) to work on /home/airflow/.local/lib/python3.12/site-packages/airflow/example_dags/example_params_ui_tutorial.py
[2024-04-26T23:10:57.755+0000] {processor.py:830} INFO - Processing file /home/airflow/.local/lib/python3.12/site-packages/airflow/example_dags/example_params_ui_tutorial.py for tasks to queue
[2024-04-26T23:10:57.757+0000] {logging_mixin.py:188} INFO - [2024-04-26T23:10:57.757+0000] {dagbag.py:540} INFO - Filling up the DagBag from /home/airflow/.local/lib/python3.12/site-packages/airflow/example_dags/example_params_ui_tutorial.py
[2024-04-26T23:10:57.768+0000] {processor.py:840} INFO - DAG(s) 'example_params_ui_tutorial' retrieved from /home/airflow/.local/lib/python3.12/site-packages/airflow/example_dags/example_params_ui_tutorial.py
[2024-04-26T23:10:57.814+0000] {logging_mixin.py:188} INFO - [2024-04-26T23:10:57.814+0000] {dag.py:3096} INFO - Sync 1 DAGs
[2024-04-26T23:10:57.829+0000] {logging_mixin.py:188} INFO - [2024-04-26T23:10:57.829+0000] {dag.py:3954} INFO - Setting next_dagrun for example_params_ui_tutorial to None, run_after=None
[2024-04-26T23:10:57.851+0000] {processor.py:183} INFO - Processing /home/airflow/.local/lib/python3.12/site-packages/airflow/example_dags/example_params_ui_tutorial.py took 0.104 seconds
[2024-04-26T23:11:28.764+0000] {processor.py:161} INFO - Started process (PID=241) to work on /home/airflow/.local/lib/python3.12/site-packages/airflow/example_dags/example_params_ui_tutorial.py
[2024-04-26T23:11:28.766+0000] {processor.py:830} INFO - Processing file /home/airflow/.local/lib/python3.12/site-packages/airflow/example_dags/example_params_ui_tutorial.py for tasks to queue
[2024-04-26T23:11:28.769+0000] {logging_mixin.py:188} INFO - [2024-04-26T23:11:28.768+0000] {dagbag.py:540} INFO - Filling up the DagBag from /home/airflow/.local/lib/python3.12/site-packages/airflow/example_dags/example_params_ui_tutorial.py
[2024-04-26T23:11:28.779+0000] {processor.py:840} INFO - DAG(s) 'example_params_ui_tutorial' retrieved from /home/airflow/.local/lib/python3.12/site-packages/airflow/example_dags/example_params_ui_tutorial.py
[2024-04-26T23:11:28.834+0000] {logging_mixin.py:188} INFO - [2024-04-26T23:11:28.833+0000] {dag.py:3096} INFO - Sync 1 DAGs
[2024-04-26T23:11:28.846+0000] {logging_mixin.py:188} INFO - [2024-04-26T23:11:28.846+0000] {dag.py:3954} INFO - Setting next_dagrun for example_params_ui_tutorial to None, run_after=None
[2024-04-26T23:11:28.867+0000] {processor.py:183} INFO - Processing /home/airflow/.local/lib/python3.12/site-packages/airflow/example_dags/example_params_ui_tutorial.py took 0.109 seconds
[2024-04-26T23:11:59.042+0000] {processor.py:161} INFO - Started process (PID=300) to work on /home/airflow/.local/lib/python3.12/site-packages/airflow/example_dags/example_params_ui_tutorial.py
[2024-04-26T23:11:59.043+0000] {processor.py:830} INFO - Processing file /home/airflow/.local/lib/python3.12/site-packages/airflow/example_dags/example_params_ui_tutorial.py for tasks to queue
[2024-04-26T23:11:59.046+0000] {logging_mixin.py:188} INFO - [2024-04-26T23:11:59.045+0000] {dagbag.py:540} INFO - Filling up the DagBag from /home/airflow/.local/lib/python3.12/site-packages/airflow/example_dags/example_params_ui_tutorial.py
[2024-04-26T23:11:59.057+0000] {processor.py:840} INFO - DAG(s) 'example_params_ui_tutorial' retrieved from /home/airflow/.local/lib/python3.12/site-packages/airflow/example_dags/example_params_ui_tutorial.py
[2024-04-26T23:11:59.107+0000] {logging_mixin.py:188} INFO - [2024-04-26T23:11:59.106+0000] {dag.py:3096} INFO - Sync 1 DAGs
[2024-04-26T23:11:59.121+0000] {logging_mixin.py:188} INFO - [2024-04-26T23:11:59.121+0000] {dag.py:3954} INFO - Setting next_dagrun for example_params_ui_tutorial to None, run_after=None
[2024-04-26T23:11:59.149+0000] {processor.py:183} INFO - Processing /home/airflow/.local/lib/python3.12/site-packages/airflow/example_dags/example_params_ui_tutorial.py took 0.113 seconds
[2024-04-26T23:12:29.197+0000] {processor.py:161} INFO - Started process (PID=358) to work on /home/airflow/.local/lib/python3.12/site-packages/airflow/example_dags/example_params_ui_tutorial.py
[2024-04-26T23:12:29.198+0000] {processor.py:830} INFO - Processing file /home/airflow/.local/lib/python3.12/site-packages/airflow/example_dags/example_params_ui_tutorial.py for tasks to queue
[2024-04-26T23:12:29.200+0000] {logging_mixin.py:188} INFO - [2024-04-26T23:12:29.199+0000] {dagbag.py:540} INFO - Filling up the DagBag from /home/airflow/.local/lib/python3.12/site-packages/airflow/example_dags/example_params_ui_tutorial.py
[2024-04-26T23:12:29.209+0000] {processor.py:840} INFO - DAG(s) 'example_params_ui_tutorial' retrieved from /home/airflow/.local/lib/python3.12/site-packages/airflow/example_dags/example_params_ui_tutorial.py
[2024-04-26T23:12:29.249+0000] {logging_mixin.py:188} INFO - [2024-04-26T23:12:29.249+0000] {dag.py:3096} INFO - Sync 1 DAGs
[2024-04-26T23:12:29.259+0000] {logging_mixin.py:188} INFO - [2024-04-26T23:12:29.259+0000] {dag.py:3954} INFO - Setting next_dagrun for example_params_ui_tutorial to None, run_after=None
[2024-04-26T23:12:29.278+0000] {processor.py:183} INFO - Processing /home/airflow/.local/lib/python3.12/site-packages/airflow/example_dags/example_params_ui_tutorial.py took 0.085 seconds
[2024-04-26T23:12:59.604+0000] {processor.py:161} INFO - Started process (PID=417) to work on /home/airflow/.local/lib/python3.12/site-packages/airflow/example_dags/example_params_ui_tutorial.py
[2024-04-26T23:12:59.605+0000] {processor.py:830} INFO - Processing file /home/airflow/.local/lib/python3.12/site-packages/airflow/example_dags/example_params_ui_tutorial.py for tasks to queue
[2024-04-26T23:12:59.607+0000] {logging_mixin.py:188} INFO - [2024-04-26T23:12:59.607+0000] {dagbag.py:540} INFO - Filling up the DagBag from /home/airflow/.local/lib/python3.12/site-packages/airflow/example_dags/example_params_ui_tutorial.py
[2024-04-26T23:12:59.619+0000] {processor.py:840} INFO - DAG(s) 'example_params_ui_tutorial' retrieved from /home/airflow/.local/lib/python3.12/site-packages/airflow/example_dags/example_params_ui_tutorial.py
[2024-04-26T23:12:59.666+0000] {logging_mixin.py:188} INFO - [2024-04-26T23:12:59.666+0000] {dag.py:3096} INFO - Sync 1 DAGs
[2024-04-26T23:12:59.678+0000] {logging_mixin.py:188} INFO - [2024-04-26T23:12:59.678+0000] {dag.py:3954} INFO - Setting next_dagrun for example_params_ui_tutorial to None, run_after=None
[2024-04-26T23:12:59.699+0000] {processor.py:183} INFO - Processing /home/airflow/.local/lib/python3.12/site-packages/airflow/example_dags/example_params_ui_tutorial.py took 0.101 seconds
[2024-04-26T23:13:29.817+0000] {processor.py:161} INFO - Started process (PID=476) to work on /home/airflow/.local/lib/python3.12/site-packages/airflow/example_dags/example_params_ui_tutorial.py
[2024-04-26T23:13:29.818+0000] {processor.py:830} INFO - Processing file /home/airflow/.local/lib/python3.12/site-packages/airflow/example_dags/example_params_ui_tutorial.py for tasks to queue
[2024-04-26T23:13:29.820+0000] {logging_mixin.py:188} INFO - [2024-04-26T23:13:29.819+0000] {dagbag.py:540} INFO - Filling up the DagBag from /home/airflow/.local/lib/python3.12/site-packages/airflow/example_dags/example_params_ui_tutorial.py
[2024-04-26T23:13:29.830+0000] {processor.py:840} INFO - DAG(s) 'example_params_ui_tutorial' retrieved from /home/airflow/.local/lib/python3.12/site-packages/airflow/example_dags/example_params_ui_tutorial.py
[2024-04-26T23:13:29.874+0000] {logging_mixin.py:188} INFO - [2024-04-26T23:13:29.874+0000] {dag.py:3096} INFO - Sync 1 DAGs
[2024-04-26T23:13:29.886+0000] {logging_mixin.py:188} INFO - [2024-04-26T23:13:29.886+0000] {dag.py:3954} INFO - Setting next_dagrun for example_params_ui_tutorial to None, run_after=None
[2024-04-26T23:13:29.907+0000] {processor.py:183} INFO - Processing /home/airflow/.local/lib/python3.12/site-packages/airflow/example_dags/example_params_ui_tutorial.py took 0.095 seconds
[2024-04-26T23:17:53.888+0000] {processor.py:161} INFO - Started process (PID=64) to work on /home/airflow/.local/lib/python3.12/site-packages/airflow/example_dags/example_params_ui_tutorial.py
[2024-04-26T23:17:53.889+0000] {processor.py:830} INFO - Processing file /home/airflow/.local/lib/python3.12/site-packages/airflow/example_dags/example_params_ui_tutorial.py for tasks to queue
[2024-04-26T23:17:53.891+0000] {logging_mixin.py:188} INFO - [2024-04-26T23:17:53.891+0000] {dagbag.py:540} INFO - Filling up the DagBag from /home/airflow/.local/lib/python3.12/site-packages/airflow/example_dags/example_params_ui_tutorial.py
[2024-04-26T23:17:53.913+0000] {processor.py:840} INFO - DAG(s) 'example_params_ui_tutorial' retrieved from /home/airflow/.local/lib/python3.12/site-packages/airflow/example_dags/example_params_ui_tutorial.py
[2024-04-26T23:17:53.933+0000] {logging_mixin.py:188} INFO - [2024-04-26T23:17:53.933+0000] {dag.py:3096} INFO - Sync 1 DAGs
[2024-04-26T23:17:53.947+0000] {logging_mixin.py:188} INFO - [2024-04-26T23:17:53.946+0000] {dag.py:3954} INFO - Setting next_dagrun for example_params_ui_tutorial to None, run_after=None
[2024-04-26T23:17:53.968+0000] {processor.py:183} INFO - Processing /home/airflow/.local/lib/python3.12/site-packages/airflow/example_dags/example_params_ui_tutorial.py took 0.090 seconds
[2024-04-26T23:18:24.923+0000] {processor.py:161} INFO - Started process (PID=123) to work on /home/airflow/.local/lib/python3.12/site-packages/airflow/example_dags/example_params_ui_tutorial.py
[2024-04-26T23:18:24.924+0000] {processor.py:830} INFO - Processing file /home/airflow/.local/lib/python3.12/site-packages/airflow/example_dags/example_params_ui_tutorial.py for tasks to queue
[2024-04-26T23:18:24.926+0000] {logging_mixin.py:188} INFO - [2024-04-26T23:18:24.926+0000] {dagbag.py:540} INFO - Filling up the DagBag from /home/airflow/.local/lib/python3.12/site-packages/airflow/example_dags/example_params_ui_tutorial.py
[2024-04-26T23:18:24.939+0000] {processor.py:840} INFO - DAG(s) 'example_params_ui_tutorial' retrieved from /home/airflow/.local/lib/python3.12/site-packages/airflow/example_dags/example_params_ui_tutorial.py
[2024-04-26T23:18:25.060+0000] {logging_mixin.py:188} INFO - [2024-04-26T23:18:25.059+0000] {dag.py:3096} INFO - Sync 1 DAGs
[2024-04-26T23:18:25.070+0000] {logging_mixin.py:188} INFO - [2024-04-26T23:18:25.069+0000] {dag.py:3954} INFO - Setting next_dagrun for example_params_ui_tutorial to None, run_after=None
[2024-04-26T23:18:25.088+0000] {processor.py:183} INFO - Processing /home/airflow/.local/lib/python3.12/site-packages/airflow/example_dags/example_params_ui_tutorial.py took 0.171 seconds
[2024-04-26T23:18:56.166+0000] {processor.py:161} INFO - Started process (PID=182) to work on /home/airflow/.local/lib/python3.12/site-packages/airflow/example_dags/example_params_ui_tutorial.py
[2024-04-26T23:18:56.170+0000] {processor.py:830} INFO - Processing file /home/airflow/.local/lib/python3.12/site-packages/airflow/example_dags/example_params_ui_tutorial.py for tasks to queue
[2024-04-26T23:18:56.179+0000] {logging_mixin.py:188} INFO - [2024-04-26T23:18:56.178+0000] {dagbag.py:540} INFO - Filling up the DagBag from /home/airflow/.local/lib/python3.12/site-packages/airflow/example_dags/example_params_ui_tutorial.py
[2024-04-26T23:18:56.198+0000] {processor.py:840} INFO - DAG(s) 'example_params_ui_tutorial' retrieved from /home/airflow/.local/lib/python3.12/site-packages/airflow/example_dags/example_params_ui_tutorial.py
[2024-04-26T23:18:56.252+0000] {logging_mixin.py:188} INFO - [2024-04-26T23:18:56.251+0000] {dag.py:3096} INFO - Sync 1 DAGs
[2024-04-26T23:18:56.267+0000] {logging_mixin.py:188} INFO - [2024-04-26T23:18:56.267+0000] {dag.py:3954} INFO - Setting next_dagrun for example_params_ui_tutorial to None, run_after=None
[2024-04-26T23:18:56.289+0000] {processor.py:183} INFO - Processing /home/airflow/.local/lib/python3.12/site-packages/airflow/example_dags/example_params_ui_tutorial.py took 0.129 seconds
[2024-04-26T23:19:43.070+0000] {processor.py:161} INFO - Started process (PID=64) to work on /home/airflow/.local/lib/python3.12/site-packages/airflow/example_dags/example_params_ui_tutorial.py
[2024-04-26T23:19:43.072+0000] {processor.py:830} INFO - Processing file /home/airflow/.local/lib/python3.12/site-packages/airflow/example_dags/example_params_ui_tutorial.py for tasks to queue
[2024-04-26T23:19:43.073+0000] {logging_mixin.py:188} INFO - [2024-04-26T23:19:43.073+0000] {dagbag.py:540} INFO - Filling up the DagBag from /home/airflow/.local/lib/python3.12/site-packages/airflow/example_dags/example_params_ui_tutorial.py
[2024-04-26T23:19:43.085+0000] {processor.py:840} INFO - DAG(s) 'example_params_ui_tutorial' retrieved from /home/airflow/.local/lib/python3.12/site-packages/airflow/example_dags/example_params_ui_tutorial.py
[2024-04-26T23:19:43.097+0000] {logging_mixin.py:188} INFO - [2024-04-26T23:19:43.097+0000] {dag.py:3096} INFO - Sync 1 DAGs
[2024-04-26T23:19:43.110+0000] {logging_mixin.py:188} INFO - [2024-04-26T23:19:43.110+0000] {dag.py:3954} INFO - Setting next_dagrun for example_params_ui_tutorial to None, run_after=None
[2024-04-26T23:19:43.132+0000] {processor.py:183} INFO - Processing /home/airflow/.local/lib/python3.12/site-packages/airflow/example_dags/example_params_ui_tutorial.py took 0.066 seconds
[2024-04-26T23:20:14.249+0000] {processor.py:161} INFO - Started process (PID=123) to work on /home/airflow/.local/lib/python3.12/site-packages/airflow/example_dags/example_params_ui_tutorial.py
[2024-04-26T23:20:14.250+0000] {processor.py:830} INFO - Processing file /home/airflow/.local/lib/python3.12/site-packages/airflow/example_dags/example_params_ui_tutorial.py for tasks to queue
[2024-04-26T23:20:14.252+0000] {logging_mixin.py:188} INFO - [2024-04-26T23:20:14.251+0000] {dagbag.py:540} INFO - Filling up the DagBag from /home/airflow/.local/lib/python3.12/site-packages/airflow/example_dags/example_params_ui_tutorial.py
[2024-04-26T23:20:14.261+0000] {processor.py:840} INFO - DAG(s) 'example_params_ui_tutorial' retrieved from /home/airflow/.local/lib/python3.12/site-packages/airflow/example_dags/example_params_ui_tutorial.py
[2024-04-26T23:20:14.369+0000] {logging_mixin.py:188} INFO - [2024-04-26T23:20:14.368+0000] {dag.py:3096} INFO - Sync 1 DAGs
[2024-04-26T23:20:14.378+0000] {logging_mixin.py:188} INFO - [2024-04-26T23:20:14.378+0000] {dag.py:3954} INFO - Setting next_dagrun for example_params_ui_tutorial to None, run_after=None
[2024-04-26T23:20:14.397+0000] {processor.py:183} INFO - Processing /home/airflow/.local/lib/python3.12/site-packages/airflow/example_dags/example_params_ui_tutorial.py took 0.153 seconds
[2024-04-26T23:20:44.867+0000] {processor.py:161} INFO - Started process (PID=182) to work on /home/airflow/.local/lib/python3.12/site-packages/airflow/example_dags/example_params_ui_tutorial.py
[2024-04-26T23:20:44.868+0000] {processor.py:830} INFO - Processing file /home/airflow/.local/lib/python3.12/site-packages/airflow/example_dags/example_params_ui_tutorial.py for tasks to queue
[2024-04-26T23:20:44.871+0000] {logging_mixin.py:188} INFO - [2024-04-26T23:20:44.870+0000] {dagbag.py:540} INFO - Filling up the DagBag from /home/airflow/.local/lib/python3.12/site-packages/airflow/example_dags/example_params_ui_tutorial.py
[2024-04-26T23:20:44.882+0000] {processor.py:840} INFO - DAG(s) 'example_params_ui_tutorial' retrieved from /home/airflow/.local/lib/python3.12/site-packages/airflow/example_dags/example_params_ui_tutorial.py
[2024-04-26T23:20:44.930+0000] {logging_mixin.py:188} INFO - [2024-04-26T23:20:44.930+0000] {dag.py:3096} INFO - Sync 1 DAGs
[2024-04-26T23:20:44.941+0000] {logging_mixin.py:188} INFO - [2024-04-26T23:20:44.941+0000] {dag.py:3954} INFO - Setting next_dagrun for example_params_ui_tutorial to None, run_after=None
[2024-04-26T23:20:44.961+0000] {processor.py:183} INFO - Processing /home/airflow/.local/lib/python3.12/site-packages/airflow/example_dags/example_params_ui_tutorial.py took 0.099 seconds
[2024-04-26T23:21:15.121+0000] {processor.py:161} INFO - Started process (PID=241) to work on /home/airflow/.local/lib/python3.12/site-packages/airflow/example_dags/example_params_ui_tutorial.py
[2024-04-26T23:21:15.122+0000] {processor.py:830} INFO - Processing file /home/airflow/.local/lib/python3.12/site-packages/airflow/example_dags/example_params_ui_tutorial.py for tasks to queue
[2024-04-26T23:21:15.124+0000] {logging_mixin.py:188} INFO - [2024-04-26T23:21:15.124+0000] {dagbag.py:540} INFO - Filling up the DagBag from /home/airflow/.local/lib/python3.12/site-packages/airflow/example_dags/example_params_ui_tutorial.py
[2024-04-26T23:21:15.134+0000] {processor.py:840} INFO - DAG(s) 'example_params_ui_tutorial' retrieved from /home/airflow/.local/lib/python3.12/site-packages/airflow/example_dags/example_params_ui_tutorial.py
[2024-04-26T23:21:15.182+0000] {logging_mixin.py:188} INFO - [2024-04-26T23:21:15.182+0000] {dag.py:3096} INFO - Sync 1 DAGs
[2024-04-26T23:21:15.195+0000] {logging_mixin.py:188} INFO - [2024-04-26T23:21:15.195+0000] {dag.py:3954} INFO - Setting next_dagrun for example_params_ui_tutorial to None, run_after=None
[2024-04-26T23:21:15.217+0000] {processor.py:183} INFO - Processing /home/airflow/.local/lib/python3.12/site-packages/airflow/example_dags/example_params_ui_tutorial.py took 0.101 seconds
[2024-04-26T23:21:45.764+0000] {processor.py:161} INFO - Started process (PID=300) to work on /home/airflow/.local/lib/python3.12/site-packages/airflow/example_dags/example_params_ui_tutorial.py
[2024-04-26T23:21:45.766+0000] {processor.py:830} INFO - Processing file /home/airflow/.local/lib/python3.12/site-packages/airflow/example_dags/example_params_ui_tutorial.py for tasks to queue
[2024-04-26T23:21:45.770+0000] {logging_mixin.py:188} INFO - [2024-04-26T23:21:45.770+0000] {dagbag.py:540} INFO - Filling up the DagBag from /home/airflow/.local/lib/python3.12/site-packages/airflow/example_dags/example_params_ui_tutorial.py
[2024-04-26T23:21:45.788+0000] {processor.py:840} INFO - DAG(s) 'example_params_ui_tutorial' retrieved from /home/airflow/.local/lib/python3.12/site-packages/airflow/example_dags/example_params_ui_tutorial.py
[2024-04-26T23:21:45.861+0000] {logging_mixin.py:188} INFO - [2024-04-26T23:21:45.860+0000] {dag.py:3096} INFO - Sync 1 DAGs
[2024-04-26T23:21:45.881+0000] {logging_mixin.py:188} INFO - [2024-04-26T23:21:45.880+0000] {dag.py:3954} INFO - Setting next_dagrun for example_params_ui_tutorial to None, run_after=None
[2024-04-26T23:21:45.907+0000] {processor.py:183} INFO - Processing /home/airflow/.local/lib/python3.12/site-packages/airflow/example_dags/example_params_ui_tutorial.py took 0.151 seconds
