[2024-04-26T22:58:33.729+0000] {processor.py:161} INFO - Started process (PID=74) to work on /home/airflow/.local/lib/python3.12/site-packages/airflow/example_dags/example_python_operator.py
[2024-04-26T22:58:33.730+0000] {processor.py:830} INFO - Processing file /home/airflow/.local/lib/python3.12/site-packages/airflow/example_dags/example_python_operator.py for tasks to queue
[2024-04-26T22:58:33.754+0000] {logging_mixin.py:188} INFO - [2024-04-26T22:58:33.753+0000] {dagbag.py:540} INFO - Filling up the DagBag from /home/airflow/.local/lib/python3.12/site-packages/airflow/example_dags/example_python_operator.py
[2024-04-26T22:58:33.909+0000] {processor.py:840} INFO - DAG(s) 'example_python_operator' retrieved from /home/airflow/.local/lib/python3.12/site-packages/airflow/example_dags/example_python_operator.py
[2024-04-26T22:58:34.573+0000] {logging_mixin.py:188} INFO - [2024-04-26T22:58:34.572+0000] {dag.py:3096} INFO - Sync 1 DAGs
[2024-04-26T22:58:34.651+0000] {logging_mixin.py:188} INFO - [2024-04-26T22:58:34.650+0000] {dag.py:3954} INFO - Setting next_dagrun for example_python_operator to None, run_after=None
[2024-04-26T22:58:34.696+0000] {processor.py:183} INFO - Processing /home/airflow/.local/lib/python3.12/site-packages/airflow/example_dags/example_python_operator.py took 1.025 seconds
[2024-04-26T22:59:05.354+0000] {processor.py:161} INFO - Started process (PID=133) to work on /home/airflow/.local/lib/python3.12/site-packages/airflow/example_dags/example_python_operator.py
[2024-04-26T22:59:05.356+0000] {processor.py:830} INFO - Processing file /home/airflow/.local/lib/python3.12/site-packages/airflow/example_dags/example_python_operator.py for tasks to queue
[2024-04-26T22:59:05.357+0000] {logging_mixin.py:188} INFO - [2024-04-26T22:59:05.357+0000] {dagbag.py:540} INFO - Filling up the DagBag from /home/airflow/.local/lib/python3.12/site-packages/airflow/example_dags/example_python_operator.py
[2024-04-26T22:59:05.367+0000] {processor.py:840} INFO - DAG(s) 'example_python_operator' retrieved from /home/airflow/.local/lib/python3.12/site-packages/airflow/example_dags/example_python_operator.py
[2024-04-26T22:59:05.388+0000] {logging_mixin.py:188} INFO - [2024-04-26T22:59:05.388+0000] {dag.py:3096} INFO - Sync 1 DAGs
[2024-04-26T22:59:05.401+0000] {logging_mixin.py:188} INFO - [2024-04-26T22:59:05.401+0000] {dag.py:3954} INFO - Setting next_dagrun for example_python_operator to None, run_after=None
[2024-04-26T22:59:05.425+0000] {processor.py:183} INFO - Processing /home/airflow/.local/lib/python3.12/site-packages/airflow/example_dags/example_python_operator.py took 0.076 seconds
[2024-04-26T22:59:35.772+0000] {processor.py:161} INFO - Started process (PID=192) to work on /home/airflow/.local/lib/python3.12/site-packages/airflow/example_dags/example_python_operator.py
[2024-04-26T22:59:35.774+0000] {processor.py:830} INFO - Processing file /home/airflow/.local/lib/python3.12/site-packages/airflow/example_dags/example_python_operator.py for tasks to queue
[2024-04-26T22:59:35.784+0000] {logging_mixin.py:188} INFO - [2024-04-26T22:59:35.783+0000] {dagbag.py:540} INFO - Filling up the DagBag from /home/airflow/.local/lib/python3.12/site-packages/airflow/example_dags/example_python_operator.py
[2024-04-26T22:59:35.811+0000] {processor.py:840} INFO - DAG(s) 'example_python_operator' retrieved from /home/airflow/.local/lib/python3.12/site-packages/airflow/example_dags/example_python_operator.py
[2024-04-26T22:59:35.838+0000] {logging_mixin.py:188} INFO - [2024-04-26T22:59:35.838+0000] {dag.py:3096} INFO - Sync 1 DAGs
[2024-04-26T22:59:35.857+0000] {logging_mixin.py:188} INFO - [2024-04-26T22:59:35.857+0000] {dag.py:3954} INFO - Setting next_dagrun for example_python_operator to None, run_after=None
[2024-04-26T22:59:35.880+0000] {processor.py:183} INFO - Processing /home/airflow/.local/lib/python3.12/site-packages/airflow/example_dags/example_python_operator.py took 0.122 seconds
[2024-04-26T23:00:06.540+0000] {processor.py:161} INFO - Started process (PID=251) to work on /home/airflow/.local/lib/python3.12/site-packages/airflow/example_dags/example_python_operator.py
[2024-04-26T23:00:06.541+0000] {processor.py:830} INFO - Processing file /home/airflow/.local/lib/python3.12/site-packages/airflow/example_dags/example_python_operator.py for tasks to queue
[2024-04-26T23:00:06.543+0000] {logging_mixin.py:188} INFO - [2024-04-26T23:00:06.543+0000] {dagbag.py:540} INFO - Filling up the DagBag from /home/airflow/.local/lib/python3.12/site-packages/airflow/example_dags/example_python_operator.py
[2024-04-26T23:00:06.552+0000] {processor.py:840} INFO - DAG(s) 'example_python_operator' retrieved from /home/airflow/.local/lib/python3.12/site-packages/airflow/example_dags/example_python_operator.py
[2024-04-26T23:00:06.583+0000] {logging_mixin.py:188} INFO - [2024-04-26T23:00:06.582+0000] {dag.py:3096} INFO - Sync 1 DAGs
[2024-04-26T23:00:06.599+0000] {logging_mixin.py:188} INFO - [2024-04-26T23:00:06.599+0000] {dag.py:3954} INFO - Setting next_dagrun for example_python_operator to None, run_after=None
[2024-04-26T23:00:06.623+0000] {processor.py:183} INFO - Processing /home/airflow/.local/lib/python3.12/site-packages/airflow/example_dags/example_python_operator.py took 0.088 seconds
[2024-04-26T23:00:36.707+0000] {processor.py:161} INFO - Started process (PID=310) to work on /home/airflow/.local/lib/python3.12/site-packages/airflow/example_dags/example_python_operator.py
[2024-04-26T23:00:36.709+0000] {processor.py:830} INFO - Processing file /home/airflow/.local/lib/python3.12/site-packages/airflow/example_dags/example_python_operator.py for tasks to queue
[2024-04-26T23:00:36.711+0000] {logging_mixin.py:188} INFO - [2024-04-26T23:00:36.711+0000] {dagbag.py:540} INFO - Filling up the DagBag from /home/airflow/.local/lib/python3.12/site-packages/airflow/example_dags/example_python_operator.py
[2024-04-26T23:00:36.721+0000] {processor.py:840} INFO - DAG(s) 'example_python_operator' retrieved from /home/airflow/.local/lib/python3.12/site-packages/airflow/example_dags/example_python_operator.py
[2024-04-26T23:00:36.742+0000] {logging_mixin.py:188} INFO - [2024-04-26T23:00:36.742+0000] {dag.py:3096} INFO - Sync 1 DAGs
[2024-04-26T23:00:36.754+0000] {logging_mixin.py:188} INFO - [2024-04-26T23:00:36.753+0000] {dag.py:3954} INFO - Setting next_dagrun for example_python_operator to None, run_after=None
[2024-04-26T23:00:36.774+0000] {processor.py:183} INFO - Processing /home/airflow/.local/lib/python3.12/site-packages/airflow/example_dags/example_python_operator.py took 0.074 seconds
[2024-04-26T23:01:07.313+0000] {processor.py:161} INFO - Started process (PID=369) to work on /home/airflow/.local/lib/python3.12/site-packages/airflow/example_dags/example_python_operator.py
[2024-04-26T23:01:07.315+0000] {processor.py:830} INFO - Processing file /home/airflow/.local/lib/python3.12/site-packages/airflow/example_dags/example_python_operator.py for tasks to queue
[2024-04-26T23:01:07.317+0000] {logging_mixin.py:188} INFO - [2024-04-26T23:01:07.316+0000] {dagbag.py:540} INFO - Filling up the DagBag from /home/airflow/.local/lib/python3.12/site-packages/airflow/example_dags/example_python_operator.py
[2024-04-26T23:01:07.328+0000] {processor.py:840} INFO - DAG(s) 'example_python_operator' retrieved from /home/airflow/.local/lib/python3.12/site-packages/airflow/example_dags/example_python_operator.py
[2024-04-26T23:01:07.351+0000] {logging_mixin.py:188} INFO - [2024-04-26T23:01:07.351+0000] {dag.py:3096} INFO - Sync 1 DAGs
[2024-04-26T23:01:07.365+0000] {logging_mixin.py:188} INFO - [2024-04-26T23:01:07.365+0000] {dag.py:3954} INFO - Setting next_dagrun for example_python_operator to None, run_after=None
[2024-04-26T23:01:07.392+0000] {processor.py:183} INFO - Processing /home/airflow/.local/lib/python3.12/site-packages/airflow/example_dags/example_python_operator.py took 0.086 seconds
[2024-04-26T23:01:37.842+0000] {processor.py:161} INFO - Started process (PID=428) to work on /home/airflow/.local/lib/python3.12/site-packages/airflow/example_dags/example_python_operator.py
[2024-04-26T23:01:37.843+0000] {processor.py:830} INFO - Processing file /home/airflow/.local/lib/python3.12/site-packages/airflow/example_dags/example_python_operator.py for tasks to queue
[2024-04-26T23:01:37.844+0000] {logging_mixin.py:188} INFO - [2024-04-26T23:01:37.844+0000] {dagbag.py:540} INFO - Filling up the DagBag from /home/airflow/.local/lib/python3.12/site-packages/airflow/example_dags/example_python_operator.py
[2024-04-26T23:01:37.852+0000] {processor.py:840} INFO - DAG(s) 'example_python_operator' retrieved from /home/airflow/.local/lib/python3.12/site-packages/airflow/example_dags/example_python_operator.py
[2024-04-26T23:01:37.871+0000] {logging_mixin.py:188} INFO - [2024-04-26T23:01:37.871+0000] {dag.py:3096} INFO - Sync 1 DAGs
[2024-04-26T23:01:37.882+0000] {logging_mixin.py:188} INFO - [2024-04-26T23:01:37.882+0000] {dag.py:3954} INFO - Setting next_dagrun for example_python_operator to None, run_after=None
[2024-04-26T23:01:37.903+0000] {processor.py:183} INFO - Processing /home/airflow/.local/lib/python3.12/site-packages/airflow/example_dags/example_python_operator.py took 0.067 seconds
[2024-04-26T23:02:08.096+0000] {processor.py:161} INFO - Started process (PID=487) to work on /home/airflow/.local/lib/python3.12/site-packages/airflow/example_dags/example_python_operator.py
[2024-04-26T23:02:08.097+0000] {processor.py:830} INFO - Processing file /home/airflow/.local/lib/python3.12/site-packages/airflow/example_dags/example_python_operator.py for tasks to queue
[2024-04-26T23:02:08.099+0000] {logging_mixin.py:188} INFO - [2024-04-26T23:02:08.098+0000] {dagbag.py:540} INFO - Filling up the DagBag from /home/airflow/.local/lib/python3.12/site-packages/airflow/example_dags/example_python_operator.py
[2024-04-26T23:02:08.107+0000] {processor.py:840} INFO - DAG(s) 'example_python_operator' retrieved from /home/airflow/.local/lib/python3.12/site-packages/airflow/example_dags/example_python_operator.py
[2024-04-26T23:02:08.132+0000] {logging_mixin.py:188} INFO - [2024-04-26T23:02:08.131+0000] {dag.py:3096} INFO - Sync 1 DAGs
[2024-04-26T23:02:08.142+0000] {logging_mixin.py:188} INFO - [2024-04-26T23:02:08.142+0000] {dag.py:3954} INFO - Setting next_dagrun for example_python_operator to None, run_after=None
[2024-04-26T23:02:08.163+0000] {processor.py:183} INFO - Processing /home/airflow/.local/lib/python3.12/site-packages/airflow/example_dags/example_python_operator.py took 0.072 seconds
[2024-04-26T23:02:38.707+0000] {processor.py:161} INFO - Started process (PID=546) to work on /home/airflow/.local/lib/python3.12/site-packages/airflow/example_dags/example_python_operator.py
[2024-04-26T23:02:38.708+0000] {processor.py:830} INFO - Processing file /home/airflow/.local/lib/python3.12/site-packages/airflow/example_dags/example_python_operator.py for tasks to queue
[2024-04-26T23:02:38.710+0000] {logging_mixin.py:188} INFO - [2024-04-26T23:02:38.710+0000] {dagbag.py:540} INFO - Filling up the DagBag from /home/airflow/.local/lib/python3.12/site-packages/airflow/example_dags/example_python_operator.py
[2024-04-26T23:02:38.720+0000] {processor.py:840} INFO - DAG(s) 'example_python_operator' retrieved from /home/airflow/.local/lib/python3.12/site-packages/airflow/example_dags/example_python_operator.py
[2024-04-26T23:02:38.742+0000] {logging_mixin.py:188} INFO - [2024-04-26T23:02:38.742+0000] {dag.py:3096} INFO - Sync 1 DAGs
[2024-04-26T23:02:38.753+0000] {logging_mixin.py:188} INFO - [2024-04-26T23:02:38.753+0000] {dag.py:3954} INFO - Setting next_dagrun for example_python_operator to None, run_after=None
[2024-04-26T23:02:38.774+0000] {processor.py:183} INFO - Processing /home/airflow/.local/lib/python3.12/site-packages/airflow/example_dags/example_python_operator.py took 0.072 seconds
[2024-04-26T23:03:08.950+0000] {processor.py:161} INFO - Started process (PID=605) to work on /home/airflow/.local/lib/python3.12/site-packages/airflow/example_dags/example_python_operator.py
[2024-04-26T23:03:08.951+0000] {processor.py:830} INFO - Processing file /home/airflow/.local/lib/python3.12/site-packages/airflow/example_dags/example_python_operator.py for tasks to queue
[2024-04-26T23:03:08.952+0000] {logging_mixin.py:188} INFO - [2024-04-26T23:03:08.952+0000] {dagbag.py:540} INFO - Filling up the DagBag from /home/airflow/.local/lib/python3.12/site-packages/airflow/example_dags/example_python_operator.py
[2024-04-26T23:03:08.961+0000] {processor.py:840} INFO - DAG(s) 'example_python_operator' retrieved from /home/airflow/.local/lib/python3.12/site-packages/airflow/example_dags/example_python_operator.py
[2024-04-26T23:03:08.981+0000] {logging_mixin.py:188} INFO - [2024-04-26T23:03:08.981+0000] {dag.py:3096} INFO - Sync 1 DAGs
[2024-04-26T23:03:08.991+0000] {logging_mixin.py:188} INFO - [2024-04-26T23:03:08.991+0000] {dag.py:3954} INFO - Setting next_dagrun for example_python_operator to None, run_after=None
[2024-04-26T23:03:09.010+0000] {processor.py:183} INFO - Processing /home/airflow/.local/lib/python3.12/site-packages/airflow/example_dags/example_python_operator.py took 0.066 seconds
[2024-04-26T23:03:39.230+0000] {processor.py:161} INFO - Started process (PID=664) to work on /home/airflow/.local/lib/python3.12/site-packages/airflow/example_dags/example_python_operator.py
[2024-04-26T23:03:39.232+0000] {processor.py:830} INFO - Processing file /home/airflow/.local/lib/python3.12/site-packages/airflow/example_dags/example_python_operator.py for tasks to queue
[2024-04-26T23:03:39.234+0000] {logging_mixin.py:188} INFO - [2024-04-26T23:03:39.234+0000] {dagbag.py:540} INFO - Filling up the DagBag from /home/airflow/.local/lib/python3.12/site-packages/airflow/example_dags/example_python_operator.py
[2024-04-26T23:03:39.244+0000] {processor.py:840} INFO - DAG(s) 'example_python_operator' retrieved from /home/airflow/.local/lib/python3.12/site-packages/airflow/example_dags/example_python_operator.py
[2024-04-26T23:03:39.267+0000] {logging_mixin.py:188} INFO - [2024-04-26T23:03:39.267+0000] {dag.py:3096} INFO - Sync 1 DAGs
[2024-04-26T23:03:39.280+0000] {logging_mixin.py:188} INFO - [2024-04-26T23:03:39.279+0000] {dag.py:3954} INFO - Setting next_dagrun for example_python_operator to None, run_after=None
[2024-04-26T23:03:39.307+0000] {processor.py:183} INFO - Processing /home/airflow/.local/lib/python3.12/site-packages/airflow/example_dags/example_python_operator.py took 0.082 seconds
[2024-04-26T23:04:09.425+0000] {processor.py:161} INFO - Started process (PID=723) to work on /home/airflow/.local/lib/python3.12/site-packages/airflow/example_dags/example_python_operator.py
[2024-04-26T23:04:09.426+0000] {processor.py:830} INFO - Processing file /home/airflow/.local/lib/python3.12/site-packages/airflow/example_dags/example_python_operator.py for tasks to queue
[2024-04-26T23:04:09.427+0000] {logging_mixin.py:188} INFO - [2024-04-26T23:04:09.427+0000] {dagbag.py:540} INFO - Filling up the DagBag from /home/airflow/.local/lib/python3.12/site-packages/airflow/example_dags/example_python_operator.py
[2024-04-26T23:04:09.438+0000] {processor.py:840} INFO - DAG(s) 'example_python_operator' retrieved from /home/airflow/.local/lib/python3.12/site-packages/airflow/example_dags/example_python_operator.py
[2024-04-26T23:04:09.459+0000] {logging_mixin.py:188} INFO - [2024-04-26T23:04:09.459+0000] {dag.py:3096} INFO - Sync 1 DAGs
[2024-04-26T23:04:09.472+0000] {logging_mixin.py:188} INFO - [2024-04-26T23:04:09.472+0000] {dag.py:3954} INFO - Setting next_dagrun for example_python_operator to None, run_after=None
[2024-04-26T23:04:09.493+0000] {processor.py:183} INFO - Processing /home/airflow/.local/lib/python3.12/site-packages/airflow/example_dags/example_python_operator.py took 0.074 seconds
[2024-04-26T23:04:39.550+0000] {processor.py:161} INFO - Started process (PID=782) to work on /home/airflow/.local/lib/python3.12/site-packages/airflow/example_dags/example_python_operator.py
[2024-04-26T23:04:39.552+0000] {processor.py:830} INFO - Processing file /home/airflow/.local/lib/python3.12/site-packages/airflow/example_dags/example_python_operator.py for tasks to queue
[2024-04-26T23:04:39.555+0000] {logging_mixin.py:188} INFO - [2024-04-26T23:04:39.555+0000] {dagbag.py:540} INFO - Filling up the DagBag from /home/airflow/.local/lib/python3.12/site-packages/airflow/example_dags/example_python_operator.py
[2024-04-26T23:04:39.566+0000] {processor.py:840} INFO - DAG(s) 'example_python_operator' retrieved from /home/airflow/.local/lib/python3.12/site-packages/airflow/example_dags/example_python_operator.py
[2024-04-26T23:04:39.593+0000] {logging_mixin.py:188} INFO - [2024-04-26T23:04:39.593+0000] {dag.py:3096} INFO - Sync 1 DAGs
[2024-04-26T23:04:39.607+0000] {logging_mixin.py:188} INFO - [2024-04-26T23:04:39.607+0000] {dag.py:3954} INFO - Setting next_dagrun for example_python_operator to None, run_after=None
[2024-04-26T23:04:39.627+0000] {processor.py:183} INFO - Processing /home/airflow/.local/lib/python3.12/site-packages/airflow/example_dags/example_python_operator.py took 0.081 seconds
[2024-04-26T23:05:10.053+0000] {processor.py:161} INFO - Started process (PID=841) to work on /home/airflow/.local/lib/python3.12/site-packages/airflow/example_dags/example_python_operator.py
[2024-04-26T23:05:10.055+0000] {processor.py:830} INFO - Processing file /home/airflow/.local/lib/python3.12/site-packages/airflow/example_dags/example_python_operator.py for tasks to queue
[2024-04-26T23:05:10.057+0000] {logging_mixin.py:188} INFO - [2024-04-26T23:05:10.057+0000] {dagbag.py:540} INFO - Filling up the DagBag from /home/airflow/.local/lib/python3.12/site-packages/airflow/example_dags/example_python_operator.py
[2024-04-26T23:05:10.065+0000] {processor.py:840} INFO - DAG(s) 'example_python_operator' retrieved from /home/airflow/.local/lib/python3.12/site-packages/airflow/example_dags/example_python_operator.py
[2024-04-26T23:05:10.084+0000] {logging_mixin.py:188} INFO - [2024-04-26T23:05:10.084+0000] {dag.py:3096} INFO - Sync 1 DAGs
[2024-04-26T23:05:10.094+0000] {logging_mixin.py:188} INFO - [2024-04-26T23:05:10.094+0000] {dag.py:3954} INFO - Setting next_dagrun for example_python_operator to None, run_after=None
[2024-04-26T23:05:10.116+0000] {processor.py:183} INFO - Processing /home/airflow/.local/lib/python3.12/site-packages/airflow/example_dags/example_python_operator.py took 0.067 seconds
[2024-04-26T23:05:40.460+0000] {processor.py:161} INFO - Started process (PID=900) to work on /home/airflow/.local/lib/python3.12/site-packages/airflow/example_dags/example_python_operator.py
[2024-04-26T23:05:40.461+0000] {processor.py:830} INFO - Processing file /home/airflow/.local/lib/python3.12/site-packages/airflow/example_dags/example_python_operator.py for tasks to queue
[2024-04-26T23:05:40.463+0000] {logging_mixin.py:188} INFO - [2024-04-26T23:05:40.463+0000] {dagbag.py:540} INFO - Filling up the DagBag from /home/airflow/.local/lib/python3.12/site-packages/airflow/example_dags/example_python_operator.py
[2024-04-26T23:05:40.473+0000] {processor.py:840} INFO - DAG(s) 'example_python_operator' retrieved from /home/airflow/.local/lib/python3.12/site-packages/airflow/example_dags/example_python_operator.py
[2024-04-26T23:05:40.494+0000] {logging_mixin.py:188} INFO - [2024-04-26T23:05:40.494+0000] {dag.py:3096} INFO - Sync 1 DAGs
[2024-04-26T23:05:40.507+0000] {logging_mixin.py:188} INFO - [2024-04-26T23:05:40.507+0000] {dag.py:3954} INFO - Setting next_dagrun for example_python_operator to None, run_after=None
[2024-04-26T23:05:40.532+0000] {processor.py:183} INFO - Processing /home/airflow/.local/lib/python3.12/site-packages/airflow/example_dags/example_python_operator.py took 0.077 seconds
[2024-04-26T23:09:56.371+0000] {processor.py:161} INFO - Started process (PID=68) to work on /home/airflow/.local/lib/python3.12/site-packages/airflow/example_dags/example_python_operator.py
[2024-04-26T23:09:56.372+0000] {processor.py:830} INFO - Processing file /home/airflow/.local/lib/python3.12/site-packages/airflow/example_dags/example_python_operator.py for tasks to queue
[2024-04-26T23:09:56.375+0000] {logging_mixin.py:188} INFO - [2024-04-26T23:09:56.374+0000] {dagbag.py:540} INFO - Filling up the DagBag from /home/airflow/.local/lib/python3.12/site-packages/airflow/example_dags/example_python_operator.py
[2024-04-26T23:09:56.388+0000] {processor.py:840} INFO - DAG(s) 'example_python_operator' retrieved from /home/airflow/.local/lib/python3.12/site-packages/airflow/example_dags/example_python_operator.py
[2024-04-26T23:09:56.401+0000] {logging_mixin.py:188} INFO - [2024-04-26T23:09:56.401+0000] {dag.py:3096} INFO - Sync 1 DAGs
[2024-04-26T23:09:56.416+0000] {logging_mixin.py:188} INFO - [2024-04-26T23:09:56.415+0000] {dag.py:3954} INFO - Setting next_dagrun for example_python_operator to None, run_after=None
[2024-04-26T23:09:56.438+0000] {processor.py:183} INFO - Processing /home/airflow/.local/lib/python3.12/site-packages/airflow/example_dags/example_python_operator.py took 0.075 seconds
[2024-04-26T23:10:27.377+0000] {processor.py:161} INFO - Started process (PID=127) to work on /home/airflow/.local/lib/python3.12/site-packages/airflow/example_dags/example_python_operator.py
[2024-04-26T23:10:27.378+0000] {processor.py:830} INFO - Processing file /home/airflow/.local/lib/python3.12/site-packages/airflow/example_dags/example_python_operator.py for tasks to queue
[2024-04-26T23:10:27.380+0000] {logging_mixin.py:188} INFO - [2024-04-26T23:10:27.380+0000] {dagbag.py:540} INFO - Filling up the DagBag from /home/airflow/.local/lib/python3.12/site-packages/airflow/example_dags/example_python_operator.py
[2024-04-26T23:10:27.390+0000] {processor.py:840} INFO - DAG(s) 'example_python_operator' retrieved from /home/airflow/.local/lib/python3.12/site-packages/airflow/example_dags/example_python_operator.py
[2024-04-26T23:10:27.490+0000] {logging_mixin.py:188} INFO - [2024-04-26T23:10:27.489+0000] {dag.py:3096} INFO - Sync 1 DAGs
[2024-04-26T23:10:27.501+0000] {logging_mixin.py:188} INFO - [2024-04-26T23:10:27.501+0000] {dag.py:3954} INFO - Setting next_dagrun for example_python_operator to None, run_after=None
[2024-04-26T23:10:27.524+0000] {processor.py:183} INFO - Processing /home/airflow/.local/lib/python3.12/site-packages/airflow/example_dags/example_python_operator.py took 0.154 seconds
[2024-04-26T23:10:57.996+0000] {processor.py:161} INFO - Started process (PID=186) to work on /home/airflow/.local/lib/python3.12/site-packages/airflow/example_dags/example_python_operator.py
[2024-04-26T23:10:57.997+0000] {processor.py:830} INFO - Processing file /home/airflow/.local/lib/python3.12/site-packages/airflow/example_dags/example_python_operator.py for tasks to queue
[2024-04-26T23:10:57.998+0000] {logging_mixin.py:188} INFO - [2024-04-26T23:10:57.998+0000] {dagbag.py:540} INFO - Filling up the DagBag from /home/airflow/.local/lib/python3.12/site-packages/airflow/example_dags/example_python_operator.py
[2024-04-26T23:10:58.011+0000] {processor.py:840} INFO - DAG(s) 'example_python_operator' retrieved from /home/airflow/.local/lib/python3.12/site-packages/airflow/example_dags/example_python_operator.py
[2024-04-26T23:10:58.037+0000] {logging_mixin.py:188} INFO - [2024-04-26T23:10:58.037+0000] {dag.py:3096} INFO - Sync 1 DAGs
[2024-04-26T23:10:58.052+0000] {logging_mixin.py:188} INFO - [2024-04-26T23:10:58.052+0000] {dag.py:3954} INFO - Setting next_dagrun for example_python_operator to None, run_after=None
[2024-04-26T23:10:58.083+0000] {processor.py:183} INFO - Processing /home/airflow/.local/lib/python3.12/site-packages/airflow/example_dags/example_python_operator.py took 0.093 seconds
[2024-04-26T23:11:28.993+0000] {processor.py:161} INFO - Started process (PID=245) to work on /home/airflow/.local/lib/python3.12/site-packages/airflow/example_dags/example_python_operator.py
[2024-04-26T23:11:28.994+0000] {processor.py:830} INFO - Processing file /home/airflow/.local/lib/python3.12/site-packages/airflow/example_dags/example_python_operator.py for tasks to queue
[2024-04-26T23:11:28.996+0000] {logging_mixin.py:188} INFO - [2024-04-26T23:11:28.996+0000] {dagbag.py:540} INFO - Filling up the DagBag from /home/airflow/.local/lib/python3.12/site-packages/airflow/example_dags/example_python_operator.py
[2024-04-26T23:11:29.007+0000] {processor.py:840} INFO - DAG(s) 'example_python_operator' retrieved from /home/airflow/.local/lib/python3.12/site-packages/airflow/example_dags/example_python_operator.py
[2024-04-26T23:11:29.032+0000] {logging_mixin.py:188} INFO - [2024-04-26T23:11:29.031+0000] {dag.py:3096} INFO - Sync 1 DAGs
[2024-04-26T23:11:29.045+0000] {logging_mixin.py:188} INFO - [2024-04-26T23:11:29.045+0000] {dag.py:3954} INFO - Setting next_dagrun for example_python_operator to None, run_after=None
[2024-04-26T23:11:29.066+0000] {processor.py:183} INFO - Processing /home/airflow/.local/lib/python3.12/site-packages/airflow/example_dags/example_python_operator.py took 0.079 seconds
[2024-04-26T23:11:59.293+0000] {processor.py:161} INFO - Started process (PID=304) to work on /home/airflow/.local/lib/python3.12/site-packages/airflow/example_dags/example_python_operator.py
[2024-04-26T23:11:59.294+0000] {processor.py:830} INFO - Processing file /home/airflow/.local/lib/python3.12/site-packages/airflow/example_dags/example_python_operator.py for tasks to queue
[2024-04-26T23:11:59.297+0000] {logging_mixin.py:188} INFO - [2024-04-26T23:11:59.296+0000] {dagbag.py:540} INFO - Filling up the DagBag from /home/airflow/.local/lib/python3.12/site-packages/airflow/example_dags/example_python_operator.py
[2024-04-26T23:11:59.307+0000] {processor.py:840} INFO - DAG(s) 'example_python_operator' retrieved from /home/airflow/.local/lib/python3.12/site-packages/airflow/example_dags/example_python_operator.py
[2024-04-26T23:11:59.333+0000] {logging_mixin.py:188} INFO - [2024-04-26T23:11:59.333+0000] {dag.py:3096} INFO - Sync 1 DAGs
[2024-04-26T23:11:59.347+0000] {logging_mixin.py:188} INFO - [2024-04-26T23:11:59.347+0000] {dag.py:3954} INFO - Setting next_dagrun for example_python_operator to None, run_after=None
[2024-04-26T23:11:59.370+0000] {processor.py:183} INFO - Processing /home/airflow/.local/lib/python3.12/site-packages/airflow/example_dags/example_python_operator.py took 0.083 seconds
[2024-04-26T23:12:29.572+0000] {processor.py:161} INFO - Started process (PID=363) to work on /home/airflow/.local/lib/python3.12/site-packages/airflow/example_dags/example_python_operator.py
[2024-04-26T23:12:29.573+0000] {processor.py:830} INFO - Processing file /home/airflow/.local/lib/python3.12/site-packages/airflow/example_dags/example_python_operator.py for tasks to queue
[2024-04-26T23:12:29.576+0000] {logging_mixin.py:188} INFO - [2024-04-26T23:12:29.575+0000] {dagbag.py:540} INFO - Filling up the DagBag from /home/airflow/.local/lib/python3.12/site-packages/airflow/example_dags/example_python_operator.py
[2024-04-26T23:12:29.585+0000] {processor.py:840} INFO - DAG(s) 'example_python_operator' retrieved from /home/airflow/.local/lib/python3.12/site-packages/airflow/example_dags/example_python_operator.py
[2024-04-26T23:12:29.606+0000] {logging_mixin.py:188} INFO - [2024-04-26T23:12:29.606+0000] {dag.py:3096} INFO - Sync 1 DAGs
[2024-04-26T23:12:29.616+0000] {logging_mixin.py:188} INFO - [2024-04-26T23:12:29.616+0000] {dag.py:3954} INFO - Setting next_dagrun for example_python_operator to None, run_after=None
[2024-04-26T23:12:29.636+0000] {processor.py:183} INFO - Processing /home/airflow/.local/lib/python3.12/site-packages/airflow/example_dags/example_python_operator.py took 0.069 seconds
[2024-04-26T23:12:59.937+0000] {processor.py:161} INFO - Started process (PID=422) to work on /home/airflow/.local/lib/python3.12/site-packages/airflow/example_dags/example_python_operator.py
[2024-04-26T23:12:59.938+0000] {processor.py:830} INFO - Processing file /home/airflow/.local/lib/python3.12/site-packages/airflow/example_dags/example_python_operator.py for tasks to queue
[2024-04-26T23:12:59.940+0000] {logging_mixin.py:188} INFO - [2024-04-26T23:12:59.939+0000] {dagbag.py:540} INFO - Filling up the DagBag from /home/airflow/.local/lib/python3.12/site-packages/airflow/example_dags/example_python_operator.py
[2024-04-26T23:12:59.951+0000] {processor.py:840} INFO - DAG(s) 'example_python_operator' retrieved from /home/airflow/.local/lib/python3.12/site-packages/airflow/example_dags/example_python_operator.py
[2024-04-26T23:12:59.974+0000] {logging_mixin.py:188} INFO - [2024-04-26T23:12:59.973+0000] {dag.py:3096} INFO - Sync 1 DAGs
[2024-04-26T23:12:59.986+0000] {logging_mixin.py:188} INFO - [2024-04-26T23:12:59.986+0000] {dag.py:3954} INFO - Setting next_dagrun for example_python_operator to None, run_after=None
[2024-04-26T23:13:00.009+0000] {processor.py:183} INFO - Processing /home/airflow/.local/lib/python3.12/site-packages/airflow/example_dags/example_python_operator.py took 0.077 seconds
[2024-04-26T23:13:30.054+0000] {processor.py:161} INFO - Started process (PID=480) to work on /home/airflow/.local/lib/python3.12/site-packages/airflow/example_dags/example_python_operator.py
[2024-04-26T23:13:30.055+0000] {processor.py:830} INFO - Processing file /home/airflow/.local/lib/python3.12/site-packages/airflow/example_dags/example_python_operator.py for tasks to queue
[2024-04-26T23:13:30.058+0000] {logging_mixin.py:188} INFO - [2024-04-26T23:13:30.057+0000] {dagbag.py:540} INFO - Filling up the DagBag from /home/airflow/.local/lib/python3.12/site-packages/airflow/example_dags/example_python_operator.py
[2024-04-26T23:13:30.068+0000] {processor.py:840} INFO - DAG(s) 'example_python_operator' retrieved from /home/airflow/.local/lib/python3.12/site-packages/airflow/example_dags/example_python_operator.py
[2024-04-26T23:13:30.089+0000] {logging_mixin.py:188} INFO - [2024-04-26T23:13:30.089+0000] {dag.py:3096} INFO - Sync 1 DAGs
[2024-04-26T23:13:30.099+0000] {logging_mixin.py:188} INFO - [2024-04-26T23:13:30.099+0000] {dag.py:3954} INFO - Setting next_dagrun for example_python_operator to None, run_after=None
[2024-04-26T23:13:30.115+0000] {processor.py:183} INFO - Processing /home/airflow/.local/lib/python3.12/site-packages/airflow/example_dags/example_python_operator.py took 0.065 seconds
[2024-04-26T23:17:54.308+0000] {processor.py:161} INFO - Started process (PID=68) to work on /home/airflow/.local/lib/python3.12/site-packages/airflow/example_dags/example_python_operator.py
[2024-04-26T23:17:54.311+0000] {processor.py:830} INFO - Processing file /home/airflow/.local/lib/python3.12/site-packages/airflow/example_dags/example_python_operator.py for tasks to queue
[2024-04-26T23:17:54.319+0000] {logging_mixin.py:188} INFO - [2024-04-26T23:17:54.318+0000] {dagbag.py:540} INFO - Filling up the DagBag from /home/airflow/.local/lib/python3.12/site-packages/airflow/example_dags/example_python_operator.py
[2024-04-26T23:17:54.344+0000] {processor.py:840} INFO - DAG(s) 'example_python_operator' retrieved from /home/airflow/.local/lib/python3.12/site-packages/airflow/example_dags/example_python_operator.py
[2024-04-26T23:17:54.378+0000] {logging_mixin.py:188} INFO - [2024-04-26T23:17:54.377+0000] {dag.py:3096} INFO - Sync 1 DAGs
[2024-04-26T23:17:54.406+0000] {logging_mixin.py:188} INFO - [2024-04-26T23:17:54.406+0000] {dag.py:3954} INFO - Setting next_dagrun for example_python_operator to None, run_after=None
[2024-04-26T23:17:54.429+0000] {processor.py:183} INFO - Processing /home/airflow/.local/lib/python3.12/site-packages/airflow/example_dags/example_python_operator.py took 0.141 seconds
[2024-04-26T23:18:25.290+0000] {processor.py:161} INFO - Started process (PID=127) to work on /home/airflow/.local/lib/python3.12/site-packages/airflow/example_dags/example_python_operator.py
[2024-04-26T23:18:25.291+0000] {processor.py:830} INFO - Processing file /home/airflow/.local/lib/python3.12/site-packages/airflow/example_dags/example_python_operator.py for tasks to queue
[2024-04-26T23:18:25.294+0000] {logging_mixin.py:188} INFO - [2024-04-26T23:18:25.293+0000] {dagbag.py:540} INFO - Filling up the DagBag from /home/airflow/.local/lib/python3.12/site-packages/airflow/example_dags/example_python_operator.py
[2024-04-26T23:18:25.306+0000] {processor.py:840} INFO - DAG(s) 'example_python_operator' retrieved from /home/airflow/.local/lib/python3.12/site-packages/airflow/example_dags/example_python_operator.py
[2024-04-26T23:18:25.407+0000] {logging_mixin.py:188} INFO - [2024-04-26T23:18:25.406+0000] {dag.py:3096} INFO - Sync 1 DAGs
[2024-04-26T23:18:25.418+0000] {logging_mixin.py:188} INFO - [2024-04-26T23:18:25.417+0000] {dag.py:3954} INFO - Setting next_dagrun for example_python_operator to None, run_after=None
[2024-04-26T23:18:25.442+0000] {processor.py:183} INFO - Processing /home/airflow/.local/lib/python3.12/site-packages/airflow/example_dags/example_python_operator.py took 0.159 seconds
[2024-04-26T23:18:56.373+0000] {processor.py:161} INFO - Started process (PID=186) to work on /home/airflow/.local/lib/python3.12/site-packages/airflow/example_dags/example_python_operator.py
[2024-04-26T23:18:56.374+0000] {processor.py:830} INFO - Processing file /home/airflow/.local/lib/python3.12/site-packages/airflow/example_dags/example_python_operator.py for tasks to queue
[2024-04-26T23:18:56.376+0000] {logging_mixin.py:188} INFO - [2024-04-26T23:18:56.376+0000] {dagbag.py:540} INFO - Filling up the DagBag from /home/airflow/.local/lib/python3.12/site-packages/airflow/example_dags/example_python_operator.py
[2024-04-26T23:18:56.387+0000] {processor.py:840} INFO - DAG(s) 'example_python_operator' retrieved from /home/airflow/.local/lib/python3.12/site-packages/airflow/example_dags/example_python_operator.py
[2024-04-26T23:18:56.409+0000] {logging_mixin.py:188} INFO - [2024-04-26T23:18:56.409+0000] {dag.py:3096} INFO - Sync 1 DAGs
[2024-04-26T23:18:56.424+0000] {logging_mixin.py:188} INFO - [2024-04-26T23:18:56.424+0000] {dag.py:3954} INFO - Setting next_dagrun for example_python_operator to None, run_after=None
[2024-04-26T23:18:56.452+0000] {processor.py:183} INFO - Processing /home/airflow/.local/lib/python3.12/site-packages/airflow/example_dags/example_python_operator.py took 0.085 seconds
[2024-04-26T23:19:43.349+0000] {processor.py:161} INFO - Started process (PID=68) to work on /home/airflow/.local/lib/python3.12/site-packages/airflow/example_dags/example_python_operator.py
[2024-04-26T23:19:43.350+0000] {processor.py:830} INFO - Processing file /home/airflow/.local/lib/python3.12/site-packages/airflow/example_dags/example_python_operator.py for tasks to queue
[2024-04-26T23:19:43.353+0000] {logging_mixin.py:188} INFO - [2024-04-26T23:19:43.352+0000] {dagbag.py:540} INFO - Filling up the DagBag from /home/airflow/.local/lib/python3.12/site-packages/airflow/example_dags/example_python_operator.py
[2024-04-26T23:19:43.364+0000] {processor.py:840} INFO - DAG(s) 'example_python_operator' retrieved from /home/airflow/.local/lib/python3.12/site-packages/airflow/example_dags/example_python_operator.py
[2024-04-26T23:19:43.376+0000] {logging_mixin.py:188} INFO - [2024-04-26T23:19:43.376+0000] {dag.py:3096} INFO - Sync 1 DAGs
[2024-04-26T23:19:43.390+0000] {logging_mixin.py:188} INFO - [2024-04-26T23:19:43.390+0000] {dag.py:3954} INFO - Setting next_dagrun for example_python_operator to None, run_after=None
[2024-04-26T23:19:43.414+0000] {processor.py:183} INFO - Processing /home/airflow/.local/lib/python3.12/site-packages/airflow/example_dags/example_python_operator.py took 0.070 seconds
[2024-04-26T23:20:14.566+0000] {processor.py:161} INFO - Started process (PID=127) to work on /home/airflow/.local/lib/python3.12/site-packages/airflow/example_dags/example_python_operator.py
[2024-04-26T23:20:14.568+0000] {processor.py:830} INFO - Processing file /home/airflow/.local/lib/python3.12/site-packages/airflow/example_dags/example_python_operator.py for tasks to queue
[2024-04-26T23:20:14.570+0000] {logging_mixin.py:188} INFO - [2024-04-26T23:20:14.570+0000] {dagbag.py:540} INFO - Filling up the DagBag from /home/airflow/.local/lib/python3.12/site-packages/airflow/example_dags/example_python_operator.py
[2024-04-26T23:20:14.578+0000] {processor.py:840} INFO - DAG(s) 'example_python_operator' retrieved from /home/airflow/.local/lib/python3.12/site-packages/airflow/example_dags/example_python_operator.py
[2024-04-26T23:20:14.666+0000] {logging_mixin.py:188} INFO - [2024-04-26T23:20:14.666+0000] {dag.py:3096} INFO - Sync 1 DAGs
[2024-04-26T23:20:14.676+0000] {logging_mixin.py:188} INFO - [2024-04-26T23:20:14.676+0000] {dag.py:3954} INFO - Setting next_dagrun for example_python_operator to None, run_after=None
[2024-04-26T23:20:14.698+0000] {processor.py:183} INFO - Processing /home/airflow/.local/lib/python3.12/site-packages/airflow/example_dags/example_python_operator.py took 0.136 seconds
[2024-04-26T23:20:45.091+0000] {processor.py:161} INFO - Started process (PID=186) to work on /home/airflow/.local/lib/python3.12/site-packages/airflow/example_dags/example_python_operator.py
[2024-04-26T23:20:45.092+0000] {processor.py:830} INFO - Processing file /home/airflow/.local/lib/python3.12/site-packages/airflow/example_dags/example_python_operator.py for tasks to queue
[2024-04-26T23:20:45.093+0000] {logging_mixin.py:188} INFO - [2024-04-26T23:20:45.093+0000] {dagbag.py:540} INFO - Filling up the DagBag from /home/airflow/.local/lib/python3.12/site-packages/airflow/example_dags/example_python_operator.py
[2024-04-26T23:20:45.102+0000] {processor.py:840} INFO - DAG(s) 'example_python_operator' retrieved from /home/airflow/.local/lib/python3.12/site-packages/airflow/example_dags/example_python_operator.py
[2024-04-26T23:20:45.123+0000] {logging_mixin.py:188} INFO - [2024-04-26T23:20:45.123+0000] {dag.py:3096} INFO - Sync 1 DAGs
[2024-04-26T23:20:45.133+0000] {logging_mixin.py:188} INFO - [2024-04-26T23:20:45.132+0000] {dag.py:3954} INFO - Setting next_dagrun for example_python_operator to None, run_after=None
[2024-04-26T23:20:45.149+0000] {processor.py:183} INFO - Processing /home/airflow/.local/lib/python3.12/site-packages/airflow/example_dags/example_python_operator.py took 0.064 seconds
[2024-04-26T23:21:15.412+0000] {processor.py:161} INFO - Started process (PID=245) to work on /home/airflow/.local/lib/python3.12/site-packages/airflow/example_dags/example_python_operator.py
[2024-04-26T23:21:15.414+0000] {processor.py:830} INFO - Processing file /home/airflow/.local/lib/python3.12/site-packages/airflow/example_dags/example_python_operator.py for tasks to queue
[2024-04-26T23:21:15.416+0000] {logging_mixin.py:188} INFO - [2024-04-26T23:21:15.416+0000] {dagbag.py:540} INFO - Filling up the DagBag from /home/airflow/.local/lib/python3.12/site-packages/airflow/example_dags/example_python_operator.py
[2024-04-26T23:21:15.429+0000] {processor.py:840} INFO - DAG(s) 'example_python_operator' retrieved from /home/airflow/.local/lib/python3.12/site-packages/airflow/example_dags/example_python_operator.py
[2024-04-26T23:21:15.454+0000] {logging_mixin.py:188} INFO - [2024-04-26T23:21:15.454+0000] {dag.py:3096} INFO - Sync 1 DAGs
[2024-04-26T23:21:15.468+0000] {logging_mixin.py:188} INFO - [2024-04-26T23:21:15.468+0000] {dag.py:3954} INFO - Setting next_dagrun for example_python_operator to None, run_after=None
[2024-04-26T23:21:15.491+0000] {processor.py:183} INFO - Processing /home/airflow/.local/lib/python3.12/site-packages/airflow/example_dags/example_python_operator.py took 0.085 seconds
[2024-04-26T23:21:46.100+0000] {processor.py:161} INFO - Started process (PID=304) to work on /home/airflow/.local/lib/python3.12/site-packages/airflow/example_dags/example_python_operator.py
[2024-04-26T23:21:46.102+0000] {processor.py:830} INFO - Processing file /home/airflow/.local/lib/python3.12/site-packages/airflow/example_dags/example_python_operator.py for tasks to queue
[2024-04-26T23:21:46.104+0000] {logging_mixin.py:188} INFO - [2024-04-26T23:21:46.104+0000] {dagbag.py:540} INFO - Filling up the DagBag from /home/airflow/.local/lib/python3.12/site-packages/airflow/example_dags/example_python_operator.py
[2024-04-26T23:21:46.115+0000] {processor.py:840} INFO - DAG(s) 'example_python_operator' retrieved from /home/airflow/.local/lib/python3.12/site-packages/airflow/example_dags/example_python_operator.py
[2024-04-26T23:21:46.139+0000] {logging_mixin.py:188} INFO - [2024-04-26T23:21:46.139+0000] {dag.py:3096} INFO - Sync 1 DAGs
[2024-04-26T23:21:46.162+0000] {logging_mixin.py:188} INFO - [2024-04-26T23:21:46.162+0000] {dag.py:3954} INFO - Setting next_dagrun for example_python_operator to None, run_after=None
[2024-04-26T23:21:46.195+0000] {processor.py:183} INFO - Processing /home/airflow/.local/lib/python3.12/site-packages/airflow/example_dags/example_python_operator.py took 0.100 seconds
