[2024-04-26T22:58:33.221+0000] {processor.py:161} INFO - Started process (PID=73) to work on /home/airflow/.local/lib/python3.12/site-packages/airflow/example_dags/example_sensors.py
[2024-04-26T22:58:33.228+0000] {processor.py:830} INFO - Processing file /home/airflow/.local/lib/python3.12/site-packages/airflow/example_dags/example_sensors.py for tasks to queue
[2024-04-26T22:58:33.240+0000] {logging_mixin.py:188} INFO - [2024-04-26T22:58:33.239+0000] {dagbag.py:540} INFO - Filling up the DagBag from /home/airflow/.local/lib/python3.12/site-packages/airflow/example_dags/example_sensors.py
[2024-04-26T22:58:33.293+0000] {processor.py:840} INFO - DAG(s) 'example_sensors' retrieved from /home/airflow/.local/lib/python3.12/site-packages/airflow/example_dags/example_sensors.py
[2024-04-26T22:58:33.793+0000] {logging_mixin.py:188} INFO - [2024-04-26T22:58:33.793+0000] {dag.py:3096} INFO - Sync 1 DAGs
[2024-04-26T22:58:33.872+0000] {logging_mixin.py:188} INFO - [2024-04-26T22:58:33.871+0000] {dag.py:3954} INFO - Setting next_dagrun for example_sensors to None, run_after=None
[2024-04-26T22:58:33.985+0000] {processor.py:183} INFO - Processing /home/airflow/.local/lib/python3.12/site-packages/airflow/example_dags/example_sensors.py took 0.795 seconds
[2024-04-26T22:59:04.239+0000] {processor.py:161} INFO - Started process (PID=132) to work on /home/airflow/.local/lib/python3.12/site-packages/airflow/example_dags/example_sensors.py
[2024-04-26T22:59:04.240+0000] {processor.py:830} INFO - Processing file /home/airflow/.local/lib/python3.12/site-packages/airflow/example_dags/example_sensors.py for tasks to queue
[2024-04-26T22:59:04.242+0000] {logging_mixin.py:188} INFO - [2024-04-26T22:59:04.242+0000] {dagbag.py:540} INFO - Filling up the DagBag from /home/airflow/.local/lib/python3.12/site-packages/airflow/example_dags/example_sensors.py
[2024-04-26T22:59:04.250+0000] {processor.py:840} INFO - DAG(s) 'example_sensors' retrieved from /home/airflow/.local/lib/python3.12/site-packages/airflow/example_dags/example_sensors.py
[2024-04-26T22:59:04.277+0000] {logging_mixin.py:188} INFO - [2024-04-26T22:59:04.276+0000] {dag.py:3096} INFO - Sync 1 DAGs
[2024-04-26T22:59:04.289+0000] {logging_mixin.py:188} INFO - [2024-04-26T22:59:04.289+0000] {dag.py:3954} INFO - Setting next_dagrun for example_sensors to None, run_after=None
[2024-04-26T22:59:04.311+0000] {processor.py:183} INFO - Processing /home/airflow/.local/lib/python3.12/site-packages/airflow/example_dags/example_sensors.py took 0.078 seconds
[2024-04-26T22:59:34.560+0000] {processor.py:161} INFO - Started process (PID=191) to work on /home/airflow/.local/lib/python3.12/site-packages/airflow/example_dags/example_sensors.py
[2024-04-26T22:59:34.571+0000] {processor.py:830} INFO - Processing file /home/airflow/.local/lib/python3.12/site-packages/airflow/example_dags/example_sensors.py for tasks to queue
[2024-04-26T22:59:34.590+0000] {logging_mixin.py:188} INFO - [2024-04-26T22:59:34.589+0000] {dagbag.py:540} INFO - Filling up the DagBag from /home/airflow/.local/lib/python3.12/site-packages/airflow/example_dags/example_sensors.py
[2024-04-26T22:59:34.618+0000] {processor.py:840} INFO - DAG(s) 'example_sensors' retrieved from /home/airflow/.local/lib/python3.12/site-packages/airflow/example_dags/example_sensors.py
[2024-04-26T22:59:34.692+0000] {logging_mixin.py:188} INFO - [2024-04-26T22:59:34.692+0000] {dag.py:3096} INFO - Sync 1 DAGs
[2024-04-26T22:59:34.719+0000] {logging_mixin.py:188} INFO - [2024-04-26T22:59:34.718+0000] {dag.py:3954} INFO - Setting next_dagrun for example_sensors to None, run_after=None
[2024-04-26T22:59:34.747+0000] {processor.py:183} INFO - Processing /home/airflow/.local/lib/python3.12/site-packages/airflow/example_dags/example_sensors.py took 0.225 seconds
[2024-04-26T23:00:05.437+0000] {processor.py:161} INFO - Started process (PID=250) to work on /home/airflow/.local/lib/python3.12/site-packages/airflow/example_dags/example_sensors.py
[2024-04-26T23:00:05.438+0000] {processor.py:830} INFO - Processing file /home/airflow/.local/lib/python3.12/site-packages/airflow/example_dags/example_sensors.py for tasks to queue
[2024-04-26T23:00:05.440+0000] {logging_mixin.py:188} INFO - [2024-04-26T23:00:05.440+0000] {dagbag.py:540} INFO - Filling up the DagBag from /home/airflow/.local/lib/python3.12/site-packages/airflow/example_dags/example_sensors.py
[2024-04-26T23:00:05.448+0000] {processor.py:840} INFO - DAG(s) 'example_sensors' retrieved from /home/airflow/.local/lib/python3.12/site-packages/airflow/example_dags/example_sensors.py
[2024-04-26T23:00:05.469+0000] {logging_mixin.py:188} INFO - [2024-04-26T23:00:05.469+0000] {dag.py:3096} INFO - Sync 1 DAGs
[2024-04-26T23:00:05.479+0000] {logging_mixin.py:188} INFO - [2024-04-26T23:00:05.479+0000] {dag.py:3954} INFO - Setting next_dagrun for example_sensors to None, run_after=None
[2024-04-26T23:00:05.504+0000] {processor.py:183} INFO - Processing /home/airflow/.local/lib/python3.12/site-packages/airflow/example_dags/example_sensors.py took 0.072 seconds
[2024-04-26T23:00:35.676+0000] {processor.py:161} INFO - Started process (PID=309) to work on /home/airflow/.local/lib/python3.12/site-packages/airflow/example_dags/example_sensors.py
[2024-04-26T23:00:35.677+0000] {processor.py:830} INFO - Processing file /home/airflow/.local/lib/python3.12/site-packages/airflow/example_dags/example_sensors.py for tasks to queue
[2024-04-26T23:00:35.679+0000] {logging_mixin.py:188} INFO - [2024-04-26T23:00:35.679+0000] {dagbag.py:540} INFO - Filling up the DagBag from /home/airflow/.local/lib/python3.12/site-packages/airflow/example_dags/example_sensors.py
[2024-04-26T23:00:35.687+0000] {processor.py:840} INFO - DAG(s) 'example_sensors' retrieved from /home/airflow/.local/lib/python3.12/site-packages/airflow/example_dags/example_sensors.py
[2024-04-26T23:00:35.711+0000] {logging_mixin.py:188} INFO - [2024-04-26T23:00:35.710+0000] {dag.py:3096} INFO - Sync 1 DAGs
[2024-04-26T23:00:35.724+0000] {logging_mixin.py:188} INFO - [2024-04-26T23:00:35.724+0000] {dag.py:3954} INFO - Setting next_dagrun for example_sensors to None, run_after=None
[2024-04-26T23:00:35.744+0000] {processor.py:183} INFO - Processing /home/airflow/.local/lib/python3.12/site-packages/airflow/example_dags/example_sensors.py took 0.074 seconds
[2024-04-26T23:01:06.271+0000] {processor.py:161} INFO - Started process (PID=368) to work on /home/airflow/.local/lib/python3.12/site-packages/airflow/example_dags/example_sensors.py
[2024-04-26T23:01:06.272+0000] {processor.py:830} INFO - Processing file /home/airflow/.local/lib/python3.12/site-packages/airflow/example_dags/example_sensors.py for tasks to queue
[2024-04-26T23:01:06.275+0000] {logging_mixin.py:188} INFO - [2024-04-26T23:01:06.274+0000] {dagbag.py:540} INFO - Filling up the DagBag from /home/airflow/.local/lib/python3.12/site-packages/airflow/example_dags/example_sensors.py
[2024-04-26T23:01:06.283+0000] {processor.py:840} INFO - DAG(s) 'example_sensors' retrieved from /home/airflow/.local/lib/python3.12/site-packages/airflow/example_dags/example_sensors.py
[2024-04-26T23:01:06.309+0000] {logging_mixin.py:188} INFO - [2024-04-26T23:01:06.308+0000] {dag.py:3096} INFO - Sync 1 DAGs
[2024-04-26T23:01:06.323+0000] {logging_mixin.py:188} INFO - [2024-04-26T23:01:06.323+0000] {dag.py:3954} INFO - Setting next_dagrun for example_sensors to None, run_after=None
[2024-04-26T23:01:06.344+0000] {processor.py:183} INFO - Processing /home/airflow/.local/lib/python3.12/site-packages/airflow/example_dags/example_sensors.py took 0.078 seconds
[2024-04-26T23:01:36.734+0000] {processor.py:161} INFO - Started process (PID=427) to work on /home/airflow/.local/lib/python3.12/site-packages/airflow/example_dags/example_sensors.py
[2024-04-26T23:01:36.735+0000] {processor.py:830} INFO - Processing file /home/airflow/.local/lib/python3.12/site-packages/airflow/example_dags/example_sensors.py for tasks to queue
[2024-04-26T23:01:36.737+0000] {logging_mixin.py:188} INFO - [2024-04-26T23:01:36.736+0000] {dagbag.py:540} INFO - Filling up the DagBag from /home/airflow/.local/lib/python3.12/site-packages/airflow/example_dags/example_sensors.py
[2024-04-26T23:01:36.745+0000] {processor.py:840} INFO - DAG(s) 'example_sensors' retrieved from /home/airflow/.local/lib/python3.12/site-packages/airflow/example_dags/example_sensors.py
[2024-04-26T23:01:36.771+0000] {logging_mixin.py:188} INFO - [2024-04-26T23:01:36.771+0000] {dag.py:3096} INFO - Sync 1 DAGs
[2024-04-26T23:01:36.784+0000] {logging_mixin.py:188} INFO - [2024-04-26T23:01:36.784+0000] {dag.py:3954} INFO - Setting next_dagrun for example_sensors to None, run_after=None
[2024-04-26T23:01:36.807+0000] {processor.py:183} INFO - Processing /home/airflow/.local/lib/python3.12/site-packages/airflow/example_dags/example_sensors.py took 0.078 seconds
[2024-04-26T23:02:07.048+0000] {processor.py:161} INFO - Started process (PID=486) to work on /home/airflow/.local/lib/python3.12/site-packages/airflow/example_dags/example_sensors.py
[2024-04-26T23:02:07.049+0000] {processor.py:830} INFO - Processing file /home/airflow/.local/lib/python3.12/site-packages/airflow/example_dags/example_sensors.py for tasks to queue
[2024-04-26T23:02:07.051+0000] {logging_mixin.py:188} INFO - [2024-04-26T23:02:07.050+0000] {dagbag.py:540} INFO - Filling up the DagBag from /home/airflow/.local/lib/python3.12/site-packages/airflow/example_dags/example_sensors.py
[2024-04-26T23:02:07.059+0000] {processor.py:840} INFO - DAG(s) 'example_sensors' retrieved from /home/airflow/.local/lib/python3.12/site-packages/airflow/example_dags/example_sensors.py
[2024-04-26T23:02:07.083+0000] {logging_mixin.py:188} INFO - [2024-04-26T23:02:07.083+0000] {dag.py:3096} INFO - Sync 1 DAGs
[2024-04-26T23:02:07.093+0000] {logging_mixin.py:188} INFO - [2024-04-26T23:02:07.093+0000] {dag.py:3954} INFO - Setting next_dagrun for example_sensors to None, run_after=None
[2024-04-26T23:02:07.113+0000] {processor.py:183} INFO - Processing /home/airflow/.local/lib/python3.12/site-packages/airflow/example_dags/example_sensors.py took 0.070 seconds
[2024-04-26T23:02:37.601+0000] {processor.py:161} INFO - Started process (PID=545) to work on /home/airflow/.local/lib/python3.12/site-packages/airflow/example_dags/example_sensors.py
[2024-04-26T23:02:37.602+0000] {processor.py:830} INFO - Processing file /home/airflow/.local/lib/python3.12/site-packages/airflow/example_dags/example_sensors.py for tasks to queue
[2024-04-26T23:02:37.604+0000] {logging_mixin.py:188} INFO - [2024-04-26T23:02:37.604+0000] {dagbag.py:540} INFO - Filling up the DagBag from /home/airflow/.local/lib/python3.12/site-packages/airflow/example_dags/example_sensors.py
[2024-04-26T23:02:37.612+0000] {processor.py:840} INFO - DAG(s) 'example_sensors' retrieved from /home/airflow/.local/lib/python3.12/site-packages/airflow/example_dags/example_sensors.py
[2024-04-26T23:02:37.638+0000] {logging_mixin.py:188} INFO - [2024-04-26T23:02:37.638+0000] {dag.py:3096} INFO - Sync 1 DAGs
[2024-04-26T23:02:37.650+0000] {logging_mixin.py:188} INFO - [2024-04-26T23:02:37.650+0000] {dag.py:3954} INFO - Setting next_dagrun for example_sensors to None, run_after=None
[2024-04-26T23:02:37.669+0000] {processor.py:183} INFO - Processing /home/airflow/.local/lib/python3.12/site-packages/airflow/example_dags/example_sensors.py took 0.073 seconds
[2024-04-26T23:03:07.890+0000] {processor.py:161} INFO - Started process (PID=604) to work on /home/airflow/.local/lib/python3.12/site-packages/airflow/example_dags/example_sensors.py
[2024-04-26T23:03:07.891+0000] {processor.py:830} INFO - Processing file /home/airflow/.local/lib/python3.12/site-packages/airflow/example_dags/example_sensors.py for tasks to queue
[2024-04-26T23:03:07.893+0000] {logging_mixin.py:188} INFO - [2024-04-26T23:03:07.893+0000] {dagbag.py:540} INFO - Filling up the DagBag from /home/airflow/.local/lib/python3.12/site-packages/airflow/example_dags/example_sensors.py
[2024-04-26T23:03:07.902+0000] {processor.py:840} INFO - DAG(s) 'example_sensors' retrieved from /home/airflow/.local/lib/python3.12/site-packages/airflow/example_dags/example_sensors.py
[2024-04-26T23:03:07.922+0000] {logging_mixin.py:188} INFO - [2024-04-26T23:03:07.922+0000] {dag.py:3096} INFO - Sync 1 DAGs
[2024-04-26T23:03:07.934+0000] {logging_mixin.py:188} INFO - [2024-04-26T23:03:07.933+0000] {dag.py:3954} INFO - Setting next_dagrun for example_sensors to None, run_after=None
[2024-04-26T23:03:07.950+0000] {processor.py:183} INFO - Processing /home/airflow/.local/lib/python3.12/site-packages/airflow/example_dags/example_sensors.py took 0.065 seconds
[2024-04-26T23:03:38.118+0000] {processor.py:161} INFO - Started process (PID=663) to work on /home/airflow/.local/lib/python3.12/site-packages/airflow/example_dags/example_sensors.py
[2024-04-26T23:03:38.119+0000] {processor.py:830} INFO - Processing file /home/airflow/.local/lib/python3.12/site-packages/airflow/example_dags/example_sensors.py for tasks to queue
[2024-04-26T23:03:38.121+0000] {logging_mixin.py:188} INFO - [2024-04-26T23:03:38.121+0000] {dagbag.py:540} INFO - Filling up the DagBag from /home/airflow/.local/lib/python3.12/site-packages/airflow/example_dags/example_sensors.py
[2024-04-26T23:03:38.130+0000] {processor.py:840} INFO - DAG(s) 'example_sensors' retrieved from /home/airflow/.local/lib/python3.12/site-packages/airflow/example_dags/example_sensors.py
[2024-04-26T23:03:38.152+0000] {logging_mixin.py:188} INFO - [2024-04-26T23:03:38.151+0000] {dag.py:3096} INFO - Sync 1 DAGs
[2024-04-26T23:03:38.163+0000] {logging_mixin.py:188} INFO - [2024-04-26T23:03:38.162+0000] {dag.py:3954} INFO - Setting next_dagrun for example_sensors to None, run_after=None
[2024-04-26T23:03:38.182+0000] {processor.py:183} INFO - Processing /home/airflow/.local/lib/python3.12/site-packages/airflow/example_dags/example_sensors.py took 0.069 seconds
[2024-04-26T23:04:08.316+0000] {processor.py:161} INFO - Started process (PID=721) to work on /home/airflow/.local/lib/python3.12/site-packages/airflow/example_dags/example_sensors.py
[2024-04-26T23:04:08.316+0000] {processor.py:830} INFO - Processing file /home/airflow/.local/lib/python3.12/site-packages/airflow/example_dags/example_sensors.py for tasks to queue
[2024-04-26T23:04:08.318+0000] {logging_mixin.py:188} INFO - [2024-04-26T23:04:08.318+0000] {dagbag.py:540} INFO - Filling up the DagBag from /home/airflow/.local/lib/python3.12/site-packages/airflow/example_dags/example_sensors.py
[2024-04-26T23:04:08.326+0000] {processor.py:840} INFO - DAG(s) 'example_sensors' retrieved from /home/airflow/.local/lib/python3.12/site-packages/airflow/example_dags/example_sensors.py
[2024-04-26T23:04:08.347+0000] {logging_mixin.py:188} INFO - [2024-04-26T23:04:08.347+0000] {dag.py:3096} INFO - Sync 1 DAGs
[2024-04-26T23:04:08.359+0000] {logging_mixin.py:188} INFO - [2024-04-26T23:04:08.358+0000] {dag.py:3954} INFO - Setting next_dagrun for example_sensors to None, run_after=None
[2024-04-26T23:04:08.378+0000] {processor.py:183} INFO - Processing /home/airflow/.local/lib/python3.12/site-packages/airflow/example_dags/example_sensors.py took 0.067 seconds
[2024-04-26T23:04:38.888+0000] {processor.py:161} INFO - Started process (PID=780) to work on /home/airflow/.local/lib/python3.12/site-packages/airflow/example_dags/example_sensors.py
[2024-04-26T23:04:38.890+0000] {processor.py:830} INFO - Processing file /home/airflow/.local/lib/python3.12/site-packages/airflow/example_dags/example_sensors.py for tasks to queue
[2024-04-26T23:04:38.892+0000] {logging_mixin.py:188} INFO - [2024-04-26T23:04:38.891+0000] {dagbag.py:540} INFO - Filling up the DagBag from /home/airflow/.local/lib/python3.12/site-packages/airflow/example_dags/example_sensors.py
[2024-04-26T23:04:38.903+0000] {processor.py:840} INFO - DAG(s) 'example_sensors' retrieved from /home/airflow/.local/lib/python3.12/site-packages/airflow/example_dags/example_sensors.py
[2024-04-26T23:04:38.929+0000] {logging_mixin.py:188} INFO - [2024-04-26T23:04:38.929+0000] {dag.py:3096} INFO - Sync 1 DAGs
[2024-04-26T23:04:38.943+0000] {logging_mixin.py:188} INFO - [2024-04-26T23:04:38.942+0000] {dag.py:3954} INFO - Setting next_dagrun for example_sensors to None, run_after=None
[2024-04-26T23:04:38.966+0000] {processor.py:183} INFO - Processing /home/airflow/.local/lib/python3.12/site-packages/airflow/example_dags/example_sensors.py took 0.084 seconds
[2024-04-26T23:05:09.033+0000] {processor.py:161} INFO - Started process (PID=839) to work on /home/airflow/.local/lib/python3.12/site-packages/airflow/example_dags/example_sensors.py
[2024-04-26T23:05:09.034+0000] {processor.py:830} INFO - Processing file /home/airflow/.local/lib/python3.12/site-packages/airflow/example_dags/example_sensors.py for tasks to queue
[2024-04-26T23:05:09.036+0000] {logging_mixin.py:188} INFO - [2024-04-26T23:05:09.036+0000] {dagbag.py:540} INFO - Filling up the DagBag from /home/airflow/.local/lib/python3.12/site-packages/airflow/example_dags/example_sensors.py
[2024-04-26T23:05:09.043+0000] {processor.py:840} INFO - DAG(s) 'example_sensors' retrieved from /home/airflow/.local/lib/python3.12/site-packages/airflow/example_dags/example_sensors.py
[2024-04-26T23:05:09.065+0000] {logging_mixin.py:188} INFO - [2024-04-26T23:05:09.065+0000] {dag.py:3096} INFO - Sync 1 DAGs
[2024-04-26T23:05:09.075+0000] {logging_mixin.py:188} INFO - [2024-04-26T23:05:09.075+0000] {dag.py:3954} INFO - Setting next_dagrun for example_sensors to None, run_after=None
[2024-04-26T23:05:09.093+0000] {processor.py:183} INFO - Processing /home/airflow/.local/lib/python3.12/site-packages/airflow/example_dags/example_sensors.py took 0.064 seconds
[2024-04-26T23:05:39.429+0000] {processor.py:161} INFO - Started process (PID=898) to work on /home/airflow/.local/lib/python3.12/site-packages/airflow/example_dags/example_sensors.py
[2024-04-26T23:05:39.430+0000] {processor.py:830} INFO - Processing file /home/airflow/.local/lib/python3.12/site-packages/airflow/example_dags/example_sensors.py for tasks to queue
[2024-04-26T23:05:39.432+0000] {logging_mixin.py:188} INFO - [2024-04-26T23:05:39.431+0000] {dagbag.py:540} INFO - Filling up the DagBag from /home/airflow/.local/lib/python3.12/site-packages/airflow/example_dags/example_sensors.py
[2024-04-26T23:05:39.440+0000] {processor.py:840} INFO - DAG(s) 'example_sensors' retrieved from /home/airflow/.local/lib/python3.12/site-packages/airflow/example_dags/example_sensors.py
[2024-04-26T23:05:39.463+0000] {logging_mixin.py:188} INFO - [2024-04-26T23:05:39.463+0000] {dag.py:3096} INFO - Sync 1 DAGs
[2024-04-26T23:05:39.483+0000] {logging_mixin.py:188} INFO - [2024-04-26T23:05:39.483+0000] {dag.py:3954} INFO - Setting next_dagrun for example_sensors to None, run_after=None
[2024-04-26T23:05:39.511+0000] {processor.py:183} INFO - Processing /home/airflow/.local/lib/python3.12/site-packages/airflow/example_dags/example_sensors.py took 0.088 seconds
[2024-04-26T23:09:56.367+0000] {processor.py:161} INFO - Started process (PID=67) to work on /home/airflow/.local/lib/python3.12/site-packages/airflow/example_dags/example_sensors.py
[2024-04-26T23:09:56.369+0000] {processor.py:830} INFO - Processing file /home/airflow/.local/lib/python3.12/site-packages/airflow/example_dags/example_sensors.py for tasks to queue
[2024-04-26T23:09:56.372+0000] {logging_mixin.py:188} INFO - [2024-04-26T23:09:56.372+0000] {dagbag.py:540} INFO - Filling up the DagBag from /home/airflow/.local/lib/python3.12/site-packages/airflow/example_dags/example_sensors.py
[2024-04-26T23:09:56.384+0000] {processor.py:840} INFO - DAG(s) 'example_sensors' retrieved from /home/airflow/.local/lib/python3.12/site-packages/airflow/example_dags/example_sensors.py
[2024-04-26T23:09:56.398+0000] {logging_mixin.py:188} INFO - [2024-04-26T23:09:56.398+0000] {dag.py:3096} INFO - Sync 1 DAGs
[2024-04-26T23:09:56.412+0000] {logging_mixin.py:188} INFO - [2024-04-26T23:09:56.411+0000] {dag.py:3954} INFO - Setting next_dagrun for example_sensors to None, run_after=None
[2024-04-26T23:09:56.435+0000] {processor.py:183} INFO - Processing /home/airflow/.local/lib/python3.12/site-packages/airflow/example_dags/example_sensors.py took 0.075 seconds
[2024-04-26T23:10:27.267+0000] {processor.py:161} INFO - Started process (PID=126) to work on /home/airflow/.local/lib/python3.12/site-packages/airflow/example_dags/example_sensors.py
[2024-04-26T23:10:27.268+0000] {processor.py:830} INFO - Processing file /home/airflow/.local/lib/python3.12/site-packages/airflow/example_dags/example_sensors.py for tasks to queue
[2024-04-26T23:10:27.271+0000] {logging_mixin.py:188} INFO - [2024-04-26T23:10:27.270+0000] {dagbag.py:540} INFO - Filling up the DagBag from /home/airflow/.local/lib/python3.12/site-packages/airflow/example_dags/example_sensors.py
[2024-04-26T23:10:27.279+0000] {processor.py:840} INFO - DAG(s) 'example_sensors' retrieved from /home/airflow/.local/lib/python3.12/site-packages/airflow/example_dags/example_sensors.py
[2024-04-26T23:10:27.383+0000] {logging_mixin.py:188} INFO - [2024-04-26T23:10:27.383+0000] {dag.py:3096} INFO - Sync 1 DAGs
[2024-04-26T23:10:27.394+0000] {logging_mixin.py:188} INFO - [2024-04-26T23:10:27.394+0000] {dag.py:3954} INFO - Setting next_dagrun for example_sensors to None, run_after=None
[2024-04-26T23:10:27.416+0000] {processor.py:183} INFO - Processing /home/airflow/.local/lib/python3.12/site-packages/airflow/example_dags/example_sensors.py took 0.155 seconds
[2024-04-26T23:10:57.936+0000] {processor.py:161} INFO - Started process (PID=185) to work on /home/airflow/.local/lib/python3.12/site-packages/airflow/example_dags/example_sensors.py
[2024-04-26T23:10:57.937+0000] {processor.py:830} INFO - Processing file /home/airflow/.local/lib/python3.12/site-packages/airflow/example_dags/example_sensors.py for tasks to queue
[2024-04-26T23:10:57.940+0000] {logging_mixin.py:188} INFO - [2024-04-26T23:10:57.940+0000] {dagbag.py:540} INFO - Filling up the DagBag from /home/airflow/.local/lib/python3.12/site-packages/airflow/example_dags/example_sensors.py
[2024-04-26T23:10:57.948+0000] {processor.py:840} INFO - DAG(s) 'example_sensors' retrieved from /home/airflow/.local/lib/python3.12/site-packages/airflow/example_dags/example_sensors.py
[2024-04-26T23:10:57.979+0000] {logging_mixin.py:188} INFO - [2024-04-26T23:10:57.979+0000] {dag.py:3096} INFO - Sync 1 DAGs
[2024-04-26T23:10:57.995+0000] {logging_mixin.py:188} INFO - [2024-04-26T23:10:57.995+0000] {dag.py:3954} INFO - Setting next_dagrun for example_sensors to None, run_after=None
[2024-04-26T23:10:58.019+0000] {processor.py:183} INFO - Processing /home/airflow/.local/lib/python3.12/site-packages/airflow/example_dags/example_sensors.py took 0.089 seconds
[2024-04-26T23:11:28.934+0000] {processor.py:161} INFO - Started process (PID=244) to work on /home/airflow/.local/lib/python3.12/site-packages/airflow/example_dags/example_sensors.py
[2024-04-26T23:11:28.935+0000] {processor.py:830} INFO - Processing file /home/airflow/.local/lib/python3.12/site-packages/airflow/example_dags/example_sensors.py for tasks to queue
[2024-04-26T23:11:28.938+0000] {logging_mixin.py:188} INFO - [2024-04-26T23:11:28.937+0000] {dagbag.py:540} INFO - Filling up the DagBag from /home/airflow/.local/lib/python3.12/site-packages/airflow/example_dags/example_sensors.py
[2024-04-26T23:11:28.946+0000] {processor.py:840} INFO - DAG(s) 'example_sensors' retrieved from /home/airflow/.local/lib/python3.12/site-packages/airflow/example_dags/example_sensors.py
[2024-04-26T23:11:28.973+0000] {logging_mixin.py:188} INFO - [2024-04-26T23:11:28.973+0000] {dag.py:3096} INFO - Sync 1 DAGs
[2024-04-26T23:11:28.987+0000] {logging_mixin.py:188} INFO - [2024-04-26T23:11:28.987+0000] {dag.py:3954} INFO - Setting next_dagrun for example_sensors to None, run_after=None
[2024-04-26T23:11:29.009+0000] {processor.py:183} INFO - Processing /home/airflow/.local/lib/python3.12/site-packages/airflow/example_dags/example_sensors.py took 0.082 seconds
[2024-04-26T23:11:59.271+0000] {processor.py:161} INFO - Started process (PID=303) to work on /home/airflow/.local/lib/python3.12/site-packages/airflow/example_dags/example_sensors.py
[2024-04-26T23:11:59.272+0000] {processor.py:830} INFO - Processing file /home/airflow/.local/lib/python3.12/site-packages/airflow/example_dags/example_sensors.py for tasks to queue
[2024-04-26T23:11:59.274+0000] {logging_mixin.py:188} INFO - [2024-04-26T23:11:59.274+0000] {dagbag.py:540} INFO - Filling up the DagBag from /home/airflow/.local/lib/python3.12/site-packages/airflow/example_dags/example_sensors.py
[2024-04-26T23:11:59.282+0000] {processor.py:840} INFO - DAG(s) 'example_sensors' retrieved from /home/airflow/.local/lib/python3.12/site-packages/airflow/example_dags/example_sensors.py
[2024-04-26T23:11:59.307+0000] {logging_mixin.py:188} INFO - [2024-04-26T23:11:59.307+0000] {dag.py:3096} INFO - Sync 1 DAGs
[2024-04-26T23:11:59.321+0000] {logging_mixin.py:188} INFO - [2024-04-26T23:11:59.320+0000] {dag.py:3954} INFO - Setting next_dagrun for example_sensors to None, run_after=None
[2024-04-26T23:11:59.343+0000] {processor.py:183} INFO - Processing /home/airflow/.local/lib/python3.12/site-packages/airflow/example_dags/example_sensors.py took 0.077 seconds
[2024-04-26T23:12:29.476+0000] {processor.py:161} INFO - Started process (PID=362) to work on /home/airflow/.local/lib/python3.12/site-packages/airflow/example_dags/example_sensors.py
[2024-04-26T23:12:29.477+0000] {processor.py:830} INFO - Processing file /home/airflow/.local/lib/python3.12/site-packages/airflow/example_dags/example_sensors.py for tasks to queue
[2024-04-26T23:12:29.479+0000] {logging_mixin.py:188} INFO - [2024-04-26T23:12:29.479+0000] {dagbag.py:540} INFO - Filling up the DagBag from /home/airflow/.local/lib/python3.12/site-packages/airflow/example_dags/example_sensors.py
[2024-04-26T23:12:29.487+0000] {processor.py:840} INFO - DAG(s) 'example_sensors' retrieved from /home/airflow/.local/lib/python3.12/site-packages/airflow/example_dags/example_sensors.py
[2024-04-26T23:12:29.512+0000] {logging_mixin.py:188} INFO - [2024-04-26T23:12:29.511+0000] {dag.py:3096} INFO - Sync 1 DAGs
[2024-04-26T23:12:29.523+0000] {logging_mixin.py:188} INFO - [2024-04-26T23:12:29.522+0000] {dag.py:3954} INFO - Setting next_dagrun for example_sensors to None, run_after=None
[2024-04-26T23:12:29.543+0000] {processor.py:183} INFO - Processing /home/airflow/.local/lib/python3.12/site-packages/airflow/example_dags/example_sensors.py took 0.071 seconds
[2024-04-26T23:12:59.832+0000] {processor.py:161} INFO - Started process (PID=421) to work on /home/airflow/.local/lib/python3.12/site-packages/airflow/example_dags/example_sensors.py
[2024-04-26T23:12:59.833+0000] {processor.py:830} INFO - Processing file /home/airflow/.local/lib/python3.12/site-packages/airflow/example_dags/example_sensors.py for tasks to queue
[2024-04-26T23:12:59.834+0000] {logging_mixin.py:188} INFO - [2024-04-26T23:12:59.834+0000] {dagbag.py:540} INFO - Filling up the DagBag from /home/airflow/.local/lib/python3.12/site-packages/airflow/example_dags/example_sensors.py
[2024-04-26T23:12:59.842+0000] {processor.py:840} INFO - DAG(s) 'example_sensors' retrieved from /home/airflow/.local/lib/python3.12/site-packages/airflow/example_dags/example_sensors.py
[2024-04-26T23:12:59.868+0000] {logging_mixin.py:188} INFO - [2024-04-26T23:12:59.868+0000] {dag.py:3096} INFO - Sync 1 DAGs
[2024-04-26T23:12:59.879+0000] {logging_mixin.py:188} INFO - [2024-04-26T23:12:59.879+0000] {dag.py:3954} INFO - Setting next_dagrun for example_sensors to None, run_after=None
[2024-04-26T23:12:59.904+0000] {processor.py:183} INFO - Processing /home/airflow/.local/lib/python3.12/site-packages/airflow/example_dags/example_sensors.py took 0.078 seconds
[2024-04-26T23:13:29.981+0000] {processor.py:161} INFO - Started process (PID=479) to work on /home/airflow/.local/lib/python3.12/site-packages/airflow/example_dags/example_sensors.py
[2024-04-26T23:13:29.982+0000] {processor.py:830} INFO - Processing file /home/airflow/.local/lib/python3.12/site-packages/airflow/example_dags/example_sensors.py for tasks to queue
[2024-04-26T23:13:29.984+0000] {logging_mixin.py:188} INFO - [2024-04-26T23:13:29.984+0000] {dagbag.py:540} INFO - Filling up the DagBag from /home/airflow/.local/lib/python3.12/site-packages/airflow/example_dags/example_sensors.py
[2024-04-26T23:13:29.993+0000] {processor.py:840} INFO - DAG(s) 'example_sensors' retrieved from /home/airflow/.local/lib/python3.12/site-packages/airflow/example_dags/example_sensors.py
[2024-04-26T23:13:30.027+0000] {logging_mixin.py:188} INFO - [2024-04-26T23:13:30.027+0000] {dag.py:3096} INFO - Sync 1 DAGs
[2024-04-26T23:13:30.044+0000] {logging_mixin.py:188} INFO - [2024-04-26T23:13:30.044+0000] {dag.py:3954} INFO - Setting next_dagrun for example_sensors to None, run_after=None
[2024-04-26T23:13:30.067+0000] {processor.py:183} INFO - Processing /home/airflow/.local/lib/python3.12/site-packages/airflow/example_dags/example_sensors.py took 0.096 seconds
[2024-04-26T23:17:54.300+0000] {processor.py:161} INFO - Started process (PID=67) to work on /home/airflow/.local/lib/python3.12/site-packages/airflow/example_dags/example_sensors.py
[2024-04-26T23:17:54.302+0000] {processor.py:830} INFO - Processing file /home/airflow/.local/lib/python3.12/site-packages/airflow/example_dags/example_sensors.py for tasks to queue
[2024-04-26T23:17:54.308+0000] {logging_mixin.py:188} INFO - [2024-04-26T23:17:54.307+0000] {dagbag.py:540} INFO - Filling up the DagBag from /home/airflow/.local/lib/python3.12/site-packages/airflow/example_dags/example_sensors.py
[2024-04-26T23:17:54.332+0000] {processor.py:840} INFO - DAG(s) 'example_sensors' retrieved from /home/airflow/.local/lib/python3.12/site-packages/airflow/example_dags/example_sensors.py
[2024-04-26T23:17:54.362+0000] {logging_mixin.py:188} INFO - [2024-04-26T23:17:54.361+0000] {dag.py:3096} INFO - Sync 1 DAGs
[2024-04-26T23:17:54.391+0000] {logging_mixin.py:188} INFO - [2024-04-26T23:17:54.391+0000] {dag.py:3954} INFO - Setting next_dagrun for example_sensors to None, run_after=None
[2024-04-26T23:17:54.420+0000] {processor.py:183} INFO - Processing /home/airflow/.local/lib/python3.12/site-packages/airflow/example_dags/example_sensors.py took 0.139 seconds
[2024-04-26T23:18:25.168+0000] {processor.py:161} INFO - Started process (PID=126) to work on /home/airflow/.local/lib/python3.12/site-packages/airflow/example_dags/example_sensors.py
[2024-04-26T23:18:25.169+0000] {processor.py:830} INFO - Processing file /home/airflow/.local/lib/python3.12/site-packages/airflow/example_dags/example_sensors.py for tasks to queue
[2024-04-26T23:18:25.171+0000] {logging_mixin.py:188} INFO - [2024-04-26T23:18:25.171+0000] {dagbag.py:540} INFO - Filling up the DagBag from /home/airflow/.local/lib/python3.12/site-packages/airflow/example_dags/example_sensors.py
[2024-04-26T23:18:25.179+0000] {processor.py:840} INFO - DAG(s) 'example_sensors' retrieved from /home/airflow/.local/lib/python3.12/site-packages/airflow/example_dags/example_sensors.py
[2024-04-26T23:18:25.280+0000] {logging_mixin.py:188} INFO - [2024-04-26T23:18:25.280+0000] {dag.py:3096} INFO - Sync 1 DAGs
[2024-04-26T23:18:25.292+0000] {logging_mixin.py:188} INFO - [2024-04-26T23:18:25.291+0000] {dag.py:3954} INFO - Setting next_dagrun for example_sensors to None, run_after=None
[2024-04-26T23:18:25.315+0000] {processor.py:183} INFO - Processing /home/airflow/.local/lib/python3.12/site-packages/airflow/example_dags/example_sensors.py took 0.152 seconds
[2024-04-26T23:18:56.320+0000] {processor.py:161} INFO - Started process (PID=185) to work on /home/airflow/.local/lib/python3.12/site-packages/airflow/example_dags/example_sensors.py
[2024-04-26T23:18:56.321+0000] {processor.py:830} INFO - Processing file /home/airflow/.local/lib/python3.12/site-packages/airflow/example_dags/example_sensors.py for tasks to queue
[2024-04-26T23:18:56.324+0000] {logging_mixin.py:188} INFO - [2024-04-26T23:18:56.323+0000] {dagbag.py:540} INFO - Filling up the DagBag from /home/airflow/.local/lib/python3.12/site-packages/airflow/example_dags/example_sensors.py
[2024-04-26T23:18:56.332+0000] {processor.py:840} INFO - DAG(s) 'example_sensors' retrieved from /home/airflow/.local/lib/python3.12/site-packages/airflow/example_dags/example_sensors.py
[2024-04-26T23:18:56.361+0000] {logging_mixin.py:188} INFO - [2024-04-26T23:18:56.361+0000] {dag.py:3096} INFO - Sync 1 DAGs
[2024-04-26T23:18:56.375+0000] {logging_mixin.py:188} INFO - [2024-04-26T23:18:56.375+0000] {dag.py:3954} INFO - Setting next_dagrun for example_sensors to None, run_after=None
[2024-04-26T23:18:56.400+0000] {processor.py:183} INFO - Processing /home/airflow/.local/lib/python3.12/site-packages/airflow/example_dags/example_sensors.py took 0.086 seconds
[2024-04-26T23:19:43.350+0000] {processor.py:161} INFO - Started process (PID=67) to work on /home/airflow/.local/lib/python3.12/site-packages/airflow/example_dags/example_sensors.py
[2024-04-26T23:19:43.351+0000] {processor.py:830} INFO - Processing file /home/airflow/.local/lib/python3.12/site-packages/airflow/example_dags/example_sensors.py for tasks to queue
[2024-04-26T23:19:43.354+0000] {logging_mixin.py:188} INFO - [2024-04-26T23:19:43.353+0000] {dagbag.py:540} INFO - Filling up the DagBag from /home/airflow/.local/lib/python3.12/site-packages/airflow/example_dags/example_sensors.py
[2024-04-26T23:19:43.362+0000] {processor.py:840} INFO - DAG(s) 'example_sensors' retrieved from /home/airflow/.local/lib/python3.12/site-packages/airflow/example_dags/example_sensors.py
[2024-04-26T23:19:43.376+0000] {logging_mixin.py:188} INFO - [2024-04-26T23:19:43.376+0000] {dag.py:3096} INFO - Sync 1 DAGs
[2024-04-26T23:19:43.390+0000] {logging_mixin.py:188} INFO - [2024-04-26T23:19:43.390+0000] {dag.py:3954} INFO - Setting next_dagrun for example_sensors to None, run_after=None
[2024-04-26T23:19:43.417+0000] {processor.py:183} INFO - Processing /home/airflow/.local/lib/python3.12/site-packages/airflow/example_dags/example_sensors.py took 0.075 seconds
[2024-04-26T23:20:14.483+0000] {processor.py:161} INFO - Started process (PID=126) to work on /home/airflow/.local/lib/python3.12/site-packages/airflow/example_dags/example_sensors.py
[2024-04-26T23:20:14.484+0000] {processor.py:830} INFO - Processing file /home/airflow/.local/lib/python3.12/site-packages/airflow/example_dags/example_sensors.py for tasks to queue
[2024-04-26T23:20:14.486+0000] {logging_mixin.py:188} INFO - [2024-04-26T23:20:14.486+0000] {dagbag.py:540} INFO - Filling up the DagBag from /home/airflow/.local/lib/python3.12/site-packages/airflow/example_dags/example_sensors.py
[2024-04-26T23:20:14.492+0000] {processor.py:840} INFO - DAG(s) 'example_sensors' retrieved from /home/airflow/.local/lib/python3.12/site-packages/airflow/example_dags/example_sensors.py
[2024-04-26T23:20:14.572+0000] {logging_mixin.py:188} INFO - [2024-04-26T23:20:14.572+0000] {dag.py:3096} INFO - Sync 1 DAGs
[2024-04-26T23:20:14.582+0000] {logging_mixin.py:188} INFO - [2024-04-26T23:20:14.581+0000] {dag.py:3954} INFO - Setting next_dagrun for example_sensors to None, run_after=None
[2024-04-26T23:20:14.603+0000] {processor.py:183} INFO - Processing /home/airflow/.local/lib/python3.12/site-packages/airflow/example_dags/example_sensors.py took 0.124 seconds
[2024-04-26T23:20:45.090+0000] {processor.py:161} INFO - Started process (PID=185) to work on /home/airflow/.local/lib/python3.12/site-packages/airflow/example_dags/example_sensors.py
[2024-04-26T23:20:45.091+0000] {processor.py:830} INFO - Processing file /home/airflow/.local/lib/python3.12/site-packages/airflow/example_dags/example_sensors.py for tasks to queue
[2024-04-26T23:20:45.093+0000] {logging_mixin.py:188} INFO - [2024-04-26T23:20:45.093+0000] {dagbag.py:540} INFO - Filling up the DagBag from /home/airflow/.local/lib/python3.12/site-packages/airflow/example_dags/example_sensors.py
[2024-04-26T23:20:45.100+0000] {processor.py:840} INFO - DAG(s) 'example_sensors' retrieved from /home/airflow/.local/lib/python3.12/site-packages/airflow/example_dags/example_sensors.py
[2024-04-26T23:20:45.126+0000] {logging_mixin.py:188} INFO - [2024-04-26T23:20:45.126+0000] {dag.py:3096} INFO - Sync 1 DAGs
[2024-04-26T23:20:45.136+0000] {logging_mixin.py:188} INFO - [2024-04-26T23:20:45.135+0000] {dag.py:3954} INFO - Setting next_dagrun for example_sensors to None, run_after=None
[2024-04-26T23:20:45.153+0000] {processor.py:183} INFO - Processing /home/airflow/.local/lib/python3.12/site-packages/airflow/example_dags/example_sensors.py took 0.068 seconds
[2024-04-26T23:21:15.411+0000] {processor.py:161} INFO - Started process (PID=244) to work on /home/airflow/.local/lib/python3.12/site-packages/airflow/example_dags/example_sensors.py
[2024-04-26T23:21:15.412+0000] {processor.py:830} INFO - Processing file /home/airflow/.local/lib/python3.12/site-packages/airflow/example_dags/example_sensors.py for tasks to queue
[2024-04-26T23:21:15.414+0000] {logging_mixin.py:188} INFO - [2024-04-26T23:21:15.414+0000] {dagbag.py:540} INFO - Filling up the DagBag from /home/airflow/.local/lib/python3.12/site-packages/airflow/example_dags/example_sensors.py
[2024-04-26T23:21:15.424+0000] {processor.py:840} INFO - DAG(s) 'example_sensors' retrieved from /home/airflow/.local/lib/python3.12/site-packages/airflow/example_dags/example_sensors.py
[2024-04-26T23:21:15.454+0000] {logging_mixin.py:188} INFO - [2024-04-26T23:21:15.454+0000] {dag.py:3096} INFO - Sync 1 DAGs
[2024-04-26T23:21:15.468+0000] {logging_mixin.py:188} INFO - [2024-04-26T23:21:15.468+0000] {dag.py:3954} INFO - Setting next_dagrun for example_sensors to None, run_after=None
[2024-04-26T23:21:15.489+0000] {processor.py:183} INFO - Processing /home/airflow/.local/lib/python3.12/site-packages/airflow/example_dags/example_sensors.py took 0.085 seconds
[2024-04-26T23:21:46.035+0000] {processor.py:161} INFO - Started process (PID=303) to work on /home/airflow/.local/lib/python3.12/site-packages/airflow/example_dags/example_sensors.py
[2024-04-26T23:21:46.036+0000] {processor.py:830} INFO - Processing file /home/airflow/.local/lib/python3.12/site-packages/airflow/example_dags/example_sensors.py for tasks to queue
[2024-04-26T23:21:46.038+0000] {logging_mixin.py:188} INFO - [2024-04-26T23:21:46.038+0000] {dagbag.py:540} INFO - Filling up the DagBag from /home/airflow/.local/lib/python3.12/site-packages/airflow/example_dags/example_sensors.py
[2024-04-26T23:21:46.047+0000] {processor.py:840} INFO - DAG(s) 'example_sensors' retrieved from /home/airflow/.local/lib/python3.12/site-packages/airflow/example_dags/example_sensors.py
[2024-04-26T23:21:46.080+0000] {logging_mixin.py:188} INFO - [2024-04-26T23:21:46.080+0000] {dag.py:3096} INFO - Sync 1 DAGs
[2024-04-26T23:21:46.096+0000] {logging_mixin.py:188} INFO - [2024-04-26T23:21:46.096+0000] {dag.py:3954} INFO - Setting next_dagrun for example_sensors to None, run_after=None
[2024-04-26T23:21:46.120+0000] {processor.py:183} INFO - Processing /home/airflow/.local/lib/python3.12/site-packages/airflow/example_dags/example_sensors.py took 0.091 seconds
