[2024-04-26T22:58:32.072+0000] {processor.py:161} INFO - Started process (PID=71) to work on /home/airflow/.local/lib/python3.12/site-packages/airflow/example_dags/tutorial_dag.py
[2024-04-26T22:58:32.073+0000] {processor.py:830} INFO - Processing file /home/airflow/.local/lib/python3.12/site-packages/airflow/example_dags/tutorial_dag.py for tasks to queue
[2024-04-26T22:58:32.075+0000] {logging_mixin.py:188} INFO - [2024-04-26T22:58:32.075+0000] {dagbag.py:540} INFO - Filling up the DagBag from /home/airflow/.local/lib/python3.12/site-packages/airflow/example_dags/tutorial_dag.py
[2024-04-26T22:58:32.084+0000] {processor.py:840} INFO - DAG(s) 'tutorial_dag' retrieved from /home/airflow/.local/lib/python3.12/site-packages/airflow/example_dags/tutorial_dag.py
[2024-04-26T22:58:32.372+0000] {logging_mixin.py:188} INFO - [2024-04-26T22:58:32.371+0000] {dag.py:3096} INFO - Sync 1 DAGs
[2024-04-26T22:58:32.404+0000] {logging_mixin.py:188} INFO - [2024-04-26T22:58:32.404+0000] {dag.py:3954} INFO - Setting next_dagrun for tutorial_dag to None, run_after=None
[2024-04-26T22:58:32.458+0000] {processor.py:183} INFO - Processing /home/airflow/.local/lib/python3.12/site-packages/airflow/example_dags/tutorial_dag.py took 0.394 seconds
[2024-04-26T22:59:03.105+0000] {processor.py:161} INFO - Started process (PID=130) to work on /home/airflow/.local/lib/python3.12/site-packages/airflow/example_dags/tutorial_dag.py
[2024-04-26T22:59:03.106+0000] {processor.py:830} INFO - Processing file /home/airflow/.local/lib/python3.12/site-packages/airflow/example_dags/tutorial_dag.py for tasks to queue
[2024-04-26T22:59:03.109+0000] {logging_mixin.py:188} INFO - [2024-04-26T22:59:03.109+0000] {dagbag.py:540} INFO - Filling up the DagBag from /home/airflow/.local/lib/python3.12/site-packages/airflow/example_dags/tutorial_dag.py
[2024-04-26T22:59:03.117+0000] {processor.py:840} INFO - DAG(s) 'tutorial_dag' retrieved from /home/airflow/.local/lib/python3.12/site-packages/airflow/example_dags/tutorial_dag.py
[2024-04-26T22:59:03.148+0000] {logging_mixin.py:188} INFO - [2024-04-26T22:59:03.147+0000] {dag.py:3096} INFO - Sync 1 DAGs
[2024-04-26T22:59:03.164+0000] {logging_mixin.py:188} INFO - [2024-04-26T22:59:03.164+0000] {dag.py:3954} INFO - Setting next_dagrun for tutorial_dag to None, run_after=None
[2024-04-26T22:59:03.192+0000] {processor.py:183} INFO - Processing /home/airflow/.local/lib/python3.12/site-packages/airflow/example_dags/tutorial_dag.py took 0.096 seconds
[2024-04-26T22:59:33.433+0000] {processor.py:161} INFO - Started process (PID=189) to work on /home/airflow/.local/lib/python3.12/site-packages/airflow/example_dags/tutorial_dag.py
[2024-04-26T22:59:33.434+0000] {processor.py:830} INFO - Processing file /home/airflow/.local/lib/python3.12/site-packages/airflow/example_dags/tutorial_dag.py for tasks to queue
[2024-04-26T22:59:33.436+0000] {logging_mixin.py:188} INFO - [2024-04-26T22:59:33.436+0000] {dagbag.py:540} INFO - Filling up the DagBag from /home/airflow/.local/lib/python3.12/site-packages/airflow/example_dags/tutorial_dag.py
[2024-04-26T22:59:33.442+0000] {processor.py:840} INFO - DAG(s) 'tutorial_dag' retrieved from /home/airflow/.local/lib/python3.12/site-packages/airflow/example_dags/tutorial_dag.py
[2024-04-26T22:59:33.464+0000] {logging_mixin.py:188} INFO - [2024-04-26T22:59:33.464+0000] {dag.py:3096} INFO - Sync 1 DAGs
[2024-04-26T22:59:33.477+0000] {logging_mixin.py:188} INFO - [2024-04-26T22:59:33.477+0000] {dag.py:3954} INFO - Setting next_dagrun for tutorial_dag to None, run_after=None
[2024-04-26T22:59:33.502+0000] {processor.py:183} INFO - Processing /home/airflow/.local/lib/python3.12/site-packages/airflow/example_dags/tutorial_dag.py took 0.076 seconds
[2024-04-26T23:00:04.382+0000] {processor.py:161} INFO - Started process (PID=248) to work on /home/airflow/.local/lib/python3.12/site-packages/airflow/example_dags/tutorial_dag.py
[2024-04-26T23:00:04.383+0000] {processor.py:830} INFO - Processing file /home/airflow/.local/lib/python3.12/site-packages/airflow/example_dags/tutorial_dag.py for tasks to queue
[2024-04-26T23:00:04.385+0000] {logging_mixin.py:188} INFO - [2024-04-26T23:00:04.385+0000] {dagbag.py:540} INFO - Filling up the DagBag from /home/airflow/.local/lib/python3.12/site-packages/airflow/example_dags/tutorial_dag.py
[2024-04-26T23:00:04.389+0000] {processor.py:840} INFO - DAG(s) 'tutorial_dag' retrieved from /home/airflow/.local/lib/python3.12/site-packages/airflow/example_dags/tutorial_dag.py
[2024-04-26T23:00:04.407+0000] {logging_mixin.py:188} INFO - [2024-04-26T23:00:04.407+0000] {dag.py:3096} INFO - Sync 1 DAGs
[2024-04-26T23:00:04.417+0000] {logging_mixin.py:188} INFO - [2024-04-26T23:00:04.417+0000] {dag.py:3954} INFO - Setting next_dagrun for tutorial_dag to None, run_after=None
[2024-04-26T23:00:04.433+0000] {processor.py:183} INFO - Processing /home/airflow/.local/lib/python3.12/site-packages/airflow/example_dags/tutorial_dag.py took 0.056 seconds
[2024-04-26T23:00:34.589+0000] {processor.py:161} INFO - Started process (PID=307) to work on /home/airflow/.local/lib/python3.12/site-packages/airflow/example_dags/tutorial_dag.py
[2024-04-26T23:00:34.590+0000] {processor.py:830} INFO - Processing file /home/airflow/.local/lib/python3.12/site-packages/airflow/example_dags/tutorial_dag.py for tasks to queue
[2024-04-26T23:00:34.593+0000] {logging_mixin.py:188} INFO - [2024-04-26T23:00:34.593+0000] {dagbag.py:540} INFO - Filling up the DagBag from /home/airflow/.local/lib/python3.12/site-packages/airflow/example_dags/tutorial_dag.py
[2024-04-26T23:00:34.599+0000] {processor.py:840} INFO - DAG(s) 'tutorial_dag' retrieved from /home/airflow/.local/lib/python3.12/site-packages/airflow/example_dags/tutorial_dag.py
[2024-04-26T23:00:34.619+0000] {logging_mixin.py:188} INFO - [2024-04-26T23:00:34.619+0000] {dag.py:3096} INFO - Sync 1 DAGs
[2024-04-26T23:00:34.631+0000] {logging_mixin.py:188} INFO - [2024-04-26T23:00:34.631+0000] {dag.py:3954} INFO - Setting next_dagrun for tutorial_dag to None, run_after=None
[2024-04-26T23:00:34.653+0000] {processor.py:183} INFO - Processing /home/airflow/.local/lib/python3.12/site-packages/airflow/example_dags/tutorial_dag.py took 0.069 seconds
[2024-04-26T23:01:05.153+0000] {processor.py:161} INFO - Started process (PID=366) to work on /home/airflow/.local/lib/python3.12/site-packages/airflow/example_dags/tutorial_dag.py
[2024-04-26T23:01:05.155+0000] {processor.py:830} INFO - Processing file /home/airflow/.local/lib/python3.12/site-packages/airflow/example_dags/tutorial_dag.py for tasks to queue
[2024-04-26T23:01:05.158+0000] {logging_mixin.py:188} INFO - [2024-04-26T23:01:05.157+0000] {dagbag.py:540} INFO - Filling up the DagBag from /home/airflow/.local/lib/python3.12/site-packages/airflow/example_dags/tutorial_dag.py
[2024-04-26T23:01:05.169+0000] {processor.py:840} INFO - DAG(s) 'tutorial_dag' retrieved from /home/airflow/.local/lib/python3.12/site-packages/airflow/example_dags/tutorial_dag.py
[2024-04-26T23:01:05.212+0000] {logging_mixin.py:188} INFO - [2024-04-26T23:01:05.211+0000] {dag.py:3096} INFO - Sync 1 DAGs
[2024-04-26T23:01:05.231+0000] {logging_mixin.py:188} INFO - [2024-04-26T23:01:05.230+0000] {dag.py:3954} INFO - Setting next_dagrun for tutorial_dag to None, run_after=None
[2024-04-26T23:01:05.255+0000] {processor.py:183} INFO - Processing /home/airflow/.local/lib/python3.12/site-packages/airflow/example_dags/tutorial_dag.py took 0.109 seconds
[2024-04-26T23:01:35.652+0000] {processor.py:161} INFO - Started process (PID=425) to work on /home/airflow/.local/lib/python3.12/site-packages/airflow/example_dags/tutorial_dag.py
[2024-04-26T23:01:35.653+0000] {processor.py:830} INFO - Processing file /home/airflow/.local/lib/python3.12/site-packages/airflow/example_dags/tutorial_dag.py for tasks to queue
[2024-04-26T23:01:35.654+0000] {logging_mixin.py:188} INFO - [2024-04-26T23:01:35.654+0000] {dagbag.py:540} INFO - Filling up the DagBag from /home/airflow/.local/lib/python3.12/site-packages/airflow/example_dags/tutorial_dag.py
[2024-04-26T23:01:35.659+0000] {processor.py:840} INFO - DAG(s) 'tutorial_dag' retrieved from /home/airflow/.local/lib/python3.12/site-packages/airflow/example_dags/tutorial_dag.py
[2024-04-26T23:01:35.677+0000] {logging_mixin.py:188} INFO - [2024-04-26T23:01:35.677+0000] {dag.py:3096} INFO - Sync 1 DAGs
[2024-04-26T23:01:35.687+0000] {logging_mixin.py:188} INFO - [2024-04-26T23:01:35.687+0000] {dag.py:3954} INFO - Setting next_dagrun for tutorial_dag to None, run_after=None
[2024-04-26T23:01:35.705+0000] {processor.py:183} INFO - Processing /home/airflow/.local/lib/python3.12/site-packages/airflow/example_dags/tutorial_dag.py took 0.059 seconds
[2024-04-26T23:02:05.985+0000] {processor.py:161} INFO - Started process (PID=484) to work on /home/airflow/.local/lib/python3.12/site-packages/airflow/example_dags/tutorial_dag.py
[2024-04-26T23:02:05.986+0000] {processor.py:830} INFO - Processing file /home/airflow/.local/lib/python3.12/site-packages/airflow/example_dags/tutorial_dag.py for tasks to queue
[2024-04-26T23:02:05.988+0000] {logging_mixin.py:188} INFO - [2024-04-26T23:02:05.987+0000] {dagbag.py:540} INFO - Filling up the DagBag from /home/airflow/.local/lib/python3.12/site-packages/airflow/example_dags/tutorial_dag.py
[2024-04-26T23:02:05.992+0000] {processor.py:840} INFO - DAG(s) 'tutorial_dag' retrieved from /home/airflow/.local/lib/python3.12/site-packages/airflow/example_dags/tutorial_dag.py
[2024-04-26T23:02:06.014+0000] {logging_mixin.py:188} INFO - [2024-04-26T23:02:06.013+0000] {dag.py:3096} INFO - Sync 1 DAGs
[2024-04-26T23:02:06.028+0000] {logging_mixin.py:188} INFO - [2024-04-26T23:02:06.027+0000] {dag.py:3954} INFO - Setting next_dagrun for tutorial_dag to None, run_after=None
[2024-04-26T23:02:06.049+0000] {processor.py:183} INFO - Processing /home/airflow/.local/lib/python3.12/site-packages/airflow/example_dags/tutorial_dag.py took 0.070 seconds
[2024-04-26T23:02:36.581+0000] {processor.py:161} INFO - Started process (PID=543) to work on /home/airflow/.local/lib/python3.12/site-packages/airflow/example_dags/tutorial_dag.py
[2024-04-26T23:02:36.582+0000] {processor.py:830} INFO - Processing file /home/airflow/.local/lib/python3.12/site-packages/airflow/example_dags/tutorial_dag.py for tasks to queue
[2024-04-26T23:02:36.584+0000] {logging_mixin.py:188} INFO - [2024-04-26T23:02:36.584+0000] {dagbag.py:540} INFO - Filling up the DagBag from /home/airflow/.local/lib/python3.12/site-packages/airflow/example_dags/tutorial_dag.py
[2024-04-26T23:02:36.588+0000] {processor.py:840} INFO - DAG(s) 'tutorial_dag' retrieved from /home/airflow/.local/lib/python3.12/site-packages/airflow/example_dags/tutorial_dag.py
[2024-04-26T23:02:36.605+0000] {logging_mixin.py:188} INFO - [2024-04-26T23:02:36.605+0000] {dag.py:3096} INFO - Sync 1 DAGs
[2024-04-26T23:02:36.617+0000] {logging_mixin.py:188} INFO - [2024-04-26T23:02:36.617+0000] {dag.py:3954} INFO - Setting next_dagrun for tutorial_dag to None, run_after=None
[2024-04-26T23:02:36.637+0000] {processor.py:183} INFO - Processing /home/airflow/.local/lib/python3.12/site-packages/airflow/example_dags/tutorial_dag.py took 0.062 seconds
[2024-04-26T23:03:07.757+0000] {processor.py:161} INFO - Started process (PID=602) to work on /home/airflow/.local/lib/python3.12/site-packages/airflow/example_dags/tutorial_dag.py
[2024-04-26T23:03:07.758+0000] {processor.py:830} INFO - Processing file /home/airflow/.local/lib/python3.12/site-packages/airflow/example_dags/tutorial_dag.py for tasks to queue
[2024-04-26T23:03:07.760+0000] {logging_mixin.py:188} INFO - [2024-04-26T23:03:07.760+0000] {dagbag.py:540} INFO - Filling up the DagBag from /home/airflow/.local/lib/python3.12/site-packages/airflow/example_dags/tutorial_dag.py
[2024-04-26T23:03:07.765+0000] {processor.py:840} INFO - DAG(s) 'tutorial_dag' retrieved from /home/airflow/.local/lib/python3.12/site-packages/airflow/example_dags/tutorial_dag.py
[2024-04-26T23:03:07.785+0000] {logging_mixin.py:188} INFO - [2024-04-26T23:03:07.784+0000] {dag.py:3096} INFO - Sync 1 DAGs
[2024-04-26T23:03:07.795+0000] {logging_mixin.py:188} INFO - [2024-04-26T23:03:07.795+0000] {dag.py:3954} INFO - Setting next_dagrun for tutorial_dag to None, run_after=None
[2024-04-26T23:03:07.814+0000] {processor.py:183} INFO - Processing /home/airflow/.local/lib/python3.12/site-packages/airflow/example_dags/tutorial_dag.py took 0.063 seconds
[2024-04-26T23:03:37.949+0000] {processor.py:161} INFO - Started process (PID=660) to work on /home/airflow/.local/lib/python3.12/site-packages/airflow/example_dags/tutorial_dag.py
[2024-04-26T23:03:37.950+0000] {processor.py:830} INFO - Processing file /home/airflow/.local/lib/python3.12/site-packages/airflow/example_dags/tutorial_dag.py for tasks to queue
[2024-04-26T23:03:37.951+0000] {logging_mixin.py:188} INFO - [2024-04-26T23:03:37.951+0000] {dagbag.py:540} INFO - Filling up the DagBag from /home/airflow/.local/lib/python3.12/site-packages/airflow/example_dags/tutorial_dag.py
[2024-04-26T23:03:37.956+0000] {processor.py:840} INFO - DAG(s) 'tutorial_dag' retrieved from /home/airflow/.local/lib/python3.12/site-packages/airflow/example_dags/tutorial_dag.py
[2024-04-26T23:03:37.973+0000] {logging_mixin.py:188} INFO - [2024-04-26T23:03:37.973+0000] {dag.py:3096} INFO - Sync 1 DAGs
[2024-04-26T23:03:37.982+0000] {logging_mixin.py:188} INFO - [2024-04-26T23:03:37.982+0000] {dag.py:3954} INFO - Setting next_dagrun for tutorial_dag to None, run_after=None
[2024-04-26T23:03:38.002+0000] {processor.py:183} INFO - Processing /home/airflow/.local/lib/python3.12/site-packages/airflow/example_dags/tutorial_dag.py took 0.059 seconds
[2024-04-26T23:04:08.237+0000] {processor.py:161} INFO - Started process (PID=719) to work on /home/airflow/.local/lib/python3.12/site-packages/airflow/example_dags/tutorial_dag.py
[2024-04-26T23:04:08.238+0000] {processor.py:830} INFO - Processing file /home/airflow/.local/lib/python3.12/site-packages/airflow/example_dags/tutorial_dag.py for tasks to queue
[2024-04-26T23:04:08.240+0000] {logging_mixin.py:188} INFO - [2024-04-26T23:04:08.240+0000] {dagbag.py:540} INFO - Filling up the DagBag from /home/airflow/.local/lib/python3.12/site-packages/airflow/example_dags/tutorial_dag.py
[2024-04-26T23:04:08.244+0000] {processor.py:840} INFO - DAG(s) 'tutorial_dag' retrieved from /home/airflow/.local/lib/python3.12/site-packages/airflow/example_dags/tutorial_dag.py
[2024-04-26T23:04:08.260+0000] {logging_mixin.py:188} INFO - [2024-04-26T23:04:08.260+0000] {dag.py:3096} INFO - Sync 1 DAGs
[2024-04-26T23:04:08.271+0000] {logging_mixin.py:188} INFO - [2024-04-26T23:04:08.271+0000] {dag.py:3954} INFO - Setting next_dagrun for tutorial_dag to None, run_after=None
[2024-04-26T23:04:08.289+0000] {processor.py:183} INFO - Processing /home/airflow/.local/lib/python3.12/site-packages/airflow/example_dags/tutorial_dag.py took 0.057 seconds
[2024-04-26T23:04:38.770+0000] {processor.py:161} INFO - Started process (PID=778) to work on /home/airflow/.local/lib/python3.12/site-packages/airflow/example_dags/tutorial_dag.py
[2024-04-26T23:04:38.771+0000] {processor.py:830} INFO - Processing file /home/airflow/.local/lib/python3.12/site-packages/airflow/example_dags/tutorial_dag.py for tasks to queue
[2024-04-26T23:04:38.774+0000] {logging_mixin.py:188} INFO - [2024-04-26T23:04:38.773+0000] {dagbag.py:540} INFO - Filling up the DagBag from /home/airflow/.local/lib/python3.12/site-packages/airflow/example_dags/tutorial_dag.py
[2024-04-26T23:04:38.779+0000] {processor.py:840} INFO - DAG(s) 'tutorial_dag' retrieved from /home/airflow/.local/lib/python3.12/site-packages/airflow/example_dags/tutorial_dag.py
[2024-04-26T23:04:38.802+0000] {logging_mixin.py:188} INFO - [2024-04-26T23:04:38.802+0000] {dag.py:3096} INFO - Sync 1 DAGs
[2024-04-26T23:04:38.816+0000] {logging_mixin.py:188} INFO - [2024-04-26T23:04:38.816+0000] {dag.py:3954} INFO - Setting next_dagrun for tutorial_dag to None, run_after=None
[2024-04-26T23:04:38.842+0000] {processor.py:183} INFO - Processing /home/airflow/.local/lib/python3.12/site-packages/airflow/example_dags/tutorial_dag.py took 0.078 seconds
[2024-04-26T23:05:08.945+0000] {processor.py:161} INFO - Started process (PID=837) to work on /home/airflow/.local/lib/python3.12/site-packages/airflow/example_dags/tutorial_dag.py
[2024-04-26T23:05:08.946+0000] {processor.py:830} INFO - Processing file /home/airflow/.local/lib/python3.12/site-packages/airflow/example_dags/tutorial_dag.py for tasks to queue
[2024-04-26T23:05:08.948+0000] {logging_mixin.py:188} INFO - [2024-04-26T23:05:08.948+0000] {dagbag.py:540} INFO - Filling up the DagBag from /home/airflow/.local/lib/python3.12/site-packages/airflow/example_dags/tutorial_dag.py
[2024-04-26T23:05:08.952+0000] {processor.py:840} INFO - DAG(s) 'tutorial_dag' retrieved from /home/airflow/.local/lib/python3.12/site-packages/airflow/example_dags/tutorial_dag.py
[2024-04-26T23:05:08.971+0000] {logging_mixin.py:188} INFO - [2024-04-26T23:05:08.971+0000] {dag.py:3096} INFO - Sync 1 DAGs
[2024-04-26T23:05:08.982+0000] {logging_mixin.py:188} INFO - [2024-04-26T23:05:08.982+0000] {dag.py:3954} INFO - Setting next_dagrun for tutorial_dag to None, run_after=None
[2024-04-26T23:05:08.999+0000] {processor.py:183} INFO - Processing /home/airflow/.local/lib/python3.12/site-packages/airflow/example_dags/tutorial_dag.py took 0.059 seconds
[2024-04-26T23:05:39.337+0000] {processor.py:161} INFO - Started process (PID=896) to work on /home/airflow/.local/lib/python3.12/site-packages/airflow/example_dags/tutorial_dag.py
[2024-04-26T23:05:39.338+0000] {processor.py:830} INFO - Processing file /home/airflow/.local/lib/python3.12/site-packages/airflow/example_dags/tutorial_dag.py for tasks to queue
[2024-04-26T23:05:39.340+0000] {logging_mixin.py:188} INFO - [2024-04-26T23:05:39.340+0000] {dagbag.py:540} INFO - Filling up the DagBag from /home/airflow/.local/lib/python3.12/site-packages/airflow/example_dags/tutorial_dag.py
[2024-04-26T23:05:39.346+0000] {processor.py:840} INFO - DAG(s) 'tutorial_dag' retrieved from /home/airflow/.local/lib/python3.12/site-packages/airflow/example_dags/tutorial_dag.py
[2024-04-26T23:05:39.366+0000] {logging_mixin.py:188} INFO - [2024-04-26T23:05:39.366+0000] {dag.py:3096} INFO - Sync 1 DAGs
[2024-04-26T23:05:39.379+0000] {logging_mixin.py:188} INFO - [2024-04-26T23:05:39.379+0000] {dag.py:3954} INFO - Setting next_dagrun for tutorial_dag to None, run_after=None
[2024-04-26T23:05:39.399+0000] {processor.py:183} INFO - Processing /home/airflow/.local/lib/python3.12/site-packages/airflow/example_dags/tutorial_dag.py took 0.067 seconds
[2024-04-26T23:09:56.132+0000] {processor.py:161} INFO - Started process (PID=65) to work on /home/airflow/.local/lib/python3.12/site-packages/airflow/example_dags/tutorial_dag.py
[2024-04-26T23:09:56.133+0000] {processor.py:830} INFO - Processing file /home/airflow/.local/lib/python3.12/site-packages/airflow/example_dags/tutorial_dag.py for tasks to queue
[2024-04-26T23:09:56.135+0000] {logging_mixin.py:188} INFO - [2024-04-26T23:09:56.135+0000] {dagbag.py:540} INFO - Filling up the DagBag from /home/airflow/.local/lib/python3.12/site-packages/airflow/example_dags/tutorial_dag.py
[2024-04-26T23:09:56.143+0000] {processor.py:840} INFO - DAG(s) 'tutorial_dag' retrieved from /home/airflow/.local/lib/python3.12/site-packages/airflow/example_dags/tutorial_dag.py
[2024-04-26T23:09:56.155+0000] {logging_mixin.py:188} INFO - [2024-04-26T23:09:56.154+0000] {dag.py:3096} INFO - Sync 1 DAGs
[2024-04-26T23:09:56.167+0000] {logging_mixin.py:188} INFO - [2024-04-26T23:09:56.167+0000] {dag.py:3954} INFO - Setting next_dagrun for tutorial_dag to None, run_after=None
[2024-04-26T23:09:56.189+0000] {processor.py:183} INFO - Processing /home/airflow/.local/lib/python3.12/site-packages/airflow/example_dags/tutorial_dag.py took 0.062 seconds
[2024-04-26T23:10:27.095+0000] {processor.py:161} INFO - Started process (PID=124) to work on /home/airflow/.local/lib/python3.12/site-packages/airflow/example_dags/tutorial_dag.py
[2024-04-26T23:10:27.096+0000] {processor.py:830} INFO - Processing file /home/airflow/.local/lib/python3.12/site-packages/airflow/example_dags/tutorial_dag.py for tasks to queue
[2024-04-26T23:10:27.099+0000] {logging_mixin.py:188} INFO - [2024-04-26T23:10:27.099+0000] {dagbag.py:540} INFO - Filling up the DagBag from /home/airflow/.local/lib/python3.12/site-packages/airflow/example_dags/tutorial_dag.py
[2024-04-26T23:10:27.105+0000] {processor.py:840} INFO - DAG(s) 'tutorial_dag' retrieved from /home/airflow/.local/lib/python3.12/site-packages/airflow/example_dags/tutorial_dag.py
[2024-04-26T23:10:27.202+0000] {logging_mixin.py:188} INFO - [2024-04-26T23:10:27.201+0000] {dag.py:3096} INFO - Sync 1 DAGs
[2024-04-26T23:10:27.212+0000] {logging_mixin.py:188} INFO - [2024-04-26T23:10:27.212+0000] {dag.py:3954} INFO - Setting next_dagrun for tutorial_dag to None, run_after=None
[2024-04-26T23:10:27.239+0000] {processor.py:183} INFO - Processing /home/airflow/.local/lib/python3.12/site-packages/airflow/example_dags/tutorial_dag.py took 0.150 seconds
[2024-04-26T23:10:57.833+0000] {processor.py:161} INFO - Started process (PID=183) to work on /home/airflow/.local/lib/python3.12/site-packages/airflow/example_dags/tutorial_dag.py
[2024-04-26T23:10:57.834+0000] {processor.py:830} INFO - Processing file /home/airflow/.local/lib/python3.12/site-packages/airflow/example_dags/tutorial_dag.py for tasks to queue
[2024-04-26T23:10:57.836+0000] {logging_mixin.py:188} INFO - [2024-04-26T23:10:57.835+0000] {dagbag.py:540} INFO - Filling up the DagBag from /home/airflow/.local/lib/python3.12/site-packages/airflow/example_dags/tutorial_dag.py
[2024-04-26T23:10:57.841+0000] {processor.py:840} INFO - DAG(s) 'tutorial_dag' retrieved from /home/airflow/.local/lib/python3.12/site-packages/airflow/example_dags/tutorial_dag.py
[2024-04-26T23:10:57.862+0000] {logging_mixin.py:188} INFO - [2024-04-26T23:10:57.862+0000] {dag.py:3096} INFO - Sync 1 DAGs
[2024-04-26T23:10:57.877+0000] {logging_mixin.py:188} INFO - [2024-04-26T23:10:57.877+0000] {dag.py:3954} INFO - Setting next_dagrun for tutorial_dag to None, run_after=None
[2024-04-26T23:10:57.902+0000] {processor.py:183} INFO - Processing /home/airflow/.local/lib/python3.12/site-packages/airflow/example_dags/tutorial_dag.py took 0.075 seconds
[2024-04-26T23:11:28.842+0000] {processor.py:161} INFO - Started process (PID=242) to work on /home/airflow/.local/lib/python3.12/site-packages/airflow/example_dags/tutorial_dag.py
[2024-04-26T23:11:28.844+0000] {processor.py:830} INFO - Processing file /home/airflow/.local/lib/python3.12/site-packages/airflow/example_dags/tutorial_dag.py for tasks to queue
[2024-04-26T23:11:28.846+0000] {logging_mixin.py:188} INFO - [2024-04-26T23:11:28.846+0000] {dagbag.py:540} INFO - Filling up the DagBag from /home/airflow/.local/lib/python3.12/site-packages/airflow/example_dags/tutorial_dag.py
[2024-04-26T23:11:28.851+0000] {processor.py:840} INFO - DAG(s) 'tutorial_dag' retrieved from /home/airflow/.local/lib/python3.12/site-packages/airflow/example_dags/tutorial_dag.py
[2024-04-26T23:11:28.871+0000] {logging_mixin.py:188} INFO - [2024-04-26T23:11:28.871+0000] {dag.py:3096} INFO - Sync 1 DAGs
[2024-04-26T23:11:28.884+0000] {logging_mixin.py:188} INFO - [2024-04-26T23:11:28.884+0000] {dag.py:3954} INFO - Setting next_dagrun for tutorial_dag to None, run_after=None
[2024-04-26T23:11:28.904+0000] {processor.py:183} INFO - Processing /home/airflow/.local/lib/python3.12/site-packages/airflow/example_dags/tutorial_dag.py took 0.067 seconds
[2024-04-26T23:11:59.180+0000] {processor.py:161} INFO - Started process (PID=301) to work on /home/airflow/.local/lib/python3.12/site-packages/airflow/example_dags/tutorial_dag.py
[2024-04-26T23:11:59.181+0000] {processor.py:830} INFO - Processing file /home/airflow/.local/lib/python3.12/site-packages/airflow/example_dags/tutorial_dag.py for tasks to queue
[2024-04-26T23:11:59.182+0000] {logging_mixin.py:188} INFO - [2024-04-26T23:11:59.182+0000] {dagbag.py:540} INFO - Filling up the DagBag from /home/airflow/.local/lib/python3.12/site-packages/airflow/example_dags/tutorial_dag.py
[2024-04-26T23:11:59.187+0000] {processor.py:840} INFO - DAG(s) 'tutorial_dag' retrieved from /home/airflow/.local/lib/python3.12/site-packages/airflow/example_dags/tutorial_dag.py
[2024-04-26T23:11:59.209+0000] {logging_mixin.py:188} INFO - [2024-04-26T23:11:59.208+0000] {dag.py:3096} INFO - Sync 1 DAGs
[2024-04-26T23:11:59.221+0000] {logging_mixin.py:188} INFO - [2024-04-26T23:11:59.220+0000] {dag.py:3954} INFO - Setting next_dagrun for tutorial_dag to None, run_after=None
[2024-04-26T23:11:59.243+0000] {processor.py:183} INFO - Processing /home/airflow/.local/lib/python3.12/site-packages/airflow/example_dags/tutorial_dag.py took 0.068 seconds
[2024-04-26T23:12:29.311+0000] {processor.py:161} INFO - Started process (PID=360) to work on /home/airflow/.local/lib/python3.12/site-packages/airflow/example_dags/tutorial_dag.py
[2024-04-26T23:12:29.312+0000] {processor.py:830} INFO - Processing file /home/airflow/.local/lib/python3.12/site-packages/airflow/example_dags/tutorial_dag.py for tasks to queue
[2024-04-26T23:12:29.314+0000] {logging_mixin.py:188} INFO - [2024-04-26T23:12:29.314+0000] {dagbag.py:540} INFO - Filling up the DagBag from /home/airflow/.local/lib/python3.12/site-packages/airflow/example_dags/tutorial_dag.py
[2024-04-26T23:12:29.319+0000] {processor.py:840} INFO - DAG(s) 'tutorial_dag' retrieved from /home/airflow/.local/lib/python3.12/site-packages/airflow/example_dags/tutorial_dag.py
[2024-04-26T23:12:29.337+0000] {logging_mixin.py:188} INFO - [2024-04-26T23:12:29.337+0000] {dag.py:3096} INFO - Sync 1 DAGs
[2024-04-26T23:12:29.347+0000] {logging_mixin.py:188} INFO - [2024-04-26T23:12:29.347+0000] {dag.py:3954} INFO - Setting next_dagrun for tutorial_dag to None, run_after=None
[2024-04-26T23:12:29.366+0000] {processor.py:183} INFO - Processing /home/airflow/.local/lib/python3.12/site-packages/airflow/example_dags/tutorial_dag.py took 0.061 seconds
[2024-04-26T23:12:59.649+0000] {processor.py:161} INFO - Started process (PID=418) to work on /home/airflow/.local/lib/python3.12/site-packages/airflow/example_dags/tutorial_dag.py
[2024-04-26T23:12:59.650+0000] {processor.py:830} INFO - Processing file /home/airflow/.local/lib/python3.12/site-packages/airflow/example_dags/tutorial_dag.py for tasks to queue
[2024-04-26T23:12:59.652+0000] {logging_mixin.py:188} INFO - [2024-04-26T23:12:59.651+0000] {dagbag.py:540} INFO - Filling up the DagBag from /home/airflow/.local/lib/python3.12/site-packages/airflow/example_dags/tutorial_dag.py
[2024-04-26T23:12:59.656+0000] {processor.py:840} INFO - DAG(s) 'tutorial_dag' retrieved from /home/airflow/.local/lib/python3.12/site-packages/airflow/example_dags/tutorial_dag.py
[2024-04-26T23:12:59.675+0000] {logging_mixin.py:188} INFO - [2024-04-26T23:12:59.675+0000] {dag.py:3096} INFO - Sync 1 DAGs
[2024-04-26T23:12:59.687+0000] {logging_mixin.py:188} INFO - [2024-04-26T23:12:59.686+0000] {dag.py:3954} INFO - Setting next_dagrun for tutorial_dag to None, run_after=None
[2024-04-26T23:12:59.707+0000] {processor.py:183} INFO - Processing /home/airflow/.local/lib/python3.12/site-packages/airflow/example_dags/tutorial_dag.py took 0.064 seconds
[2024-04-26T23:13:29.869+0000] {processor.py:161} INFO - Started process (PID=477) to work on /home/airflow/.local/lib/python3.12/site-packages/airflow/example_dags/tutorial_dag.py
[2024-04-26T23:13:29.870+0000] {processor.py:830} INFO - Processing file /home/airflow/.local/lib/python3.12/site-packages/airflow/example_dags/tutorial_dag.py for tasks to queue
[2024-04-26T23:13:29.871+0000] {logging_mixin.py:188} INFO - [2024-04-26T23:13:29.871+0000] {dagbag.py:540} INFO - Filling up the DagBag from /home/airflow/.local/lib/python3.12/site-packages/airflow/example_dags/tutorial_dag.py
[2024-04-26T23:13:29.875+0000] {processor.py:840} INFO - DAG(s) 'tutorial_dag' retrieved from /home/airflow/.local/lib/python3.12/site-packages/airflow/example_dags/tutorial_dag.py
[2024-04-26T23:13:29.894+0000] {logging_mixin.py:188} INFO - [2024-04-26T23:13:29.894+0000] {dag.py:3096} INFO - Sync 1 DAGs
[2024-04-26T23:13:29.907+0000] {logging_mixin.py:188} INFO - [2024-04-26T23:13:29.906+0000] {dag.py:3954} INFO - Setting next_dagrun for tutorial_dag to None, run_after=None
[2024-04-26T23:13:29.937+0000] {processor.py:183} INFO - Processing /home/airflow/.local/lib/python3.12/site-packages/airflow/example_dags/tutorial_dag.py took 0.074 seconds
[2024-04-26T23:17:53.965+0000] {processor.py:161} INFO - Started process (PID=65) to work on /home/airflow/.local/lib/python3.12/site-packages/airflow/example_dags/tutorial_dag.py
[2024-04-26T23:17:53.968+0000] {processor.py:830} INFO - Processing file /home/airflow/.local/lib/python3.12/site-packages/airflow/example_dags/tutorial_dag.py for tasks to queue
[2024-04-26T23:17:53.972+0000] {logging_mixin.py:188} INFO - [2024-04-26T23:17:53.972+0000] {dagbag.py:540} INFO - Filling up the DagBag from /home/airflow/.local/lib/python3.12/site-packages/airflow/example_dags/tutorial_dag.py
[2024-04-26T23:17:53.978+0000] {processor.py:840} INFO - DAG(s) 'tutorial_dag' retrieved from /home/airflow/.local/lib/python3.12/site-packages/airflow/example_dags/tutorial_dag.py
[2024-04-26T23:17:53.997+0000] {logging_mixin.py:188} INFO - [2024-04-26T23:17:53.997+0000] {dag.py:3096} INFO - Sync 1 DAGs
[2024-04-26T23:17:54.022+0000] {logging_mixin.py:188} INFO - [2024-04-26T23:17:54.021+0000] {dag.py:3954} INFO - Setting next_dagrun for tutorial_dag to None, run_after=None
[2024-04-26T23:17:54.049+0000] {processor.py:183} INFO - Processing /home/airflow/.local/lib/python3.12/site-packages/airflow/example_dags/tutorial_dag.py took 0.092 seconds
[2024-04-26T23:18:25.014+0000] {processor.py:161} INFO - Started process (PID=124) to work on /home/airflow/.local/lib/python3.12/site-packages/airflow/example_dags/tutorial_dag.py
[2024-04-26T23:18:25.015+0000] {processor.py:830} INFO - Processing file /home/airflow/.local/lib/python3.12/site-packages/airflow/example_dags/tutorial_dag.py for tasks to queue
[2024-04-26T23:18:25.017+0000] {logging_mixin.py:188} INFO - [2024-04-26T23:18:25.017+0000] {dagbag.py:540} INFO - Filling up the DagBag from /home/airflow/.local/lib/python3.12/site-packages/airflow/example_dags/tutorial_dag.py
[2024-04-26T23:18:25.022+0000] {processor.py:840} INFO - DAG(s) 'tutorial_dag' retrieved from /home/airflow/.local/lib/python3.12/site-packages/airflow/example_dags/tutorial_dag.py
[2024-04-26T23:18:25.110+0000] {logging_mixin.py:188} INFO - [2024-04-26T23:18:25.110+0000] {dag.py:3096} INFO - Sync 1 DAGs
[2024-04-26T23:18:25.120+0000] {logging_mixin.py:188} INFO - [2024-04-26T23:18:25.120+0000] {dag.py:3954} INFO - Setting next_dagrun for tutorial_dag to None, run_after=None
[2024-04-26T23:18:25.142+0000] {processor.py:183} INFO - Processing /home/airflow/.local/lib/python3.12/site-packages/airflow/example_dags/tutorial_dag.py took 0.133 seconds
[2024-04-26T23:18:56.167+0000] {processor.py:161} INFO - Started process (PID=183) to work on /home/airflow/.local/lib/python3.12/site-packages/airflow/example_dags/tutorial_dag.py
[2024-04-26T23:18:56.171+0000] {processor.py:830} INFO - Processing file /home/airflow/.local/lib/python3.12/site-packages/airflow/example_dags/tutorial_dag.py for tasks to queue
[2024-04-26T23:18:56.175+0000] {logging_mixin.py:188} INFO - [2024-04-26T23:18:56.174+0000] {dagbag.py:540} INFO - Filling up the DagBag from /home/airflow/.local/lib/python3.12/site-packages/airflow/example_dags/tutorial_dag.py
[2024-04-26T23:18:56.183+0000] {processor.py:840} INFO - DAG(s) 'tutorial_dag' retrieved from /home/airflow/.local/lib/python3.12/site-packages/airflow/example_dags/tutorial_dag.py
[2024-04-26T23:18:56.208+0000] {logging_mixin.py:188} INFO - [2024-04-26T23:18:56.208+0000] {dag.py:3096} INFO - Sync 1 DAGs
[2024-04-26T23:18:56.221+0000] {logging_mixin.py:188} INFO - [2024-04-26T23:18:56.221+0000] {dag.py:3954} INFO - Setting next_dagrun for tutorial_dag to None, run_after=None
[2024-04-26T23:18:56.244+0000] {processor.py:183} INFO - Processing /home/airflow/.local/lib/python3.12/site-packages/airflow/example_dags/tutorial_dag.py took 0.084 seconds
[2024-04-26T23:19:43.129+0000] {processor.py:161} INFO - Started process (PID=65) to work on /home/airflow/.local/lib/python3.12/site-packages/airflow/example_dags/tutorial_dag.py
[2024-04-26T23:19:43.130+0000] {processor.py:830} INFO - Processing file /home/airflow/.local/lib/python3.12/site-packages/airflow/example_dags/tutorial_dag.py for tasks to queue
[2024-04-26T23:19:43.132+0000] {logging_mixin.py:188} INFO - [2024-04-26T23:19:43.132+0000] {dagbag.py:540} INFO - Filling up the DagBag from /home/airflow/.local/lib/python3.12/site-packages/airflow/example_dags/tutorial_dag.py
[2024-04-26T23:19:43.138+0000] {processor.py:840} INFO - DAG(s) 'tutorial_dag' retrieved from /home/airflow/.local/lib/python3.12/site-packages/airflow/example_dags/tutorial_dag.py
[2024-04-26T23:19:43.148+0000] {logging_mixin.py:188} INFO - [2024-04-26T23:19:43.148+0000] {dag.py:3096} INFO - Sync 1 DAGs
[2024-04-26T23:19:43.161+0000] {logging_mixin.py:188} INFO - [2024-04-26T23:19:43.161+0000] {dag.py:3954} INFO - Setting next_dagrun for tutorial_dag to None, run_after=None
[2024-04-26T23:19:43.181+0000] {processor.py:183} INFO - Processing /home/airflow/.local/lib/python3.12/site-packages/airflow/example_dags/tutorial_dag.py took 0.059 seconds
[2024-04-26T23:20:14.344+0000] {processor.py:161} INFO - Started process (PID=124) to work on /home/airflow/.local/lib/python3.12/site-packages/airflow/example_dags/tutorial_dag.py
[2024-04-26T23:20:14.345+0000] {processor.py:830} INFO - Processing file /home/airflow/.local/lib/python3.12/site-packages/airflow/example_dags/tutorial_dag.py for tasks to queue
[2024-04-26T23:20:14.347+0000] {logging_mixin.py:188} INFO - [2024-04-26T23:20:14.347+0000] {dagbag.py:540} INFO - Filling up the DagBag from /home/airflow/.local/lib/python3.12/site-packages/airflow/example_dags/tutorial_dag.py
[2024-04-26T23:20:14.351+0000] {processor.py:840} INFO - DAG(s) 'tutorial_dag' retrieved from /home/airflow/.local/lib/python3.12/site-packages/airflow/example_dags/tutorial_dag.py
[2024-04-26T23:20:14.432+0000] {logging_mixin.py:188} INFO - [2024-04-26T23:20:14.432+0000] {dag.py:3096} INFO - Sync 1 DAGs
[2024-04-26T23:20:14.441+0000] {logging_mixin.py:188} INFO - [2024-04-26T23:20:14.441+0000] {dag.py:3954} INFO - Setting next_dagrun for tutorial_dag to None, run_after=None
[2024-04-26T23:20:14.459+0000] {processor.py:183} INFO - Processing /home/airflow/.local/lib/python3.12/site-packages/airflow/example_dags/tutorial_dag.py took 0.119 seconds
[2024-04-26T23:20:44.909+0000] {processor.py:161} INFO - Started process (PID=183) to work on /home/airflow/.local/lib/python3.12/site-packages/airflow/example_dags/tutorial_dag.py
[2024-04-26T23:20:44.910+0000] {processor.py:830} INFO - Processing file /home/airflow/.local/lib/python3.12/site-packages/airflow/example_dags/tutorial_dag.py for tasks to queue
[2024-04-26T23:20:44.912+0000] {logging_mixin.py:188} INFO - [2024-04-26T23:20:44.912+0000] {dagbag.py:540} INFO - Filling up the DagBag from /home/airflow/.local/lib/python3.12/site-packages/airflow/example_dags/tutorial_dag.py
[2024-04-26T23:20:44.918+0000] {processor.py:840} INFO - DAG(s) 'tutorial_dag' retrieved from /home/airflow/.local/lib/python3.12/site-packages/airflow/example_dags/tutorial_dag.py
[2024-04-26T23:20:44.938+0000] {logging_mixin.py:188} INFO - [2024-04-26T23:20:44.938+0000] {dag.py:3096} INFO - Sync 1 DAGs
[2024-04-26T23:20:44.948+0000] {logging_mixin.py:188} INFO - [2024-04-26T23:20:44.947+0000] {dag.py:3954} INFO - Setting next_dagrun for tutorial_dag to None, run_after=None
[2024-04-26T23:20:44.968+0000] {processor.py:183} INFO - Processing /home/airflow/.local/lib/python3.12/site-packages/airflow/example_dags/tutorial_dag.py took 0.065 seconds
[2024-04-26T23:21:15.159+0000] {processor.py:161} INFO - Started process (PID=242) to work on /home/airflow/.local/lib/python3.12/site-packages/airflow/example_dags/tutorial_dag.py
[2024-04-26T23:21:15.160+0000] {processor.py:830} INFO - Processing file /home/airflow/.local/lib/python3.12/site-packages/airflow/example_dags/tutorial_dag.py for tasks to queue
[2024-04-26T23:21:15.162+0000] {logging_mixin.py:188} INFO - [2024-04-26T23:21:15.162+0000] {dagbag.py:540} INFO - Filling up the DagBag from /home/airflow/.local/lib/python3.12/site-packages/airflow/example_dags/tutorial_dag.py
[2024-04-26T23:21:15.168+0000] {processor.py:840} INFO - DAG(s) 'tutorial_dag' retrieved from /home/airflow/.local/lib/python3.12/site-packages/airflow/example_dags/tutorial_dag.py
[2024-04-26T23:21:15.193+0000] {logging_mixin.py:188} INFO - [2024-04-26T23:21:15.192+0000] {dag.py:3096} INFO - Sync 1 DAGs
[2024-04-26T23:21:15.205+0000] {logging_mixin.py:188} INFO - [2024-04-26T23:21:15.205+0000] {dag.py:3954} INFO - Setting next_dagrun for tutorial_dag to None, run_after=None
[2024-04-26T23:21:15.228+0000] {processor.py:183} INFO - Processing /home/airflow/.local/lib/python3.12/site-packages/airflow/example_dags/tutorial_dag.py took 0.077 seconds
[2024-04-26T23:21:45.936+0000] {processor.py:161} INFO - Started process (PID=301) to work on /home/airflow/.local/lib/python3.12/site-packages/airflow/example_dags/tutorial_dag.py
[2024-04-26T23:21:45.936+0000] {processor.py:830} INFO - Processing file /home/airflow/.local/lib/python3.12/site-packages/airflow/example_dags/tutorial_dag.py for tasks to queue
[2024-04-26T23:21:45.939+0000] {logging_mixin.py:188} INFO - [2024-04-26T23:21:45.938+0000] {dagbag.py:540} INFO - Filling up the DagBag from /home/airflow/.local/lib/python3.12/site-packages/airflow/example_dags/tutorial_dag.py
[2024-04-26T23:21:45.943+0000] {processor.py:840} INFO - DAG(s) 'tutorial_dag' retrieved from /home/airflow/.local/lib/python3.12/site-packages/airflow/example_dags/tutorial_dag.py
[2024-04-26T23:21:45.967+0000] {logging_mixin.py:188} INFO - [2024-04-26T23:21:45.966+0000] {dag.py:3096} INFO - Sync 1 DAGs
[2024-04-26T23:21:45.981+0000] {logging_mixin.py:188} INFO - [2024-04-26T23:21:45.980+0000] {dag.py:3954} INFO - Setting next_dagrun for tutorial_dag to None, run_after=None
[2024-04-26T23:21:46.004+0000] {processor.py:183} INFO - Processing /home/airflow/.local/lib/python3.12/site-packages/airflow/example_dags/tutorial_dag.py took 0.073 seconds
