[2024-04-26T22:58:36.159+0000] {processor.py:161} INFO - Started process (PID=82) to work on /home/airflow/.local/lib/python3.12/site-packages/airflow/example_dags/tutorial.py
[2024-04-26T22:58:36.160+0000] {processor.py:830} INFO - Processing file /home/airflow/.local/lib/python3.12/site-packages/airflow/example_dags/tutorial.py for tasks to queue
[2024-04-26T22:58:36.163+0000] {logging_mixin.py:188} INFO - [2024-04-26T22:58:36.163+0000] {dagbag.py:540} INFO - Filling up the DagBag from /home/airflow/.local/lib/python3.12/site-packages/airflow/example_dags/tutorial.py
[2024-04-26T22:58:36.173+0000] {processor.py:840} INFO - DAG(s) 'tutorial' retrieved from /home/airflow/.local/lib/python3.12/site-packages/airflow/example_dags/tutorial.py
[2024-04-26T22:58:36.325+0000] {logging_mixin.py:188} INFO - [2024-04-26T22:58:36.325+0000] {dag.py:3096} INFO - Sync 1 DAGs
[2024-04-26T22:58:36.351+0000] {logging_mixin.py:188} INFO - [2024-04-26T22:58:36.350+0000] {dag.py:3954} INFO - Setting next_dagrun for tutorial to 2024-04-25 00:00:00+00:00, run_after=2024-04-26 00:00:00+00:00
[2024-04-26T22:58:36.382+0000] {processor.py:183} INFO - Processing /home/airflow/.local/lib/python3.12/site-packages/airflow/example_dags/tutorial.py took 0.232 seconds
[2024-04-26T22:59:06.833+0000] {processor.py:161} INFO - Started process (PID=141) to work on /home/airflow/.local/lib/python3.12/site-packages/airflow/example_dags/tutorial.py
[2024-04-26T22:59:06.834+0000] {processor.py:830} INFO - Processing file /home/airflow/.local/lib/python3.12/site-packages/airflow/example_dags/tutorial.py for tasks to queue
[2024-04-26T22:59:06.836+0000] {logging_mixin.py:188} INFO - [2024-04-26T22:59:06.836+0000] {dagbag.py:540} INFO - Filling up the DagBag from /home/airflow/.local/lib/python3.12/site-packages/airflow/example_dags/tutorial.py
[2024-04-26T22:59:06.842+0000] {processor.py:840} INFO - DAG(s) 'tutorial' retrieved from /home/airflow/.local/lib/python3.12/site-packages/airflow/example_dags/tutorial.py
[2024-04-26T22:59:06.862+0000] {logging_mixin.py:188} INFO - [2024-04-26T22:59:06.861+0000] {dag.py:3096} INFO - Sync 1 DAGs
[2024-04-26T22:59:06.884+0000] {logging_mixin.py:188} INFO - [2024-04-26T22:59:06.884+0000] {dag.py:3954} INFO - Setting next_dagrun for tutorial to 2024-04-25 00:00:00+00:00, run_after=2024-04-26 00:00:00+00:00
[2024-04-26T22:59:06.933+0000] {processor.py:183} INFO - Processing /home/airflow/.local/lib/python3.12/site-packages/airflow/example_dags/tutorial.py took 0.105 seconds
[2024-04-26T22:59:37.131+0000] {processor.py:161} INFO - Started process (PID=200) to work on /home/airflow/.local/lib/python3.12/site-packages/airflow/example_dags/tutorial.py
[2024-04-26T22:59:37.132+0000] {processor.py:830} INFO - Processing file /home/airflow/.local/lib/python3.12/site-packages/airflow/example_dags/tutorial.py for tasks to queue
[2024-04-26T22:59:37.134+0000] {logging_mixin.py:188} INFO - [2024-04-26T22:59:37.133+0000] {dagbag.py:540} INFO - Filling up the DagBag from /home/airflow/.local/lib/python3.12/site-packages/airflow/example_dags/tutorial.py
[2024-04-26T22:59:37.139+0000] {processor.py:840} INFO - DAG(s) 'tutorial' retrieved from /home/airflow/.local/lib/python3.12/site-packages/airflow/example_dags/tutorial.py
[2024-04-26T22:59:37.158+0000] {logging_mixin.py:188} INFO - [2024-04-26T22:59:37.158+0000] {dag.py:3096} INFO - Sync 1 DAGs
[2024-04-26T22:59:37.179+0000] {logging_mixin.py:188} INFO - [2024-04-26T22:59:37.179+0000] {dag.py:3954} INFO - Setting next_dagrun for tutorial to 2024-04-25 00:00:00+00:00, run_after=2024-04-26 00:00:00+00:00
[2024-04-26T22:59:37.199+0000] {processor.py:183} INFO - Processing /home/airflow/.local/lib/python3.12/site-packages/airflow/example_dags/tutorial.py took 0.073 seconds
[2024-04-26T23:00:08.073+0000] {processor.py:161} INFO - Started process (PID=259) to work on /home/airflow/.local/lib/python3.12/site-packages/airflow/example_dags/tutorial.py
[2024-04-26T23:00:08.075+0000] {processor.py:830} INFO - Processing file /home/airflow/.local/lib/python3.12/site-packages/airflow/example_dags/tutorial.py for tasks to queue
[2024-04-26T23:00:08.077+0000] {logging_mixin.py:188} INFO - [2024-04-26T23:00:08.077+0000] {dagbag.py:540} INFO - Filling up the DagBag from /home/airflow/.local/lib/python3.12/site-packages/airflow/example_dags/tutorial.py
[2024-04-26T23:00:08.083+0000] {processor.py:840} INFO - DAG(s) 'tutorial' retrieved from /home/airflow/.local/lib/python3.12/site-packages/airflow/example_dags/tutorial.py
[2024-04-26T23:00:08.109+0000] {logging_mixin.py:188} INFO - [2024-04-26T23:00:08.108+0000] {dag.py:3096} INFO - Sync 1 DAGs
[2024-04-26T23:00:08.134+0000] {logging_mixin.py:188} INFO - [2024-04-26T23:00:08.134+0000] {dag.py:3954} INFO - Setting next_dagrun for tutorial to 2024-04-25 00:00:00+00:00, run_after=2024-04-26 00:00:00+00:00
[2024-04-26T23:00:08.156+0000] {processor.py:183} INFO - Processing /home/airflow/.local/lib/python3.12/site-packages/airflow/example_dags/tutorial.py took 0.089 seconds
[2024-04-26T23:00:38.273+0000] {processor.py:161} INFO - Started process (PID=318) to work on /home/airflow/.local/lib/python3.12/site-packages/airflow/example_dags/tutorial.py
[2024-04-26T23:00:38.275+0000] {processor.py:830} INFO - Processing file /home/airflow/.local/lib/python3.12/site-packages/airflow/example_dags/tutorial.py for tasks to queue
[2024-04-26T23:00:38.276+0000] {logging_mixin.py:188} INFO - [2024-04-26T23:00:38.276+0000] {dagbag.py:540} INFO - Filling up the DagBag from /home/airflow/.local/lib/python3.12/site-packages/airflow/example_dags/tutorial.py
[2024-04-26T23:00:38.281+0000] {processor.py:840} INFO - DAG(s) 'tutorial' retrieved from /home/airflow/.local/lib/python3.12/site-packages/airflow/example_dags/tutorial.py
[2024-04-26T23:00:38.298+0000] {logging_mixin.py:188} INFO - [2024-04-26T23:00:38.298+0000] {dag.py:3096} INFO - Sync 1 DAGs
[2024-04-26T23:00:38.323+0000] {logging_mixin.py:188} INFO - [2024-04-26T23:00:38.323+0000] {dag.py:3954} INFO - Setting next_dagrun for tutorial to 2024-04-25 00:00:00+00:00, run_after=2024-04-26 00:00:00+00:00
[2024-04-26T23:00:38.345+0000] {processor.py:183} INFO - Processing /home/airflow/.local/lib/python3.12/site-packages/airflow/example_dags/tutorial.py took 0.077 seconds
[2024-04-26T23:01:08.787+0000] {processor.py:161} INFO - Started process (PID=377) to work on /home/airflow/.local/lib/python3.12/site-packages/airflow/example_dags/tutorial.py
[2024-04-26T23:01:08.789+0000] {processor.py:830} INFO - Processing file /home/airflow/.local/lib/python3.12/site-packages/airflow/example_dags/tutorial.py for tasks to queue
[2024-04-26T23:01:08.791+0000] {logging_mixin.py:188} INFO - [2024-04-26T23:01:08.790+0000] {dagbag.py:540} INFO - Filling up the DagBag from /home/airflow/.local/lib/python3.12/site-packages/airflow/example_dags/tutorial.py
[2024-04-26T23:01:08.796+0000] {processor.py:840} INFO - DAG(s) 'tutorial' retrieved from /home/airflow/.local/lib/python3.12/site-packages/airflow/example_dags/tutorial.py
[2024-04-26T23:01:08.818+0000] {logging_mixin.py:188} INFO - [2024-04-26T23:01:08.818+0000] {dag.py:3096} INFO - Sync 1 DAGs
[2024-04-26T23:01:08.839+0000] {logging_mixin.py:188} INFO - [2024-04-26T23:01:08.838+0000] {dag.py:3954} INFO - Setting next_dagrun for tutorial to 2024-04-25 00:00:00+00:00, run_after=2024-04-26 00:00:00+00:00
[2024-04-26T23:01:08.863+0000] {processor.py:183} INFO - Processing /home/airflow/.local/lib/python3.12/site-packages/airflow/example_dags/tutorial.py took 0.082 seconds
[2024-04-26T23:01:39.235+0000] {processor.py:161} INFO - Started process (PID=436) to work on /home/airflow/.local/lib/python3.12/site-packages/airflow/example_dags/tutorial.py
[2024-04-26T23:01:39.236+0000] {processor.py:830} INFO - Processing file /home/airflow/.local/lib/python3.12/site-packages/airflow/example_dags/tutorial.py for tasks to queue
[2024-04-26T23:01:39.238+0000] {logging_mixin.py:188} INFO - [2024-04-26T23:01:39.238+0000] {dagbag.py:540} INFO - Filling up the DagBag from /home/airflow/.local/lib/python3.12/site-packages/airflow/example_dags/tutorial.py
[2024-04-26T23:01:39.243+0000] {processor.py:840} INFO - DAG(s) 'tutorial' retrieved from /home/airflow/.local/lib/python3.12/site-packages/airflow/example_dags/tutorial.py
[2024-04-26T23:01:39.259+0000] {logging_mixin.py:188} INFO - [2024-04-26T23:01:39.259+0000] {dag.py:3096} INFO - Sync 1 DAGs
[2024-04-26T23:01:39.280+0000] {logging_mixin.py:188} INFO - [2024-04-26T23:01:39.280+0000] {dag.py:3954} INFO - Setting next_dagrun for tutorial to 2024-04-25 00:00:00+00:00, run_after=2024-04-26 00:00:00+00:00
[2024-04-26T23:01:39.300+0000] {processor.py:183} INFO - Processing /home/airflow/.local/lib/python3.12/site-packages/airflow/example_dags/tutorial.py took 0.071 seconds
[2024-04-26T23:02:09.492+0000] {processor.py:161} INFO - Started process (PID=495) to work on /home/airflow/.local/lib/python3.12/site-packages/airflow/example_dags/tutorial.py
[2024-04-26T23:02:09.493+0000] {processor.py:830} INFO - Processing file /home/airflow/.local/lib/python3.12/site-packages/airflow/example_dags/tutorial.py for tasks to queue
[2024-04-26T23:02:09.495+0000] {logging_mixin.py:188} INFO - [2024-04-26T23:02:09.495+0000] {dagbag.py:540} INFO - Filling up the DagBag from /home/airflow/.local/lib/python3.12/site-packages/airflow/example_dags/tutorial.py
[2024-04-26T23:02:09.500+0000] {processor.py:840} INFO - DAG(s) 'tutorial' retrieved from /home/airflow/.local/lib/python3.12/site-packages/airflow/example_dags/tutorial.py
[2024-04-26T23:02:09.517+0000] {logging_mixin.py:188} INFO - [2024-04-26T23:02:09.517+0000] {dag.py:3096} INFO - Sync 1 DAGs
[2024-04-26T23:02:09.534+0000] {logging_mixin.py:188} INFO - [2024-04-26T23:02:09.534+0000] {dag.py:3954} INFO - Setting next_dagrun for tutorial to 2024-04-25 00:00:00+00:00, run_after=2024-04-26 00:00:00+00:00
[2024-04-26T23:02:09.553+0000] {processor.py:183} INFO - Processing /home/airflow/.local/lib/python3.12/site-packages/airflow/example_dags/tutorial.py took 0.065 seconds
[2024-04-26T23:02:40.129+0000] {processor.py:161} INFO - Started process (PID=554) to work on /home/airflow/.local/lib/python3.12/site-packages/airflow/example_dags/tutorial.py
[2024-04-26T23:02:40.130+0000] {processor.py:830} INFO - Processing file /home/airflow/.local/lib/python3.12/site-packages/airflow/example_dags/tutorial.py for tasks to queue
[2024-04-26T23:02:40.132+0000] {logging_mixin.py:188} INFO - [2024-04-26T23:02:40.132+0000] {dagbag.py:540} INFO - Filling up the DagBag from /home/airflow/.local/lib/python3.12/site-packages/airflow/example_dags/tutorial.py
[2024-04-26T23:02:40.137+0000] {processor.py:840} INFO - DAG(s) 'tutorial' retrieved from /home/airflow/.local/lib/python3.12/site-packages/airflow/example_dags/tutorial.py
[2024-04-26T23:02:40.155+0000] {logging_mixin.py:188} INFO - [2024-04-26T23:02:40.155+0000] {dag.py:3096} INFO - Sync 1 DAGs
[2024-04-26T23:02:40.173+0000] {logging_mixin.py:188} INFO - [2024-04-26T23:02:40.173+0000] {dag.py:3954} INFO - Setting next_dagrun for tutorial to 2024-04-25 00:00:00+00:00, run_after=2024-04-26 00:00:00+00:00
[2024-04-26T23:02:40.192+0000] {processor.py:183} INFO - Processing /home/airflow/.local/lib/python3.12/site-packages/airflow/example_dags/tutorial.py took 0.067 seconds
[2024-04-26T23:03:10.332+0000] {processor.py:161} INFO - Started process (PID=613) to work on /home/airflow/.local/lib/python3.12/site-packages/airflow/example_dags/tutorial.py
[2024-04-26T23:03:10.333+0000] {processor.py:830} INFO - Processing file /home/airflow/.local/lib/python3.12/site-packages/airflow/example_dags/tutorial.py for tasks to queue
[2024-04-26T23:03:10.335+0000] {logging_mixin.py:188} INFO - [2024-04-26T23:03:10.335+0000] {dagbag.py:540} INFO - Filling up the DagBag from /home/airflow/.local/lib/python3.12/site-packages/airflow/example_dags/tutorial.py
[2024-04-26T23:03:10.340+0000] {processor.py:840} INFO - DAG(s) 'tutorial' retrieved from /home/airflow/.local/lib/python3.12/site-packages/airflow/example_dags/tutorial.py
[2024-04-26T23:03:10.361+0000] {logging_mixin.py:188} INFO - [2024-04-26T23:03:10.361+0000] {dag.py:3096} INFO - Sync 1 DAGs
[2024-04-26T23:03:10.381+0000] {logging_mixin.py:188} INFO - [2024-04-26T23:03:10.380+0000] {dag.py:3954} INFO - Setting next_dagrun for tutorial to 2024-04-25 00:00:00+00:00, run_after=2024-04-26 00:00:00+00:00
[2024-04-26T23:03:10.399+0000] {processor.py:183} INFO - Processing /home/airflow/.local/lib/python3.12/site-packages/airflow/example_dags/tutorial.py took 0.073 seconds
[2024-04-26T23:03:40.644+0000] {processor.py:161} INFO - Started process (PID=672) to work on /home/airflow/.local/lib/python3.12/site-packages/airflow/example_dags/tutorial.py
[2024-04-26T23:03:40.645+0000] {processor.py:830} INFO - Processing file /home/airflow/.local/lib/python3.12/site-packages/airflow/example_dags/tutorial.py for tasks to queue
[2024-04-26T23:03:40.648+0000] {logging_mixin.py:188} INFO - [2024-04-26T23:03:40.647+0000] {dagbag.py:540} INFO - Filling up the DagBag from /home/airflow/.local/lib/python3.12/site-packages/airflow/example_dags/tutorial.py
[2024-04-26T23:03:40.654+0000] {processor.py:840} INFO - DAG(s) 'tutorial' retrieved from /home/airflow/.local/lib/python3.12/site-packages/airflow/example_dags/tutorial.py
[2024-04-26T23:03:40.674+0000] {logging_mixin.py:188} INFO - [2024-04-26T23:03:40.673+0000] {dag.py:3096} INFO - Sync 1 DAGs
[2024-04-26T23:03:40.698+0000] {logging_mixin.py:188} INFO - [2024-04-26T23:03:40.698+0000] {dag.py:3954} INFO - Setting next_dagrun for tutorial to 2024-04-25 00:00:00+00:00, run_after=2024-04-26 00:00:00+00:00
[2024-04-26T23:03:40.721+0000] {processor.py:183} INFO - Processing /home/airflow/.local/lib/python3.12/site-packages/airflow/example_dags/tutorial.py took 0.082 seconds
[2024-04-26T23:04:10.902+0000] {processor.py:161} INFO - Started process (PID=731) to work on /home/airflow/.local/lib/python3.12/site-packages/airflow/example_dags/tutorial.py
[2024-04-26T23:04:10.903+0000] {processor.py:830} INFO - Processing file /home/airflow/.local/lib/python3.12/site-packages/airflow/example_dags/tutorial.py for tasks to queue
[2024-04-26T23:04:10.905+0000] {logging_mixin.py:188} INFO - [2024-04-26T23:04:10.905+0000] {dagbag.py:540} INFO - Filling up the DagBag from /home/airflow/.local/lib/python3.12/site-packages/airflow/example_dags/tutorial.py
[2024-04-26T23:04:10.911+0000] {processor.py:840} INFO - DAG(s) 'tutorial' retrieved from /home/airflow/.local/lib/python3.12/site-packages/airflow/example_dags/tutorial.py
[2024-04-26T23:04:10.932+0000] {logging_mixin.py:188} INFO - [2024-04-26T23:04:10.932+0000] {dag.py:3096} INFO - Sync 1 DAGs
[2024-04-26T23:04:10.955+0000] {logging_mixin.py:188} INFO - [2024-04-26T23:04:10.955+0000] {dag.py:3954} INFO - Setting next_dagrun for tutorial to 2024-04-25 00:00:00+00:00, run_after=2024-04-26 00:00:00+00:00
[2024-04-26T23:04:10.982+0000] {processor.py:183} INFO - Processing /home/airflow/.local/lib/python3.12/site-packages/airflow/example_dags/tutorial.py took 0.086 seconds
[2024-04-26T23:04:41.981+0000] {processor.py:161} INFO - Started process (PID=790) to work on /home/airflow/.local/lib/python3.12/site-packages/airflow/example_dags/tutorial.py
[2024-04-26T23:04:41.982+0000] {processor.py:830} INFO - Processing file /home/airflow/.local/lib/python3.12/site-packages/airflow/example_dags/tutorial.py for tasks to queue
[2024-04-26T23:04:41.984+0000] {logging_mixin.py:188} INFO - [2024-04-26T23:04:41.983+0000] {dagbag.py:540} INFO - Filling up the DagBag from /home/airflow/.local/lib/python3.12/site-packages/airflow/example_dags/tutorial.py
[2024-04-26T23:04:41.988+0000] {processor.py:840} INFO - DAG(s) 'tutorial' retrieved from /home/airflow/.local/lib/python3.12/site-packages/airflow/example_dags/tutorial.py
[2024-04-26T23:04:42.007+0000] {logging_mixin.py:188} INFO - [2024-04-26T23:04:42.007+0000] {dag.py:3096} INFO - Sync 1 DAGs
[2024-04-26T23:04:42.026+0000] {logging_mixin.py:188} INFO - [2024-04-26T23:04:42.025+0000] {dag.py:3954} INFO - Setting next_dagrun for tutorial to 2024-04-25 00:00:00+00:00, run_after=2024-04-26 00:00:00+00:00
[2024-04-26T23:04:42.046+0000] {processor.py:183} INFO - Processing /home/airflow/.local/lib/python3.12/site-packages/airflow/example_dags/tutorial.py took 0.069 seconds
[2024-04-26T23:05:12.638+0000] {processor.py:161} INFO - Started process (PID=849) to work on /home/airflow/.local/lib/python3.12/site-packages/airflow/example_dags/tutorial.py
[2024-04-26T23:05:12.640+0000] {processor.py:830} INFO - Processing file /home/airflow/.local/lib/python3.12/site-packages/airflow/example_dags/tutorial.py for tasks to queue
[2024-04-26T23:05:12.642+0000] {logging_mixin.py:188} INFO - [2024-04-26T23:05:12.641+0000] {dagbag.py:540} INFO - Filling up the DagBag from /home/airflow/.local/lib/python3.12/site-packages/airflow/example_dags/tutorial.py
[2024-04-26T23:05:12.648+0000] {processor.py:840} INFO - DAG(s) 'tutorial' retrieved from /home/airflow/.local/lib/python3.12/site-packages/airflow/example_dags/tutorial.py
[2024-04-26T23:05:12.670+0000] {logging_mixin.py:188} INFO - [2024-04-26T23:05:12.669+0000] {dag.py:3096} INFO - Sync 1 DAGs
[2024-04-26T23:05:12.690+0000] {logging_mixin.py:188} INFO - [2024-04-26T23:05:12.690+0000] {dag.py:3954} INFO - Setting next_dagrun for tutorial to 2024-04-25 00:00:00+00:00, run_after=2024-04-26 00:00:00+00:00
[2024-04-26T23:05:12.714+0000] {processor.py:183} INFO - Processing /home/airflow/.local/lib/python3.12/site-packages/airflow/example_dags/tutorial.py took 0.082 seconds
[2024-04-26T23:05:43.101+0000] {processor.py:161} INFO - Started process (PID=908) to work on /home/airflow/.local/lib/python3.12/site-packages/airflow/example_dags/tutorial.py
[2024-04-26T23:05:43.102+0000] {processor.py:830} INFO - Processing file /home/airflow/.local/lib/python3.12/site-packages/airflow/example_dags/tutorial.py for tasks to queue
[2024-04-26T23:05:43.104+0000] {logging_mixin.py:188} INFO - [2024-04-26T23:05:43.104+0000] {dagbag.py:540} INFO - Filling up the DagBag from /home/airflow/.local/lib/python3.12/site-packages/airflow/example_dags/tutorial.py
[2024-04-26T23:05:43.111+0000] {processor.py:840} INFO - DAG(s) 'tutorial' retrieved from /home/airflow/.local/lib/python3.12/site-packages/airflow/example_dags/tutorial.py
[2024-04-26T23:05:43.133+0000] {logging_mixin.py:188} INFO - [2024-04-26T23:05:43.132+0000] {dag.py:3096} INFO - Sync 1 DAGs
[2024-04-26T23:05:43.156+0000] {logging_mixin.py:188} INFO - [2024-04-26T23:05:43.156+0000] {dag.py:3954} INFO - Setting next_dagrun for tutorial to 2024-04-25 00:00:00+00:00, run_after=2024-04-26 00:00:00+00:00
[2024-04-26T23:05:43.183+0000] {processor.py:183} INFO - Processing /home/airflow/.local/lib/python3.12/site-packages/airflow/example_dags/tutorial.py took 0.089 seconds
[2024-04-26T23:09:56.868+0000] {processor.py:161} INFO - Started process (PID=76) to work on /home/airflow/.local/lib/python3.12/site-packages/airflow/example_dags/tutorial.py
[2024-04-26T23:09:56.870+0000] {processor.py:830} INFO - Processing file /home/airflow/.local/lib/python3.12/site-packages/airflow/example_dags/tutorial.py for tasks to queue
[2024-04-26T23:09:56.872+0000] {logging_mixin.py:188} INFO - [2024-04-26T23:09:56.871+0000] {dagbag.py:540} INFO - Filling up the DagBag from /home/airflow/.local/lib/python3.12/site-packages/airflow/example_dags/tutorial.py
[2024-04-26T23:09:56.879+0000] {processor.py:840} INFO - DAG(s) 'tutorial' retrieved from /home/airflow/.local/lib/python3.12/site-packages/airflow/example_dags/tutorial.py
[2024-04-26T23:09:56.891+0000] {logging_mixin.py:188} INFO - [2024-04-26T23:09:56.891+0000] {dag.py:3096} INFO - Sync 1 DAGs
[2024-04-26T23:09:56.914+0000] {logging_mixin.py:188} INFO - [2024-04-26T23:09:56.914+0000] {dag.py:3954} INFO - Setting next_dagrun for tutorial to 2024-04-25 00:00:00+00:00, run_after=2024-04-26 00:00:00+00:00
[2024-04-26T23:09:56.933+0000] {processor.py:183} INFO - Processing /home/airflow/.local/lib/python3.12/site-packages/airflow/example_dags/tutorial.py took 0.074 seconds
[2024-04-26T23:10:28.197+0000] {processor.py:161} INFO - Started process (PID=135) to work on /home/airflow/.local/lib/python3.12/site-packages/airflow/example_dags/tutorial.py
[2024-04-26T23:10:28.198+0000] {processor.py:830} INFO - Processing file /home/airflow/.local/lib/python3.12/site-packages/airflow/example_dags/tutorial.py for tasks to queue
[2024-04-26T23:10:28.201+0000] {logging_mixin.py:188} INFO - [2024-04-26T23:10:28.200+0000] {dagbag.py:540} INFO - Filling up the DagBag from /home/airflow/.local/lib/python3.12/site-packages/airflow/example_dags/tutorial.py
[2024-04-26T23:10:28.206+0000] {processor.py:840} INFO - DAG(s) 'tutorial' retrieved from /home/airflow/.local/lib/python3.12/site-packages/airflow/example_dags/tutorial.py
[2024-04-26T23:10:28.289+0000] {logging_mixin.py:188} INFO - [2024-04-26T23:10:28.289+0000] {dag.py:3096} INFO - Sync 1 DAGs
[2024-04-26T23:10:28.305+0000] {logging_mixin.py:188} INFO - [2024-04-26T23:10:28.305+0000] {dag.py:3954} INFO - Setting next_dagrun for tutorial to 2024-04-25 00:00:00+00:00, run_after=2024-04-26 00:00:00+00:00
[2024-04-26T23:10:28.324+0000] {processor.py:183} INFO - Processing /home/airflow/.local/lib/python3.12/site-packages/airflow/example_dags/tutorial.py took 0.134 seconds
[2024-04-26T23:10:58.498+0000] {processor.py:161} INFO - Started process (PID=194) to work on /home/airflow/.local/lib/python3.12/site-packages/airflow/example_dags/tutorial.py
[2024-04-26T23:10:58.500+0000] {processor.py:830} INFO - Processing file /home/airflow/.local/lib/python3.12/site-packages/airflow/example_dags/tutorial.py for tasks to queue
[2024-04-26T23:10:58.502+0000] {logging_mixin.py:188} INFO - [2024-04-26T23:10:58.501+0000] {dagbag.py:540} INFO - Filling up the DagBag from /home/airflow/.local/lib/python3.12/site-packages/airflow/example_dags/tutorial.py
[2024-04-26T23:10:58.508+0000] {processor.py:840} INFO - DAG(s) 'tutorial' retrieved from /home/airflow/.local/lib/python3.12/site-packages/airflow/example_dags/tutorial.py
[2024-04-26T23:10:58.534+0000] {logging_mixin.py:188} INFO - [2024-04-26T23:10:58.533+0000] {dag.py:3096} INFO - Sync 1 DAGs
[2024-04-26T23:10:58.564+0000] {logging_mixin.py:188} INFO - [2024-04-26T23:10:58.563+0000] {dag.py:3954} INFO - Setting next_dagrun for tutorial to 2024-04-25 00:00:00+00:00, run_after=2024-04-26 00:00:00+00:00
[2024-04-26T23:10:58.589+0000] {processor.py:183} INFO - Processing /home/airflow/.local/lib/python3.12/site-packages/airflow/example_dags/tutorial.py took 0.098 seconds
[2024-04-26T23:11:29.490+0000] {processor.py:161} INFO - Started process (PID=253) to work on /home/airflow/.local/lib/python3.12/site-packages/airflow/example_dags/tutorial.py
[2024-04-26T23:11:29.491+0000] {processor.py:830} INFO - Processing file /home/airflow/.local/lib/python3.12/site-packages/airflow/example_dags/tutorial.py for tasks to queue
[2024-04-26T23:11:29.493+0000] {logging_mixin.py:188} INFO - [2024-04-26T23:11:29.492+0000] {dagbag.py:540} INFO - Filling up the DagBag from /home/airflow/.local/lib/python3.12/site-packages/airflow/example_dags/tutorial.py
[2024-04-26T23:11:29.497+0000] {processor.py:840} INFO - DAG(s) 'tutorial' retrieved from /home/airflow/.local/lib/python3.12/site-packages/airflow/example_dags/tutorial.py
[2024-04-26T23:11:29.519+0000] {logging_mixin.py:188} INFO - [2024-04-26T23:11:29.518+0000] {dag.py:3096} INFO - Sync 1 DAGs
[2024-04-26T23:11:29.541+0000] {logging_mixin.py:188} INFO - [2024-04-26T23:11:29.541+0000] {dag.py:3954} INFO - Setting next_dagrun for tutorial to 2024-04-25 00:00:00+00:00, run_after=2024-04-26 00:00:00+00:00
[2024-04-26T23:11:29.563+0000] {processor.py:183} INFO - Processing /home/airflow/.local/lib/python3.12/site-packages/airflow/example_dags/tutorial.py took 0.079 seconds
[2024-04-26T23:11:59.790+0000] {processor.py:161} INFO - Started process (PID=312) to work on /home/airflow/.local/lib/python3.12/site-packages/airflow/example_dags/tutorial.py
[2024-04-26T23:11:59.791+0000] {processor.py:830} INFO - Processing file /home/airflow/.local/lib/python3.12/site-packages/airflow/example_dags/tutorial.py for tasks to queue
[2024-04-26T23:11:59.792+0000] {logging_mixin.py:188} INFO - [2024-04-26T23:11:59.792+0000] {dagbag.py:540} INFO - Filling up the DagBag from /home/airflow/.local/lib/python3.12/site-packages/airflow/example_dags/tutorial.py
[2024-04-26T23:11:59.798+0000] {processor.py:840} INFO - DAG(s) 'tutorial' retrieved from /home/airflow/.local/lib/python3.12/site-packages/airflow/example_dags/tutorial.py
[2024-04-26T23:11:59.820+0000] {logging_mixin.py:188} INFO - [2024-04-26T23:11:59.820+0000] {dag.py:3096} INFO - Sync 1 DAGs
[2024-04-26T23:11:59.842+0000] {logging_mixin.py:188} INFO - [2024-04-26T23:11:59.841+0000] {dag.py:3954} INFO - Setting next_dagrun for tutorial to 2024-04-25 00:00:00+00:00, run_after=2024-04-26 00:00:00+00:00
[2024-04-26T23:11:59.859+0000] {processor.py:183} INFO - Processing /home/airflow/.local/lib/python3.12/site-packages/airflow/example_dags/tutorial.py took 0.075 seconds
[2024-04-26T23:12:30.006+0000] {processor.py:161} INFO - Started process (PID=371) to work on /home/airflow/.local/lib/python3.12/site-packages/airflow/example_dags/tutorial.py
[2024-04-26T23:12:30.007+0000] {processor.py:830} INFO - Processing file /home/airflow/.local/lib/python3.12/site-packages/airflow/example_dags/tutorial.py for tasks to queue
[2024-04-26T23:12:30.008+0000] {logging_mixin.py:188} INFO - [2024-04-26T23:12:30.008+0000] {dagbag.py:540} INFO - Filling up the DagBag from /home/airflow/.local/lib/python3.12/site-packages/airflow/example_dags/tutorial.py
[2024-04-26T23:12:30.013+0000] {processor.py:840} INFO - DAG(s) 'tutorial' retrieved from /home/airflow/.local/lib/python3.12/site-packages/airflow/example_dags/tutorial.py
[2024-04-26T23:12:30.030+0000] {logging_mixin.py:188} INFO - [2024-04-26T23:12:30.030+0000] {dag.py:3096} INFO - Sync 1 DAGs
[2024-04-26T23:12:30.048+0000] {logging_mixin.py:188} INFO - [2024-04-26T23:12:30.048+0000] {dag.py:3954} INFO - Setting next_dagrun for tutorial to 2024-04-25 00:00:00+00:00, run_after=2024-04-26 00:00:00+00:00
[2024-04-26T23:12:30.067+0000] {processor.py:183} INFO - Processing /home/airflow/.local/lib/python3.12/site-packages/airflow/example_dags/tutorial.py took 0.067 seconds
[2024-04-26T23:13:00.549+0000] {processor.py:161} INFO - Started process (PID=430) to work on /home/airflow/.local/lib/python3.12/site-packages/airflow/example_dags/tutorial.py
[2024-04-26T23:13:00.550+0000] {processor.py:830} INFO - Processing file /home/airflow/.local/lib/python3.12/site-packages/airflow/example_dags/tutorial.py for tasks to queue
[2024-04-26T23:13:00.552+0000] {logging_mixin.py:188} INFO - [2024-04-26T23:13:00.551+0000] {dagbag.py:540} INFO - Filling up the DagBag from /home/airflow/.local/lib/python3.12/site-packages/airflow/example_dags/tutorial.py
[2024-04-26T23:13:00.557+0000] {processor.py:840} INFO - DAG(s) 'tutorial' retrieved from /home/airflow/.local/lib/python3.12/site-packages/airflow/example_dags/tutorial.py
[2024-04-26T23:13:00.578+0000] {logging_mixin.py:188} INFO - [2024-04-26T23:13:00.577+0000] {dag.py:3096} INFO - Sync 1 DAGs
[2024-04-26T23:13:00.601+0000] {logging_mixin.py:188} INFO - [2024-04-26T23:13:00.601+0000] {dag.py:3954} INFO - Setting next_dagrun for tutorial to 2024-04-25 00:00:00+00:00, run_after=2024-04-26 00:00:00+00:00
[2024-04-26T23:13:00.624+0000] {processor.py:183} INFO - Processing /home/airflow/.local/lib/python3.12/site-packages/airflow/example_dags/tutorial.py took 0.080 seconds
[2024-04-26T23:13:31.648+0000] {processor.py:161} INFO - Started process (PID=489) to work on /home/airflow/.local/lib/python3.12/site-packages/airflow/example_dags/tutorial.py
[2024-04-26T23:13:31.649+0000] {processor.py:830} INFO - Processing file /home/airflow/.local/lib/python3.12/site-packages/airflow/example_dags/tutorial.py for tasks to queue
[2024-04-26T23:13:31.650+0000] {logging_mixin.py:188} INFO - [2024-04-26T23:13:31.650+0000] {dagbag.py:540} INFO - Filling up the DagBag from /home/airflow/.local/lib/python3.12/site-packages/airflow/example_dags/tutorial.py
[2024-04-26T23:13:31.655+0000] {processor.py:840} INFO - DAG(s) 'tutorial' retrieved from /home/airflow/.local/lib/python3.12/site-packages/airflow/example_dags/tutorial.py
[2024-04-26T23:13:31.673+0000] {logging_mixin.py:188} INFO - [2024-04-26T23:13:31.673+0000] {dag.py:3096} INFO - Sync 1 DAGs
[2024-04-26T23:13:31.691+0000] {logging_mixin.py:188} INFO - [2024-04-26T23:13:31.690+0000] {dag.py:3954} INFO - Setting next_dagrun for tutorial to 2024-04-25 00:00:00+00:00, run_after=2024-04-26 00:00:00+00:00
[2024-04-26T23:13:31.707+0000] {processor.py:183} INFO - Processing /home/airflow/.local/lib/python3.12/site-packages/airflow/example_dags/tutorial.py took 0.063 seconds
[2024-04-26T23:17:54.850+0000] {processor.py:161} INFO - Started process (PID=76) to work on /home/airflow/.local/lib/python3.12/site-packages/airflow/example_dags/tutorial.py
[2024-04-26T23:17:54.852+0000] {processor.py:830} INFO - Processing file /home/airflow/.local/lib/python3.12/site-packages/airflow/example_dags/tutorial.py for tasks to queue
[2024-04-26T23:17:54.853+0000] {logging_mixin.py:188} INFO - [2024-04-26T23:17:54.853+0000] {dagbag.py:540} INFO - Filling up the DagBag from /home/airflow/.local/lib/python3.12/site-packages/airflow/example_dags/tutorial.py
[2024-04-26T23:17:54.859+0000] {processor.py:840} INFO - DAG(s) 'tutorial' retrieved from /home/airflow/.local/lib/python3.12/site-packages/airflow/example_dags/tutorial.py
[2024-04-26T23:17:54.871+0000] {logging_mixin.py:188} INFO - [2024-04-26T23:17:54.870+0000] {dag.py:3096} INFO - Sync 1 DAGs
[2024-04-26T23:17:54.891+0000] {logging_mixin.py:188} INFO - [2024-04-26T23:17:54.891+0000] {dag.py:3954} INFO - Setting next_dagrun for tutorial to 2024-04-25 00:00:00+00:00, run_after=2024-04-26 00:00:00+00:00
[2024-04-26T23:17:54.911+0000] {processor.py:183} INFO - Processing /home/airflow/.local/lib/python3.12/site-packages/airflow/example_dags/tutorial.py took 0.067 seconds
[2024-04-26T23:18:26.198+0000] {processor.py:161} INFO - Started process (PID=135) to work on /home/airflow/.local/lib/python3.12/site-packages/airflow/example_dags/tutorial.py
[2024-04-26T23:18:26.199+0000] {processor.py:830} INFO - Processing file /home/airflow/.local/lib/python3.12/site-packages/airflow/example_dags/tutorial.py for tasks to queue
[2024-04-26T23:18:26.201+0000] {logging_mixin.py:188} INFO - [2024-04-26T23:18:26.200+0000] {dagbag.py:540} INFO - Filling up the DagBag from /home/airflow/.local/lib/python3.12/site-packages/airflow/example_dags/tutorial.py
[2024-04-26T23:18:26.207+0000] {processor.py:840} INFO - DAG(s) 'tutorial' retrieved from /home/airflow/.local/lib/python3.12/site-packages/airflow/example_dags/tutorial.py
[2024-04-26T23:18:26.306+0000] {logging_mixin.py:188} INFO - [2024-04-26T23:18:26.305+0000] {dag.py:3096} INFO - Sync 1 DAGs
[2024-04-26T23:18:26.331+0000] {logging_mixin.py:188} INFO - [2024-04-26T23:18:26.330+0000] {dag.py:3954} INFO - Setting next_dagrun for tutorial to 2024-04-25 00:00:00+00:00, run_after=2024-04-26 00:00:00+00:00
[2024-04-26T23:18:26.351+0000] {processor.py:183} INFO - Processing /home/airflow/.local/lib/python3.12/site-packages/airflow/example_dags/tutorial.py took 0.159 seconds
[2024-04-26T23:18:56.979+0000] {processor.py:161} INFO - Started process (PID=194) to work on /home/airflow/.local/lib/python3.12/site-packages/airflow/example_dags/tutorial.py
[2024-04-26T23:18:56.981+0000] {processor.py:830} INFO - Processing file /home/airflow/.local/lib/python3.12/site-packages/airflow/example_dags/tutorial.py for tasks to queue
[2024-04-26T23:18:56.983+0000] {logging_mixin.py:188} INFO - [2024-04-26T23:18:56.983+0000] {dagbag.py:540} INFO - Filling up the DagBag from /home/airflow/.local/lib/python3.12/site-packages/airflow/example_dags/tutorial.py
[2024-04-26T23:18:56.991+0000] {processor.py:840} INFO - DAG(s) 'tutorial' retrieved from /home/airflow/.local/lib/python3.12/site-packages/airflow/example_dags/tutorial.py
[2024-04-26T23:18:57.011+0000] {logging_mixin.py:188} INFO - [2024-04-26T23:18:57.010+0000] {dag.py:3096} INFO - Sync 1 DAGs
[2024-04-26T23:18:57.032+0000] {logging_mixin.py:188} INFO - [2024-04-26T23:18:57.032+0000] {dag.py:3954} INFO - Setting next_dagrun for tutorial to 2024-04-25 00:00:00+00:00, run_after=2024-04-26 00:00:00+00:00
[2024-04-26T23:18:57.053+0000] {processor.py:183} INFO - Processing /home/airflow/.local/lib/python3.12/site-packages/airflow/example_dags/tutorial.py took 0.080 seconds
[2024-04-26T23:19:44.012+0000] {processor.py:161} INFO - Started process (PID=76) to work on /home/airflow/.local/lib/python3.12/site-packages/airflow/example_dags/tutorial.py
[2024-04-26T23:19:44.013+0000] {processor.py:830} INFO - Processing file /home/airflow/.local/lib/python3.12/site-packages/airflow/example_dags/tutorial.py for tasks to queue
[2024-04-26T23:19:44.015+0000] {logging_mixin.py:188} INFO - [2024-04-26T23:19:44.014+0000] {dagbag.py:540} INFO - Filling up the DagBag from /home/airflow/.local/lib/python3.12/site-packages/airflow/example_dags/tutorial.py
[2024-04-26T23:19:44.020+0000] {processor.py:840} INFO - DAG(s) 'tutorial' retrieved from /home/airflow/.local/lib/python3.12/site-packages/airflow/example_dags/tutorial.py
[2024-04-26T23:19:44.033+0000] {logging_mixin.py:188} INFO - [2024-04-26T23:19:44.032+0000] {dag.py:3096} INFO - Sync 1 DAGs
[2024-04-26T23:19:44.053+0000] {logging_mixin.py:188} INFO - [2024-04-26T23:19:44.053+0000] {dag.py:3954} INFO - Setting next_dagrun for tutorial to 2024-04-25 00:00:00+00:00, run_after=2024-04-26 00:00:00+00:00
[2024-04-26T23:19:44.075+0000] {processor.py:183} INFO - Processing /home/airflow/.local/lib/python3.12/site-packages/airflow/example_dags/tutorial.py took 0.069 seconds
[2024-04-26T23:20:15.228+0000] {processor.py:161} INFO - Started process (PID=135) to work on /home/airflow/.local/lib/python3.12/site-packages/airflow/example_dags/tutorial.py
[2024-04-26T23:20:15.229+0000] {processor.py:830} INFO - Processing file /home/airflow/.local/lib/python3.12/site-packages/airflow/example_dags/tutorial.py for tasks to queue
[2024-04-26T23:20:15.231+0000] {logging_mixin.py:188} INFO - [2024-04-26T23:20:15.231+0000] {dagbag.py:540} INFO - Filling up the DagBag from /home/airflow/.local/lib/python3.12/site-packages/airflow/example_dags/tutorial.py
[2024-04-26T23:20:15.236+0000] {processor.py:840} INFO - DAG(s) 'tutorial' retrieved from /home/airflow/.local/lib/python3.12/site-packages/airflow/example_dags/tutorial.py
[2024-04-26T23:20:15.314+0000] {logging_mixin.py:188} INFO - [2024-04-26T23:20:15.314+0000] {dag.py:3096} INFO - Sync 1 DAGs
[2024-04-26T23:20:15.331+0000] {logging_mixin.py:188} INFO - [2024-04-26T23:20:15.331+0000] {dag.py:3954} INFO - Setting next_dagrun for tutorial to 2024-04-25 00:00:00+00:00, run_after=2024-04-26 00:00:00+00:00
[2024-04-26T23:20:15.349+0000] {processor.py:183} INFO - Processing /home/airflow/.local/lib/python3.12/site-packages/airflow/example_dags/tutorial.py took 0.127 seconds
[2024-04-26T23:20:45.581+0000] {processor.py:161} INFO - Started process (PID=194) to work on /home/airflow/.local/lib/python3.12/site-packages/airflow/example_dags/tutorial.py
[2024-04-26T23:20:45.582+0000] {processor.py:830} INFO - Processing file /home/airflow/.local/lib/python3.12/site-packages/airflow/example_dags/tutorial.py for tasks to queue
[2024-04-26T23:20:45.583+0000] {logging_mixin.py:188} INFO - [2024-04-26T23:20:45.583+0000] {dagbag.py:540} INFO - Filling up the DagBag from /home/airflow/.local/lib/python3.12/site-packages/airflow/example_dags/tutorial.py
[2024-04-26T23:20:45.588+0000] {processor.py:840} INFO - DAG(s) 'tutorial' retrieved from /home/airflow/.local/lib/python3.12/site-packages/airflow/example_dags/tutorial.py
[2024-04-26T23:20:45.606+0000] {logging_mixin.py:188} INFO - [2024-04-26T23:20:45.606+0000] {dag.py:3096} INFO - Sync 1 DAGs
[2024-04-26T23:20:45.625+0000] {logging_mixin.py:188} INFO - [2024-04-26T23:20:45.624+0000] {dag.py:3954} INFO - Setting next_dagrun for tutorial to 2024-04-25 00:00:00+00:00, run_after=2024-04-26 00:00:00+00:00
[2024-04-26T23:20:45.643+0000] {processor.py:183} INFO - Processing /home/airflow/.local/lib/python3.12/site-packages/airflow/example_dags/tutorial.py took 0.067 seconds
[2024-04-26T23:21:16.202+0000] {processor.py:161} INFO - Started process (PID=253) to work on /home/airflow/.local/lib/python3.12/site-packages/airflow/example_dags/tutorial.py
[2024-04-26T23:21:16.204+0000] {processor.py:830} INFO - Processing file /home/airflow/.local/lib/python3.12/site-packages/airflow/example_dags/tutorial.py for tasks to queue
[2024-04-26T23:21:16.205+0000] {logging_mixin.py:188} INFO - [2024-04-26T23:21:16.205+0000] {dagbag.py:540} INFO - Filling up the DagBag from /home/airflow/.local/lib/python3.12/site-packages/airflow/example_dags/tutorial.py
[2024-04-26T23:21:16.211+0000] {processor.py:840} INFO - DAG(s) 'tutorial' retrieved from /home/airflow/.local/lib/python3.12/site-packages/airflow/example_dags/tutorial.py
[2024-04-26T23:21:16.231+0000] {logging_mixin.py:188} INFO - [2024-04-26T23:21:16.231+0000] {dag.py:3096} INFO - Sync 1 DAGs
[2024-04-26T23:21:16.253+0000] {logging_mixin.py:188} INFO - [2024-04-26T23:21:16.253+0000] {dag.py:3954} INFO - Setting next_dagrun for tutorial to 2024-04-25 00:00:00+00:00, run_after=2024-04-26 00:00:00+00:00
[2024-04-26T23:21:16.277+0000] {processor.py:183} INFO - Processing /home/airflow/.local/lib/python3.12/site-packages/airflow/example_dags/tutorial.py took 0.080 seconds
