[2024-04-27T00:00:09.132+0000] {processor.py:161} INFO - Started process (PID=43) to work on /home/airflow/.local/lib/python3.12/site-packages/airflow/example_dags/example_subdag_operator.py
[2024-04-27T00:00:09.136+0000] {processor.py:830} INFO - Processing file /home/airflow/.local/lib/python3.12/site-packages/airflow/example_dags/example_subdag_operator.py for tasks to queue
[2024-04-27T00:00:09.146+0000] {logging_mixin.py:188} INFO - [2024-04-27T00:00:09.145+0000] {dagbag.py:540} INFO - Filling up the DagBag from /home/airflow/.local/lib/python3.12/site-packages/airflow/example_dags/example_subdag_operator.py
[2024-04-27T00:00:09.218+0000] {processor.py:840} INFO - DAG(s) 'example_subdag_operator.section-1', 'example_subdag_operator.section-2', 'example_subdag_operator' retrieved from /home/airflow/.local/lib/python3.12/site-packages/airflow/example_dags/example_subdag_operator.py
[2024-04-27T00:00:09.224+0000] {logging_mixin.py:188} INFO - [2024-04-27T00:00:09.224+0000] {dag.py:3096} INFO - Sync 3 DAGs
[2024-04-27T00:00:09.250+0000] {logging_mixin.py:188} INFO - [2024-04-27T00:00:09.250+0000] {dag.py:3954} INFO - Setting next_dagrun for example_subdag_operator to 2022-01-01 00:00:00+00:00, run_after=2022-01-01 00:00:00+00:00
[2024-04-27T00:00:09.254+0000] {logging_mixin.py:188} INFO - [2024-04-27T00:00:09.254+0000] {dag.py:3954} INFO - Setting next_dagrun for example_subdag_operator.section-1 to None, run_after=None
[2024-04-27T00:00:09.257+0000] {logging_mixin.py:188} INFO - [2024-04-27T00:00:09.257+0000] {dag.py:3954} INFO - Setting next_dagrun for example_subdag_operator.section-2 to None, run_after=None
[2024-04-27T00:00:09.265+0000] {logging_mixin.py:188} INFO - [2024-04-27T00:00:09.265+0000] {dag.py:3096} INFO - Sync 2 DAGs
[2024-04-27T00:00:09.271+0000] {logging_mixin.py:188} INFO - [2024-04-27T00:00:09.271+0000] {dag.py:3954} INFO - Setting next_dagrun for example_subdag_operator.section-1 to None, run_after=None
[2024-04-27T00:00:09.272+0000] {logging_mixin.py:188} INFO - [2024-04-27T00:00:09.272+0000] {dag.py:3954} INFO - Setting next_dagrun for example_subdag_operator.section-2 to None, run_after=None
[2024-04-27T00:00:09.287+0000] {processor.py:183} INFO - Processing /home/airflow/.local/lib/python3.12/site-packages/airflow/example_dags/example_subdag_operator.py took 0.178 seconds
[2024-04-27T00:00:39.791+0000] {processor.py:161} INFO - Started process (PID=102) to work on /home/airflow/.local/lib/python3.12/site-packages/airflow/example_dags/example_subdag_operator.py
[2024-04-27T00:00:39.792+0000] {processor.py:830} INFO - Processing file /home/airflow/.local/lib/python3.12/site-packages/airflow/example_dags/example_subdag_operator.py for tasks to queue
[2024-04-27T00:00:39.794+0000] {logging_mixin.py:188} INFO - [2024-04-27T00:00:39.794+0000] {dagbag.py:540} INFO - Filling up the DagBag from /home/airflow/.local/lib/python3.12/site-packages/airflow/example_dags/example_subdag_operator.py
[2024-04-27T00:00:39.814+0000] {processor.py:840} INFO - DAG(s) 'example_subdag_operator.section-1', 'example_subdag_operator.section-2', 'example_subdag_operator' retrieved from /home/airflow/.local/lib/python3.12/site-packages/airflow/example_dags/example_subdag_operator.py
[2024-04-27T00:00:39.896+0000] {logging_mixin.py:188} INFO - [2024-04-27T00:00:39.895+0000] {dag.py:3096} INFO - Sync 3 DAGs
[2024-04-27T00:00:39.914+0000] {logging_mixin.py:188} INFO - [2024-04-27T00:00:39.914+0000] {dag.py:3954} INFO - Setting next_dagrun for example_subdag_operator to 2022-01-01 00:00:00+00:00, run_after=2022-01-01 00:00:00+00:00
[2024-04-27T00:00:39.917+0000] {logging_mixin.py:188} INFO - [2024-04-27T00:00:39.917+0000] {dag.py:3954} INFO - Setting next_dagrun for example_subdag_operator.section-1 to None, run_after=None
[2024-04-27T00:00:39.919+0000] {logging_mixin.py:188} INFO - [2024-04-27T00:00:39.918+0000] {dag.py:3954} INFO - Setting next_dagrun for example_subdag_operator.section-2 to None, run_after=None
[2024-04-27T00:00:39.926+0000] {logging_mixin.py:188} INFO - [2024-04-27T00:00:39.926+0000] {dag.py:3096} INFO - Sync 2 DAGs
[2024-04-27T00:00:39.930+0000] {logging_mixin.py:188} INFO - [2024-04-27T00:00:39.930+0000] {dag.py:3954} INFO - Setting next_dagrun for example_subdag_operator.section-1 to None, run_after=None
[2024-04-27T00:00:39.931+0000] {logging_mixin.py:188} INFO - [2024-04-27T00:00:39.930+0000] {dag.py:3954} INFO - Setting next_dagrun for example_subdag_operator.section-2 to None, run_after=None
[2024-04-27T00:00:39.940+0000] {processor.py:183} INFO - Processing /home/airflow/.local/lib/python3.12/site-packages/airflow/example_dags/example_subdag_operator.py took 0.155 seconds
[2024-04-27T00:01:10.241+0000] {processor.py:161} INFO - Started process (PID=161) to work on /home/airflow/.local/lib/python3.12/site-packages/airflow/example_dags/example_subdag_operator.py
[2024-04-27T00:01:10.242+0000] {processor.py:830} INFO - Processing file /home/airflow/.local/lib/python3.12/site-packages/airflow/example_dags/example_subdag_operator.py for tasks to queue
[2024-04-27T00:01:10.243+0000] {logging_mixin.py:188} INFO - [2024-04-27T00:01:10.243+0000] {dagbag.py:540} INFO - Filling up the DagBag from /home/airflow/.local/lib/python3.12/site-packages/airflow/example_dags/example_subdag_operator.py
[2024-04-27T00:01:10.263+0000] {processor.py:840} INFO - DAG(s) 'example_subdag_operator.section-1', 'example_subdag_operator.section-2', 'example_subdag_operator' retrieved from /home/airflow/.local/lib/python3.12/site-packages/airflow/example_dags/example_subdag_operator.py
[2024-04-27T00:01:10.277+0000] {logging_mixin.py:188} INFO - [2024-04-27T00:01:10.276+0000] {dag.py:3096} INFO - Sync 3 DAGs
[2024-04-27T00:01:10.295+0000] {logging_mixin.py:188} INFO - [2024-04-27T00:01:10.295+0000] {dag.py:3954} INFO - Setting next_dagrun for example_subdag_operator to 2022-01-01 00:00:00+00:00, run_after=2022-01-01 00:00:00+00:00
[2024-04-27T00:01:10.299+0000] {logging_mixin.py:188} INFO - [2024-04-27T00:01:10.299+0000] {dag.py:3954} INFO - Setting next_dagrun for example_subdag_operator.section-1 to None, run_after=None
[2024-04-27T00:01:10.301+0000] {logging_mixin.py:188} INFO - [2024-04-27T00:01:10.300+0000] {dag.py:3954} INFO - Setting next_dagrun for example_subdag_operator.section-2 to None, run_after=None
[2024-04-27T00:01:10.307+0000] {logging_mixin.py:188} INFO - [2024-04-27T00:01:10.306+0000] {dag.py:3096} INFO - Sync 2 DAGs
[2024-04-27T00:01:10.311+0000] {logging_mixin.py:188} INFO - [2024-04-27T00:01:10.311+0000] {dag.py:3954} INFO - Setting next_dagrun for example_subdag_operator.section-1 to None, run_after=None
[2024-04-27T00:01:10.311+0000] {logging_mixin.py:188} INFO - [2024-04-27T00:01:10.311+0000] {dag.py:3954} INFO - Setting next_dagrun for example_subdag_operator.section-2 to None, run_after=None
[2024-04-27T00:01:10.321+0000] {processor.py:183} INFO - Processing /home/airflow/.local/lib/python3.12/site-packages/airflow/example_dags/example_subdag_operator.py took 0.085 seconds
[2024-04-27T00:01:40.640+0000] {processor.py:161} INFO - Started process (PID=220) to work on /home/airflow/.local/lib/python3.12/site-packages/airflow/example_dags/example_subdag_operator.py
[2024-04-27T00:01:40.641+0000] {processor.py:830} INFO - Processing file /home/airflow/.local/lib/python3.12/site-packages/airflow/example_dags/example_subdag_operator.py for tasks to queue
[2024-04-27T00:01:40.642+0000] {logging_mixin.py:188} INFO - [2024-04-27T00:01:40.642+0000] {dagbag.py:540} INFO - Filling up the DagBag from /home/airflow/.local/lib/python3.12/site-packages/airflow/example_dags/example_subdag_operator.py
[2024-04-27T00:01:40.661+0000] {processor.py:840} INFO - DAG(s) 'example_subdag_operator.section-1', 'example_subdag_operator.section-2', 'example_subdag_operator' retrieved from /home/airflow/.local/lib/python3.12/site-packages/airflow/example_dags/example_subdag_operator.py
[2024-04-27T00:01:40.673+0000] {logging_mixin.py:188} INFO - [2024-04-27T00:01:40.673+0000] {dag.py:3096} INFO - Sync 3 DAGs
[2024-04-27T00:01:40.690+0000] {logging_mixin.py:188} INFO - [2024-04-27T00:01:40.690+0000] {dag.py:3954} INFO - Setting next_dagrun for example_subdag_operator to 2022-01-01 00:00:00+00:00, run_after=2022-01-01 00:00:00+00:00
[2024-04-27T00:01:40.693+0000] {logging_mixin.py:188} INFO - [2024-04-27T00:01:40.693+0000] {dag.py:3954} INFO - Setting next_dagrun for example_subdag_operator.section-1 to None, run_after=None
[2024-04-27T00:01:40.695+0000] {logging_mixin.py:188} INFO - [2024-04-27T00:01:40.695+0000] {dag.py:3954} INFO - Setting next_dagrun for example_subdag_operator.section-2 to None, run_after=None
[2024-04-27T00:01:40.703+0000] {logging_mixin.py:188} INFO - [2024-04-27T00:01:40.702+0000] {dag.py:3096} INFO - Sync 2 DAGs
[2024-04-27T00:01:40.709+0000] {logging_mixin.py:188} INFO - [2024-04-27T00:01:40.708+0000] {dag.py:3954} INFO - Setting next_dagrun for example_subdag_operator.section-1 to None, run_after=None
[2024-04-27T00:01:40.710+0000] {logging_mixin.py:188} INFO - [2024-04-27T00:01:40.709+0000] {dag.py:3954} INFO - Setting next_dagrun for example_subdag_operator.section-2 to None, run_after=None
[2024-04-27T00:01:40.722+0000] {processor.py:183} INFO - Processing /home/airflow/.local/lib/python3.12/site-packages/airflow/example_dags/example_subdag_operator.py took 0.087 seconds
[2024-04-27T00:02:10.834+0000] {processor.py:161} INFO - Started process (PID=279) to work on /home/airflow/.local/lib/python3.12/site-packages/airflow/example_dags/example_subdag_operator.py
[2024-04-27T00:02:10.835+0000] {processor.py:830} INFO - Processing file /home/airflow/.local/lib/python3.12/site-packages/airflow/example_dags/example_subdag_operator.py for tasks to queue
[2024-04-27T00:02:10.838+0000] {logging_mixin.py:188} INFO - [2024-04-27T00:02:10.838+0000] {dagbag.py:540} INFO - Filling up the DagBag from /home/airflow/.local/lib/python3.12/site-packages/airflow/example_dags/example_subdag_operator.py
[2024-04-27T00:02:10.859+0000] {processor.py:840} INFO - DAG(s) 'example_subdag_operator.section-1', 'example_subdag_operator.section-2', 'example_subdag_operator' retrieved from /home/airflow/.local/lib/python3.12/site-packages/airflow/example_dags/example_subdag_operator.py
[2024-04-27T00:02:10.871+0000] {logging_mixin.py:188} INFO - [2024-04-27T00:02:10.871+0000] {dag.py:3096} INFO - Sync 3 DAGs
[2024-04-27T00:02:10.888+0000] {logging_mixin.py:188} INFO - [2024-04-27T00:02:10.888+0000] {dag.py:3954} INFO - Setting next_dagrun for example_subdag_operator to 2022-01-01 00:00:00+00:00, run_after=2022-01-01 00:00:00+00:00
[2024-04-27T00:02:10.892+0000] {logging_mixin.py:188} INFO - [2024-04-27T00:02:10.892+0000] {dag.py:3954} INFO - Setting next_dagrun for example_subdag_operator.section-1 to None, run_after=None
[2024-04-27T00:02:10.894+0000] {logging_mixin.py:188} INFO - [2024-04-27T00:02:10.894+0000] {dag.py:3954} INFO - Setting next_dagrun for example_subdag_operator.section-2 to None, run_after=None
[2024-04-27T00:02:10.902+0000] {logging_mixin.py:188} INFO - [2024-04-27T00:02:10.902+0000] {dag.py:3096} INFO - Sync 2 DAGs
[2024-04-27T00:02:10.908+0000] {logging_mixin.py:188} INFO - [2024-04-27T00:02:10.908+0000] {dag.py:3954} INFO - Setting next_dagrun for example_subdag_operator.section-1 to None, run_after=None
[2024-04-27T00:02:10.909+0000] {logging_mixin.py:188} INFO - [2024-04-27T00:02:10.909+0000] {dag.py:3954} INFO - Setting next_dagrun for example_subdag_operator.section-2 to None, run_after=None
[2024-04-27T00:02:10.920+0000] {processor.py:183} INFO - Processing /home/airflow/.local/lib/python3.12/site-packages/airflow/example_dags/example_subdag_operator.py took 0.091 seconds
[2024-04-27T00:02:41.185+0000] {processor.py:161} INFO - Started process (PID=338) to work on /home/airflow/.local/lib/python3.12/site-packages/airflow/example_dags/example_subdag_operator.py
[2024-04-27T00:02:41.186+0000] {processor.py:830} INFO - Processing file /home/airflow/.local/lib/python3.12/site-packages/airflow/example_dags/example_subdag_operator.py for tasks to queue
[2024-04-27T00:02:41.188+0000] {logging_mixin.py:188} INFO - [2024-04-27T00:02:41.188+0000] {dagbag.py:540} INFO - Filling up the DagBag from /home/airflow/.local/lib/python3.12/site-packages/airflow/example_dags/example_subdag_operator.py
[2024-04-27T00:02:41.209+0000] {processor.py:840} INFO - DAG(s) 'example_subdag_operator.section-1', 'example_subdag_operator.section-2', 'example_subdag_operator' retrieved from /home/airflow/.local/lib/python3.12/site-packages/airflow/example_dags/example_subdag_operator.py
[2024-04-27T00:02:41.223+0000] {logging_mixin.py:188} INFO - [2024-04-27T00:02:41.222+0000] {dag.py:3096} INFO - Sync 3 DAGs
[2024-04-27T00:02:41.241+0000] {logging_mixin.py:188} INFO - [2024-04-27T00:02:41.241+0000] {dag.py:3954} INFO - Setting next_dagrun for example_subdag_operator to 2022-01-01 00:00:00+00:00, run_after=2022-01-01 00:00:00+00:00
[2024-04-27T00:02:41.244+0000] {logging_mixin.py:188} INFO - [2024-04-27T00:02:41.244+0000] {dag.py:3954} INFO - Setting next_dagrun for example_subdag_operator.section-1 to None, run_after=None
[2024-04-27T00:02:41.246+0000] {logging_mixin.py:188} INFO - [2024-04-27T00:02:41.246+0000] {dag.py:3954} INFO - Setting next_dagrun for example_subdag_operator.section-2 to None, run_after=None
[2024-04-27T00:02:41.254+0000] {logging_mixin.py:188} INFO - [2024-04-27T00:02:41.254+0000] {dag.py:3096} INFO - Sync 2 DAGs
[2024-04-27T00:02:41.258+0000] {logging_mixin.py:188} INFO - [2024-04-27T00:02:41.258+0000] {dag.py:3954} INFO - Setting next_dagrun for example_subdag_operator.section-1 to None, run_after=None
[2024-04-27T00:02:41.259+0000] {logging_mixin.py:188} INFO - [2024-04-27T00:02:41.259+0000] {dag.py:3954} INFO - Setting next_dagrun for example_subdag_operator.section-2 to None, run_after=None
[2024-04-27T00:02:41.274+0000] {processor.py:183} INFO - Processing /home/airflow/.local/lib/python3.12/site-packages/airflow/example_dags/example_subdag_operator.py took 0.093 seconds
[2024-04-27T00:03:11.539+0000] {processor.py:161} INFO - Started process (PID=397) to work on /home/airflow/.local/lib/python3.12/site-packages/airflow/example_dags/example_subdag_operator.py
[2024-04-27T00:03:11.540+0000] {processor.py:830} INFO - Processing file /home/airflow/.local/lib/python3.12/site-packages/airflow/example_dags/example_subdag_operator.py for tasks to queue
[2024-04-27T00:03:11.542+0000] {logging_mixin.py:188} INFO - [2024-04-27T00:03:11.542+0000] {dagbag.py:540} INFO - Filling up the DagBag from /home/airflow/.local/lib/python3.12/site-packages/airflow/example_dags/example_subdag_operator.py
[2024-04-27T00:03:11.562+0000] {processor.py:840} INFO - DAG(s) 'example_subdag_operator.section-1', 'example_subdag_operator.section-2', 'example_subdag_operator' retrieved from /home/airflow/.local/lib/python3.12/site-packages/airflow/example_dags/example_subdag_operator.py
[2024-04-27T00:03:11.575+0000] {logging_mixin.py:188} INFO - [2024-04-27T00:03:11.575+0000] {dag.py:3096} INFO - Sync 3 DAGs
[2024-04-27T00:03:11.597+0000] {logging_mixin.py:188} INFO - [2024-04-27T00:03:11.596+0000] {dag.py:3954} INFO - Setting next_dagrun for example_subdag_operator to 2022-01-01 00:00:00+00:00, run_after=2022-01-01 00:00:00+00:00
[2024-04-27T00:03:11.601+0000] {logging_mixin.py:188} INFO - [2024-04-27T00:03:11.601+0000] {dag.py:3954} INFO - Setting next_dagrun for example_subdag_operator.section-1 to None, run_after=None
[2024-04-27T00:03:11.602+0000] {logging_mixin.py:188} INFO - [2024-04-27T00:03:11.602+0000] {dag.py:3954} INFO - Setting next_dagrun for example_subdag_operator.section-2 to None, run_after=None
[2024-04-27T00:03:11.610+0000] {logging_mixin.py:188} INFO - [2024-04-27T00:03:11.610+0000] {dag.py:3096} INFO - Sync 2 DAGs
[2024-04-27T00:03:11.618+0000] {logging_mixin.py:188} INFO - [2024-04-27T00:03:11.617+0000] {dag.py:3954} INFO - Setting next_dagrun for example_subdag_operator.section-1 to None, run_after=None
[2024-04-27T00:03:11.618+0000] {logging_mixin.py:188} INFO - [2024-04-27T00:03:11.618+0000] {dag.py:3954} INFO - Setting next_dagrun for example_subdag_operator.section-2 to None, run_after=None
[2024-04-27T00:03:11.633+0000] {processor.py:183} INFO - Processing /home/airflow/.local/lib/python3.12/site-packages/airflow/example_dags/example_subdag_operator.py took 0.099 seconds
[2024-04-27T00:03:41.959+0000] {processor.py:161} INFO - Started process (PID=457) to work on /home/airflow/.local/lib/python3.12/site-packages/airflow/example_dags/example_subdag_operator.py
[2024-04-27T00:03:41.960+0000] {processor.py:830} INFO - Processing file /home/airflow/.local/lib/python3.12/site-packages/airflow/example_dags/example_subdag_operator.py for tasks to queue
[2024-04-27T00:03:41.962+0000] {logging_mixin.py:188} INFO - [2024-04-27T00:03:41.962+0000] {dagbag.py:540} INFO - Filling up the DagBag from /home/airflow/.local/lib/python3.12/site-packages/airflow/example_dags/example_subdag_operator.py
[2024-04-27T00:03:41.984+0000] {processor.py:840} INFO - DAG(s) 'example_subdag_operator.section-1', 'example_subdag_operator.section-2', 'example_subdag_operator' retrieved from /home/airflow/.local/lib/python3.12/site-packages/airflow/example_dags/example_subdag_operator.py
[2024-04-27T00:03:41.998+0000] {logging_mixin.py:188} INFO - [2024-04-27T00:03:41.998+0000] {dag.py:3096} INFO - Sync 3 DAGs
[2024-04-27T00:03:42.017+0000] {logging_mixin.py:188} INFO - [2024-04-27T00:03:42.016+0000] {dag.py:3954} INFO - Setting next_dagrun for example_subdag_operator to 2022-01-01 00:00:00+00:00, run_after=2022-01-01 00:00:00+00:00
[2024-04-27T00:03:42.020+0000] {logging_mixin.py:188} INFO - [2024-04-27T00:03:42.020+0000] {dag.py:3954} INFO - Setting next_dagrun for example_subdag_operator.section-1 to None, run_after=None
[2024-04-27T00:03:42.022+0000] {logging_mixin.py:188} INFO - [2024-04-27T00:03:42.021+0000] {dag.py:3954} INFO - Setting next_dagrun for example_subdag_operator.section-2 to None, run_after=None
[2024-04-27T00:03:42.029+0000] {logging_mixin.py:188} INFO - [2024-04-27T00:03:42.029+0000] {dag.py:3096} INFO - Sync 2 DAGs
[2024-04-27T00:03:42.034+0000] {logging_mixin.py:188} INFO - [2024-04-27T00:03:42.034+0000] {dag.py:3954} INFO - Setting next_dagrun for example_subdag_operator.section-1 to None, run_after=None
[2024-04-27T00:03:42.035+0000] {logging_mixin.py:188} INFO - [2024-04-27T00:03:42.035+0000] {dag.py:3954} INFO - Setting next_dagrun for example_subdag_operator.section-2 to None, run_after=None
[2024-04-27T00:03:42.047+0000] {processor.py:183} INFO - Processing /home/airflow/.local/lib/python3.12/site-packages/airflow/example_dags/example_subdag_operator.py took 0.092 seconds
[2024-04-27T00:04:12.332+0000] {processor.py:161} INFO - Started process (PID=516) to work on /home/airflow/.local/lib/python3.12/site-packages/airflow/example_dags/example_subdag_operator.py
[2024-04-27T00:04:12.334+0000] {processor.py:830} INFO - Processing file /home/airflow/.local/lib/python3.12/site-packages/airflow/example_dags/example_subdag_operator.py for tasks to queue
[2024-04-27T00:04:12.335+0000] {logging_mixin.py:188} INFO - [2024-04-27T00:04:12.335+0000] {dagbag.py:540} INFO - Filling up the DagBag from /home/airflow/.local/lib/python3.12/site-packages/airflow/example_dags/example_subdag_operator.py
[2024-04-27T00:04:12.360+0000] {processor.py:840} INFO - DAG(s) 'example_subdag_operator.section-1', 'example_subdag_operator.section-2', 'example_subdag_operator' retrieved from /home/airflow/.local/lib/python3.12/site-packages/airflow/example_dags/example_subdag_operator.py
[2024-04-27T00:04:12.376+0000] {logging_mixin.py:188} INFO - [2024-04-27T00:04:12.376+0000] {dag.py:3096} INFO - Sync 3 DAGs
[2024-04-27T00:04:12.397+0000] {logging_mixin.py:188} INFO - [2024-04-27T00:04:12.397+0000] {dag.py:3954} INFO - Setting next_dagrun for example_subdag_operator to 2022-01-01 00:00:00+00:00, run_after=2022-01-01 00:00:00+00:00
[2024-04-27T00:04:12.402+0000] {logging_mixin.py:188} INFO - [2024-04-27T00:04:12.402+0000] {dag.py:3954} INFO - Setting next_dagrun for example_subdag_operator.section-1 to None, run_after=None
[2024-04-27T00:04:12.404+0000] {logging_mixin.py:188} INFO - [2024-04-27T00:04:12.404+0000] {dag.py:3954} INFO - Setting next_dagrun for example_subdag_operator.section-2 to None, run_after=None
[2024-04-27T00:04:12.411+0000] {logging_mixin.py:188} INFO - [2024-04-27T00:04:12.411+0000] {dag.py:3096} INFO - Sync 2 DAGs
[2024-04-27T00:04:12.417+0000] {logging_mixin.py:188} INFO - [2024-04-27T00:04:12.416+0000] {dag.py:3954} INFO - Setting next_dagrun for example_subdag_operator.section-1 to None, run_after=None
[2024-04-27T00:04:12.417+0000] {logging_mixin.py:188} INFO - [2024-04-27T00:04:12.417+0000] {dag.py:3954} INFO - Setting next_dagrun for example_subdag_operator.section-2 to None, run_after=None
[2024-04-27T00:04:12.429+0000] {processor.py:183} INFO - Processing /home/airflow/.local/lib/python3.12/site-packages/airflow/example_dags/example_subdag_operator.py took 0.102 seconds
[2024-04-27T00:04:42.650+0000] {processor.py:161} INFO - Started process (PID=575) to work on /home/airflow/.local/lib/python3.12/site-packages/airflow/example_dags/example_subdag_operator.py
[2024-04-27T00:04:42.651+0000] {processor.py:830} INFO - Processing file /home/airflow/.local/lib/python3.12/site-packages/airflow/example_dags/example_subdag_operator.py for tasks to queue
[2024-04-27T00:04:42.653+0000] {logging_mixin.py:188} INFO - [2024-04-27T00:04:42.653+0000] {dagbag.py:540} INFO - Filling up the DagBag from /home/airflow/.local/lib/python3.12/site-packages/airflow/example_dags/example_subdag_operator.py
[2024-04-27T00:04:42.678+0000] {processor.py:840} INFO - DAG(s) 'example_subdag_operator.section-1', 'example_subdag_operator.section-2', 'example_subdag_operator' retrieved from /home/airflow/.local/lib/python3.12/site-packages/airflow/example_dags/example_subdag_operator.py
[2024-04-27T00:04:42.692+0000] {logging_mixin.py:188} INFO - [2024-04-27T00:04:42.692+0000] {dag.py:3096} INFO - Sync 3 DAGs
[2024-04-27T00:04:42.712+0000] {logging_mixin.py:188} INFO - [2024-04-27T00:04:42.712+0000] {dag.py:3954} INFO - Setting next_dagrun for example_subdag_operator to 2022-01-01 00:00:00+00:00, run_after=2022-01-01 00:00:00+00:00
[2024-04-27T00:04:42.716+0000] {logging_mixin.py:188} INFO - [2024-04-27T00:04:42.716+0000] {dag.py:3954} INFO - Setting next_dagrun for example_subdag_operator.section-1 to None, run_after=None
[2024-04-27T00:04:42.718+0000] {logging_mixin.py:188} INFO - [2024-04-27T00:04:42.717+0000] {dag.py:3954} INFO - Setting next_dagrun for example_subdag_operator.section-2 to None, run_after=None
[2024-04-27T00:04:42.725+0000] {logging_mixin.py:188} INFO - [2024-04-27T00:04:42.725+0000] {dag.py:3096} INFO - Sync 2 DAGs
[2024-04-27T00:04:42.731+0000] {logging_mixin.py:188} INFO - [2024-04-27T00:04:42.731+0000] {dag.py:3954} INFO - Setting next_dagrun for example_subdag_operator.section-1 to None, run_after=None
[2024-04-27T00:04:42.732+0000] {logging_mixin.py:188} INFO - [2024-04-27T00:04:42.731+0000] {dag.py:3954} INFO - Setting next_dagrun for example_subdag_operator.section-2 to None, run_after=None
[2024-04-27T00:04:42.744+0000] {processor.py:183} INFO - Processing /home/airflow/.local/lib/python3.12/site-packages/airflow/example_dags/example_subdag_operator.py took 0.099 seconds
[2024-04-27T00:14:06.049+0000] {processor.py:161} INFO - Started process (PID=43) to work on /home/airflow/.local/lib/python3.12/site-packages/airflow/example_dags/example_subdag_operator.py
[2024-04-27T00:14:06.050+0000] {processor.py:830} INFO - Processing file /home/airflow/.local/lib/python3.12/site-packages/airflow/example_dags/example_subdag_operator.py for tasks to queue
[2024-04-27T00:14:06.055+0000] {logging_mixin.py:188} INFO - [2024-04-27T00:14:06.054+0000] {dagbag.py:540} INFO - Filling up the DagBag from /home/airflow/.local/lib/python3.12/site-packages/airflow/example_dags/example_subdag_operator.py
[2024-04-27T00:14:06.089+0000] {processor.py:840} INFO - DAG(s) 'example_subdag_operator.section-1', 'example_subdag_operator.section-2', 'example_subdag_operator' retrieved from /home/airflow/.local/lib/python3.12/site-packages/airflow/example_dags/example_subdag_operator.py
[2024-04-27T00:14:06.093+0000] {logging_mixin.py:188} INFO - [2024-04-27T00:14:06.093+0000] {dag.py:3096} INFO - Sync 3 DAGs
[2024-04-27T00:14:06.115+0000] {logging_mixin.py:188} INFO - [2024-04-27T00:14:06.115+0000] {dag.py:3954} INFO - Setting next_dagrun for example_subdag_operator to 2022-01-01 00:00:00+00:00, run_after=2022-01-01 00:00:00+00:00
[2024-04-27T00:14:06.121+0000] {logging_mixin.py:188} INFO - [2024-04-27T00:14:06.121+0000] {dag.py:3954} INFO - Setting next_dagrun for example_subdag_operator.section-1 to None, run_after=None
[2024-04-27T00:14:06.125+0000] {logging_mixin.py:188} INFO - [2024-04-27T00:14:06.125+0000] {dag.py:3954} INFO - Setting next_dagrun for example_subdag_operator.section-2 to None, run_after=None
[2024-04-27T00:14:06.134+0000] {logging_mixin.py:188} INFO - [2024-04-27T00:14:06.133+0000] {dag.py:3096} INFO - Sync 2 DAGs
[2024-04-27T00:14:06.139+0000] {logging_mixin.py:188} INFO - [2024-04-27T00:14:06.138+0000] {dag.py:3954} INFO - Setting next_dagrun for example_subdag_operator.section-1 to None, run_after=None
[2024-04-27T00:14:06.139+0000] {logging_mixin.py:188} INFO - [2024-04-27T00:14:06.139+0000] {dag.py:3954} INFO - Setting next_dagrun for example_subdag_operator.section-2 to None, run_after=None
[2024-04-27T00:14:06.152+0000] {processor.py:183} INFO - Processing /home/airflow/.local/lib/python3.12/site-packages/airflow/example_dags/example_subdag_operator.py took 0.118 seconds
[2024-04-27T00:14:36.758+0000] {processor.py:161} INFO - Started process (PID=102) to work on /home/airflow/.local/lib/python3.12/site-packages/airflow/example_dags/example_subdag_operator.py
[2024-04-27T00:14:36.759+0000] {processor.py:830} INFO - Processing file /home/airflow/.local/lib/python3.12/site-packages/airflow/example_dags/example_subdag_operator.py for tasks to queue
[2024-04-27T00:14:36.760+0000] {logging_mixin.py:188} INFO - [2024-04-27T00:14:36.760+0000] {dagbag.py:540} INFO - Filling up the DagBag from /home/airflow/.local/lib/python3.12/site-packages/airflow/example_dags/example_subdag_operator.py
[2024-04-27T00:14:36.783+0000] {processor.py:840} INFO - DAG(s) 'example_subdag_operator.section-1', 'example_subdag_operator.section-2', 'example_subdag_operator' retrieved from /home/airflow/.local/lib/python3.12/site-packages/airflow/example_dags/example_subdag_operator.py
[2024-04-27T00:14:36.859+0000] {logging_mixin.py:188} INFO - [2024-04-27T00:14:36.859+0000] {dag.py:3096} INFO - Sync 3 DAGs
[2024-04-27T00:14:36.874+0000] {logging_mixin.py:188} INFO - [2024-04-27T00:14:36.874+0000] {dag.py:3954} INFO - Setting next_dagrun for example_subdag_operator to 2022-01-01 00:00:00+00:00, run_after=2022-01-01 00:00:00+00:00
[2024-04-27T00:14:36.876+0000] {logging_mixin.py:188} INFO - [2024-04-27T00:14:36.876+0000] {dag.py:3954} INFO - Setting next_dagrun for example_subdag_operator.section-1 to None, run_after=None
[2024-04-27T00:14:36.877+0000] {logging_mixin.py:188} INFO - [2024-04-27T00:14:36.877+0000] {dag.py:3954} INFO - Setting next_dagrun for example_subdag_operator.section-2 to None, run_after=None
[2024-04-27T00:14:36.885+0000] {logging_mixin.py:188} INFO - [2024-04-27T00:14:36.885+0000] {dag.py:3096} INFO - Sync 2 DAGs
[2024-04-27T00:14:36.890+0000] {logging_mixin.py:188} INFO - [2024-04-27T00:14:36.890+0000] {dag.py:3954} INFO - Setting next_dagrun for example_subdag_operator.section-1 to None, run_after=None
[2024-04-27T00:14:36.890+0000] {logging_mixin.py:188} INFO - [2024-04-27T00:14:36.890+0000] {dag.py:3954} INFO - Setting next_dagrun for example_subdag_operator.section-2 to None, run_after=None
[2024-04-27T00:14:36.900+0000] {processor.py:183} INFO - Processing /home/airflow/.local/lib/python3.12/site-packages/airflow/example_dags/example_subdag_operator.py took 0.148 seconds
[2024-04-27T00:15:06.976+0000] {processor.py:161} INFO - Started process (PID=161) to work on /home/airflow/.local/lib/python3.12/site-packages/airflow/example_dags/example_subdag_operator.py
[2024-04-27T00:15:06.978+0000] {processor.py:830} INFO - Processing file /home/airflow/.local/lib/python3.12/site-packages/airflow/example_dags/example_subdag_operator.py for tasks to queue
[2024-04-27T00:15:06.980+0000] {logging_mixin.py:188} INFO - [2024-04-27T00:15:06.979+0000] {dagbag.py:540} INFO - Filling up the DagBag from /home/airflow/.local/lib/python3.12/site-packages/airflow/example_dags/example_subdag_operator.py
[2024-04-27T00:15:07.003+0000] {processor.py:840} INFO - DAG(s) 'example_subdag_operator.section-1', 'example_subdag_operator.section-2', 'example_subdag_operator' retrieved from /home/airflow/.local/lib/python3.12/site-packages/airflow/example_dags/example_subdag_operator.py
[2024-04-27T00:15:07.025+0000] {logging_mixin.py:188} INFO - [2024-04-27T00:15:07.025+0000] {dag.py:3096} INFO - Sync 3 DAGs
[2024-04-27T00:15:07.049+0000] {logging_mixin.py:188} INFO - [2024-04-27T00:15:07.049+0000] {dag.py:3954} INFO - Setting next_dagrun for example_subdag_operator to 2022-01-01 00:00:00+00:00, run_after=2022-01-01 00:00:00+00:00
[2024-04-27T00:15:07.053+0000] {logging_mixin.py:188} INFO - [2024-04-27T00:15:07.053+0000] {dag.py:3954} INFO - Setting next_dagrun for example_subdag_operator.section-1 to None, run_after=None
[2024-04-27T00:15:07.055+0000] {logging_mixin.py:188} INFO - [2024-04-27T00:15:07.055+0000] {dag.py:3954} INFO - Setting next_dagrun for example_subdag_operator.section-2 to None, run_after=None
[2024-04-27T00:15:07.065+0000] {logging_mixin.py:188} INFO - [2024-04-27T00:15:07.064+0000] {dag.py:3096} INFO - Sync 2 DAGs
[2024-04-27T00:15:07.072+0000] {logging_mixin.py:188} INFO - [2024-04-27T00:15:07.071+0000] {dag.py:3954} INFO - Setting next_dagrun for example_subdag_operator.section-1 to None, run_after=None
[2024-04-27T00:15:07.072+0000] {logging_mixin.py:188} INFO - [2024-04-27T00:15:07.072+0000] {dag.py:3954} INFO - Setting next_dagrun for example_subdag_operator.section-2 to None, run_after=None
[2024-04-27T00:15:07.089+0000] {processor.py:183} INFO - Processing /home/airflow/.local/lib/python3.12/site-packages/airflow/example_dags/example_subdag_operator.py took 0.118 seconds
[2024-04-27T00:15:37.121+0000] {processor.py:161} INFO - Started process (PID=220) to work on /home/airflow/.local/lib/python3.12/site-packages/airflow/example_dags/example_subdag_operator.py
[2024-04-27T00:15:37.122+0000] {processor.py:830} INFO - Processing file /home/airflow/.local/lib/python3.12/site-packages/airflow/example_dags/example_subdag_operator.py for tasks to queue
[2024-04-27T00:15:37.124+0000] {logging_mixin.py:188} INFO - [2024-04-27T00:15:37.123+0000] {dagbag.py:540} INFO - Filling up the DagBag from /home/airflow/.local/lib/python3.12/site-packages/airflow/example_dags/example_subdag_operator.py
[2024-04-27T00:15:37.141+0000] {processor.py:840} INFO - DAG(s) 'example_subdag_operator.section-1', 'example_subdag_operator.section-2', 'example_subdag_operator' retrieved from /home/airflow/.local/lib/python3.12/site-packages/airflow/example_dags/example_subdag_operator.py
[2024-04-27T00:15:37.153+0000] {logging_mixin.py:188} INFO - [2024-04-27T00:15:37.153+0000] {dag.py:3096} INFO - Sync 3 DAGs
[2024-04-27T00:15:37.170+0000] {logging_mixin.py:188} INFO - [2024-04-27T00:15:37.170+0000] {dag.py:3954} INFO - Setting next_dagrun for example_subdag_operator to 2022-01-01 00:00:00+00:00, run_after=2022-01-01 00:00:00+00:00
[2024-04-27T00:15:37.174+0000] {logging_mixin.py:188} INFO - [2024-04-27T00:15:37.174+0000] {dag.py:3954} INFO - Setting next_dagrun for example_subdag_operator.section-1 to None, run_after=None
[2024-04-27T00:15:37.175+0000] {logging_mixin.py:188} INFO - [2024-04-27T00:15:37.175+0000] {dag.py:3954} INFO - Setting next_dagrun for example_subdag_operator.section-2 to None, run_after=None
[2024-04-27T00:15:37.181+0000] {logging_mixin.py:188} INFO - [2024-04-27T00:15:37.181+0000] {dag.py:3096} INFO - Sync 2 DAGs
[2024-04-27T00:15:37.186+0000] {logging_mixin.py:188} INFO - [2024-04-27T00:15:37.186+0000] {dag.py:3954} INFO - Setting next_dagrun for example_subdag_operator.section-1 to None, run_after=None
[2024-04-27T00:15:37.187+0000] {logging_mixin.py:188} INFO - [2024-04-27T00:15:37.187+0000] {dag.py:3954} INFO - Setting next_dagrun for example_subdag_operator.section-2 to None, run_after=None
[2024-04-27T00:15:37.197+0000] {processor.py:183} INFO - Processing /home/airflow/.local/lib/python3.12/site-packages/airflow/example_dags/example_subdag_operator.py took 0.082 seconds
[2024-04-27T00:16:07.564+0000] {processor.py:161} INFO - Started process (PID=279) to work on /home/airflow/.local/lib/python3.12/site-packages/airflow/example_dags/example_subdag_operator.py
[2024-04-27T00:16:07.565+0000] {processor.py:830} INFO - Processing file /home/airflow/.local/lib/python3.12/site-packages/airflow/example_dags/example_subdag_operator.py for tasks to queue
[2024-04-27T00:16:07.567+0000] {logging_mixin.py:188} INFO - [2024-04-27T00:16:07.566+0000] {dagbag.py:540} INFO - Filling up the DagBag from /home/airflow/.local/lib/python3.12/site-packages/airflow/example_dags/example_subdag_operator.py
[2024-04-27T00:16:07.588+0000] {processor.py:840} INFO - DAG(s) 'example_subdag_operator.section-1', 'example_subdag_operator.section-2', 'example_subdag_operator' retrieved from /home/airflow/.local/lib/python3.12/site-packages/airflow/example_dags/example_subdag_operator.py
[2024-04-27T00:16:07.600+0000] {logging_mixin.py:188} INFO - [2024-04-27T00:16:07.600+0000] {dag.py:3096} INFO - Sync 3 DAGs
[2024-04-27T00:16:07.617+0000] {logging_mixin.py:188} INFO - [2024-04-27T00:16:07.617+0000] {dag.py:3954} INFO - Setting next_dagrun for example_subdag_operator to 2022-01-01 00:00:00+00:00, run_after=2022-01-01 00:00:00+00:00
[2024-04-27T00:16:07.621+0000] {logging_mixin.py:188} INFO - [2024-04-27T00:16:07.620+0000] {dag.py:3954} INFO - Setting next_dagrun for example_subdag_operator.section-1 to None, run_after=None
[2024-04-27T00:16:07.622+0000] {logging_mixin.py:188} INFO - [2024-04-27T00:16:07.622+0000] {dag.py:3954} INFO - Setting next_dagrun for example_subdag_operator.section-2 to None, run_after=None
[2024-04-27T00:16:07.629+0000] {logging_mixin.py:188} INFO - [2024-04-27T00:16:07.629+0000] {dag.py:3096} INFO - Sync 2 DAGs
[2024-04-27T00:16:07.637+0000] {logging_mixin.py:188} INFO - [2024-04-27T00:16:07.637+0000] {dag.py:3954} INFO - Setting next_dagrun for example_subdag_operator.section-1 to None, run_after=None
[2024-04-27T00:16:07.638+0000] {logging_mixin.py:188} INFO - [2024-04-27T00:16:07.638+0000] {dag.py:3954} INFO - Setting next_dagrun for example_subdag_operator.section-2 to None, run_after=None
[2024-04-27T00:16:07.650+0000] {processor.py:183} INFO - Processing /home/airflow/.local/lib/python3.12/site-packages/airflow/example_dags/example_subdag_operator.py took 0.091 seconds
[2024-04-27T00:16:37.844+0000] {processor.py:161} INFO - Started process (PID=338) to work on /home/airflow/.local/lib/python3.12/site-packages/airflow/example_dags/example_subdag_operator.py
[2024-04-27T00:16:37.845+0000] {processor.py:830} INFO - Processing file /home/airflow/.local/lib/python3.12/site-packages/airflow/example_dags/example_subdag_operator.py for tasks to queue
[2024-04-27T00:16:37.847+0000] {logging_mixin.py:188} INFO - [2024-04-27T00:16:37.847+0000] {dagbag.py:540} INFO - Filling up the DagBag from /home/airflow/.local/lib/python3.12/site-packages/airflow/example_dags/example_subdag_operator.py
[2024-04-27T00:16:37.870+0000] {processor.py:840} INFO - DAG(s) 'example_subdag_operator.section-1', 'example_subdag_operator.section-2', 'example_subdag_operator' retrieved from /home/airflow/.local/lib/python3.12/site-packages/airflow/example_dags/example_subdag_operator.py
[2024-04-27T00:16:37.890+0000] {logging_mixin.py:188} INFO - [2024-04-27T00:16:37.890+0000] {dag.py:3096} INFO - Sync 3 DAGs
[2024-04-27T00:16:37.914+0000] {logging_mixin.py:188} INFO - [2024-04-27T00:16:37.914+0000] {dag.py:3954} INFO - Setting next_dagrun for example_subdag_operator to 2022-01-01 00:00:00+00:00, run_after=2022-01-01 00:00:00+00:00
[2024-04-27T00:16:37.919+0000] {logging_mixin.py:188} INFO - [2024-04-27T00:16:37.918+0000] {dag.py:3954} INFO - Setting next_dagrun for example_subdag_operator.section-1 to None, run_after=None
[2024-04-27T00:16:37.920+0000] {logging_mixin.py:188} INFO - [2024-04-27T00:16:37.920+0000] {dag.py:3954} INFO - Setting next_dagrun for example_subdag_operator.section-2 to None, run_after=None
[2024-04-27T00:16:37.930+0000] {logging_mixin.py:188} INFO - [2024-04-27T00:16:37.930+0000] {dag.py:3096} INFO - Sync 2 DAGs
[2024-04-27T00:16:37.936+0000] {logging_mixin.py:188} INFO - [2024-04-27T00:16:37.936+0000] {dag.py:3954} INFO - Setting next_dagrun for example_subdag_operator.section-1 to None, run_after=None
[2024-04-27T00:16:37.937+0000] {logging_mixin.py:188} INFO - [2024-04-27T00:16:37.936+0000] {dag.py:3954} INFO - Setting next_dagrun for example_subdag_operator.section-2 to None, run_after=None
[2024-04-27T00:16:37.961+0000] {processor.py:183} INFO - Processing /home/airflow/.local/lib/python3.12/site-packages/airflow/example_dags/example_subdag_operator.py took 0.121 seconds
