[2024-04-27T00:00:13.422+0000] {processor.py:161} INFO - Started process (PID=74) to work on /home/airflow/.local/lib/python3.12/site-packages/airflow/example_dags/example_external_task_marker_dag.py
[2024-04-27T00:00:13.423+0000] {processor.py:830} INFO - Processing file /home/airflow/.local/lib/python3.12/site-packages/airflow/example_dags/example_external_task_marker_dag.py for tasks to queue
[2024-04-27T00:00:13.425+0000] {logging_mixin.py:188} INFO - [2024-04-27T00:00:13.425+0000] {dagbag.py:540} INFO - Filling up the DagBag from /home/airflow/.local/lib/python3.12/site-packages/airflow/example_dags/example_external_task_marker_dag.py
[2024-04-27T00:00:13.431+0000] {processor.py:840} INFO - DAG(s) 'example_external_task_marker_child', 'example_external_task_marker_parent' retrieved from /home/airflow/.local/lib/python3.12/site-packages/airflow/example_dags/example_external_task_marker_dag.py
[2024-04-27T00:00:13.444+0000] {logging_mixin.py:188} INFO - [2024-04-27T00:00:13.444+0000] {dag.py:3096} INFO - Sync 2 DAGs
[2024-04-27T00:00:13.461+0000] {logging_mixin.py:188} INFO - [2024-04-27T00:00:13.461+0000] {dag.py:3954} INFO - Setting next_dagrun for example_external_task_marker_child to None, run_after=None
[2024-04-27T00:00:13.466+0000] {logging_mixin.py:188} INFO - [2024-04-27T00:00:13.466+0000] {dag.py:3954} INFO - Setting next_dagrun for example_external_task_marker_parent to None, run_after=None
[2024-04-27T00:00:13.486+0000] {processor.py:183} INFO - Processing /home/airflow/.local/lib/python3.12/site-packages/airflow/example_dags/example_external_task_marker_dag.py took 0.070 seconds
[2024-04-27T00:00:44.738+0000] {processor.py:161} INFO - Started process (PID=133) to work on /home/airflow/.local/lib/python3.12/site-packages/airflow/example_dags/example_external_task_marker_dag.py
[2024-04-27T00:00:44.739+0000] {processor.py:830} INFO - Processing file /home/airflow/.local/lib/python3.12/site-packages/airflow/example_dags/example_external_task_marker_dag.py for tasks to queue
[2024-04-27T00:00:44.741+0000] {logging_mixin.py:188} INFO - [2024-04-27T00:00:44.741+0000] {dagbag.py:540} INFO - Filling up the DagBag from /home/airflow/.local/lib/python3.12/site-packages/airflow/example_dags/example_external_task_marker_dag.py
[2024-04-27T00:00:44.746+0000] {processor.py:840} INFO - DAG(s) 'example_external_task_marker_parent', 'example_external_task_marker_child' retrieved from /home/airflow/.local/lib/python3.12/site-packages/airflow/example_dags/example_external_task_marker_dag.py
[2024-04-27T00:00:44.832+0000] {logging_mixin.py:188} INFO - [2024-04-27T00:00:44.832+0000] {dag.py:3096} INFO - Sync 2 DAGs
[2024-04-27T00:00:44.843+0000] {logging_mixin.py:188} INFO - [2024-04-27T00:00:44.842+0000] {dag.py:3954} INFO - Setting next_dagrun for example_external_task_marker_child to None, run_after=None
[2024-04-27T00:00:44.846+0000] {logging_mixin.py:188} INFO - [2024-04-27T00:00:44.845+0000] {dag.py:3954} INFO - Setting next_dagrun for example_external_task_marker_parent to None, run_after=None
[2024-04-27T00:00:44.865+0000] {processor.py:183} INFO - Processing /home/airflow/.local/lib/python3.12/site-packages/airflow/example_dags/example_external_task_marker_dag.py took 0.133 seconds
[2024-04-27T00:01:15.032+0000] {processor.py:161} INFO - Started process (PID=192) to work on /home/airflow/.local/lib/python3.12/site-packages/airflow/example_dags/example_external_task_marker_dag.py
[2024-04-27T00:01:15.033+0000] {processor.py:830} INFO - Processing file /home/airflow/.local/lib/python3.12/site-packages/airflow/example_dags/example_external_task_marker_dag.py for tasks to queue
[2024-04-27T00:01:15.035+0000] {logging_mixin.py:188} INFO - [2024-04-27T00:01:15.034+0000] {dagbag.py:540} INFO - Filling up the DagBag from /home/airflow/.local/lib/python3.12/site-packages/airflow/example_dags/example_external_task_marker_dag.py
[2024-04-27T00:01:15.040+0000] {processor.py:840} INFO - DAG(s) 'example_external_task_marker_parent', 'example_external_task_marker_child' retrieved from /home/airflow/.local/lib/python3.12/site-packages/airflow/example_dags/example_external_task_marker_dag.py
[2024-04-27T00:01:15.060+0000] {logging_mixin.py:188} INFO - [2024-04-27T00:01:15.060+0000] {dag.py:3096} INFO - Sync 2 DAGs
[2024-04-27T00:01:15.071+0000] {logging_mixin.py:188} INFO - [2024-04-27T00:01:15.071+0000] {dag.py:3954} INFO - Setting next_dagrun for example_external_task_marker_child to None, run_after=None
[2024-04-27T00:01:15.074+0000] {logging_mixin.py:188} INFO - [2024-04-27T00:01:15.074+0000] {dag.py:3954} INFO - Setting next_dagrun for example_external_task_marker_parent to None, run_after=None
[2024-04-27T00:01:15.092+0000] {processor.py:183} INFO - Processing /home/airflow/.local/lib/python3.12/site-packages/airflow/example_dags/example_external_task_marker_dag.py took 0.065 seconds
[2024-04-27T00:01:45.411+0000] {processor.py:161} INFO - Started process (PID=251) to work on /home/airflow/.local/lib/python3.12/site-packages/airflow/example_dags/example_external_task_marker_dag.py
[2024-04-27T00:01:45.412+0000] {processor.py:830} INFO - Processing file /home/airflow/.local/lib/python3.12/site-packages/airflow/example_dags/example_external_task_marker_dag.py for tasks to queue
[2024-04-27T00:01:45.414+0000] {logging_mixin.py:188} INFO - [2024-04-27T00:01:45.414+0000] {dagbag.py:540} INFO - Filling up the DagBag from /home/airflow/.local/lib/python3.12/site-packages/airflow/example_dags/example_external_task_marker_dag.py
[2024-04-27T00:01:45.419+0000] {processor.py:840} INFO - DAG(s) 'example_external_task_marker_parent', 'example_external_task_marker_child' retrieved from /home/airflow/.local/lib/python3.12/site-packages/airflow/example_dags/example_external_task_marker_dag.py
[2024-04-27T00:01:45.439+0000] {logging_mixin.py:188} INFO - [2024-04-27T00:01:45.439+0000] {dag.py:3096} INFO - Sync 2 DAGs
[2024-04-27T00:01:45.450+0000] {logging_mixin.py:188} INFO - [2024-04-27T00:01:45.450+0000] {dag.py:3954} INFO - Setting next_dagrun for example_external_task_marker_child to None, run_after=None
[2024-04-27T00:01:45.454+0000] {logging_mixin.py:188} INFO - [2024-04-27T00:01:45.453+0000] {dag.py:3954} INFO - Setting next_dagrun for example_external_task_marker_parent to None, run_after=None
[2024-04-27T00:01:45.471+0000] {processor.py:183} INFO - Processing /home/airflow/.local/lib/python3.12/site-packages/airflow/example_dags/example_external_task_marker_dag.py took 0.063 seconds
[2024-04-27T00:02:15.532+0000] {processor.py:161} INFO - Started process (PID=309) to work on /home/airflow/.local/lib/python3.12/site-packages/airflow/example_dags/example_external_task_marker_dag.py
[2024-04-27T00:02:15.533+0000] {processor.py:830} INFO - Processing file /home/airflow/.local/lib/python3.12/site-packages/airflow/example_dags/example_external_task_marker_dag.py for tasks to queue
[2024-04-27T00:02:15.535+0000] {logging_mixin.py:188} INFO - [2024-04-27T00:02:15.535+0000] {dagbag.py:540} INFO - Filling up the DagBag from /home/airflow/.local/lib/python3.12/site-packages/airflow/example_dags/example_external_task_marker_dag.py
[2024-04-27T00:02:15.541+0000] {processor.py:840} INFO - DAG(s) 'example_external_task_marker_child', 'example_external_task_marker_parent' retrieved from /home/airflow/.local/lib/python3.12/site-packages/airflow/example_dags/example_external_task_marker_dag.py
[2024-04-27T00:02:15.559+0000] {logging_mixin.py:188} INFO - [2024-04-27T00:02:15.559+0000] {dag.py:3096} INFO - Sync 2 DAGs
[2024-04-27T00:02:15.570+0000] {logging_mixin.py:188} INFO - [2024-04-27T00:02:15.570+0000] {dag.py:3954} INFO - Setting next_dagrun for example_external_task_marker_child to None, run_after=None
[2024-04-27T00:02:15.574+0000] {logging_mixin.py:188} INFO - [2024-04-27T00:02:15.573+0000] {dag.py:3954} INFO - Setting next_dagrun for example_external_task_marker_parent to None, run_after=None
[2024-04-27T00:02:15.591+0000] {processor.py:183} INFO - Processing /home/airflow/.local/lib/python3.12/site-packages/airflow/example_dags/example_external_task_marker_dag.py took 0.064 seconds
[2024-04-27T00:02:45.820+0000] {processor.py:161} INFO - Started process (PID=368) to work on /home/airflow/.local/lib/python3.12/site-packages/airflow/example_dags/example_external_task_marker_dag.py
[2024-04-27T00:02:45.821+0000] {processor.py:830} INFO - Processing file /home/airflow/.local/lib/python3.12/site-packages/airflow/example_dags/example_external_task_marker_dag.py for tasks to queue
[2024-04-27T00:02:45.823+0000] {logging_mixin.py:188} INFO - [2024-04-27T00:02:45.822+0000] {dagbag.py:540} INFO - Filling up the DagBag from /home/airflow/.local/lib/python3.12/site-packages/airflow/example_dags/example_external_task_marker_dag.py
[2024-04-27T00:02:45.828+0000] {processor.py:840} INFO - DAG(s) 'example_external_task_marker_parent', 'example_external_task_marker_child' retrieved from /home/airflow/.local/lib/python3.12/site-packages/airflow/example_dags/example_external_task_marker_dag.py
[2024-04-27T00:02:45.847+0000] {logging_mixin.py:188} INFO - [2024-04-27T00:02:45.847+0000] {dag.py:3096} INFO - Sync 2 DAGs
[2024-04-27T00:02:45.858+0000] {logging_mixin.py:188} INFO - [2024-04-27T00:02:45.857+0000] {dag.py:3954} INFO - Setting next_dagrun for example_external_task_marker_child to None, run_after=None
[2024-04-27T00:02:45.861+0000] {logging_mixin.py:188} INFO - [2024-04-27T00:02:45.861+0000] {dag.py:3954} INFO - Setting next_dagrun for example_external_task_marker_parent to None, run_after=None
[2024-04-27T00:02:45.876+0000] {processor.py:183} INFO - Processing /home/airflow/.local/lib/python3.12/site-packages/airflow/example_dags/example_external_task_marker_dag.py took 0.061 seconds
[2024-04-27T00:03:16.402+0000] {processor.py:161} INFO - Started process (PID=427) to work on /home/airflow/.local/lib/python3.12/site-packages/airflow/example_dags/example_external_task_marker_dag.py
[2024-04-27T00:03:16.402+0000] {processor.py:830} INFO - Processing file /home/airflow/.local/lib/python3.12/site-packages/airflow/example_dags/example_external_task_marker_dag.py for tasks to queue
[2024-04-27T00:03:16.404+0000] {logging_mixin.py:188} INFO - [2024-04-27T00:03:16.404+0000] {dagbag.py:540} INFO - Filling up the DagBag from /home/airflow/.local/lib/python3.12/site-packages/airflow/example_dags/example_external_task_marker_dag.py
[2024-04-27T00:03:16.410+0000] {processor.py:840} INFO - DAG(s) 'example_external_task_marker_child', 'example_external_task_marker_parent' retrieved from /home/airflow/.local/lib/python3.12/site-packages/airflow/example_dags/example_external_task_marker_dag.py
[2024-04-27T00:03:16.430+0000] {logging_mixin.py:188} INFO - [2024-04-27T00:03:16.430+0000] {dag.py:3096} INFO - Sync 2 DAGs
[2024-04-27T00:03:16.440+0000] {logging_mixin.py:188} INFO - [2024-04-27T00:03:16.440+0000] {dag.py:3954} INFO - Setting next_dagrun for example_external_task_marker_child to None, run_after=None
[2024-04-27T00:03:16.443+0000] {logging_mixin.py:188} INFO - [2024-04-27T00:03:16.443+0000] {dag.py:3954} INFO - Setting next_dagrun for example_external_task_marker_parent to None, run_after=None
[2024-04-27T00:03:16.461+0000] {processor.py:183} INFO - Processing /home/airflow/.local/lib/python3.12/site-packages/airflow/example_dags/example_external_task_marker_dag.py took 0.064 seconds
[2024-04-27T00:03:46.930+0000] {processor.py:161} INFO - Started process (PID=488) to work on /home/airflow/.local/lib/python3.12/site-packages/airflow/example_dags/example_external_task_marker_dag.py
[2024-04-27T00:03:46.931+0000] {processor.py:830} INFO - Processing file /home/airflow/.local/lib/python3.12/site-packages/airflow/example_dags/example_external_task_marker_dag.py for tasks to queue
[2024-04-27T00:03:46.933+0000] {logging_mixin.py:188} INFO - [2024-04-27T00:03:46.933+0000] {dagbag.py:540} INFO - Filling up the DagBag from /home/airflow/.local/lib/python3.12/site-packages/airflow/example_dags/example_external_task_marker_dag.py
[2024-04-27T00:03:46.939+0000] {processor.py:840} INFO - DAG(s) 'example_external_task_marker_child', 'example_external_task_marker_parent' retrieved from /home/airflow/.local/lib/python3.12/site-packages/airflow/example_dags/example_external_task_marker_dag.py
[2024-04-27T00:03:46.958+0000] {logging_mixin.py:188} INFO - [2024-04-27T00:03:46.958+0000] {dag.py:3096} INFO - Sync 2 DAGs
[2024-04-27T00:03:46.970+0000] {logging_mixin.py:188} INFO - [2024-04-27T00:03:46.969+0000] {dag.py:3954} INFO - Setting next_dagrun for example_external_task_marker_child to None, run_after=None
[2024-04-27T00:03:46.973+0000] {logging_mixin.py:188} INFO - [2024-04-27T00:03:46.973+0000] {dag.py:3954} INFO - Setting next_dagrun for example_external_task_marker_parent to None, run_after=None
[2024-04-27T00:03:46.990+0000] {processor.py:183} INFO - Processing /home/airflow/.local/lib/python3.12/site-packages/airflow/example_dags/example_external_task_marker_dag.py took 0.065 seconds
[2024-04-27T00:04:17.166+0000] {processor.py:161} INFO - Started process (PID=547) to work on /home/airflow/.local/lib/python3.12/site-packages/airflow/example_dags/example_external_task_marker_dag.py
[2024-04-27T00:04:17.167+0000] {processor.py:830} INFO - Processing file /home/airflow/.local/lib/python3.12/site-packages/airflow/example_dags/example_external_task_marker_dag.py for tasks to queue
[2024-04-27T00:04:17.169+0000] {logging_mixin.py:188} INFO - [2024-04-27T00:04:17.169+0000] {dagbag.py:540} INFO - Filling up the DagBag from /home/airflow/.local/lib/python3.12/site-packages/airflow/example_dags/example_external_task_marker_dag.py
[2024-04-27T00:04:17.175+0000] {processor.py:840} INFO - DAG(s) 'example_external_task_marker_child', 'example_external_task_marker_parent' retrieved from /home/airflow/.local/lib/python3.12/site-packages/airflow/example_dags/example_external_task_marker_dag.py
[2024-04-27T00:04:17.199+0000] {logging_mixin.py:188} INFO - [2024-04-27T00:04:17.199+0000] {dag.py:3096} INFO - Sync 2 DAGs
[2024-04-27T00:04:17.212+0000] {logging_mixin.py:188} INFO - [2024-04-27T00:04:17.211+0000] {dag.py:3954} INFO - Setting next_dagrun for example_external_task_marker_child to None, run_after=None
[2024-04-27T00:04:17.215+0000] {logging_mixin.py:188} INFO - [2024-04-27T00:04:17.215+0000] {dag.py:3954} INFO - Setting next_dagrun for example_external_task_marker_parent to None, run_after=None
[2024-04-27T00:04:17.234+0000] {processor.py:183} INFO - Processing /home/airflow/.local/lib/python3.12/site-packages/airflow/example_dags/example_external_task_marker_dag.py took 0.073 seconds
[2024-04-27T00:04:47.477+0000] {processor.py:161} INFO - Started process (PID=606) to work on /home/airflow/.local/lib/python3.12/site-packages/airflow/example_dags/example_external_task_marker_dag.py
[2024-04-27T00:04:47.478+0000] {processor.py:830} INFO - Processing file /home/airflow/.local/lib/python3.12/site-packages/airflow/example_dags/example_external_task_marker_dag.py for tasks to queue
[2024-04-27T00:04:47.480+0000] {logging_mixin.py:188} INFO - [2024-04-27T00:04:47.479+0000] {dagbag.py:540} INFO - Filling up the DagBag from /home/airflow/.local/lib/python3.12/site-packages/airflow/example_dags/example_external_task_marker_dag.py
[2024-04-27T00:04:47.484+0000] {processor.py:840} INFO - DAG(s) 'example_external_task_marker_parent', 'example_external_task_marker_child' retrieved from /home/airflow/.local/lib/python3.12/site-packages/airflow/example_dags/example_external_task_marker_dag.py
[2024-04-27T00:04:47.506+0000] {logging_mixin.py:188} INFO - [2024-04-27T00:04:47.506+0000] {dag.py:3096} INFO - Sync 2 DAGs
[2024-04-27T00:04:47.518+0000] {logging_mixin.py:188} INFO - [2024-04-27T00:04:47.518+0000] {dag.py:3954} INFO - Setting next_dagrun for example_external_task_marker_child to None, run_after=None
[2024-04-27T00:04:47.521+0000] {logging_mixin.py:188} INFO - [2024-04-27T00:04:47.521+0000] {dag.py:3954} INFO - Setting next_dagrun for example_external_task_marker_parent to None, run_after=None
[2024-04-27T00:04:47.536+0000] {processor.py:183} INFO - Processing /home/airflow/.local/lib/python3.12/site-packages/airflow/example_dags/example_external_task_marker_dag.py took 0.064 seconds
[2024-04-27T00:14:08.438+0000] {processor.py:161} INFO - Started process (PID=74) to work on /home/airflow/.local/lib/python3.12/site-packages/airflow/example_dags/example_external_task_marker_dag.py
[2024-04-27T00:14:08.440+0000] {processor.py:830} INFO - Processing file /home/airflow/.local/lib/python3.12/site-packages/airflow/example_dags/example_external_task_marker_dag.py for tasks to queue
[2024-04-27T00:14:08.443+0000] {logging_mixin.py:188} INFO - [2024-04-27T00:14:08.442+0000] {dagbag.py:540} INFO - Filling up the DagBag from /home/airflow/.local/lib/python3.12/site-packages/airflow/example_dags/example_external_task_marker_dag.py
[2024-04-27T00:14:08.455+0000] {processor.py:840} INFO - DAG(s) 'example_external_task_marker_child', 'example_external_task_marker_parent' retrieved from /home/airflow/.local/lib/python3.12/site-packages/airflow/example_dags/example_external_task_marker_dag.py
[2024-04-27T00:14:08.469+0000] {logging_mixin.py:188} INFO - [2024-04-27T00:14:08.468+0000] {dag.py:3096} INFO - Sync 2 DAGs
[2024-04-27T00:14:08.487+0000] {logging_mixin.py:188} INFO - [2024-04-27T00:14:08.486+0000] {dag.py:3954} INFO - Setting next_dagrun for example_external_task_marker_child to None, run_after=None
[2024-04-27T00:14:08.491+0000] {logging_mixin.py:188} INFO - [2024-04-27T00:14:08.491+0000] {dag.py:3954} INFO - Setting next_dagrun for example_external_task_marker_parent to None, run_after=None
[2024-04-27T00:14:08.512+0000] {processor.py:183} INFO - Processing /home/airflow/.local/lib/python3.12/site-packages/airflow/example_dags/example_external_task_marker_dag.py took 0.093 seconds
[2024-04-27T00:14:39.729+0000] {processor.py:161} INFO - Started process (PID=133) to work on /home/airflow/.local/lib/python3.12/site-packages/airflow/example_dags/example_external_task_marker_dag.py
[2024-04-27T00:14:39.731+0000] {processor.py:830} INFO - Processing file /home/airflow/.local/lib/python3.12/site-packages/airflow/example_dags/example_external_task_marker_dag.py for tasks to queue
[2024-04-27T00:14:39.732+0000] {logging_mixin.py:188} INFO - [2024-04-27T00:14:39.732+0000] {dagbag.py:540} INFO - Filling up the DagBag from /home/airflow/.local/lib/python3.12/site-packages/airflow/example_dags/example_external_task_marker_dag.py
[2024-04-27T00:14:39.738+0000] {processor.py:840} INFO - DAG(s) 'example_external_task_marker_child', 'example_external_task_marker_parent' retrieved from /home/airflow/.local/lib/python3.12/site-packages/airflow/example_dags/example_external_task_marker_dag.py
[2024-04-27T00:14:39.845+0000] {logging_mixin.py:188} INFO - [2024-04-27T00:14:39.845+0000] {dag.py:3096} INFO - Sync 2 DAGs
[2024-04-27T00:14:39.858+0000] {logging_mixin.py:188} INFO - [2024-04-27T00:14:39.857+0000] {dag.py:3954} INFO - Setting next_dagrun for example_external_task_marker_child to None, run_after=None
[2024-04-27T00:14:39.861+0000] {logging_mixin.py:188} INFO - [2024-04-27T00:14:39.861+0000] {dag.py:3954} INFO - Setting next_dagrun for example_external_task_marker_parent to None, run_after=None
[2024-04-27T00:14:39.882+0000] {processor.py:183} INFO - Processing /home/airflow/.local/lib/python3.12/site-packages/airflow/example_dags/example_external_task_marker_dag.py took 0.157 seconds
[2024-04-27T00:15:10.516+0000] {processor.py:161} INFO - Started process (PID=192) to work on /home/airflow/.local/lib/python3.12/site-packages/airflow/example_dags/example_external_task_marker_dag.py
[2024-04-27T00:15:10.517+0000] {processor.py:830} INFO - Processing file /home/airflow/.local/lib/python3.12/site-packages/airflow/example_dags/example_external_task_marker_dag.py for tasks to queue
[2024-04-27T00:15:10.520+0000] {logging_mixin.py:188} INFO - [2024-04-27T00:15:10.519+0000] {dagbag.py:540} INFO - Filling up the DagBag from /home/airflow/.local/lib/python3.12/site-packages/airflow/example_dags/example_external_task_marker_dag.py
[2024-04-27T00:15:10.525+0000] {processor.py:840} INFO - DAG(s) 'example_external_task_marker_parent', 'example_external_task_marker_child' retrieved from /home/airflow/.local/lib/python3.12/site-packages/airflow/example_dags/example_external_task_marker_dag.py
[2024-04-27T00:15:10.546+0000] {logging_mixin.py:188} INFO - [2024-04-27T00:15:10.546+0000] {dag.py:3096} INFO - Sync 2 DAGs
[2024-04-27T00:15:10.557+0000] {logging_mixin.py:188} INFO - [2024-04-27T00:15:10.557+0000] {dag.py:3954} INFO - Setting next_dagrun for example_external_task_marker_child to None, run_after=None
[2024-04-27T00:15:10.561+0000] {logging_mixin.py:188} INFO - [2024-04-27T00:15:10.560+0000] {dag.py:3954} INFO - Setting next_dagrun for example_external_task_marker_parent to None, run_after=None
[2024-04-27T00:15:10.577+0000] {processor.py:183} INFO - Processing /home/airflow/.local/lib/python3.12/site-packages/airflow/example_dags/example_external_task_marker_dag.py took 0.067 seconds
[2024-04-27T00:15:40.904+0000] {processor.py:161} INFO - Started process (PID=251) to work on /home/airflow/.local/lib/python3.12/site-packages/airflow/example_dags/example_external_task_marker_dag.py
[2024-04-27T00:15:40.906+0000] {processor.py:830} INFO - Processing file /home/airflow/.local/lib/python3.12/site-packages/airflow/example_dags/example_external_task_marker_dag.py for tasks to queue
[2024-04-27T00:15:40.907+0000] {logging_mixin.py:188} INFO - [2024-04-27T00:15:40.907+0000] {dagbag.py:540} INFO - Filling up the DagBag from /home/airflow/.local/lib/python3.12/site-packages/airflow/example_dags/example_external_task_marker_dag.py
[2024-04-27T00:15:40.912+0000] {processor.py:840} INFO - DAG(s) 'example_external_task_marker_parent', 'example_external_task_marker_child' retrieved from /home/airflow/.local/lib/python3.12/site-packages/airflow/example_dags/example_external_task_marker_dag.py
[2024-04-27T00:15:40.931+0000] {logging_mixin.py:188} INFO - [2024-04-27T00:15:40.931+0000] {dag.py:3096} INFO - Sync 2 DAGs
[2024-04-27T00:15:40.941+0000] {logging_mixin.py:188} INFO - [2024-04-27T00:15:40.941+0000] {dag.py:3954} INFO - Setting next_dagrun for example_external_task_marker_child to None, run_after=None
[2024-04-27T00:15:40.945+0000] {logging_mixin.py:188} INFO - [2024-04-27T00:15:40.944+0000] {dag.py:3954} INFO - Setting next_dagrun for example_external_task_marker_parent to None, run_after=None
[2024-04-27T00:15:40.960+0000] {processor.py:183} INFO - Processing /home/airflow/.local/lib/python3.12/site-packages/airflow/example_dags/example_external_task_marker_dag.py took 0.060 seconds
[2024-04-27T00:16:11.617+0000] {processor.py:161} INFO - Started process (PID=310) to work on /home/airflow/.local/lib/python3.12/site-packages/airflow/example_dags/example_external_task_marker_dag.py
[2024-04-27T00:16:11.618+0000] {processor.py:830} INFO - Processing file /home/airflow/.local/lib/python3.12/site-packages/airflow/example_dags/example_external_task_marker_dag.py for tasks to queue
[2024-04-27T00:16:11.620+0000] {logging_mixin.py:188} INFO - [2024-04-27T00:16:11.619+0000] {dagbag.py:540} INFO - Filling up the DagBag from /home/airflow/.local/lib/python3.12/site-packages/airflow/example_dags/example_external_task_marker_dag.py
[2024-04-27T00:16:11.625+0000] {processor.py:840} INFO - DAG(s) 'example_external_task_marker_child', 'example_external_task_marker_parent' retrieved from /home/airflow/.local/lib/python3.12/site-packages/airflow/example_dags/example_external_task_marker_dag.py
[2024-04-27T00:16:11.646+0000] {logging_mixin.py:188} INFO - [2024-04-27T00:16:11.646+0000] {dag.py:3096} INFO - Sync 2 DAGs
[2024-04-27T00:16:11.658+0000] {logging_mixin.py:188} INFO - [2024-04-27T00:16:11.657+0000] {dag.py:3954} INFO - Setting next_dagrun for example_external_task_marker_child to None, run_after=None
[2024-04-27T00:16:11.661+0000] {logging_mixin.py:188} INFO - [2024-04-27T00:16:11.661+0000] {dag.py:3954} INFO - Setting next_dagrun for example_external_task_marker_parent to None, run_after=None
[2024-04-27T00:16:11.681+0000] {processor.py:183} INFO - Processing /home/airflow/.local/lib/python3.12/site-packages/airflow/example_dags/example_external_task_marker_dag.py took 0.069 seconds
[2024-04-27T00:16:42.591+0000] {processor.py:161} INFO - Started process (PID=369) to work on /home/airflow/.local/lib/python3.12/site-packages/airflow/example_dags/example_external_task_marker_dag.py
[2024-04-27T00:16:42.593+0000] {processor.py:830} INFO - Processing file /home/airflow/.local/lib/python3.12/site-packages/airflow/example_dags/example_external_task_marker_dag.py for tasks to queue
[2024-04-27T00:16:42.595+0000] {logging_mixin.py:188} INFO - [2024-04-27T00:16:42.595+0000] {dagbag.py:540} INFO - Filling up the DagBag from /home/airflow/.local/lib/python3.12/site-packages/airflow/example_dags/example_external_task_marker_dag.py
[2024-04-27T00:16:42.602+0000] {processor.py:840} INFO - DAG(s) 'example_external_task_marker_child', 'example_external_task_marker_parent' retrieved from /home/airflow/.local/lib/python3.12/site-packages/airflow/example_dags/example_external_task_marker_dag.py
[2024-04-27T00:16:42.622+0000] {logging_mixin.py:188} INFO - [2024-04-27T00:16:42.622+0000] {dag.py:3096} INFO - Sync 2 DAGs
[2024-04-27T00:16:42.632+0000] {logging_mixin.py:188} INFO - [2024-04-27T00:16:42.632+0000] {dag.py:3954} INFO - Setting next_dagrun for example_external_task_marker_child to None, run_after=None
[2024-04-27T00:16:42.636+0000] {logging_mixin.py:188} INFO - [2024-04-27T00:16:42.636+0000] {dag.py:3954} INFO - Setting next_dagrun for example_external_task_marker_parent to None, run_after=None
[2024-04-27T00:16:42.653+0000] {processor.py:183} INFO - Processing /home/airflow/.local/lib/python3.12/site-packages/airflow/example_dags/example_external_task_marker_dag.py took 0.067 seconds
