[2024-04-27T00:00:13.148+0000] {processor.py:161} INFO - Started process (PID=70) to work on /home/airflow/.local/lib/python3.12/site-packages/airflow/example_dags/example_branch_labels.py
[2024-04-27T00:00:13.150+0000] {processor.py:830} INFO - Processing file /home/airflow/.local/lib/python3.12/site-packages/airflow/example_dags/example_branch_labels.py for tasks to queue
[2024-04-27T00:00:13.153+0000] {logging_mixin.py:188} INFO - [2024-04-27T00:00:13.153+0000] {dagbag.py:540} INFO - Filling up the DagBag from /home/airflow/.local/lib/python3.12/site-packages/airflow/example_dags/example_branch_labels.py
[2024-04-27T00:00:13.162+0000] {processor.py:840} INFO - DAG(s) 'example_branch_labels' retrieved from /home/airflow/.local/lib/python3.12/site-packages/airflow/example_dags/example_branch_labels.py
[2024-04-27T00:00:13.178+0000] {logging_mixin.py:188} INFO - [2024-04-27T00:00:13.178+0000] {dag.py:3096} INFO - Sync 1 DAGs
[2024-04-27T00:00:13.203+0000] {logging_mixin.py:188} INFO - [2024-04-27T00:00:13.203+0000] {dag.py:3954} INFO - Setting next_dagrun for example_branch_labels to 2024-04-26 00:00:00+00:00, run_after=2024-04-27 00:00:00+00:00
[2024-04-27T00:00:13.227+0000] {processor.py:183} INFO - Processing /home/airflow/.local/lib/python3.12/site-packages/airflow/example_dags/example_branch_labels.py took 0.087 seconds
[2024-04-27T00:00:44.168+0000] {processor.py:161} INFO - Started process (PID=129) to work on /home/airflow/.local/lib/python3.12/site-packages/airflow/example_dags/example_branch_labels.py
[2024-04-27T00:00:44.170+0000] {processor.py:830} INFO - Processing file /home/airflow/.local/lib/python3.12/site-packages/airflow/example_dags/example_branch_labels.py for tasks to queue
[2024-04-27T00:00:44.171+0000] {logging_mixin.py:188} INFO - [2024-04-27T00:00:44.171+0000] {dagbag.py:540} INFO - Filling up the DagBag from /home/airflow/.local/lib/python3.12/site-packages/airflow/example_dags/example_branch_labels.py
[2024-04-27T00:00:44.180+0000] {processor.py:840} INFO - DAG(s) 'example_branch_labels' retrieved from /home/airflow/.local/lib/python3.12/site-packages/airflow/example_dags/example_branch_labels.py
[2024-04-27T00:00:44.300+0000] {logging_mixin.py:188} INFO - [2024-04-27T00:00:44.300+0000] {dag.py:3096} INFO - Sync 1 DAGs
[2024-04-27T00:00:44.324+0000] {logging_mixin.py:188} INFO - [2024-04-27T00:00:44.324+0000] {dag.py:3954} INFO - Setting next_dagrun for example_branch_labels to 2024-04-26 00:00:00+00:00, run_after=2024-04-27 00:00:00+00:00
[2024-04-27T00:00:44.346+0000] {processor.py:183} INFO - Processing /home/airflow/.local/lib/python3.12/site-packages/airflow/example_dags/example_branch_labels.py took 0.185 seconds
[2024-04-27T00:01:14.603+0000] {processor.py:161} INFO - Started process (PID=188) to work on /home/airflow/.local/lib/python3.12/site-packages/airflow/example_dags/example_branch_labels.py
[2024-04-27T00:01:14.604+0000] {processor.py:830} INFO - Processing file /home/airflow/.local/lib/python3.12/site-packages/airflow/example_dags/example_branch_labels.py for tasks to queue
[2024-04-27T00:01:14.606+0000] {logging_mixin.py:188} INFO - [2024-04-27T00:01:14.606+0000] {dagbag.py:540} INFO - Filling up the DagBag from /home/airflow/.local/lib/python3.12/site-packages/airflow/example_dags/example_branch_labels.py
[2024-04-27T00:01:14.613+0000] {processor.py:840} INFO - DAG(s) 'example_branch_labels' retrieved from /home/airflow/.local/lib/python3.12/site-packages/airflow/example_dags/example_branch_labels.py
[2024-04-27T00:01:14.631+0000] {logging_mixin.py:188} INFO - [2024-04-27T00:01:14.631+0000] {dag.py:3096} INFO - Sync 1 DAGs
[2024-04-27T00:01:14.652+0000] {logging_mixin.py:188} INFO - [2024-04-27T00:01:14.651+0000] {dag.py:3954} INFO - Setting next_dagrun for example_branch_labels to 2024-04-26 00:00:00+00:00, run_after=2024-04-27 00:00:00+00:00
[2024-04-27T00:01:14.672+0000] {processor.py:183} INFO - Processing /home/airflow/.local/lib/python3.12/site-packages/airflow/example_dags/example_branch_labels.py took 0.073 seconds
[2024-04-27T00:01:45.138+0000] {processor.py:161} INFO - Started process (PID=247) to work on /home/airflow/.local/lib/python3.12/site-packages/airflow/example_dags/example_branch_labels.py
[2024-04-27T00:01:45.139+0000] {processor.py:830} INFO - Processing file /home/airflow/.local/lib/python3.12/site-packages/airflow/example_dags/example_branch_labels.py for tasks to queue
[2024-04-27T00:01:45.141+0000] {logging_mixin.py:188} INFO - [2024-04-27T00:01:45.141+0000] {dagbag.py:540} INFO - Filling up the DagBag from /home/airflow/.local/lib/python3.12/site-packages/airflow/example_dags/example_branch_labels.py
[2024-04-27T00:01:45.148+0000] {processor.py:840} INFO - DAG(s) 'example_branch_labels' retrieved from /home/airflow/.local/lib/python3.12/site-packages/airflow/example_dags/example_branch_labels.py
[2024-04-27T00:01:45.168+0000] {logging_mixin.py:188} INFO - [2024-04-27T00:01:45.168+0000] {dag.py:3096} INFO - Sync 1 DAGs
[2024-04-27T00:01:45.188+0000] {logging_mixin.py:188} INFO - [2024-04-27T00:01:45.188+0000] {dag.py:3954} INFO - Setting next_dagrun for example_branch_labels to 2024-04-26 00:00:00+00:00, run_after=2024-04-27 00:00:00+00:00
[2024-04-27T00:01:45.204+0000] {processor.py:183} INFO - Processing /home/airflow/.local/lib/python3.12/site-packages/airflow/example_dags/example_branch_labels.py took 0.071 seconds
[2024-04-27T00:02:15.340+0000] {processor.py:161} INFO - Started process (PID=306) to work on /home/airflow/.local/lib/python3.12/site-packages/airflow/example_dags/example_branch_labels.py
[2024-04-27T00:02:15.341+0000] {processor.py:830} INFO - Processing file /home/airflow/.local/lib/python3.12/site-packages/airflow/example_dags/example_branch_labels.py for tasks to queue
[2024-04-27T00:02:15.343+0000] {logging_mixin.py:188} INFO - [2024-04-27T00:02:15.343+0000] {dagbag.py:540} INFO - Filling up the DagBag from /home/airflow/.local/lib/python3.12/site-packages/airflow/example_dags/example_branch_labels.py
[2024-04-27T00:02:15.349+0000] {processor.py:840} INFO - DAG(s) 'example_branch_labels' retrieved from /home/airflow/.local/lib/python3.12/site-packages/airflow/example_dags/example_branch_labels.py
[2024-04-27T00:02:15.369+0000] {logging_mixin.py:188} INFO - [2024-04-27T00:02:15.369+0000] {dag.py:3096} INFO - Sync 1 DAGs
[2024-04-27T00:02:15.391+0000] {logging_mixin.py:188} INFO - [2024-04-27T00:02:15.391+0000] {dag.py:3954} INFO - Setting next_dagrun for example_branch_labels to 2024-04-26 00:00:00+00:00, run_after=2024-04-27 00:00:00+00:00
[2024-04-27T00:02:15.407+0000] {processor.py:183} INFO - Processing /home/airflow/.local/lib/python3.12/site-packages/airflow/example_dags/example_branch_labels.py took 0.073 seconds
[2024-04-27T00:02:45.635+0000] {processor.py:161} INFO - Started process (PID=365) to work on /home/airflow/.local/lib/python3.12/site-packages/airflow/example_dags/example_branch_labels.py
[2024-04-27T00:02:45.636+0000] {processor.py:830} INFO - Processing file /home/airflow/.local/lib/python3.12/site-packages/airflow/example_dags/example_branch_labels.py for tasks to queue
[2024-04-27T00:02:45.637+0000] {logging_mixin.py:188} INFO - [2024-04-27T00:02:45.637+0000] {dagbag.py:540} INFO - Filling up the DagBag from /home/airflow/.local/lib/python3.12/site-packages/airflow/example_dags/example_branch_labels.py
[2024-04-27T00:02:45.643+0000] {processor.py:840} INFO - DAG(s) 'example_branch_labels' retrieved from /home/airflow/.local/lib/python3.12/site-packages/airflow/example_dags/example_branch_labels.py
[2024-04-27T00:02:45.661+0000] {logging_mixin.py:188} INFO - [2024-04-27T00:02:45.660+0000] {dag.py:3096} INFO - Sync 1 DAGs
[2024-04-27T00:02:45.680+0000] {logging_mixin.py:188} INFO - [2024-04-27T00:02:45.680+0000] {dag.py:3954} INFO - Setting next_dagrun for example_branch_labels to 2024-04-26 00:00:00+00:00, run_after=2024-04-27 00:00:00+00:00
[2024-04-27T00:02:45.700+0000] {processor.py:183} INFO - Processing /home/airflow/.local/lib/python3.12/site-packages/airflow/example_dags/example_branch_labels.py took 0.070 seconds
[2024-04-27T00:03:16.200+0000] {processor.py:161} INFO - Started process (PID=424) to work on /home/airflow/.local/lib/python3.12/site-packages/airflow/example_dags/example_branch_labels.py
[2024-04-27T00:03:16.201+0000] {processor.py:830} INFO - Processing file /home/airflow/.local/lib/python3.12/site-packages/airflow/example_dags/example_branch_labels.py for tasks to queue
[2024-04-27T00:03:16.204+0000] {logging_mixin.py:188} INFO - [2024-04-27T00:03:16.203+0000] {dagbag.py:540} INFO - Filling up the DagBag from /home/airflow/.local/lib/python3.12/site-packages/airflow/example_dags/example_branch_labels.py
[2024-04-27T00:03:16.210+0000] {processor.py:840} INFO - DAG(s) 'example_branch_labels' retrieved from /home/airflow/.local/lib/python3.12/site-packages/airflow/example_dags/example_branch_labels.py
[2024-04-27T00:03:16.229+0000] {logging_mixin.py:188} INFO - [2024-04-27T00:03:16.229+0000] {dag.py:3096} INFO - Sync 1 DAGs
[2024-04-27T00:03:16.251+0000] {logging_mixin.py:188} INFO - [2024-04-27T00:03:16.251+0000] {dag.py:3954} INFO - Setting next_dagrun for example_branch_labels to 2024-04-26 00:00:00+00:00, run_after=2024-04-27 00:00:00+00:00
[2024-04-27T00:03:16.270+0000] {processor.py:183} INFO - Processing /home/airflow/.local/lib/python3.12/site-packages/airflow/example_dags/example_branch_labels.py took 0.074 seconds
[2024-04-27T00:03:46.645+0000] {processor.py:161} INFO - Started process (PID=484) to work on /home/airflow/.local/lib/python3.12/site-packages/airflow/example_dags/example_branch_labels.py
[2024-04-27T00:03:46.646+0000] {processor.py:830} INFO - Processing file /home/airflow/.local/lib/python3.12/site-packages/airflow/example_dags/example_branch_labels.py for tasks to queue
[2024-04-27T00:03:46.648+0000] {logging_mixin.py:188} INFO - [2024-04-27T00:03:46.648+0000] {dagbag.py:540} INFO - Filling up the DagBag from /home/airflow/.local/lib/python3.12/site-packages/airflow/example_dags/example_branch_labels.py
[2024-04-27T00:03:46.654+0000] {processor.py:840} INFO - DAG(s) 'example_branch_labels' retrieved from /home/airflow/.local/lib/python3.12/site-packages/airflow/example_dags/example_branch_labels.py
[2024-04-27T00:03:46.676+0000] {logging_mixin.py:188} INFO - [2024-04-27T00:03:46.676+0000] {dag.py:3096} INFO - Sync 1 DAGs
[2024-04-27T00:03:46.693+0000] {logging_mixin.py:188} INFO - [2024-04-27T00:03:46.693+0000] {dag.py:3954} INFO - Setting next_dagrun for example_branch_labels to 2024-04-26 00:00:00+00:00, run_after=2024-04-27 00:00:00+00:00
[2024-04-27T00:03:46.713+0000] {processor.py:183} INFO - Processing /home/airflow/.local/lib/python3.12/site-packages/airflow/example_dags/example_branch_labels.py took 0.072 seconds
[2024-04-27T00:04:16.865+0000] {processor.py:161} INFO - Started process (PID=543) to work on /home/airflow/.local/lib/python3.12/site-packages/airflow/example_dags/example_branch_labels.py
[2024-04-27T00:04:16.866+0000] {processor.py:830} INFO - Processing file /home/airflow/.local/lib/python3.12/site-packages/airflow/example_dags/example_branch_labels.py for tasks to queue
[2024-04-27T00:04:16.867+0000] {logging_mixin.py:188} INFO - [2024-04-27T00:04:16.867+0000] {dagbag.py:540} INFO - Filling up the DagBag from /home/airflow/.local/lib/python3.12/site-packages/airflow/example_dags/example_branch_labels.py
[2024-04-27T00:04:16.874+0000] {processor.py:840} INFO - DAG(s) 'example_branch_labels' retrieved from /home/airflow/.local/lib/python3.12/site-packages/airflow/example_dags/example_branch_labels.py
[2024-04-27T00:04:16.896+0000] {logging_mixin.py:188} INFO - [2024-04-27T00:04:16.896+0000] {dag.py:3096} INFO - Sync 1 DAGs
[2024-04-27T00:04:16.918+0000] {logging_mixin.py:188} INFO - [2024-04-27T00:04:16.918+0000] {dag.py:3954} INFO - Setting next_dagrun for example_branch_labels to 2024-04-26 00:00:00+00:00, run_after=2024-04-27 00:00:00+00:00
[2024-04-27T00:04:16.942+0000] {processor.py:183} INFO - Processing /home/airflow/.local/lib/python3.12/site-packages/airflow/example_dags/example_branch_labels.py took 0.082 seconds
[2024-04-27T00:04:47.283+0000] {processor.py:161} INFO - Started process (PID=602) to work on /home/airflow/.local/lib/python3.12/site-packages/airflow/example_dags/example_branch_labels.py
[2024-04-27T00:04:47.284+0000] {processor.py:830} INFO - Processing file /home/airflow/.local/lib/python3.12/site-packages/airflow/example_dags/example_branch_labels.py for tasks to queue
[2024-04-27T00:04:47.285+0000] {logging_mixin.py:188} INFO - [2024-04-27T00:04:47.285+0000] {dagbag.py:540} INFO - Filling up the DagBag from /home/airflow/.local/lib/python3.12/site-packages/airflow/example_dags/example_branch_labels.py
[2024-04-27T00:04:47.293+0000] {processor.py:840} INFO - DAG(s) 'example_branch_labels' retrieved from /home/airflow/.local/lib/python3.12/site-packages/airflow/example_dags/example_branch_labels.py
[2024-04-27T00:04:47.311+0000] {logging_mixin.py:188} INFO - [2024-04-27T00:04:47.311+0000] {dag.py:3096} INFO - Sync 1 DAGs
[2024-04-27T00:04:47.329+0000] {logging_mixin.py:188} INFO - [2024-04-27T00:04:47.329+0000] {dag.py:3954} INFO - Setting next_dagrun for example_branch_labels to 2024-04-26 00:00:00+00:00, run_after=2024-04-27 00:00:00+00:00
[2024-04-27T00:04:47.348+0000] {processor.py:183} INFO - Processing /home/airflow/.local/lib/python3.12/site-packages/airflow/example_dags/example_branch_labels.py took 0.069 seconds
[2024-04-27T00:14:08.019+0000] {processor.py:161} INFO - Started process (PID=70) to work on /home/airflow/.local/lib/python3.12/site-packages/airflow/example_dags/example_branch_labels.py
[2024-04-27T00:14:08.022+0000] {processor.py:830} INFO - Processing file /home/airflow/.local/lib/python3.12/site-packages/airflow/example_dags/example_branch_labels.py for tasks to queue
[2024-04-27T00:14:08.029+0000] {logging_mixin.py:188} INFO - [2024-04-27T00:14:08.027+0000] {dagbag.py:540} INFO - Filling up the DagBag from /home/airflow/.local/lib/python3.12/site-packages/airflow/example_dags/example_branch_labels.py
[2024-04-27T00:14:08.048+0000] {processor.py:840} INFO - DAG(s) 'example_branch_labels' retrieved from /home/airflow/.local/lib/python3.12/site-packages/airflow/example_dags/example_branch_labels.py
[2024-04-27T00:14:08.073+0000] {logging_mixin.py:188} INFO - [2024-04-27T00:14:08.073+0000] {dag.py:3096} INFO - Sync 1 DAGs
[2024-04-27T00:14:08.109+0000] {logging_mixin.py:188} INFO - [2024-04-27T00:14:08.109+0000] {dag.py:3954} INFO - Setting next_dagrun for example_branch_labels to 2024-04-26 00:00:00+00:00, run_after=2024-04-27 00:00:00+00:00
[2024-04-27T00:14:08.136+0000] {processor.py:183} INFO - Processing /home/airflow/.local/lib/python3.12/site-packages/airflow/example_dags/example_branch_labels.py took 0.133 seconds
[2024-04-27T00:14:39.311+0000] {processor.py:161} INFO - Started process (PID=129) to work on /home/airflow/.local/lib/python3.12/site-packages/airflow/example_dags/example_branch_labels.py
[2024-04-27T00:14:39.313+0000] {processor.py:830} INFO - Processing file /home/airflow/.local/lib/python3.12/site-packages/airflow/example_dags/example_branch_labels.py for tasks to queue
[2024-04-27T00:14:39.315+0000] {logging_mixin.py:188} INFO - [2024-04-27T00:14:39.314+0000] {dagbag.py:540} INFO - Filling up the DagBag from /home/airflow/.local/lib/python3.12/site-packages/airflow/example_dags/example_branch_labels.py
[2024-04-27T00:14:39.322+0000] {processor.py:840} INFO - DAG(s) 'example_branch_labels' retrieved from /home/airflow/.local/lib/python3.12/site-packages/airflow/example_dags/example_branch_labels.py
[2024-04-27T00:14:39.408+0000] {logging_mixin.py:188} INFO - [2024-04-27T00:14:39.408+0000] {dag.py:3096} INFO - Sync 1 DAGs
[2024-04-27T00:14:39.428+0000] {logging_mixin.py:188} INFO - [2024-04-27T00:14:39.428+0000] {dag.py:3954} INFO - Setting next_dagrun for example_branch_labels to 2024-04-26 00:00:00+00:00, run_after=2024-04-27 00:00:00+00:00
[2024-04-27T00:14:39.450+0000] {processor.py:183} INFO - Processing /home/airflow/.local/lib/python3.12/site-packages/airflow/example_dags/example_branch_labels.py took 0.145 seconds
[2024-04-27T00:15:10.260+0000] {processor.py:161} INFO - Started process (PID=188) to work on /home/airflow/.local/lib/python3.12/site-packages/airflow/example_dags/example_branch_labels.py
[2024-04-27T00:15:10.261+0000] {processor.py:830} INFO - Processing file /home/airflow/.local/lib/python3.12/site-packages/airflow/example_dags/example_branch_labels.py for tasks to queue
[2024-04-27T00:15:10.263+0000] {logging_mixin.py:188} INFO - [2024-04-27T00:15:10.263+0000] {dagbag.py:540} INFO - Filling up the DagBag from /home/airflow/.local/lib/python3.12/site-packages/airflow/example_dags/example_branch_labels.py
[2024-04-27T00:15:10.269+0000] {processor.py:840} INFO - DAG(s) 'example_branch_labels' retrieved from /home/airflow/.local/lib/python3.12/site-packages/airflow/example_dags/example_branch_labels.py
[2024-04-27T00:15:10.288+0000] {logging_mixin.py:188} INFO - [2024-04-27T00:15:10.288+0000] {dag.py:3096} INFO - Sync 1 DAGs
[2024-04-27T00:15:10.307+0000] {logging_mixin.py:188} INFO - [2024-04-27T00:15:10.307+0000] {dag.py:3954} INFO - Setting next_dagrun for example_branch_labels to 2024-04-26 00:00:00+00:00, run_after=2024-04-27 00:00:00+00:00
[2024-04-27T00:15:10.327+0000] {processor.py:183} INFO - Processing /home/airflow/.local/lib/python3.12/site-packages/airflow/example_dags/example_branch_labels.py took 0.072 seconds
[2024-04-27T00:15:40.661+0000] {processor.py:161} INFO - Started process (PID=247) to work on /home/airflow/.local/lib/python3.12/site-packages/airflow/example_dags/example_branch_labels.py
[2024-04-27T00:15:40.662+0000] {processor.py:830} INFO - Processing file /home/airflow/.local/lib/python3.12/site-packages/airflow/example_dags/example_branch_labels.py for tasks to queue
[2024-04-27T00:15:40.664+0000] {logging_mixin.py:188} INFO - [2024-04-27T00:15:40.663+0000] {dagbag.py:540} INFO - Filling up the DagBag from /home/airflow/.local/lib/python3.12/site-packages/airflow/example_dags/example_branch_labels.py
[2024-04-27T00:15:40.670+0000] {processor.py:840} INFO - DAG(s) 'example_branch_labels' retrieved from /home/airflow/.local/lib/python3.12/site-packages/airflow/example_dags/example_branch_labels.py
[2024-04-27T00:15:40.686+0000] {logging_mixin.py:188} INFO - [2024-04-27T00:15:40.686+0000] {dag.py:3096} INFO - Sync 1 DAGs
[2024-04-27T00:15:40.705+0000] {logging_mixin.py:188} INFO - [2024-04-27T00:15:40.704+0000] {dag.py:3954} INFO - Setting next_dagrun for example_branch_labels to 2024-04-26 00:00:00+00:00, run_after=2024-04-27 00:00:00+00:00
[2024-04-27T00:15:40.722+0000] {processor.py:183} INFO - Processing /home/airflow/.local/lib/python3.12/site-packages/airflow/example_dags/example_branch_labels.py took 0.066 seconds
[2024-04-27T00:16:11.360+0000] {processor.py:161} INFO - Started process (PID=306) to work on /home/airflow/.local/lib/python3.12/site-packages/airflow/example_dags/example_branch_labels.py
[2024-04-27T00:16:11.361+0000] {processor.py:830} INFO - Processing file /home/airflow/.local/lib/python3.12/site-packages/airflow/example_dags/example_branch_labels.py for tasks to queue
[2024-04-27T00:16:11.363+0000] {logging_mixin.py:188} INFO - [2024-04-27T00:16:11.362+0000] {dagbag.py:540} INFO - Filling up the DagBag from /home/airflow/.local/lib/python3.12/site-packages/airflow/example_dags/example_branch_labels.py
[2024-04-27T00:16:11.369+0000] {processor.py:840} INFO - DAG(s) 'example_branch_labels' retrieved from /home/airflow/.local/lib/python3.12/site-packages/airflow/example_dags/example_branch_labels.py
[2024-04-27T00:16:11.386+0000] {logging_mixin.py:188} INFO - [2024-04-27T00:16:11.386+0000] {dag.py:3096} INFO - Sync 1 DAGs
[2024-04-27T00:16:11.405+0000] {logging_mixin.py:188} INFO - [2024-04-27T00:16:11.405+0000] {dag.py:3954} INFO - Setting next_dagrun for example_branch_labels to 2024-04-26 00:00:00+00:00, run_after=2024-04-27 00:00:00+00:00
[2024-04-27T00:16:11.423+0000] {processor.py:183} INFO - Processing /home/airflow/.local/lib/python3.12/site-packages/airflow/example_dags/example_branch_labels.py took 0.069 seconds
[2024-04-27T00:16:41.489+0000] {processor.py:161} INFO - Started process (PID=365) to work on /home/airflow/.local/lib/python3.12/site-packages/airflow/example_dags/example_branch_labels.py
[2024-04-27T00:16:41.490+0000] {processor.py:830} INFO - Processing file /home/airflow/.local/lib/python3.12/site-packages/airflow/example_dags/example_branch_labels.py for tasks to queue
[2024-04-27T00:16:41.492+0000] {logging_mixin.py:188} INFO - [2024-04-27T00:16:41.492+0000] {dagbag.py:540} INFO - Filling up the DagBag from /home/airflow/.local/lib/python3.12/site-packages/airflow/example_dags/example_branch_labels.py
[2024-04-27T00:16:41.498+0000] {processor.py:840} INFO - DAG(s) 'example_branch_labels' retrieved from /home/airflow/.local/lib/python3.12/site-packages/airflow/example_dags/example_branch_labels.py
[2024-04-27T00:16:41.516+0000] {logging_mixin.py:188} INFO - [2024-04-27T00:16:41.516+0000] {dag.py:3096} INFO - Sync 1 DAGs
[2024-04-27T00:16:41.534+0000] {logging_mixin.py:188} INFO - [2024-04-27T00:16:41.534+0000] {dag.py:3954} INFO - Setting next_dagrun for example_branch_labels to 2024-04-26 00:00:00+00:00, run_after=2024-04-27 00:00:00+00:00
[2024-04-27T00:16:41.554+0000] {processor.py:183} INFO - Processing /home/airflow/.local/lib/python3.12/site-packages/airflow/example_dags/example_branch_labels.py took 0.070 seconds
