[2024-04-27T00:00:12.924+0000] {processor.py:161} INFO - Started process (PID=68) to work on /home/airflow/.local/lib/python3.12/site-packages/airflow/example_dags/example_python_operator.py
[2024-04-27T00:00:12.925+0000] {processor.py:830} INFO - Processing file /home/airflow/.local/lib/python3.12/site-packages/airflow/example_dags/example_python_operator.py for tasks to queue
[2024-04-27T00:00:12.928+0000] {logging_mixin.py:188} INFO - [2024-04-27T00:00:12.927+0000] {dagbag.py:540} INFO - Filling up the DagBag from /home/airflow/.local/lib/python3.12/site-packages/airflow/example_dags/example_python_operator.py
[2024-04-27T00:00:12.939+0000] {processor.py:840} INFO - DAG(s) 'example_python_operator' retrieved from /home/airflow/.local/lib/python3.12/site-packages/airflow/example_dags/example_python_operator.py
[2024-04-27T00:00:12.957+0000] {logging_mixin.py:188} INFO - [2024-04-27T00:00:12.956+0000] {dag.py:3096} INFO - Sync 1 DAGs
[2024-04-27T00:00:12.972+0000] {logging_mixin.py:188} INFO - [2024-04-27T00:00:12.972+0000] {dag.py:3954} INFO - Setting next_dagrun for example_python_operator to None, run_after=None
[2024-04-27T00:00:12.999+0000] {processor.py:183} INFO - Processing /home/airflow/.local/lib/python3.12/site-packages/airflow/example_dags/example_python_operator.py took 0.083 seconds
[2024-04-27T00:00:43.962+0000] {processor.py:161} INFO - Started process (PID=127) to work on /home/airflow/.local/lib/python3.12/site-packages/airflow/example_dags/example_python_operator.py
[2024-04-27T00:00:43.964+0000] {processor.py:830} INFO - Processing file /home/airflow/.local/lib/python3.12/site-packages/airflow/example_dags/example_python_operator.py for tasks to queue
[2024-04-27T00:00:43.966+0000] {logging_mixin.py:188} INFO - [2024-04-27T00:00:43.966+0000] {dagbag.py:540} INFO - Filling up the DagBag from /home/airflow/.local/lib/python3.12/site-packages/airflow/example_dags/example_python_operator.py
[2024-04-27T00:00:43.978+0000] {processor.py:840} INFO - DAG(s) 'example_python_operator' retrieved from /home/airflow/.local/lib/python3.12/site-packages/airflow/example_dags/example_python_operator.py
[2024-04-27T00:00:44.085+0000] {logging_mixin.py:188} INFO - [2024-04-27T00:00:44.085+0000] {dag.py:3096} INFO - Sync 1 DAGs
[2024-04-27T00:00:44.096+0000] {logging_mixin.py:188} INFO - [2024-04-27T00:00:44.096+0000] {dag.py:3954} INFO - Setting next_dagrun for example_python_operator to None, run_after=None
[2024-04-27T00:00:44.122+0000] {processor.py:183} INFO - Processing /home/airflow/.local/lib/python3.12/site-packages/airflow/example_dags/example_python_operator.py took 0.165 seconds
[2024-04-27T00:01:14.515+0000] {processor.py:161} INFO - Started process (PID=186) to work on /home/airflow/.local/lib/python3.12/site-packages/airflow/example_dags/example_python_operator.py
[2024-04-27T00:01:14.516+0000] {processor.py:830} INFO - Processing file /home/airflow/.local/lib/python3.12/site-packages/airflow/example_dags/example_python_operator.py for tasks to queue
[2024-04-27T00:01:14.518+0000] {logging_mixin.py:188} INFO - [2024-04-27T00:01:14.517+0000] {dagbag.py:540} INFO - Filling up the DagBag from /home/airflow/.local/lib/python3.12/site-packages/airflow/example_dags/example_python_operator.py
[2024-04-27T00:01:14.525+0000] {processor.py:840} INFO - DAG(s) 'example_python_operator' retrieved from /home/airflow/.local/lib/python3.12/site-packages/airflow/example_dags/example_python_operator.py
[2024-04-27T00:01:14.543+0000] {logging_mixin.py:188} INFO - [2024-04-27T00:01:14.543+0000] {dag.py:3096} INFO - Sync 1 DAGs
[2024-04-27T00:01:14.553+0000] {logging_mixin.py:188} INFO - [2024-04-27T00:01:14.552+0000] {dag.py:3954} INFO - Setting next_dagrun for example_python_operator to None, run_after=None
[2024-04-27T00:01:14.569+0000] {processor.py:183} INFO - Processing /home/airflow/.local/lib/python3.12/site-packages/airflow/example_dags/example_python_operator.py took 0.058 seconds
[2024-04-27T00:01:45.041+0000] {processor.py:161} INFO - Started process (PID=245) to work on /home/airflow/.local/lib/python3.12/site-packages/airflow/example_dags/example_python_operator.py
[2024-04-27T00:01:45.042+0000] {processor.py:830} INFO - Processing file /home/airflow/.local/lib/python3.12/site-packages/airflow/example_dags/example_python_operator.py for tasks to queue
[2024-04-27T00:01:45.044+0000] {logging_mixin.py:188} INFO - [2024-04-27T00:01:45.043+0000] {dagbag.py:540} INFO - Filling up the DagBag from /home/airflow/.local/lib/python3.12/site-packages/airflow/example_dags/example_python_operator.py
[2024-04-27T00:01:45.053+0000] {processor.py:840} INFO - DAG(s) 'example_python_operator' retrieved from /home/airflow/.local/lib/python3.12/site-packages/airflow/example_dags/example_python_operator.py
[2024-04-27T00:01:45.075+0000] {logging_mixin.py:188} INFO - [2024-04-27T00:01:45.075+0000] {dag.py:3096} INFO - Sync 1 DAGs
[2024-04-27T00:01:45.090+0000] {logging_mixin.py:188} INFO - [2024-04-27T00:01:45.090+0000] {dag.py:3954} INFO - Setting next_dagrun for example_python_operator to None, run_after=None
[2024-04-27T00:01:45.108+0000] {processor.py:183} INFO - Processing /home/airflow/.local/lib/python3.12/site-packages/airflow/example_dags/example_python_operator.py took 0.072 seconds
[2024-04-27T00:02:15.244+0000] {processor.py:161} INFO - Started process (PID=304) to work on /home/airflow/.local/lib/python3.12/site-packages/airflow/example_dags/example_python_operator.py
[2024-04-27T00:02:15.245+0000] {processor.py:830} INFO - Processing file /home/airflow/.local/lib/python3.12/site-packages/airflow/example_dags/example_python_operator.py for tasks to queue
[2024-04-27T00:02:15.248+0000] {logging_mixin.py:188} INFO - [2024-04-27T00:02:15.247+0000] {dagbag.py:540} INFO - Filling up the DagBag from /home/airflow/.local/lib/python3.12/site-packages/airflow/example_dags/example_python_operator.py
[2024-04-27T00:02:15.256+0000] {processor.py:840} INFO - DAG(s) 'example_python_operator' retrieved from /home/airflow/.local/lib/python3.12/site-packages/airflow/example_dags/example_python_operator.py
[2024-04-27T00:02:15.276+0000] {logging_mixin.py:188} INFO - [2024-04-27T00:02:15.276+0000] {dag.py:3096} INFO - Sync 1 DAGs
[2024-04-27T00:02:15.286+0000] {logging_mixin.py:188} INFO - [2024-04-27T00:02:15.286+0000] {dag.py:3954} INFO - Setting next_dagrun for example_python_operator to None, run_after=None
[2024-04-27T00:02:15.304+0000] {processor.py:183} INFO - Processing /home/airflow/.local/lib/python3.12/site-packages/airflow/example_dags/example_python_operator.py took 0.064 seconds
[2024-04-27T00:02:45.548+0000] {processor.py:161} INFO - Started process (PID=363) to work on /home/airflow/.local/lib/python3.12/site-packages/airflow/example_dags/example_python_operator.py
[2024-04-27T00:02:45.549+0000] {processor.py:830} INFO - Processing file /home/airflow/.local/lib/python3.12/site-packages/airflow/example_dags/example_python_operator.py for tasks to queue
[2024-04-27T00:02:45.550+0000] {logging_mixin.py:188} INFO - [2024-04-27T00:02:45.550+0000] {dagbag.py:540} INFO - Filling up the DagBag from /home/airflow/.local/lib/python3.12/site-packages/airflow/example_dags/example_python_operator.py
[2024-04-27T00:02:45.559+0000] {processor.py:840} INFO - DAG(s) 'example_python_operator' retrieved from /home/airflow/.local/lib/python3.12/site-packages/airflow/example_dags/example_python_operator.py
[2024-04-27T00:02:45.577+0000] {logging_mixin.py:188} INFO - [2024-04-27T00:02:45.577+0000] {dag.py:3096} INFO - Sync 1 DAGs
[2024-04-27T00:02:45.587+0000] {logging_mixin.py:188} INFO - [2024-04-27T00:02:45.587+0000] {dag.py:3954} INFO - Setting next_dagrun for example_python_operator to None, run_after=None
[2024-04-27T00:02:45.602+0000] {processor.py:183} INFO - Processing /home/airflow/.local/lib/python3.12/site-packages/airflow/example_dags/example_python_operator.py took 0.059 seconds
[2024-04-27T00:03:16.111+0000] {processor.py:161} INFO - Started process (PID=422) to work on /home/airflow/.local/lib/python3.12/site-packages/airflow/example_dags/example_python_operator.py
[2024-04-27T00:03:16.112+0000] {processor.py:830} INFO - Processing file /home/airflow/.local/lib/python3.12/site-packages/airflow/example_dags/example_python_operator.py for tasks to queue
[2024-04-27T00:03:16.114+0000] {logging_mixin.py:188} INFO - [2024-04-27T00:03:16.113+0000] {dagbag.py:540} INFO - Filling up the DagBag from /home/airflow/.local/lib/python3.12/site-packages/airflow/example_dags/example_python_operator.py
[2024-04-27T00:03:16.122+0000] {processor.py:840} INFO - DAG(s) 'example_python_operator' retrieved from /home/airflow/.local/lib/python3.12/site-packages/airflow/example_dags/example_python_operator.py
[2024-04-27T00:03:16.143+0000] {logging_mixin.py:188} INFO - [2024-04-27T00:03:16.142+0000] {dag.py:3096} INFO - Sync 1 DAGs
[2024-04-27T00:03:16.154+0000] {logging_mixin.py:188} INFO - [2024-04-27T00:03:16.154+0000] {dag.py:3954} INFO - Setting next_dagrun for example_python_operator to None, run_after=None
[2024-04-27T00:03:16.173+0000] {processor.py:183} INFO - Processing /home/airflow/.local/lib/python3.12/site-packages/airflow/example_dags/example_python_operator.py took 0.067 seconds
[2024-04-27T00:03:46.557+0000] {processor.py:161} INFO - Started process (PID=482) to work on /home/airflow/.local/lib/python3.12/site-packages/airflow/example_dags/example_python_operator.py
[2024-04-27T00:03:46.558+0000] {processor.py:830} INFO - Processing file /home/airflow/.local/lib/python3.12/site-packages/airflow/example_dags/example_python_operator.py for tasks to queue
[2024-04-27T00:03:46.559+0000] {logging_mixin.py:188} INFO - [2024-04-27T00:03:46.559+0000] {dagbag.py:540} INFO - Filling up the DagBag from /home/airflow/.local/lib/python3.12/site-packages/airflow/example_dags/example_python_operator.py
[2024-04-27T00:03:46.567+0000] {processor.py:840} INFO - DAG(s) 'example_python_operator' retrieved from /home/airflow/.local/lib/python3.12/site-packages/airflow/example_dags/example_python_operator.py
[2024-04-27T00:03:46.585+0000] {logging_mixin.py:188} INFO - [2024-04-27T00:03:46.585+0000] {dag.py:3096} INFO - Sync 1 DAGs
[2024-04-27T00:03:46.596+0000] {logging_mixin.py:188} INFO - [2024-04-27T00:03:46.595+0000] {dag.py:3954} INFO - Setting next_dagrun for example_python_operator to None, run_after=None
[2024-04-27T00:03:46.612+0000] {processor.py:183} INFO - Processing /home/airflow/.local/lib/python3.12/site-packages/airflow/example_dags/example_python_operator.py took 0.060 seconds
[2024-04-27T00:04:16.769+0000] {processor.py:161} INFO - Started process (PID=541) to work on /home/airflow/.local/lib/python3.12/site-packages/airflow/example_dags/example_python_operator.py
[2024-04-27T00:04:16.770+0000] {processor.py:830} INFO - Processing file /home/airflow/.local/lib/python3.12/site-packages/airflow/example_dags/example_python_operator.py for tasks to queue
[2024-04-27T00:04:16.772+0000] {logging_mixin.py:188} INFO - [2024-04-27T00:04:16.771+0000] {dagbag.py:540} INFO - Filling up the DagBag from /home/airflow/.local/lib/python3.12/site-packages/airflow/example_dags/example_python_operator.py
[2024-04-27T00:04:16.780+0000] {processor.py:840} INFO - DAG(s) 'example_python_operator' retrieved from /home/airflow/.local/lib/python3.12/site-packages/airflow/example_dags/example_python_operator.py
[2024-04-27T00:04:16.801+0000] {logging_mixin.py:188} INFO - [2024-04-27T00:04:16.800+0000] {dag.py:3096} INFO - Sync 1 DAGs
[2024-04-27T00:04:16.812+0000] {logging_mixin.py:188} INFO - [2024-04-27T00:04:16.812+0000] {dag.py:3954} INFO - Setting next_dagrun for example_python_operator to None, run_after=None
[2024-04-27T00:04:16.832+0000] {processor.py:183} INFO - Processing /home/airflow/.local/lib/python3.12/site-packages/airflow/example_dags/example_python_operator.py took 0.068 seconds
[2024-04-27T00:04:47.191+0000] {processor.py:161} INFO - Started process (PID=600) to work on /home/airflow/.local/lib/python3.12/site-packages/airflow/example_dags/example_python_operator.py
[2024-04-27T00:04:47.193+0000] {processor.py:830} INFO - Processing file /home/airflow/.local/lib/python3.12/site-packages/airflow/example_dags/example_python_operator.py for tasks to queue
[2024-04-27T00:04:47.194+0000] {logging_mixin.py:188} INFO - [2024-04-27T00:04:47.194+0000] {dagbag.py:540} INFO - Filling up the DagBag from /home/airflow/.local/lib/python3.12/site-packages/airflow/example_dags/example_python_operator.py
[2024-04-27T00:04:47.203+0000] {processor.py:840} INFO - DAG(s) 'example_python_operator' retrieved from /home/airflow/.local/lib/python3.12/site-packages/airflow/example_dags/example_python_operator.py
[2024-04-27T00:04:47.224+0000] {logging_mixin.py:188} INFO - [2024-04-27T00:04:47.224+0000] {dag.py:3096} INFO - Sync 1 DAGs
[2024-04-27T00:04:47.235+0000] {logging_mixin.py:188} INFO - [2024-04-27T00:04:47.235+0000] {dag.py:3954} INFO - Setting next_dagrun for example_python_operator to None, run_after=None
[2024-04-27T00:04:47.257+0000] {processor.py:183} INFO - Processing /home/airflow/.local/lib/python3.12/site-packages/airflow/example_dags/example_python_operator.py took 0.071 seconds
[2024-04-27T00:14:07.736+0000] {processor.py:161} INFO - Started process (PID=68) to work on /home/airflow/.local/lib/python3.12/site-packages/airflow/example_dags/example_python_operator.py
[2024-04-27T00:14:07.739+0000] {processor.py:830} INFO - Processing file /home/airflow/.local/lib/python3.12/site-packages/airflow/example_dags/example_python_operator.py for tasks to queue
[2024-04-27T00:14:07.744+0000] {logging_mixin.py:188} INFO - [2024-04-27T00:14:07.744+0000] {dagbag.py:540} INFO - Filling up the DagBag from /home/airflow/.local/lib/python3.12/site-packages/airflow/example_dags/example_python_operator.py
[2024-04-27T00:14:07.760+0000] {processor.py:840} INFO - DAG(s) 'example_python_operator' retrieved from /home/airflow/.local/lib/python3.12/site-packages/airflow/example_dags/example_python_operator.py
[2024-04-27T00:14:07.779+0000] {logging_mixin.py:188} INFO - [2024-04-27T00:14:07.778+0000] {dag.py:3096} INFO - Sync 1 DAGs
[2024-04-27T00:14:07.801+0000] {logging_mixin.py:188} INFO - [2024-04-27T00:14:07.801+0000] {dag.py:3954} INFO - Setting next_dagrun for example_python_operator to None, run_after=None
[2024-04-27T00:14:07.833+0000] {processor.py:183} INFO - Processing /home/airflow/.local/lib/python3.12/site-packages/airflow/example_dags/example_python_operator.py took 0.104 seconds
[2024-04-27T00:14:38.981+0000] {processor.py:161} INFO - Started process (PID=127) to work on /home/airflow/.local/lib/python3.12/site-packages/airflow/example_dags/example_python_operator.py
[2024-04-27T00:14:38.982+0000] {processor.py:830} INFO - Processing file /home/airflow/.local/lib/python3.12/site-packages/airflow/example_dags/example_python_operator.py for tasks to queue
[2024-04-27T00:14:38.983+0000] {logging_mixin.py:188} INFO - [2024-04-27T00:14:38.983+0000] {dagbag.py:540} INFO - Filling up the DagBag from /home/airflow/.local/lib/python3.12/site-packages/airflow/example_dags/example_python_operator.py
[2024-04-27T00:14:38.992+0000] {processor.py:840} INFO - DAG(s) 'example_python_operator' retrieved from /home/airflow/.local/lib/python3.12/site-packages/airflow/example_dags/example_python_operator.py
[2024-04-27T00:14:39.082+0000] {logging_mixin.py:188} INFO - [2024-04-27T00:14:39.081+0000] {dag.py:3096} INFO - Sync 1 DAGs
[2024-04-27T00:14:39.094+0000] {logging_mixin.py:188} INFO - [2024-04-27T00:14:39.093+0000] {dag.py:3954} INFO - Setting next_dagrun for example_python_operator to None, run_after=None
[2024-04-27T00:14:39.113+0000] {processor.py:183} INFO - Processing /home/airflow/.local/lib/python3.12/site-packages/airflow/example_dags/example_python_operator.py took 0.137 seconds
[2024-04-27T00:15:10.067+0000] {processor.py:161} INFO - Started process (PID=186) to work on /home/airflow/.local/lib/python3.12/site-packages/airflow/example_dags/example_python_operator.py
[2024-04-27T00:15:10.067+0000] {processor.py:830} INFO - Processing file /home/airflow/.local/lib/python3.12/site-packages/airflow/example_dags/example_python_operator.py for tasks to queue
[2024-04-27T00:15:10.069+0000] {logging_mixin.py:188} INFO - [2024-04-27T00:15:10.069+0000] {dagbag.py:540} INFO - Filling up the DagBag from /home/airflow/.local/lib/python3.12/site-packages/airflow/example_dags/example_python_operator.py
[2024-04-27T00:15:10.077+0000] {processor.py:840} INFO - DAG(s) 'example_python_operator' retrieved from /home/airflow/.local/lib/python3.12/site-packages/airflow/example_dags/example_python_operator.py
[2024-04-27T00:15:10.096+0000] {logging_mixin.py:188} INFO - [2024-04-27T00:15:10.096+0000] {dag.py:3096} INFO - Sync 1 DAGs
[2024-04-27T00:15:10.108+0000] {logging_mixin.py:188} INFO - [2024-04-27T00:15:10.108+0000] {dag.py:3954} INFO - Setting next_dagrun for example_python_operator to None, run_after=None
[2024-04-27T00:15:10.131+0000] {processor.py:183} INFO - Processing /home/airflow/.local/lib/python3.12/site-packages/airflow/example_dags/example_python_operator.py took 0.070 seconds
[2024-04-27T00:15:40.474+0000] {processor.py:161} INFO - Started process (PID=245) to work on /home/airflow/.local/lib/python3.12/site-packages/airflow/example_dags/example_python_operator.py
[2024-04-27T00:15:40.475+0000] {processor.py:830} INFO - Processing file /home/airflow/.local/lib/python3.12/site-packages/airflow/example_dags/example_python_operator.py for tasks to queue
[2024-04-27T00:15:40.477+0000] {logging_mixin.py:188} INFO - [2024-04-27T00:15:40.477+0000] {dagbag.py:540} INFO - Filling up the DagBag from /home/airflow/.local/lib/python3.12/site-packages/airflow/example_dags/example_python_operator.py
[2024-04-27T00:15:40.485+0000] {processor.py:840} INFO - DAG(s) 'example_python_operator' retrieved from /home/airflow/.local/lib/python3.12/site-packages/airflow/example_dags/example_python_operator.py
[2024-04-27T00:15:40.506+0000] {logging_mixin.py:188} INFO - [2024-04-27T00:15:40.506+0000] {dag.py:3096} INFO - Sync 1 DAGs
[2024-04-27T00:15:40.516+0000] {logging_mixin.py:188} INFO - [2024-04-27T00:15:40.516+0000] {dag.py:3954} INFO - Setting next_dagrun for example_python_operator to None, run_after=None
[2024-04-27T00:15:40.536+0000] {processor.py:183} INFO - Processing /home/airflow/.local/lib/python3.12/site-packages/airflow/example_dags/example_python_operator.py took 0.066 seconds
[2024-04-27T00:16:11.132+0000] {processor.py:161} INFO - Started process (PID=304) to work on /home/airflow/.local/lib/python3.12/site-packages/airflow/example_dags/example_python_operator.py
[2024-04-27T00:16:11.134+0000] {processor.py:830} INFO - Processing file /home/airflow/.local/lib/python3.12/site-packages/airflow/example_dags/example_python_operator.py for tasks to queue
[2024-04-27T00:16:11.135+0000] {logging_mixin.py:188} INFO - [2024-04-27T00:16:11.135+0000] {dagbag.py:540} INFO - Filling up the DagBag from /home/airflow/.local/lib/python3.12/site-packages/airflow/example_dags/example_python_operator.py
[2024-04-27T00:16:11.144+0000] {processor.py:840} INFO - DAG(s) 'example_python_operator' retrieved from /home/airflow/.local/lib/python3.12/site-packages/airflow/example_dags/example_python_operator.py
[2024-04-27T00:16:11.165+0000] {logging_mixin.py:188} INFO - [2024-04-27T00:16:11.165+0000] {dag.py:3096} INFO - Sync 1 DAGs
[2024-04-27T00:16:11.176+0000] {logging_mixin.py:188} INFO - [2024-04-27T00:16:11.176+0000] {dag.py:3954} INFO - Setting next_dagrun for example_python_operator to None, run_after=None
[2024-04-27T00:16:11.198+0000] {processor.py:183} INFO - Processing /home/airflow/.local/lib/python3.12/site-packages/airflow/example_dags/example_python_operator.py took 0.070 seconds
[2024-04-27T00:16:41.300+0000] {processor.py:161} INFO - Started process (PID=363) to work on /home/airflow/.local/lib/python3.12/site-packages/airflow/example_dags/example_python_operator.py
[2024-04-27T00:16:41.301+0000] {processor.py:830} INFO - Processing file /home/airflow/.local/lib/python3.12/site-packages/airflow/example_dags/example_python_operator.py for tasks to queue
[2024-04-27T00:16:41.303+0000] {logging_mixin.py:188} INFO - [2024-04-27T00:16:41.302+0000] {dagbag.py:540} INFO - Filling up the DagBag from /home/airflow/.local/lib/python3.12/site-packages/airflow/example_dags/example_python_operator.py
[2024-04-27T00:16:41.312+0000] {processor.py:840} INFO - DAG(s) 'example_python_operator' retrieved from /home/airflow/.local/lib/python3.12/site-packages/airflow/example_dags/example_python_operator.py
[2024-04-27T00:16:41.333+0000] {logging_mixin.py:188} INFO - [2024-04-27T00:16:41.332+0000] {dag.py:3096} INFO - Sync 1 DAGs
[2024-04-27T00:16:41.343+0000] {logging_mixin.py:188} INFO - [2024-04-27T00:16:41.343+0000] {dag.py:3954} INFO - Setting next_dagrun for example_python_operator to None, run_after=None
[2024-04-27T00:16:41.361+0000] {processor.py:183} INFO - Processing /home/airflow/.local/lib/python3.12/site-packages/airflow/example_dags/example_python_operator.py took 0.066 seconds
