[2024-04-27T00:00:09.505+0000] {processor.py:161} INFO - Started process (PID=47) to work on /home/airflow/.local/lib/python3.12/site-packages/airflow/example_dags/example_nested_branch_dag.py
[2024-04-27T00:00:09.508+0000] {processor.py:830} INFO - Processing file /home/airflow/.local/lib/python3.12/site-packages/airflow/example_dags/example_nested_branch_dag.py for tasks to queue
[2024-04-27T00:00:09.516+0000] {logging_mixin.py:188} INFO - [2024-04-27T00:00:09.515+0000] {dagbag.py:540} INFO - Filling up the DagBag from /home/airflow/.local/lib/python3.12/site-packages/airflow/example_dags/example_nested_branch_dag.py
[2024-04-27T00:00:09.545+0000] {processor.py:840} INFO - DAG(s) 'example_nested_branch_dag' retrieved from /home/airflow/.local/lib/python3.12/site-packages/airflow/example_dags/example_nested_branch_dag.py
[2024-04-27T00:00:09.565+0000] {logging_mixin.py:188} INFO - [2024-04-27T00:00:09.564+0000] {dag.py:3096} INFO - Sync 1 DAGs
[2024-04-27T00:00:09.587+0000] {logging_mixin.py:188} INFO - [2024-04-27T00:00:09.586+0000] {dag.py:3954} INFO - Setting next_dagrun for example_nested_branch_dag to 2024-04-26 00:00:00+00:00, run_after=2024-04-27 00:00:00+00:00
[2024-04-27T00:00:09.619+0000] {processor.py:183} INFO - Processing /home/airflow/.local/lib/python3.12/site-packages/airflow/example_dags/example_nested_branch_dag.py took 0.139 seconds
[2024-04-27T00:00:40.121+0000] {processor.py:161} INFO - Started process (PID=106) to work on /home/airflow/.local/lib/python3.12/site-packages/airflow/example_dags/example_nested_branch_dag.py
[2024-04-27T00:00:40.123+0000] {processor.py:830} INFO - Processing file /home/airflow/.local/lib/python3.12/site-packages/airflow/example_dags/example_nested_branch_dag.py for tasks to queue
[2024-04-27T00:00:40.125+0000] {logging_mixin.py:188} INFO - [2024-04-27T00:00:40.125+0000] {dagbag.py:540} INFO - Filling up the DagBag from /home/airflow/.local/lib/python3.12/site-packages/airflow/example_dags/example_nested_branch_dag.py
[2024-04-27T00:00:40.134+0000] {processor.py:840} INFO - DAG(s) 'example_nested_branch_dag' retrieved from /home/airflow/.local/lib/python3.12/site-packages/airflow/example_dags/example_nested_branch_dag.py
[2024-04-27T00:00:40.223+0000] {logging_mixin.py:188} INFO - [2024-04-27T00:00:40.222+0000] {dag.py:3096} INFO - Sync 1 DAGs
[2024-04-27T00:00:40.244+0000] {logging_mixin.py:188} INFO - [2024-04-27T00:00:40.243+0000] {dag.py:3954} INFO - Setting next_dagrun for example_nested_branch_dag to 2024-04-26 00:00:00+00:00, run_after=2024-04-27 00:00:00+00:00
[2024-04-27T00:00:40.265+0000] {processor.py:183} INFO - Processing /home/airflow/.local/lib/python3.12/site-packages/airflow/example_dags/example_nested_branch_dag.py took 0.149 seconds
[2024-04-27T00:01:10.429+0000] {processor.py:161} INFO - Started process (PID=165) to work on /home/airflow/.local/lib/python3.12/site-packages/airflow/example_dags/example_nested_branch_dag.py
[2024-04-27T00:01:10.430+0000] {processor.py:830} INFO - Processing file /home/airflow/.local/lib/python3.12/site-packages/airflow/example_dags/example_nested_branch_dag.py for tasks to queue
[2024-04-27T00:01:10.432+0000] {logging_mixin.py:188} INFO - [2024-04-27T00:01:10.432+0000] {dagbag.py:540} INFO - Filling up the DagBag from /home/airflow/.local/lib/python3.12/site-packages/airflow/example_dags/example_nested_branch_dag.py
[2024-04-27T00:01:10.440+0000] {processor.py:840} INFO - DAG(s) 'example_nested_branch_dag' retrieved from /home/airflow/.local/lib/python3.12/site-packages/airflow/example_dags/example_nested_branch_dag.py
[2024-04-27T00:01:10.457+0000] {logging_mixin.py:188} INFO - [2024-04-27T00:01:10.457+0000] {dag.py:3096} INFO - Sync 1 DAGs
[2024-04-27T00:01:10.475+0000] {logging_mixin.py:188} INFO - [2024-04-27T00:01:10.475+0000] {dag.py:3954} INFO - Setting next_dagrun for example_nested_branch_dag to 2024-04-26 00:00:00+00:00, run_after=2024-04-27 00:00:00+00:00
[2024-04-27T00:01:10.493+0000] {processor.py:183} INFO - Processing /home/airflow/.local/lib/python3.12/site-packages/airflow/example_dags/example_nested_branch_dag.py took 0.068 seconds
[2024-04-27T00:01:40.923+0000] {processor.py:161} INFO - Started process (PID=224) to work on /home/airflow/.local/lib/python3.12/site-packages/airflow/example_dags/example_nested_branch_dag.py
[2024-04-27T00:01:40.923+0000] {processor.py:830} INFO - Processing file /home/airflow/.local/lib/python3.12/site-packages/airflow/example_dags/example_nested_branch_dag.py for tasks to queue
[2024-04-27T00:01:40.925+0000] {logging_mixin.py:188} INFO - [2024-04-27T00:01:40.925+0000] {dagbag.py:540} INFO - Filling up the DagBag from /home/airflow/.local/lib/python3.12/site-packages/airflow/example_dags/example_nested_branch_dag.py
[2024-04-27T00:01:40.933+0000] {processor.py:840} INFO - DAG(s) 'example_nested_branch_dag' retrieved from /home/airflow/.local/lib/python3.12/site-packages/airflow/example_dags/example_nested_branch_dag.py
[2024-04-27T00:01:40.955+0000] {logging_mixin.py:188} INFO - [2024-04-27T00:01:40.955+0000] {dag.py:3096} INFO - Sync 1 DAGs
[2024-04-27T00:01:40.973+0000] {logging_mixin.py:188} INFO - [2024-04-27T00:01:40.973+0000] {dag.py:3954} INFO - Setting next_dagrun for example_nested_branch_dag to 2024-04-26 00:00:00+00:00, run_after=2024-04-27 00:00:00+00:00
[2024-04-27T00:01:40.995+0000] {processor.py:183} INFO - Processing /home/airflow/.local/lib/python3.12/site-packages/airflow/example_dags/example_nested_branch_dag.py took 0.077 seconds
[2024-04-27T00:02:11.028+0000] {processor.py:161} INFO - Started process (PID=283) to work on /home/airflow/.local/lib/python3.12/site-packages/airflow/example_dags/example_nested_branch_dag.py
[2024-04-27T00:02:11.029+0000] {processor.py:830} INFO - Processing file /home/airflow/.local/lib/python3.12/site-packages/airflow/example_dags/example_nested_branch_dag.py for tasks to queue
[2024-04-27T00:02:11.031+0000] {logging_mixin.py:188} INFO - [2024-04-27T00:02:11.031+0000] {dagbag.py:540} INFO - Filling up the DagBag from /home/airflow/.local/lib/python3.12/site-packages/airflow/example_dags/example_nested_branch_dag.py
[2024-04-27T00:02:11.039+0000] {processor.py:840} INFO - DAG(s) 'example_nested_branch_dag' retrieved from /home/airflow/.local/lib/python3.12/site-packages/airflow/example_dags/example_nested_branch_dag.py
[2024-04-27T00:02:11.057+0000] {logging_mixin.py:188} INFO - [2024-04-27T00:02:11.056+0000] {dag.py:3096} INFO - Sync 1 DAGs
[2024-04-27T00:02:11.075+0000] {logging_mixin.py:188} INFO - [2024-04-27T00:02:11.074+0000] {dag.py:3954} INFO - Setting next_dagrun for example_nested_branch_dag to 2024-04-26 00:00:00+00:00, run_after=2024-04-27 00:00:00+00:00
[2024-04-27T00:02:11.095+0000] {processor.py:183} INFO - Processing /home/airflow/.local/lib/python3.12/site-packages/airflow/example_dags/example_nested_branch_dag.py took 0.071 seconds
[2024-04-27T00:02:41.378+0000] {processor.py:161} INFO - Started process (PID=342) to work on /home/airflow/.local/lib/python3.12/site-packages/airflow/example_dags/example_nested_branch_dag.py
[2024-04-27T00:02:41.379+0000] {processor.py:830} INFO - Processing file /home/airflow/.local/lib/python3.12/site-packages/airflow/example_dags/example_nested_branch_dag.py for tasks to queue
[2024-04-27T00:02:41.381+0000] {logging_mixin.py:188} INFO - [2024-04-27T00:02:41.381+0000] {dagbag.py:540} INFO - Filling up the DagBag from /home/airflow/.local/lib/python3.12/site-packages/airflow/example_dags/example_nested_branch_dag.py
[2024-04-27T00:02:41.391+0000] {processor.py:840} INFO - DAG(s) 'example_nested_branch_dag' retrieved from /home/airflow/.local/lib/python3.12/site-packages/airflow/example_dags/example_nested_branch_dag.py
[2024-04-27T00:02:41.409+0000] {logging_mixin.py:188} INFO - [2024-04-27T00:02:41.408+0000] {dag.py:3096} INFO - Sync 1 DAGs
[2024-04-27T00:02:41.427+0000] {logging_mixin.py:188} INFO - [2024-04-27T00:02:41.427+0000] {dag.py:3954} INFO - Setting next_dagrun for example_nested_branch_dag to 2024-04-26 00:00:00+00:00, run_after=2024-04-27 00:00:00+00:00
[2024-04-27T00:02:41.447+0000] {processor.py:183} INFO - Processing /home/airflow/.local/lib/python3.12/site-packages/airflow/example_dags/example_nested_branch_dag.py took 0.074 seconds
[2024-04-27T00:03:11.840+0000] {processor.py:161} INFO - Started process (PID=401) to work on /home/airflow/.local/lib/python3.12/site-packages/airflow/example_dags/example_nested_branch_dag.py
[2024-04-27T00:03:11.841+0000] {processor.py:830} INFO - Processing file /home/airflow/.local/lib/python3.12/site-packages/airflow/example_dags/example_nested_branch_dag.py for tasks to queue
[2024-04-27T00:03:11.844+0000] {logging_mixin.py:188} INFO - [2024-04-27T00:03:11.844+0000] {dagbag.py:540} INFO - Filling up the DagBag from /home/airflow/.local/lib/python3.12/site-packages/airflow/example_dags/example_nested_branch_dag.py
[2024-04-27T00:03:11.851+0000] {processor.py:840} INFO - DAG(s) 'example_nested_branch_dag' retrieved from /home/airflow/.local/lib/python3.12/site-packages/airflow/example_dags/example_nested_branch_dag.py
[2024-04-27T00:03:11.874+0000] {logging_mixin.py:188} INFO - [2024-04-27T00:03:11.873+0000] {dag.py:3096} INFO - Sync 1 DAGs
[2024-04-27T00:03:11.893+0000] {logging_mixin.py:188} INFO - [2024-04-27T00:03:11.893+0000] {dag.py:3954} INFO - Setting next_dagrun for example_nested_branch_dag to 2024-04-26 00:00:00+00:00, run_after=2024-04-27 00:00:00+00:00
[2024-04-27T00:03:11.913+0000] {processor.py:183} INFO - Processing /home/airflow/.local/lib/python3.12/site-packages/airflow/example_dags/example_nested_branch_dag.py took 0.077 seconds
[2024-04-27T00:03:42.158+0000] {processor.py:161} INFO - Started process (PID=461) to work on /home/airflow/.local/lib/python3.12/site-packages/airflow/example_dags/example_nested_branch_dag.py
[2024-04-27T00:03:42.159+0000] {processor.py:830} INFO - Processing file /home/airflow/.local/lib/python3.12/site-packages/airflow/example_dags/example_nested_branch_dag.py for tasks to queue
[2024-04-27T00:03:42.161+0000] {logging_mixin.py:188} INFO - [2024-04-27T00:03:42.161+0000] {dagbag.py:540} INFO - Filling up the DagBag from /home/airflow/.local/lib/python3.12/site-packages/airflow/example_dags/example_nested_branch_dag.py
[2024-04-27T00:03:42.169+0000] {processor.py:840} INFO - DAG(s) 'example_nested_branch_dag' retrieved from /home/airflow/.local/lib/python3.12/site-packages/airflow/example_dags/example_nested_branch_dag.py
[2024-04-27T00:03:42.186+0000] {logging_mixin.py:188} INFO - [2024-04-27T00:03:42.186+0000] {dag.py:3096} INFO - Sync 1 DAGs
[2024-04-27T00:03:42.205+0000] {logging_mixin.py:188} INFO - [2024-04-27T00:03:42.204+0000] {dag.py:3954} INFO - Setting next_dagrun for example_nested_branch_dag to 2024-04-26 00:00:00+00:00, run_after=2024-04-27 00:00:00+00:00
[2024-04-27T00:03:42.222+0000] {processor.py:183} INFO - Processing /home/airflow/.local/lib/python3.12/site-packages/airflow/example_dags/example_nested_branch_dag.py took 0.069 seconds
[2024-04-27T00:04:12.549+0000] {processor.py:161} INFO - Started process (PID=520) to work on /home/airflow/.local/lib/python3.12/site-packages/airflow/example_dags/example_nested_branch_dag.py
[2024-04-27T00:04:12.550+0000] {processor.py:830} INFO - Processing file /home/airflow/.local/lib/python3.12/site-packages/airflow/example_dags/example_nested_branch_dag.py for tasks to queue
[2024-04-27T00:04:12.552+0000] {logging_mixin.py:188} INFO - [2024-04-27T00:04:12.552+0000] {dagbag.py:540} INFO - Filling up the DagBag from /home/airflow/.local/lib/python3.12/site-packages/airflow/example_dags/example_nested_branch_dag.py
[2024-04-27T00:04:12.561+0000] {processor.py:840} INFO - DAG(s) 'example_nested_branch_dag' retrieved from /home/airflow/.local/lib/python3.12/site-packages/airflow/example_dags/example_nested_branch_dag.py
[2024-04-27T00:04:12.582+0000] {logging_mixin.py:188} INFO - [2024-04-27T00:04:12.582+0000] {dag.py:3096} INFO - Sync 1 DAGs
[2024-04-27T00:04:12.603+0000] {logging_mixin.py:188} INFO - [2024-04-27T00:04:12.603+0000] {dag.py:3954} INFO - Setting next_dagrun for example_nested_branch_dag to 2024-04-26 00:00:00+00:00, run_after=2024-04-27 00:00:00+00:00
[2024-04-27T00:04:12.622+0000] {processor.py:183} INFO - Processing /home/airflow/.local/lib/python3.12/site-packages/airflow/example_dags/example_nested_branch_dag.py took 0.082 seconds
[2024-04-27T00:04:42.855+0000] {processor.py:161} INFO - Started process (PID=579) to work on /home/airflow/.local/lib/python3.12/site-packages/airflow/example_dags/example_nested_branch_dag.py
[2024-04-27T00:04:42.856+0000] {processor.py:830} INFO - Processing file /home/airflow/.local/lib/python3.12/site-packages/airflow/example_dags/example_nested_branch_dag.py for tasks to queue
[2024-04-27T00:04:42.858+0000] {logging_mixin.py:188} INFO - [2024-04-27T00:04:42.858+0000] {dagbag.py:540} INFO - Filling up the DagBag from /home/airflow/.local/lib/python3.12/site-packages/airflow/example_dags/example_nested_branch_dag.py
[2024-04-27T00:04:42.868+0000] {processor.py:840} INFO - DAG(s) 'example_nested_branch_dag' retrieved from /home/airflow/.local/lib/python3.12/site-packages/airflow/example_dags/example_nested_branch_dag.py
[2024-04-27T00:04:42.889+0000] {logging_mixin.py:188} INFO - [2024-04-27T00:04:42.888+0000] {dag.py:3096} INFO - Sync 1 DAGs
[2024-04-27T00:04:42.911+0000] {logging_mixin.py:188} INFO - [2024-04-27T00:04:42.911+0000] {dag.py:3954} INFO - Setting next_dagrun for example_nested_branch_dag to 2024-04-26 00:00:00+00:00, run_after=2024-04-27 00:00:00+00:00
[2024-04-27T00:04:42.931+0000] {processor.py:183} INFO - Processing /home/airflow/.local/lib/python3.12/site-packages/airflow/example_dags/example_nested_branch_dag.py took 0.082 seconds
[2024-04-27T00:14:06.283+0000] {processor.py:161} INFO - Started process (PID=47) to work on /home/airflow/.local/lib/python3.12/site-packages/airflow/example_dags/example_nested_branch_dag.py
[2024-04-27T00:14:06.285+0000] {processor.py:830} INFO - Processing file /home/airflow/.local/lib/python3.12/site-packages/airflow/example_dags/example_nested_branch_dag.py for tasks to queue
[2024-04-27T00:14:06.288+0000] {logging_mixin.py:188} INFO - [2024-04-27T00:14:06.287+0000] {dagbag.py:540} INFO - Filling up the DagBag from /home/airflow/.local/lib/python3.12/site-packages/airflow/example_dags/example_nested_branch_dag.py
[2024-04-27T00:14:06.307+0000] {processor.py:840} INFO - DAG(s) 'example_nested_branch_dag' retrieved from /home/airflow/.local/lib/python3.12/site-packages/airflow/example_dags/example_nested_branch_dag.py
[2024-04-27T00:14:06.327+0000] {logging_mixin.py:188} INFO - [2024-04-27T00:14:06.326+0000] {dag.py:3096} INFO - Sync 1 DAGs
[2024-04-27T00:14:06.353+0000] {logging_mixin.py:188} INFO - [2024-04-27T00:14:06.352+0000] {dag.py:3954} INFO - Setting next_dagrun for example_nested_branch_dag to 2024-04-26 00:00:00+00:00, run_after=2024-04-27 00:00:00+00:00
[2024-04-27T00:14:06.385+0000] {processor.py:183} INFO - Processing /home/airflow/.local/lib/python3.12/site-packages/airflow/example_dags/example_nested_branch_dag.py took 0.109 seconds
[2024-04-27T00:14:37.064+0000] {processor.py:161} INFO - Started process (PID=106) to work on /home/airflow/.local/lib/python3.12/site-packages/airflow/example_dags/example_nested_branch_dag.py
[2024-04-27T00:14:37.065+0000] {processor.py:830} INFO - Processing file /home/airflow/.local/lib/python3.12/site-packages/airflow/example_dags/example_nested_branch_dag.py for tasks to queue
[2024-04-27T00:14:37.066+0000] {logging_mixin.py:188} INFO - [2024-04-27T00:14:37.066+0000] {dagbag.py:540} INFO - Filling up the DagBag from /home/airflow/.local/lib/python3.12/site-packages/airflow/example_dags/example_nested_branch_dag.py
[2024-04-27T00:14:37.075+0000] {processor.py:840} INFO - DAG(s) 'example_nested_branch_dag' retrieved from /home/airflow/.local/lib/python3.12/site-packages/airflow/example_dags/example_nested_branch_dag.py
[2024-04-27T00:14:37.158+0000] {logging_mixin.py:188} INFO - [2024-04-27T00:14:37.158+0000] {dag.py:3096} INFO - Sync 1 DAGs
[2024-04-27T00:14:37.175+0000] {logging_mixin.py:188} INFO - [2024-04-27T00:14:37.175+0000] {dag.py:3954} INFO - Setting next_dagrun for example_nested_branch_dag to 2024-04-26 00:00:00+00:00, run_after=2024-04-27 00:00:00+00:00
[2024-04-27T00:14:37.192+0000] {processor.py:183} INFO - Processing /home/airflow/.local/lib/python3.12/site-packages/airflow/example_dags/example_nested_branch_dag.py took 0.133 seconds
[2024-04-27T00:15:07.239+0000] {processor.py:161} INFO - Started process (PID=165) to work on /home/airflow/.local/lib/python3.12/site-packages/airflow/example_dags/example_nested_branch_dag.py
[2024-04-27T00:15:07.239+0000] {processor.py:830} INFO - Processing file /home/airflow/.local/lib/python3.12/site-packages/airflow/example_dags/example_nested_branch_dag.py for tasks to queue
[2024-04-27T00:15:07.242+0000] {logging_mixin.py:188} INFO - [2024-04-27T00:15:07.242+0000] {dagbag.py:540} INFO - Filling up the DagBag from /home/airflow/.local/lib/python3.12/site-packages/airflow/example_dags/example_nested_branch_dag.py
[2024-04-27T00:15:07.252+0000] {processor.py:840} INFO - DAG(s) 'example_nested_branch_dag' retrieved from /home/airflow/.local/lib/python3.12/site-packages/airflow/example_dags/example_nested_branch_dag.py
[2024-04-27T00:15:07.279+0000] {logging_mixin.py:188} INFO - [2024-04-27T00:15:07.278+0000] {dag.py:3096} INFO - Sync 1 DAGs
[2024-04-27T00:15:07.308+0000] {logging_mixin.py:188} INFO - [2024-04-27T00:15:07.307+0000] {dag.py:3954} INFO - Setting next_dagrun for example_nested_branch_dag to 2024-04-26 00:00:00+00:00, run_after=2024-04-27 00:00:00+00:00
[2024-04-27T00:15:07.335+0000] {processor.py:183} INFO - Processing /home/airflow/.local/lib/python3.12/site-packages/airflow/example_dags/example_nested_branch_dag.py took 0.102 seconds
[2024-04-27T00:15:37.382+0000] {processor.py:161} INFO - Started process (PID=224) to work on /home/airflow/.local/lib/python3.12/site-packages/airflow/example_dags/example_nested_branch_dag.py
[2024-04-27T00:15:37.383+0000] {processor.py:830} INFO - Processing file /home/airflow/.local/lib/python3.12/site-packages/airflow/example_dags/example_nested_branch_dag.py for tasks to queue
[2024-04-27T00:15:37.385+0000] {logging_mixin.py:188} INFO - [2024-04-27T00:15:37.385+0000] {dagbag.py:540} INFO - Filling up the DagBag from /home/airflow/.local/lib/python3.12/site-packages/airflow/example_dags/example_nested_branch_dag.py
[2024-04-27T00:15:37.393+0000] {processor.py:840} INFO - DAG(s) 'example_nested_branch_dag' retrieved from /home/airflow/.local/lib/python3.12/site-packages/airflow/example_dags/example_nested_branch_dag.py
[2024-04-27T00:15:37.411+0000] {logging_mixin.py:188} INFO - [2024-04-27T00:15:37.411+0000] {dag.py:3096} INFO - Sync 1 DAGs
[2024-04-27T00:15:37.429+0000] {logging_mixin.py:188} INFO - [2024-04-27T00:15:37.429+0000] {dag.py:3954} INFO - Setting next_dagrun for example_nested_branch_dag to 2024-04-26 00:00:00+00:00, run_after=2024-04-27 00:00:00+00:00
[2024-04-27T00:15:37.448+0000] {processor.py:183} INFO - Processing /home/airflow/.local/lib/python3.12/site-packages/airflow/example_dags/example_nested_branch_dag.py took 0.070 seconds
[2024-04-27T00:16:07.769+0000] {processor.py:161} INFO - Started process (PID=283) to work on /home/airflow/.local/lib/python3.12/site-packages/airflow/example_dags/example_nested_branch_dag.py
[2024-04-27T00:16:07.770+0000] {processor.py:830} INFO - Processing file /home/airflow/.local/lib/python3.12/site-packages/airflow/example_dags/example_nested_branch_dag.py for tasks to queue
[2024-04-27T00:16:07.772+0000] {logging_mixin.py:188} INFO - [2024-04-27T00:16:07.771+0000] {dagbag.py:540} INFO - Filling up the DagBag from /home/airflow/.local/lib/python3.12/site-packages/airflow/example_dags/example_nested_branch_dag.py
[2024-04-27T00:16:07.783+0000] {processor.py:840} INFO - DAG(s) 'example_nested_branch_dag' retrieved from /home/airflow/.local/lib/python3.12/site-packages/airflow/example_dags/example_nested_branch_dag.py
[2024-04-27T00:16:07.806+0000] {logging_mixin.py:188} INFO - [2024-04-27T00:16:07.806+0000] {dag.py:3096} INFO - Sync 1 DAGs
[2024-04-27T00:16:07.831+0000] {logging_mixin.py:188} INFO - [2024-04-27T00:16:07.831+0000] {dag.py:3954} INFO - Setting next_dagrun for example_nested_branch_dag to 2024-04-26 00:00:00+00:00, run_after=2024-04-27 00:00:00+00:00
[2024-04-27T00:16:07.856+0000] {processor.py:183} INFO - Processing /home/airflow/.local/lib/python3.12/site-packages/airflow/example_dags/example_nested_branch_dag.py took 0.093 seconds
[2024-04-27T00:16:38.096+0000] {processor.py:161} INFO - Started process (PID=342) to work on /home/airflow/.local/lib/python3.12/site-packages/airflow/example_dags/example_nested_branch_dag.py
[2024-04-27T00:16:38.097+0000] {processor.py:830} INFO - Processing file /home/airflow/.local/lib/python3.12/site-packages/airflow/example_dags/example_nested_branch_dag.py for tasks to queue
[2024-04-27T00:16:38.099+0000] {logging_mixin.py:188} INFO - [2024-04-27T00:16:38.098+0000] {dagbag.py:540} INFO - Filling up the DagBag from /home/airflow/.local/lib/python3.12/site-packages/airflow/example_dags/example_nested_branch_dag.py
[2024-04-27T00:16:38.109+0000] {processor.py:840} INFO - DAG(s) 'example_nested_branch_dag' retrieved from /home/airflow/.local/lib/python3.12/site-packages/airflow/example_dags/example_nested_branch_dag.py
[2024-04-27T00:16:38.136+0000] {logging_mixin.py:188} INFO - [2024-04-27T00:16:38.136+0000] {dag.py:3096} INFO - Sync 1 DAGs
[2024-04-27T00:16:38.157+0000] {logging_mixin.py:188} INFO - [2024-04-27T00:16:38.157+0000] {dag.py:3954} INFO - Setting next_dagrun for example_nested_branch_dag to 2024-04-26 00:00:00+00:00, run_after=2024-04-27 00:00:00+00:00
[2024-04-27T00:16:38.176+0000] {processor.py:183} INFO - Processing /home/airflow/.local/lib/python3.12/site-packages/airflow/example_dags/example_nested_branch_dag.py took 0.086 seconds
