[2024-04-27T00:00:09.886+0000] {processor.py:161} INFO - Started process (PID=51) to work on /home/airflow/.local/lib/python3.12/site-packages/airflow/example_dags/example_branch_python_dop_operator_3.py
[2024-04-27T00:00:09.888+0000] {processor.py:830} INFO - Processing file /home/airflow/.local/lib/python3.12/site-packages/airflow/example_dags/example_branch_python_dop_operator_3.py for tasks to queue
[2024-04-27T00:00:09.890+0000] {logging_mixin.py:188} INFO - [2024-04-27T00:00:09.889+0000] {dagbag.py:540} INFO - Filling up the DagBag from /home/airflow/.local/lib/python3.12/site-packages/airflow/example_dags/example_branch_python_dop_operator_3.py
[2024-04-27T00:00:09.911+0000] {processor.py:840} INFO - DAG(s) 'example_branch_dop_operator_v3' retrieved from /home/airflow/.local/lib/python3.12/site-packages/airflow/example_dags/example_branch_python_dop_operator_3.py
[2024-04-27T00:00:09.932+0000] {logging_mixin.py:188} INFO - [2024-04-27T00:00:09.931+0000] {dag.py:3096} INFO - Sync 1 DAGs
[2024-04-27T00:00:09.962+0000] {logging_mixin.py:188} INFO - [2024-04-27T00:00:09.962+0000] {dag.py:3954} INFO - Setting next_dagrun for example_branch_dop_operator_v3 to 2024-04-26 23:59:00+00:00, run_after=2024-04-27 00:00:00+00:00
[2024-04-27T00:00:09.999+0000] {processor.py:183} INFO - Processing /home/airflow/.local/lib/python3.12/site-packages/airflow/example_dags/example_branch_python_dop_operator_3.py took 0.120 seconds
[2024-04-27T00:00:40.462+0000] {processor.py:161} INFO - Started process (PID=110) to work on /home/airflow/.local/lib/python3.12/site-packages/airflow/example_dags/example_branch_python_dop_operator_3.py
[2024-04-27T00:00:40.464+0000] {processor.py:830} INFO - Processing file /home/airflow/.local/lib/python3.12/site-packages/airflow/example_dags/example_branch_python_dop_operator_3.py for tasks to queue
[2024-04-27T00:00:40.466+0000] {logging_mixin.py:188} INFO - [2024-04-27T00:00:40.465+0000] {dagbag.py:540} INFO - Filling up the DagBag from /home/airflow/.local/lib/python3.12/site-packages/airflow/example_dags/example_branch_python_dop_operator_3.py
[2024-04-27T00:00:40.473+0000] {processor.py:840} INFO - DAG(s) 'example_branch_dop_operator_v3' retrieved from /home/airflow/.local/lib/python3.12/site-packages/airflow/example_dags/example_branch_python_dop_operator_3.py
[2024-04-27T00:00:40.565+0000] {logging_mixin.py:188} INFO - [2024-04-27T00:00:40.564+0000] {dag.py:3096} INFO - Sync 1 DAGs
[2024-04-27T00:00:40.588+0000] {logging_mixin.py:188} INFO - [2024-04-27T00:00:40.588+0000] {dag.py:3954} INFO - Setting next_dagrun for example_branch_dop_operator_v3 to 2024-04-26 23:59:00+00:00, run_after=2024-04-27 00:00:00+00:00
[2024-04-27T00:00:40.609+0000] {processor.py:183} INFO - Processing /home/airflow/.local/lib/python3.12/site-packages/airflow/example_dags/example_branch_python_dop_operator_3.py took 0.153 seconds
[2024-04-27T00:01:10.686+0000] {processor.py:161} INFO - Started process (PID=169) to work on /home/airflow/.local/lib/python3.12/site-packages/airflow/example_dags/example_branch_python_dop_operator_3.py
[2024-04-27T00:01:10.687+0000] {processor.py:830} INFO - Processing file /home/airflow/.local/lib/python3.12/site-packages/airflow/example_dags/example_branch_python_dop_operator_3.py for tasks to queue
[2024-04-27T00:01:10.689+0000] {logging_mixin.py:188} INFO - [2024-04-27T00:01:10.689+0000] {dagbag.py:540} INFO - Filling up the DagBag from /home/airflow/.local/lib/python3.12/site-packages/airflow/example_dags/example_branch_python_dop_operator_3.py
[2024-04-27T00:01:10.698+0000] {processor.py:840} INFO - DAG(s) 'example_branch_dop_operator_v3' retrieved from /home/airflow/.local/lib/python3.12/site-packages/airflow/example_dags/example_branch_python_dop_operator_3.py
[2024-04-27T00:01:10.714+0000] {logging_mixin.py:188} INFO - [2024-04-27T00:01:10.714+0000] {dag.py:3096} INFO - Sync 1 DAGs
[2024-04-27T00:01:10.733+0000] {logging_mixin.py:188} INFO - [2024-04-27T00:01:10.733+0000] {dag.py:3954} INFO - Setting next_dagrun for example_branch_dop_operator_v3 to 2024-04-27 00:00:00+00:00, run_after=2024-04-27 00:01:00+00:00
[2024-04-27T00:01:10.749+0000] {processor.py:183} INFO - Processing /home/airflow/.local/lib/python3.12/site-packages/airflow/example_dags/example_branch_python_dop_operator_3.py took 0.068 seconds
[2024-04-27T00:01:41.116+0000] {processor.py:161} INFO - Started process (PID=228) to work on /home/airflow/.local/lib/python3.12/site-packages/airflow/example_dags/example_branch_python_dop_operator_3.py
[2024-04-27T00:01:41.118+0000] {processor.py:830} INFO - Processing file /home/airflow/.local/lib/python3.12/site-packages/airflow/example_dags/example_branch_python_dop_operator_3.py for tasks to queue
[2024-04-27T00:01:41.120+0000] {logging_mixin.py:188} INFO - [2024-04-27T00:01:41.119+0000] {dagbag.py:540} INFO - Filling up the DagBag from /home/airflow/.local/lib/python3.12/site-packages/airflow/example_dags/example_branch_python_dop_operator_3.py
[2024-04-27T00:01:41.127+0000] {processor.py:840} INFO - DAG(s) 'example_branch_dop_operator_v3' retrieved from /home/airflow/.local/lib/python3.12/site-packages/airflow/example_dags/example_branch_python_dop_operator_3.py
[2024-04-27T00:01:41.143+0000] {logging_mixin.py:188} INFO - [2024-04-27T00:01:41.143+0000] {dag.py:3096} INFO - Sync 1 DAGs
[2024-04-27T00:01:41.163+0000] {logging_mixin.py:188} INFO - [2024-04-27T00:01:41.163+0000] {dag.py:3954} INFO - Setting next_dagrun for example_branch_dop_operator_v3 to 2024-04-27 00:00:00+00:00, run_after=2024-04-27 00:01:00+00:00
[2024-04-27T00:01:41.183+0000] {processor.py:183} INFO - Processing /home/airflow/.local/lib/python3.12/site-packages/airflow/example_dags/example_branch_python_dop_operator_3.py took 0.071 seconds
[2024-04-27T00:02:11.224+0000] {processor.py:161} INFO - Started process (PID=287) to work on /home/airflow/.local/lib/python3.12/site-packages/airflow/example_dags/example_branch_python_dop_operator_3.py
[2024-04-27T00:02:11.225+0000] {processor.py:830} INFO - Processing file /home/airflow/.local/lib/python3.12/site-packages/airflow/example_dags/example_branch_python_dop_operator_3.py for tasks to queue
[2024-04-27T00:02:11.227+0000] {logging_mixin.py:188} INFO - [2024-04-27T00:02:11.226+0000] {dagbag.py:540} INFO - Filling up the DagBag from /home/airflow/.local/lib/python3.12/site-packages/airflow/example_dags/example_branch_python_dop_operator_3.py
[2024-04-27T00:02:11.234+0000] {processor.py:840} INFO - DAG(s) 'example_branch_dop_operator_v3' retrieved from /home/airflow/.local/lib/python3.12/site-packages/airflow/example_dags/example_branch_python_dop_operator_3.py
[2024-04-27T00:02:11.255+0000] {logging_mixin.py:188} INFO - [2024-04-27T00:02:11.255+0000] {dag.py:3096} INFO - Sync 1 DAGs
[2024-04-27T00:02:11.275+0000] {logging_mixin.py:188} INFO - [2024-04-27T00:02:11.275+0000] {dag.py:3954} INFO - Setting next_dagrun for example_branch_dop_operator_v3 to 2024-04-27 00:01:00+00:00, run_after=2024-04-27 00:02:00+00:00
[2024-04-27T00:02:11.293+0000] {processor.py:183} INFO - Processing /home/airflow/.local/lib/python3.12/site-packages/airflow/example_dags/example_branch_python_dop_operator_3.py took 0.074 seconds
[2024-04-27T00:02:41.563+0000] {processor.py:161} INFO - Started process (PID=346) to work on /home/airflow/.local/lib/python3.12/site-packages/airflow/example_dags/example_branch_python_dop_operator_3.py
[2024-04-27T00:02:41.564+0000] {processor.py:830} INFO - Processing file /home/airflow/.local/lib/python3.12/site-packages/airflow/example_dags/example_branch_python_dop_operator_3.py for tasks to queue
[2024-04-27T00:02:41.566+0000] {logging_mixin.py:188} INFO - [2024-04-27T00:02:41.565+0000] {dagbag.py:540} INFO - Filling up the DagBag from /home/airflow/.local/lib/python3.12/site-packages/airflow/example_dags/example_branch_python_dop_operator_3.py
[2024-04-27T00:02:41.573+0000] {processor.py:840} INFO - DAG(s) 'example_branch_dop_operator_v3' retrieved from /home/airflow/.local/lib/python3.12/site-packages/airflow/example_dags/example_branch_python_dop_operator_3.py
[2024-04-27T00:02:41.593+0000] {logging_mixin.py:188} INFO - [2024-04-27T00:02:41.592+0000] {dag.py:3096} INFO - Sync 1 DAGs
[2024-04-27T00:02:41.614+0000] {logging_mixin.py:188} INFO - [2024-04-27T00:02:41.614+0000] {dag.py:3954} INFO - Setting next_dagrun for example_branch_dop_operator_v3 to 2024-04-27 00:01:00+00:00, run_after=2024-04-27 00:02:00+00:00
[2024-04-27T00:02:41.630+0000] {processor.py:183} INFO - Processing /home/airflow/.local/lib/python3.12/site-packages/airflow/example_dags/example_branch_python_dop_operator_3.py took 0.072 seconds
[2024-04-27T00:03:12.051+0000] {processor.py:161} INFO - Started process (PID=405) to work on /home/airflow/.local/lib/python3.12/site-packages/airflow/example_dags/example_branch_python_dop_operator_3.py
[2024-04-27T00:03:12.052+0000] {processor.py:830} INFO - Processing file /home/airflow/.local/lib/python3.12/site-packages/airflow/example_dags/example_branch_python_dop_operator_3.py for tasks to queue
[2024-04-27T00:03:12.054+0000] {logging_mixin.py:188} INFO - [2024-04-27T00:03:12.054+0000] {dagbag.py:540} INFO - Filling up the DagBag from /home/airflow/.local/lib/python3.12/site-packages/airflow/example_dags/example_branch_python_dop_operator_3.py
[2024-04-27T00:03:12.061+0000] {processor.py:840} INFO - DAG(s) 'example_branch_dop_operator_v3' retrieved from /home/airflow/.local/lib/python3.12/site-packages/airflow/example_dags/example_branch_python_dop_operator_3.py
[2024-04-27T00:03:12.081+0000] {logging_mixin.py:188} INFO - [2024-04-27T00:03:12.080+0000] {dag.py:3096} INFO - Sync 1 DAGs
[2024-04-27T00:03:12.104+0000] {logging_mixin.py:188} INFO - [2024-04-27T00:03:12.104+0000] {dag.py:3954} INFO - Setting next_dagrun for example_branch_dop_operator_v3 to 2024-04-27 00:02:00+00:00, run_after=2024-04-27 00:03:00+00:00
[2024-04-27T00:03:12.124+0000] {processor.py:183} INFO - Processing /home/airflow/.local/lib/python3.12/site-packages/airflow/example_dags/example_branch_python_dop_operator_3.py took 0.079 seconds
[2024-04-27T00:03:42.343+0000] {processor.py:161} INFO - Started process (PID=465) to work on /home/airflow/.local/lib/python3.12/site-packages/airflow/example_dags/example_branch_python_dop_operator_3.py
[2024-04-27T00:03:42.344+0000] {processor.py:830} INFO - Processing file /home/airflow/.local/lib/python3.12/site-packages/airflow/example_dags/example_branch_python_dop_operator_3.py for tasks to queue
[2024-04-27T00:03:42.346+0000] {logging_mixin.py:188} INFO - [2024-04-27T00:03:42.345+0000] {dagbag.py:540} INFO - Filling up the DagBag from /home/airflow/.local/lib/python3.12/site-packages/airflow/example_dags/example_branch_python_dop_operator_3.py
[2024-04-27T00:03:42.352+0000] {processor.py:840} INFO - DAG(s) 'example_branch_dop_operator_v3' retrieved from /home/airflow/.local/lib/python3.12/site-packages/airflow/example_dags/example_branch_python_dop_operator_3.py
[2024-04-27T00:03:42.368+0000] {logging_mixin.py:188} INFO - [2024-04-27T00:03:42.368+0000] {dag.py:3096} INFO - Sync 1 DAGs
[2024-04-27T00:03:42.389+0000] {logging_mixin.py:188} INFO - [2024-04-27T00:03:42.388+0000] {dag.py:3954} INFO - Setting next_dagrun for example_branch_dop_operator_v3 to 2024-04-27 00:02:00+00:00, run_after=2024-04-27 00:03:00+00:00
[2024-04-27T00:03:42.410+0000] {processor.py:183} INFO - Processing /home/airflow/.local/lib/python3.12/site-packages/airflow/example_dags/example_branch_python_dop_operator_3.py took 0.071 seconds
[2024-04-27T00:04:12.748+0000] {processor.py:161} INFO - Started process (PID=524) to work on /home/airflow/.local/lib/python3.12/site-packages/airflow/example_dags/example_branch_python_dop_operator_3.py
[2024-04-27T00:04:12.749+0000] {processor.py:830} INFO - Processing file /home/airflow/.local/lib/python3.12/site-packages/airflow/example_dags/example_branch_python_dop_operator_3.py for tasks to queue
[2024-04-27T00:04:12.752+0000] {logging_mixin.py:188} INFO - [2024-04-27T00:04:12.752+0000] {dagbag.py:540} INFO - Filling up the DagBag from /home/airflow/.local/lib/python3.12/site-packages/airflow/example_dags/example_branch_python_dop_operator_3.py
[2024-04-27T00:04:12.759+0000] {processor.py:840} INFO - DAG(s) 'example_branch_dop_operator_v3' retrieved from /home/airflow/.local/lib/python3.12/site-packages/airflow/example_dags/example_branch_python_dop_operator_3.py
[2024-04-27T00:04:12.778+0000] {logging_mixin.py:188} INFO - [2024-04-27T00:04:12.777+0000] {dag.py:3096} INFO - Sync 1 DAGs
[2024-04-27T00:04:12.802+0000] {logging_mixin.py:188} INFO - [2024-04-27T00:04:12.802+0000] {dag.py:3954} INFO - Setting next_dagrun for example_branch_dop_operator_v3 to 2024-04-27 00:03:00+00:00, run_after=2024-04-27 00:04:00+00:00
[2024-04-27T00:04:12.823+0000] {processor.py:183} INFO - Processing /home/airflow/.local/lib/python3.12/site-packages/airflow/example_dags/example_branch_python_dop_operator_3.py took 0.082 seconds
[2024-04-27T00:04:43.059+0000] {processor.py:161} INFO - Started process (PID=583) to work on /home/airflow/.local/lib/python3.12/site-packages/airflow/example_dags/example_branch_python_dop_operator_3.py
[2024-04-27T00:04:43.060+0000] {processor.py:830} INFO - Processing file /home/airflow/.local/lib/python3.12/site-packages/airflow/example_dags/example_branch_python_dop_operator_3.py for tasks to queue
[2024-04-27T00:04:43.062+0000] {logging_mixin.py:188} INFO - [2024-04-27T00:04:43.062+0000] {dagbag.py:540} INFO - Filling up the DagBag from /home/airflow/.local/lib/python3.12/site-packages/airflow/example_dags/example_branch_python_dop_operator_3.py
[2024-04-27T00:04:43.070+0000] {processor.py:840} INFO - DAG(s) 'example_branch_dop_operator_v3' retrieved from /home/airflow/.local/lib/python3.12/site-packages/airflow/example_dags/example_branch_python_dop_operator_3.py
[2024-04-27T00:04:43.090+0000] {logging_mixin.py:188} INFO - [2024-04-27T00:04:43.090+0000] {dag.py:3096} INFO - Sync 1 DAGs
[2024-04-27T00:04:43.117+0000] {logging_mixin.py:188} INFO - [2024-04-27T00:04:43.117+0000] {dag.py:3954} INFO - Setting next_dagrun for example_branch_dop_operator_v3 to 2024-04-27 00:03:00+00:00, run_after=2024-04-27 00:04:00+00:00
[2024-04-27T00:04:43.139+0000] {processor.py:183} INFO - Processing /home/airflow/.local/lib/python3.12/site-packages/airflow/example_dags/example_branch_python_dop_operator_3.py took 0.085 seconds
[2024-04-27T00:14:06.535+0000] {processor.py:161} INFO - Started process (PID=51) to work on /home/airflow/.local/lib/python3.12/site-packages/airflow/example_dags/example_branch_python_dop_operator_3.py
[2024-04-27T00:14:06.536+0000] {processor.py:830} INFO - Processing file /home/airflow/.local/lib/python3.12/site-packages/airflow/example_dags/example_branch_python_dop_operator_3.py for tasks to queue
[2024-04-27T00:14:06.538+0000] {logging_mixin.py:188} INFO - [2024-04-27T00:14:06.538+0000] {dagbag.py:540} INFO - Filling up the DagBag from /home/airflow/.local/lib/python3.12/site-packages/airflow/example_dags/example_branch_python_dop_operator_3.py
[2024-04-27T00:14:06.549+0000] {processor.py:840} INFO - DAG(s) 'example_branch_dop_operator_v3' retrieved from /home/airflow/.local/lib/python3.12/site-packages/airflow/example_dags/example_branch_python_dop_operator_3.py
[2024-04-27T00:14:06.566+0000] {logging_mixin.py:188} INFO - [2024-04-27T00:14:06.566+0000] {dag.py:3096} INFO - Sync 1 DAGs
[2024-04-27T00:14:06.596+0000] {logging_mixin.py:188} INFO - [2024-04-27T00:14:06.595+0000] {dag.py:3954} INFO - Setting next_dagrun for example_branch_dop_operator_v3 to 2024-04-27 00:13:00+00:00, run_after=2024-04-27 00:14:00+00:00
[2024-04-27T00:14:06.623+0000] {processor.py:183} INFO - Processing /home/airflow/.local/lib/python3.12/site-packages/airflow/example_dags/example_branch_python_dop_operator_3.py took 0.093 seconds
[2024-04-27T00:14:37.389+0000] {processor.py:161} INFO - Started process (PID=110) to work on /home/airflow/.local/lib/python3.12/site-packages/airflow/example_dags/example_branch_python_dop_operator_3.py
[2024-04-27T00:14:37.390+0000] {processor.py:830} INFO - Processing file /home/airflow/.local/lib/python3.12/site-packages/airflow/example_dags/example_branch_python_dop_operator_3.py for tasks to queue
[2024-04-27T00:14:37.392+0000] {logging_mixin.py:188} INFO - [2024-04-27T00:14:37.392+0000] {dagbag.py:540} INFO - Filling up the DagBag from /home/airflow/.local/lib/python3.12/site-packages/airflow/example_dags/example_branch_python_dop_operator_3.py
[2024-04-27T00:14:37.400+0000] {processor.py:840} INFO - DAG(s) 'example_branch_dop_operator_v3' retrieved from /home/airflow/.local/lib/python3.12/site-packages/airflow/example_dags/example_branch_python_dop_operator_3.py
[2024-04-27T00:14:37.508+0000] {logging_mixin.py:188} INFO - [2024-04-27T00:14:37.508+0000] {dag.py:3096} INFO - Sync 1 DAGs
[2024-04-27T00:14:37.529+0000] {logging_mixin.py:188} INFO - [2024-04-27T00:14:37.529+0000] {dag.py:3954} INFO - Setting next_dagrun for example_branch_dop_operator_v3 to 2024-04-27 00:13:00+00:00, run_after=2024-04-27 00:14:00+00:00
[2024-04-27T00:14:37.550+0000] {processor.py:183} INFO - Processing /home/airflow/.local/lib/python3.12/site-packages/airflow/example_dags/example_branch_python_dop_operator_3.py took 0.167 seconds
[2024-04-27T00:15:07.603+0000] {processor.py:161} INFO - Started process (PID=169) to work on /home/airflow/.local/lib/python3.12/site-packages/airflow/example_dags/example_branch_python_dop_operator_3.py
[2024-04-27T00:15:07.604+0000] {processor.py:830} INFO - Processing file /home/airflow/.local/lib/python3.12/site-packages/airflow/example_dags/example_branch_python_dop_operator_3.py for tasks to queue
[2024-04-27T00:15:07.606+0000] {logging_mixin.py:188} INFO - [2024-04-27T00:15:07.606+0000] {dagbag.py:540} INFO - Filling up the DagBag from /home/airflow/.local/lib/python3.12/site-packages/airflow/example_dags/example_branch_python_dop_operator_3.py
[2024-04-27T00:15:07.616+0000] {processor.py:840} INFO - DAG(s) 'example_branch_dop_operator_v3' retrieved from /home/airflow/.local/lib/python3.12/site-packages/airflow/example_dags/example_branch_python_dop_operator_3.py
[2024-04-27T00:15:07.635+0000] {logging_mixin.py:188} INFO - [2024-04-27T00:15:07.635+0000] {dag.py:3096} INFO - Sync 1 DAGs
[2024-04-27T00:15:07.665+0000] {logging_mixin.py:188} INFO - [2024-04-27T00:15:07.665+0000] {dag.py:3954} INFO - Setting next_dagrun for example_branch_dop_operator_v3 to 2024-04-27 00:14:00+00:00, run_after=2024-04-27 00:15:00+00:00
[2024-04-27T00:15:07.690+0000] {processor.py:183} INFO - Processing /home/airflow/.local/lib/python3.12/site-packages/airflow/example_dags/example_branch_python_dop_operator_3.py took 0.092 seconds
[2024-04-27T00:15:38.583+0000] {processor.py:161} INFO - Started process (PID=228) to work on /home/airflow/.local/lib/python3.12/site-packages/airflow/example_dags/example_branch_python_dop_operator_3.py
[2024-04-27T00:15:38.583+0000] {processor.py:830} INFO - Processing file /home/airflow/.local/lib/python3.12/site-packages/airflow/example_dags/example_branch_python_dop_operator_3.py for tasks to queue
[2024-04-27T00:15:38.585+0000] {logging_mixin.py:188} INFO - [2024-04-27T00:15:38.585+0000] {dagbag.py:540} INFO - Filling up the DagBag from /home/airflow/.local/lib/python3.12/site-packages/airflow/example_dags/example_branch_python_dop_operator_3.py
[2024-04-27T00:15:38.593+0000] {processor.py:840} INFO - DAG(s) 'example_branch_dop_operator_v3' retrieved from /home/airflow/.local/lib/python3.12/site-packages/airflow/example_dags/example_branch_python_dop_operator_3.py
[2024-04-27T00:15:38.612+0000] {logging_mixin.py:188} INFO - [2024-04-27T00:15:38.612+0000] {dag.py:3096} INFO - Sync 1 DAGs
[2024-04-27T00:15:38.631+0000] {logging_mixin.py:188} INFO - [2024-04-27T00:15:38.630+0000] {dag.py:3954} INFO - Setting next_dagrun for example_branch_dop_operator_v3 to 2024-04-27 00:14:00+00:00, run_after=2024-04-27 00:15:00+00:00
[2024-04-27T00:15:38.649+0000] {processor.py:183} INFO - Processing /home/airflow/.local/lib/python3.12/site-packages/airflow/example_dags/example_branch_python_dop_operator_3.py took 0.070 seconds
[2024-04-27T00:16:09.013+0000] {processor.py:161} INFO - Started process (PID=287) to work on /home/airflow/.local/lib/python3.12/site-packages/airflow/example_dags/example_branch_python_dop_operator_3.py
[2024-04-27T00:16:09.014+0000] {processor.py:830} INFO - Processing file /home/airflow/.local/lib/python3.12/site-packages/airflow/example_dags/example_branch_python_dop_operator_3.py for tasks to queue
[2024-04-27T00:16:09.017+0000] {logging_mixin.py:188} INFO - [2024-04-27T00:16:09.016+0000] {dagbag.py:540} INFO - Filling up the DagBag from /home/airflow/.local/lib/python3.12/site-packages/airflow/example_dags/example_branch_python_dop_operator_3.py
[2024-04-27T00:16:09.025+0000] {processor.py:840} INFO - DAG(s) 'example_branch_dop_operator_v3' retrieved from /home/airflow/.local/lib/python3.12/site-packages/airflow/example_dags/example_branch_python_dop_operator_3.py
[2024-04-27T00:16:09.047+0000] {logging_mixin.py:188} INFO - [2024-04-27T00:16:09.047+0000] {dag.py:3096} INFO - Sync 1 DAGs
[2024-04-27T00:16:09.072+0000] {logging_mixin.py:188} INFO - [2024-04-27T00:16:09.071+0000] {dag.py:3954} INFO - Setting next_dagrun for example_branch_dop_operator_v3 to 2024-04-27 00:15:00+00:00, run_after=2024-04-27 00:16:00+00:00
[2024-04-27T00:16:09.094+0000] {processor.py:183} INFO - Processing /home/airflow/.local/lib/python3.12/site-packages/airflow/example_dags/example_branch_python_dop_operator_3.py took 0.086 seconds
[2024-04-27T00:16:39.321+0000] {processor.py:161} INFO - Started process (PID=346) to work on /home/airflow/.local/lib/python3.12/site-packages/airflow/example_dags/example_branch_python_dop_operator_3.py
[2024-04-27T00:16:39.322+0000] {processor.py:830} INFO - Processing file /home/airflow/.local/lib/python3.12/site-packages/airflow/example_dags/example_branch_python_dop_operator_3.py for tasks to queue
[2024-04-27T00:16:39.324+0000] {logging_mixin.py:188} INFO - [2024-04-27T00:16:39.324+0000] {dagbag.py:540} INFO - Filling up the DagBag from /home/airflow/.local/lib/python3.12/site-packages/airflow/example_dags/example_branch_python_dop_operator_3.py
[2024-04-27T00:16:39.332+0000] {processor.py:840} INFO - DAG(s) 'example_branch_dop_operator_v3' retrieved from /home/airflow/.local/lib/python3.12/site-packages/airflow/example_dags/example_branch_python_dop_operator_3.py
[2024-04-27T00:16:39.350+0000] {logging_mixin.py:188} INFO - [2024-04-27T00:16:39.350+0000] {dag.py:3096} INFO - Sync 1 DAGs
[2024-04-27T00:16:39.370+0000] {logging_mixin.py:188} INFO - [2024-04-27T00:16:39.370+0000] {dag.py:3954} INFO - Setting next_dagrun for example_branch_dop_operator_v3 to 2024-04-27 00:15:00+00:00, run_after=2024-04-27 00:16:00+00:00
[2024-04-27T00:16:39.387+0000] {processor.py:183} INFO - Processing /home/airflow/.local/lib/python3.12/site-packages/airflow/example_dags/example_branch_python_dop_operator_3.py took 0.071 seconds
