[2024-04-27T00:00:09.252+0000] {processor.py:161} INFO - Started process (PID=44) to work on /home/airflow/.local/lib/python3.12/site-packages/airflow/example_dags/example_bash_operator.py
[2024-04-27T00:00:09.253+0000] {processor.py:830} INFO - Processing file /home/airflow/.local/lib/python3.12/site-packages/airflow/example_dags/example_bash_operator.py for tasks to queue
[2024-04-27T00:00:09.255+0000] {logging_mixin.py:188} INFO - [2024-04-27T00:00:09.254+0000] {dagbag.py:540} INFO - Filling up the DagBag from /home/airflow/.local/lib/python3.12/site-packages/airflow/example_dags/example_bash_operator.py
[2024-04-27T00:00:09.268+0000] {processor.py:840} INFO - DAG(s) 'example_bash_operator' retrieved from /home/airflow/.local/lib/python3.12/site-packages/airflow/example_dags/example_bash_operator.py
[2024-04-27T00:00:09.294+0000] {logging_mixin.py:188} INFO - [2024-04-27T00:00:09.293+0000] {dag.py:3096} INFO - Sync 1 DAGs
[2024-04-27T00:00:09.318+0000] {logging_mixin.py:188} INFO - [2024-04-27T00:00:09.318+0000] {dag.py:3954} INFO - Setting next_dagrun for example_bash_operator to 2024-04-26 00:00:00+00:00, run_after=2024-04-27 00:00:00+00:00
[2024-04-27T00:00:09.359+0000] {processor.py:183} INFO - Processing /home/airflow/.local/lib/python3.12/site-packages/airflow/example_dags/example_bash_operator.py took 0.112 seconds
[2024-04-27T00:00:39.836+0000] {processor.py:161} INFO - Started process (PID=103) to work on /home/airflow/.local/lib/python3.12/site-packages/airflow/example_dags/example_bash_operator.py
[2024-04-27T00:00:39.838+0000] {processor.py:830} INFO - Processing file /home/airflow/.local/lib/python3.12/site-packages/airflow/example_dags/example_bash_operator.py for tasks to queue
[2024-04-27T00:00:39.839+0000] {logging_mixin.py:188} INFO - [2024-04-27T00:00:39.839+0000] {dagbag.py:540} INFO - Filling up the DagBag from /home/airflow/.local/lib/python3.12/site-packages/airflow/example_dags/example_bash_operator.py
[2024-04-27T00:00:39.849+0000] {processor.py:840} INFO - DAG(s) 'example_bash_operator' retrieved from /home/airflow/.local/lib/python3.12/site-packages/airflow/example_dags/example_bash_operator.py
[2024-04-27T00:00:39.940+0000] {logging_mixin.py:188} INFO - [2024-04-27T00:00:39.940+0000] {dag.py:3096} INFO - Sync 1 DAGs
[2024-04-27T00:00:39.960+0000] {logging_mixin.py:188} INFO - [2024-04-27T00:00:39.959+0000] {dag.py:3954} INFO - Setting next_dagrun for example_bash_operator to 2024-04-26 00:00:00+00:00, run_after=2024-04-27 00:00:00+00:00
[2024-04-27T00:00:39.979+0000] {processor.py:183} INFO - Processing /home/airflow/.local/lib/python3.12/site-packages/airflow/example_dags/example_bash_operator.py took 0.147 seconds
[2024-04-27T00:01:10.309+0000] {processor.py:161} INFO - Started process (PID=162) to work on /home/airflow/.local/lib/python3.12/site-packages/airflow/example_dags/example_bash_operator.py
[2024-04-27T00:01:10.310+0000] {processor.py:830} INFO - Processing file /home/airflow/.local/lib/python3.12/site-packages/airflow/example_dags/example_bash_operator.py for tasks to queue
[2024-04-27T00:01:10.312+0000] {logging_mixin.py:188} INFO - [2024-04-27T00:01:10.311+0000] {dagbag.py:540} INFO - Filling up the DagBag from /home/airflow/.local/lib/python3.12/site-packages/airflow/example_dags/example_bash_operator.py
[2024-04-27T00:01:10.321+0000] {processor.py:840} INFO - DAG(s) 'example_bash_operator' retrieved from /home/airflow/.local/lib/python3.12/site-packages/airflow/example_dags/example_bash_operator.py
[2024-04-27T00:01:10.346+0000] {logging_mixin.py:188} INFO - [2024-04-27T00:01:10.346+0000] {dag.py:3096} INFO - Sync 1 DAGs
[2024-04-27T00:01:10.365+0000] {logging_mixin.py:188} INFO - [2024-04-27T00:01:10.365+0000] {dag.py:3954} INFO - Setting next_dagrun for example_bash_operator to 2024-04-26 00:00:00+00:00, run_after=2024-04-27 00:00:00+00:00
[2024-04-27T00:01:10.381+0000] {processor.py:183} INFO - Processing /home/airflow/.local/lib/python3.12/site-packages/airflow/example_dags/example_bash_operator.py took 0.077 seconds
[2024-04-27T00:01:40.722+0000] {processor.py:161} INFO - Started process (PID=221) to work on /home/airflow/.local/lib/python3.12/site-packages/airflow/example_dags/example_bash_operator.py
[2024-04-27T00:01:40.723+0000] {processor.py:830} INFO - Processing file /home/airflow/.local/lib/python3.12/site-packages/airflow/example_dags/example_bash_operator.py for tasks to queue
[2024-04-27T00:01:40.725+0000] {logging_mixin.py:188} INFO - [2024-04-27T00:01:40.724+0000] {dagbag.py:540} INFO - Filling up the DagBag from /home/airflow/.local/lib/python3.12/site-packages/airflow/example_dags/example_bash_operator.py
[2024-04-27T00:01:40.734+0000] {processor.py:840} INFO - DAG(s) 'example_bash_operator' retrieved from /home/airflow/.local/lib/python3.12/site-packages/airflow/example_dags/example_bash_operator.py
[2024-04-27T00:01:40.760+0000] {logging_mixin.py:188} INFO - [2024-04-27T00:01:40.760+0000] {dag.py:3096} INFO - Sync 1 DAGs
[2024-04-27T00:01:40.778+0000] {logging_mixin.py:188} INFO - [2024-04-27T00:01:40.778+0000] {dag.py:3954} INFO - Setting next_dagrun for example_bash_operator to 2024-04-26 00:00:00+00:00, run_after=2024-04-27 00:00:00+00:00
[2024-04-27T00:01:40.796+0000] {processor.py:183} INFO - Processing /home/airflow/.local/lib/python3.12/site-packages/airflow/example_dags/example_bash_operator.py took 0.079 seconds
[2024-04-27T00:02:10.919+0000] {processor.py:161} INFO - Started process (PID=280) to work on /home/airflow/.local/lib/python3.12/site-packages/airflow/example_dags/example_bash_operator.py
[2024-04-27T00:02:10.920+0000] {processor.py:830} INFO - Processing file /home/airflow/.local/lib/python3.12/site-packages/airflow/example_dags/example_bash_operator.py for tasks to queue
[2024-04-27T00:02:10.922+0000] {logging_mixin.py:188} INFO - [2024-04-27T00:02:10.922+0000] {dagbag.py:540} INFO - Filling up the DagBag from /home/airflow/.local/lib/python3.12/site-packages/airflow/example_dags/example_bash_operator.py
[2024-04-27T00:02:10.931+0000] {processor.py:840} INFO - DAG(s) 'example_bash_operator' retrieved from /home/airflow/.local/lib/python3.12/site-packages/airflow/example_dags/example_bash_operator.py
[2024-04-27T00:02:10.953+0000] {logging_mixin.py:188} INFO - [2024-04-27T00:02:10.952+0000] {dag.py:3096} INFO - Sync 1 DAGs
[2024-04-27T00:02:10.970+0000] {logging_mixin.py:188} INFO - [2024-04-27T00:02:10.970+0000] {dag.py:3954} INFO - Setting next_dagrun for example_bash_operator to 2024-04-26 00:00:00+00:00, run_after=2024-04-27 00:00:00+00:00
[2024-04-27T00:02:10.985+0000] {processor.py:183} INFO - Processing /home/airflow/.local/lib/python3.12/site-packages/airflow/example_dags/example_bash_operator.py took 0.071 seconds
[2024-04-27T00:02:41.257+0000] {processor.py:161} INFO - Started process (PID=339) to work on /home/airflow/.local/lib/python3.12/site-packages/airflow/example_dags/example_bash_operator.py
[2024-04-27T00:02:41.258+0000] {processor.py:830} INFO - Processing file /home/airflow/.local/lib/python3.12/site-packages/airflow/example_dags/example_bash_operator.py for tasks to queue
[2024-04-27T00:02:41.260+0000] {logging_mixin.py:188} INFO - [2024-04-27T00:02:41.260+0000] {dagbag.py:540} INFO - Filling up the DagBag from /home/airflow/.local/lib/python3.12/site-packages/airflow/example_dags/example_bash_operator.py
[2024-04-27T00:02:41.268+0000] {processor.py:840} INFO - DAG(s) 'example_bash_operator' retrieved from /home/airflow/.local/lib/python3.12/site-packages/airflow/example_dags/example_bash_operator.py
[2024-04-27T00:02:41.293+0000] {logging_mixin.py:188} INFO - [2024-04-27T00:02:41.293+0000] {dag.py:3096} INFO - Sync 1 DAGs
[2024-04-27T00:02:41.313+0000] {logging_mixin.py:188} INFO - [2024-04-27T00:02:41.312+0000] {dag.py:3954} INFO - Setting next_dagrun for example_bash_operator to 2024-04-26 00:00:00+00:00, run_after=2024-04-27 00:00:00+00:00
[2024-04-27T00:02:41.328+0000] {processor.py:183} INFO - Processing /home/airflow/.local/lib/python3.12/site-packages/airflow/example_dags/example_bash_operator.py took 0.075 seconds
[2024-04-27T00:03:11.623+0000] {processor.py:161} INFO - Started process (PID=398) to work on /home/airflow/.local/lib/python3.12/site-packages/airflow/example_dags/example_bash_operator.py
[2024-04-27T00:03:11.624+0000] {processor.py:830} INFO - Processing file /home/airflow/.local/lib/python3.12/site-packages/airflow/example_dags/example_bash_operator.py for tasks to queue
[2024-04-27T00:03:11.626+0000] {logging_mixin.py:188} INFO - [2024-04-27T00:03:11.626+0000] {dagbag.py:540} INFO - Filling up the DagBag from /home/airflow/.local/lib/python3.12/site-packages/airflow/example_dags/example_bash_operator.py
[2024-04-27T00:03:11.638+0000] {processor.py:840} INFO - DAG(s) 'example_bash_operator' retrieved from /home/airflow/.local/lib/python3.12/site-packages/airflow/example_dags/example_bash_operator.py
[2024-04-27T00:03:11.664+0000] {logging_mixin.py:188} INFO - [2024-04-27T00:03:11.663+0000] {dag.py:3096} INFO - Sync 1 DAGs
[2024-04-27T00:03:11.690+0000] {logging_mixin.py:188} INFO - [2024-04-27T00:03:11.690+0000] {dag.py:3954} INFO - Setting next_dagrun for example_bash_operator to 2024-04-26 00:00:00+00:00, run_after=2024-04-27 00:00:00+00:00
[2024-04-27T00:03:11.710+0000] {processor.py:183} INFO - Processing /home/airflow/.local/lib/python3.12/site-packages/airflow/example_dags/example_bash_operator.py took 0.093 seconds
[2024-04-27T00:03:42.035+0000] {processor.py:161} INFO - Started process (PID=458) to work on /home/airflow/.local/lib/python3.12/site-packages/airflow/example_dags/example_bash_operator.py
[2024-04-27T00:03:42.037+0000] {processor.py:830} INFO - Processing file /home/airflow/.local/lib/python3.12/site-packages/airflow/example_dags/example_bash_operator.py for tasks to queue
[2024-04-27T00:03:42.039+0000] {logging_mixin.py:188} INFO - [2024-04-27T00:03:42.038+0000] {dagbag.py:540} INFO - Filling up the DagBag from /home/airflow/.local/lib/python3.12/site-packages/airflow/example_dags/example_bash_operator.py
[2024-04-27T00:03:42.048+0000] {processor.py:840} INFO - DAG(s) 'example_bash_operator' retrieved from /home/airflow/.local/lib/python3.12/site-packages/airflow/example_dags/example_bash_operator.py
[2024-04-27T00:03:42.075+0000] {logging_mixin.py:188} INFO - [2024-04-27T00:03:42.075+0000] {dag.py:3096} INFO - Sync 1 DAGs
[2024-04-27T00:03:42.096+0000] {logging_mixin.py:188} INFO - [2024-04-27T00:03:42.096+0000] {dag.py:3954} INFO - Setting next_dagrun for example_bash_operator to 2024-04-26 00:00:00+00:00, run_after=2024-04-27 00:00:00+00:00
[2024-04-27T00:03:42.114+0000] {processor.py:183} INFO - Processing /home/airflow/.local/lib/python3.12/site-packages/airflow/example_dags/example_bash_operator.py took 0.084 seconds
[2024-04-27T00:04:12.418+0000] {processor.py:161} INFO - Started process (PID=517) to work on /home/airflow/.local/lib/python3.12/site-packages/airflow/example_dags/example_bash_operator.py
[2024-04-27T00:04:12.419+0000] {processor.py:830} INFO - Processing file /home/airflow/.local/lib/python3.12/site-packages/airflow/example_dags/example_bash_operator.py for tasks to queue
[2024-04-27T00:04:12.422+0000] {logging_mixin.py:188} INFO - [2024-04-27T00:04:12.421+0000] {dagbag.py:540} INFO - Filling up the DagBag from /home/airflow/.local/lib/python3.12/site-packages/airflow/example_dags/example_bash_operator.py
[2024-04-27T00:04:12.432+0000] {processor.py:840} INFO - DAG(s) 'example_bash_operator' retrieved from /home/airflow/.local/lib/python3.12/site-packages/airflow/example_dags/example_bash_operator.py
[2024-04-27T00:04:12.456+0000] {logging_mixin.py:188} INFO - [2024-04-27T00:04:12.456+0000] {dag.py:3096} INFO - Sync 1 DAGs
[2024-04-27T00:04:12.476+0000] {logging_mixin.py:188} INFO - [2024-04-27T00:04:12.475+0000] {dag.py:3954} INFO - Setting next_dagrun for example_bash_operator to 2024-04-26 00:00:00+00:00, run_after=2024-04-27 00:00:00+00:00
[2024-04-27T00:04:12.497+0000] {processor.py:183} INFO - Processing /home/airflow/.local/lib/python3.12/site-packages/airflow/example_dags/example_bash_operator.py took 0.084 seconds
[2024-04-27T00:04:42.727+0000] {processor.py:161} INFO - Started process (PID=576) to work on /home/airflow/.local/lib/python3.12/site-packages/airflow/example_dags/example_bash_operator.py
[2024-04-27T00:04:42.728+0000] {processor.py:830} INFO - Processing file /home/airflow/.local/lib/python3.12/site-packages/airflow/example_dags/example_bash_operator.py for tasks to queue
[2024-04-27T00:04:42.731+0000] {logging_mixin.py:188} INFO - [2024-04-27T00:04:42.730+0000] {dagbag.py:540} INFO - Filling up the DagBag from /home/airflow/.local/lib/python3.12/site-packages/airflow/example_dags/example_bash_operator.py
[2024-04-27T00:04:42.741+0000] {processor.py:840} INFO - DAG(s) 'example_bash_operator' retrieved from /home/airflow/.local/lib/python3.12/site-packages/airflow/example_dags/example_bash_operator.py
[2024-04-27T00:04:42.767+0000] {logging_mixin.py:188} INFO - [2024-04-27T00:04:42.766+0000] {dag.py:3096} INFO - Sync 1 DAGs
[2024-04-27T00:04:42.788+0000] {logging_mixin.py:188} INFO - [2024-04-27T00:04:42.788+0000] {dag.py:3954} INFO - Setting next_dagrun for example_bash_operator to 2024-04-26 00:00:00+00:00, run_after=2024-04-27 00:00:00+00:00
[2024-04-27T00:04:42.808+0000] {processor.py:183} INFO - Processing /home/airflow/.local/lib/python3.12/site-packages/airflow/example_dags/example_bash_operator.py took 0.087 seconds
[2024-04-27T00:14:06.129+0000] {processor.py:161} INFO - Started process (PID=44) to work on /home/airflow/.local/lib/python3.12/site-packages/airflow/example_dags/example_bash_operator.py
[2024-04-27T00:14:06.130+0000] {processor.py:830} INFO - Processing file /home/airflow/.local/lib/python3.12/site-packages/airflow/example_dags/example_bash_operator.py for tasks to queue
[2024-04-27T00:14:06.132+0000] {logging_mixin.py:188} INFO - [2024-04-27T00:14:06.132+0000] {dagbag.py:540} INFO - Filling up the DagBag from /home/airflow/.local/lib/python3.12/site-packages/airflow/example_dags/example_bash_operator.py
[2024-04-27T00:14:06.142+0000] {processor.py:840} INFO - DAG(s) 'example_bash_operator' retrieved from /home/airflow/.local/lib/python3.12/site-packages/airflow/example_dags/example_bash_operator.py
[2024-04-27T00:14:06.152+0000] {logging_mixin.py:188} INFO - [2024-04-27T00:14:06.152+0000] {dag.py:3096} INFO - Sync 1 DAGs
[2024-04-27T00:14:06.174+0000] {logging_mixin.py:188} INFO - [2024-04-27T00:14:06.174+0000] {dag.py:3954} INFO - Setting next_dagrun for example_bash_operator to 2024-04-26 00:00:00+00:00, run_after=2024-04-27 00:00:00+00:00
[2024-04-27T00:14:06.198+0000] {processor.py:183} INFO - Processing /home/airflow/.local/lib/python3.12/site-packages/airflow/example_dags/example_bash_operator.py took 0.074 seconds
[2024-04-27T00:14:36.835+0000] {processor.py:161} INFO - Started process (PID=103) to work on /home/airflow/.local/lib/python3.12/site-packages/airflow/example_dags/example_bash_operator.py
[2024-04-27T00:14:36.836+0000] {processor.py:830} INFO - Processing file /home/airflow/.local/lib/python3.12/site-packages/airflow/example_dags/example_bash_operator.py for tasks to queue
[2024-04-27T00:14:36.838+0000] {logging_mixin.py:188} INFO - [2024-04-27T00:14:36.838+0000] {dagbag.py:540} INFO - Filling up the DagBag from /home/airflow/.local/lib/python3.12/site-packages/airflow/example_dags/example_bash_operator.py
[2024-04-27T00:14:36.847+0000] {processor.py:840} INFO - DAG(s) 'example_bash_operator' retrieved from /home/airflow/.local/lib/python3.12/site-packages/airflow/example_dags/example_bash_operator.py
[2024-04-27T00:14:36.935+0000] {logging_mixin.py:188} INFO - [2024-04-27T00:14:36.935+0000] {dag.py:3096} INFO - Sync 1 DAGs
[2024-04-27T00:14:36.954+0000] {logging_mixin.py:188} INFO - [2024-04-27T00:14:36.954+0000] {dag.py:3954} INFO - Setting next_dagrun for example_bash_operator to 2024-04-26 00:00:00+00:00, run_after=2024-04-27 00:00:00+00:00
[2024-04-27T00:14:36.970+0000] {processor.py:183} INFO - Processing /home/airflow/.local/lib/python3.12/site-packages/airflow/example_dags/example_bash_operator.py took 0.140 seconds
[2024-04-27T00:15:07.058+0000] {processor.py:161} INFO - Started process (PID=162) to work on /home/airflow/.local/lib/python3.12/site-packages/airflow/example_dags/example_bash_operator.py
[2024-04-27T00:15:07.059+0000] {processor.py:830} INFO - Processing file /home/airflow/.local/lib/python3.12/site-packages/airflow/example_dags/example_bash_operator.py for tasks to queue
[2024-04-27T00:15:07.062+0000] {logging_mixin.py:188} INFO - [2024-04-27T00:15:07.062+0000] {dagbag.py:540} INFO - Filling up the DagBag from /home/airflow/.local/lib/python3.12/site-packages/airflow/example_dags/example_bash_operator.py
[2024-04-27T00:15:07.076+0000] {processor.py:840} INFO - DAG(s) 'example_bash_operator' retrieved from /home/airflow/.local/lib/python3.12/site-packages/airflow/example_dags/example_bash_operator.py
[2024-04-27T00:15:07.114+0000] {logging_mixin.py:188} INFO - [2024-04-27T00:15:07.113+0000] {dag.py:3096} INFO - Sync 1 DAGs
[2024-04-27T00:15:07.143+0000] {logging_mixin.py:188} INFO - [2024-04-27T00:15:07.143+0000] {dag.py:3954} INFO - Setting next_dagrun for example_bash_operator to 2024-04-26 00:00:00+00:00, run_after=2024-04-27 00:00:00+00:00
[2024-04-27T00:15:07.169+0000] {processor.py:183} INFO - Processing /home/airflow/.local/lib/python3.12/site-packages/airflow/example_dags/example_bash_operator.py took 0.117 seconds
[2024-04-27T00:15:37.196+0000] {processor.py:161} INFO - Started process (PID=221) to work on /home/airflow/.local/lib/python3.12/site-packages/airflow/example_dags/example_bash_operator.py
[2024-04-27T00:15:37.197+0000] {processor.py:830} INFO - Processing file /home/airflow/.local/lib/python3.12/site-packages/airflow/example_dags/example_bash_operator.py for tasks to queue
[2024-04-27T00:15:37.199+0000] {logging_mixin.py:188} INFO - [2024-04-27T00:15:37.199+0000] {dagbag.py:540} INFO - Filling up the DagBag from /home/airflow/.local/lib/python3.12/site-packages/airflow/example_dags/example_bash_operator.py
[2024-04-27T00:15:37.209+0000] {processor.py:840} INFO - DAG(s) 'example_bash_operator' retrieved from /home/airflow/.local/lib/python3.12/site-packages/airflow/example_dags/example_bash_operator.py
[2024-04-27T00:15:37.228+0000] {logging_mixin.py:188} INFO - [2024-04-27T00:15:37.228+0000] {dag.py:3096} INFO - Sync 1 DAGs
[2024-04-27T00:15:37.245+0000] {logging_mixin.py:188} INFO - [2024-04-27T00:15:37.245+0000] {dag.py:3954} INFO - Setting next_dagrun for example_bash_operator to 2024-04-26 00:00:00+00:00, run_after=2024-04-27 00:00:00+00:00
[2024-04-27T00:15:37.262+0000] {processor.py:183} INFO - Processing /home/airflow/.local/lib/python3.12/site-packages/airflow/example_dags/example_bash_operator.py took 0.071 seconds
[2024-04-27T00:16:07.643+0000] {processor.py:161} INFO - Started process (PID=280) to work on /home/airflow/.local/lib/python3.12/site-packages/airflow/example_dags/example_bash_operator.py
[2024-04-27T00:16:07.643+0000] {processor.py:830} INFO - Processing file /home/airflow/.local/lib/python3.12/site-packages/airflow/example_dags/example_bash_operator.py for tasks to queue
[2024-04-27T00:16:07.646+0000] {logging_mixin.py:188} INFO - [2024-04-27T00:16:07.645+0000] {dagbag.py:540} INFO - Filling up the DagBag from /home/airflow/.local/lib/python3.12/site-packages/airflow/example_dags/example_bash_operator.py
[2024-04-27T00:16:07.656+0000] {processor.py:840} INFO - DAG(s) 'example_bash_operator' retrieved from /home/airflow/.local/lib/python3.12/site-packages/airflow/example_dags/example_bash_operator.py
[2024-04-27T00:16:07.680+0000] {logging_mixin.py:188} INFO - [2024-04-27T00:16:07.680+0000] {dag.py:3096} INFO - Sync 1 DAGs
[2024-04-27T00:16:07.701+0000] {logging_mixin.py:188} INFO - [2024-04-27T00:16:07.701+0000] {dag.py:3954} INFO - Setting next_dagrun for example_bash_operator to 2024-04-26 00:00:00+00:00, run_after=2024-04-27 00:00:00+00:00
[2024-04-27T00:16:07.723+0000] {processor.py:183} INFO - Processing /home/airflow/.local/lib/python3.12/site-packages/airflow/example_dags/example_bash_operator.py took 0.086 seconds
[2024-04-27T00:16:37.931+0000] {processor.py:161} INFO - Started process (PID=339) to work on /home/airflow/.local/lib/python3.12/site-packages/airflow/example_dags/example_bash_operator.py
[2024-04-27T00:16:37.932+0000] {processor.py:830} INFO - Processing file /home/airflow/.local/lib/python3.12/site-packages/airflow/example_dags/example_bash_operator.py for tasks to queue
[2024-04-27T00:16:37.934+0000] {logging_mixin.py:188} INFO - [2024-04-27T00:16:37.934+0000] {dagbag.py:540} INFO - Filling up the DagBag from /home/airflow/.local/lib/python3.12/site-packages/airflow/example_dags/example_bash_operator.py
[2024-04-27T00:16:37.952+0000] {processor.py:840} INFO - DAG(s) 'example_bash_operator' retrieved from /home/airflow/.local/lib/python3.12/site-packages/airflow/example_dags/example_bash_operator.py
[2024-04-27T00:16:37.995+0000] {logging_mixin.py:188} INFO - [2024-04-27T00:16:37.994+0000] {dag.py:3096} INFO - Sync 1 DAGs
[2024-04-27T00:16:38.023+0000] {logging_mixin.py:188} INFO - [2024-04-27T00:16:38.023+0000] {dag.py:3954} INFO - Setting next_dagrun for example_bash_operator to 2024-04-26 00:00:00+00:00, run_after=2024-04-27 00:00:00+00:00
[2024-04-27T00:16:38.046+0000] {processor.py:183} INFO - Processing /home/airflow/.local/lib/python3.12/site-packages/airflow/example_dags/example_bash_operator.py took 0.121 seconds
