[2024-04-27T00:00:13.992+0000] {processor.py:161} INFO - Started process (PID=81) to work on /home/airflow/.local/lib/python3.12/site-packages/airflow/example_dags/example_task_group_decorator.py
[2024-04-27T00:00:13.993+0000] {processor.py:830} INFO - Processing file /home/airflow/.local/lib/python3.12/site-packages/airflow/example_dags/example_task_group_decorator.py for tasks to queue
[2024-04-27T00:00:13.996+0000] {logging_mixin.py:188} INFO - [2024-04-27T00:00:13.995+0000] {dagbag.py:540} INFO - Filling up the DagBag from /home/airflow/.local/lib/python3.12/site-packages/airflow/example_dags/example_task_group_decorator.py
[2024-04-27T00:00:14.010+0000] {processor.py:840} INFO - DAG(s) 'example_task_group_decorator' retrieved from /home/airflow/.local/lib/python3.12/site-packages/airflow/example_dags/example_task_group_decorator.py
[2024-04-27T00:00:14.023+0000] {logging_mixin.py:188} INFO - [2024-04-27T00:00:14.023+0000] {dag.py:3096} INFO - Sync 1 DAGs
[2024-04-27T00:00:14.048+0000] {logging_mixin.py:188} INFO - [2024-04-27T00:00:14.048+0000] {dag.py:3954} INFO - Setting next_dagrun for example_task_group_decorator to 2024-04-26 00:00:00+00:00, run_after=2024-04-27 00:00:00+00:00
[2024-04-27T00:00:14.074+0000] {processor.py:183} INFO - Processing /home/airflow/.local/lib/python3.12/site-packages/airflow/example_dags/example_task_group_decorator.py took 0.089 seconds
[2024-04-27T00:00:45.360+0000] {processor.py:161} INFO - Started process (PID=140) to work on /home/airflow/.local/lib/python3.12/site-packages/airflow/example_dags/example_task_group_decorator.py
[2024-04-27T00:00:45.361+0000] {processor.py:830} INFO - Processing file /home/airflow/.local/lib/python3.12/site-packages/airflow/example_dags/example_task_group_decorator.py for tasks to queue
[2024-04-27T00:00:45.363+0000] {logging_mixin.py:188} INFO - [2024-04-27T00:00:45.363+0000] {dagbag.py:540} INFO - Filling up the DagBag from /home/airflow/.local/lib/python3.12/site-packages/airflow/example_dags/example_task_group_decorator.py
[2024-04-27T00:00:45.374+0000] {processor.py:840} INFO - DAG(s) 'example_task_group_decorator' retrieved from /home/airflow/.local/lib/python3.12/site-packages/airflow/example_dags/example_task_group_decorator.py
[2024-04-27T00:00:45.468+0000] {logging_mixin.py:188} INFO - [2024-04-27T00:00:45.468+0000] {dag.py:3096} INFO - Sync 1 DAGs
[2024-04-27T00:00:45.485+0000] {logging_mixin.py:188} INFO - [2024-04-27T00:00:45.485+0000] {dag.py:3954} INFO - Setting next_dagrun for example_task_group_decorator to 2024-04-26 00:00:00+00:00, run_after=2024-04-27 00:00:00+00:00
[2024-04-27T00:00:45.506+0000] {processor.py:183} INFO - Processing /home/airflow/.local/lib/python3.12/site-packages/airflow/example_dags/example_task_group_decorator.py took 0.153 seconds
[2024-04-27T00:01:15.566+0000] {processor.py:161} INFO - Started process (PID=199) to work on /home/airflow/.local/lib/python3.12/site-packages/airflow/example_dags/example_task_group_decorator.py
[2024-04-27T00:01:15.567+0000] {processor.py:830} INFO - Processing file /home/airflow/.local/lib/python3.12/site-packages/airflow/example_dags/example_task_group_decorator.py for tasks to queue
[2024-04-27T00:01:15.569+0000] {logging_mixin.py:188} INFO - [2024-04-27T00:01:15.569+0000] {dagbag.py:540} INFO - Filling up the DagBag from /home/airflow/.local/lib/python3.12/site-packages/airflow/example_dags/example_task_group_decorator.py
[2024-04-27T00:01:15.579+0000] {processor.py:840} INFO - DAG(s) 'example_task_group_decorator' retrieved from /home/airflow/.local/lib/python3.12/site-packages/airflow/example_dags/example_task_group_decorator.py
[2024-04-27T00:01:15.600+0000] {logging_mixin.py:188} INFO - [2024-04-27T00:01:15.599+0000] {dag.py:3096} INFO - Sync 1 DAGs
[2024-04-27T00:01:15.615+0000] {logging_mixin.py:188} INFO - [2024-04-27T00:01:15.615+0000] {dag.py:3954} INFO - Setting next_dagrun for example_task_group_decorator to 2024-04-26 00:00:00+00:00, run_after=2024-04-27 00:00:00+00:00
[2024-04-27T00:01:15.636+0000] {processor.py:183} INFO - Processing /home/airflow/.local/lib/python3.12/site-packages/airflow/example_dags/example_task_group_decorator.py took 0.075 seconds
[2024-04-27T00:01:45.776+0000] {processor.py:161} INFO - Started process (PID=258) to work on /home/airflow/.local/lib/python3.12/site-packages/airflow/example_dags/example_task_group_decorator.py
[2024-04-27T00:01:45.778+0000] {processor.py:830} INFO - Processing file /home/airflow/.local/lib/python3.12/site-packages/airflow/example_dags/example_task_group_decorator.py for tasks to queue
[2024-04-27T00:01:45.779+0000] {logging_mixin.py:188} INFO - [2024-04-27T00:01:45.779+0000] {dagbag.py:540} INFO - Filling up the DagBag from /home/airflow/.local/lib/python3.12/site-packages/airflow/example_dags/example_task_group_decorator.py
[2024-04-27T00:01:45.789+0000] {processor.py:840} INFO - DAG(s) 'example_task_group_decorator' retrieved from /home/airflow/.local/lib/python3.12/site-packages/airflow/example_dags/example_task_group_decorator.py
[2024-04-27T00:01:45.814+0000] {logging_mixin.py:188} INFO - [2024-04-27T00:01:45.814+0000] {dag.py:3096} INFO - Sync 1 DAGs
[2024-04-27T00:01:45.835+0000] {logging_mixin.py:188} INFO - [2024-04-27T00:01:45.835+0000] {dag.py:3954} INFO - Setting next_dagrun for example_task_group_decorator to 2024-04-26 00:00:00+00:00, run_after=2024-04-27 00:00:00+00:00
[2024-04-27T00:01:45.855+0000] {processor.py:183} INFO - Processing /home/airflow/.local/lib/python3.12/site-packages/airflow/example_dags/example_task_group_decorator.py took 0.084 seconds
[2024-04-27T00:02:16.159+0000] {processor.py:161} INFO - Started process (PID=317) to work on /home/airflow/.local/lib/python3.12/site-packages/airflow/example_dags/example_task_group_decorator.py
[2024-04-27T00:02:16.160+0000] {processor.py:830} INFO - Processing file /home/airflow/.local/lib/python3.12/site-packages/airflow/example_dags/example_task_group_decorator.py for tasks to queue
[2024-04-27T00:02:16.162+0000] {logging_mixin.py:188} INFO - [2024-04-27T00:02:16.162+0000] {dagbag.py:540} INFO - Filling up the DagBag from /home/airflow/.local/lib/python3.12/site-packages/airflow/example_dags/example_task_group_decorator.py
[2024-04-27T00:02:16.174+0000] {processor.py:840} INFO - DAG(s) 'example_task_group_decorator' retrieved from /home/airflow/.local/lib/python3.12/site-packages/airflow/example_dags/example_task_group_decorator.py
[2024-04-27T00:02:16.197+0000] {logging_mixin.py:188} INFO - [2024-04-27T00:02:16.197+0000] {dag.py:3096} INFO - Sync 1 DAGs
[2024-04-27T00:02:16.215+0000] {logging_mixin.py:188} INFO - [2024-04-27T00:02:16.215+0000] {dag.py:3954} INFO - Setting next_dagrun for example_task_group_decorator to 2024-04-26 00:00:00+00:00, run_after=2024-04-27 00:00:00+00:00
[2024-04-27T00:02:16.234+0000] {processor.py:183} INFO - Processing /home/airflow/.local/lib/python3.12/site-packages/airflow/example_dags/example_task_group_decorator.py took 0.079 seconds
[2024-04-27T00:02:46.429+0000] {processor.py:161} INFO - Started process (PID=376) to work on /home/airflow/.local/lib/python3.12/site-packages/airflow/example_dags/example_task_group_decorator.py
[2024-04-27T00:02:46.429+0000] {processor.py:830} INFO - Processing file /home/airflow/.local/lib/python3.12/site-packages/airflow/example_dags/example_task_group_decorator.py for tasks to queue
[2024-04-27T00:02:46.431+0000] {logging_mixin.py:188} INFO - [2024-04-27T00:02:46.431+0000] {dagbag.py:540} INFO - Filling up the DagBag from /home/airflow/.local/lib/python3.12/site-packages/airflow/example_dags/example_task_group_decorator.py
[2024-04-27T00:02:46.443+0000] {processor.py:840} INFO - DAG(s) 'example_task_group_decorator' retrieved from /home/airflow/.local/lib/python3.12/site-packages/airflow/example_dags/example_task_group_decorator.py
[2024-04-27T00:02:46.466+0000] {logging_mixin.py:188} INFO - [2024-04-27T00:02:46.465+0000] {dag.py:3096} INFO - Sync 1 DAGs
[2024-04-27T00:02:46.483+0000] {logging_mixin.py:188} INFO - [2024-04-27T00:02:46.483+0000] {dag.py:3954} INFO - Setting next_dagrun for example_task_group_decorator to 2024-04-26 00:00:00+00:00, run_after=2024-04-27 00:00:00+00:00
[2024-04-27T00:02:46.499+0000] {processor.py:183} INFO - Processing /home/airflow/.local/lib/python3.12/site-packages/airflow/example_dags/example_task_group_decorator.py took 0.075 seconds
[2024-04-27T00:03:16.923+0000] {processor.py:161} INFO - Started process (PID=435) to work on /home/airflow/.local/lib/python3.12/site-packages/airflow/example_dags/example_task_group_decorator.py
[2024-04-27T00:03:16.924+0000] {processor.py:830} INFO - Processing file /home/airflow/.local/lib/python3.12/site-packages/airflow/example_dags/example_task_group_decorator.py for tasks to queue
[2024-04-27T00:03:16.926+0000] {logging_mixin.py:188} INFO - [2024-04-27T00:03:16.925+0000] {dagbag.py:540} INFO - Filling up the DagBag from /home/airflow/.local/lib/python3.12/site-packages/airflow/example_dags/example_task_group_decorator.py
[2024-04-27T00:03:16.938+0000] {processor.py:840} INFO - DAG(s) 'example_task_group_decorator' retrieved from /home/airflow/.local/lib/python3.12/site-packages/airflow/example_dags/example_task_group_decorator.py
[2024-04-27T00:03:16.961+0000] {logging_mixin.py:188} INFO - [2024-04-27T00:03:16.961+0000] {dag.py:3096} INFO - Sync 1 DAGs
[2024-04-27T00:03:16.979+0000] {logging_mixin.py:188} INFO - [2024-04-27T00:03:16.979+0000] {dag.py:3954} INFO - Setting next_dagrun for example_task_group_decorator to 2024-04-26 00:00:00+00:00, run_after=2024-04-27 00:00:00+00:00
[2024-04-27T00:03:16.994+0000] {processor.py:183} INFO - Processing /home/airflow/.local/lib/python3.12/site-packages/airflow/example_dags/example_task_group_decorator.py took 0.077 seconds
[2024-04-27T00:03:47.292+0000] {processor.py:161} INFO - Started process (PID=495) to work on /home/airflow/.local/lib/python3.12/site-packages/airflow/example_dags/example_task_group_decorator.py
[2024-04-27T00:03:47.293+0000] {processor.py:830} INFO - Processing file /home/airflow/.local/lib/python3.12/site-packages/airflow/example_dags/example_task_group_decorator.py for tasks to queue
[2024-04-27T00:03:47.295+0000] {logging_mixin.py:188} INFO - [2024-04-27T00:03:47.295+0000] {dagbag.py:540} INFO - Filling up the DagBag from /home/airflow/.local/lib/python3.12/site-packages/airflow/example_dags/example_task_group_decorator.py
[2024-04-27T00:03:47.305+0000] {processor.py:840} INFO - DAG(s) 'example_task_group_decorator' retrieved from /home/airflow/.local/lib/python3.12/site-packages/airflow/example_dags/example_task_group_decorator.py
[2024-04-27T00:03:47.327+0000] {logging_mixin.py:188} INFO - [2024-04-27T00:03:47.327+0000] {dag.py:3096} INFO - Sync 1 DAGs
[2024-04-27T00:03:47.344+0000] {logging_mixin.py:188} INFO - [2024-04-27T00:03:47.344+0000] {dag.py:3954} INFO - Setting next_dagrun for example_task_group_decorator to 2024-04-26 00:00:00+00:00, run_after=2024-04-27 00:00:00+00:00
[2024-04-27T00:03:47.362+0000] {processor.py:183} INFO - Processing /home/airflow/.local/lib/python3.12/site-packages/airflow/example_dags/example_task_group_decorator.py took 0.074 seconds
[2024-04-27T00:04:17.553+0000] {processor.py:161} INFO - Started process (PID=554) to work on /home/airflow/.local/lib/python3.12/site-packages/airflow/example_dags/example_task_group_decorator.py
[2024-04-27T00:04:17.553+0000] {processor.py:830} INFO - Processing file /home/airflow/.local/lib/python3.12/site-packages/airflow/example_dags/example_task_group_decorator.py for tasks to queue
[2024-04-27T00:04:17.555+0000] {logging_mixin.py:188} INFO - [2024-04-27T00:04:17.555+0000] {dagbag.py:540} INFO - Filling up the DagBag from /home/airflow/.local/lib/python3.12/site-packages/airflow/example_dags/example_task_group_decorator.py
[2024-04-27T00:04:17.567+0000] {processor.py:840} INFO - DAG(s) 'example_task_group_decorator' retrieved from /home/airflow/.local/lib/python3.12/site-packages/airflow/example_dags/example_task_group_decorator.py
[2024-04-27T00:04:17.590+0000] {logging_mixin.py:188} INFO - [2024-04-27T00:04:17.590+0000] {dag.py:3096} INFO - Sync 1 DAGs
[2024-04-27T00:04:17.609+0000] {logging_mixin.py:188} INFO - [2024-04-27T00:04:17.608+0000] {dag.py:3954} INFO - Setting next_dagrun for example_task_group_decorator to 2024-04-26 00:00:00+00:00, run_after=2024-04-27 00:00:00+00:00
[2024-04-27T00:04:17.630+0000] {processor.py:183} INFO - Processing /home/airflow/.local/lib/python3.12/site-packages/airflow/example_dags/example_task_group_decorator.py took 0.082 seconds
[2024-04-27T00:04:47.831+0000] {processor.py:161} INFO - Started process (PID=613) to work on /home/airflow/.local/lib/python3.12/site-packages/airflow/example_dags/example_task_group_decorator.py
[2024-04-27T00:04:47.832+0000] {processor.py:830} INFO - Processing file /home/airflow/.local/lib/python3.12/site-packages/airflow/example_dags/example_task_group_decorator.py for tasks to queue
[2024-04-27T00:04:47.834+0000] {logging_mixin.py:188} INFO - [2024-04-27T00:04:47.834+0000] {dagbag.py:540} INFO - Filling up the DagBag from /home/airflow/.local/lib/python3.12/site-packages/airflow/example_dags/example_task_group_decorator.py
[2024-04-27T00:04:47.844+0000] {processor.py:840} INFO - DAG(s) 'example_task_group_decorator' retrieved from /home/airflow/.local/lib/python3.12/site-packages/airflow/example_dags/example_task_group_decorator.py
[2024-04-27T00:04:47.867+0000] {logging_mixin.py:188} INFO - [2024-04-27T00:04:47.867+0000] {dag.py:3096} INFO - Sync 1 DAGs
[2024-04-27T00:04:47.886+0000] {logging_mixin.py:188} INFO - [2024-04-27T00:04:47.886+0000] {dag.py:3954} INFO - Setting next_dagrun for example_task_group_decorator to 2024-04-26 00:00:00+00:00, run_after=2024-04-27 00:00:00+00:00
[2024-04-27T00:04:47.906+0000] {processor.py:183} INFO - Processing /home/airflow/.local/lib/python3.12/site-packages/airflow/example_dags/example_task_group_decorator.py took 0.080 seconds
[2024-04-27T00:14:08.870+0000] {processor.py:161} INFO - Started process (PID=81) to work on /home/airflow/.local/lib/python3.12/site-packages/airflow/example_dags/example_task_group_decorator.py
[2024-04-27T00:14:08.871+0000] {processor.py:830} INFO - Processing file /home/airflow/.local/lib/python3.12/site-packages/airflow/example_dags/example_task_group_decorator.py for tasks to queue
[2024-04-27T00:14:08.873+0000] {logging_mixin.py:188} INFO - [2024-04-27T00:14:08.873+0000] {dagbag.py:540} INFO - Filling up the DagBag from /home/airflow/.local/lib/python3.12/site-packages/airflow/example_dags/example_task_group_decorator.py
[2024-04-27T00:14:08.885+0000] {processor.py:840} INFO - DAG(s) 'example_task_group_decorator' retrieved from /home/airflow/.local/lib/python3.12/site-packages/airflow/example_dags/example_task_group_decorator.py
[2024-04-27T00:14:08.897+0000] {logging_mixin.py:188} INFO - [2024-04-27T00:14:08.897+0000] {dag.py:3096} INFO - Sync 1 DAGs
[2024-04-27T00:14:08.919+0000] {logging_mixin.py:188} INFO - [2024-04-27T00:14:08.919+0000] {dag.py:3954} INFO - Setting next_dagrun for example_task_group_decorator to 2024-04-26 00:00:00+00:00, run_after=2024-04-27 00:00:00+00:00
[2024-04-27T00:14:08.937+0000] {processor.py:183} INFO - Processing /home/airflow/.local/lib/python3.12/site-packages/airflow/example_dags/example_task_group_decorator.py took 0.072 seconds
[2024-04-27T00:14:40.595+0000] {processor.py:161} INFO - Started process (PID=140) to work on /home/airflow/.local/lib/python3.12/site-packages/airflow/example_dags/example_task_group_decorator.py
[2024-04-27T00:14:40.596+0000] {processor.py:830} INFO - Processing file /home/airflow/.local/lib/python3.12/site-packages/airflow/example_dags/example_task_group_decorator.py for tasks to queue
[2024-04-27T00:14:40.598+0000] {logging_mixin.py:188} INFO - [2024-04-27T00:14:40.598+0000] {dagbag.py:540} INFO - Filling up the DagBag from /home/airflow/.local/lib/python3.12/site-packages/airflow/example_dags/example_task_group_decorator.py
[2024-04-27T00:14:40.609+0000] {processor.py:840} INFO - DAG(s) 'example_task_group_decorator' retrieved from /home/airflow/.local/lib/python3.12/site-packages/airflow/example_dags/example_task_group_decorator.py
[2024-04-27T00:14:40.705+0000] {logging_mixin.py:188} INFO - [2024-04-27T00:14:40.705+0000] {dag.py:3096} INFO - Sync 1 DAGs
[2024-04-27T00:14:40.725+0000] {logging_mixin.py:188} INFO - [2024-04-27T00:14:40.724+0000] {dag.py:3954} INFO - Setting next_dagrun for example_task_group_decorator to 2024-04-26 00:00:00+00:00, run_after=2024-04-27 00:00:00+00:00
[2024-04-27T00:14:40.747+0000] {processor.py:183} INFO - Processing /home/airflow/.local/lib/python3.12/site-packages/airflow/example_dags/example_task_group_decorator.py took 0.157 seconds
[2024-04-27T00:15:11.001+0000] {processor.py:161} INFO - Started process (PID=199) to work on /home/airflow/.local/lib/python3.12/site-packages/airflow/example_dags/example_task_group_decorator.py
[2024-04-27T00:15:11.001+0000] {processor.py:830} INFO - Processing file /home/airflow/.local/lib/python3.12/site-packages/airflow/example_dags/example_task_group_decorator.py for tasks to queue
[2024-04-27T00:15:11.003+0000] {logging_mixin.py:188} INFO - [2024-04-27T00:15:11.003+0000] {dagbag.py:540} INFO - Filling up the DagBag from /home/airflow/.local/lib/python3.12/site-packages/airflow/example_dags/example_task_group_decorator.py
[2024-04-27T00:15:11.015+0000] {processor.py:840} INFO - DAG(s) 'example_task_group_decorator' retrieved from /home/airflow/.local/lib/python3.12/site-packages/airflow/example_dags/example_task_group_decorator.py
[2024-04-27T00:15:11.039+0000] {logging_mixin.py:188} INFO - [2024-04-27T00:15:11.038+0000] {dag.py:3096} INFO - Sync 1 DAGs
[2024-04-27T00:15:11.060+0000] {logging_mixin.py:188} INFO - [2024-04-27T00:15:11.059+0000] {dag.py:3954} INFO - Setting next_dagrun for example_task_group_decorator to 2024-04-26 00:00:00+00:00, run_after=2024-04-27 00:00:00+00:00
[2024-04-27T00:15:11.081+0000] {processor.py:183} INFO - Processing /home/airflow/.local/lib/python3.12/site-packages/airflow/example_dags/example_task_group_decorator.py took 0.086 seconds
[2024-04-27T00:15:41.402+0000] {processor.py:161} INFO - Started process (PID=258) to work on /home/airflow/.local/lib/python3.12/site-packages/airflow/example_dags/example_task_group_decorator.py
[2024-04-27T00:15:41.403+0000] {processor.py:830} INFO - Processing file /home/airflow/.local/lib/python3.12/site-packages/airflow/example_dags/example_task_group_decorator.py for tasks to queue
[2024-04-27T00:15:41.406+0000] {logging_mixin.py:188} INFO - [2024-04-27T00:15:41.405+0000] {dagbag.py:540} INFO - Filling up the DagBag from /home/airflow/.local/lib/python3.12/site-packages/airflow/example_dags/example_task_group_decorator.py
[2024-04-27T00:15:41.419+0000] {processor.py:840} INFO - DAG(s) 'example_task_group_decorator' retrieved from /home/airflow/.local/lib/python3.12/site-packages/airflow/example_dags/example_task_group_decorator.py
[2024-04-27T00:15:41.442+0000] {logging_mixin.py:188} INFO - [2024-04-27T00:15:41.441+0000] {dag.py:3096} INFO - Sync 1 DAGs
[2024-04-27T00:15:41.460+0000] {logging_mixin.py:188} INFO - [2024-04-27T00:15:41.460+0000] {dag.py:3954} INFO - Setting next_dagrun for example_task_group_decorator to 2024-04-26 00:00:00+00:00, run_after=2024-04-27 00:00:00+00:00
[2024-04-27T00:15:41.482+0000] {processor.py:183} INFO - Processing /home/airflow/.local/lib/python3.12/site-packages/airflow/example_dags/example_task_group_decorator.py took 0.086 seconds
[2024-04-27T00:16:12.109+0000] {processor.py:161} INFO - Started process (PID=317) to work on /home/airflow/.local/lib/python3.12/site-packages/airflow/example_dags/example_task_group_decorator.py
[2024-04-27T00:16:12.110+0000] {processor.py:830} INFO - Processing file /home/airflow/.local/lib/python3.12/site-packages/airflow/example_dags/example_task_group_decorator.py for tasks to queue
[2024-04-27T00:16:12.112+0000] {logging_mixin.py:188} INFO - [2024-04-27T00:16:12.112+0000] {dagbag.py:540} INFO - Filling up the DagBag from /home/airflow/.local/lib/python3.12/site-packages/airflow/example_dags/example_task_group_decorator.py
[2024-04-27T00:16:12.124+0000] {processor.py:840} INFO - DAG(s) 'example_task_group_decorator' retrieved from /home/airflow/.local/lib/python3.12/site-packages/airflow/example_dags/example_task_group_decorator.py
[2024-04-27T00:16:12.144+0000] {logging_mixin.py:188} INFO - [2024-04-27T00:16:12.144+0000] {dag.py:3096} INFO - Sync 1 DAGs
[2024-04-27T00:16:12.162+0000] {logging_mixin.py:188} INFO - [2024-04-27T00:16:12.162+0000] {dag.py:3954} INFO - Setting next_dagrun for example_task_group_decorator to 2024-04-26 00:00:00+00:00, run_after=2024-04-27 00:00:00+00:00
[2024-04-27T00:16:12.185+0000] {processor.py:183} INFO - Processing /home/airflow/.local/lib/python3.12/site-packages/airflow/example_dags/example_task_group_decorator.py took 0.080 seconds
[2024-04-27T00:16:42.947+0000] {processor.py:161} INFO - Started process (PID=376) to work on /home/airflow/.local/lib/python3.12/site-packages/airflow/example_dags/example_task_group_decorator.py
[2024-04-27T00:16:42.948+0000] {processor.py:830} INFO - Processing file /home/airflow/.local/lib/python3.12/site-packages/airflow/example_dags/example_task_group_decorator.py for tasks to queue
[2024-04-27T00:16:42.949+0000] {logging_mixin.py:188} INFO - [2024-04-27T00:16:42.949+0000] {dagbag.py:540} INFO - Filling up the DagBag from /home/airflow/.local/lib/python3.12/site-packages/airflow/example_dags/example_task_group_decorator.py
[2024-04-27T00:16:42.960+0000] {processor.py:840} INFO - DAG(s) 'example_task_group_decorator' retrieved from /home/airflow/.local/lib/python3.12/site-packages/airflow/example_dags/example_task_group_decorator.py
[2024-04-27T00:16:42.987+0000] {logging_mixin.py:188} INFO - [2024-04-27T00:16:42.987+0000] {dag.py:3096} INFO - Sync 1 DAGs
[2024-04-27T00:16:43.006+0000] {logging_mixin.py:188} INFO - [2024-04-27T00:16:43.006+0000] {dag.py:3954} INFO - Setting next_dagrun for example_task_group_decorator to 2024-04-26 00:00:00+00:00, run_after=2024-04-27 00:00:00+00:00
[2024-04-27T00:16:43.026+0000] {processor.py:183} INFO - Processing /home/airflow/.local/lib/python3.12/site-packages/airflow/example_dags/example_task_group_decorator.py took 0.084 seconds
