[2024-04-27T00:00:13.420+0000] {processor.py:161} INFO - Started process (PID=73) to work on /home/airflow/.local/lib/python3.12/site-packages/airflow/example_dags/example_latest_only.py
[2024-04-27T00:00:13.421+0000] {processor.py:830} INFO - Processing file /home/airflow/.local/lib/python3.12/site-packages/airflow/example_dags/example_latest_only.py for tasks to queue
[2024-04-27T00:00:13.424+0000] {logging_mixin.py:188} INFO - [2024-04-27T00:00:13.423+0000] {dagbag.py:540} INFO - Filling up the DagBag from /home/airflow/.local/lib/python3.12/site-packages/airflow/example_dags/example_latest_only.py
[2024-04-27T00:00:13.429+0000] {processor.py:840} INFO - DAG(s) 'latest_only' retrieved from /home/airflow/.local/lib/python3.12/site-packages/airflow/example_dags/example_latest_only.py
[2024-04-27T00:00:13.442+0000] {logging_mixin.py:188} INFO - [2024-04-27T00:00:13.441+0000] {dag.py:3096} INFO - Sync 1 DAGs
[2024-04-27T00:00:13.468+0000] {logging_mixin.py:188} INFO - [2024-04-27T00:00:13.467+0000] {dag.py:3954} INFO - Setting next_dagrun for latest_only to 2024-04-26 20:00:00+00:00, run_after=2024-04-27 00:00:00+00:00
[2024-04-27T00:00:13.488+0000] {processor.py:183} INFO - Processing /home/airflow/.local/lib/python3.12/site-packages/airflow/example_dags/example_latest_only.py took 0.073 seconds
[2024-04-27T00:00:44.564+0000] {processor.py:161} INFO - Started process (PID=132) to work on /home/airflow/.local/lib/python3.12/site-packages/airflow/example_dags/example_latest_only.py
[2024-04-27T00:00:44.565+0000] {processor.py:830} INFO - Processing file /home/airflow/.local/lib/python3.12/site-packages/airflow/example_dags/example_latest_only.py for tasks to queue
[2024-04-27T00:00:44.566+0000] {logging_mixin.py:188} INFO - [2024-04-27T00:00:44.566+0000] {dagbag.py:540} INFO - Filling up the DagBag from /home/airflow/.local/lib/python3.12/site-packages/airflow/example_dags/example_latest_only.py
[2024-04-27T00:00:44.570+0000] {processor.py:840} INFO - DAG(s) 'latest_only' retrieved from /home/airflow/.local/lib/python3.12/site-packages/airflow/example_dags/example_latest_only.py
[2024-04-27T00:00:44.657+0000] {logging_mixin.py:188} INFO - [2024-04-27T00:00:44.657+0000] {dag.py:3096} INFO - Sync 1 DAGs
[2024-04-27T00:00:44.681+0000] {logging_mixin.py:188} INFO - [2024-04-27T00:00:44.681+0000] {dag.py:3954} INFO - Setting next_dagrun for latest_only to 2024-04-26 20:00:00+00:00, run_after=2024-04-27 00:00:00+00:00
[2024-04-27T00:00:44.705+0000] {processor.py:183} INFO - Processing /home/airflow/.local/lib/python3.12/site-packages/airflow/example_dags/example_latest_only.py took 0.146 seconds
[2024-04-27T00:01:14.792+0000] {processor.py:161} INFO - Started process (PID=190) to work on /home/airflow/.local/lib/python3.12/site-packages/airflow/example_dags/example_latest_only.py
[2024-04-27T00:01:14.793+0000] {processor.py:830} INFO - Processing file /home/airflow/.local/lib/python3.12/site-packages/airflow/example_dags/example_latest_only.py for tasks to queue
[2024-04-27T00:01:14.795+0000] {logging_mixin.py:188} INFO - [2024-04-27T00:01:14.794+0000] {dagbag.py:540} INFO - Filling up the DagBag from /home/airflow/.local/lib/python3.12/site-packages/airflow/example_dags/example_latest_only.py
[2024-04-27T00:01:14.798+0000] {processor.py:840} INFO - DAG(s) 'latest_only' retrieved from /home/airflow/.local/lib/python3.12/site-packages/airflow/example_dags/example_latest_only.py
[2024-04-27T00:01:14.814+0000] {logging_mixin.py:188} INFO - [2024-04-27T00:01:14.814+0000] {dag.py:3096} INFO - Sync 1 DAGs
[2024-04-27T00:01:14.829+0000] {logging_mixin.py:188} INFO - [2024-04-27T00:01:14.829+0000] {dag.py:3954} INFO - Setting next_dagrun for latest_only to 2024-04-26 20:00:00+00:00, run_after=2024-04-27 00:00:00+00:00
[2024-04-27T00:01:14.845+0000] {processor.py:183} INFO - Processing /home/airflow/.local/lib/python3.12/site-packages/airflow/example_dags/example_latest_only.py took 0.058 seconds
[2024-04-27T00:01:45.323+0000] {processor.py:161} INFO - Started process (PID=249) to work on /home/airflow/.local/lib/python3.12/site-packages/airflow/example_dags/example_latest_only.py
[2024-04-27T00:01:45.324+0000] {processor.py:830} INFO - Processing file /home/airflow/.local/lib/python3.12/site-packages/airflow/example_dags/example_latest_only.py for tasks to queue
[2024-04-27T00:01:45.326+0000] {logging_mixin.py:188} INFO - [2024-04-27T00:01:45.325+0000] {dagbag.py:540} INFO - Filling up the DagBag from /home/airflow/.local/lib/python3.12/site-packages/airflow/example_dags/example_latest_only.py
[2024-04-27T00:01:45.329+0000] {processor.py:840} INFO - DAG(s) 'latest_only' retrieved from /home/airflow/.local/lib/python3.12/site-packages/airflow/example_dags/example_latest_only.py
[2024-04-27T00:01:45.346+0000] {logging_mixin.py:188} INFO - [2024-04-27T00:01:45.346+0000] {dag.py:3096} INFO - Sync 1 DAGs
[2024-04-27T00:01:45.361+0000] {logging_mixin.py:188} INFO - [2024-04-27T00:01:45.361+0000] {dag.py:3954} INFO - Setting next_dagrun for latest_only to 2024-04-26 20:00:00+00:00, run_after=2024-04-27 00:00:00+00:00
[2024-04-27T00:01:45.377+0000] {processor.py:183} INFO - Processing /home/airflow/.local/lib/python3.12/site-packages/airflow/example_dags/example_latest_only.py took 0.059 seconds
[2024-04-27T00:02:15.532+0000] {processor.py:161} INFO - Started process (PID=308) to work on /home/airflow/.local/lib/python3.12/site-packages/airflow/example_dags/example_latest_only.py
[2024-04-27T00:02:15.533+0000] {processor.py:830} INFO - Processing file /home/airflow/.local/lib/python3.12/site-packages/airflow/example_dags/example_latest_only.py for tasks to queue
[2024-04-27T00:02:15.535+0000] {logging_mixin.py:188} INFO - [2024-04-27T00:02:15.535+0000] {dagbag.py:540} INFO - Filling up the DagBag from /home/airflow/.local/lib/python3.12/site-packages/airflow/example_dags/example_latest_only.py
[2024-04-27T00:02:15.540+0000] {processor.py:840} INFO - DAG(s) 'latest_only' retrieved from /home/airflow/.local/lib/python3.12/site-packages/airflow/example_dags/example_latest_only.py
[2024-04-27T00:02:15.556+0000] {logging_mixin.py:188} INFO - [2024-04-27T00:02:15.556+0000] {dag.py:3096} INFO - Sync 1 DAGs
[2024-04-27T00:02:15.574+0000] {logging_mixin.py:188} INFO - [2024-04-27T00:02:15.574+0000] {dag.py:3954} INFO - Setting next_dagrun for latest_only to 2024-04-26 20:00:00+00:00, run_after=2024-04-27 00:00:00+00:00
[2024-04-27T00:02:15.595+0000] {processor.py:183} INFO - Processing /home/airflow/.local/lib/python3.12/site-packages/airflow/example_dags/example_latest_only.py took 0.069 seconds
[2024-04-27T00:02:45.819+0000] {processor.py:161} INFO - Started process (PID=367) to work on /home/airflow/.local/lib/python3.12/site-packages/airflow/example_dags/example_latest_only.py
[2024-04-27T00:02:45.820+0000] {processor.py:830} INFO - Processing file /home/airflow/.local/lib/python3.12/site-packages/airflow/example_dags/example_latest_only.py for tasks to queue
[2024-04-27T00:02:45.822+0000] {logging_mixin.py:188} INFO - [2024-04-27T00:02:45.822+0000] {dagbag.py:540} INFO - Filling up the DagBag from /home/airflow/.local/lib/python3.12/site-packages/airflow/example_dags/example_latest_only.py
[2024-04-27T00:02:45.826+0000] {processor.py:840} INFO - DAG(s) 'latest_only' retrieved from /home/airflow/.local/lib/python3.12/site-packages/airflow/example_dags/example_latest_only.py
[2024-04-27T00:02:45.843+0000] {logging_mixin.py:188} INFO - [2024-04-27T00:02:45.843+0000] {dag.py:3096} INFO - Sync 1 DAGs
[2024-04-27T00:02:45.861+0000] {logging_mixin.py:188} INFO - [2024-04-27T00:02:45.861+0000] {dag.py:3954} INFO - Setting next_dagrun for latest_only to 2024-04-26 20:00:00+00:00, run_after=2024-04-27 00:00:00+00:00
[2024-04-27T00:02:45.880+0000] {processor.py:183} INFO - Processing /home/airflow/.local/lib/python3.12/site-packages/airflow/example_dags/example_latest_only.py took 0.065 seconds
[2024-04-27T00:03:16.402+0000] {processor.py:161} INFO - Started process (PID=426) to work on /home/airflow/.local/lib/python3.12/site-packages/airflow/example_dags/example_latest_only.py
[2024-04-27T00:03:16.403+0000] {processor.py:830} INFO - Processing file /home/airflow/.local/lib/python3.12/site-packages/airflow/example_dags/example_latest_only.py for tasks to queue
[2024-04-27T00:03:16.405+0000] {logging_mixin.py:188} INFO - [2024-04-27T00:03:16.404+0000] {dagbag.py:540} INFO - Filling up the DagBag from /home/airflow/.local/lib/python3.12/site-packages/airflow/example_dags/example_latest_only.py
[2024-04-27T00:03:16.409+0000] {processor.py:840} INFO - DAG(s) 'latest_only' retrieved from /home/airflow/.local/lib/python3.12/site-packages/airflow/example_dags/example_latest_only.py
[2024-04-27T00:03:16.427+0000] {logging_mixin.py:188} INFO - [2024-04-27T00:03:16.427+0000] {dag.py:3096} INFO - Sync 1 DAGs
[2024-04-27T00:03:16.445+0000] {logging_mixin.py:188} INFO - [2024-04-27T00:03:16.445+0000] {dag.py:3954} INFO - Setting next_dagrun for latest_only to 2024-04-26 20:00:00+00:00, run_after=2024-04-27 00:00:00+00:00
[2024-04-27T00:03:16.461+0000] {processor.py:183} INFO - Processing /home/airflow/.local/lib/python3.12/site-packages/airflow/example_dags/example_latest_only.py took 0.065 seconds
[2024-04-27T00:03:46.840+0000] {processor.py:161} INFO - Started process (PID=487) to work on /home/airflow/.local/lib/python3.12/site-packages/airflow/example_dags/example_latest_only.py
[2024-04-27T00:03:46.842+0000] {processor.py:830} INFO - Processing file /home/airflow/.local/lib/python3.12/site-packages/airflow/example_dags/example_latest_only.py for tasks to queue
[2024-04-27T00:03:46.844+0000] {logging_mixin.py:188} INFO - [2024-04-27T00:03:46.844+0000] {dagbag.py:540} INFO - Filling up the DagBag from /home/airflow/.local/lib/python3.12/site-packages/airflow/example_dags/example_latest_only.py
[2024-04-27T00:03:46.848+0000] {processor.py:840} INFO - DAG(s) 'latest_only' retrieved from /home/airflow/.local/lib/python3.12/site-packages/airflow/example_dags/example_latest_only.py
[2024-04-27T00:03:46.865+0000] {logging_mixin.py:188} INFO - [2024-04-27T00:03:46.865+0000] {dag.py:3096} INFO - Sync 1 DAGs
[2024-04-27T00:03:46.883+0000] {logging_mixin.py:188} INFO - [2024-04-27T00:03:46.883+0000] {dag.py:3954} INFO - Setting next_dagrun for latest_only to 2024-04-26 20:00:00+00:00, run_after=2024-04-27 00:00:00+00:00
[2024-04-27T00:03:46.900+0000] {processor.py:183} INFO - Processing /home/airflow/.local/lib/python3.12/site-packages/airflow/example_dags/example_latest_only.py took 0.064 seconds
[2024-04-27T00:04:17.075+0000] {processor.py:161} INFO - Started process (PID=546) to work on /home/airflow/.local/lib/python3.12/site-packages/airflow/example_dags/example_latest_only.py
[2024-04-27T00:04:17.076+0000] {processor.py:830} INFO - Processing file /home/airflow/.local/lib/python3.12/site-packages/airflow/example_dags/example_latest_only.py for tasks to queue
[2024-04-27T00:04:17.078+0000] {logging_mixin.py:188} INFO - [2024-04-27T00:04:17.078+0000] {dagbag.py:540} INFO - Filling up the DagBag from /home/airflow/.local/lib/python3.12/site-packages/airflow/example_dags/example_latest_only.py
[2024-04-27T00:04:17.083+0000] {processor.py:840} INFO - DAG(s) 'latest_only' retrieved from /home/airflow/.local/lib/python3.12/site-packages/airflow/example_dags/example_latest_only.py
[2024-04-27T00:04:17.102+0000] {logging_mixin.py:188} INFO - [2024-04-27T00:04:17.101+0000] {dag.py:3096} INFO - Sync 1 DAGs
[2024-04-27T00:04:17.121+0000] {logging_mixin.py:188} INFO - [2024-04-27T00:04:17.121+0000] {dag.py:3954} INFO - Setting next_dagrun for latest_only to 2024-04-26 20:00:00+00:00, run_after=2024-04-27 00:00:00+00:00
[2024-04-27T00:04:17.140+0000] {processor.py:183} INFO - Processing /home/airflow/.local/lib/python3.12/site-packages/airflow/example_dags/example_latest_only.py took 0.070 seconds
[2024-04-27T00:04:47.387+0000] {processor.py:161} INFO - Started process (PID=605) to work on /home/airflow/.local/lib/python3.12/site-packages/airflow/example_dags/example_latest_only.py
[2024-04-27T00:04:47.388+0000] {processor.py:830} INFO - Processing file /home/airflow/.local/lib/python3.12/site-packages/airflow/example_dags/example_latest_only.py for tasks to queue
[2024-04-27T00:04:47.389+0000] {logging_mixin.py:188} INFO - [2024-04-27T00:04:47.389+0000] {dagbag.py:540} INFO - Filling up the DagBag from /home/airflow/.local/lib/python3.12/site-packages/airflow/example_dags/example_latest_only.py
[2024-04-27T00:04:47.393+0000] {processor.py:840} INFO - DAG(s) 'latest_only' retrieved from /home/airflow/.local/lib/python3.12/site-packages/airflow/example_dags/example_latest_only.py
[2024-04-27T00:04:47.414+0000] {logging_mixin.py:188} INFO - [2024-04-27T00:04:47.414+0000] {dag.py:3096} INFO - Sync 1 DAGs
[2024-04-27T00:04:47.434+0000] {logging_mixin.py:188} INFO - [2024-04-27T00:04:47.434+0000] {dag.py:3954} INFO - Setting next_dagrun for latest_only to 2024-04-26 20:00:00+00:00, run_after=2024-04-27 00:00:00+00:00
[2024-04-27T00:04:47.452+0000] {processor.py:183} INFO - Processing /home/airflow/.local/lib/python3.12/site-packages/airflow/example_dags/example_latest_only.py took 0.070 seconds
[2024-04-27T00:14:08.420+0000] {processor.py:161} INFO - Started process (PID=73) to work on /home/airflow/.local/lib/python3.12/site-packages/airflow/example_dags/example_latest_only.py
[2024-04-27T00:14:08.423+0000] {processor.py:830} INFO - Processing file /home/airflow/.local/lib/python3.12/site-packages/airflow/example_dags/example_latest_only.py for tasks to queue
[2024-04-27T00:14:08.427+0000] {logging_mixin.py:188} INFO - [2024-04-27T00:14:08.427+0000] {dagbag.py:540} INFO - Filling up the DagBag from /home/airflow/.local/lib/python3.12/site-packages/airflow/example_dags/example_latest_only.py
[2024-04-27T00:14:08.439+0000] {processor.py:840} INFO - DAG(s) 'latest_only' retrieved from /home/airflow/.local/lib/python3.12/site-packages/airflow/example_dags/example_latest_only.py
[2024-04-27T00:14:08.460+0000] {logging_mixin.py:188} INFO - [2024-04-27T00:14:08.459+0000] {dag.py:3096} INFO - Sync 1 DAGs
[2024-04-27T00:14:08.486+0000] {logging_mixin.py:188} INFO - [2024-04-27T00:14:08.485+0000] {dag.py:3954} INFO - Setting next_dagrun for latest_only to 2024-04-26 20:00:00+00:00, run_after=2024-04-27 00:00:00+00:00
[2024-04-27T00:14:08.509+0000] {processor.py:183} INFO - Processing /home/airflow/.local/lib/python3.12/site-packages/airflow/example_dags/example_latest_only.py took 0.109 seconds
[2024-04-27T00:14:39.729+0000] {processor.py:161} INFO - Started process (PID=132) to work on /home/airflow/.local/lib/python3.12/site-packages/airflow/example_dags/example_latest_only.py
[2024-04-27T00:14:39.730+0000] {processor.py:830} INFO - Processing file /home/airflow/.local/lib/python3.12/site-packages/airflow/example_dags/example_latest_only.py for tasks to queue
[2024-04-27T00:14:39.732+0000] {logging_mixin.py:188} INFO - [2024-04-27T00:14:39.732+0000] {dagbag.py:540} INFO - Filling up the DagBag from /home/airflow/.local/lib/python3.12/site-packages/airflow/example_dags/example_latest_only.py
[2024-04-27T00:14:39.737+0000] {processor.py:840} INFO - DAG(s) 'latest_only' retrieved from /home/airflow/.local/lib/python3.12/site-packages/airflow/example_dags/example_latest_only.py
[2024-04-27T00:14:39.835+0000] {logging_mixin.py:188} INFO - [2024-04-27T00:14:39.834+0000] {dag.py:3096} INFO - Sync 1 DAGs
[2024-04-27T00:14:39.856+0000] {logging_mixin.py:188} INFO - [2024-04-27T00:14:39.856+0000] {dag.py:3954} INFO - Setting next_dagrun for latest_only to 2024-04-26 20:00:00+00:00, run_after=2024-04-27 00:00:00+00:00
[2024-04-27T00:14:39.878+0000] {processor.py:183} INFO - Processing /home/airflow/.local/lib/python3.12/site-packages/airflow/example_dags/example_latest_only.py took 0.153 seconds
[2024-04-27T00:15:10.516+0000] {processor.py:161} INFO - Started process (PID=191) to work on /home/airflow/.local/lib/python3.12/site-packages/airflow/example_dags/example_latest_only.py
[2024-04-27T00:15:10.517+0000] {processor.py:830} INFO - Processing file /home/airflow/.local/lib/python3.12/site-packages/airflow/example_dags/example_latest_only.py for tasks to queue
[2024-04-27T00:15:10.520+0000] {logging_mixin.py:188} INFO - [2024-04-27T00:15:10.519+0000] {dagbag.py:540} INFO - Filling up the DagBag from /home/airflow/.local/lib/python3.12/site-packages/airflow/example_dags/example_latest_only.py
[2024-04-27T00:15:10.524+0000] {processor.py:840} INFO - DAG(s) 'latest_only' retrieved from /home/airflow/.local/lib/python3.12/site-packages/airflow/example_dags/example_latest_only.py
[2024-04-27T00:15:10.543+0000] {logging_mixin.py:188} INFO - [2024-04-27T00:15:10.543+0000] {dag.py:3096} INFO - Sync 1 DAGs
[2024-04-27T00:15:10.563+0000] {logging_mixin.py:188} INFO - [2024-04-27T00:15:10.562+0000] {dag.py:3954} INFO - Setting next_dagrun for latest_only to 2024-04-26 20:00:00+00:00, run_after=2024-04-27 00:00:00+00:00
[2024-04-27T00:15:10.583+0000] {processor.py:183} INFO - Processing /home/airflow/.local/lib/python3.12/site-packages/airflow/example_dags/example_latest_only.py took 0.072 seconds
[2024-04-27T00:15:40.904+0000] {processor.py:161} INFO - Started process (PID=250) to work on /home/airflow/.local/lib/python3.12/site-packages/airflow/example_dags/example_latest_only.py
[2024-04-27T00:15:40.904+0000] {processor.py:830} INFO - Processing file /home/airflow/.local/lib/python3.12/site-packages/airflow/example_dags/example_latest_only.py for tasks to queue
[2024-04-27T00:15:40.907+0000] {logging_mixin.py:188} INFO - [2024-04-27T00:15:40.906+0000] {dagbag.py:540} INFO - Filling up the DagBag from /home/airflow/.local/lib/python3.12/site-packages/airflow/example_dags/example_latest_only.py
[2024-04-27T00:15:40.910+0000] {processor.py:840} INFO - DAG(s) 'latest_only' retrieved from /home/airflow/.local/lib/python3.12/site-packages/airflow/example_dags/example_latest_only.py
[2024-04-27T00:15:40.928+0000] {logging_mixin.py:188} INFO - [2024-04-27T00:15:40.928+0000] {dag.py:3096} INFO - Sync 1 DAGs
[2024-04-27T00:15:40.945+0000] {logging_mixin.py:188} INFO - [2024-04-27T00:15:40.945+0000] {dag.py:3954} INFO - Setting next_dagrun for latest_only to 2024-04-26 20:00:00+00:00, run_after=2024-04-27 00:00:00+00:00
[2024-04-27T00:15:40.966+0000] {processor.py:183} INFO - Processing /home/airflow/.local/lib/python3.12/site-packages/airflow/example_dags/example_latest_only.py took 0.067 seconds
[2024-04-27T00:16:11.617+0000] {processor.py:161} INFO - Started process (PID=309) to work on /home/airflow/.local/lib/python3.12/site-packages/airflow/example_dags/example_latest_only.py
[2024-04-27T00:16:11.618+0000] {processor.py:830} INFO - Processing file /home/airflow/.local/lib/python3.12/site-packages/airflow/example_dags/example_latest_only.py for tasks to queue
[2024-04-27T00:16:11.620+0000] {logging_mixin.py:188} INFO - [2024-04-27T00:16:11.619+0000] {dagbag.py:540} INFO - Filling up the DagBag from /home/airflow/.local/lib/python3.12/site-packages/airflow/example_dags/example_latest_only.py
[2024-04-27T00:16:11.624+0000] {processor.py:840} INFO - DAG(s) 'latest_only' retrieved from /home/airflow/.local/lib/python3.12/site-packages/airflow/example_dags/example_latest_only.py
[2024-04-27T00:16:11.643+0000] {logging_mixin.py:188} INFO - [2024-04-27T00:16:11.643+0000] {dag.py:3096} INFO - Sync 1 DAGs
[2024-04-27T00:16:11.663+0000] {logging_mixin.py:188} INFO - [2024-04-27T00:16:11.663+0000] {dag.py:3954} INFO - Setting next_dagrun for latest_only to 2024-04-26 20:00:00+00:00, run_after=2024-04-27 00:00:00+00:00
[2024-04-27T00:16:11.683+0000] {processor.py:183} INFO - Processing /home/airflow/.local/lib/python3.12/site-packages/airflow/example_dags/example_latest_only.py took 0.071 seconds
[2024-04-27T00:16:42.506+0000] {processor.py:161} INFO - Started process (PID=368) to work on /home/airflow/.local/lib/python3.12/site-packages/airflow/example_dags/example_latest_only.py
[2024-04-27T00:16:42.507+0000] {processor.py:830} INFO - Processing file /home/airflow/.local/lib/python3.12/site-packages/airflow/example_dags/example_latest_only.py for tasks to queue
[2024-04-27T00:16:42.509+0000] {logging_mixin.py:188} INFO - [2024-04-27T00:16:42.509+0000] {dagbag.py:540} INFO - Filling up the DagBag from /home/airflow/.local/lib/python3.12/site-packages/airflow/example_dags/example_latest_only.py
[2024-04-27T00:16:42.512+0000] {processor.py:840} INFO - DAG(s) 'latest_only' retrieved from /home/airflow/.local/lib/python3.12/site-packages/airflow/example_dags/example_latest_only.py
[2024-04-27T00:16:42.532+0000] {logging_mixin.py:188} INFO - [2024-04-27T00:16:42.532+0000] {dag.py:3096} INFO - Sync 1 DAGs
[2024-04-27T00:16:42.548+0000] {logging_mixin.py:188} INFO - [2024-04-27T00:16:42.548+0000] {dag.py:3954} INFO - Setting next_dagrun for latest_only to 2024-04-26 20:00:00+00:00, run_after=2024-04-27 00:00:00+00:00
[2024-04-27T00:16:42.565+0000] {processor.py:183} INFO - Processing /home/airflow/.local/lib/python3.12/site-packages/airflow/example_dags/example_latest_only.py took 0.064 seconds
