[2024-04-27T00:00:12.043+0000] {processor.py:161} INFO - Started process (PID=64) to work on /home/airflow/.local/lib/python3.12/site-packages/airflow/example_dags/example_params_ui_tutorial.py
[2024-04-27T00:00:12.045+0000] {processor.py:830} INFO - Processing file /home/airflow/.local/lib/python3.12/site-packages/airflow/example_dags/example_params_ui_tutorial.py for tasks to queue
[2024-04-27T00:00:12.049+0000] {logging_mixin.py:188} INFO - [2024-04-27T00:00:12.048+0000] {dagbag.py:540} INFO - Filling up the DagBag from /home/airflow/.local/lib/python3.12/site-packages/airflow/example_dags/example_params_ui_tutorial.py
[2024-04-27T00:00:12.135+0000] {processor.py:840} INFO - DAG(s) 'example_params_ui_tutorial' retrieved from /home/airflow/.local/lib/python3.12/site-packages/airflow/example_dags/example_params_ui_tutorial.py
[2024-04-27T00:00:12.178+0000] {logging_mixin.py:188} INFO - [2024-04-27T00:00:12.178+0000] {dag.py:3096} INFO - Sync 1 DAGs
[2024-04-27T00:00:12.259+0000] {logging_mixin.py:188} INFO - [2024-04-27T00:00:12.258+0000] {dag.py:3954} INFO - Setting next_dagrun for example_params_ui_tutorial to None, run_after=None
[2024-04-27T00:00:12.330+0000] {processor.py:183} INFO - Processing /home/airflow/.local/lib/python3.12/site-packages/airflow/example_dags/example_params_ui_tutorial.py took 0.329 seconds
[2024-04-27T00:00:42.539+0000] {processor.py:161} INFO - Started process (PID=123) to work on /home/airflow/.local/lib/python3.12/site-packages/airflow/example_dags/example_params_ui_tutorial.py
[2024-04-27T00:00:42.540+0000] {processor.py:830} INFO - Processing file /home/airflow/.local/lib/python3.12/site-packages/airflow/example_dags/example_params_ui_tutorial.py for tasks to queue
[2024-04-27T00:00:42.542+0000] {logging_mixin.py:188} INFO - [2024-04-27T00:00:42.542+0000] {dagbag.py:540} INFO - Filling up the DagBag from /home/airflow/.local/lib/python3.12/site-packages/airflow/example_dags/example_params_ui_tutorial.py
[2024-04-27T00:00:42.554+0000] {processor.py:840} INFO - DAG(s) 'example_params_ui_tutorial' retrieved from /home/airflow/.local/lib/python3.12/site-packages/airflow/example_dags/example_params_ui_tutorial.py
[2024-04-27T00:00:42.676+0000] {logging_mixin.py:188} INFO - [2024-04-27T00:00:42.676+0000] {dag.py:3096} INFO - Sync 1 DAGs
[2024-04-27T00:00:42.686+0000] {logging_mixin.py:188} INFO - [2024-04-27T00:00:42.686+0000] {dag.py:3954} INFO - Setting next_dagrun for example_params_ui_tutorial to None, run_after=None
[2024-04-27T00:00:42.704+0000] {processor.py:183} INFO - Processing /home/airflow/.local/lib/python3.12/site-packages/airflow/example_dags/example_params_ui_tutorial.py took 0.170 seconds
[2024-04-27T00:01:13.305+0000] {processor.py:161} INFO - Started process (PID=182) to work on /home/airflow/.local/lib/python3.12/site-packages/airflow/example_dags/example_params_ui_tutorial.py
[2024-04-27T00:01:13.306+0000] {processor.py:830} INFO - Processing file /home/airflow/.local/lib/python3.12/site-packages/airflow/example_dags/example_params_ui_tutorial.py for tasks to queue
[2024-04-27T00:01:13.307+0000] {logging_mixin.py:188} INFO - [2024-04-27T00:01:13.307+0000] {dagbag.py:540} INFO - Filling up the DagBag from /home/airflow/.local/lib/python3.12/site-packages/airflow/example_dags/example_params_ui_tutorial.py
[2024-04-27T00:01:13.318+0000] {processor.py:840} INFO - DAG(s) 'example_params_ui_tutorial' retrieved from /home/airflow/.local/lib/python3.12/site-packages/airflow/example_dags/example_params_ui_tutorial.py
[2024-04-27T00:01:13.362+0000] {logging_mixin.py:188} INFO - [2024-04-27T00:01:13.362+0000] {dag.py:3096} INFO - Sync 1 DAGs
[2024-04-27T00:01:13.372+0000] {logging_mixin.py:188} INFO - [2024-04-27T00:01:13.372+0000] {dag.py:3954} INFO - Setting next_dagrun for example_params_ui_tutorial to None, run_after=None
[2024-04-27T00:01:13.392+0000] {processor.py:183} INFO - Processing /home/airflow/.local/lib/python3.12/site-packages/airflow/example_dags/example_params_ui_tutorial.py took 0.092 seconds
[2024-04-27T00:01:43.827+0000] {processor.py:161} INFO - Started process (PID=241) to work on /home/airflow/.local/lib/python3.12/site-packages/airflow/example_dags/example_params_ui_tutorial.py
[2024-04-27T00:01:43.828+0000] {processor.py:830} INFO - Processing file /home/airflow/.local/lib/python3.12/site-packages/airflow/example_dags/example_params_ui_tutorial.py for tasks to queue
[2024-04-27T00:01:43.830+0000] {logging_mixin.py:188} INFO - [2024-04-27T00:01:43.829+0000] {dagbag.py:540} INFO - Filling up the DagBag from /home/airflow/.local/lib/python3.12/site-packages/airflow/example_dags/example_params_ui_tutorial.py
[2024-04-27T00:01:43.839+0000] {processor.py:840} INFO - DAG(s) 'example_params_ui_tutorial' retrieved from /home/airflow/.local/lib/python3.12/site-packages/airflow/example_dags/example_params_ui_tutorial.py
[2024-04-27T00:01:43.883+0000] {logging_mixin.py:188} INFO - [2024-04-27T00:01:43.883+0000] {dag.py:3096} INFO - Sync 1 DAGs
[2024-04-27T00:01:43.894+0000] {logging_mixin.py:188} INFO - [2024-04-27T00:01:43.894+0000] {dag.py:3954} INFO - Setting next_dagrun for example_params_ui_tutorial to None, run_after=None
[2024-04-27T00:01:43.912+0000] {processor.py:183} INFO - Processing /home/airflow/.local/lib/python3.12/site-packages/airflow/example_dags/example_params_ui_tutorial.py took 0.090 seconds
[2024-04-27T00:02:14.038+0000] {processor.py:161} INFO - Started process (PID=300) to work on /home/airflow/.local/lib/python3.12/site-packages/airflow/example_dags/example_params_ui_tutorial.py
[2024-04-27T00:02:14.039+0000] {processor.py:830} INFO - Processing file /home/airflow/.local/lib/python3.12/site-packages/airflow/example_dags/example_params_ui_tutorial.py for tasks to queue
[2024-04-27T00:02:14.041+0000] {logging_mixin.py:188} INFO - [2024-04-27T00:02:14.041+0000] {dagbag.py:540} INFO - Filling up the DagBag from /home/airflow/.local/lib/python3.12/site-packages/airflow/example_dags/example_params_ui_tutorial.py
[2024-04-27T00:02:14.051+0000] {processor.py:840} INFO - DAG(s) 'example_params_ui_tutorial' retrieved from /home/airflow/.local/lib/python3.12/site-packages/airflow/example_dags/example_params_ui_tutorial.py
[2024-04-27T00:02:14.092+0000] {logging_mixin.py:188} INFO - [2024-04-27T00:02:14.092+0000] {dag.py:3096} INFO - Sync 1 DAGs
[2024-04-27T00:02:14.104+0000] {logging_mixin.py:188} INFO - [2024-04-27T00:02:14.103+0000] {dag.py:3954} INFO - Setting next_dagrun for example_params_ui_tutorial to None, run_after=None
[2024-04-27T00:02:14.121+0000] {processor.py:183} INFO - Processing /home/airflow/.local/lib/python3.12/site-packages/airflow/example_dags/example_params_ui_tutorial.py took 0.089 seconds
[2024-04-27T00:02:44.247+0000] {processor.py:161} INFO - Started process (PID=359) to work on /home/airflow/.local/lib/python3.12/site-packages/airflow/example_dags/example_params_ui_tutorial.py
[2024-04-27T00:02:44.248+0000] {processor.py:830} INFO - Processing file /home/airflow/.local/lib/python3.12/site-packages/airflow/example_dags/example_params_ui_tutorial.py for tasks to queue
[2024-04-27T00:02:44.250+0000] {logging_mixin.py:188} INFO - [2024-04-27T00:02:44.250+0000] {dagbag.py:540} INFO - Filling up the DagBag from /home/airflow/.local/lib/python3.12/site-packages/airflow/example_dags/example_params_ui_tutorial.py
[2024-04-27T00:02:44.259+0000] {processor.py:840} INFO - DAG(s) 'example_params_ui_tutorial' retrieved from /home/airflow/.local/lib/python3.12/site-packages/airflow/example_dags/example_params_ui_tutorial.py
[2024-04-27T00:02:44.303+0000] {logging_mixin.py:188} INFO - [2024-04-27T00:02:44.303+0000] {dag.py:3096} INFO - Sync 1 DAGs
[2024-04-27T00:02:44.314+0000] {logging_mixin.py:188} INFO - [2024-04-27T00:02:44.314+0000] {dag.py:3954} INFO - Setting next_dagrun for example_params_ui_tutorial to None, run_after=None
[2024-04-27T00:02:44.332+0000] {processor.py:183} INFO - Processing /home/airflow/.local/lib/python3.12/site-packages/airflow/example_dags/example_params_ui_tutorial.py took 0.089 seconds
[2024-04-27T00:03:14.882+0000] {processor.py:161} INFO - Started process (PID=418) to work on /home/airflow/.local/lib/python3.12/site-packages/airflow/example_dags/example_params_ui_tutorial.py
[2024-04-27T00:03:14.883+0000] {processor.py:830} INFO - Processing file /home/airflow/.local/lib/python3.12/site-packages/airflow/example_dags/example_params_ui_tutorial.py for tasks to queue
[2024-04-27T00:03:14.885+0000] {logging_mixin.py:188} INFO - [2024-04-27T00:03:14.885+0000] {dagbag.py:540} INFO - Filling up the DagBag from /home/airflow/.local/lib/python3.12/site-packages/airflow/example_dags/example_params_ui_tutorial.py
[2024-04-27T00:03:14.895+0000] {processor.py:840} INFO - DAG(s) 'example_params_ui_tutorial' retrieved from /home/airflow/.local/lib/python3.12/site-packages/airflow/example_dags/example_params_ui_tutorial.py
[2024-04-27T00:03:14.945+0000] {logging_mixin.py:188} INFO - [2024-04-27T00:03:14.945+0000] {dag.py:3096} INFO - Sync 1 DAGs
[2024-04-27T00:03:14.960+0000] {logging_mixin.py:188} INFO - [2024-04-27T00:03:14.960+0000] {dag.py:3954} INFO - Setting next_dagrun for example_params_ui_tutorial to None, run_after=None
[2024-04-27T00:03:14.987+0000] {processor.py:183} INFO - Processing /home/airflow/.local/lib/python3.12/site-packages/airflow/example_dags/example_params_ui_tutorial.py took 0.110 seconds
[2024-04-27T00:03:45.371+0000] {processor.py:161} INFO - Started process (PID=478) to work on /home/airflow/.local/lib/python3.12/site-packages/airflow/example_dags/example_params_ui_tutorial.py
[2024-04-27T00:03:45.372+0000] {processor.py:830} INFO - Processing file /home/airflow/.local/lib/python3.12/site-packages/airflow/example_dags/example_params_ui_tutorial.py for tasks to queue
[2024-04-27T00:03:45.374+0000] {logging_mixin.py:188} INFO - [2024-04-27T00:03:45.373+0000] {dagbag.py:540} INFO - Filling up the DagBag from /home/airflow/.local/lib/python3.12/site-packages/airflow/example_dags/example_params_ui_tutorial.py
[2024-04-27T00:03:45.383+0000] {processor.py:840} INFO - DAG(s) 'example_params_ui_tutorial' retrieved from /home/airflow/.local/lib/python3.12/site-packages/airflow/example_dags/example_params_ui_tutorial.py
[2024-04-27T00:03:45.429+0000] {logging_mixin.py:188} INFO - [2024-04-27T00:03:45.429+0000] {dag.py:3096} INFO - Sync 1 DAGs
[2024-04-27T00:03:45.440+0000] {logging_mixin.py:188} INFO - [2024-04-27T00:03:45.440+0000] {dag.py:3954} INFO - Setting next_dagrun for example_params_ui_tutorial to None, run_after=None
[2024-04-27T00:03:45.457+0000] {processor.py:183} INFO - Processing /home/airflow/.local/lib/python3.12/site-packages/airflow/example_dags/example_params_ui_tutorial.py took 0.091 seconds
[2024-04-27T00:04:15.605+0000] {processor.py:161} INFO - Started process (PID=538) to work on /home/airflow/.local/lib/python3.12/site-packages/airflow/example_dags/example_params_ui_tutorial.py
[2024-04-27T00:04:15.605+0000] {processor.py:830} INFO - Processing file /home/airflow/.local/lib/python3.12/site-packages/airflow/example_dags/example_params_ui_tutorial.py for tasks to queue
[2024-04-27T00:04:15.607+0000] {logging_mixin.py:188} INFO - [2024-04-27T00:04:15.607+0000] {dagbag.py:540} INFO - Filling up the DagBag from /home/airflow/.local/lib/python3.12/site-packages/airflow/example_dags/example_params_ui_tutorial.py
[2024-04-27T00:04:15.616+0000] {processor.py:840} INFO - DAG(s) 'example_params_ui_tutorial' retrieved from /home/airflow/.local/lib/python3.12/site-packages/airflow/example_dags/example_params_ui_tutorial.py
[2024-04-27T00:04:15.658+0000] {logging_mixin.py:188} INFO - [2024-04-27T00:04:15.658+0000] {dag.py:3096} INFO - Sync 1 DAGs
[2024-04-27T00:04:15.668+0000] {logging_mixin.py:188} INFO - [2024-04-27T00:04:15.667+0000] {dag.py:3954} INFO - Setting next_dagrun for example_params_ui_tutorial to None, run_after=None
[2024-04-27T00:04:15.682+0000] {processor.py:183} INFO - Processing /home/airflow/.local/lib/python3.12/site-packages/airflow/example_dags/example_params_ui_tutorial.py took 0.083 seconds
[2024-04-27T00:04:46.050+0000] {processor.py:161} INFO - Started process (PID=597) to work on /home/airflow/.local/lib/python3.12/site-packages/airflow/example_dags/example_params_ui_tutorial.py
[2024-04-27T00:04:46.051+0000] {processor.py:830} INFO - Processing file /home/airflow/.local/lib/python3.12/site-packages/airflow/example_dags/example_params_ui_tutorial.py for tasks to queue
[2024-04-27T00:04:46.053+0000] {logging_mixin.py:188} INFO - [2024-04-27T00:04:46.053+0000] {dagbag.py:540} INFO - Filling up the DagBag from /home/airflow/.local/lib/python3.12/site-packages/airflow/example_dags/example_params_ui_tutorial.py
[2024-04-27T00:04:46.063+0000] {processor.py:840} INFO - DAG(s) 'example_params_ui_tutorial' retrieved from /home/airflow/.local/lib/python3.12/site-packages/airflow/example_dags/example_params_ui_tutorial.py
[2024-04-27T00:04:46.107+0000] {logging_mixin.py:188} INFO - [2024-04-27T00:04:46.107+0000] {dag.py:3096} INFO - Sync 1 DAGs
[2024-04-27T00:04:46.118+0000] {logging_mixin.py:188} INFO - [2024-04-27T00:04:46.118+0000] {dag.py:3954} INFO - Setting next_dagrun for example_params_ui_tutorial to None, run_after=None
[2024-04-27T00:04:46.137+0000] {processor.py:183} INFO - Processing /home/airflow/.local/lib/python3.12/site-packages/airflow/example_dags/example_params_ui_tutorial.py took 0.091 seconds
[2024-04-27T00:14:07.371+0000] {processor.py:161} INFO - Started process (PID=64) to work on /home/airflow/.local/lib/python3.12/site-packages/airflow/example_dags/example_params_ui_tutorial.py
[2024-04-27T00:14:07.372+0000] {processor.py:830} INFO - Processing file /home/airflow/.local/lib/python3.12/site-packages/airflow/example_dags/example_params_ui_tutorial.py for tasks to queue
[2024-04-27T00:14:07.375+0000] {logging_mixin.py:188} INFO - [2024-04-27T00:14:07.375+0000] {dagbag.py:540} INFO - Filling up the DagBag from /home/airflow/.local/lib/python3.12/site-packages/airflow/example_dags/example_params_ui_tutorial.py
[2024-04-27T00:14:07.397+0000] {processor.py:840} INFO - DAG(s) 'example_params_ui_tutorial' retrieved from /home/airflow/.local/lib/python3.12/site-packages/airflow/example_dags/example_params_ui_tutorial.py
[2024-04-27T00:14:07.414+0000] {logging_mixin.py:188} INFO - [2024-04-27T00:14:07.414+0000] {dag.py:3096} INFO - Sync 1 DAGs
[2024-04-27T00:14:07.435+0000] {logging_mixin.py:188} INFO - [2024-04-27T00:14:07.434+0000] {dag.py:3954} INFO - Setting next_dagrun for example_params_ui_tutorial to None, run_after=None
[2024-04-27T00:14:07.464+0000] {processor.py:183} INFO - Processing /home/airflow/.local/lib/python3.12/site-packages/airflow/example_dags/example_params_ui_tutorial.py took 0.099 seconds
[2024-04-27T00:14:38.633+0000] {processor.py:161} INFO - Started process (PID=123) to work on /home/airflow/.local/lib/python3.12/site-packages/airflow/example_dags/example_params_ui_tutorial.py
[2024-04-27T00:14:38.634+0000] {processor.py:830} INFO - Processing file /home/airflow/.local/lib/python3.12/site-packages/airflow/example_dags/example_params_ui_tutorial.py for tasks to queue
[2024-04-27T00:14:38.635+0000] {logging_mixin.py:188} INFO - [2024-04-27T00:14:38.635+0000] {dagbag.py:540} INFO - Filling up the DagBag from /home/airflow/.local/lib/python3.12/site-packages/airflow/example_dags/example_params_ui_tutorial.py
[2024-04-27T00:14:38.648+0000] {processor.py:840} INFO - DAG(s) 'example_params_ui_tutorial' retrieved from /home/airflow/.local/lib/python3.12/site-packages/airflow/example_dags/example_params_ui_tutorial.py
[2024-04-27T00:14:38.759+0000] {logging_mixin.py:188} INFO - [2024-04-27T00:14:38.758+0000] {dag.py:3096} INFO - Sync 1 DAGs
[2024-04-27T00:14:38.769+0000] {logging_mixin.py:188} INFO - [2024-04-27T00:14:38.769+0000] {dag.py:3954} INFO - Setting next_dagrun for example_params_ui_tutorial to None, run_after=None
[2024-04-27T00:14:38.788+0000] {processor.py:183} INFO - Processing /home/airflow/.local/lib/python3.12/site-packages/airflow/example_dags/example_params_ui_tutorial.py took 0.160 seconds
[2024-04-27T00:15:08.931+0000] {processor.py:161} INFO - Started process (PID=182) to work on /home/airflow/.local/lib/python3.12/site-packages/airflow/example_dags/example_params_ui_tutorial.py
[2024-04-27T00:15:08.932+0000] {processor.py:830} INFO - Processing file /home/airflow/.local/lib/python3.12/site-packages/airflow/example_dags/example_params_ui_tutorial.py for tasks to queue
[2024-04-27T00:15:08.934+0000] {logging_mixin.py:188} INFO - [2024-04-27T00:15:08.934+0000] {dagbag.py:540} INFO - Filling up the DagBag from /home/airflow/.local/lib/python3.12/site-packages/airflow/example_dags/example_params_ui_tutorial.py
[2024-04-27T00:15:08.946+0000] {processor.py:840} INFO - DAG(s) 'example_params_ui_tutorial' retrieved from /home/airflow/.local/lib/python3.12/site-packages/airflow/example_dags/example_params_ui_tutorial.py
[2024-04-27T00:15:08.992+0000] {logging_mixin.py:188} INFO - [2024-04-27T00:15:08.992+0000] {dag.py:3096} INFO - Sync 1 DAGs
[2024-04-27T00:15:09.004+0000] {logging_mixin.py:188} INFO - [2024-04-27T00:15:09.004+0000] {dag.py:3954} INFO - Setting next_dagrun for example_params_ui_tutorial to None, run_after=None
[2024-04-27T00:15:09.024+0000] {processor.py:183} INFO - Processing /home/airflow/.local/lib/python3.12/site-packages/airflow/example_dags/example_params_ui_tutorial.py took 0.099 seconds
[2024-04-27T00:15:39.319+0000] {processor.py:161} INFO - Started process (PID=241) to work on /home/airflow/.local/lib/python3.12/site-packages/airflow/example_dags/example_params_ui_tutorial.py
[2024-04-27T00:15:39.320+0000] {processor.py:830} INFO - Processing file /home/airflow/.local/lib/python3.12/site-packages/airflow/example_dags/example_params_ui_tutorial.py for tasks to queue
[2024-04-27T00:15:39.321+0000] {logging_mixin.py:188} INFO - [2024-04-27T00:15:39.321+0000] {dagbag.py:540} INFO - Filling up the DagBag from /home/airflow/.local/lib/python3.12/site-packages/airflow/example_dags/example_params_ui_tutorial.py
[2024-04-27T00:15:39.331+0000] {processor.py:840} INFO - DAG(s) 'example_params_ui_tutorial' retrieved from /home/airflow/.local/lib/python3.12/site-packages/airflow/example_dags/example_params_ui_tutorial.py
[2024-04-27T00:15:39.374+0000] {logging_mixin.py:188} INFO - [2024-04-27T00:15:39.373+0000] {dag.py:3096} INFO - Sync 1 DAGs
[2024-04-27T00:15:39.384+0000] {logging_mixin.py:188} INFO - [2024-04-27T00:15:39.384+0000] {dag.py:3954} INFO - Setting next_dagrun for example_params_ui_tutorial to None, run_after=None
[2024-04-27T00:15:39.405+0000] {processor.py:183} INFO - Processing /home/airflow/.local/lib/python3.12/site-packages/airflow/example_dags/example_params_ui_tutorial.py took 0.091 seconds
[2024-04-27T00:16:09.980+0000] {processor.py:161} INFO - Started process (PID=300) to work on /home/airflow/.local/lib/python3.12/site-packages/airflow/example_dags/example_params_ui_tutorial.py
[2024-04-27T00:16:09.981+0000] {processor.py:830} INFO - Processing file /home/airflow/.local/lib/python3.12/site-packages/airflow/example_dags/example_params_ui_tutorial.py for tasks to queue
[2024-04-27T00:16:09.983+0000] {logging_mixin.py:188} INFO - [2024-04-27T00:16:09.983+0000] {dagbag.py:540} INFO - Filling up the DagBag from /home/airflow/.local/lib/python3.12/site-packages/airflow/example_dags/example_params_ui_tutorial.py
[2024-04-27T00:16:09.994+0000] {processor.py:840} INFO - DAG(s) 'example_params_ui_tutorial' retrieved from /home/airflow/.local/lib/python3.12/site-packages/airflow/example_dags/example_params_ui_tutorial.py
[2024-04-27T00:16:10.040+0000] {logging_mixin.py:188} INFO - [2024-04-27T00:16:10.040+0000] {dag.py:3096} INFO - Sync 1 DAGs
[2024-04-27T00:16:10.052+0000] {logging_mixin.py:188} INFO - [2024-04-27T00:16:10.052+0000] {dag.py:3954} INFO - Setting next_dagrun for example_params_ui_tutorial to None, run_after=None
[2024-04-27T00:16:10.070+0000] {processor.py:183} INFO - Processing /home/airflow/.local/lib/python3.12/site-packages/airflow/example_dags/example_params_ui_tutorial.py took 0.095 seconds
[2024-04-27T00:16:41.020+0000] {processor.py:161} INFO - Started process (PID=359) to work on /home/airflow/.local/lib/python3.12/site-packages/airflow/example_dags/example_params_ui_tutorial.py
[2024-04-27T00:16:41.021+0000] {processor.py:830} INFO - Processing file /home/airflow/.local/lib/python3.12/site-packages/airflow/example_dags/example_params_ui_tutorial.py for tasks to queue
[2024-04-27T00:16:41.023+0000] {logging_mixin.py:188} INFO - [2024-04-27T00:16:41.023+0000] {dagbag.py:540} INFO - Filling up the DagBag from /home/airflow/.local/lib/python3.12/site-packages/airflow/example_dags/example_params_ui_tutorial.py
[2024-04-27T00:16:41.031+0000] {processor.py:840} INFO - DAG(s) 'example_params_ui_tutorial' retrieved from /home/airflow/.local/lib/python3.12/site-packages/airflow/example_dags/example_params_ui_tutorial.py
[2024-04-27T00:16:41.071+0000] {logging_mixin.py:188} INFO - [2024-04-27T00:16:41.071+0000] {dag.py:3096} INFO - Sync 1 DAGs
[2024-04-27T00:16:41.081+0000] {logging_mixin.py:188} INFO - [2024-04-27T00:16:41.081+0000] {dag.py:3954} INFO - Setting next_dagrun for example_params_ui_tutorial to None, run_after=None
[2024-04-27T00:16:41.102+0000] {processor.py:183} INFO - Processing /home/airflow/.local/lib/python3.12/site-packages/airflow/example_dags/example_params_ui_tutorial.py took 0.087 seconds
