[2024-04-27T00:00:10.065+0000] {processor.py:161} INFO - Started process (PID=53) to work on /home/airflow/.local/lib/python3.12/site-packages/airflow/example_dags/example_short_circuit_operator.py
[2024-04-27T00:00:10.068+0000] {processor.py:830} INFO - Processing file /home/airflow/.local/lib/python3.12/site-packages/airflow/example_dags/example_short_circuit_operator.py for tasks to queue
[2024-04-27T00:00:10.075+0000] {logging_mixin.py:188} INFO - [2024-04-27T00:00:10.073+0000] {dagbag.py:540} INFO - Filling up the DagBag from /home/airflow/.local/lib/python3.12/site-packages/airflow/example_dags/example_short_circuit_operator.py
[2024-04-27T00:00:10.101+0000] {processor.py:840} INFO - DAG(s) 'example_short_circuit_operator' retrieved from /home/airflow/.local/lib/python3.12/site-packages/airflow/example_dags/example_short_circuit_operator.py
[2024-04-27T00:00:10.122+0000] {logging_mixin.py:188} INFO - [2024-04-27T00:00:10.121+0000] {dag.py:3096} INFO - Sync 1 DAGs
[2024-04-27T00:00:10.182+0000] {logging_mixin.py:188} INFO - [2024-04-27T00:00:10.182+0000] {dag.py:3954} INFO - Setting next_dagrun for example_short_circuit_operator to 2024-04-26 00:00:00+00:00, run_after=2024-04-27 00:00:00+00:00
[2024-04-27T00:00:10.222+0000] {processor.py:183} INFO - Processing /home/airflow/.local/lib/python3.12/site-packages/airflow/example_dags/example_short_circuit_operator.py took 0.181 seconds
[2024-04-27T00:00:40.637+0000] {processor.py:161} INFO - Started process (PID=112) to work on /home/airflow/.local/lib/python3.12/site-packages/airflow/example_dags/example_short_circuit_operator.py
[2024-04-27T00:00:40.638+0000] {processor.py:830} INFO - Processing file /home/airflow/.local/lib/python3.12/site-packages/airflow/example_dags/example_short_circuit_operator.py for tasks to queue
[2024-04-27T00:00:40.640+0000] {logging_mixin.py:188} INFO - [2024-04-27T00:00:40.640+0000] {dagbag.py:540} INFO - Filling up the DagBag from /home/airflow/.local/lib/python3.12/site-packages/airflow/example_dags/example_short_circuit_operator.py
[2024-04-27T00:00:40.646+0000] {processor.py:840} INFO - DAG(s) 'example_short_circuit_operator' retrieved from /home/airflow/.local/lib/python3.12/site-packages/airflow/example_dags/example_short_circuit_operator.py
[2024-04-27T00:00:40.742+0000] {logging_mixin.py:188} INFO - [2024-04-27T00:00:40.741+0000] {dag.py:3096} INFO - Sync 1 DAGs
[2024-04-27T00:00:40.759+0000] {logging_mixin.py:188} INFO - [2024-04-27T00:00:40.759+0000] {dag.py:3954} INFO - Setting next_dagrun for example_short_circuit_operator to 2024-04-26 00:00:00+00:00, run_after=2024-04-27 00:00:00+00:00
[2024-04-27T00:00:40.778+0000] {processor.py:183} INFO - Processing /home/airflow/.local/lib/python3.12/site-packages/airflow/example_dags/example_short_circuit_operator.py took 0.146 seconds
[2024-04-27T00:01:11.701+0000] {processor.py:161} INFO - Started process (PID=171) to work on /home/airflow/.local/lib/python3.12/site-packages/airflow/example_dags/example_short_circuit_operator.py
[2024-04-27T00:01:11.702+0000] {processor.py:830} INFO - Processing file /home/airflow/.local/lib/python3.12/site-packages/airflow/example_dags/example_short_circuit_operator.py for tasks to queue
[2024-04-27T00:01:11.704+0000] {logging_mixin.py:188} INFO - [2024-04-27T00:01:11.704+0000] {dagbag.py:540} INFO - Filling up the DagBag from /home/airflow/.local/lib/python3.12/site-packages/airflow/example_dags/example_short_circuit_operator.py
[2024-04-27T00:01:11.709+0000] {processor.py:840} INFO - DAG(s) 'example_short_circuit_operator' retrieved from /home/airflow/.local/lib/python3.12/site-packages/airflow/example_dags/example_short_circuit_operator.py
[2024-04-27T00:01:11.731+0000] {logging_mixin.py:188} INFO - [2024-04-27T00:01:11.731+0000] {dag.py:3096} INFO - Sync 1 DAGs
[2024-04-27T00:01:11.747+0000] {logging_mixin.py:188} INFO - [2024-04-27T00:01:11.747+0000] {dag.py:3954} INFO - Setting next_dagrun for example_short_circuit_operator to 2024-04-26 00:00:00+00:00, run_after=2024-04-27 00:00:00+00:00
[2024-04-27T00:01:11.765+0000] {processor.py:183} INFO - Processing /home/airflow/.local/lib/python3.12/site-packages/airflow/example_dags/example_short_circuit_operator.py took 0.068 seconds
[2024-04-27T00:01:42.226+0000] {processor.py:161} INFO - Started process (PID=230) to work on /home/airflow/.local/lib/python3.12/site-packages/airflow/example_dags/example_short_circuit_operator.py
[2024-04-27T00:01:42.227+0000] {processor.py:830} INFO - Processing file /home/airflow/.local/lib/python3.12/site-packages/airflow/example_dags/example_short_circuit_operator.py for tasks to queue
[2024-04-27T00:01:42.229+0000] {logging_mixin.py:188} INFO - [2024-04-27T00:01:42.229+0000] {dagbag.py:540} INFO - Filling up the DagBag from /home/airflow/.local/lib/python3.12/site-packages/airflow/example_dags/example_short_circuit_operator.py
[2024-04-27T00:01:42.235+0000] {processor.py:840} INFO - DAG(s) 'example_short_circuit_operator' retrieved from /home/airflow/.local/lib/python3.12/site-packages/airflow/example_dags/example_short_circuit_operator.py
[2024-04-27T00:01:42.254+0000] {logging_mixin.py:188} INFO - [2024-04-27T00:01:42.254+0000] {dag.py:3096} INFO - Sync 1 DAGs
[2024-04-27T00:01:42.271+0000] {logging_mixin.py:188} INFO - [2024-04-27T00:01:42.271+0000] {dag.py:3954} INFO - Setting next_dagrun for example_short_circuit_operator to 2024-04-26 00:00:00+00:00, run_after=2024-04-27 00:00:00+00:00
[2024-04-27T00:01:42.293+0000] {processor.py:183} INFO - Processing /home/airflow/.local/lib/python3.12/site-packages/airflow/example_dags/example_short_circuit_operator.py took 0.072 seconds
[2024-04-27T00:02:12.338+0000] {processor.py:161} INFO - Started process (PID=289) to work on /home/airflow/.local/lib/python3.12/site-packages/airflow/example_dags/example_short_circuit_operator.py
[2024-04-27T00:02:12.339+0000] {processor.py:830} INFO - Processing file /home/airflow/.local/lib/python3.12/site-packages/airflow/example_dags/example_short_circuit_operator.py for tasks to queue
[2024-04-27T00:02:12.340+0000] {logging_mixin.py:188} INFO - [2024-04-27T00:02:12.340+0000] {dagbag.py:540} INFO - Filling up the DagBag from /home/airflow/.local/lib/python3.12/site-packages/airflow/example_dags/example_short_circuit_operator.py
[2024-04-27T00:02:12.346+0000] {processor.py:840} INFO - DAG(s) 'example_short_circuit_operator' retrieved from /home/airflow/.local/lib/python3.12/site-packages/airflow/example_dags/example_short_circuit_operator.py
[2024-04-27T00:02:12.369+0000] {logging_mixin.py:188} INFO - [2024-04-27T00:02:12.369+0000] {dag.py:3096} INFO - Sync 1 DAGs
[2024-04-27T00:02:12.387+0000] {logging_mixin.py:188} INFO - [2024-04-27T00:02:12.387+0000] {dag.py:3954} INFO - Setting next_dagrun for example_short_circuit_operator to 2024-04-26 00:00:00+00:00, run_after=2024-04-27 00:00:00+00:00
[2024-04-27T00:02:12.406+0000] {processor.py:183} INFO - Processing /home/airflow/.local/lib/python3.12/site-packages/airflow/example_dags/example_short_circuit_operator.py took 0.073 seconds
[2024-04-27T00:02:42.670+0000] {processor.py:161} INFO - Started process (PID=348) to work on /home/airflow/.local/lib/python3.12/site-packages/airflow/example_dags/example_short_circuit_operator.py
[2024-04-27T00:02:42.671+0000] {processor.py:830} INFO - Processing file /home/airflow/.local/lib/python3.12/site-packages/airflow/example_dags/example_short_circuit_operator.py for tasks to queue
[2024-04-27T00:02:42.673+0000] {logging_mixin.py:188} INFO - [2024-04-27T00:02:42.673+0000] {dagbag.py:540} INFO - Filling up the DagBag from /home/airflow/.local/lib/python3.12/site-packages/airflow/example_dags/example_short_circuit_operator.py
[2024-04-27T00:02:42.679+0000] {processor.py:840} INFO - DAG(s) 'example_short_circuit_operator' retrieved from /home/airflow/.local/lib/python3.12/site-packages/airflow/example_dags/example_short_circuit_operator.py
[2024-04-27T00:02:42.701+0000] {logging_mixin.py:188} INFO - [2024-04-27T00:02:42.701+0000] {dag.py:3096} INFO - Sync 1 DAGs
[2024-04-27T00:02:42.721+0000] {logging_mixin.py:188} INFO - [2024-04-27T00:02:42.721+0000] {dag.py:3954} INFO - Setting next_dagrun for example_short_circuit_operator to 2024-04-26 00:00:00+00:00, run_after=2024-04-27 00:00:00+00:00
[2024-04-27T00:02:42.736+0000] {processor.py:183} INFO - Processing /home/airflow/.local/lib/python3.12/site-packages/airflow/example_dags/example_short_circuit_operator.py took 0.071 seconds
[2024-04-27T00:03:13.164+0000] {processor.py:161} INFO - Started process (PID=407) to work on /home/airflow/.local/lib/python3.12/site-packages/airflow/example_dags/example_short_circuit_operator.py
[2024-04-27T00:03:13.165+0000] {processor.py:830} INFO - Processing file /home/airflow/.local/lib/python3.12/site-packages/airflow/example_dags/example_short_circuit_operator.py for tasks to queue
[2024-04-27T00:03:13.167+0000] {logging_mixin.py:188} INFO - [2024-04-27T00:03:13.166+0000] {dagbag.py:540} INFO - Filling up the DagBag from /home/airflow/.local/lib/python3.12/site-packages/airflow/example_dags/example_short_circuit_operator.py
[2024-04-27T00:03:13.174+0000] {processor.py:840} INFO - DAG(s) 'example_short_circuit_operator' retrieved from /home/airflow/.local/lib/python3.12/site-packages/airflow/example_dags/example_short_circuit_operator.py
[2024-04-27T00:03:13.194+0000] {logging_mixin.py:188} INFO - [2024-04-27T00:03:13.194+0000] {dag.py:3096} INFO - Sync 1 DAGs
[2024-04-27T00:03:13.213+0000] {logging_mixin.py:188} INFO - [2024-04-27T00:03:13.213+0000] {dag.py:3954} INFO - Setting next_dagrun for example_short_circuit_operator to 2024-04-26 00:00:00+00:00, run_after=2024-04-27 00:00:00+00:00
[2024-04-27T00:03:13.230+0000] {processor.py:183} INFO - Processing /home/airflow/.local/lib/python3.12/site-packages/airflow/example_dags/example_short_circuit_operator.py took 0.072 seconds
[2024-04-27T00:03:43.449+0000] {processor.py:161} INFO - Started process (PID=467) to work on /home/airflow/.local/lib/python3.12/site-packages/airflow/example_dags/example_short_circuit_operator.py
[2024-04-27T00:03:43.450+0000] {processor.py:830} INFO - Processing file /home/airflow/.local/lib/python3.12/site-packages/airflow/example_dags/example_short_circuit_operator.py for tasks to queue
[2024-04-27T00:03:43.451+0000] {logging_mixin.py:188} INFO - [2024-04-27T00:03:43.451+0000] {dagbag.py:540} INFO - Filling up the DagBag from /home/airflow/.local/lib/python3.12/site-packages/airflow/example_dags/example_short_circuit_operator.py
[2024-04-27T00:03:43.457+0000] {processor.py:840} INFO - DAG(s) 'example_short_circuit_operator' retrieved from /home/airflow/.local/lib/python3.12/site-packages/airflow/example_dags/example_short_circuit_operator.py
[2024-04-27T00:03:43.478+0000] {logging_mixin.py:188} INFO - [2024-04-27T00:03:43.478+0000] {dag.py:3096} INFO - Sync 1 DAGs
[2024-04-27T00:03:43.499+0000] {logging_mixin.py:188} INFO - [2024-04-27T00:03:43.499+0000] {dag.py:3954} INFO - Setting next_dagrun for example_short_circuit_operator to 2024-04-26 00:00:00+00:00, run_after=2024-04-27 00:00:00+00:00
[2024-04-27T00:03:43.516+0000] {processor.py:183} INFO - Processing /home/airflow/.local/lib/python3.12/site-packages/airflow/example_dags/example_short_circuit_operator.py took 0.072 seconds
[2024-04-27T00:04:13.867+0000] {processor.py:161} INFO - Started process (PID=526) to work on /home/airflow/.local/lib/python3.12/site-packages/airflow/example_dags/example_short_circuit_operator.py
[2024-04-27T00:04:13.868+0000] {processor.py:830} INFO - Processing file /home/airflow/.local/lib/python3.12/site-packages/airflow/example_dags/example_short_circuit_operator.py for tasks to queue
[2024-04-27T00:04:13.870+0000] {logging_mixin.py:188} INFO - [2024-04-27T00:04:13.870+0000] {dagbag.py:540} INFO - Filling up the DagBag from /home/airflow/.local/lib/python3.12/site-packages/airflow/example_dags/example_short_circuit_operator.py
[2024-04-27T00:04:13.876+0000] {processor.py:840} INFO - DAG(s) 'example_short_circuit_operator' retrieved from /home/airflow/.local/lib/python3.12/site-packages/airflow/example_dags/example_short_circuit_operator.py
[2024-04-27T00:04:13.900+0000] {logging_mixin.py:188} INFO - [2024-04-27T00:04:13.899+0000] {dag.py:3096} INFO - Sync 1 DAGs
[2024-04-27T00:04:13.920+0000] {logging_mixin.py:188} INFO - [2024-04-27T00:04:13.920+0000] {dag.py:3954} INFO - Setting next_dagrun for example_short_circuit_operator to 2024-04-26 00:00:00+00:00, run_after=2024-04-27 00:00:00+00:00
[2024-04-27T00:04:13.942+0000] {processor.py:183} INFO - Processing /home/airflow/.local/lib/python3.12/site-packages/airflow/example_dags/example_short_circuit_operator.py took 0.080 seconds
[2024-04-27T00:04:44.184+0000] {processor.py:161} INFO - Started process (PID=585) to work on /home/airflow/.local/lib/python3.12/site-packages/airflow/example_dags/example_short_circuit_operator.py
[2024-04-27T00:04:44.185+0000] {processor.py:830} INFO - Processing file /home/airflow/.local/lib/python3.12/site-packages/airflow/example_dags/example_short_circuit_operator.py for tasks to queue
[2024-04-27T00:04:44.187+0000] {logging_mixin.py:188} INFO - [2024-04-27T00:04:44.187+0000] {dagbag.py:540} INFO - Filling up the DagBag from /home/airflow/.local/lib/python3.12/site-packages/airflow/example_dags/example_short_circuit_operator.py
[2024-04-27T00:04:44.194+0000] {processor.py:840} INFO - DAG(s) 'example_short_circuit_operator' retrieved from /home/airflow/.local/lib/python3.12/site-packages/airflow/example_dags/example_short_circuit_operator.py
[2024-04-27T00:04:44.220+0000] {logging_mixin.py:188} INFO - [2024-04-27T00:04:44.220+0000] {dag.py:3096} INFO - Sync 1 DAGs
[2024-04-27T00:04:44.243+0000] {logging_mixin.py:188} INFO - [2024-04-27T00:04:44.243+0000] {dag.py:3954} INFO - Setting next_dagrun for example_short_circuit_operator to 2024-04-26 00:00:00+00:00, run_after=2024-04-27 00:00:00+00:00
[2024-04-27T00:04:44.265+0000] {processor.py:183} INFO - Processing /home/airflow/.local/lib/python3.12/site-packages/airflow/example_dags/example_short_circuit_operator.py took 0.086 seconds
[2024-04-27T00:14:06.653+0000] {processor.py:161} INFO - Started process (PID=53) to work on /home/airflow/.local/lib/python3.12/site-packages/airflow/example_dags/example_short_circuit_operator.py
[2024-04-27T00:14:06.655+0000] {processor.py:830} INFO - Processing file /home/airflow/.local/lib/python3.12/site-packages/airflow/example_dags/example_short_circuit_operator.py for tasks to queue
[2024-04-27T00:14:06.657+0000] {logging_mixin.py:188} INFO - [2024-04-27T00:14:06.657+0000] {dagbag.py:540} INFO - Filling up the DagBag from /home/airflow/.local/lib/python3.12/site-packages/airflow/example_dags/example_short_circuit_operator.py
[2024-04-27T00:14:06.666+0000] {processor.py:840} INFO - DAG(s) 'example_short_circuit_operator' retrieved from /home/airflow/.local/lib/python3.12/site-packages/airflow/example_dags/example_short_circuit_operator.py
[2024-04-27T00:14:06.678+0000] {logging_mixin.py:188} INFO - [2024-04-27T00:14:06.678+0000] {dag.py:3096} INFO - Sync 1 DAGs
[2024-04-27T00:14:06.698+0000] {logging_mixin.py:188} INFO - [2024-04-27T00:14:06.698+0000] {dag.py:3954} INFO - Setting next_dagrun for example_short_circuit_operator to 2024-04-26 00:00:00+00:00, run_after=2024-04-27 00:00:00+00:00
[2024-04-27T00:14:06.729+0000] {processor.py:183} INFO - Processing /home/airflow/.local/lib/python3.12/site-packages/airflow/example_dags/example_short_circuit_operator.py took 0.084 seconds
[2024-04-27T00:14:37.577+0000] {processor.py:161} INFO - Started process (PID=112) to work on /home/airflow/.local/lib/python3.12/site-packages/airflow/example_dags/example_short_circuit_operator.py
[2024-04-27T00:14:37.578+0000] {processor.py:830} INFO - Processing file /home/airflow/.local/lib/python3.12/site-packages/airflow/example_dags/example_short_circuit_operator.py for tasks to queue
[2024-04-27T00:14:37.580+0000] {logging_mixin.py:188} INFO - [2024-04-27T00:14:37.580+0000] {dagbag.py:540} INFO - Filling up the DagBag from /home/airflow/.local/lib/python3.12/site-packages/airflow/example_dags/example_short_circuit_operator.py
[2024-04-27T00:14:37.587+0000] {processor.py:840} INFO - DAG(s) 'example_short_circuit_operator' retrieved from /home/airflow/.local/lib/python3.12/site-packages/airflow/example_dags/example_short_circuit_operator.py
[2024-04-27T00:14:37.698+0000] {logging_mixin.py:188} INFO - [2024-04-27T00:14:37.697+0000] {dag.py:3096} INFO - Sync 1 DAGs
[2024-04-27T00:14:37.719+0000] {logging_mixin.py:188} INFO - [2024-04-27T00:14:37.719+0000] {dag.py:3954} INFO - Setting next_dagrun for example_short_circuit_operator to 2024-04-26 00:00:00+00:00, run_after=2024-04-27 00:00:00+00:00
[2024-04-27T00:14:37.743+0000] {processor.py:183} INFO - Processing /home/airflow/.local/lib/python3.12/site-packages/airflow/example_dags/example_short_circuit_operator.py took 0.170 seconds
[2024-04-27T00:15:07.871+0000] {processor.py:161} INFO - Started process (PID=171) to work on /home/airflow/.local/lib/python3.12/site-packages/airflow/example_dags/example_short_circuit_operator.py
[2024-04-27T00:15:07.872+0000] {processor.py:830} INFO - Processing file /home/airflow/.local/lib/python3.12/site-packages/airflow/example_dags/example_short_circuit_operator.py for tasks to queue
[2024-04-27T00:15:07.874+0000] {logging_mixin.py:188} INFO - [2024-04-27T00:15:07.874+0000] {dagbag.py:540} INFO - Filling up the DagBag from /home/airflow/.local/lib/python3.12/site-packages/airflow/example_dags/example_short_circuit_operator.py
[2024-04-27T00:15:07.883+0000] {processor.py:840} INFO - DAG(s) 'example_short_circuit_operator' retrieved from /home/airflow/.local/lib/python3.12/site-packages/airflow/example_dags/example_short_circuit_operator.py
[2024-04-27T00:15:07.916+0000] {logging_mixin.py:188} INFO - [2024-04-27T00:15:07.915+0000] {dag.py:3096} INFO - Sync 1 DAGs
[2024-04-27T00:15:07.945+0000] {logging_mixin.py:188} INFO - [2024-04-27T00:15:07.945+0000] {dag.py:3954} INFO - Setting next_dagrun for example_short_circuit_operator to 2024-04-26 00:00:00+00:00, run_after=2024-04-27 00:00:00+00:00
[2024-04-27T00:15:07.973+0000] {processor.py:183} INFO - Processing /home/airflow/.local/lib/python3.12/site-packages/airflow/example_dags/example_short_circuit_operator.py took 0.109 seconds
[2024-04-27T00:15:38.681+0000] {processor.py:161} INFO - Started process (PID=230) to work on /home/airflow/.local/lib/python3.12/site-packages/airflow/example_dags/example_short_circuit_operator.py
[2024-04-27T00:15:38.682+0000] {processor.py:830} INFO - Processing file /home/airflow/.local/lib/python3.12/site-packages/airflow/example_dags/example_short_circuit_operator.py for tasks to queue
[2024-04-27T00:15:38.684+0000] {logging_mixin.py:188} INFO - [2024-04-27T00:15:38.684+0000] {dagbag.py:540} INFO - Filling up the DagBag from /home/airflow/.local/lib/python3.12/site-packages/airflow/example_dags/example_short_circuit_operator.py
[2024-04-27T00:15:38.690+0000] {processor.py:840} INFO - DAG(s) 'example_short_circuit_operator' retrieved from /home/airflow/.local/lib/python3.12/site-packages/airflow/example_dags/example_short_circuit_operator.py
[2024-04-27T00:15:38.710+0000] {logging_mixin.py:188} INFO - [2024-04-27T00:15:38.710+0000] {dag.py:3096} INFO - Sync 1 DAGs
[2024-04-27T00:15:38.728+0000] {logging_mixin.py:188} INFO - [2024-04-27T00:15:38.727+0000] {dag.py:3954} INFO - Setting next_dagrun for example_short_circuit_operator to 2024-04-26 00:00:00+00:00, run_after=2024-04-27 00:00:00+00:00
[2024-04-27T00:15:38.746+0000] {processor.py:183} INFO - Processing /home/airflow/.local/lib/python3.12/site-packages/airflow/example_dags/example_short_circuit_operator.py took 0.070 seconds
[2024-04-27T00:16:09.133+0000] {processor.py:161} INFO - Started process (PID=289) to work on /home/airflow/.local/lib/python3.12/site-packages/airflow/example_dags/example_short_circuit_operator.py
[2024-04-27T00:16:09.135+0000] {processor.py:830} INFO - Processing file /home/airflow/.local/lib/python3.12/site-packages/airflow/example_dags/example_short_circuit_operator.py for tasks to queue
[2024-04-27T00:16:09.137+0000] {logging_mixin.py:188} INFO - [2024-04-27T00:16:09.136+0000] {dagbag.py:540} INFO - Filling up the DagBag from /home/airflow/.local/lib/python3.12/site-packages/airflow/example_dags/example_short_circuit_operator.py
[2024-04-27T00:16:09.143+0000] {processor.py:840} INFO - DAG(s) 'example_short_circuit_operator' retrieved from /home/airflow/.local/lib/python3.12/site-packages/airflow/example_dags/example_short_circuit_operator.py
[2024-04-27T00:16:09.165+0000] {logging_mixin.py:188} INFO - [2024-04-27T00:16:09.165+0000] {dag.py:3096} INFO - Sync 1 DAGs
[2024-04-27T00:16:09.184+0000] {logging_mixin.py:188} INFO - [2024-04-27T00:16:09.184+0000] {dag.py:3954} INFO - Setting next_dagrun for example_short_circuit_operator to 2024-04-26 00:00:00+00:00, run_after=2024-04-27 00:00:00+00:00
[2024-04-27T00:16:09.202+0000] {processor.py:183} INFO - Processing /home/airflow/.local/lib/python3.12/site-packages/airflow/example_dags/example_short_circuit_operator.py took 0.075 seconds
[2024-04-27T00:16:39.419+0000] {processor.py:161} INFO - Started process (PID=348) to work on /home/airflow/.local/lib/python3.12/site-packages/airflow/example_dags/example_short_circuit_operator.py
[2024-04-27T00:16:39.420+0000] {processor.py:830} INFO - Processing file /home/airflow/.local/lib/python3.12/site-packages/airflow/example_dags/example_short_circuit_operator.py for tasks to queue
[2024-04-27T00:16:39.422+0000] {logging_mixin.py:188} INFO - [2024-04-27T00:16:39.422+0000] {dagbag.py:540} INFO - Filling up the DagBag from /home/airflow/.local/lib/python3.12/site-packages/airflow/example_dags/example_short_circuit_operator.py
[2024-04-27T00:16:39.428+0000] {processor.py:840} INFO - DAG(s) 'example_short_circuit_operator' retrieved from /home/airflow/.local/lib/python3.12/site-packages/airflow/example_dags/example_short_circuit_operator.py
[2024-04-27T00:16:39.448+0000] {logging_mixin.py:188} INFO - [2024-04-27T00:16:39.448+0000] {dag.py:3096} INFO - Sync 1 DAGs
[2024-04-27T00:16:39.466+0000] {logging_mixin.py:188} INFO - [2024-04-27T00:16:39.465+0000] {dag.py:3954} INFO - Setting next_dagrun for example_short_circuit_operator to 2024-04-26 00:00:00+00:00, run_after=2024-04-27 00:00:00+00:00
[2024-04-27T00:16:39.485+0000] {processor.py:183} INFO - Processing /home/airflow/.local/lib/python3.12/site-packages/airflow/example_dags/example_short_circuit_operator.py took 0.070 seconds
