[2024-04-27T00:00:13.668+0000] {processor.py:161} INFO - Started process (PID=77) to work on /home/airflow/.local/lib/python3.12/site-packages/airflow/example_dags/example_skip_dag.py
[2024-04-27T00:00:13.671+0000] {processor.py:830} INFO - Processing file /home/airflow/.local/lib/python3.12/site-packages/airflow/example_dags/example_skip_dag.py for tasks to queue
[2024-04-27T00:00:13.675+0000] {logging_mixin.py:188} INFO - [2024-04-27T00:00:13.673+0000] {dagbag.py:540} INFO - Filling up the DagBag from /home/airflow/.local/lib/python3.12/site-packages/airflow/example_dags/example_skip_dag.py
[2024-04-27T00:00:13.694+0000] {processor.py:840} INFO - DAG(s) 'example_skip_dag' retrieved from /home/airflow/.local/lib/python3.12/site-packages/airflow/example_dags/example_skip_dag.py
[2024-04-27T00:00:13.712+0000] {logging_mixin.py:188} INFO - [2024-04-27T00:00:13.712+0000] {dag.py:3096} INFO - Sync 1 DAGs
[2024-04-27T00:00:13.744+0000] {logging_mixin.py:188} INFO - [2024-04-27T00:00:13.743+0000] {dag.py:3954} INFO - Setting next_dagrun for example_skip_dag to 2024-04-26 00:00:00+00:00, run_after=2024-04-27 00:00:00+00:00
[2024-04-27T00:00:13.791+0000] {processor.py:183} INFO - Processing /home/airflow/.local/lib/python3.12/site-packages/airflow/example_dags/example_skip_dag.py took 0.134 seconds
[2024-04-27T00:00:45.026+0000] {processor.py:161} INFO - Started process (PID=136) to work on /home/airflow/.local/lib/python3.12/site-packages/airflow/example_dags/example_skip_dag.py
[2024-04-27T00:00:45.027+0000] {processor.py:830} INFO - Processing file /home/airflow/.local/lib/python3.12/site-packages/airflow/example_dags/example_skip_dag.py for tasks to queue
[2024-04-27T00:00:45.029+0000] {logging_mixin.py:188} INFO - [2024-04-27T00:00:45.028+0000] {dagbag.py:540} INFO - Filling up the DagBag from /home/airflow/.local/lib/python3.12/site-packages/airflow/example_dags/example_skip_dag.py
[2024-04-27T00:00:45.034+0000] {processor.py:840} INFO - DAG(s) 'example_skip_dag' retrieved from /home/airflow/.local/lib/python3.12/site-packages/airflow/example_dags/example_skip_dag.py
[2024-04-27T00:00:45.126+0000] {logging_mixin.py:188} INFO - [2024-04-27T00:00:45.125+0000] {dag.py:3096} INFO - Sync 1 DAGs
[2024-04-27T00:00:45.146+0000] {logging_mixin.py:188} INFO - [2024-04-27T00:00:45.146+0000] {dag.py:3954} INFO - Setting next_dagrun for example_skip_dag to 2024-04-26 00:00:00+00:00, run_after=2024-04-27 00:00:00+00:00
[2024-04-27T00:00:45.172+0000] {processor.py:183} INFO - Processing /home/airflow/.local/lib/python3.12/site-packages/airflow/example_dags/example_skip_dag.py took 0.152 seconds
[2024-04-27T00:01:15.203+0000] {processor.py:161} INFO - Started process (PID=195) to work on /home/airflow/.local/lib/python3.12/site-packages/airflow/example_dags/example_skip_dag.py
[2024-04-27T00:01:15.204+0000] {processor.py:830} INFO - Processing file /home/airflow/.local/lib/python3.12/site-packages/airflow/example_dags/example_skip_dag.py for tasks to queue
[2024-04-27T00:01:15.206+0000] {logging_mixin.py:188} INFO - [2024-04-27T00:01:15.206+0000] {dagbag.py:540} INFO - Filling up the DagBag from /home/airflow/.local/lib/python3.12/site-packages/airflow/example_dags/example_skip_dag.py
[2024-04-27T00:01:15.211+0000] {processor.py:840} INFO - DAG(s) 'example_skip_dag' retrieved from /home/airflow/.local/lib/python3.12/site-packages/airflow/example_dags/example_skip_dag.py
[2024-04-27T00:01:15.229+0000] {logging_mixin.py:188} INFO - [2024-04-27T00:01:15.229+0000] {dag.py:3096} INFO - Sync 1 DAGs
[2024-04-27T00:01:15.244+0000] {logging_mixin.py:188} INFO - [2024-04-27T00:01:15.244+0000] {dag.py:3954} INFO - Setting next_dagrun for example_skip_dag to 2024-04-26 00:00:00+00:00, run_after=2024-04-27 00:00:00+00:00
[2024-04-27T00:01:15.263+0000] {processor.py:183} INFO - Processing /home/airflow/.local/lib/python3.12/site-packages/airflow/example_dags/example_skip_dag.py took 0.064 seconds
[2024-04-27T00:01:45.607+0000] {processor.py:161} INFO - Started process (PID=254) to work on /home/airflow/.local/lib/python3.12/site-packages/airflow/example_dags/example_skip_dag.py
[2024-04-27T00:01:45.608+0000] {processor.py:830} INFO - Processing file /home/airflow/.local/lib/python3.12/site-packages/airflow/example_dags/example_skip_dag.py for tasks to queue
[2024-04-27T00:01:45.610+0000] {logging_mixin.py:188} INFO - [2024-04-27T00:01:45.610+0000] {dagbag.py:540} INFO - Filling up the DagBag from /home/airflow/.local/lib/python3.12/site-packages/airflow/example_dags/example_skip_dag.py
[2024-04-27T00:01:45.616+0000] {processor.py:840} INFO - DAG(s) 'example_skip_dag' retrieved from /home/airflow/.local/lib/python3.12/site-packages/airflow/example_dags/example_skip_dag.py
[2024-04-27T00:01:45.633+0000] {logging_mixin.py:188} INFO - [2024-04-27T00:01:45.633+0000] {dag.py:3096} INFO - Sync 1 DAGs
[2024-04-27T00:01:45.653+0000] {logging_mixin.py:188} INFO - [2024-04-27T00:01:45.653+0000] {dag.py:3954} INFO - Setting next_dagrun for example_skip_dag to 2024-04-26 00:00:00+00:00, run_after=2024-04-27 00:00:00+00:00
[2024-04-27T00:01:45.670+0000] {processor.py:183} INFO - Processing /home/airflow/.local/lib/python3.12/site-packages/airflow/example_dags/example_skip_dag.py took 0.067 seconds
[2024-04-27T00:02:15.884+0000] {processor.py:161} INFO - Started process (PID=313) to work on /home/airflow/.local/lib/python3.12/site-packages/airflow/example_dags/example_skip_dag.py
[2024-04-27T00:02:15.885+0000] {processor.py:830} INFO - Processing file /home/airflow/.local/lib/python3.12/site-packages/airflow/example_dags/example_skip_dag.py for tasks to queue
[2024-04-27T00:02:15.887+0000] {logging_mixin.py:188} INFO - [2024-04-27T00:02:15.887+0000] {dagbag.py:540} INFO - Filling up the DagBag from /home/airflow/.local/lib/python3.12/site-packages/airflow/example_dags/example_skip_dag.py
[2024-04-27T00:02:15.893+0000] {processor.py:840} INFO - DAG(s) 'example_skip_dag' retrieved from /home/airflow/.local/lib/python3.12/site-packages/airflow/example_dags/example_skip_dag.py
[2024-04-27T00:02:15.911+0000] {logging_mixin.py:188} INFO - [2024-04-27T00:02:15.911+0000] {dag.py:3096} INFO - Sync 1 DAGs
[2024-04-27T00:02:15.928+0000] {logging_mixin.py:188} INFO - [2024-04-27T00:02:15.928+0000] {dag.py:3954} INFO - Setting next_dagrun for example_skip_dag to 2024-04-26 00:00:00+00:00, run_after=2024-04-27 00:00:00+00:00
[2024-04-27T00:02:15.951+0000] {processor.py:183} INFO - Processing /home/airflow/.local/lib/python3.12/site-packages/airflow/example_dags/example_skip_dag.py took 0.072 seconds
[2024-04-27T00:02:46.159+0000] {processor.py:161} INFO - Started process (PID=372) to work on /home/airflow/.local/lib/python3.12/site-packages/airflow/example_dags/example_skip_dag.py
[2024-04-27T00:02:46.160+0000] {processor.py:830} INFO - Processing file /home/airflow/.local/lib/python3.12/site-packages/airflow/example_dags/example_skip_dag.py for tasks to queue
[2024-04-27T00:02:46.161+0000] {logging_mixin.py:188} INFO - [2024-04-27T00:02:46.161+0000] {dagbag.py:540} INFO - Filling up the DagBag from /home/airflow/.local/lib/python3.12/site-packages/airflow/example_dags/example_skip_dag.py
[2024-04-27T00:02:46.166+0000] {processor.py:840} INFO - DAG(s) 'example_skip_dag' retrieved from /home/airflow/.local/lib/python3.12/site-packages/airflow/example_dags/example_skip_dag.py
[2024-04-27T00:02:46.187+0000] {logging_mixin.py:188} INFO - [2024-04-27T00:02:46.186+0000] {dag.py:3096} INFO - Sync 1 DAGs
[2024-04-27T00:02:46.204+0000] {logging_mixin.py:188} INFO - [2024-04-27T00:02:46.204+0000] {dag.py:3954} INFO - Setting next_dagrun for example_skip_dag to 2024-04-26 00:00:00+00:00, run_after=2024-04-27 00:00:00+00:00
[2024-04-27T00:02:46.223+0000] {processor.py:183} INFO - Processing /home/airflow/.local/lib/python3.12/site-packages/airflow/example_dags/example_skip_dag.py took 0.069 seconds
[2024-04-27T00:03:16.750+0000] {processor.py:161} INFO - Started process (PID=431) to work on /home/airflow/.local/lib/python3.12/site-packages/airflow/example_dags/example_skip_dag.py
[2024-04-27T00:03:16.751+0000] {processor.py:830} INFO - Processing file /home/airflow/.local/lib/python3.12/site-packages/airflow/example_dags/example_skip_dag.py for tasks to queue
[2024-04-27T00:03:16.753+0000] {logging_mixin.py:188} INFO - [2024-04-27T00:03:16.752+0000] {dagbag.py:540} INFO - Filling up the DagBag from /home/airflow/.local/lib/python3.12/site-packages/airflow/example_dags/example_skip_dag.py
[2024-04-27T00:03:16.758+0000] {processor.py:840} INFO - DAG(s) 'example_skip_dag' retrieved from /home/airflow/.local/lib/python3.12/site-packages/airflow/example_dags/example_skip_dag.py
[2024-04-27T00:03:16.778+0000] {logging_mixin.py:188} INFO - [2024-04-27T00:03:16.778+0000] {dag.py:3096} INFO - Sync 1 DAGs
[2024-04-27T00:03:16.799+0000] {logging_mixin.py:188} INFO - [2024-04-27T00:03:16.799+0000] {dag.py:3954} INFO - Setting next_dagrun for example_skip_dag to 2024-04-26 00:00:00+00:00, run_after=2024-04-27 00:00:00+00:00
[2024-04-27T00:03:16.818+0000] {processor.py:183} INFO - Processing /home/airflow/.local/lib/python3.12/site-packages/airflow/example_dags/example_skip_dag.py took 0.074 seconds
[2024-04-27T00:03:47.100+0000] {processor.py:161} INFO - Started process (PID=491) to work on /home/airflow/.local/lib/python3.12/site-packages/airflow/example_dags/example_skip_dag.py
[2024-04-27T00:03:47.101+0000] {processor.py:830} INFO - Processing file /home/airflow/.local/lib/python3.12/site-packages/airflow/example_dags/example_skip_dag.py for tasks to queue
[2024-04-27T00:03:47.102+0000] {logging_mixin.py:188} INFO - [2024-04-27T00:03:47.102+0000] {dagbag.py:540} INFO - Filling up the DagBag from /home/airflow/.local/lib/python3.12/site-packages/airflow/example_dags/example_skip_dag.py
[2024-04-27T00:03:47.108+0000] {processor.py:840} INFO - DAG(s) 'example_skip_dag' retrieved from /home/airflow/.local/lib/python3.12/site-packages/airflow/example_dags/example_skip_dag.py
[2024-04-27T00:03:47.131+0000] {logging_mixin.py:188} INFO - [2024-04-27T00:03:47.130+0000] {dag.py:3096} INFO - Sync 1 DAGs
[2024-04-27T00:03:47.148+0000] {logging_mixin.py:188} INFO - [2024-04-27T00:03:47.148+0000] {dag.py:3954} INFO - Setting next_dagrun for example_skip_dag to 2024-04-26 00:00:00+00:00, run_after=2024-04-27 00:00:00+00:00
[2024-04-27T00:03:47.167+0000] {processor.py:183} INFO - Processing /home/airflow/.local/lib/python3.12/site-packages/airflow/example_dags/example_skip_dag.py took 0.072 seconds
[2024-04-27T00:04:17.359+0000] {processor.py:161} INFO - Started process (PID=550) to work on /home/airflow/.local/lib/python3.12/site-packages/airflow/example_dags/example_skip_dag.py
[2024-04-27T00:04:17.360+0000] {processor.py:830} INFO - Processing file /home/airflow/.local/lib/python3.12/site-packages/airflow/example_dags/example_skip_dag.py for tasks to queue
[2024-04-27T00:04:17.362+0000] {logging_mixin.py:188} INFO - [2024-04-27T00:04:17.362+0000] {dagbag.py:540} INFO - Filling up the DagBag from /home/airflow/.local/lib/python3.12/site-packages/airflow/example_dags/example_skip_dag.py
[2024-04-27T00:04:17.368+0000] {processor.py:840} INFO - DAG(s) 'example_skip_dag' retrieved from /home/airflow/.local/lib/python3.12/site-packages/airflow/example_dags/example_skip_dag.py
[2024-04-27T00:04:17.387+0000] {logging_mixin.py:188} INFO - [2024-04-27T00:04:17.386+0000] {dag.py:3096} INFO - Sync 1 DAGs
[2024-04-27T00:04:17.405+0000] {logging_mixin.py:188} INFO - [2024-04-27T00:04:17.405+0000] {dag.py:3954} INFO - Setting next_dagrun for example_skip_dag to 2024-04-26 00:00:00+00:00, run_after=2024-04-27 00:00:00+00:00
[2024-04-27T00:04:17.422+0000] {processor.py:183} INFO - Processing /home/airflow/.local/lib/python3.12/site-packages/airflow/example_dags/example_skip_dag.py took 0.070 seconds
[2024-04-27T00:04:47.646+0000] {processor.py:161} INFO - Started process (PID=609) to work on /home/airflow/.local/lib/python3.12/site-packages/airflow/example_dags/example_skip_dag.py
[2024-04-27T00:04:47.647+0000] {processor.py:830} INFO - Processing file /home/airflow/.local/lib/python3.12/site-packages/airflow/example_dags/example_skip_dag.py for tasks to queue
[2024-04-27T00:04:47.649+0000] {logging_mixin.py:188} INFO - [2024-04-27T00:04:47.648+0000] {dagbag.py:540} INFO - Filling up the DagBag from /home/airflow/.local/lib/python3.12/site-packages/airflow/example_dags/example_skip_dag.py
[2024-04-27T00:04:47.654+0000] {processor.py:840} INFO - DAG(s) 'example_skip_dag' retrieved from /home/airflow/.local/lib/python3.12/site-packages/airflow/example_dags/example_skip_dag.py
[2024-04-27T00:04:47.670+0000] {logging_mixin.py:188} INFO - [2024-04-27T00:04:47.670+0000] {dag.py:3096} INFO - Sync 1 DAGs
[2024-04-27T00:04:47.686+0000] {logging_mixin.py:188} INFO - [2024-04-27T00:04:47.686+0000] {dag.py:3954} INFO - Setting next_dagrun for example_skip_dag to 2024-04-26 00:00:00+00:00, run_after=2024-04-27 00:00:00+00:00
[2024-04-27T00:04:47.703+0000] {processor.py:183} INFO - Processing /home/airflow/.local/lib/python3.12/site-packages/airflow/example_dags/example_skip_dag.py took 0.062 seconds
[2024-04-27T00:14:08.679+0000] {processor.py:161} INFO - Started process (PID=77) to work on /home/airflow/.local/lib/python3.12/site-packages/airflow/example_dags/example_skip_dag.py
[2024-04-27T00:14:08.680+0000] {processor.py:830} INFO - Processing file /home/airflow/.local/lib/python3.12/site-packages/airflow/example_dags/example_skip_dag.py for tasks to queue
[2024-04-27T00:14:08.682+0000] {logging_mixin.py:188} INFO - [2024-04-27T00:14:08.682+0000] {dagbag.py:540} INFO - Filling up the DagBag from /home/airflow/.local/lib/python3.12/site-packages/airflow/example_dags/example_skip_dag.py
[2024-04-27T00:14:08.688+0000] {processor.py:840} INFO - DAG(s) 'example_skip_dag' retrieved from /home/airflow/.local/lib/python3.12/site-packages/airflow/example_dags/example_skip_dag.py
[2024-04-27T00:14:08.700+0000] {logging_mixin.py:188} INFO - [2024-04-27T00:14:08.700+0000] {dag.py:3096} INFO - Sync 1 DAGs
[2024-04-27T00:14:08.725+0000] {logging_mixin.py:188} INFO - [2024-04-27T00:14:08.725+0000] {dag.py:3954} INFO - Setting next_dagrun for example_skip_dag to 2024-04-26 00:00:00+00:00, run_after=2024-04-27 00:00:00+00:00
[2024-04-27T00:14:08.744+0000] {processor.py:183} INFO - Processing /home/airflow/.local/lib/python3.12/site-packages/airflow/example_dags/example_skip_dag.py took 0.071 seconds
[2024-04-27T00:14:40.110+0000] {processor.py:161} INFO - Started process (PID=136) to work on /home/airflow/.local/lib/python3.12/site-packages/airflow/example_dags/example_skip_dag.py
[2024-04-27T00:14:40.111+0000] {processor.py:830} INFO - Processing file /home/airflow/.local/lib/python3.12/site-packages/airflow/example_dags/example_skip_dag.py for tasks to queue
[2024-04-27T00:14:40.113+0000] {logging_mixin.py:188} INFO - [2024-04-27T00:14:40.113+0000] {dagbag.py:540} INFO - Filling up the DagBag from /home/airflow/.local/lib/python3.12/site-packages/airflow/example_dags/example_skip_dag.py
[2024-04-27T00:14:40.120+0000] {processor.py:840} INFO - DAG(s) 'example_skip_dag' retrieved from /home/airflow/.local/lib/python3.12/site-packages/airflow/example_dags/example_skip_dag.py
[2024-04-27T00:14:40.219+0000] {logging_mixin.py:188} INFO - [2024-04-27T00:14:40.218+0000] {dag.py:3096} INFO - Sync 1 DAGs
[2024-04-27T00:14:40.238+0000] {logging_mixin.py:188} INFO - [2024-04-27T00:14:40.238+0000] {dag.py:3954} INFO - Setting next_dagrun for example_skip_dag to 2024-04-26 00:00:00+00:00, run_after=2024-04-27 00:00:00+00:00
[2024-04-27T00:14:40.258+0000] {processor.py:183} INFO - Processing /home/airflow/.local/lib/python3.12/site-packages/airflow/example_dags/example_skip_dag.py took 0.155 seconds
[2024-04-27T00:15:10.723+0000] {processor.py:161} INFO - Started process (PID=195) to work on /home/airflow/.local/lib/python3.12/site-packages/airflow/example_dags/example_skip_dag.py
[2024-04-27T00:15:10.723+0000] {processor.py:830} INFO - Processing file /home/airflow/.local/lib/python3.12/site-packages/airflow/example_dags/example_skip_dag.py for tasks to queue
[2024-04-27T00:15:10.725+0000] {logging_mixin.py:188} INFO - [2024-04-27T00:15:10.725+0000] {dagbag.py:540} INFO - Filling up the DagBag from /home/airflow/.local/lib/python3.12/site-packages/airflow/example_dags/example_skip_dag.py
[2024-04-27T00:15:10.731+0000] {processor.py:840} INFO - DAG(s) 'example_skip_dag' retrieved from /home/airflow/.local/lib/python3.12/site-packages/airflow/example_dags/example_skip_dag.py
[2024-04-27T00:15:10.749+0000] {logging_mixin.py:188} INFO - [2024-04-27T00:15:10.749+0000] {dag.py:3096} INFO - Sync 1 DAGs
[2024-04-27T00:15:10.768+0000] {logging_mixin.py:188} INFO - [2024-04-27T00:15:10.768+0000] {dag.py:3954} INFO - Setting next_dagrun for example_skip_dag to 2024-04-26 00:00:00+00:00, run_after=2024-04-27 00:00:00+00:00
[2024-04-27T00:15:10.787+0000] {processor.py:183} INFO - Processing /home/airflow/.local/lib/python3.12/site-packages/airflow/example_dags/example_skip_dag.py took 0.070 seconds
[2024-04-27T00:15:41.116+0000] {processor.py:161} INFO - Started process (PID=254) to work on /home/airflow/.local/lib/python3.12/site-packages/airflow/example_dags/example_skip_dag.py
[2024-04-27T00:15:41.117+0000] {processor.py:830} INFO - Processing file /home/airflow/.local/lib/python3.12/site-packages/airflow/example_dags/example_skip_dag.py for tasks to queue
[2024-04-27T00:15:41.119+0000] {logging_mixin.py:188} INFO - [2024-04-27T00:15:41.119+0000] {dagbag.py:540} INFO - Filling up the DagBag from /home/airflow/.local/lib/python3.12/site-packages/airflow/example_dags/example_skip_dag.py
[2024-04-27T00:15:41.124+0000] {processor.py:840} INFO - DAG(s) 'example_skip_dag' retrieved from /home/airflow/.local/lib/python3.12/site-packages/airflow/example_dags/example_skip_dag.py
[2024-04-27T00:15:41.142+0000] {logging_mixin.py:188} INFO - [2024-04-27T00:15:41.142+0000] {dag.py:3096} INFO - Sync 1 DAGs
[2024-04-27T00:15:41.161+0000] {logging_mixin.py:188} INFO - [2024-04-27T00:15:41.161+0000] {dag.py:3954} INFO - Setting next_dagrun for example_skip_dag to 2024-04-26 00:00:00+00:00, run_after=2024-04-27 00:00:00+00:00
[2024-04-27T00:15:41.180+0000] {processor.py:183} INFO - Processing /home/airflow/.local/lib/python3.12/site-packages/airflow/example_dags/example_skip_dag.py took 0.068 seconds
[2024-04-27T00:16:11.833+0000] {processor.py:161} INFO - Started process (PID=313) to work on /home/airflow/.local/lib/python3.12/site-packages/airflow/example_dags/example_skip_dag.py
[2024-04-27T00:16:11.834+0000] {processor.py:830} INFO - Processing file /home/airflow/.local/lib/python3.12/site-packages/airflow/example_dags/example_skip_dag.py for tasks to queue
[2024-04-27T00:16:11.836+0000] {logging_mixin.py:188} INFO - [2024-04-27T00:16:11.836+0000] {dagbag.py:540} INFO - Filling up the DagBag from /home/airflow/.local/lib/python3.12/site-packages/airflow/example_dags/example_skip_dag.py
[2024-04-27T00:16:11.841+0000] {processor.py:840} INFO - DAG(s) 'example_skip_dag' retrieved from /home/airflow/.local/lib/python3.12/site-packages/airflow/example_dags/example_skip_dag.py
[2024-04-27T00:16:11.861+0000] {logging_mixin.py:188} INFO - [2024-04-27T00:16:11.861+0000] {dag.py:3096} INFO - Sync 1 DAGs
[2024-04-27T00:16:11.881+0000] {logging_mixin.py:188} INFO - [2024-04-27T00:16:11.881+0000] {dag.py:3954} INFO - Setting next_dagrun for example_skip_dag to 2024-04-26 00:00:00+00:00, run_after=2024-04-27 00:00:00+00:00
[2024-04-27T00:16:11.903+0000] {processor.py:183} INFO - Processing /home/airflow/.local/lib/python3.12/site-packages/airflow/example_dags/example_skip_dag.py took 0.075 seconds
[2024-04-27T00:16:42.766+0000] {processor.py:161} INFO - Started process (PID=372) to work on /home/airflow/.local/lib/python3.12/site-packages/airflow/example_dags/example_skip_dag.py
[2024-04-27T00:16:42.767+0000] {processor.py:830} INFO - Processing file /home/airflow/.local/lib/python3.12/site-packages/airflow/example_dags/example_skip_dag.py for tasks to queue
[2024-04-27T00:16:42.769+0000] {logging_mixin.py:188} INFO - [2024-04-27T00:16:42.768+0000] {dagbag.py:540} INFO - Filling up the DagBag from /home/airflow/.local/lib/python3.12/site-packages/airflow/example_dags/example_skip_dag.py
[2024-04-27T00:16:42.774+0000] {processor.py:840} INFO - DAG(s) 'example_skip_dag' retrieved from /home/airflow/.local/lib/python3.12/site-packages/airflow/example_dags/example_skip_dag.py
[2024-04-27T00:16:42.791+0000] {logging_mixin.py:188} INFO - [2024-04-27T00:16:42.791+0000] {dag.py:3096} INFO - Sync 1 DAGs
[2024-04-27T00:16:42.808+0000] {logging_mixin.py:188} INFO - [2024-04-27T00:16:42.808+0000] {dag.py:3954} INFO - Setting next_dagrun for example_skip_dag to 2024-04-26 00:00:00+00:00, run_after=2024-04-27 00:00:00+00:00
[2024-04-27T00:16:42.823+0000] {processor.py:183} INFO - Processing /home/airflow/.local/lib/python3.12/site-packages/airflow/example_dags/example_skip_dag.py took 0.062 seconds
