[2024-04-27T00:00:09.690+0000] {processor.py:161} INFO - Started process (PID=49) to work on /home/airflow/.local/lib/python3.12/site-packages/airflow/example_dags/example_sla_dag.py
[2024-04-27T00:00:09.693+0000] {processor.py:830} INFO - Processing file /home/airflow/.local/lib/python3.12/site-packages/airflow/example_dags/example_sla_dag.py for tasks to queue
[2024-04-27T00:00:09.702+0000] {logging_mixin.py:188} INFO - [2024-04-27T00:00:09.701+0000] {dagbag.py:540} INFO - Filling up the DagBag from /home/airflow/.local/lib/python3.12/site-packages/airflow/example_dags/example_sla_dag.py
[2024-04-27T00:00:09.732+0000] {processor.py:840} INFO - DAG(s) 'example_sla_dag' retrieved from /home/airflow/.local/lib/python3.12/site-packages/airflow/example_dags/example_sla_dag.py
[2024-04-27T00:00:09.748+0000] {logging_mixin.py:188} INFO - [2024-04-27T00:00:09.748+0000] {dag.py:3096} INFO - Sync 1 DAGs
[2024-04-27T00:00:09.814+0000] {logging_mixin.py:188} INFO - [2024-04-27T00:00:09.814+0000] {dag.py:3954} INFO - Setting next_dagrun for example_sla_dag to 2024-04-26 23:58:00+00:00, run_after=2024-04-27 00:00:00+00:00
[2024-04-27T00:00:09.853+0000] {processor.py:183} INFO - Processing /home/airflow/.local/lib/python3.12/site-packages/airflow/example_dags/example_sla_dag.py took 0.193 seconds
[2024-04-27T00:00:40.294+0000] {processor.py:161} INFO - Started process (PID=108) to work on /home/airflow/.local/lib/python3.12/site-packages/airflow/example_dags/example_sla_dag.py
[2024-04-27T00:00:40.295+0000] {processor.py:830} INFO - Processing file /home/airflow/.local/lib/python3.12/site-packages/airflow/example_dags/example_sla_dag.py for tasks to queue
[2024-04-27T00:00:40.297+0000] {logging_mixin.py:188} INFO - [2024-04-27T00:00:40.297+0000] {dagbag.py:540} INFO - Filling up the DagBag from /home/airflow/.local/lib/python3.12/site-packages/airflow/example_dags/example_sla_dag.py
[2024-04-27T00:00:40.305+0000] {processor.py:840} INFO - DAG(s) 'example_sla_dag' retrieved from /home/airflow/.local/lib/python3.12/site-packages/airflow/example_dags/example_sla_dag.py
[2024-04-27T00:00:40.393+0000] {logging_mixin.py:188} INFO - [2024-04-27T00:00:40.392+0000] {dag.py:3096} INFO - Sync 1 DAGs
[2024-04-27T00:00:40.414+0000] {logging_mixin.py:188} INFO - [2024-04-27T00:00:40.413+0000] {dag.py:3954} INFO - Setting next_dagrun for example_sla_dag to 2024-04-26 23:58:00+00:00, run_after=2024-04-27 00:00:00+00:00
[2024-04-27T00:00:40.432+0000] {processor.py:183} INFO - Processing /home/airflow/.local/lib/python3.12/site-packages/airflow/example_dags/example_sla_dag.py took 0.144 seconds
[2024-04-27T00:01:10.520+0000] {processor.py:161} INFO - Started process (PID=167) to work on /home/airflow/.local/lib/python3.12/site-packages/airflow/example_dags/example_sla_dag.py
[2024-04-27T00:01:10.521+0000] {processor.py:830} INFO - Processing file /home/airflow/.local/lib/python3.12/site-packages/airflow/example_dags/example_sla_dag.py for tasks to queue
[2024-04-27T00:01:10.523+0000] {logging_mixin.py:188} INFO - [2024-04-27T00:01:10.523+0000] {dagbag.py:540} INFO - Filling up the DagBag from /home/airflow/.local/lib/python3.12/site-packages/airflow/example_dags/example_sla_dag.py
[2024-04-27T00:01:10.531+0000] {processor.py:840} INFO - DAG(s) 'example_sla_dag' retrieved from /home/airflow/.local/lib/python3.12/site-packages/airflow/example_dags/example_sla_dag.py
[2024-04-27T00:01:10.549+0000] {logging_mixin.py:188} INFO - [2024-04-27T00:01:10.549+0000] {dag.py:3096} INFO - Sync 1 DAGs
[2024-04-27T00:01:10.566+0000] {logging_mixin.py:188} INFO - [2024-04-27T00:01:10.566+0000] {dag.py:3954} INFO - Setting next_dagrun for example_sla_dag to 2024-04-26 23:58:00+00:00, run_after=2024-04-27 00:00:00+00:00
[2024-04-27T00:01:10.585+0000] {processor.py:183} INFO - Processing /home/airflow/.local/lib/python3.12/site-packages/airflow/example_dags/example_sla_dag.py took 0.070 seconds
[2024-04-27T00:01:41.024+0000] {processor.py:161} INFO - Started process (PID=226) to work on /home/airflow/.local/lib/python3.12/site-packages/airflow/example_dags/example_sla_dag.py
[2024-04-27T00:01:41.025+0000] {processor.py:830} INFO - Processing file /home/airflow/.local/lib/python3.12/site-packages/airflow/example_dags/example_sla_dag.py for tasks to queue
[2024-04-27T00:01:41.026+0000] {logging_mixin.py:188} INFO - [2024-04-27T00:01:41.026+0000] {dagbag.py:540} INFO - Filling up the DagBag from /home/airflow/.local/lib/python3.12/site-packages/airflow/example_dags/example_sla_dag.py
[2024-04-27T00:01:41.033+0000] {processor.py:840} INFO - DAG(s) 'example_sla_dag' retrieved from /home/airflow/.local/lib/python3.12/site-packages/airflow/example_dags/example_sla_dag.py
[2024-04-27T00:01:41.050+0000] {logging_mixin.py:188} INFO - [2024-04-27T00:01:41.049+0000] {dag.py:3096} INFO - Sync 1 DAGs
[2024-04-27T00:01:41.071+0000] {logging_mixin.py:188} INFO - [2024-04-27T00:01:41.071+0000] {dag.py:3954} INFO - Setting next_dagrun for example_sla_dag to 2024-04-26 23:58:00+00:00, run_after=2024-04-27 00:00:00+00:00
[2024-04-27T00:01:41.087+0000] {processor.py:183} INFO - Processing /home/airflow/.local/lib/python3.12/site-packages/airflow/example_dags/example_sla_dag.py took 0.069 seconds
[2024-04-27T00:02:11.126+0000] {processor.py:161} INFO - Started process (PID=285) to work on /home/airflow/.local/lib/python3.12/site-packages/airflow/example_dags/example_sla_dag.py
[2024-04-27T00:02:11.126+0000] {processor.py:830} INFO - Processing file /home/airflow/.local/lib/python3.12/site-packages/airflow/example_dags/example_sla_dag.py for tasks to queue
[2024-04-27T00:02:11.128+0000] {logging_mixin.py:188} INFO - [2024-04-27T00:02:11.128+0000] {dagbag.py:540} INFO - Filling up the DagBag from /home/airflow/.local/lib/python3.12/site-packages/airflow/example_dags/example_sla_dag.py
[2024-04-27T00:02:11.135+0000] {processor.py:840} INFO - DAG(s) 'example_sla_dag' retrieved from /home/airflow/.local/lib/python3.12/site-packages/airflow/example_dags/example_sla_dag.py
[2024-04-27T00:02:11.152+0000] {logging_mixin.py:188} INFO - [2024-04-27T00:02:11.151+0000] {dag.py:3096} INFO - Sync 1 DAGs
[2024-04-27T00:02:11.170+0000] {logging_mixin.py:188} INFO - [2024-04-27T00:02:11.170+0000] {dag.py:3954} INFO - Setting next_dagrun for example_sla_dag to 2024-04-27 00:00:00+00:00, run_after=2024-04-27 00:02:00+00:00
[2024-04-27T00:02:11.190+0000] {processor.py:183} INFO - Processing /home/airflow/.local/lib/python3.12/site-packages/airflow/example_dags/example_sla_dag.py took 0.069 seconds
[2024-04-27T00:02:41.472+0000] {processor.py:161} INFO - Started process (PID=344) to work on /home/airflow/.local/lib/python3.12/site-packages/airflow/example_dags/example_sla_dag.py
[2024-04-27T00:02:41.473+0000] {processor.py:830} INFO - Processing file /home/airflow/.local/lib/python3.12/site-packages/airflow/example_dags/example_sla_dag.py for tasks to queue
[2024-04-27T00:02:41.475+0000] {logging_mixin.py:188} INFO - [2024-04-27T00:02:41.474+0000] {dagbag.py:540} INFO - Filling up the DagBag from /home/airflow/.local/lib/python3.12/site-packages/airflow/example_dags/example_sla_dag.py
[2024-04-27T00:02:41.481+0000] {processor.py:840} INFO - DAG(s) 'example_sla_dag' retrieved from /home/airflow/.local/lib/python3.12/site-packages/airflow/example_dags/example_sla_dag.py
[2024-04-27T00:02:41.499+0000] {logging_mixin.py:188} INFO - [2024-04-27T00:02:41.498+0000] {dag.py:3096} INFO - Sync 1 DAGs
[2024-04-27T00:02:41.520+0000] {logging_mixin.py:188} INFO - [2024-04-27T00:02:41.520+0000] {dag.py:3954} INFO - Setting next_dagrun for example_sla_dag to 2024-04-27 00:00:00+00:00, run_after=2024-04-27 00:02:00+00:00
[2024-04-27T00:02:41.538+0000] {processor.py:183} INFO - Processing /home/airflow/.local/lib/python3.12/site-packages/airflow/example_dags/example_sla_dag.py took 0.071 seconds
[2024-04-27T00:03:11.942+0000] {processor.py:161} INFO - Started process (PID=403) to work on /home/airflow/.local/lib/python3.12/site-packages/airflow/example_dags/example_sla_dag.py
[2024-04-27T00:03:11.943+0000] {processor.py:830} INFO - Processing file /home/airflow/.local/lib/python3.12/site-packages/airflow/example_dags/example_sla_dag.py for tasks to queue
[2024-04-27T00:03:11.945+0000] {logging_mixin.py:188} INFO - [2024-04-27T00:03:11.945+0000] {dagbag.py:540} INFO - Filling up the DagBag from /home/airflow/.local/lib/python3.12/site-packages/airflow/example_dags/example_sla_dag.py
[2024-04-27T00:03:11.952+0000] {processor.py:840} INFO - DAG(s) 'example_sla_dag' retrieved from /home/airflow/.local/lib/python3.12/site-packages/airflow/example_dags/example_sla_dag.py
[2024-04-27T00:03:11.972+0000] {logging_mixin.py:188} INFO - [2024-04-27T00:03:11.971+0000] {dag.py:3096} INFO - Sync 1 DAGs
[2024-04-27T00:03:11.995+0000] {logging_mixin.py:188} INFO - [2024-04-27T00:03:11.995+0000] {dag.py:3954} INFO - Setting next_dagrun for example_sla_dag to 2024-04-27 00:00:00+00:00, run_after=2024-04-27 00:02:00+00:00
[2024-04-27T00:03:12.015+0000] {processor.py:183} INFO - Processing /home/airflow/.local/lib/python3.12/site-packages/airflow/example_dags/example_sla_dag.py took 0.078 seconds
[2024-04-27T00:03:42.250+0000] {processor.py:161} INFO - Started process (PID=463) to work on /home/airflow/.local/lib/python3.12/site-packages/airflow/example_dags/example_sla_dag.py
[2024-04-27T00:03:42.251+0000] {processor.py:830} INFO - Processing file /home/airflow/.local/lib/python3.12/site-packages/airflow/example_dags/example_sla_dag.py for tasks to queue
[2024-04-27T00:03:42.254+0000] {logging_mixin.py:188} INFO - [2024-04-27T00:03:42.253+0000] {dagbag.py:540} INFO - Filling up the DagBag from /home/airflow/.local/lib/python3.12/site-packages/airflow/example_dags/example_sla_dag.py
[2024-04-27T00:03:42.260+0000] {processor.py:840} INFO - DAG(s) 'example_sla_dag' retrieved from /home/airflow/.local/lib/python3.12/site-packages/airflow/example_dags/example_sla_dag.py
[2024-04-27T00:03:42.277+0000] {logging_mixin.py:188} INFO - [2024-04-27T00:03:42.276+0000] {dag.py:3096} INFO - Sync 1 DAGs
[2024-04-27T00:03:42.295+0000] {logging_mixin.py:188} INFO - [2024-04-27T00:03:42.295+0000] {dag.py:3954} INFO - Setting next_dagrun for example_sla_dag to 2024-04-27 00:00:00+00:00, run_after=2024-04-27 00:02:00+00:00
[2024-04-27T00:03:42.317+0000] {processor.py:183} INFO - Processing /home/airflow/.local/lib/python3.12/site-packages/airflow/example_dags/example_sla_dag.py took 0.072 seconds
[2024-04-27T00:04:12.647+0000] {processor.py:161} INFO - Started process (PID=522) to work on /home/airflow/.local/lib/python3.12/site-packages/airflow/example_dags/example_sla_dag.py
[2024-04-27T00:04:12.648+0000] {processor.py:830} INFO - Processing file /home/airflow/.local/lib/python3.12/site-packages/airflow/example_dags/example_sla_dag.py for tasks to queue
[2024-04-27T00:04:12.650+0000] {logging_mixin.py:188} INFO - [2024-04-27T00:04:12.650+0000] {dagbag.py:540} INFO - Filling up the DagBag from /home/airflow/.local/lib/python3.12/site-packages/airflow/example_dags/example_sla_dag.py
[2024-04-27T00:04:12.657+0000] {processor.py:840} INFO - DAG(s) 'example_sla_dag' retrieved from /home/airflow/.local/lib/python3.12/site-packages/airflow/example_dags/example_sla_dag.py
[2024-04-27T00:04:12.677+0000] {logging_mixin.py:188} INFO - [2024-04-27T00:04:12.677+0000] {dag.py:3096} INFO - Sync 1 DAGs
[2024-04-27T00:04:12.698+0000] {logging_mixin.py:188} INFO - [2024-04-27T00:04:12.698+0000] {dag.py:3954} INFO - Setting next_dagrun for example_sla_dag to 2024-04-27 00:02:00+00:00, run_after=2024-04-27 00:04:00+00:00
[2024-04-27T00:04:12.718+0000] {processor.py:183} INFO - Processing /home/airflow/.local/lib/python3.12/site-packages/airflow/example_dags/example_sla_dag.py took 0.076 seconds
[2024-04-27T00:04:42.957+0000] {processor.py:161} INFO - Started process (PID=581) to work on /home/airflow/.local/lib/python3.12/site-packages/airflow/example_dags/example_sla_dag.py
[2024-04-27T00:04:42.959+0000] {processor.py:830} INFO - Processing file /home/airflow/.local/lib/python3.12/site-packages/airflow/example_dags/example_sla_dag.py for tasks to queue
[2024-04-27T00:04:42.961+0000] {logging_mixin.py:188} INFO - [2024-04-27T00:04:42.961+0000] {dagbag.py:540} INFO - Filling up the DagBag from /home/airflow/.local/lib/python3.12/site-packages/airflow/example_dags/example_sla_dag.py
[2024-04-27T00:04:42.968+0000] {processor.py:840} INFO - DAG(s) 'example_sla_dag' retrieved from /home/airflow/.local/lib/python3.12/site-packages/airflow/example_dags/example_sla_dag.py
[2024-04-27T00:04:42.988+0000] {logging_mixin.py:188} INFO - [2024-04-27T00:04:42.988+0000] {dag.py:3096} INFO - Sync 1 DAGs
[2024-04-27T00:04:43.012+0000] {logging_mixin.py:188} INFO - [2024-04-27T00:04:43.012+0000] {dag.py:3954} INFO - Setting next_dagrun for example_sla_dag to 2024-04-27 00:02:00+00:00, run_after=2024-04-27 00:04:00+00:00
[2024-04-27T00:04:43.031+0000] {processor.py:183} INFO - Processing /home/airflow/.local/lib/python3.12/site-packages/airflow/example_dags/example_sla_dag.py took 0.078 seconds
[2024-04-27T00:14:06.425+0000] {processor.py:161} INFO - Started process (PID=49) to work on /home/airflow/.local/lib/python3.12/site-packages/airflow/example_dags/example_sla_dag.py
[2024-04-27T00:14:06.427+0000] {processor.py:830} INFO - Processing file /home/airflow/.local/lib/python3.12/site-packages/airflow/example_dags/example_sla_dag.py for tasks to queue
[2024-04-27T00:14:06.433+0000] {logging_mixin.py:188} INFO - [2024-04-27T00:14:06.432+0000] {dagbag.py:540} INFO - Filling up the DagBag from /home/airflow/.local/lib/python3.12/site-packages/airflow/example_dags/example_sla_dag.py
[2024-04-27T00:14:06.442+0000] {processor.py:840} INFO - DAG(s) 'example_sla_dag' retrieved from /home/airflow/.local/lib/python3.12/site-packages/airflow/example_dags/example_sla_dag.py
[2024-04-27T00:14:06.457+0000] {logging_mixin.py:188} INFO - [2024-04-27T00:14:06.457+0000] {dag.py:3096} INFO - Sync 1 DAGs
[2024-04-27T00:14:06.482+0000] {logging_mixin.py:188} INFO - [2024-04-27T00:14:06.481+0000] {dag.py:3954} INFO - Setting next_dagrun for example_sla_dag to 2024-04-27 00:12:00+00:00, run_after=2024-04-27 00:14:00+00:00
[2024-04-27T00:14:06.508+0000] {processor.py:183} INFO - Processing /home/airflow/.local/lib/python3.12/site-packages/airflow/example_dags/example_sla_dag.py took 0.095 seconds
[2024-04-27T00:14:37.216+0000] {processor.py:161} INFO - Started process (PID=108) to work on /home/airflow/.local/lib/python3.12/site-packages/airflow/example_dags/example_sla_dag.py
[2024-04-27T00:14:37.217+0000] {processor.py:830} INFO - Processing file /home/airflow/.local/lib/python3.12/site-packages/airflow/example_dags/example_sla_dag.py for tasks to queue
[2024-04-27T00:14:37.219+0000] {logging_mixin.py:188} INFO - [2024-04-27T00:14:37.219+0000] {dagbag.py:540} INFO - Filling up the DagBag from /home/airflow/.local/lib/python3.12/site-packages/airflow/example_dags/example_sla_dag.py
[2024-04-27T00:14:37.226+0000] {processor.py:840} INFO - DAG(s) 'example_sla_dag' retrieved from /home/airflow/.local/lib/python3.12/site-packages/airflow/example_dags/example_sla_dag.py
[2024-04-27T00:14:37.315+0000] {logging_mixin.py:188} INFO - [2024-04-27T00:14:37.315+0000] {dag.py:3096} INFO - Sync 1 DAGs
[2024-04-27T00:14:37.340+0000] {logging_mixin.py:188} INFO - [2024-04-27T00:14:37.340+0000] {dag.py:3954} INFO - Setting next_dagrun for example_sla_dag to 2024-04-27 00:12:00+00:00, run_after=2024-04-27 00:14:00+00:00
[2024-04-27T00:14:37.362+0000] {processor.py:183} INFO - Processing /home/airflow/.local/lib/python3.12/site-packages/airflow/example_dags/example_sla_dag.py took 0.151 seconds
[2024-04-27T00:15:07.460+0000] {processor.py:161} INFO - Started process (PID=167) to work on /home/airflow/.local/lib/python3.12/site-packages/airflow/example_dags/example_sla_dag.py
[2024-04-27T00:15:07.461+0000] {processor.py:830} INFO - Processing file /home/airflow/.local/lib/python3.12/site-packages/airflow/example_dags/example_sla_dag.py for tasks to queue
[2024-04-27T00:15:07.464+0000] {logging_mixin.py:188} INFO - [2024-04-27T00:15:07.464+0000] {dagbag.py:540} INFO - Filling up the DagBag from /home/airflow/.local/lib/python3.12/site-packages/airflow/example_dags/example_sla_dag.py
[2024-04-27T00:15:07.475+0000] {processor.py:840} INFO - DAG(s) 'example_sla_dag' retrieved from /home/airflow/.local/lib/python3.12/site-packages/airflow/example_dags/example_sla_dag.py
[2024-04-27T00:15:07.502+0000] {logging_mixin.py:188} INFO - [2024-04-27T00:15:07.501+0000] {dag.py:3096} INFO - Sync 1 DAGs
[2024-04-27T00:15:07.533+0000] {logging_mixin.py:188} INFO - [2024-04-27T00:15:07.532+0000] {dag.py:3954} INFO - Setting next_dagrun for example_sla_dag to 2024-04-27 00:12:00+00:00, run_after=2024-04-27 00:14:00+00:00
[2024-04-27T00:15:07.559+0000] {processor.py:183} INFO - Processing /home/airflow/.local/lib/python3.12/site-packages/airflow/example_dags/example_sla_dag.py took 0.105 seconds
[2024-04-27T00:15:38.486+0000] {processor.py:161} INFO - Started process (PID=226) to work on /home/airflow/.local/lib/python3.12/site-packages/airflow/example_dags/example_sla_dag.py
[2024-04-27T00:15:38.487+0000] {processor.py:830} INFO - Processing file /home/airflow/.local/lib/python3.12/site-packages/airflow/example_dags/example_sla_dag.py for tasks to queue
[2024-04-27T00:15:38.488+0000] {logging_mixin.py:188} INFO - [2024-04-27T00:15:38.488+0000] {dagbag.py:540} INFO - Filling up the DagBag from /home/airflow/.local/lib/python3.12/site-packages/airflow/example_dags/example_sla_dag.py
[2024-04-27T00:15:38.495+0000] {processor.py:840} INFO - DAG(s) 'example_sla_dag' retrieved from /home/airflow/.local/lib/python3.12/site-packages/airflow/example_dags/example_sla_dag.py
[2024-04-27T00:15:38.512+0000] {logging_mixin.py:188} INFO - [2024-04-27T00:15:38.512+0000] {dag.py:3096} INFO - Sync 1 DAGs
[2024-04-27T00:15:38.533+0000] {logging_mixin.py:188} INFO - [2024-04-27T00:15:38.533+0000] {dag.py:3954} INFO - Setting next_dagrun for example_sla_dag to 2024-04-27 00:12:00+00:00, run_after=2024-04-27 00:14:00+00:00
[2024-04-27T00:15:38.552+0000] {processor.py:183} INFO - Processing /home/airflow/.local/lib/python3.12/site-packages/airflow/example_dags/example_sla_dag.py took 0.071 seconds
[2024-04-27T00:16:08.896+0000] {processor.py:161} INFO - Started process (PID=285) to work on /home/airflow/.local/lib/python3.12/site-packages/airflow/example_dags/example_sla_dag.py
[2024-04-27T00:16:08.896+0000] {processor.py:830} INFO - Processing file /home/airflow/.local/lib/python3.12/site-packages/airflow/example_dags/example_sla_dag.py for tasks to queue
[2024-04-27T00:16:08.898+0000] {logging_mixin.py:188} INFO - [2024-04-27T00:16:08.898+0000] {dagbag.py:540} INFO - Filling up the DagBag from /home/airflow/.local/lib/python3.12/site-packages/airflow/example_dags/example_sla_dag.py
[2024-04-27T00:16:08.906+0000] {processor.py:840} INFO - DAG(s) 'example_sla_dag' retrieved from /home/airflow/.local/lib/python3.12/site-packages/airflow/example_dags/example_sla_dag.py
[2024-04-27T00:16:08.928+0000] {logging_mixin.py:188} INFO - [2024-04-27T00:16:08.927+0000] {dag.py:3096} INFO - Sync 1 DAGs
[2024-04-27T00:16:08.953+0000] {logging_mixin.py:188} INFO - [2024-04-27T00:16:08.953+0000] {dag.py:3954} INFO - Setting next_dagrun for example_sla_dag to 2024-04-27 00:14:00+00:00, run_after=2024-04-27 00:16:00+00:00
[2024-04-27T00:16:08.977+0000] {processor.py:183} INFO - Processing /home/airflow/.local/lib/python3.12/site-packages/airflow/example_dags/example_sla_dag.py took 0.086 seconds
[2024-04-27T00:16:39.221+0000] {processor.py:161} INFO - Started process (PID=344) to work on /home/airflow/.local/lib/python3.12/site-packages/airflow/example_dags/example_sla_dag.py
[2024-04-27T00:16:39.222+0000] {processor.py:830} INFO - Processing file /home/airflow/.local/lib/python3.12/site-packages/airflow/example_dags/example_sla_dag.py for tasks to queue
[2024-04-27T00:16:39.224+0000] {logging_mixin.py:188} INFO - [2024-04-27T00:16:39.224+0000] {dagbag.py:540} INFO - Filling up the DagBag from /home/airflow/.local/lib/python3.12/site-packages/airflow/example_dags/example_sla_dag.py
[2024-04-27T00:16:39.230+0000] {processor.py:840} INFO - DAG(s) 'example_sla_dag' retrieved from /home/airflow/.local/lib/python3.12/site-packages/airflow/example_dags/example_sla_dag.py
[2024-04-27T00:16:39.249+0000] {logging_mixin.py:188} INFO - [2024-04-27T00:16:39.249+0000] {dag.py:3096} INFO - Sync 1 DAGs
[2024-04-27T00:16:39.271+0000] {logging_mixin.py:188} INFO - [2024-04-27T00:16:39.271+0000] {dag.py:3954} INFO - Setting next_dagrun for example_sla_dag to 2024-04-27 00:14:00+00:00, run_after=2024-04-27 00:16:00+00:00
[2024-04-27T00:16:39.291+0000] {processor.py:183} INFO - Processing /home/airflow/.local/lib/python3.12/site-packages/airflow/example_dags/example_sla_dag.py took 0.074 seconds
