[2024-04-27T00:00:10.477+0000] {processor.py:161} INFO - Started process (PID=56) to work on /home/airflow/.local/lib/python3.12/site-packages/airflow/example_dags/example_branch_operator.py
[2024-04-27T00:00:10.492+0000] {processor.py:830} INFO - Processing file /home/airflow/.local/lib/python3.12/site-packages/airflow/example_dags/example_branch_operator.py for tasks to queue
[2024-04-27T00:00:10.502+0000] {logging_mixin.py:188} INFO - [2024-04-27T00:00:10.501+0000] {dagbag.py:540} INFO - Filling up the DagBag from /home/airflow/.local/lib/python3.12/site-packages/airflow/example_dags/example_branch_operator.py
[2024-04-27T00:00:10.565+0000] {processor.py:840} INFO - DAG(s) 'example_branch_operator' retrieved from /home/airflow/.local/lib/python3.12/site-packages/airflow/example_dags/example_branch_operator.py
[2024-04-27T00:00:10.612+0000] {logging_mixin.py:188} INFO - [2024-04-27T00:00:10.611+0000] {dag.py:3096} INFO - Sync 1 DAGs
[2024-04-27T00:00:10.721+0000] {logging_mixin.py:188} INFO - [2024-04-27T00:00:10.721+0000] {dag.py:3954} INFO - Setting next_dagrun for example_branch_operator to 2024-04-26 00:00:00+00:00, run_after=2024-04-27 00:00:00+00:00
[2024-04-27T00:00:10.766+0000] {processor.py:183} INFO - Processing /home/airflow/.local/lib/python3.12/site-packages/airflow/example_dags/example_branch_operator.py took 0.340 seconds
[2024-04-27T00:00:40.830+0000] {processor.py:161} INFO - Started process (PID=115) to work on /home/airflow/.local/lib/python3.12/site-packages/airflow/example_dags/example_branch_operator.py
[2024-04-27T00:00:40.831+0000] {processor.py:830} INFO - Processing file /home/airflow/.local/lib/python3.12/site-packages/airflow/example_dags/example_branch_operator.py for tasks to queue
[2024-04-27T00:00:40.833+0000] {logging_mixin.py:188} INFO - [2024-04-27T00:00:40.833+0000] {dagbag.py:540} INFO - Filling up the DagBag from /home/airflow/.local/lib/python3.12/site-packages/airflow/example_dags/example_branch_operator.py
[2024-04-27T00:00:40.847+0000] {processor.py:840} INFO - DAG(s) 'example_branch_operator' retrieved from /home/airflow/.local/lib/python3.12/site-packages/airflow/example_dags/example_branch_operator.py
[2024-04-27T00:00:40.945+0000] {logging_mixin.py:188} INFO - [2024-04-27T00:00:40.944+0000] {dag.py:3096} INFO - Sync 1 DAGs
[2024-04-27T00:00:40.964+0000] {logging_mixin.py:188} INFO - [2024-04-27T00:00:40.964+0000] {dag.py:3954} INFO - Setting next_dagrun for example_branch_operator to 2024-04-26 00:00:00+00:00, run_after=2024-04-27 00:00:00+00:00
[2024-04-27T00:00:40.986+0000] {processor.py:183} INFO - Processing /home/airflow/.local/lib/python3.12/site-packages/airflow/example_dags/example_branch_operator.py took 0.161 seconds
[2024-04-27T00:01:11.899+0000] {processor.py:161} INFO - Started process (PID=174) to work on /home/airflow/.local/lib/python3.12/site-packages/airflow/example_dags/example_branch_operator.py
[2024-04-27T00:01:11.900+0000] {processor.py:830} INFO - Processing file /home/airflow/.local/lib/python3.12/site-packages/airflow/example_dags/example_branch_operator.py for tasks to queue
[2024-04-27T00:01:11.901+0000] {logging_mixin.py:188} INFO - [2024-04-27T00:01:11.901+0000] {dagbag.py:540} INFO - Filling up the DagBag from /home/airflow/.local/lib/python3.12/site-packages/airflow/example_dags/example_branch_operator.py
[2024-04-27T00:01:11.914+0000] {processor.py:840} INFO - DAG(s) 'example_branch_operator' retrieved from /home/airflow/.local/lib/python3.12/site-packages/airflow/example_dags/example_branch_operator.py
[2024-04-27T00:01:11.937+0000] {logging_mixin.py:188} INFO - [2024-04-27T00:01:11.937+0000] {dag.py:3096} INFO - Sync 1 DAGs
[2024-04-27T00:01:11.959+0000] {logging_mixin.py:188} INFO - [2024-04-27T00:01:11.959+0000] {dag.py:3954} INFO - Setting next_dagrun for example_branch_operator to 2024-04-26 00:00:00+00:00, run_after=2024-04-27 00:00:00+00:00
[2024-04-27T00:01:11.977+0000] {processor.py:183} INFO - Processing /home/airflow/.local/lib/python3.12/site-packages/airflow/example_dags/example_branch_operator.py took 0.084 seconds
[2024-04-27T00:01:42.418+0000] {processor.py:161} INFO - Started process (PID=233) to work on /home/airflow/.local/lib/python3.12/site-packages/airflow/example_dags/example_branch_operator.py
[2024-04-27T00:01:42.420+0000] {processor.py:830} INFO - Processing file /home/airflow/.local/lib/python3.12/site-packages/airflow/example_dags/example_branch_operator.py for tasks to queue
[2024-04-27T00:01:42.422+0000] {logging_mixin.py:188} INFO - [2024-04-27T00:01:42.421+0000] {dagbag.py:540} INFO - Filling up the DagBag from /home/airflow/.local/lib/python3.12/site-packages/airflow/example_dags/example_branch_operator.py
[2024-04-27T00:01:42.435+0000] {processor.py:840} INFO - DAG(s) 'example_branch_operator' retrieved from /home/airflow/.local/lib/python3.12/site-packages/airflow/example_dags/example_branch_operator.py
[2024-04-27T00:01:42.458+0000] {logging_mixin.py:188} INFO - [2024-04-27T00:01:42.458+0000] {dag.py:3096} INFO - Sync 1 DAGs
[2024-04-27T00:01:42.476+0000] {logging_mixin.py:188} INFO - [2024-04-27T00:01:42.475+0000] {dag.py:3954} INFO - Setting next_dagrun for example_branch_operator to 2024-04-26 00:00:00+00:00, run_after=2024-04-27 00:00:00+00:00
[2024-04-27T00:01:42.496+0000] {processor.py:183} INFO - Processing /home/airflow/.local/lib/python3.12/site-packages/airflow/example_dags/example_branch_operator.py took 0.083 seconds
[2024-04-27T00:02:12.529+0000] {processor.py:161} INFO - Started process (PID=292) to work on /home/airflow/.local/lib/python3.12/site-packages/airflow/example_dags/example_branch_operator.py
[2024-04-27T00:02:12.530+0000] {processor.py:830} INFO - Processing file /home/airflow/.local/lib/python3.12/site-packages/airflow/example_dags/example_branch_operator.py for tasks to queue
[2024-04-27T00:02:12.532+0000] {logging_mixin.py:188} INFO - [2024-04-27T00:02:12.531+0000] {dagbag.py:540} INFO - Filling up the DagBag from /home/airflow/.local/lib/python3.12/site-packages/airflow/example_dags/example_branch_operator.py
[2024-04-27T00:02:12.544+0000] {processor.py:840} INFO - DAG(s) 'example_branch_operator' retrieved from /home/airflow/.local/lib/python3.12/site-packages/airflow/example_dags/example_branch_operator.py
[2024-04-27T00:02:12.567+0000] {logging_mixin.py:188} INFO - [2024-04-27T00:02:12.567+0000] {dag.py:3096} INFO - Sync 1 DAGs
[2024-04-27T00:02:12.584+0000] {logging_mixin.py:188} INFO - [2024-04-27T00:02:12.584+0000] {dag.py:3954} INFO - Setting next_dagrun for example_branch_operator to 2024-04-26 00:00:00+00:00, run_after=2024-04-27 00:00:00+00:00
[2024-04-27T00:02:12.605+0000] {processor.py:183} INFO - Processing /home/airflow/.local/lib/python3.12/site-packages/airflow/example_dags/example_branch_operator.py took 0.080 seconds
[2024-04-27T00:02:42.860+0000] {processor.py:161} INFO - Started process (PID=351) to work on /home/airflow/.local/lib/python3.12/site-packages/airflow/example_dags/example_branch_operator.py
[2024-04-27T00:02:42.862+0000] {processor.py:830} INFO - Processing file /home/airflow/.local/lib/python3.12/site-packages/airflow/example_dags/example_branch_operator.py for tasks to queue
[2024-04-27T00:02:42.863+0000] {logging_mixin.py:188} INFO - [2024-04-27T00:02:42.863+0000] {dagbag.py:540} INFO - Filling up the DagBag from /home/airflow/.local/lib/python3.12/site-packages/airflow/example_dags/example_branch_operator.py
[2024-04-27T00:02:42.876+0000] {processor.py:840} INFO - DAG(s) 'example_branch_operator' retrieved from /home/airflow/.local/lib/python3.12/site-packages/airflow/example_dags/example_branch_operator.py
[2024-04-27T00:02:42.899+0000] {logging_mixin.py:188} INFO - [2024-04-27T00:02:42.899+0000] {dag.py:3096} INFO - Sync 1 DAGs
[2024-04-27T00:02:42.920+0000] {logging_mixin.py:188} INFO - [2024-04-27T00:02:42.920+0000] {dag.py:3954} INFO - Setting next_dagrun for example_branch_operator to 2024-04-26 00:00:00+00:00, run_after=2024-04-27 00:00:00+00:00
[2024-04-27T00:02:42.940+0000] {processor.py:183} INFO - Processing /home/airflow/.local/lib/python3.12/site-packages/airflow/example_dags/example_branch_operator.py took 0.085 seconds
[2024-04-27T00:03:13.371+0000] {processor.py:161} INFO - Started process (PID=410) to work on /home/airflow/.local/lib/python3.12/site-packages/airflow/example_dags/example_branch_operator.py
[2024-04-27T00:03:13.372+0000] {processor.py:830} INFO - Processing file /home/airflow/.local/lib/python3.12/site-packages/airflow/example_dags/example_branch_operator.py for tasks to queue
[2024-04-27T00:03:13.374+0000] {logging_mixin.py:188} INFO - [2024-04-27T00:03:13.374+0000] {dagbag.py:540} INFO - Filling up the DagBag from /home/airflow/.local/lib/python3.12/site-packages/airflow/example_dags/example_branch_operator.py
[2024-04-27T00:03:13.390+0000] {processor.py:840} INFO - DAG(s) 'example_branch_operator' retrieved from /home/airflow/.local/lib/python3.12/site-packages/airflow/example_dags/example_branch_operator.py
[2024-04-27T00:03:13.416+0000] {logging_mixin.py:188} INFO - [2024-04-27T00:03:13.416+0000] {dag.py:3096} INFO - Sync 1 DAGs
[2024-04-27T00:03:13.437+0000] {logging_mixin.py:188} INFO - [2024-04-27T00:03:13.437+0000] {dag.py:3954} INFO - Setting next_dagrun for example_branch_operator to 2024-04-26 00:00:00+00:00, run_after=2024-04-27 00:00:00+00:00
[2024-04-27T00:03:13.454+0000] {processor.py:183} INFO - Processing /home/airflow/.local/lib/python3.12/site-packages/airflow/example_dags/example_branch_operator.py took 0.089 seconds
[2024-04-27T00:03:43.645+0000] {processor.py:161} INFO - Started process (PID=470) to work on /home/airflow/.local/lib/python3.12/site-packages/airflow/example_dags/example_branch_operator.py
[2024-04-27T00:03:43.646+0000] {processor.py:830} INFO - Processing file /home/airflow/.local/lib/python3.12/site-packages/airflow/example_dags/example_branch_operator.py for tasks to queue
[2024-04-27T00:03:43.648+0000] {logging_mixin.py:188} INFO - [2024-04-27T00:03:43.648+0000] {dagbag.py:540} INFO - Filling up the DagBag from /home/airflow/.local/lib/python3.12/site-packages/airflow/example_dags/example_branch_operator.py
[2024-04-27T00:03:43.662+0000] {processor.py:840} INFO - DAG(s) 'example_branch_operator' retrieved from /home/airflow/.local/lib/python3.12/site-packages/airflow/example_dags/example_branch_operator.py
[2024-04-27T00:03:43.688+0000] {logging_mixin.py:188} INFO - [2024-04-27T00:03:43.688+0000] {dag.py:3096} INFO - Sync 1 DAGs
[2024-04-27T00:03:43.708+0000] {logging_mixin.py:188} INFO - [2024-04-27T00:03:43.708+0000] {dag.py:3954} INFO - Setting next_dagrun for example_branch_operator to 2024-04-26 00:00:00+00:00, run_after=2024-04-27 00:00:00+00:00
[2024-04-27T00:03:43.727+0000] {processor.py:183} INFO - Processing /home/airflow/.local/lib/python3.12/site-packages/airflow/example_dags/example_branch_operator.py took 0.086 seconds
[2024-04-27T00:04:14.071+0000] {processor.py:161} INFO - Started process (PID=529) to work on /home/airflow/.local/lib/python3.12/site-packages/airflow/example_dags/example_branch_operator.py
[2024-04-27T00:04:14.072+0000] {processor.py:830} INFO - Processing file /home/airflow/.local/lib/python3.12/site-packages/airflow/example_dags/example_branch_operator.py for tasks to queue
[2024-04-27T00:04:14.074+0000] {logging_mixin.py:188} INFO - [2024-04-27T00:04:14.073+0000] {dagbag.py:540} INFO - Filling up the DagBag from /home/airflow/.local/lib/python3.12/site-packages/airflow/example_dags/example_branch_operator.py
[2024-04-27T00:04:14.087+0000] {processor.py:840} INFO - DAG(s) 'example_branch_operator' retrieved from /home/airflow/.local/lib/python3.12/site-packages/airflow/example_dags/example_branch_operator.py
[2024-04-27T00:04:14.115+0000] {logging_mixin.py:188} INFO - [2024-04-27T00:04:14.115+0000] {dag.py:3096} INFO - Sync 1 DAGs
[2024-04-27T00:04:14.136+0000] {logging_mixin.py:188} INFO - [2024-04-27T00:04:14.135+0000] {dag.py:3954} INFO - Setting next_dagrun for example_branch_operator to 2024-04-26 00:00:00+00:00, run_after=2024-04-27 00:00:00+00:00
[2024-04-27T00:04:14.160+0000] {processor.py:183} INFO - Processing /home/airflow/.local/lib/python3.12/site-packages/airflow/example_dags/example_branch_operator.py took 0.094 seconds
[2024-04-27T00:04:44.533+0000] {processor.py:161} INFO - Started process (PID=589) to work on /home/airflow/.local/lib/python3.12/site-packages/airflow/example_dags/example_branch_operator.py
[2024-04-27T00:04:44.535+0000] {processor.py:830} INFO - Processing file /home/airflow/.local/lib/python3.12/site-packages/airflow/example_dags/example_branch_operator.py for tasks to queue
[2024-04-27T00:04:44.538+0000] {logging_mixin.py:188} INFO - [2024-04-27T00:04:44.538+0000] {dagbag.py:540} INFO - Filling up the DagBag from /home/airflow/.local/lib/python3.12/site-packages/airflow/example_dags/example_branch_operator.py
[2024-04-27T00:04:44.561+0000] {processor.py:840} INFO - DAG(s) 'example_branch_operator' retrieved from /home/airflow/.local/lib/python3.12/site-packages/airflow/example_dags/example_branch_operator.py
[2024-04-27T00:04:44.592+0000] {logging_mixin.py:188} INFO - [2024-04-27T00:04:44.592+0000] {dag.py:3096} INFO - Sync 1 DAGs
[2024-04-27T00:04:44.619+0000] {logging_mixin.py:188} INFO - [2024-04-27T00:04:44.619+0000] {dag.py:3954} INFO - Setting next_dagrun for example_branch_operator to 2024-04-26 00:00:00+00:00, run_after=2024-04-27 00:00:00+00:00
[2024-04-27T00:04:44.646+0000] {processor.py:183} INFO - Processing /home/airflow/.local/lib/python3.12/site-packages/airflow/example_dags/example_branch_operator.py took 0.120 seconds
[2024-04-27T00:14:06.811+0000] {processor.py:161} INFO - Started process (PID=56) to work on /home/airflow/.local/lib/python3.12/site-packages/airflow/example_dags/example_branch_operator.py
[2024-04-27T00:14:06.813+0000] {processor.py:830} INFO - Processing file /home/airflow/.local/lib/python3.12/site-packages/airflow/example_dags/example_branch_operator.py for tasks to queue
[2024-04-27T00:14:06.816+0000] {logging_mixin.py:188} INFO - [2024-04-27T00:14:06.816+0000] {dagbag.py:540} INFO - Filling up the DagBag from /home/airflow/.local/lib/python3.12/site-packages/airflow/example_dags/example_branch_operator.py
[2024-04-27T00:14:06.836+0000] {processor.py:840} INFO - DAG(s) 'example_branch_operator' retrieved from /home/airflow/.local/lib/python3.12/site-packages/airflow/example_dags/example_branch_operator.py
[2024-04-27T00:14:06.849+0000] {logging_mixin.py:188} INFO - [2024-04-27T00:14:06.849+0000] {dag.py:3096} INFO - Sync 1 DAGs
[2024-04-27T00:14:06.874+0000] {logging_mixin.py:188} INFO - [2024-04-27T00:14:06.873+0000] {dag.py:3954} INFO - Setting next_dagrun for example_branch_operator to 2024-04-26 00:00:00+00:00, run_after=2024-04-27 00:00:00+00:00
[2024-04-27T00:14:06.901+0000] {processor.py:183} INFO - Processing /home/airflow/.local/lib/python3.12/site-packages/airflow/example_dags/example_branch_operator.py took 0.098 seconds
[2024-04-27T00:14:37.918+0000] {processor.py:161} INFO - Started process (PID=115) to work on /home/airflow/.local/lib/python3.12/site-packages/airflow/example_dags/example_branch_operator.py
[2024-04-27T00:14:37.919+0000] {processor.py:830} INFO - Processing file /home/airflow/.local/lib/python3.12/site-packages/airflow/example_dags/example_branch_operator.py for tasks to queue
[2024-04-27T00:14:37.921+0000] {logging_mixin.py:188} INFO - [2024-04-27T00:14:37.920+0000] {dagbag.py:540} INFO - Filling up the DagBag from /home/airflow/.local/lib/python3.12/site-packages/airflow/example_dags/example_branch_operator.py
[2024-04-27T00:14:37.936+0000] {processor.py:840} INFO - DAG(s) 'example_branch_operator' retrieved from /home/airflow/.local/lib/python3.12/site-packages/airflow/example_dags/example_branch_operator.py
[2024-04-27T00:14:38.030+0000] {logging_mixin.py:188} INFO - [2024-04-27T00:14:38.030+0000] {dag.py:3096} INFO - Sync 1 DAGs
[2024-04-27T00:14:38.049+0000] {logging_mixin.py:188} INFO - [2024-04-27T00:14:38.048+0000] {dag.py:3954} INFO - Setting next_dagrun for example_branch_operator to 2024-04-26 00:00:00+00:00, run_after=2024-04-27 00:00:00+00:00
[2024-04-27T00:14:38.067+0000] {processor.py:183} INFO - Processing /home/airflow/.local/lib/python3.12/site-packages/airflow/example_dags/example_branch_operator.py took 0.156 seconds
[2024-04-27T00:15:08.152+0000] {processor.py:161} INFO - Started process (PID=174) to work on /home/airflow/.local/lib/python3.12/site-packages/airflow/example_dags/example_branch_operator.py
[2024-04-27T00:15:08.154+0000] {processor.py:830} INFO - Processing file /home/airflow/.local/lib/python3.12/site-packages/airflow/example_dags/example_branch_operator.py for tasks to queue
[2024-04-27T00:15:08.156+0000] {logging_mixin.py:188} INFO - [2024-04-27T00:15:08.155+0000] {dagbag.py:540} INFO - Filling up the DagBag from /home/airflow/.local/lib/python3.12/site-packages/airflow/example_dags/example_branch_operator.py
[2024-04-27T00:15:08.181+0000] {processor.py:840} INFO - DAG(s) 'example_branch_operator' retrieved from /home/airflow/.local/lib/python3.12/site-packages/airflow/example_dags/example_branch_operator.py
[2024-04-27T00:15:08.228+0000] {logging_mixin.py:188} INFO - [2024-04-27T00:15:08.228+0000] {dag.py:3096} INFO - Sync 1 DAGs
[2024-04-27T00:15:08.257+0000] {logging_mixin.py:188} INFO - [2024-04-27T00:15:08.256+0000] {dag.py:3954} INFO - Setting next_dagrun for example_branch_operator to 2024-04-26 00:00:00+00:00, run_after=2024-04-27 00:00:00+00:00
[2024-04-27T00:15:08.281+0000] {processor.py:183} INFO - Processing /home/airflow/.local/lib/python3.12/site-packages/airflow/example_dags/example_branch_operator.py took 0.136 seconds
[2024-04-27T00:15:38.860+0000] {processor.py:161} INFO - Started process (PID=233) to work on /home/airflow/.local/lib/python3.12/site-packages/airflow/example_dags/example_branch_operator.py
[2024-04-27T00:15:38.861+0000] {processor.py:830} INFO - Processing file /home/airflow/.local/lib/python3.12/site-packages/airflow/example_dags/example_branch_operator.py for tasks to queue
[2024-04-27T00:15:38.862+0000] {logging_mixin.py:188} INFO - [2024-04-27T00:15:38.862+0000] {dagbag.py:540} INFO - Filling up the DagBag from /home/airflow/.local/lib/python3.12/site-packages/airflow/example_dags/example_branch_operator.py
[2024-04-27T00:15:38.875+0000] {processor.py:840} INFO - DAG(s) 'example_branch_operator' retrieved from /home/airflow/.local/lib/python3.12/site-packages/airflow/example_dags/example_branch_operator.py
[2024-04-27T00:15:38.899+0000] {logging_mixin.py:188} INFO - [2024-04-27T00:15:38.898+0000] {dag.py:3096} INFO - Sync 1 DAGs
[2024-04-27T00:15:38.916+0000] {logging_mixin.py:188} INFO - [2024-04-27T00:15:38.916+0000] {dag.py:3954} INFO - Setting next_dagrun for example_branch_operator to 2024-04-26 00:00:00+00:00, run_after=2024-04-27 00:00:00+00:00
[2024-04-27T00:15:38.936+0000] {processor.py:183} INFO - Processing /home/airflow/.local/lib/python3.12/site-packages/airflow/example_dags/example_branch_operator.py took 0.081 seconds
[2024-04-27T00:16:09.318+0000] {processor.py:161} INFO - Started process (PID=292) to work on /home/airflow/.local/lib/python3.12/site-packages/airflow/example_dags/example_branch_operator.py
[2024-04-27T00:16:09.319+0000] {processor.py:830} INFO - Processing file /home/airflow/.local/lib/python3.12/site-packages/airflow/example_dags/example_branch_operator.py for tasks to queue
[2024-04-27T00:16:09.320+0000] {logging_mixin.py:188} INFO - [2024-04-27T00:16:09.320+0000] {dagbag.py:540} INFO - Filling up the DagBag from /home/airflow/.local/lib/python3.12/site-packages/airflow/example_dags/example_branch_operator.py
[2024-04-27T00:16:09.334+0000] {processor.py:840} INFO - DAG(s) 'example_branch_operator' retrieved from /home/airflow/.local/lib/python3.12/site-packages/airflow/example_dags/example_branch_operator.py
[2024-04-27T00:16:09.361+0000] {logging_mixin.py:188} INFO - [2024-04-27T00:16:09.360+0000] {dag.py:3096} INFO - Sync 1 DAGs
[2024-04-27T00:16:09.385+0000] {logging_mixin.py:188} INFO - [2024-04-27T00:16:09.385+0000] {dag.py:3954} INFO - Setting next_dagrun for example_branch_operator to 2024-04-26 00:00:00+00:00, run_after=2024-04-27 00:00:00+00:00
[2024-04-27T00:16:09.410+0000] {processor.py:183} INFO - Processing /home/airflow/.local/lib/python3.12/site-packages/airflow/example_dags/example_branch_operator.py took 0.097 seconds
[2024-04-27T00:16:39.609+0000] {processor.py:161} INFO - Started process (PID=351) to work on /home/airflow/.local/lib/python3.12/site-packages/airflow/example_dags/example_branch_operator.py
[2024-04-27T00:16:39.610+0000] {processor.py:830} INFO - Processing file /home/airflow/.local/lib/python3.12/site-packages/airflow/example_dags/example_branch_operator.py for tasks to queue
[2024-04-27T00:16:39.611+0000] {logging_mixin.py:188} INFO - [2024-04-27T00:16:39.611+0000] {dagbag.py:540} INFO - Filling up the DagBag from /home/airflow/.local/lib/python3.12/site-packages/airflow/example_dags/example_branch_operator.py
[2024-04-27T00:16:39.624+0000] {processor.py:840} INFO - DAG(s) 'example_branch_operator' retrieved from /home/airflow/.local/lib/python3.12/site-packages/airflow/example_dags/example_branch_operator.py
[2024-04-27T00:16:39.651+0000] {logging_mixin.py:188} INFO - [2024-04-27T00:16:39.650+0000] {dag.py:3096} INFO - Sync 1 DAGs
[2024-04-27T00:16:39.669+0000] {logging_mixin.py:188} INFO - [2024-04-27T00:16:39.669+0000] {dag.py:3954} INFO - Setting next_dagrun for example_branch_operator to 2024-04-26 00:00:00+00:00, run_after=2024-04-27 00:00:00+00:00
[2024-04-27T00:16:39.686+0000] {processor.py:183} INFO - Processing /home/airflow/.local/lib/python3.12/site-packages/airflow/example_dags/example_branch_operator.py took 0.082 seconds
