[2024-04-27T00:00:13.148+0000] {processor.py:161} INFO - Started process (PID=71) to work on /home/airflow/.local/lib/python3.12/site-packages/airflow/example_dags/example_setup_teardown.py
[2024-04-27T00:00:13.150+0000] {processor.py:830} INFO - Processing file /home/airflow/.local/lib/python3.12/site-packages/airflow/example_dags/example_setup_teardown.py for tasks to queue
[2024-04-27T00:00:13.154+0000] {logging_mixin.py:188} INFO - [2024-04-27T00:00:13.153+0000] {dagbag.py:540} INFO - Filling up the DagBag from /home/airflow/.local/lib/python3.12/site-packages/airflow/example_dags/example_setup_teardown.py
[2024-04-27T00:00:13.162+0000] {processor.py:840} INFO - DAG(s) 'example_setup_teardown' retrieved from /home/airflow/.local/lib/python3.12/site-packages/airflow/example_dags/example_setup_teardown.py
[2024-04-27T00:00:13.178+0000] {logging_mixin.py:188} INFO - [2024-04-27T00:00:13.178+0000] {dag.py:3096} INFO - Sync 1 DAGs
[2024-04-27T00:00:13.203+0000] {logging_mixin.py:188} INFO - [2024-04-27T00:00:13.203+0000] {dag.py:3954} INFO - Setting next_dagrun for example_setup_teardown to 2024-04-26 00:00:00+00:00, run_after=2024-04-27 00:00:00+00:00
[2024-04-27T00:00:13.225+0000] {processor.py:183} INFO - Processing /home/airflow/.local/lib/python3.12/site-packages/airflow/example_dags/example_setup_teardown.py took 0.085 seconds
[2024-04-27T00:00:44.384+0000] {processor.py:161} INFO - Started process (PID=130) to work on /home/airflow/.local/lib/python3.12/site-packages/airflow/example_dags/example_setup_teardown.py
[2024-04-27T00:00:44.385+0000] {processor.py:830} INFO - Processing file /home/airflow/.local/lib/python3.12/site-packages/airflow/example_dags/example_setup_teardown.py for tasks to queue
[2024-04-27T00:00:44.387+0000] {logging_mixin.py:188} INFO - [2024-04-27T00:00:44.387+0000] {dagbag.py:540} INFO - Filling up the DagBag from /home/airflow/.local/lib/python3.12/site-packages/airflow/example_dags/example_setup_teardown.py
[2024-04-27T00:00:44.394+0000] {processor.py:840} INFO - DAG(s) 'example_setup_teardown' retrieved from /home/airflow/.local/lib/python3.12/site-packages/airflow/example_dags/example_setup_teardown.py
[2024-04-27T00:00:44.490+0000] {logging_mixin.py:188} INFO - [2024-04-27T00:00:44.490+0000] {dag.py:3096} INFO - Sync 1 DAGs
[2024-04-27T00:00:44.511+0000] {logging_mixin.py:188} INFO - [2024-04-27T00:00:44.511+0000] {dag.py:3954} INFO - Setting next_dagrun for example_setup_teardown to 2024-04-26 00:00:00+00:00, run_after=2024-04-27 00:00:00+00:00
[2024-04-27T00:00:44.533+0000] {processor.py:183} INFO - Processing /home/airflow/.local/lib/python3.12/site-packages/airflow/example_dags/example_setup_teardown.py took 0.154 seconds
[2024-04-27T00:01:14.703+0000] {processor.py:161} INFO - Started process (PID=189) to work on /home/airflow/.local/lib/python3.12/site-packages/airflow/example_dags/example_setup_teardown.py
[2024-04-27T00:01:14.704+0000] {processor.py:830} INFO - Processing file /home/airflow/.local/lib/python3.12/site-packages/airflow/example_dags/example_setup_teardown.py for tasks to queue
[2024-04-27T00:01:14.705+0000] {logging_mixin.py:188} INFO - [2024-04-27T00:01:14.705+0000] {dagbag.py:540} INFO - Filling up the DagBag from /home/airflow/.local/lib/python3.12/site-packages/airflow/example_dags/example_setup_teardown.py
[2024-04-27T00:01:14.711+0000] {processor.py:840} INFO - DAG(s) 'example_setup_teardown' retrieved from /home/airflow/.local/lib/python3.12/site-packages/airflow/example_dags/example_setup_teardown.py
[2024-04-27T00:01:14.728+0000] {logging_mixin.py:188} INFO - [2024-04-27T00:01:14.728+0000] {dag.py:3096} INFO - Sync 1 DAGs
[2024-04-27T00:01:14.744+0000] {logging_mixin.py:188} INFO - [2024-04-27T00:01:14.744+0000] {dag.py:3954} INFO - Setting next_dagrun for example_setup_teardown to 2024-04-26 00:00:00+00:00, run_after=2024-04-27 00:00:00+00:00
[2024-04-27T00:01:14.764+0000] {processor.py:183} INFO - Processing /home/airflow/.local/lib/python3.12/site-packages/airflow/example_dags/example_setup_teardown.py took 0.066 seconds
[2024-04-27T00:01:45.234+0000] {processor.py:161} INFO - Started process (PID=248) to work on /home/airflow/.local/lib/python3.12/site-packages/airflow/example_dags/example_setup_teardown.py
[2024-04-27T00:01:45.235+0000] {processor.py:830} INFO - Processing file /home/airflow/.local/lib/python3.12/site-packages/airflow/example_dags/example_setup_teardown.py for tasks to queue
[2024-04-27T00:01:45.237+0000] {logging_mixin.py:188} INFO - [2024-04-27T00:01:45.236+0000] {dagbag.py:540} INFO - Filling up the DagBag from /home/airflow/.local/lib/python3.12/site-packages/airflow/example_dags/example_setup_teardown.py
[2024-04-27T00:01:45.242+0000] {processor.py:840} INFO - DAG(s) 'example_setup_teardown' retrieved from /home/airflow/.local/lib/python3.12/site-packages/airflow/example_dags/example_setup_teardown.py
[2024-04-27T00:01:45.260+0000] {logging_mixin.py:188} INFO - [2024-04-27T00:01:45.260+0000] {dag.py:3096} INFO - Sync 1 DAGs
[2024-04-27T00:01:45.276+0000] {logging_mixin.py:188} INFO - [2024-04-27T00:01:45.276+0000] {dag.py:3954} INFO - Setting next_dagrun for example_setup_teardown to 2024-04-26 00:00:00+00:00, run_after=2024-04-27 00:00:00+00:00
[2024-04-27T00:01:45.292+0000] {processor.py:183} INFO - Processing /home/airflow/.local/lib/python3.12/site-packages/airflow/example_dags/example_setup_teardown.py took 0.063 seconds
[2024-04-27T00:02:15.438+0000] {processor.py:161} INFO - Started process (PID=307) to work on /home/airflow/.local/lib/python3.12/site-packages/airflow/example_dags/example_setup_teardown.py
[2024-04-27T00:02:15.439+0000] {processor.py:830} INFO - Processing file /home/airflow/.local/lib/python3.12/site-packages/airflow/example_dags/example_setup_teardown.py for tasks to queue
[2024-04-27T00:02:15.440+0000] {logging_mixin.py:188} INFO - [2024-04-27T00:02:15.440+0000] {dagbag.py:540} INFO - Filling up the DagBag from /home/airflow/.local/lib/python3.12/site-packages/airflow/example_dags/example_setup_teardown.py
[2024-04-27T00:02:15.446+0000] {processor.py:840} INFO - DAG(s) 'example_setup_teardown' retrieved from /home/airflow/.local/lib/python3.12/site-packages/airflow/example_dags/example_setup_teardown.py
[2024-04-27T00:02:15.465+0000] {logging_mixin.py:188} INFO - [2024-04-27T00:02:15.465+0000] {dag.py:3096} INFO - Sync 1 DAGs
[2024-04-27T00:02:15.481+0000] {logging_mixin.py:188} INFO - [2024-04-27T00:02:15.481+0000] {dag.py:3954} INFO - Setting next_dagrun for example_setup_teardown to 2024-04-26 00:00:00+00:00, run_after=2024-04-27 00:00:00+00:00
[2024-04-27T00:02:15.499+0000] {processor.py:183} INFO - Processing /home/airflow/.local/lib/python3.12/site-packages/airflow/example_dags/example_setup_teardown.py took 0.066 seconds
[2024-04-27T00:02:45.729+0000] {processor.py:161} INFO - Started process (PID=366) to work on /home/airflow/.local/lib/python3.12/site-packages/airflow/example_dags/example_setup_teardown.py
[2024-04-27T00:02:45.730+0000] {processor.py:830} INFO - Processing file /home/airflow/.local/lib/python3.12/site-packages/airflow/example_dags/example_setup_teardown.py for tasks to queue
[2024-04-27T00:02:45.732+0000] {logging_mixin.py:188} INFO - [2024-04-27T00:02:45.731+0000] {dagbag.py:540} INFO - Filling up the DagBag from /home/airflow/.local/lib/python3.12/site-packages/airflow/example_dags/example_setup_teardown.py
[2024-04-27T00:02:45.737+0000] {processor.py:840} INFO - DAG(s) 'example_setup_teardown' retrieved from /home/airflow/.local/lib/python3.12/site-packages/airflow/example_dags/example_setup_teardown.py
[2024-04-27T00:02:45.754+0000] {logging_mixin.py:188} INFO - [2024-04-27T00:02:45.753+0000] {dag.py:3096} INFO - Sync 1 DAGs
[2024-04-27T00:02:45.769+0000] {logging_mixin.py:188} INFO - [2024-04-27T00:02:45.769+0000] {dag.py:3954} INFO - Setting next_dagrun for example_setup_teardown to 2024-04-26 00:00:00+00:00, run_after=2024-04-27 00:00:00+00:00
[2024-04-27T00:02:45.791+0000] {processor.py:183} INFO - Processing /home/airflow/.local/lib/python3.12/site-packages/airflow/example_dags/example_setup_teardown.py took 0.067 seconds
[2024-04-27T00:03:16.304+0000] {processor.py:161} INFO - Started process (PID=425) to work on /home/airflow/.local/lib/python3.12/site-packages/airflow/example_dags/example_setup_teardown.py
[2024-04-27T00:03:16.305+0000] {processor.py:830} INFO - Processing file /home/airflow/.local/lib/python3.12/site-packages/airflow/example_dags/example_setup_teardown.py for tasks to queue
[2024-04-27T00:03:16.307+0000] {logging_mixin.py:188} INFO - [2024-04-27T00:03:16.306+0000] {dagbag.py:540} INFO - Filling up the DagBag from /home/airflow/.local/lib/python3.12/site-packages/airflow/example_dags/example_setup_teardown.py
[2024-04-27T00:03:16.313+0000] {processor.py:840} INFO - DAG(s) 'example_setup_teardown' retrieved from /home/airflow/.local/lib/python3.12/site-packages/airflow/example_dags/example_setup_teardown.py
[2024-04-27T00:03:16.332+0000] {logging_mixin.py:188} INFO - [2024-04-27T00:03:16.332+0000] {dag.py:3096} INFO - Sync 1 DAGs
[2024-04-27T00:03:16.351+0000] {logging_mixin.py:188} INFO - [2024-04-27T00:03:16.350+0000] {dag.py:3954} INFO - Setting next_dagrun for example_setup_teardown to 2024-04-26 00:00:00+00:00, run_after=2024-04-27 00:00:00+00:00
[2024-04-27T00:03:16.370+0000] {processor.py:183} INFO - Processing /home/airflow/.local/lib/python3.12/site-packages/airflow/example_dags/example_setup_teardown.py took 0.071 seconds
[2024-04-27T00:03:46.741+0000] {processor.py:161} INFO - Started process (PID=485) to work on /home/airflow/.local/lib/python3.12/site-packages/airflow/example_dags/example_setup_teardown.py
[2024-04-27T00:03:46.741+0000] {processor.py:830} INFO - Processing file /home/airflow/.local/lib/python3.12/site-packages/airflow/example_dags/example_setup_teardown.py for tasks to queue
[2024-04-27T00:03:46.743+0000] {logging_mixin.py:188} INFO - [2024-04-27T00:03:46.743+0000] {dagbag.py:540} INFO - Filling up the DagBag from /home/airflow/.local/lib/python3.12/site-packages/airflow/example_dags/example_setup_teardown.py
[2024-04-27T00:03:46.748+0000] {processor.py:840} INFO - DAG(s) 'example_setup_teardown' retrieved from /home/airflow/.local/lib/python3.12/site-packages/airflow/example_dags/example_setup_teardown.py
[2024-04-27T00:03:46.769+0000] {logging_mixin.py:188} INFO - [2024-04-27T00:03:46.769+0000] {dag.py:3096} INFO - Sync 1 DAGs
[2024-04-27T00:03:46.787+0000] {logging_mixin.py:188} INFO - [2024-04-27T00:03:46.787+0000] {dag.py:3954} INFO - Setting next_dagrun for example_setup_teardown to 2024-04-26 00:00:00+00:00, run_after=2024-04-27 00:00:00+00:00
[2024-04-27T00:03:46.806+0000] {processor.py:183} INFO - Processing /home/airflow/.local/lib/python3.12/site-packages/airflow/example_dags/example_setup_teardown.py took 0.070 seconds
[2024-04-27T00:04:16.972+0000] {processor.py:161} INFO - Started process (PID=544) to work on /home/airflow/.local/lib/python3.12/site-packages/airflow/example_dags/example_setup_teardown.py
[2024-04-27T00:04:16.973+0000] {processor.py:830} INFO - Processing file /home/airflow/.local/lib/python3.12/site-packages/airflow/example_dags/example_setup_teardown.py for tasks to queue
[2024-04-27T00:04:16.975+0000] {logging_mixin.py:188} INFO - [2024-04-27T00:04:16.975+0000] {dagbag.py:540} INFO - Filling up the DagBag from /home/airflow/.local/lib/python3.12/site-packages/airflow/example_dags/example_setup_teardown.py
[2024-04-27T00:04:16.982+0000] {processor.py:840} INFO - DAG(s) 'example_setup_teardown' retrieved from /home/airflow/.local/lib/python3.12/site-packages/airflow/example_dags/example_setup_teardown.py
[2024-04-27T00:04:17.001+0000] {logging_mixin.py:188} INFO - [2024-04-27T00:04:17.001+0000] {dag.py:3096} INFO - Sync 1 DAGs
[2024-04-27T00:04:17.021+0000] {logging_mixin.py:188} INFO - [2024-04-27T00:04:17.021+0000] {dag.py:3954} INFO - Setting next_dagrun for example_setup_teardown to 2024-04-26 00:00:00+00:00, run_after=2024-04-27 00:00:00+00:00
[2024-04-27T00:04:17.041+0000] {processor.py:183} INFO - Processing /home/airflow/.local/lib/python3.12/site-packages/airflow/example_dags/example_setup_teardown.py took 0.075 seconds
[2024-04-27T00:04:47.296+0000] {processor.py:161} INFO - Started process (PID=603) to work on /home/airflow/.local/lib/python3.12/site-packages/airflow/example_dags/example_setup_teardown.py
[2024-04-27T00:04:47.297+0000] {processor.py:830} INFO - Processing file /home/airflow/.local/lib/python3.12/site-packages/airflow/example_dags/example_setup_teardown.py for tasks to queue
[2024-04-27T00:04:47.298+0000] {logging_mixin.py:188} INFO - [2024-04-27T00:04:47.298+0000] {dagbag.py:540} INFO - Filling up the DagBag from /home/airflow/.local/lib/python3.12/site-packages/airflow/example_dags/example_setup_teardown.py
[2024-04-27T00:04:47.304+0000] {processor.py:840} INFO - DAG(s) 'example_setup_teardown' retrieved from /home/airflow/.local/lib/python3.12/site-packages/airflow/example_dags/example_setup_teardown.py
[2024-04-27T00:04:47.322+0000] {logging_mixin.py:188} INFO - [2024-04-27T00:04:47.322+0000] {dag.py:3096} INFO - Sync 1 DAGs
[2024-04-27T00:04:47.340+0000] {logging_mixin.py:188} INFO - [2024-04-27T00:04:47.340+0000] {dag.py:3954} INFO - Setting next_dagrun for example_setup_teardown to 2024-04-26 00:00:00+00:00, run_after=2024-04-27 00:00:00+00:00
[2024-04-27T00:04:47.360+0000] {processor.py:183} INFO - Processing /home/airflow/.local/lib/python3.12/site-packages/airflow/example_dags/example_setup_teardown.py took 0.070 seconds
[2024-04-27T00:14:08.021+0000] {processor.py:161} INFO - Started process (PID=71) to work on /home/airflow/.local/lib/python3.12/site-packages/airflow/example_dags/example_setup_teardown.py
[2024-04-27T00:14:08.023+0000] {processor.py:830} INFO - Processing file /home/airflow/.local/lib/python3.12/site-packages/airflow/example_dags/example_setup_teardown.py for tasks to queue
[2024-04-27T00:14:08.027+0000] {logging_mixin.py:188} INFO - [2024-04-27T00:14:08.027+0000] {dagbag.py:540} INFO - Filling up the DagBag from /home/airflow/.local/lib/python3.12/site-packages/airflow/example_dags/example_setup_teardown.py
[2024-04-27T00:14:08.043+0000] {processor.py:840} INFO - DAG(s) 'example_setup_teardown' retrieved from /home/airflow/.local/lib/python3.12/site-packages/airflow/example_dags/example_setup_teardown.py
[2024-04-27T00:14:08.074+0000] {logging_mixin.py:188} INFO - [2024-04-27T00:14:08.074+0000] {dag.py:3096} INFO - Sync 1 DAGs
[2024-04-27T00:14:08.111+0000] {logging_mixin.py:188} INFO - [2024-04-27T00:14:08.111+0000] {dag.py:3954} INFO - Setting next_dagrun for example_setup_teardown to 2024-04-26 00:00:00+00:00, run_after=2024-04-27 00:00:00+00:00
[2024-04-27T00:14:08.133+0000] {processor.py:183} INFO - Processing /home/airflow/.local/lib/python3.12/site-packages/airflow/example_dags/example_setup_teardown.py took 0.127 seconds
[2024-04-27T00:14:39.311+0000] {processor.py:161} INFO - Started process (PID=130) to work on /home/airflow/.local/lib/python3.12/site-packages/airflow/example_dags/example_setup_teardown.py
[2024-04-27T00:14:39.313+0000] {processor.py:830} INFO - Processing file /home/airflow/.local/lib/python3.12/site-packages/airflow/example_dags/example_setup_teardown.py for tasks to queue
[2024-04-27T00:14:39.314+0000] {logging_mixin.py:188} INFO - [2024-04-27T00:14:39.314+0000] {dagbag.py:540} INFO - Filling up the DagBag from /home/airflow/.local/lib/python3.12/site-packages/airflow/example_dags/example_setup_teardown.py
[2024-04-27T00:14:39.321+0000] {processor.py:840} INFO - DAG(s) 'example_setup_teardown' retrieved from /home/airflow/.local/lib/python3.12/site-packages/airflow/example_dags/example_setup_teardown.py
[2024-04-27T00:14:39.409+0000] {logging_mixin.py:188} INFO - [2024-04-27T00:14:39.409+0000] {dag.py:3096} INFO - Sync 1 DAGs
[2024-04-27T00:14:39.427+0000] {logging_mixin.py:188} INFO - [2024-04-27T00:14:39.427+0000] {dag.py:3954} INFO - Setting next_dagrun for example_setup_teardown to 2024-04-26 00:00:00+00:00, run_after=2024-04-27 00:00:00+00:00
[2024-04-27T00:14:39.447+0000] {processor.py:183} INFO - Processing /home/airflow/.local/lib/python3.12/site-packages/airflow/example_dags/example_setup_teardown.py took 0.141 seconds
[2024-04-27T00:15:10.260+0000] {processor.py:161} INFO - Started process (PID=189) to work on /home/airflow/.local/lib/python3.12/site-packages/airflow/example_dags/example_setup_teardown.py
[2024-04-27T00:15:10.261+0000] {processor.py:830} INFO - Processing file /home/airflow/.local/lib/python3.12/site-packages/airflow/example_dags/example_setup_teardown.py for tasks to queue
[2024-04-27T00:15:10.263+0000] {logging_mixin.py:188} INFO - [2024-04-27T00:15:10.262+0000] {dagbag.py:540} INFO - Filling up the DagBag from /home/airflow/.local/lib/python3.12/site-packages/airflow/example_dags/example_setup_teardown.py
[2024-04-27T00:15:10.268+0000] {processor.py:840} INFO - DAG(s) 'example_setup_teardown' retrieved from /home/airflow/.local/lib/python3.12/site-packages/airflow/example_dags/example_setup_teardown.py
[2024-04-27T00:15:10.287+0000] {logging_mixin.py:188} INFO - [2024-04-27T00:15:10.286+0000] {dag.py:3096} INFO - Sync 1 DAGs
[2024-04-27T00:15:10.304+0000] {logging_mixin.py:188} INFO - [2024-04-27T00:15:10.304+0000] {dag.py:3954} INFO - Setting next_dagrun for example_setup_teardown to 2024-04-26 00:00:00+00:00, run_after=2024-04-27 00:00:00+00:00
[2024-04-27T00:15:10.324+0000] {processor.py:183} INFO - Processing /home/airflow/.local/lib/python3.12/site-packages/airflow/example_dags/example_setup_teardown.py took 0.069 seconds
[2024-04-27T00:15:40.662+0000] {processor.py:161} INFO - Started process (PID=248) to work on /home/airflow/.local/lib/python3.12/site-packages/airflow/example_dags/example_setup_teardown.py
[2024-04-27T00:15:40.663+0000] {processor.py:830} INFO - Processing file /home/airflow/.local/lib/python3.12/site-packages/airflow/example_dags/example_setup_teardown.py for tasks to queue
[2024-04-27T00:15:40.664+0000] {logging_mixin.py:188} INFO - [2024-04-27T00:15:40.664+0000] {dagbag.py:540} INFO - Filling up the DagBag from /home/airflow/.local/lib/python3.12/site-packages/airflow/example_dags/example_setup_teardown.py
[2024-04-27T00:15:40.670+0000] {processor.py:840} INFO - DAG(s) 'example_setup_teardown' retrieved from /home/airflow/.local/lib/python3.12/site-packages/airflow/example_dags/example_setup_teardown.py
[2024-04-27T00:15:40.686+0000] {logging_mixin.py:188} INFO - [2024-04-27T00:15:40.686+0000] {dag.py:3096} INFO - Sync 1 DAGs
[2024-04-27T00:15:40.704+0000] {logging_mixin.py:188} INFO - [2024-04-27T00:15:40.704+0000] {dag.py:3954} INFO - Setting next_dagrun for example_setup_teardown to 2024-04-26 00:00:00+00:00, run_after=2024-04-27 00:00:00+00:00
[2024-04-27T00:15:40.730+0000] {processor.py:183} INFO - Processing /home/airflow/.local/lib/python3.12/site-packages/airflow/example_dags/example_setup_teardown.py took 0.073 seconds
[2024-04-27T00:16:11.360+0000] {processor.py:161} INFO - Started process (PID=307) to work on /home/airflow/.local/lib/python3.12/site-packages/airflow/example_dags/example_setup_teardown.py
[2024-04-27T00:16:11.361+0000] {processor.py:830} INFO - Processing file /home/airflow/.local/lib/python3.12/site-packages/airflow/example_dags/example_setup_teardown.py for tasks to queue
[2024-04-27T00:16:11.362+0000] {logging_mixin.py:188} INFO - [2024-04-27T00:16:11.362+0000] {dagbag.py:540} INFO - Filling up the DagBag from /home/airflow/.local/lib/python3.12/site-packages/airflow/example_dags/example_setup_teardown.py
[2024-04-27T00:16:11.368+0000] {processor.py:840} INFO - DAG(s) 'example_setup_teardown' retrieved from /home/airflow/.local/lib/python3.12/site-packages/airflow/example_dags/example_setup_teardown.py
[2024-04-27T00:16:11.386+0000] {logging_mixin.py:188} INFO - [2024-04-27T00:16:11.385+0000] {dag.py:3096} INFO - Sync 1 DAGs
[2024-04-27T00:16:11.404+0000] {logging_mixin.py:188} INFO - [2024-04-27T00:16:11.403+0000] {dag.py:3954} INFO - Setting next_dagrun for example_setup_teardown to 2024-04-26 00:00:00+00:00, run_after=2024-04-27 00:00:00+00:00
[2024-04-27T00:16:11.426+0000] {processor.py:183} INFO - Processing /home/airflow/.local/lib/python3.12/site-packages/airflow/example_dags/example_setup_teardown.py took 0.072 seconds
[2024-04-27T00:16:41.489+0000] {processor.py:161} INFO - Started process (PID=366) to work on /home/airflow/.local/lib/python3.12/site-packages/airflow/example_dags/example_setup_teardown.py
[2024-04-27T00:16:41.491+0000] {processor.py:830} INFO - Processing file /home/airflow/.local/lib/python3.12/site-packages/airflow/example_dags/example_setup_teardown.py for tasks to queue
[2024-04-27T00:16:41.492+0000] {logging_mixin.py:188} INFO - [2024-04-27T00:16:41.492+0000] {dagbag.py:540} INFO - Filling up the DagBag from /home/airflow/.local/lib/python3.12/site-packages/airflow/example_dags/example_setup_teardown.py
[2024-04-27T00:16:41.498+0000] {processor.py:840} INFO - DAG(s) 'example_setup_teardown' retrieved from /home/airflow/.local/lib/python3.12/site-packages/airflow/example_dags/example_setup_teardown.py
[2024-04-27T00:16:41.515+0000] {logging_mixin.py:188} INFO - [2024-04-27T00:16:41.515+0000] {dag.py:3096} INFO - Sync 1 DAGs
[2024-04-27T00:16:41.534+0000] {logging_mixin.py:188} INFO - [2024-04-27T00:16:41.534+0000] {dag.py:3954} INFO - Setting next_dagrun for example_setup_teardown to 2024-04-26 00:00:00+00:00, run_after=2024-04-27 00:00:00+00:00
[2024-04-27T00:16:41.555+0000] {processor.py:183} INFO - Processing /home/airflow/.local/lib/python3.12/site-packages/airflow/example_dags/example_setup_teardown.py took 0.070 seconds
