[2024-04-27T00:00:12.920+0000] {processor.py:161} INFO - Started process (PID=67) to work on /home/airflow/.local/lib/python3.12/site-packages/airflow/example_dags/example_sensors.py
[2024-04-27T00:00:12.921+0000] {processor.py:830} INFO - Processing file /home/airflow/.local/lib/python3.12/site-packages/airflow/example_dags/example_sensors.py for tasks to queue
[2024-04-27T00:00:12.924+0000] {logging_mixin.py:188} INFO - [2024-04-27T00:00:12.923+0000] {dagbag.py:540} INFO - Filling up the DagBag from /home/airflow/.local/lib/python3.12/site-packages/airflow/example_dags/example_sensors.py
[2024-04-27T00:00:12.936+0000] {processor.py:840} INFO - DAG(s) 'example_sensors' retrieved from /home/airflow/.local/lib/python3.12/site-packages/airflow/example_dags/example_sensors.py
[2024-04-27T00:00:12.957+0000] {logging_mixin.py:188} INFO - [2024-04-27T00:00:12.956+0000] {dag.py:3096} INFO - Sync 1 DAGs
[2024-04-27T00:00:12.973+0000] {logging_mixin.py:188} INFO - [2024-04-27T00:00:12.972+0000] {dag.py:3954} INFO - Setting next_dagrun for example_sensors to None, run_after=None
[2024-04-27T00:00:12.997+0000] {processor.py:183} INFO - Processing /home/airflow/.local/lib/python3.12/site-packages/airflow/example_dags/example_sensors.py took 0.083 seconds
[2024-04-27T00:00:43.757+0000] {processor.py:161} INFO - Started process (PID=126) to work on /home/airflow/.local/lib/python3.12/site-packages/airflow/example_dags/example_sensors.py
[2024-04-27T00:00:43.758+0000] {processor.py:830} INFO - Processing file /home/airflow/.local/lib/python3.12/site-packages/airflow/example_dags/example_sensors.py for tasks to queue
[2024-04-27T00:00:43.761+0000] {logging_mixin.py:188} INFO - [2024-04-27T00:00:43.760+0000] {dagbag.py:540} INFO - Filling up the DagBag from /home/airflow/.local/lib/python3.12/site-packages/airflow/example_dags/example_sensors.py
[2024-04-27T00:00:43.772+0000] {processor.py:840} INFO - DAG(s) 'example_sensors' retrieved from /home/airflow/.local/lib/python3.12/site-packages/airflow/example_dags/example_sensors.py
[2024-04-27T00:00:43.894+0000] {logging_mixin.py:188} INFO - [2024-04-27T00:00:43.893+0000] {dag.py:3096} INFO - Sync 1 DAGs
[2024-04-27T00:00:43.904+0000] {logging_mixin.py:188} INFO - [2024-04-27T00:00:43.904+0000] {dag.py:3954} INFO - Setting next_dagrun for example_sensors to None, run_after=None
[2024-04-27T00:00:43.930+0000] {processor.py:183} INFO - Processing /home/airflow/.local/lib/python3.12/site-packages/airflow/example_dags/example_sensors.py took 0.180 seconds
[2024-04-27T00:01:14.432+0000] {processor.py:161} INFO - Started process (PID=185) to work on /home/airflow/.local/lib/python3.12/site-packages/airflow/example_dags/example_sensors.py
[2024-04-27T00:01:14.434+0000] {processor.py:830} INFO - Processing file /home/airflow/.local/lib/python3.12/site-packages/airflow/example_dags/example_sensors.py for tasks to queue
[2024-04-27T00:01:14.435+0000] {logging_mixin.py:188} INFO - [2024-04-27T00:01:14.435+0000] {dagbag.py:540} INFO - Filling up the DagBag from /home/airflow/.local/lib/python3.12/site-packages/airflow/example_dags/example_sensors.py
[2024-04-27T00:01:14.442+0000] {processor.py:840} INFO - DAG(s) 'example_sensors' retrieved from /home/airflow/.local/lib/python3.12/site-packages/airflow/example_dags/example_sensors.py
[2024-04-27T00:01:14.461+0000] {logging_mixin.py:188} INFO - [2024-04-27T00:01:14.461+0000] {dag.py:3096} INFO - Sync 1 DAGs
[2024-04-27T00:01:14.471+0000] {logging_mixin.py:188} INFO - [2024-04-27T00:01:14.471+0000] {dag.py:3954} INFO - Setting next_dagrun for example_sensors to None, run_after=None
[2024-04-27T00:01:14.488+0000] {processor.py:183} INFO - Processing /home/airflow/.local/lib/python3.12/site-packages/airflow/example_dags/example_sensors.py took 0.061 seconds
[2024-04-27T00:01:44.951+0000] {processor.py:161} INFO - Started process (PID=244) to work on /home/airflow/.local/lib/python3.12/site-packages/airflow/example_dags/example_sensors.py
[2024-04-27T00:01:44.952+0000] {processor.py:830} INFO - Processing file /home/airflow/.local/lib/python3.12/site-packages/airflow/example_dags/example_sensors.py for tasks to queue
[2024-04-27T00:01:44.954+0000] {logging_mixin.py:188} INFO - [2024-04-27T00:01:44.954+0000] {dagbag.py:540} INFO - Filling up the DagBag from /home/airflow/.local/lib/python3.12/site-packages/airflow/example_dags/example_sensors.py
[2024-04-27T00:01:44.961+0000] {processor.py:840} INFO - DAG(s) 'example_sensors' retrieved from /home/airflow/.local/lib/python3.12/site-packages/airflow/example_dags/example_sensors.py
[2024-04-27T00:01:44.984+0000] {logging_mixin.py:188} INFO - [2024-04-27T00:01:44.983+0000] {dag.py:3096} INFO - Sync 1 DAGs
[2024-04-27T00:01:44.994+0000] {logging_mixin.py:188} INFO - [2024-04-27T00:01:44.994+0000] {dag.py:3954} INFO - Setting next_dagrun for example_sensors to None, run_after=None
[2024-04-27T00:01:45.011+0000] {processor.py:183} INFO - Processing /home/airflow/.local/lib/python3.12/site-packages/airflow/example_dags/example_sensors.py took 0.064 seconds
[2024-04-27T00:02:15.156+0000] {processor.py:161} INFO - Started process (PID=303) to work on /home/airflow/.local/lib/python3.12/site-packages/airflow/example_dags/example_sensors.py
[2024-04-27T00:02:15.157+0000] {processor.py:830} INFO - Processing file /home/airflow/.local/lib/python3.12/site-packages/airflow/example_dags/example_sensors.py for tasks to queue
[2024-04-27T00:02:15.159+0000] {logging_mixin.py:188} INFO - [2024-04-27T00:02:15.158+0000] {dagbag.py:540} INFO - Filling up the DagBag from /home/airflow/.local/lib/python3.12/site-packages/airflow/example_dags/example_sensors.py
[2024-04-27T00:02:15.166+0000] {processor.py:840} INFO - DAG(s) 'example_sensors' retrieved from /home/airflow/.local/lib/python3.12/site-packages/airflow/example_dags/example_sensors.py
[2024-04-27T00:02:15.186+0000] {logging_mixin.py:188} INFO - [2024-04-27T00:02:15.186+0000] {dag.py:3096} INFO - Sync 1 DAGs
[2024-04-27T00:02:15.197+0000] {logging_mixin.py:188} INFO - [2024-04-27T00:02:15.197+0000] {dag.py:3954} INFO - Setting next_dagrun for example_sensors to None, run_after=None
[2024-04-27T00:02:15.216+0000] {processor.py:183} INFO - Processing /home/airflow/.local/lib/python3.12/site-packages/airflow/example_dags/example_sensors.py took 0.065 seconds
[2024-04-27T00:02:45.459+0000] {processor.py:161} INFO - Started process (PID=362) to work on /home/airflow/.local/lib/python3.12/site-packages/airflow/example_dags/example_sensors.py
[2024-04-27T00:02:45.459+0000] {processor.py:830} INFO - Processing file /home/airflow/.local/lib/python3.12/site-packages/airflow/example_dags/example_sensors.py for tasks to queue
[2024-04-27T00:02:45.461+0000] {logging_mixin.py:188} INFO - [2024-04-27T00:02:45.461+0000] {dagbag.py:540} INFO - Filling up the DagBag from /home/airflow/.local/lib/python3.12/site-packages/airflow/example_dags/example_sensors.py
[2024-04-27T00:02:45.467+0000] {processor.py:840} INFO - DAG(s) 'example_sensors' retrieved from /home/airflow/.local/lib/python3.12/site-packages/airflow/example_dags/example_sensors.py
[2024-04-27T00:02:45.487+0000] {logging_mixin.py:188} INFO - [2024-04-27T00:02:45.487+0000] {dag.py:3096} INFO - Sync 1 DAGs
[2024-04-27T00:02:45.497+0000] {logging_mixin.py:188} INFO - [2024-04-27T00:02:45.497+0000] {dag.py:3954} INFO - Setting next_dagrun for example_sensors to None, run_after=None
[2024-04-27T00:02:45.514+0000] {processor.py:183} INFO - Processing /home/airflow/.local/lib/python3.12/site-packages/airflow/example_dags/example_sensors.py took 0.060 seconds
[2024-04-27T00:03:16.027+0000] {processor.py:161} INFO - Started process (PID=421) to work on /home/airflow/.local/lib/python3.12/site-packages/airflow/example_dags/example_sensors.py
[2024-04-27T00:03:16.028+0000] {processor.py:830} INFO - Processing file /home/airflow/.local/lib/python3.12/site-packages/airflow/example_dags/example_sensors.py for tasks to queue
[2024-04-27T00:03:16.029+0000] {logging_mixin.py:188} INFO - [2024-04-27T00:03:16.029+0000] {dagbag.py:540} INFO - Filling up the DagBag from /home/airflow/.local/lib/python3.12/site-packages/airflow/example_dags/example_sensors.py
[2024-04-27T00:03:16.036+0000] {processor.py:840} INFO - DAG(s) 'example_sensors' retrieved from /home/airflow/.local/lib/python3.12/site-packages/airflow/example_dags/example_sensors.py
[2024-04-27T00:03:16.056+0000] {logging_mixin.py:188} INFO - [2024-04-27T00:03:16.056+0000] {dag.py:3096} INFO - Sync 1 DAGs
[2024-04-27T00:03:16.067+0000] {logging_mixin.py:188} INFO - [2024-04-27T00:03:16.067+0000] {dag.py:3954} INFO - Setting next_dagrun for example_sensors to None, run_after=None
[2024-04-27T00:03:16.084+0000] {processor.py:183} INFO - Processing /home/airflow/.local/lib/python3.12/site-packages/airflow/example_dags/example_sensors.py took 0.062 seconds
[2024-04-27T00:03:46.470+0000] {processor.py:161} INFO - Started process (PID=481) to work on /home/airflow/.local/lib/python3.12/site-packages/airflow/example_dags/example_sensors.py
[2024-04-27T00:03:46.470+0000] {processor.py:830} INFO - Processing file /home/airflow/.local/lib/python3.12/site-packages/airflow/example_dags/example_sensors.py for tasks to queue
[2024-04-27T00:03:46.472+0000] {logging_mixin.py:188} INFO - [2024-04-27T00:03:46.472+0000] {dagbag.py:540} INFO - Filling up the DagBag from /home/airflow/.local/lib/python3.12/site-packages/airflow/example_dags/example_sensors.py
[2024-04-27T00:03:46.479+0000] {processor.py:840} INFO - DAG(s) 'example_sensors' retrieved from /home/airflow/.local/lib/python3.12/site-packages/airflow/example_dags/example_sensors.py
[2024-04-27T00:03:46.500+0000] {logging_mixin.py:188} INFO - [2024-04-27T00:03:46.500+0000] {dag.py:3096} INFO - Sync 1 DAGs
[2024-04-27T00:03:46.510+0000] {logging_mixin.py:188} INFO - [2024-04-27T00:03:46.509+0000] {dag.py:3954} INFO - Setting next_dagrun for example_sensors to None, run_after=None
[2024-04-27T00:03:46.528+0000] {processor.py:183} INFO - Processing /home/airflow/.local/lib/python3.12/site-packages/airflow/example_dags/example_sensors.py took 0.063 seconds
[2024-04-27T00:04:16.670+0000] {processor.py:161} INFO - Started process (PID=540) to work on /home/airflow/.local/lib/python3.12/site-packages/airflow/example_dags/example_sensors.py
[2024-04-27T00:04:16.671+0000] {processor.py:830} INFO - Processing file /home/airflow/.local/lib/python3.12/site-packages/airflow/example_dags/example_sensors.py for tasks to queue
[2024-04-27T00:04:16.673+0000] {logging_mixin.py:188} INFO - [2024-04-27T00:04:16.673+0000] {dagbag.py:540} INFO - Filling up the DagBag from /home/airflow/.local/lib/python3.12/site-packages/airflow/example_dags/example_sensors.py
[2024-04-27T00:04:16.682+0000] {processor.py:840} INFO - DAG(s) 'example_sensors' retrieved from /home/airflow/.local/lib/python3.12/site-packages/airflow/example_dags/example_sensors.py
[2024-04-27T00:04:16.705+0000] {logging_mixin.py:188} INFO - [2024-04-27T00:04:16.705+0000] {dag.py:3096} INFO - Sync 1 DAGs
[2024-04-27T00:04:16.719+0000] {logging_mixin.py:188} INFO - [2024-04-27T00:04:16.719+0000] {dag.py:3954} INFO - Setting next_dagrun for example_sensors to None, run_after=None
[2024-04-27T00:04:16.740+0000] {processor.py:183} INFO - Processing /home/airflow/.local/lib/python3.12/site-packages/airflow/example_dags/example_sensors.py took 0.075 seconds
[2024-04-27T00:04:47.105+0000] {processor.py:161} INFO - Started process (PID=599) to work on /home/airflow/.local/lib/python3.12/site-packages/airflow/example_dags/example_sensors.py
[2024-04-27T00:04:47.105+0000] {processor.py:830} INFO - Processing file /home/airflow/.local/lib/python3.12/site-packages/airflow/example_dags/example_sensors.py for tasks to queue
[2024-04-27T00:04:47.107+0000] {logging_mixin.py:188} INFO - [2024-04-27T00:04:47.107+0000] {dagbag.py:540} INFO - Filling up the DagBag from /home/airflow/.local/lib/python3.12/site-packages/airflow/example_dags/example_sensors.py
[2024-04-27T00:04:47.115+0000] {processor.py:840} INFO - DAG(s) 'example_sensors' retrieved from /home/airflow/.local/lib/python3.12/site-packages/airflow/example_dags/example_sensors.py
[2024-04-27T00:04:47.137+0000] {logging_mixin.py:188} INFO - [2024-04-27T00:04:47.136+0000] {dag.py:3096} INFO - Sync 1 DAGs
[2024-04-27T00:04:47.147+0000] {logging_mixin.py:188} INFO - [2024-04-27T00:04:47.147+0000] {dag.py:3954} INFO - Setting next_dagrun for example_sensors to None, run_after=None
[2024-04-27T00:04:47.168+0000] {processor.py:183} INFO - Processing /home/airflow/.local/lib/python3.12/site-packages/airflow/example_dags/example_sensors.py took 0.068 seconds
[2024-04-27T00:14:07.734+0000] {processor.py:161} INFO - Started process (PID=67) to work on /home/airflow/.local/lib/python3.12/site-packages/airflow/example_dags/example_sensors.py
[2024-04-27T00:14:07.738+0000] {processor.py:830} INFO - Processing file /home/airflow/.local/lib/python3.12/site-packages/airflow/example_dags/example_sensors.py for tasks to queue
[2024-04-27T00:14:07.742+0000] {logging_mixin.py:188} INFO - [2024-04-27T00:14:07.742+0000] {dagbag.py:540} INFO - Filling up the DagBag from /home/airflow/.local/lib/python3.12/site-packages/airflow/example_dags/example_sensors.py
[2024-04-27T00:14:07.755+0000] {processor.py:840} INFO - DAG(s) 'example_sensors' retrieved from /home/airflow/.local/lib/python3.12/site-packages/airflow/example_dags/example_sensors.py
[2024-04-27T00:14:07.770+0000] {logging_mixin.py:188} INFO - [2024-04-27T00:14:07.770+0000] {dag.py:3096} INFO - Sync 1 DAGs
[2024-04-27T00:14:07.792+0000] {logging_mixin.py:188} INFO - [2024-04-27T00:14:07.792+0000] {dag.py:3954} INFO - Setting next_dagrun for example_sensors to None, run_after=None
[2024-04-27T00:14:07.827+0000] {processor.py:183} INFO - Processing /home/airflow/.local/lib/python3.12/site-packages/airflow/example_dags/example_sensors.py took 0.097 seconds
[2024-04-27T00:14:38.979+0000] {processor.py:161} INFO - Started process (PID=126) to work on /home/airflow/.local/lib/python3.12/site-packages/airflow/example_dags/example_sensors.py
[2024-04-27T00:14:38.981+0000] {processor.py:830} INFO - Processing file /home/airflow/.local/lib/python3.12/site-packages/airflow/example_dags/example_sensors.py for tasks to queue
[2024-04-27T00:14:38.982+0000] {logging_mixin.py:188} INFO - [2024-04-27T00:14:38.982+0000] {dagbag.py:540} INFO - Filling up the DagBag from /home/airflow/.local/lib/python3.12/site-packages/airflow/example_dags/example_sensors.py
[2024-04-27T00:14:38.990+0000] {processor.py:840} INFO - DAG(s) 'example_sensors' retrieved from /home/airflow/.local/lib/python3.12/site-packages/airflow/example_dags/example_sensors.py
[2024-04-27T00:14:39.082+0000] {logging_mixin.py:188} INFO - [2024-04-27T00:14:39.081+0000] {dag.py:3096} INFO - Sync 1 DAGs
[2024-04-27T00:14:39.093+0000] {logging_mixin.py:188} INFO - [2024-04-27T00:14:39.093+0000] {dag.py:3954} INFO - Setting next_dagrun for example_sensors to None, run_after=None
[2024-04-27T00:14:39.117+0000] {processor.py:183} INFO - Processing /home/airflow/.local/lib/python3.12/site-packages/airflow/example_dags/example_sensors.py took 0.142 seconds
[2024-04-27T00:15:10.065+0000] {processor.py:161} INFO - Started process (PID=185) to work on /home/airflow/.local/lib/python3.12/site-packages/airflow/example_dags/example_sensors.py
[2024-04-27T00:15:10.066+0000] {processor.py:830} INFO - Processing file /home/airflow/.local/lib/python3.12/site-packages/airflow/example_dags/example_sensors.py for tasks to queue
[2024-04-27T00:15:10.068+0000] {logging_mixin.py:188} INFO - [2024-04-27T00:15:10.068+0000] {dagbag.py:540} INFO - Filling up the DagBag from /home/airflow/.local/lib/python3.12/site-packages/airflow/example_dags/example_sensors.py
[2024-04-27T00:15:10.075+0000] {processor.py:840} INFO - DAG(s) 'example_sensors' retrieved from /home/airflow/.local/lib/python3.12/site-packages/airflow/example_dags/example_sensors.py
[2024-04-27T00:15:10.097+0000] {logging_mixin.py:188} INFO - [2024-04-27T00:15:10.097+0000] {dag.py:3096} INFO - Sync 1 DAGs
[2024-04-27T00:15:10.108+0000] {logging_mixin.py:188} INFO - [2024-04-27T00:15:10.107+0000] {dag.py:3954} INFO - Setting next_dagrun for example_sensors to None, run_after=None
[2024-04-27T00:15:10.134+0000] {processor.py:183} INFO - Processing /home/airflow/.local/lib/python3.12/site-packages/airflow/example_dags/example_sensors.py took 0.073 seconds
[2024-04-27T00:15:40.472+0000] {processor.py:161} INFO - Started process (PID=244) to work on /home/airflow/.local/lib/python3.12/site-packages/airflow/example_dags/example_sensors.py
[2024-04-27T00:15:40.473+0000] {processor.py:830} INFO - Processing file /home/airflow/.local/lib/python3.12/site-packages/airflow/example_dags/example_sensors.py for tasks to queue
[2024-04-27T00:15:40.475+0000] {logging_mixin.py:188} INFO - [2024-04-27T00:15:40.475+0000] {dagbag.py:540} INFO - Filling up the DagBag from /home/airflow/.local/lib/python3.12/site-packages/airflow/example_dags/example_sensors.py
[2024-04-27T00:15:40.483+0000] {processor.py:840} INFO - DAG(s) 'example_sensors' retrieved from /home/airflow/.local/lib/python3.12/site-packages/airflow/example_dags/example_sensors.py
[2024-04-27T00:15:40.508+0000] {logging_mixin.py:188} INFO - [2024-04-27T00:15:40.508+0000] {dag.py:3096} INFO - Sync 1 DAGs
[2024-04-27T00:15:40.518+0000] {logging_mixin.py:188} INFO - [2024-04-27T00:15:40.518+0000] {dag.py:3954} INFO - Setting next_dagrun for example_sensors to None, run_after=None
[2024-04-27T00:15:40.539+0000] {processor.py:183} INFO - Processing /home/airflow/.local/lib/python3.12/site-packages/airflow/example_dags/example_sensors.py took 0.072 seconds
[2024-04-27T00:16:11.130+0000] {processor.py:161} INFO - Started process (PID=303) to work on /home/airflow/.local/lib/python3.12/site-packages/airflow/example_dags/example_sensors.py
[2024-04-27T00:16:11.131+0000] {processor.py:830} INFO - Processing file /home/airflow/.local/lib/python3.12/site-packages/airflow/example_dags/example_sensors.py for tasks to queue
[2024-04-27T00:16:11.134+0000] {logging_mixin.py:188} INFO - [2024-04-27T00:16:11.133+0000] {dagbag.py:540} INFO - Filling up the DagBag from /home/airflow/.local/lib/python3.12/site-packages/airflow/example_dags/example_sensors.py
[2024-04-27T00:16:11.141+0000] {processor.py:840} INFO - DAG(s) 'example_sensors' retrieved from /home/airflow/.local/lib/python3.12/site-packages/airflow/example_dags/example_sensors.py
[2024-04-27T00:16:11.168+0000] {logging_mixin.py:188} INFO - [2024-04-27T00:16:11.168+0000] {dag.py:3096} INFO - Sync 1 DAGs
[2024-04-27T00:16:11.180+0000] {logging_mixin.py:188} INFO - [2024-04-27T00:16:11.180+0000] {dag.py:3954} INFO - Setting next_dagrun for example_sensors to None, run_after=None
[2024-04-27T00:16:11.202+0000] {processor.py:183} INFO - Processing /home/airflow/.local/lib/python3.12/site-packages/airflow/example_dags/example_sensors.py took 0.077 seconds
[2024-04-27T00:16:41.241+0000] {processor.py:161} INFO - Started process (PID=362) to work on /home/airflow/.local/lib/python3.12/site-packages/airflow/example_dags/example_sensors.py
[2024-04-27T00:16:41.243+0000] {processor.py:830} INFO - Processing file /home/airflow/.local/lib/python3.12/site-packages/airflow/example_dags/example_sensors.py for tasks to queue
[2024-04-27T00:16:41.245+0000] {logging_mixin.py:188} INFO - [2024-04-27T00:16:41.245+0000] {dagbag.py:540} INFO - Filling up the DagBag from /home/airflow/.local/lib/python3.12/site-packages/airflow/example_dags/example_sensors.py
[2024-04-27T00:16:41.252+0000] {processor.py:840} INFO - DAG(s) 'example_sensors' retrieved from /home/airflow/.local/lib/python3.12/site-packages/airflow/example_dags/example_sensors.py
[2024-04-27T00:16:41.272+0000] {logging_mixin.py:188} INFO - [2024-04-27T00:16:41.272+0000] {dag.py:3096} INFO - Sync 1 DAGs
[2024-04-27T00:16:41.283+0000] {logging_mixin.py:188} INFO - [2024-04-27T00:16:41.283+0000] {dag.py:3954} INFO - Setting next_dagrun for example_sensors to None, run_after=None
[2024-04-27T00:16:41.303+0000] {processor.py:183} INFO - Processing /home/airflow/.local/lib/python3.12/site-packages/airflow/example_dags/example_sensors.py took 0.067 seconds
