[2024-04-27T00:00:09.069+0000] {processor.py:161} INFO - Started process (PID=42) to work on /home/airflow/.local/lib/python3.12/site-packages/airflow/example_dags/example_latest_only_with_trigger.py
[2024-04-27T00:00:09.072+0000] {processor.py:830} INFO - Processing file /home/airflow/.local/lib/python3.12/site-packages/airflow/example_dags/example_latest_only_with_trigger.py for tasks to queue
[2024-04-27T00:00:09.074+0000] {logging_mixin.py:188} INFO - [2024-04-27T00:00:09.074+0000] {dagbag.py:540} INFO - Filling up the DagBag from /home/airflow/.local/lib/python3.12/site-packages/airflow/example_dags/example_latest_only_with_trigger.py
[2024-04-27T00:00:09.088+0000] {processor.py:840} INFO - DAG(s) 'latest_only_with_trigger' retrieved from /home/airflow/.local/lib/python3.12/site-packages/airflow/example_dags/example_latest_only_with_trigger.py
[2024-04-27T00:00:09.116+0000] {logging_mixin.py:188} INFO - [2024-04-27T00:00:09.115+0000] {dag.py:3096} INFO - Sync 1 DAGs
[2024-04-27T00:00:09.175+0000] {logging_mixin.py:188} INFO - [2024-04-27T00:00:09.174+0000] {dag.py:3954} INFO - Setting next_dagrun for latest_only_with_trigger to 2024-04-26 20:00:00+00:00, run_after=2024-04-27 00:00:00+00:00
[2024-04-27T00:00:09.213+0000] {processor.py:183} INFO - Processing /home/airflow/.local/lib/python3.12/site-packages/airflow/example_dags/example_latest_only_with_trigger.py took 0.170 seconds
[2024-04-27T00:00:39.678+0000] {processor.py:161} INFO - Started process (PID=101) to work on /home/airflow/.local/lib/python3.12/site-packages/airflow/example_dags/example_latest_only_with_trigger.py
[2024-04-27T00:00:39.679+0000] {processor.py:830} INFO - Processing file /home/airflow/.local/lib/python3.12/site-packages/airflow/example_dags/example_latest_only_with_trigger.py for tasks to queue
[2024-04-27T00:00:39.681+0000] {logging_mixin.py:188} INFO - [2024-04-27T00:00:39.681+0000] {dagbag.py:540} INFO - Filling up the DagBag from /home/airflow/.local/lib/python3.12/site-packages/airflow/example_dags/example_latest_only_with_trigger.py
[2024-04-27T00:00:39.687+0000] {processor.py:840} INFO - DAG(s) 'latest_only_with_trigger' retrieved from /home/airflow/.local/lib/python3.12/site-packages/airflow/example_dags/example_latest_only_with_trigger.py
[2024-04-27T00:00:39.776+0000] {logging_mixin.py:188} INFO - [2024-04-27T00:00:39.775+0000] {dag.py:3096} INFO - Sync 1 DAGs
[2024-04-27T00:00:39.793+0000] {logging_mixin.py:188} INFO - [2024-04-27T00:00:39.793+0000] {dag.py:3954} INFO - Setting next_dagrun for latest_only_with_trigger to 2024-04-26 20:00:00+00:00, run_after=2024-04-27 00:00:00+00:00
[2024-04-27T00:00:39.811+0000] {processor.py:183} INFO - Processing /home/airflow/.local/lib/python3.12/site-packages/airflow/example_dags/example_latest_only_with_trigger.py took 0.138 seconds
[2024-04-27T00:01:10.214+0000] {processor.py:161} INFO - Started process (PID=160) to work on /home/airflow/.local/lib/python3.12/site-packages/airflow/example_dags/example_latest_only_with_trigger.py
[2024-04-27T00:01:10.215+0000] {processor.py:830} INFO - Processing file /home/airflow/.local/lib/python3.12/site-packages/airflow/example_dags/example_latest_only_with_trigger.py for tasks to queue
[2024-04-27T00:01:10.217+0000] {logging_mixin.py:188} INFO - [2024-04-27T00:01:10.217+0000] {dagbag.py:540} INFO - Filling up the DagBag from /home/airflow/.local/lib/python3.12/site-packages/airflow/example_dags/example_latest_only_with_trigger.py
[2024-04-27T00:01:10.222+0000] {processor.py:840} INFO - DAG(s) 'latest_only_with_trigger' retrieved from /home/airflow/.local/lib/python3.12/site-packages/airflow/example_dags/example_latest_only_with_trigger.py
[2024-04-27T00:01:10.240+0000] {logging_mixin.py:188} INFO - [2024-04-27T00:01:10.240+0000] {dag.py:3096} INFO - Sync 1 DAGs
[2024-04-27T00:01:10.259+0000] {logging_mixin.py:188} INFO - [2024-04-27T00:01:10.259+0000] {dag.py:3954} INFO - Setting next_dagrun for latest_only_with_trigger to 2024-04-26 20:00:00+00:00, run_after=2024-04-27 00:00:00+00:00
[2024-04-27T00:01:10.278+0000] {processor.py:183} INFO - Processing /home/airflow/.local/lib/python3.12/site-packages/airflow/example_dags/example_latest_only_with_trigger.py took 0.069 seconds
[2024-04-27T00:01:40.627+0000] {processor.py:161} INFO - Started process (PID=219) to work on /home/airflow/.local/lib/python3.12/site-packages/airflow/example_dags/example_latest_only_with_trigger.py
[2024-04-27T00:01:40.627+0000] {processor.py:830} INFO - Processing file /home/airflow/.local/lib/python3.12/site-packages/airflow/example_dags/example_latest_only_with_trigger.py for tasks to queue
[2024-04-27T00:01:40.630+0000] {logging_mixin.py:188} INFO - [2024-04-27T00:01:40.629+0000] {dagbag.py:540} INFO - Filling up the DagBag from /home/airflow/.local/lib/python3.12/site-packages/airflow/example_dags/example_latest_only_with_trigger.py
[2024-04-27T00:01:40.635+0000] {processor.py:840} INFO - DAG(s) 'latest_only_with_trigger' retrieved from /home/airflow/.local/lib/python3.12/site-packages/airflow/example_dags/example_latest_only_with_trigger.py
[2024-04-27T00:01:40.654+0000] {logging_mixin.py:188} INFO - [2024-04-27T00:01:40.654+0000] {dag.py:3096} INFO - Sync 1 DAGs
[2024-04-27T00:01:40.673+0000] {logging_mixin.py:188} INFO - [2024-04-27T00:01:40.673+0000] {dag.py:3954} INFO - Setting next_dagrun for latest_only_with_trigger to 2024-04-26 20:00:00+00:00, run_after=2024-04-27 00:00:00+00:00
[2024-04-27T00:01:40.693+0000] {processor.py:183} INFO - Processing /home/airflow/.local/lib/python3.12/site-packages/airflow/example_dags/example_latest_only_with_trigger.py took 0.072 seconds
[2024-04-27T00:02:10.825+0000] {processor.py:161} INFO - Started process (PID=278) to work on /home/airflow/.local/lib/python3.12/site-packages/airflow/example_dags/example_latest_only_with_trigger.py
[2024-04-27T00:02:10.826+0000] {processor.py:830} INFO - Processing file /home/airflow/.local/lib/python3.12/site-packages/airflow/example_dags/example_latest_only_with_trigger.py for tasks to queue
[2024-04-27T00:02:10.828+0000] {logging_mixin.py:188} INFO - [2024-04-27T00:02:10.828+0000] {dagbag.py:540} INFO - Filling up the DagBag from /home/airflow/.local/lib/python3.12/site-packages/airflow/example_dags/example_latest_only_with_trigger.py
[2024-04-27T00:02:10.833+0000] {processor.py:840} INFO - DAG(s) 'latest_only_with_trigger' retrieved from /home/airflow/.local/lib/python3.12/site-packages/airflow/example_dags/example_latest_only_with_trigger.py
[2024-04-27T00:02:10.853+0000] {logging_mixin.py:188} INFO - [2024-04-27T00:02:10.853+0000] {dag.py:3096} INFO - Sync 1 DAGs
[2024-04-27T00:02:10.869+0000] {logging_mixin.py:188} INFO - [2024-04-27T00:02:10.869+0000] {dag.py:3954} INFO - Setting next_dagrun for latest_only_with_trigger to 2024-04-26 20:00:00+00:00, run_after=2024-04-27 00:00:00+00:00
[2024-04-27T00:02:10.886+0000] {processor.py:183} INFO - Processing /home/airflow/.local/lib/python3.12/site-packages/airflow/example_dags/example_latest_only_with_trigger.py took 0.066 seconds
[2024-04-27T00:02:41.165+0000] {processor.py:161} INFO - Started process (PID=337) to work on /home/airflow/.local/lib/python3.12/site-packages/airflow/example_dags/example_latest_only_with_trigger.py
[2024-04-27T00:02:41.166+0000] {processor.py:830} INFO - Processing file /home/airflow/.local/lib/python3.12/site-packages/airflow/example_dags/example_latest_only_with_trigger.py for tasks to queue
[2024-04-27T00:02:41.167+0000] {logging_mixin.py:188} INFO - [2024-04-27T00:02:41.167+0000] {dagbag.py:540} INFO - Filling up the DagBag from /home/airflow/.local/lib/python3.12/site-packages/airflow/example_dags/example_latest_only_with_trigger.py
[2024-04-27T00:02:41.172+0000] {processor.py:840} INFO - DAG(s) 'latest_only_with_trigger' retrieved from /home/airflow/.local/lib/python3.12/site-packages/airflow/example_dags/example_latest_only_with_trigger.py
[2024-04-27T00:02:41.189+0000] {logging_mixin.py:188} INFO - [2024-04-27T00:02:41.189+0000] {dag.py:3096} INFO - Sync 1 DAGs
[2024-04-27T00:02:41.208+0000] {logging_mixin.py:188} INFO - [2024-04-27T00:02:41.208+0000] {dag.py:3954} INFO - Setting next_dagrun for latest_only_with_trigger to 2024-04-26 20:00:00+00:00, run_after=2024-04-27 00:00:00+00:00
[2024-04-27T00:02:41.228+0000] {processor.py:183} INFO - Processing /home/airflow/.local/lib/python3.12/site-packages/airflow/example_dags/example_latest_only_with_trigger.py took 0.069 seconds
[2024-04-27T00:03:11.524+0000] {processor.py:161} INFO - Started process (PID=396) to work on /home/airflow/.local/lib/python3.12/site-packages/airflow/example_dags/example_latest_only_with_trigger.py
[2024-04-27T00:03:11.525+0000] {processor.py:830} INFO - Processing file /home/airflow/.local/lib/python3.12/site-packages/airflow/example_dags/example_latest_only_with_trigger.py for tasks to queue
[2024-04-27T00:03:11.527+0000] {logging_mixin.py:188} INFO - [2024-04-27T00:03:11.526+0000] {dagbag.py:540} INFO - Filling up the DagBag from /home/airflow/.local/lib/python3.12/site-packages/airflow/example_dags/example_latest_only_with_trigger.py
[2024-04-27T00:03:11.532+0000] {processor.py:840} INFO - DAG(s) 'latest_only_with_trigger' retrieved from /home/airflow/.local/lib/python3.12/site-packages/airflow/example_dags/example_latest_only_with_trigger.py
[2024-04-27T00:03:11.550+0000] {logging_mixin.py:188} INFO - [2024-04-27T00:03:11.550+0000] {dag.py:3096} INFO - Sync 1 DAGs
[2024-04-27T00:03:11.568+0000] {logging_mixin.py:188} INFO - [2024-04-27T00:03:11.568+0000] {dag.py:3954} INFO - Setting next_dagrun for latest_only_with_trigger to 2024-04-26 20:00:00+00:00, run_after=2024-04-27 00:00:00+00:00
[2024-04-27T00:03:11.589+0000] {processor.py:183} INFO - Processing /home/airflow/.local/lib/python3.12/site-packages/airflow/example_dags/example_latest_only_with_trigger.py took 0.070 seconds
[2024-04-27T00:03:41.944+0000] {processor.py:161} INFO - Started process (PID=456) to work on /home/airflow/.local/lib/python3.12/site-packages/airflow/example_dags/example_latest_only_with_trigger.py
[2024-04-27T00:03:41.945+0000] {processor.py:830} INFO - Processing file /home/airflow/.local/lib/python3.12/site-packages/airflow/example_dags/example_latest_only_with_trigger.py for tasks to queue
[2024-04-27T00:03:41.947+0000] {logging_mixin.py:188} INFO - [2024-04-27T00:03:41.946+0000] {dagbag.py:540} INFO - Filling up the DagBag from /home/airflow/.local/lib/python3.12/site-packages/airflow/example_dags/example_latest_only_with_trigger.py
[2024-04-27T00:03:41.951+0000] {processor.py:840} INFO - DAG(s) 'latest_only_with_trigger' retrieved from /home/airflow/.local/lib/python3.12/site-packages/airflow/example_dags/example_latest_only_with_trigger.py
[2024-04-27T00:03:41.969+0000] {logging_mixin.py:188} INFO - [2024-04-27T00:03:41.969+0000] {dag.py:3096} INFO - Sync 1 DAGs
[2024-04-27T00:03:41.988+0000] {logging_mixin.py:188} INFO - [2024-04-27T00:03:41.987+0000] {dag.py:3954} INFO - Setting next_dagrun for latest_only_with_trigger to 2024-04-26 20:00:00+00:00, run_after=2024-04-27 00:00:00+00:00
[2024-04-27T00:03:42.006+0000] {processor.py:183} INFO - Processing /home/airflow/.local/lib/python3.12/site-packages/airflow/example_dags/example_latest_only_with_trigger.py took 0.068 seconds
[2024-04-27T00:04:12.317+0000] {processor.py:161} INFO - Started process (PID=515) to work on /home/airflow/.local/lib/python3.12/site-packages/airflow/example_dags/example_latest_only_with_trigger.py
[2024-04-27T00:04:12.318+0000] {processor.py:830} INFO - Processing file /home/airflow/.local/lib/python3.12/site-packages/airflow/example_dags/example_latest_only_with_trigger.py for tasks to queue
[2024-04-27T00:04:12.320+0000] {logging_mixin.py:188} INFO - [2024-04-27T00:04:12.319+0000] {dagbag.py:540} INFO - Filling up the DagBag from /home/airflow/.local/lib/python3.12/site-packages/airflow/example_dags/example_latest_only_with_trigger.py
[2024-04-27T00:04:12.324+0000] {processor.py:840} INFO - DAG(s) 'latest_only_with_trigger' retrieved from /home/airflow/.local/lib/python3.12/site-packages/airflow/example_dags/example_latest_only_with_trigger.py
[2024-04-27T00:04:12.342+0000] {logging_mixin.py:188} INFO - [2024-04-27T00:04:12.342+0000] {dag.py:3096} INFO - Sync 1 DAGs
[2024-04-27T00:04:12.363+0000] {logging_mixin.py:188} INFO - [2024-04-27T00:04:12.363+0000] {dag.py:3954} INFO - Setting next_dagrun for latest_only_with_trigger to 2024-04-26 20:00:00+00:00, run_after=2024-04-27 00:00:00+00:00
[2024-04-27T00:04:12.387+0000] {processor.py:183} INFO - Processing /home/airflow/.local/lib/python3.12/site-packages/airflow/example_dags/example_latest_only_with_trigger.py took 0.076 seconds
[2024-04-27T00:04:42.630+0000] {processor.py:161} INFO - Started process (PID=574) to work on /home/airflow/.local/lib/python3.12/site-packages/airflow/example_dags/example_latest_only_with_trigger.py
[2024-04-27T00:04:42.631+0000] {processor.py:830} INFO - Processing file /home/airflow/.local/lib/python3.12/site-packages/airflow/example_dags/example_latest_only_with_trigger.py for tasks to queue
[2024-04-27T00:04:42.633+0000] {logging_mixin.py:188} INFO - [2024-04-27T00:04:42.632+0000] {dagbag.py:540} INFO - Filling up the DagBag from /home/airflow/.local/lib/python3.12/site-packages/airflow/example_dags/example_latest_only_with_trigger.py
[2024-04-27T00:04:42.638+0000] {processor.py:840} INFO - DAG(s) 'latest_only_with_trigger' retrieved from /home/airflow/.local/lib/python3.12/site-packages/airflow/example_dags/example_latest_only_with_trigger.py
[2024-04-27T00:04:42.658+0000] {logging_mixin.py:188} INFO - [2024-04-27T00:04:42.658+0000] {dag.py:3096} INFO - Sync 1 DAGs
[2024-04-27T00:04:42.680+0000] {logging_mixin.py:188} INFO - [2024-04-27T00:04:42.680+0000] {dag.py:3954} INFO - Setting next_dagrun for latest_only_with_trigger to 2024-04-26 20:00:00+00:00, run_after=2024-04-27 00:00:00+00:00
[2024-04-27T00:04:42.699+0000] {processor.py:183} INFO - Processing /home/airflow/.local/lib/python3.12/site-packages/airflow/example_dags/example_latest_only_with_trigger.py took 0.077 seconds
[2024-04-27T00:14:06.010+0000] {processor.py:161} INFO - Started process (PID=42) to work on /home/airflow/.local/lib/python3.12/site-packages/airflow/example_dags/example_latest_only_with_trigger.py
[2024-04-27T00:14:06.011+0000] {processor.py:830} INFO - Processing file /home/airflow/.local/lib/python3.12/site-packages/airflow/example_dags/example_latest_only_with_trigger.py for tasks to queue
[2024-04-27T00:14:06.013+0000] {logging_mixin.py:188} INFO - [2024-04-27T00:14:06.012+0000] {dagbag.py:540} INFO - Filling up the DagBag from /home/airflow/.local/lib/python3.12/site-packages/airflow/example_dags/example_latest_only_with_trigger.py
[2024-04-27T00:14:06.020+0000] {processor.py:840} INFO - DAG(s) 'latest_only_with_trigger' retrieved from /home/airflow/.local/lib/python3.12/site-packages/airflow/example_dags/example_latest_only_with_trigger.py
[2024-04-27T00:14:06.038+0000] {logging_mixin.py:188} INFO - [2024-04-27T00:14:06.038+0000] {dag.py:3096} INFO - Sync 1 DAGs
[2024-04-27T00:14:06.073+0000] {logging_mixin.py:188} INFO - [2024-04-27T00:14:06.073+0000] {dag.py:3954} INFO - Setting next_dagrun for latest_only_with_trigger to 2024-04-26 20:00:00+00:00, run_after=2024-04-27 00:00:00+00:00
[2024-04-27T00:14:06.099+0000] {processor.py:183} INFO - Processing /home/airflow/.local/lib/python3.12/site-packages/airflow/example_dags/example_latest_only_with_trigger.py took 0.095 seconds
[2024-04-27T00:14:36.681+0000] {processor.py:161} INFO - Started process (PID=101) to work on /home/airflow/.local/lib/python3.12/site-packages/airflow/example_dags/example_latest_only_with_trigger.py
[2024-04-27T00:14:36.682+0000] {processor.py:830} INFO - Processing file /home/airflow/.local/lib/python3.12/site-packages/airflow/example_dags/example_latest_only_with_trigger.py for tasks to queue
[2024-04-27T00:14:36.684+0000] {logging_mixin.py:188} INFO - [2024-04-27T00:14:36.684+0000] {dagbag.py:540} INFO - Filling up the DagBag from /home/airflow/.local/lib/python3.12/site-packages/airflow/example_dags/example_latest_only_with_trigger.py
[2024-04-27T00:14:36.690+0000] {processor.py:840} INFO - DAG(s) 'latest_only_with_trigger' retrieved from /home/airflow/.local/lib/python3.12/site-packages/airflow/example_dags/example_latest_only_with_trigger.py
[2024-04-27T00:14:36.778+0000] {logging_mixin.py:188} INFO - [2024-04-27T00:14:36.778+0000] {dag.py:3096} INFO - Sync 1 DAGs
[2024-04-27T00:14:36.794+0000] {logging_mixin.py:188} INFO - [2024-04-27T00:14:36.794+0000] {dag.py:3954} INFO - Setting next_dagrun for latest_only_with_trigger to 2024-04-26 20:00:00+00:00, run_after=2024-04-27 00:00:00+00:00
[2024-04-27T00:14:36.811+0000] {processor.py:183} INFO - Processing /home/airflow/.local/lib/python3.12/site-packages/airflow/example_dags/example_latest_only_with_trigger.py took 0.136 seconds
[2024-04-27T00:15:06.946+0000] {processor.py:161} INFO - Started process (PID=160) to work on /home/airflow/.local/lib/python3.12/site-packages/airflow/example_dags/example_latest_only_with_trigger.py
[2024-04-27T00:15:06.947+0000] {processor.py:830} INFO - Processing file /home/airflow/.local/lib/python3.12/site-packages/airflow/example_dags/example_latest_only_with_trigger.py for tasks to queue
[2024-04-27T00:15:06.949+0000] {logging_mixin.py:188} INFO - [2024-04-27T00:15:06.948+0000] {dagbag.py:540} INFO - Filling up the DagBag from /home/airflow/.local/lib/python3.12/site-packages/airflow/example_dags/example_latest_only_with_trigger.py
[2024-04-27T00:15:06.954+0000] {processor.py:840} INFO - DAG(s) 'latest_only_with_trigger' retrieved from /home/airflow/.local/lib/python3.12/site-packages/airflow/example_dags/example_latest_only_with_trigger.py
[2024-04-27T00:15:06.976+0000] {logging_mixin.py:188} INFO - [2024-04-27T00:15:06.976+0000] {dag.py:3096} INFO - Sync 1 DAGs
[2024-04-27T00:15:07.001+0000] {logging_mixin.py:188} INFO - [2024-04-27T00:15:07.000+0000] {dag.py:3954} INFO - Setting next_dagrun for latest_only_with_trigger to 2024-04-26 20:00:00+00:00, run_after=2024-04-27 00:00:00+00:00
[2024-04-27T00:15:07.026+0000] {processor.py:183} INFO - Processing /home/airflow/.local/lib/python3.12/site-packages/airflow/example_dags/example_latest_only_with_trigger.py took 0.086 seconds
[2024-04-27T00:15:37.105+0000] {processor.py:161} INFO - Started process (PID=219) to work on /home/airflow/.local/lib/python3.12/site-packages/airflow/example_dags/example_latest_only_with_trigger.py
[2024-04-27T00:15:37.106+0000] {processor.py:830} INFO - Processing file /home/airflow/.local/lib/python3.12/site-packages/airflow/example_dags/example_latest_only_with_trigger.py for tasks to queue
[2024-04-27T00:15:37.108+0000] {logging_mixin.py:188} INFO - [2024-04-27T00:15:37.108+0000] {dagbag.py:540} INFO - Filling up the DagBag from /home/airflow/.local/lib/python3.12/site-packages/airflow/example_dags/example_latest_only_with_trigger.py
[2024-04-27T00:15:37.114+0000] {processor.py:840} INFO - DAG(s) 'latest_only_with_trigger' retrieved from /home/airflow/.local/lib/python3.12/site-packages/airflow/example_dags/example_latest_only_with_trigger.py
[2024-04-27T00:15:37.130+0000] {logging_mixin.py:188} INFO - [2024-04-27T00:15:37.130+0000] {dag.py:3096} INFO - Sync 1 DAGs
[2024-04-27T00:15:37.148+0000] {logging_mixin.py:188} INFO - [2024-04-27T00:15:37.148+0000] {dag.py:3954} INFO - Setting next_dagrun for latest_only_with_trigger to 2024-04-26 20:00:00+00:00, run_after=2024-04-27 00:00:00+00:00
[2024-04-27T00:15:37.167+0000] {processor.py:183} INFO - Processing /home/airflow/.local/lib/python3.12/site-packages/airflow/example_dags/example_latest_only_with_trigger.py took 0.067 seconds
[2024-04-27T00:16:07.550+0000] {processor.py:161} INFO - Started process (PID=278) to work on /home/airflow/.local/lib/python3.12/site-packages/airflow/example_dags/example_latest_only_with_trigger.py
[2024-04-27T00:16:07.551+0000] {processor.py:830} INFO - Processing file /home/airflow/.local/lib/python3.12/site-packages/airflow/example_dags/example_latest_only_with_trigger.py for tasks to queue
[2024-04-27T00:16:07.554+0000] {logging_mixin.py:188} INFO - [2024-04-27T00:16:07.553+0000] {dagbag.py:540} INFO - Filling up the DagBag from /home/airflow/.local/lib/python3.12/site-packages/airflow/example_dags/example_latest_only_with_trigger.py
[2024-04-27T00:16:07.559+0000] {processor.py:840} INFO - DAG(s) 'latest_only_with_trigger' retrieved from /home/airflow/.local/lib/python3.12/site-packages/airflow/example_dags/example_latest_only_with_trigger.py
[2024-04-27T00:16:07.577+0000] {logging_mixin.py:188} INFO - [2024-04-27T00:16:07.577+0000] {dag.py:3096} INFO - Sync 1 DAGs
[2024-04-27T00:16:07.595+0000] {logging_mixin.py:188} INFO - [2024-04-27T00:16:07.595+0000] {dag.py:3954} INFO - Setting next_dagrun for latest_only_with_trigger to 2024-04-26 20:00:00+00:00, run_after=2024-04-27 00:00:00+00:00
[2024-04-27T00:16:07.611+0000] {processor.py:183} INFO - Processing /home/airflow/.local/lib/python3.12/site-packages/airflow/example_dags/example_latest_only_with_trigger.py took 0.066 seconds
[2024-04-27T00:16:37.827+0000] {processor.py:161} INFO - Started process (PID=337) to work on /home/airflow/.local/lib/python3.12/site-packages/airflow/example_dags/example_latest_only_with_trigger.py
[2024-04-27T00:16:37.828+0000] {processor.py:830} INFO - Processing file /home/airflow/.local/lib/python3.12/site-packages/airflow/example_dags/example_latest_only_with_trigger.py for tasks to queue
[2024-04-27T00:16:37.830+0000] {logging_mixin.py:188} INFO - [2024-04-27T00:16:37.830+0000] {dagbag.py:540} INFO - Filling up the DagBag from /home/airflow/.local/lib/python3.12/site-packages/airflow/example_dags/example_latest_only_with_trigger.py
[2024-04-27T00:16:37.835+0000] {processor.py:840} INFO - DAG(s) 'latest_only_with_trigger' retrieved from /home/airflow/.local/lib/python3.12/site-packages/airflow/example_dags/example_latest_only_with_trigger.py
[2024-04-27T00:16:37.852+0000] {logging_mixin.py:188} INFO - [2024-04-27T00:16:37.852+0000] {dag.py:3096} INFO - Sync 1 DAGs
[2024-04-27T00:16:37.877+0000] {logging_mixin.py:188} INFO - [2024-04-27T00:16:37.877+0000] {dag.py:3954} INFO - Setting next_dagrun for latest_only_with_trigger to 2024-04-26 20:00:00+00:00, run_after=2024-04-27 00:00:00+00:00
[2024-04-27T00:16:37.902+0000] {processor.py:183} INFO - Processing /home/airflow/.local/lib/python3.12/site-packages/airflow/example_dags/example_latest_only_with_trigger.py took 0.081 seconds
