[2024-04-27T00:00:13.263+0000] {processor.py:161} INFO - Started process (PID=72) to work on /home/airflow/.local/lib/python3.12/site-packages/airflow/example_dags/example_datasets.py
[2024-04-27T00:00:13.265+0000] {processor.py:830} INFO - Processing file /home/airflow/.local/lib/python3.12/site-packages/airflow/example_dags/example_datasets.py for tasks to queue
[2024-04-27T00:00:13.267+0000] {logging_mixin.py:188} INFO - [2024-04-27T00:00:13.266+0000] {dagbag.py:540} INFO - Filling up the DagBag from /home/airflow/.local/lib/python3.12/site-packages/airflow/example_dags/example_datasets.py
[2024-04-27T00:00:13.286+0000] {processor.py:840} INFO - DAG(s) 'dataset_produces_2', 'dataset_produces_1', 'consume_1_or_2_with_dataset_expressions', 'conditional_dataset_and_time_based_timetable', 'consume_1_and_2_with_dataset_expressions', 'dataset_consumes_unknown_never_scheduled', 'dataset_consumes_1_and_2', 'dataset_consumes_1', 'dataset_consumes_1_never_scheduled', 'consume_1_or_both_2_and_3_with_dataset_expressions' retrieved from /home/airflow/.local/lib/python3.12/site-packages/airflow/example_dags/example_datasets.py
[2024-04-27T00:00:13.308+0000] {logging_mixin.py:188} INFO - [2024-04-27T00:00:13.308+0000] {dag.py:3096} INFO - Sync 10 DAGs
[2024-04-27T00:00:13.333+0000] {logging_mixin.py:188} INFO - [2024-04-27T00:00:13.333+0000] {dag.py:3954} INFO - Setting next_dagrun for conditional_dataset_and_time_based_timetable to 2024-04-24 01:00:00+00:00, run_after=2024-04-24 01:00:00+00:00
[2024-04-27T00:00:13.336+0000] {logging_mixin.py:188} INFO - [2024-04-27T00:00:13.336+0000] {dag.py:3954} INFO - Setting next_dagrun for consume_1_and_2_with_dataset_expressions to None, run_after=None
[2024-04-27T00:00:13.338+0000] {logging_mixin.py:188} INFO - [2024-04-27T00:00:13.338+0000] {dag.py:3954} INFO - Setting next_dagrun for consume_1_or_2_with_dataset_expressions to None, run_after=None
[2024-04-27T00:00:13.340+0000] {logging_mixin.py:188} INFO - [2024-04-27T00:00:13.339+0000] {dag.py:3954} INFO - Setting next_dagrun for consume_1_or_both_2_and_3_with_dataset_expressions to None, run_after=None
[2024-04-27T00:00:13.341+0000] {logging_mixin.py:188} INFO - [2024-04-27T00:00:13.341+0000] {dag.py:3954} INFO - Setting next_dagrun for dataset_consumes_1 to None, run_after=None
[2024-04-27T00:00:13.342+0000] {logging_mixin.py:188} INFO - [2024-04-27T00:00:13.342+0000] {dag.py:3954} INFO - Setting next_dagrun for dataset_consumes_1_and_2 to None, run_after=None
[2024-04-27T00:00:13.343+0000] {logging_mixin.py:188} INFO - [2024-04-27T00:00:13.343+0000] {dag.py:3954} INFO - Setting next_dagrun for dataset_consumes_1_never_scheduled to None, run_after=None
[2024-04-27T00:00:13.345+0000] {logging_mixin.py:188} INFO - [2024-04-27T00:00:13.345+0000] {dag.py:3954} INFO - Setting next_dagrun for dataset_consumes_unknown_never_scheduled to None, run_after=None
[2024-04-27T00:00:13.347+0000] {logging_mixin.py:188} INFO - [2024-04-27T00:00:13.347+0000] {dag.py:3954} INFO - Setting next_dagrun for dataset_produces_1 to 2024-04-26 00:00:00+00:00, run_after=2024-04-27 00:00:00+00:00
[2024-04-27T00:00:13.349+0000] {logging_mixin.py:188} INFO - [2024-04-27T00:00:13.349+0000] {dag.py:3954} INFO - Setting next_dagrun for dataset_produces_2 to None, run_after=None
[2024-04-27T00:00:13.384+0000] {processor.py:183} INFO - Processing /home/airflow/.local/lib/python3.12/site-packages/airflow/example_dags/example_datasets.py took 0.127 seconds
[2024-04-27T00:00:44.564+0000] {processor.py:161} INFO - Started process (PID=131) to work on /home/airflow/.local/lib/python3.12/site-packages/airflow/example_dags/example_datasets.py
[2024-04-27T00:00:44.565+0000] {processor.py:830} INFO - Processing file /home/airflow/.local/lib/python3.12/site-packages/airflow/example_dags/example_datasets.py for tasks to queue
[2024-04-27T00:00:44.566+0000] {logging_mixin.py:188} INFO - [2024-04-27T00:00:44.566+0000] {dagbag.py:540} INFO - Filling up the DagBag from /home/airflow/.local/lib/python3.12/site-packages/airflow/example_dags/example_datasets.py
[2024-04-27T00:00:44.578+0000] {processor.py:840} INFO - DAG(s) 'dataset_consumes_1_and_2', 'conditional_dataset_and_time_based_timetable', 'dataset_produces_2', 'consume_1_or_2_with_dataset_expressions', 'consume_1_and_2_with_dataset_expressions', 'dataset_consumes_unknown_never_scheduled', 'dataset_produces_1', 'consume_1_or_both_2_and_3_with_dataset_expressions', 'dataset_consumes_1', 'dataset_consumes_1_never_scheduled' retrieved from /home/airflow/.local/lib/python3.12/site-packages/airflow/example_dags/example_datasets.py
[2024-04-27T00:00:44.760+0000] {logging_mixin.py:188} INFO - [2024-04-27T00:00:44.760+0000] {dag.py:3096} INFO - Sync 10 DAGs
[2024-04-27T00:00:44.779+0000] {logging_mixin.py:188} INFO - [2024-04-27T00:00:44.778+0000] {dag.py:3954} INFO - Setting next_dagrun for conditional_dataset_and_time_based_timetable to 2024-04-24 01:00:00+00:00, run_after=2024-04-24 01:00:00+00:00
[2024-04-27T00:00:44.781+0000] {logging_mixin.py:188} INFO - [2024-04-27T00:00:44.781+0000] {dag.py:3954} INFO - Setting next_dagrun for consume_1_and_2_with_dataset_expressions to None, run_after=None
[2024-04-27T00:00:44.782+0000] {logging_mixin.py:188} INFO - [2024-04-27T00:00:44.782+0000] {dag.py:3954} INFO - Setting next_dagrun for consume_1_or_2_with_dataset_expressions to None, run_after=None
[2024-04-27T00:00:44.783+0000] {logging_mixin.py:188} INFO - [2024-04-27T00:00:44.783+0000] {dag.py:3954} INFO - Setting next_dagrun for consume_1_or_both_2_and_3_with_dataset_expressions to None, run_after=None
[2024-04-27T00:00:44.784+0000] {logging_mixin.py:188} INFO - [2024-04-27T00:00:44.784+0000] {dag.py:3954} INFO - Setting next_dagrun for dataset_consumes_1 to None, run_after=None
[2024-04-27T00:00:44.785+0000] {logging_mixin.py:188} INFO - [2024-04-27T00:00:44.785+0000] {dag.py:3954} INFO - Setting next_dagrun for dataset_consumes_1_and_2 to None, run_after=None
[2024-04-27T00:00:44.787+0000] {logging_mixin.py:188} INFO - [2024-04-27T00:00:44.786+0000] {dag.py:3954} INFO - Setting next_dagrun for dataset_consumes_1_never_scheduled to None, run_after=None
[2024-04-27T00:00:44.788+0000] {logging_mixin.py:188} INFO - [2024-04-27T00:00:44.787+0000] {dag.py:3954} INFO - Setting next_dagrun for dataset_consumes_unknown_never_scheduled to None, run_after=None
[2024-04-27T00:00:44.789+0000] {logging_mixin.py:188} INFO - [2024-04-27T00:00:44.789+0000] {dag.py:3954} INFO - Setting next_dagrun for dataset_produces_1 to 2024-04-26 00:00:00+00:00, run_after=2024-04-27 00:00:00+00:00
[2024-04-27T00:00:44.790+0000] {logging_mixin.py:188} INFO - [2024-04-27T00:00:44.790+0000] {dag.py:3954} INFO - Setting next_dagrun for dataset_produces_2 to None, run_after=None
[2024-04-27T00:00:44.820+0000] {processor.py:183} INFO - Processing /home/airflow/.local/lib/python3.12/site-packages/airflow/example_dags/example_datasets.py took 0.261 seconds
[2024-04-27T00:01:14.880+0000] {processor.py:161} INFO - Started process (PID=191) to work on /home/airflow/.local/lib/python3.12/site-packages/airflow/example_dags/example_datasets.py
[2024-04-27T00:01:14.881+0000] {processor.py:830} INFO - Processing file /home/airflow/.local/lib/python3.12/site-packages/airflow/example_dags/example_datasets.py for tasks to queue
[2024-04-27T00:01:14.883+0000] {logging_mixin.py:188} INFO - [2024-04-27T00:01:14.882+0000] {dagbag.py:540} INFO - Filling up the DagBag from /home/airflow/.local/lib/python3.12/site-packages/airflow/example_dags/example_datasets.py
[2024-04-27T00:01:14.893+0000] {processor.py:840} INFO - DAG(s) 'dataset_produces_1', 'consume_1_or_2_with_dataset_expressions', 'conditional_dataset_and_time_based_timetable', 'consume_1_or_both_2_and_3_with_dataset_expressions', 'consume_1_and_2_with_dataset_expressions', 'dataset_consumes_1_never_scheduled', 'dataset_consumes_1', 'dataset_consumes_unknown_never_scheduled', 'dataset_produces_2', 'dataset_consumes_1_and_2' retrieved from /home/airflow/.local/lib/python3.12/site-packages/airflow/example_dags/example_datasets.py
[2024-04-27T00:01:14.933+0000] {logging_mixin.py:188} INFO - [2024-04-27T00:01:14.933+0000] {dag.py:3096} INFO - Sync 10 DAGs
[2024-04-27T00:01:14.953+0000] {logging_mixin.py:188} INFO - [2024-04-27T00:01:14.953+0000] {dag.py:3954} INFO - Setting next_dagrun for conditional_dataset_and_time_based_timetable to 2024-04-24 01:00:00+00:00, run_after=2024-04-24 01:00:00+00:00
[2024-04-27T00:01:14.957+0000] {logging_mixin.py:188} INFO - [2024-04-27T00:01:14.956+0000] {dag.py:3954} INFO - Setting next_dagrun for consume_1_and_2_with_dataset_expressions to None, run_after=None
[2024-04-27T00:01:14.959+0000] {logging_mixin.py:188} INFO - [2024-04-27T00:01:14.959+0000] {dag.py:3954} INFO - Setting next_dagrun for consume_1_or_2_with_dataset_expressions to None, run_after=None
[2024-04-27T00:01:14.960+0000] {logging_mixin.py:188} INFO - [2024-04-27T00:01:14.960+0000] {dag.py:3954} INFO - Setting next_dagrun for consume_1_or_both_2_and_3_with_dataset_expressions to None, run_after=None
[2024-04-27T00:01:14.961+0000] {logging_mixin.py:188} INFO - [2024-04-27T00:01:14.961+0000] {dag.py:3954} INFO - Setting next_dagrun for dataset_consumes_1 to None, run_after=None
[2024-04-27T00:01:14.962+0000] {logging_mixin.py:188} INFO - [2024-04-27T00:01:14.962+0000] {dag.py:3954} INFO - Setting next_dagrun for dataset_consumes_1_and_2 to None, run_after=None
[2024-04-27T00:01:14.964+0000] {logging_mixin.py:188} INFO - [2024-04-27T00:01:14.963+0000] {dag.py:3954} INFO - Setting next_dagrun for dataset_consumes_1_never_scheduled to None, run_after=None
[2024-04-27T00:01:14.965+0000] {logging_mixin.py:188} INFO - [2024-04-27T00:01:14.965+0000] {dag.py:3954} INFO - Setting next_dagrun for dataset_consumes_unknown_never_scheduled to None, run_after=None
[2024-04-27T00:01:14.967+0000] {logging_mixin.py:188} INFO - [2024-04-27T00:01:14.966+0000] {dag.py:3954} INFO - Setting next_dagrun for dataset_produces_1 to 2024-04-26 00:00:00+00:00, run_after=2024-04-27 00:00:00+00:00
[2024-04-27T00:01:14.969+0000] {logging_mixin.py:188} INFO - [2024-04-27T00:01:14.969+0000] {dag.py:3954} INFO - Setting next_dagrun for dataset_produces_2 to None, run_after=None
[2024-04-27T00:01:15.000+0000] {processor.py:183} INFO - Processing /home/airflow/.local/lib/python3.12/site-packages/airflow/example_dags/example_datasets.py took 0.125 seconds
[2024-04-27T00:01:45.411+0000] {processor.py:161} INFO - Started process (PID=250) to work on /home/airflow/.local/lib/python3.12/site-packages/airflow/example_dags/example_datasets.py
[2024-04-27T00:01:45.412+0000] {processor.py:830} INFO - Processing file /home/airflow/.local/lib/python3.12/site-packages/airflow/example_dags/example_datasets.py for tasks to queue
[2024-04-27T00:01:45.414+0000] {logging_mixin.py:188} INFO - [2024-04-27T00:01:45.414+0000] {dagbag.py:540} INFO - Filling up the DagBag from /home/airflow/.local/lib/python3.12/site-packages/airflow/example_dags/example_datasets.py
[2024-04-27T00:01:45.425+0000] {processor.py:840} INFO - DAG(s) 'dataset_consumes_1_never_scheduled', 'consume_1_and_2_with_dataset_expressions', 'consume_1_or_2_with_dataset_expressions', 'dataset_produces_2', 'dataset_consumes_unknown_never_scheduled', 'dataset_produces_1', 'consume_1_or_both_2_and_3_with_dataset_expressions', 'conditional_dataset_and_time_based_timetable', 'dataset_consumes_1', 'dataset_consumes_1_and_2' retrieved from /home/airflow/.local/lib/python3.12/site-packages/airflow/example_dags/example_datasets.py
[2024-04-27T00:01:45.465+0000] {logging_mixin.py:188} INFO - [2024-04-27T00:01:45.465+0000] {dag.py:3096} INFO - Sync 10 DAGs
[2024-04-27T00:01:45.486+0000] {logging_mixin.py:188} INFO - [2024-04-27T00:01:45.486+0000] {dag.py:3954} INFO - Setting next_dagrun for conditional_dataset_and_time_based_timetable to 2024-04-24 01:00:00+00:00, run_after=2024-04-24 01:00:00+00:00
[2024-04-27T00:01:45.491+0000] {logging_mixin.py:188} INFO - [2024-04-27T00:01:45.490+0000] {dag.py:3954} INFO - Setting next_dagrun for consume_1_and_2_with_dataset_expressions to None, run_after=None
[2024-04-27T00:01:45.493+0000] {logging_mixin.py:188} INFO - [2024-04-27T00:01:45.493+0000] {dag.py:3954} INFO - Setting next_dagrun for consume_1_or_2_with_dataset_expressions to None, run_after=None
[2024-04-27T00:01:45.494+0000] {logging_mixin.py:188} INFO - [2024-04-27T00:01:45.494+0000] {dag.py:3954} INFO - Setting next_dagrun for consume_1_or_both_2_and_3_with_dataset_expressions to None, run_after=None
[2024-04-27T00:01:45.496+0000] {logging_mixin.py:188} INFO - [2024-04-27T00:01:45.496+0000] {dag.py:3954} INFO - Setting next_dagrun for dataset_consumes_1 to None, run_after=None
[2024-04-27T00:01:45.497+0000] {logging_mixin.py:188} INFO - [2024-04-27T00:01:45.497+0000] {dag.py:3954} INFO - Setting next_dagrun for dataset_consumes_1_and_2 to None, run_after=None
[2024-04-27T00:01:45.498+0000] {logging_mixin.py:188} INFO - [2024-04-27T00:01:45.498+0000] {dag.py:3954} INFO - Setting next_dagrun for dataset_consumes_1_never_scheduled to None, run_after=None
[2024-04-27T00:01:45.500+0000] {logging_mixin.py:188} INFO - [2024-04-27T00:01:45.500+0000] {dag.py:3954} INFO - Setting next_dagrun for dataset_consumes_unknown_never_scheduled to None, run_after=None
[2024-04-27T00:01:45.503+0000] {logging_mixin.py:188} INFO - [2024-04-27T00:01:45.503+0000] {dag.py:3954} INFO - Setting next_dagrun for dataset_produces_1 to 2024-04-26 00:00:00+00:00, run_after=2024-04-27 00:00:00+00:00
[2024-04-27T00:01:45.504+0000] {logging_mixin.py:188} INFO - [2024-04-27T00:01:45.504+0000] {dag.py:3954} INFO - Setting next_dagrun for dataset_produces_2 to None, run_after=None
[2024-04-27T00:01:45.536+0000] {processor.py:183} INFO - Processing /home/airflow/.local/lib/python3.12/site-packages/airflow/example_dags/example_datasets.py took 0.129 seconds
[2024-04-27T00:02:15.625+0000] {processor.py:161} INFO - Started process (PID=310) to work on /home/airflow/.local/lib/python3.12/site-packages/airflow/example_dags/example_datasets.py
[2024-04-27T00:02:15.626+0000] {processor.py:830} INFO - Processing file /home/airflow/.local/lib/python3.12/site-packages/airflow/example_dags/example_datasets.py for tasks to queue
[2024-04-27T00:02:15.628+0000] {logging_mixin.py:188} INFO - [2024-04-27T00:02:15.628+0000] {dagbag.py:540} INFO - Filling up the DagBag from /home/airflow/.local/lib/python3.12/site-packages/airflow/example_dags/example_datasets.py
[2024-04-27T00:02:15.639+0000] {processor.py:840} INFO - DAG(s) 'dataset_consumes_unknown_never_scheduled', 'consume_1_or_both_2_and_3_with_dataset_expressions', 'consume_1_and_2_with_dataset_expressions', 'conditional_dataset_and_time_based_timetable', 'dataset_consumes_1_and_2', 'dataset_consumes_1', 'dataset_produces_1', 'dataset_consumes_1_never_scheduled', 'dataset_produces_2', 'consume_1_or_2_with_dataset_expressions' retrieved from /home/airflow/.local/lib/python3.12/site-packages/airflow/example_dags/example_datasets.py
[2024-04-27T00:02:15.678+0000] {logging_mixin.py:188} INFO - [2024-04-27T00:02:15.678+0000] {dag.py:3096} INFO - Sync 10 DAGs
[2024-04-27T00:02:15.697+0000] {logging_mixin.py:188} INFO - [2024-04-27T00:02:15.697+0000] {dag.py:3954} INFO - Setting next_dagrun for conditional_dataset_and_time_based_timetable to 2024-04-24 01:00:00+00:00, run_after=2024-04-24 01:00:00+00:00
[2024-04-27T00:02:15.700+0000] {logging_mixin.py:188} INFO - [2024-04-27T00:02:15.700+0000] {dag.py:3954} INFO - Setting next_dagrun for consume_1_and_2_with_dataset_expressions to None, run_after=None
[2024-04-27T00:02:15.702+0000] {logging_mixin.py:188} INFO - [2024-04-27T00:02:15.702+0000] {dag.py:3954} INFO - Setting next_dagrun for consume_1_or_2_with_dataset_expressions to None, run_after=None
[2024-04-27T00:02:15.703+0000] {logging_mixin.py:188} INFO - [2024-04-27T00:02:15.703+0000] {dag.py:3954} INFO - Setting next_dagrun for consume_1_or_both_2_and_3_with_dataset_expressions to None, run_after=None
[2024-04-27T00:02:15.705+0000] {logging_mixin.py:188} INFO - [2024-04-27T00:02:15.704+0000] {dag.py:3954} INFO - Setting next_dagrun for dataset_consumes_1 to None, run_after=None
[2024-04-27T00:02:15.706+0000] {logging_mixin.py:188} INFO - [2024-04-27T00:02:15.706+0000] {dag.py:3954} INFO - Setting next_dagrun for dataset_consumes_1_and_2 to None, run_after=None
[2024-04-27T00:02:15.707+0000] {logging_mixin.py:188} INFO - [2024-04-27T00:02:15.707+0000] {dag.py:3954} INFO - Setting next_dagrun for dataset_consumes_1_never_scheduled to None, run_after=None
[2024-04-27T00:02:15.708+0000] {logging_mixin.py:188} INFO - [2024-04-27T00:02:15.708+0000] {dag.py:3954} INFO - Setting next_dagrun for dataset_consumes_unknown_never_scheduled to None, run_after=None
[2024-04-27T00:02:15.710+0000] {logging_mixin.py:188} INFO - [2024-04-27T00:02:15.710+0000] {dag.py:3954} INFO - Setting next_dagrun for dataset_produces_1 to 2024-04-26 00:00:00+00:00, run_after=2024-04-27 00:00:00+00:00
[2024-04-27T00:02:15.711+0000] {logging_mixin.py:188} INFO - [2024-04-27T00:02:15.711+0000] {dag.py:3954} INFO - Setting next_dagrun for dataset_produces_2 to None, run_after=None
[2024-04-27T00:02:15.740+0000] {processor.py:183} INFO - Processing /home/airflow/.local/lib/python3.12/site-packages/airflow/example_dags/example_datasets.py took 0.120 seconds
[2024-04-27T00:02:45.905+0000] {processor.py:161} INFO - Started process (PID=369) to work on /home/airflow/.local/lib/python3.12/site-packages/airflow/example_dags/example_datasets.py
[2024-04-27T00:02:45.906+0000] {processor.py:830} INFO - Processing file /home/airflow/.local/lib/python3.12/site-packages/airflow/example_dags/example_datasets.py for tasks to queue
[2024-04-27T00:02:45.908+0000] {logging_mixin.py:188} INFO - [2024-04-27T00:02:45.907+0000] {dagbag.py:540} INFO - Filling up the DagBag from /home/airflow/.local/lib/python3.12/site-packages/airflow/example_dags/example_datasets.py
[2024-04-27T00:02:45.918+0000] {processor.py:840} INFO - DAG(s) 'dataset_consumes_unknown_never_scheduled', 'dataset_consumes_1_never_scheduled', 'dataset_consumes_1', 'dataset_produces_1', 'conditional_dataset_and_time_based_timetable', 'consume_1_or_2_with_dataset_expressions', 'consume_1_and_2_with_dataset_expressions', 'dataset_consumes_1_and_2', 'dataset_produces_2', 'consume_1_or_both_2_and_3_with_dataset_expressions' retrieved from /home/airflow/.local/lib/python3.12/site-packages/airflow/example_dags/example_datasets.py
[2024-04-27T00:02:45.956+0000] {logging_mixin.py:188} INFO - [2024-04-27T00:02:45.956+0000] {dag.py:3096} INFO - Sync 10 DAGs
[2024-04-27T00:02:45.975+0000] {logging_mixin.py:188} INFO - [2024-04-27T00:02:45.975+0000] {dag.py:3954} INFO - Setting next_dagrun for conditional_dataset_and_time_based_timetable to 2024-04-24 01:00:00+00:00, run_after=2024-04-24 01:00:00+00:00
[2024-04-27T00:02:45.979+0000] {logging_mixin.py:188} INFO - [2024-04-27T00:02:45.978+0000] {dag.py:3954} INFO - Setting next_dagrun for consume_1_and_2_with_dataset_expressions to None, run_after=None
[2024-04-27T00:02:45.980+0000] {logging_mixin.py:188} INFO - [2024-04-27T00:02:45.980+0000] {dag.py:3954} INFO - Setting next_dagrun for consume_1_or_2_with_dataset_expressions to None, run_after=None
[2024-04-27T00:02:45.981+0000] {logging_mixin.py:188} INFO - [2024-04-27T00:02:45.981+0000] {dag.py:3954} INFO - Setting next_dagrun for consume_1_or_both_2_and_3_with_dataset_expressions to None, run_after=None
[2024-04-27T00:02:45.982+0000] {logging_mixin.py:188} INFO - [2024-04-27T00:02:45.982+0000] {dag.py:3954} INFO - Setting next_dagrun for dataset_consumes_1 to None, run_after=None
[2024-04-27T00:02:45.983+0000] {logging_mixin.py:188} INFO - [2024-04-27T00:02:45.983+0000] {dag.py:3954} INFO - Setting next_dagrun for dataset_consumes_1_and_2 to None, run_after=None
[2024-04-27T00:02:45.984+0000] {logging_mixin.py:188} INFO - [2024-04-27T00:02:45.984+0000] {dag.py:3954} INFO - Setting next_dagrun for dataset_consumes_1_never_scheduled to None, run_after=None
[2024-04-27T00:02:45.985+0000] {logging_mixin.py:188} INFO - [2024-04-27T00:02:45.985+0000] {dag.py:3954} INFO - Setting next_dagrun for dataset_consumes_unknown_never_scheduled to None, run_after=None
[2024-04-27T00:02:45.987+0000] {logging_mixin.py:188} INFO - [2024-04-27T00:02:45.986+0000] {dag.py:3954} INFO - Setting next_dagrun for dataset_produces_1 to 2024-04-26 00:00:00+00:00, run_after=2024-04-27 00:00:00+00:00
[2024-04-27T00:02:45.987+0000] {logging_mixin.py:188} INFO - [2024-04-27T00:02:45.987+0000] {dag.py:3954} INFO - Setting next_dagrun for dataset_produces_2 to None, run_after=None
[2024-04-27T00:02:46.012+0000] {processor.py:183} INFO - Processing /home/airflow/.local/lib/python3.12/site-packages/airflow/example_dags/example_datasets.py took 0.111 seconds
[2024-04-27T00:03:16.492+0000] {processor.py:161} INFO - Started process (PID=428) to work on /home/airflow/.local/lib/python3.12/site-packages/airflow/example_dags/example_datasets.py
[2024-04-27T00:03:16.493+0000] {processor.py:830} INFO - Processing file /home/airflow/.local/lib/python3.12/site-packages/airflow/example_dags/example_datasets.py for tasks to queue
[2024-04-27T00:03:16.495+0000] {logging_mixin.py:188} INFO - [2024-04-27T00:03:16.495+0000] {dagbag.py:540} INFO - Filling up the DagBag from /home/airflow/.local/lib/python3.12/site-packages/airflow/example_dags/example_datasets.py
[2024-04-27T00:03:16.506+0000] {processor.py:840} INFO - DAG(s) 'consume_1_or_both_2_and_3_with_dataset_expressions', 'dataset_consumes_1_never_scheduled', 'dataset_consumes_unknown_never_scheduled', 'consume_1_and_2_with_dataset_expressions', 'dataset_produces_2', 'dataset_produces_1', 'consume_1_or_2_with_dataset_expressions', 'dataset_consumes_1', 'dataset_consumes_1_and_2', 'conditional_dataset_and_time_based_timetable' retrieved from /home/airflow/.local/lib/python3.12/site-packages/airflow/example_dags/example_datasets.py
[2024-04-27T00:03:16.548+0000] {logging_mixin.py:188} INFO - [2024-04-27T00:03:16.547+0000] {dag.py:3096} INFO - Sync 10 DAGs
[2024-04-27T00:03:16.571+0000] {logging_mixin.py:188} INFO - [2024-04-27T00:03:16.570+0000] {dag.py:3954} INFO - Setting next_dagrun for conditional_dataset_and_time_based_timetable to 2024-04-24 01:00:00+00:00, run_after=2024-04-24 01:00:00+00:00
[2024-04-27T00:03:16.575+0000] {logging_mixin.py:188} INFO - [2024-04-27T00:03:16.575+0000] {dag.py:3954} INFO - Setting next_dagrun for consume_1_and_2_with_dataset_expressions to None, run_after=None
[2024-04-27T00:03:16.576+0000] {logging_mixin.py:188} INFO - [2024-04-27T00:03:16.576+0000] {dag.py:3954} INFO - Setting next_dagrun for consume_1_or_2_with_dataset_expressions to None, run_after=None
[2024-04-27T00:03:16.577+0000] {logging_mixin.py:188} INFO - [2024-04-27T00:03:16.577+0000] {dag.py:3954} INFO - Setting next_dagrun for consume_1_or_both_2_and_3_with_dataset_expressions to None, run_after=None
[2024-04-27T00:03:16.579+0000] {logging_mixin.py:188} INFO - [2024-04-27T00:03:16.579+0000] {dag.py:3954} INFO - Setting next_dagrun for dataset_consumes_1 to None, run_after=None
[2024-04-27T00:03:16.580+0000] {logging_mixin.py:188} INFO - [2024-04-27T00:03:16.580+0000] {dag.py:3954} INFO - Setting next_dagrun for dataset_consumes_1_and_2 to None, run_after=None
[2024-04-27T00:03:16.581+0000] {logging_mixin.py:188} INFO - [2024-04-27T00:03:16.581+0000] {dag.py:3954} INFO - Setting next_dagrun for dataset_consumes_1_never_scheduled to None, run_after=None
[2024-04-27T00:03:16.582+0000] {logging_mixin.py:188} INFO - [2024-04-27T00:03:16.582+0000] {dag.py:3954} INFO - Setting next_dagrun for dataset_consumes_unknown_never_scheduled to None, run_after=None
[2024-04-27T00:03:16.584+0000] {logging_mixin.py:188} INFO - [2024-04-27T00:03:16.584+0000] {dag.py:3954} INFO - Setting next_dagrun for dataset_produces_1 to 2024-04-26 00:00:00+00:00, run_after=2024-04-27 00:00:00+00:00
[2024-04-27T00:03:16.586+0000] {logging_mixin.py:188} INFO - [2024-04-27T00:03:16.586+0000] {dag.py:3954} INFO - Setting next_dagrun for dataset_produces_2 to None, run_after=None
[2024-04-27T00:03:16.617+0000] {processor.py:183} INFO - Processing /home/airflow/.local/lib/python3.12/site-packages/airflow/example_dags/example_datasets.py took 0.130 seconds
[2024-04-27T00:03:46.840+0000] {processor.py:161} INFO - Started process (PID=486) to work on /home/airflow/.local/lib/python3.12/site-packages/airflow/example_dags/example_datasets.py
[2024-04-27T00:03:46.842+0000] {processor.py:830} INFO - Processing file /home/airflow/.local/lib/python3.12/site-packages/airflow/example_dags/example_datasets.py for tasks to queue
[2024-04-27T00:03:46.844+0000] {logging_mixin.py:188} INFO - [2024-04-27T00:03:46.843+0000] {dagbag.py:540} INFO - Filling up the DagBag from /home/airflow/.local/lib/python3.12/site-packages/airflow/example_dags/example_datasets.py
[2024-04-27T00:03:46.856+0000] {processor.py:840} INFO - DAG(s) 'consume_1_or_2_with_dataset_expressions', 'dataset_produces_2', 'dataset_consumes_unknown_never_scheduled', 'dataset_consumes_1', 'dataset_consumes_1_never_scheduled', 'dataset_consumes_1_and_2', 'consume_1_and_2_with_dataset_expressions', 'dataset_produces_1', 'consume_1_or_both_2_and_3_with_dataset_expressions', 'conditional_dataset_and_time_based_timetable' retrieved from /home/airflow/.local/lib/python3.12/site-packages/airflow/example_dags/example_datasets.py
[2024-04-27T00:03:46.896+0000] {logging_mixin.py:188} INFO - [2024-04-27T00:03:46.896+0000] {dag.py:3096} INFO - Sync 10 DAGs
[2024-04-27T00:03:46.916+0000] {logging_mixin.py:188} INFO - [2024-04-27T00:03:46.916+0000] {dag.py:3954} INFO - Setting next_dagrun for conditional_dataset_and_time_based_timetable to 2024-04-24 01:00:00+00:00, run_after=2024-04-24 01:00:00+00:00
[2024-04-27T00:03:46.920+0000] {logging_mixin.py:188} INFO - [2024-04-27T00:03:46.920+0000] {dag.py:3954} INFO - Setting next_dagrun for consume_1_and_2_with_dataset_expressions to None, run_after=None
[2024-04-27T00:03:46.922+0000] {logging_mixin.py:188} INFO - [2024-04-27T00:03:46.921+0000] {dag.py:3954} INFO - Setting next_dagrun for consume_1_or_2_with_dataset_expressions to None, run_after=None
[2024-04-27T00:03:46.923+0000] {logging_mixin.py:188} INFO - [2024-04-27T00:03:46.923+0000] {dag.py:3954} INFO - Setting next_dagrun for consume_1_or_both_2_and_3_with_dataset_expressions to None, run_after=None
[2024-04-27T00:03:46.924+0000] {logging_mixin.py:188} INFO - [2024-04-27T00:03:46.924+0000] {dag.py:3954} INFO - Setting next_dagrun for dataset_consumes_1 to None, run_after=None
[2024-04-27T00:03:46.925+0000] {logging_mixin.py:188} INFO - [2024-04-27T00:03:46.925+0000] {dag.py:3954} INFO - Setting next_dagrun for dataset_consumes_1_and_2 to None, run_after=None
[2024-04-27T00:03:46.927+0000] {logging_mixin.py:188} INFO - [2024-04-27T00:03:46.927+0000] {dag.py:3954} INFO - Setting next_dagrun for dataset_consumes_1_never_scheduled to None, run_after=None
[2024-04-27T00:03:46.928+0000] {logging_mixin.py:188} INFO - [2024-04-27T00:03:46.928+0000] {dag.py:3954} INFO - Setting next_dagrun for dataset_consumes_unknown_never_scheduled to None, run_after=None
[2024-04-27T00:03:46.930+0000] {logging_mixin.py:188} INFO - [2024-04-27T00:03:46.929+0000] {dag.py:3954} INFO - Setting next_dagrun for dataset_produces_1 to 2024-04-26 00:00:00+00:00, run_after=2024-04-27 00:00:00+00:00
[2024-04-27T00:03:46.930+0000] {logging_mixin.py:188} INFO - [2024-04-27T00:03:46.930+0000] {dag.py:3954} INFO - Setting next_dagrun for dataset_produces_2 to None, run_after=None
[2024-04-27T00:03:46.959+0000] {processor.py:183} INFO - Processing /home/airflow/.local/lib/python3.12/site-packages/airflow/example_dags/example_datasets.py took 0.123 seconds
[2024-04-27T00:04:17.075+0000] {processor.py:161} INFO - Started process (PID=545) to work on /home/airflow/.local/lib/python3.12/site-packages/airflow/example_dags/example_datasets.py
[2024-04-27T00:04:17.076+0000] {processor.py:830} INFO - Processing file /home/airflow/.local/lib/python3.12/site-packages/airflow/example_dags/example_datasets.py for tasks to queue
[2024-04-27T00:04:17.078+0000] {logging_mixin.py:188} INFO - [2024-04-27T00:04:17.078+0000] {dagbag.py:540} INFO - Filling up the DagBag from /home/airflow/.local/lib/python3.12/site-packages/airflow/example_dags/example_datasets.py
[2024-04-27T00:04:17.091+0000] {processor.py:840} INFO - DAG(s) 'conditional_dataset_and_time_based_timetable', 'dataset_produces_2', 'dataset_consumes_1_and_2', 'consume_1_or_both_2_and_3_with_dataset_expressions', 'dataset_produces_1', 'dataset_consumes_unknown_never_scheduled', 'dataset_consumes_1_never_scheduled', 'dataset_consumes_1', 'consume_1_or_2_with_dataset_expressions', 'consume_1_and_2_with_dataset_expressions' retrieved from /home/airflow/.local/lib/python3.12/site-packages/airflow/example_dags/example_datasets.py
[2024-04-27T00:04:17.135+0000] {logging_mixin.py:188} INFO - [2024-04-27T00:04:17.135+0000] {dag.py:3096} INFO - Sync 10 DAGs
[2024-04-27T00:04:17.161+0000] {logging_mixin.py:188} INFO - [2024-04-27T00:04:17.161+0000] {dag.py:3954} INFO - Setting next_dagrun for conditional_dataset_and_time_based_timetable to 2024-04-24 01:00:00+00:00, run_after=2024-04-24 01:00:00+00:00
[2024-04-27T00:04:17.166+0000] {logging_mixin.py:188} INFO - [2024-04-27T00:04:17.166+0000] {dag.py:3954} INFO - Setting next_dagrun for consume_1_and_2_with_dataset_expressions to None, run_after=None
[2024-04-27T00:04:17.168+0000] {logging_mixin.py:188} INFO - [2024-04-27T00:04:17.167+0000] {dag.py:3954} INFO - Setting next_dagrun for consume_1_or_2_with_dataset_expressions to None, run_after=None
[2024-04-27T00:04:17.170+0000] {logging_mixin.py:188} INFO - [2024-04-27T00:04:17.169+0000] {dag.py:3954} INFO - Setting next_dagrun for consume_1_or_both_2_and_3_with_dataset_expressions to None, run_after=None
[2024-04-27T00:04:17.171+0000] {logging_mixin.py:188} INFO - [2024-04-27T00:04:17.171+0000] {dag.py:3954} INFO - Setting next_dagrun for dataset_consumes_1 to None, run_after=None
[2024-04-27T00:04:17.172+0000] {logging_mixin.py:188} INFO - [2024-04-27T00:04:17.172+0000] {dag.py:3954} INFO - Setting next_dagrun for dataset_consumes_1_and_2 to None, run_after=None
[2024-04-27T00:04:17.174+0000] {logging_mixin.py:188} INFO - [2024-04-27T00:04:17.174+0000] {dag.py:3954} INFO - Setting next_dagrun for dataset_consumes_1_never_scheduled to None, run_after=None
[2024-04-27T00:04:17.175+0000] {logging_mixin.py:188} INFO - [2024-04-27T00:04:17.175+0000] {dag.py:3954} INFO - Setting next_dagrun for dataset_consumes_unknown_never_scheduled to None, run_after=None
[2024-04-27T00:04:17.178+0000] {logging_mixin.py:188} INFO - [2024-04-27T00:04:17.178+0000] {dag.py:3954} INFO - Setting next_dagrun for dataset_produces_1 to 2024-04-26 00:00:00+00:00, run_after=2024-04-27 00:00:00+00:00
[2024-04-27T00:04:17.179+0000] {logging_mixin.py:188} INFO - [2024-04-27T00:04:17.179+0000] {dag.py:3954} INFO - Setting next_dagrun for dataset_produces_2 to None, run_after=None
[2024-04-27T00:04:17.215+0000] {processor.py:183} INFO - Processing /home/airflow/.local/lib/python3.12/site-packages/airflow/example_dags/example_datasets.py took 0.145 seconds
[2024-04-27T00:04:47.385+0000] {processor.py:161} INFO - Started process (PID=604) to work on /home/airflow/.local/lib/python3.12/site-packages/airflow/example_dags/example_datasets.py
[2024-04-27T00:04:47.385+0000] {processor.py:830} INFO - Processing file /home/airflow/.local/lib/python3.12/site-packages/airflow/example_dags/example_datasets.py for tasks to queue
[2024-04-27T00:04:47.387+0000] {logging_mixin.py:188} INFO - [2024-04-27T00:04:47.387+0000] {dagbag.py:540} INFO - Filling up the DagBag from /home/airflow/.local/lib/python3.12/site-packages/airflow/example_dags/example_datasets.py
[2024-04-27T00:04:47.399+0000] {processor.py:840} INFO - DAG(s) 'dataset_produces_1', 'dataset_consumes_1_never_scheduled', 'consume_1_or_2_with_dataset_expressions', 'consume_1_and_2_with_dataset_expressions', 'consume_1_or_both_2_and_3_with_dataset_expressions', 'dataset_produces_2', 'dataset_consumes_unknown_never_scheduled', 'dataset_consumes_1_and_2', 'conditional_dataset_and_time_based_timetable', 'dataset_consumes_1' retrieved from /home/airflow/.local/lib/python3.12/site-packages/airflow/example_dags/example_datasets.py
[2024-04-27T00:04:47.442+0000] {logging_mixin.py:188} INFO - [2024-04-27T00:04:47.442+0000] {dag.py:3096} INFO - Sync 10 DAGs
[2024-04-27T00:04:47.462+0000] {logging_mixin.py:188} INFO - [2024-04-27T00:04:47.462+0000] {dag.py:3954} INFO - Setting next_dagrun for conditional_dataset_and_time_based_timetable to 2024-04-24 01:00:00+00:00, run_after=2024-04-24 01:00:00+00:00
[2024-04-27T00:04:47.468+0000] {logging_mixin.py:188} INFO - [2024-04-27T00:04:47.468+0000] {dag.py:3954} INFO - Setting next_dagrun for consume_1_and_2_with_dataset_expressions to None, run_after=None
[2024-04-27T00:04:47.469+0000] {logging_mixin.py:188} INFO - [2024-04-27T00:04:47.469+0000] {dag.py:3954} INFO - Setting next_dagrun for consume_1_or_2_with_dataset_expressions to None, run_after=None
[2024-04-27T00:04:47.471+0000] {logging_mixin.py:188} INFO - [2024-04-27T00:04:47.471+0000] {dag.py:3954} INFO - Setting next_dagrun for consume_1_or_both_2_and_3_with_dataset_expressions to None, run_after=None
[2024-04-27T00:04:47.473+0000] {logging_mixin.py:188} INFO - [2024-04-27T00:04:47.473+0000] {dag.py:3954} INFO - Setting next_dagrun for dataset_consumes_1 to None, run_after=None
[2024-04-27T00:04:47.474+0000] {logging_mixin.py:188} INFO - [2024-04-27T00:04:47.474+0000] {dag.py:3954} INFO - Setting next_dagrun for dataset_consumes_1_and_2 to None, run_after=None
[2024-04-27T00:04:47.476+0000] {logging_mixin.py:188} INFO - [2024-04-27T00:04:47.476+0000] {dag.py:3954} INFO - Setting next_dagrun for dataset_consumes_1_never_scheduled to None, run_after=None
[2024-04-27T00:04:47.477+0000] {logging_mixin.py:188} INFO - [2024-04-27T00:04:47.477+0000] {dag.py:3954} INFO - Setting next_dagrun for dataset_consumes_unknown_never_scheduled to None, run_after=None
[2024-04-27T00:04:47.479+0000] {logging_mixin.py:188} INFO - [2024-04-27T00:04:47.479+0000] {dag.py:3954} INFO - Setting next_dagrun for dataset_produces_1 to 2024-04-26 00:00:00+00:00, run_after=2024-04-27 00:00:00+00:00
[2024-04-27T00:04:47.480+0000] {logging_mixin.py:188} INFO - [2024-04-27T00:04:47.480+0000] {dag.py:3954} INFO - Setting next_dagrun for dataset_produces_2 to None, run_after=None
[2024-04-27T00:04:47.507+0000] {processor.py:183} INFO - Processing /home/airflow/.local/lib/python3.12/site-packages/airflow/example_dags/example_datasets.py took 0.127 seconds
[2024-04-27T00:14:08.167+0000] {processor.py:161} INFO - Started process (PID=72) to work on /home/airflow/.local/lib/python3.12/site-packages/airflow/example_dags/example_datasets.py
[2024-04-27T00:14:08.168+0000] {processor.py:830} INFO - Processing file /home/airflow/.local/lib/python3.12/site-packages/airflow/example_dags/example_datasets.py for tasks to queue
[2024-04-27T00:14:08.170+0000] {logging_mixin.py:188} INFO - [2024-04-27T00:14:08.170+0000] {dagbag.py:540} INFO - Filling up the DagBag from /home/airflow/.local/lib/python3.12/site-packages/airflow/example_dags/example_datasets.py
[2024-04-27T00:14:08.190+0000] {processor.py:840} INFO - DAG(s) 'dataset_produces_1', 'dataset_consumes_1_never_scheduled', 'consume_1_or_both_2_and_3_with_dataset_expressions', 'conditional_dataset_and_time_based_timetable', 'dataset_consumes_1_and_2', 'dataset_produces_2', 'consume_1_or_2_with_dataset_expressions', 'consume_1_and_2_with_dataset_expressions', 'dataset_consumes_1', 'dataset_consumes_unknown_never_scheduled' retrieved from /home/airflow/.local/lib/python3.12/site-packages/airflow/example_dags/example_datasets.py
[2024-04-27T00:14:08.215+0000] {logging_mixin.py:188} INFO - [2024-04-27T00:14:08.215+0000] {dag.py:3096} INFO - Sync 10 DAGs
[2024-04-27T00:14:08.251+0000] {logging_mixin.py:188} INFO - [2024-04-27T00:14:08.251+0000] {dag.py:3954} INFO - Setting next_dagrun for conditional_dataset_and_time_based_timetable to 2024-04-24 01:00:00+00:00, run_after=2024-04-24 01:00:00+00:00
[2024-04-27T00:14:08.255+0000] {logging_mixin.py:188} INFO - [2024-04-27T00:14:08.255+0000] {dag.py:3954} INFO - Setting next_dagrun for consume_1_and_2_with_dataset_expressions to None, run_after=None
[2024-04-27T00:14:08.257+0000] {logging_mixin.py:188} INFO - [2024-04-27T00:14:08.257+0000] {dag.py:3954} INFO - Setting next_dagrun for consume_1_or_2_with_dataset_expressions to None, run_after=None
[2024-04-27T00:14:08.258+0000] {logging_mixin.py:188} INFO - [2024-04-27T00:14:08.258+0000] {dag.py:3954} INFO - Setting next_dagrun for consume_1_or_both_2_and_3_with_dataset_expressions to None, run_after=None
[2024-04-27T00:14:08.260+0000] {logging_mixin.py:188} INFO - [2024-04-27T00:14:08.259+0000] {dag.py:3954} INFO - Setting next_dagrun for dataset_consumes_1 to None, run_after=None
[2024-04-27T00:14:08.261+0000] {logging_mixin.py:188} INFO - [2024-04-27T00:14:08.261+0000] {dag.py:3954} INFO - Setting next_dagrun for dataset_consumes_1_and_2 to None, run_after=None
[2024-04-27T00:14:08.262+0000] {logging_mixin.py:188} INFO - [2024-04-27T00:14:08.262+0000] {dag.py:3954} INFO - Setting next_dagrun for dataset_consumes_1_never_scheduled to None, run_after=None
[2024-04-27T00:14:08.263+0000] {logging_mixin.py:188} INFO - [2024-04-27T00:14:08.263+0000] {dag.py:3954} INFO - Setting next_dagrun for dataset_consumes_unknown_never_scheduled to None, run_after=None
[2024-04-27T00:14:08.266+0000] {logging_mixin.py:188} INFO - [2024-04-27T00:14:08.265+0000] {dag.py:3954} INFO - Setting next_dagrun for dataset_produces_1 to 2024-04-26 00:00:00+00:00, run_after=2024-04-27 00:00:00+00:00
[2024-04-27T00:14:08.267+0000] {logging_mixin.py:188} INFO - [2024-04-27T00:14:08.267+0000] {dag.py:3954} INFO - Setting next_dagrun for dataset_produces_2 to None, run_after=None
[2024-04-27T00:14:08.332+0000] {processor.py:183} INFO - Processing /home/airflow/.local/lib/python3.12/site-packages/airflow/example_dags/example_datasets.py took 0.170 seconds
[2024-04-27T00:14:39.478+0000] {processor.py:161} INFO - Started process (PID=131) to work on /home/airflow/.local/lib/python3.12/site-packages/airflow/example_dags/example_datasets.py
[2024-04-27T00:14:39.479+0000] {processor.py:830} INFO - Processing file /home/airflow/.local/lib/python3.12/site-packages/airflow/example_dags/example_datasets.py for tasks to queue
[2024-04-27T00:14:39.481+0000] {logging_mixin.py:188} INFO - [2024-04-27T00:14:39.481+0000] {dagbag.py:540} INFO - Filling up the DagBag from /home/airflow/.local/lib/python3.12/site-packages/airflow/example_dags/example_datasets.py
[2024-04-27T00:14:39.491+0000] {processor.py:840} INFO - DAG(s) 'dataset_consumes_1', 'consume_1_or_2_with_dataset_expressions', 'dataset_consumes_1_and_2', 'conditional_dataset_and_time_based_timetable', 'dataset_produces_1', 'dataset_consumes_unknown_never_scheduled', 'dataset_produces_2', 'consume_1_and_2_with_dataset_expressions', 'consume_1_or_both_2_and_3_with_dataset_expressions', 'dataset_consumes_1_never_scheduled' retrieved from /home/airflow/.local/lib/python3.12/site-packages/airflow/example_dags/example_datasets.py
[2024-04-27T00:14:39.643+0000] {logging_mixin.py:188} INFO - [2024-04-27T00:14:39.642+0000] {dag.py:3096} INFO - Sync 10 DAGs
[2024-04-27T00:14:39.659+0000] {logging_mixin.py:188} INFO - [2024-04-27T00:14:39.659+0000] {dag.py:3954} INFO - Setting next_dagrun for conditional_dataset_and_time_based_timetable to 2024-04-24 01:00:00+00:00, run_after=2024-04-24 01:00:00+00:00
[2024-04-27T00:14:39.662+0000] {logging_mixin.py:188} INFO - [2024-04-27T00:14:39.662+0000] {dag.py:3954} INFO - Setting next_dagrun for consume_1_and_2_with_dataset_expressions to None, run_after=None
[2024-04-27T00:14:39.663+0000] {logging_mixin.py:188} INFO - [2024-04-27T00:14:39.663+0000] {dag.py:3954} INFO - Setting next_dagrun for consume_1_or_2_with_dataset_expressions to None, run_after=None
[2024-04-27T00:14:39.664+0000] {logging_mixin.py:188} INFO - [2024-04-27T00:14:39.664+0000] {dag.py:3954} INFO - Setting next_dagrun for consume_1_or_both_2_and_3_with_dataset_expressions to None, run_after=None
[2024-04-27T00:14:39.665+0000] {logging_mixin.py:188} INFO - [2024-04-27T00:14:39.665+0000] {dag.py:3954} INFO - Setting next_dagrun for dataset_consumes_1 to None, run_after=None
[2024-04-27T00:14:39.666+0000] {logging_mixin.py:188} INFO - [2024-04-27T00:14:39.666+0000] {dag.py:3954} INFO - Setting next_dagrun for dataset_consumes_1_and_2 to None, run_after=None
[2024-04-27T00:14:39.667+0000] {logging_mixin.py:188} INFO - [2024-04-27T00:14:39.667+0000] {dag.py:3954} INFO - Setting next_dagrun for dataset_consumes_1_never_scheduled to None, run_after=None
[2024-04-27T00:14:39.669+0000] {logging_mixin.py:188} INFO - [2024-04-27T00:14:39.668+0000] {dag.py:3954} INFO - Setting next_dagrun for dataset_consumes_unknown_never_scheduled to None, run_after=None
[2024-04-27T00:14:39.670+0000] {logging_mixin.py:188} INFO - [2024-04-27T00:14:39.670+0000] {dag.py:3954} INFO - Setting next_dagrun for dataset_produces_1 to 2024-04-26 00:00:00+00:00, run_after=2024-04-27 00:00:00+00:00
[2024-04-27T00:14:39.671+0000] {logging_mixin.py:188} INFO - [2024-04-27T00:14:39.671+0000] {dag.py:3954} INFO - Setting next_dagrun for dataset_produces_2 to None, run_after=None
[2024-04-27T00:14:39.697+0000] {processor.py:183} INFO - Processing /home/airflow/.local/lib/python3.12/site-packages/airflow/example_dags/example_datasets.py took 0.225 seconds
[2024-04-27T00:15:10.359+0000] {processor.py:161} INFO - Started process (PID=190) to work on /home/airflow/.local/lib/python3.12/site-packages/airflow/example_dags/example_datasets.py
[2024-04-27T00:15:10.361+0000] {processor.py:830} INFO - Processing file /home/airflow/.local/lib/python3.12/site-packages/airflow/example_dags/example_datasets.py for tasks to queue
[2024-04-27T00:15:10.363+0000] {logging_mixin.py:188} INFO - [2024-04-27T00:15:10.363+0000] {dagbag.py:540} INFO - Filling up the DagBag from /home/airflow/.local/lib/python3.12/site-packages/airflow/example_dags/example_datasets.py
[2024-04-27T00:15:10.375+0000] {processor.py:840} INFO - DAG(s) 'dataset_produces_2', 'dataset_consumes_1', 'dataset_produces_1', 'consume_1_or_both_2_and_3_with_dataset_expressions', 'dataset_consumes_1_never_scheduled', 'conditional_dataset_and_time_based_timetable', 'dataset_consumes_unknown_never_scheduled', 'consume_1_or_2_with_dataset_expressions', 'consume_1_and_2_with_dataset_expressions', 'dataset_consumes_1_and_2' retrieved from /home/airflow/.local/lib/python3.12/site-packages/airflow/example_dags/example_datasets.py
[2024-04-27T00:15:10.418+0000] {logging_mixin.py:188} INFO - [2024-04-27T00:15:10.418+0000] {dag.py:3096} INFO - Sync 10 DAGs
[2024-04-27T00:15:10.441+0000] {logging_mixin.py:188} INFO - [2024-04-27T00:15:10.441+0000] {dag.py:3954} INFO - Setting next_dagrun for conditional_dataset_and_time_based_timetable to 2024-04-24 01:00:00+00:00, run_after=2024-04-24 01:00:00+00:00
[2024-04-27T00:15:10.444+0000] {logging_mixin.py:188} INFO - [2024-04-27T00:15:10.444+0000] {dag.py:3954} INFO - Setting next_dagrun for consume_1_and_2_with_dataset_expressions to None, run_after=None
[2024-04-27T00:15:10.445+0000] {logging_mixin.py:188} INFO - [2024-04-27T00:15:10.445+0000] {dag.py:3954} INFO - Setting next_dagrun for consume_1_or_2_with_dataset_expressions to None, run_after=None
[2024-04-27T00:15:10.446+0000] {logging_mixin.py:188} INFO - [2024-04-27T00:15:10.446+0000] {dag.py:3954} INFO - Setting next_dagrun for consume_1_or_both_2_and_3_with_dataset_expressions to None, run_after=None
[2024-04-27T00:15:10.448+0000] {logging_mixin.py:188} INFO - [2024-04-27T00:15:10.448+0000] {dag.py:3954} INFO - Setting next_dagrun for dataset_consumes_1 to None, run_after=None
[2024-04-27T00:15:10.449+0000] {logging_mixin.py:188} INFO - [2024-04-27T00:15:10.449+0000] {dag.py:3954} INFO - Setting next_dagrun for dataset_consumes_1_and_2 to None, run_after=None
[2024-04-27T00:15:10.450+0000] {logging_mixin.py:188} INFO - [2024-04-27T00:15:10.450+0000] {dag.py:3954} INFO - Setting next_dagrun for dataset_consumes_1_never_scheduled to None, run_after=None
[2024-04-27T00:15:10.451+0000] {logging_mixin.py:188} INFO - [2024-04-27T00:15:10.451+0000] {dag.py:3954} INFO - Setting next_dagrun for dataset_consumes_unknown_never_scheduled to None, run_after=None
[2024-04-27T00:15:10.453+0000] {logging_mixin.py:188} INFO - [2024-04-27T00:15:10.453+0000] {dag.py:3954} INFO - Setting next_dagrun for dataset_produces_1 to 2024-04-26 00:00:00+00:00, run_after=2024-04-27 00:00:00+00:00
[2024-04-27T00:15:10.455+0000] {logging_mixin.py:188} INFO - [2024-04-27T00:15:10.454+0000] {dag.py:3954} INFO - Setting next_dagrun for dataset_produces_2 to None, run_after=None
[2024-04-27T00:15:10.482+0000] {processor.py:183} INFO - Processing /home/airflow/.local/lib/python3.12/site-packages/airflow/example_dags/example_datasets.py took 0.129 seconds
[2024-04-27T00:15:40.755+0000] {processor.py:161} INFO - Started process (PID=249) to work on /home/airflow/.local/lib/python3.12/site-packages/airflow/example_dags/example_datasets.py
[2024-04-27T00:15:40.756+0000] {processor.py:830} INFO - Processing file /home/airflow/.local/lib/python3.12/site-packages/airflow/example_dags/example_datasets.py for tasks to queue
[2024-04-27T00:15:40.758+0000] {logging_mixin.py:188} INFO - [2024-04-27T00:15:40.758+0000] {dagbag.py:540} INFO - Filling up the DagBag from /home/airflow/.local/lib/python3.12/site-packages/airflow/example_dags/example_datasets.py
[2024-04-27T00:15:40.769+0000] {processor.py:840} INFO - DAG(s) 'dataset_consumes_1_never_scheduled', 'dataset_consumes_1', 'dataset_produces_2', 'consume_1_and_2_with_dataset_expressions', 'conditional_dataset_and_time_based_timetable', 'consume_1_or_2_with_dataset_expressions', 'dataset_produces_1', 'consume_1_or_both_2_and_3_with_dataset_expressions', 'dataset_consumes_unknown_never_scheduled', 'dataset_consumes_1_and_2' retrieved from /home/airflow/.local/lib/python3.12/site-packages/airflow/example_dags/example_datasets.py
[2024-04-27T00:15:40.811+0000] {logging_mixin.py:188} INFO - [2024-04-27T00:15:40.811+0000] {dag.py:3096} INFO - Sync 10 DAGs
[2024-04-27T00:15:40.830+0000] {logging_mixin.py:188} INFO - [2024-04-27T00:15:40.830+0000] {dag.py:3954} INFO - Setting next_dagrun for conditional_dataset_and_time_based_timetable to 2024-04-24 01:00:00+00:00, run_after=2024-04-24 01:00:00+00:00
[2024-04-27T00:15:40.833+0000] {logging_mixin.py:188} INFO - [2024-04-27T00:15:40.833+0000] {dag.py:3954} INFO - Setting next_dagrun for consume_1_and_2_with_dataset_expressions to None, run_after=None
[2024-04-27T00:15:40.835+0000] {logging_mixin.py:188} INFO - [2024-04-27T00:15:40.835+0000] {dag.py:3954} INFO - Setting next_dagrun for consume_1_or_2_with_dataset_expressions to None, run_after=None
[2024-04-27T00:15:40.837+0000] {logging_mixin.py:188} INFO - [2024-04-27T00:15:40.837+0000] {dag.py:3954} INFO - Setting next_dagrun for consume_1_or_both_2_and_3_with_dataset_expressions to None, run_after=None
[2024-04-27T00:15:40.839+0000] {logging_mixin.py:188} INFO - [2024-04-27T00:15:40.839+0000] {dag.py:3954} INFO - Setting next_dagrun for dataset_consumes_1 to None, run_after=None
[2024-04-27T00:15:40.840+0000] {logging_mixin.py:188} INFO - [2024-04-27T00:15:40.840+0000] {dag.py:3954} INFO - Setting next_dagrun for dataset_consumes_1_and_2 to None, run_after=None
[2024-04-27T00:15:40.841+0000] {logging_mixin.py:188} INFO - [2024-04-27T00:15:40.841+0000] {dag.py:3954} INFO - Setting next_dagrun for dataset_consumes_1_never_scheduled to None, run_after=None
[2024-04-27T00:15:40.843+0000] {logging_mixin.py:188} INFO - [2024-04-27T00:15:40.843+0000] {dag.py:3954} INFO - Setting next_dagrun for dataset_consumes_unknown_never_scheduled to None, run_after=None
[2024-04-27T00:15:40.845+0000] {logging_mixin.py:188} INFO - [2024-04-27T00:15:40.845+0000] {dag.py:3954} INFO - Setting next_dagrun for dataset_produces_1 to 2024-04-26 00:00:00+00:00, run_after=2024-04-27 00:00:00+00:00
[2024-04-27T00:15:40.846+0000] {logging_mixin.py:188} INFO - [2024-04-27T00:15:40.846+0000] {dag.py:3954} INFO - Setting next_dagrun for dataset_produces_2 to None, run_after=None
[2024-04-27T00:15:40.874+0000] {processor.py:183} INFO - Processing /home/airflow/.local/lib/python3.12/site-packages/airflow/example_dags/example_datasets.py took 0.123 seconds
[2024-04-27T00:16:11.455+0000] {processor.py:161} INFO - Started process (PID=308) to work on /home/airflow/.local/lib/python3.12/site-packages/airflow/example_dags/example_datasets.py
[2024-04-27T00:16:11.456+0000] {processor.py:830} INFO - Processing file /home/airflow/.local/lib/python3.12/site-packages/airflow/example_dags/example_datasets.py for tasks to queue
[2024-04-27T00:16:11.457+0000] {logging_mixin.py:188} INFO - [2024-04-27T00:16:11.457+0000] {dagbag.py:540} INFO - Filling up the DagBag from /home/airflow/.local/lib/python3.12/site-packages/airflow/example_dags/example_datasets.py
[2024-04-27T00:16:11.469+0000] {processor.py:840} INFO - DAG(s) 'dataset_consumes_1_and_2', 'dataset_consumes_1_never_scheduled', 'dataset_produces_1', 'dataset_produces_2', 'consume_1_or_2_with_dataset_expressions', 'consume_1_or_both_2_and_3_with_dataset_expressions', 'dataset_consumes_1', 'dataset_consumes_unknown_never_scheduled', 'conditional_dataset_and_time_based_timetable', 'consume_1_and_2_with_dataset_expressions' retrieved from /home/airflow/.local/lib/python3.12/site-packages/airflow/example_dags/example_datasets.py
[2024-04-27T00:16:11.517+0000] {logging_mixin.py:188} INFO - [2024-04-27T00:16:11.516+0000] {dag.py:3096} INFO - Sync 10 DAGs
[2024-04-27T00:16:11.539+0000] {logging_mixin.py:188} INFO - [2024-04-27T00:16:11.539+0000] {dag.py:3954} INFO - Setting next_dagrun for conditional_dataset_and_time_based_timetable to 2024-04-24 01:00:00+00:00, run_after=2024-04-24 01:00:00+00:00
[2024-04-27T00:16:11.544+0000] {logging_mixin.py:188} INFO - [2024-04-27T00:16:11.544+0000] {dag.py:3954} INFO - Setting next_dagrun for consume_1_and_2_with_dataset_expressions to None, run_after=None
[2024-04-27T00:16:11.545+0000] {logging_mixin.py:188} INFO - [2024-04-27T00:16:11.545+0000] {dag.py:3954} INFO - Setting next_dagrun for consume_1_or_2_with_dataset_expressions to None, run_after=None
[2024-04-27T00:16:11.547+0000] {logging_mixin.py:188} INFO - [2024-04-27T00:16:11.546+0000] {dag.py:3954} INFO - Setting next_dagrun for consume_1_or_both_2_and_3_with_dataset_expressions to None, run_after=None
[2024-04-27T00:16:11.548+0000] {logging_mixin.py:188} INFO - [2024-04-27T00:16:11.548+0000] {dag.py:3954} INFO - Setting next_dagrun for dataset_consumes_1 to None, run_after=None
[2024-04-27T00:16:11.549+0000] {logging_mixin.py:188} INFO - [2024-04-27T00:16:11.549+0000] {dag.py:3954} INFO - Setting next_dagrun for dataset_consumes_1_and_2 to None, run_after=None
[2024-04-27T00:16:11.550+0000] {logging_mixin.py:188} INFO - [2024-04-27T00:16:11.550+0000] {dag.py:3954} INFO - Setting next_dagrun for dataset_consumes_1_never_scheduled to None, run_after=None
[2024-04-27T00:16:11.552+0000] {logging_mixin.py:188} INFO - [2024-04-27T00:16:11.552+0000] {dag.py:3954} INFO - Setting next_dagrun for dataset_consumes_unknown_never_scheduled to None, run_after=None
[2024-04-27T00:16:11.554+0000] {logging_mixin.py:188} INFO - [2024-04-27T00:16:11.554+0000] {dag.py:3954} INFO - Setting next_dagrun for dataset_produces_1 to 2024-04-26 00:00:00+00:00, run_after=2024-04-27 00:00:00+00:00
[2024-04-27T00:16:11.555+0000] {logging_mixin.py:188} INFO - [2024-04-27T00:16:11.555+0000] {dag.py:3954} INFO - Setting next_dagrun for dataset_produces_2 to None, run_after=None
[2024-04-27T00:16:11.587+0000] {processor.py:183} INFO - Processing /home/airflow/.local/lib/python3.12/site-packages/airflow/example_dags/example_datasets.py took 0.137 seconds
[2024-04-27T00:16:42.506+0000] {processor.py:161} INFO - Started process (PID=367) to work on /home/airflow/.local/lib/python3.12/site-packages/airflow/example_dags/example_datasets.py
[2024-04-27T00:16:42.507+0000] {processor.py:830} INFO - Processing file /home/airflow/.local/lib/python3.12/site-packages/airflow/example_dags/example_datasets.py for tasks to queue
[2024-04-27T00:16:42.509+0000] {logging_mixin.py:188} INFO - [2024-04-27T00:16:42.508+0000] {dagbag.py:540} INFO - Filling up the DagBag from /home/airflow/.local/lib/python3.12/site-packages/airflow/example_dags/example_datasets.py
[2024-04-27T00:16:42.520+0000] {processor.py:840} INFO - DAG(s) 'dataset_consumes_unknown_never_scheduled', 'dataset_produces_1', 'dataset_consumes_1', 'dataset_produces_2', 'consume_1_or_2_with_dataset_expressions', 'dataset_consumes_1_and_2', 'consume_1_and_2_with_dataset_expressions', 'conditional_dataset_and_time_based_timetable', 'consume_1_or_both_2_and_3_with_dataset_expressions', 'dataset_consumes_1_never_scheduled' retrieved from /home/airflow/.local/lib/python3.12/site-packages/airflow/example_dags/example_datasets.py
[2024-04-27T00:16:42.557+0000] {logging_mixin.py:188} INFO - [2024-04-27T00:16:42.556+0000] {dag.py:3096} INFO - Sync 10 DAGs
[2024-04-27T00:16:42.579+0000] {logging_mixin.py:188} INFO - [2024-04-27T00:16:42.579+0000] {dag.py:3954} INFO - Setting next_dagrun for conditional_dataset_and_time_based_timetable to 2024-04-24 01:00:00+00:00, run_after=2024-04-24 01:00:00+00:00
[2024-04-27T00:16:42.584+0000] {logging_mixin.py:188} INFO - [2024-04-27T00:16:42.584+0000] {dag.py:3954} INFO - Setting next_dagrun for consume_1_and_2_with_dataset_expressions to None, run_after=None
[2024-04-27T00:16:42.587+0000] {logging_mixin.py:188} INFO - [2024-04-27T00:16:42.586+0000] {dag.py:3954} INFO - Setting next_dagrun for consume_1_or_2_with_dataset_expressions to None, run_after=None
[2024-04-27T00:16:42.588+0000] {logging_mixin.py:188} INFO - [2024-04-27T00:16:42.588+0000] {dag.py:3954} INFO - Setting next_dagrun for consume_1_or_both_2_and_3_with_dataset_expressions to None, run_after=None
[2024-04-27T00:16:42.589+0000] {logging_mixin.py:188} INFO - [2024-04-27T00:16:42.589+0000] {dag.py:3954} INFO - Setting next_dagrun for dataset_consumes_1 to None, run_after=None
[2024-04-27T00:16:42.591+0000] {logging_mixin.py:188} INFO - [2024-04-27T00:16:42.590+0000] {dag.py:3954} INFO - Setting next_dagrun for dataset_consumes_1_and_2 to None, run_after=None
[2024-04-27T00:16:42.592+0000] {logging_mixin.py:188} INFO - [2024-04-27T00:16:42.592+0000] {dag.py:3954} INFO - Setting next_dagrun for dataset_consumes_1_never_scheduled to None, run_after=None
[2024-04-27T00:16:42.593+0000] {logging_mixin.py:188} INFO - [2024-04-27T00:16:42.593+0000] {dag.py:3954} INFO - Setting next_dagrun for dataset_consumes_unknown_never_scheduled to None, run_after=None
[2024-04-27T00:16:42.596+0000] {logging_mixin.py:188} INFO - [2024-04-27T00:16:42.596+0000] {dag.py:3954} INFO - Setting next_dagrun for dataset_produces_1 to 2024-04-26 00:00:00+00:00, run_after=2024-04-27 00:00:00+00:00
[2024-04-27T00:16:42.598+0000] {logging_mixin.py:188} INFO - [2024-04-27T00:16:42.597+0000] {dag.py:3954} INFO - Setting next_dagrun for dataset_produces_2 to None, run_after=None
[2024-04-27T00:16:42.632+0000] {processor.py:183} INFO - Processing /home/airflow/.local/lib/python3.12/site-packages/airflow/example_dags/example_datasets.py took 0.132 seconds
