[2024-04-27T00:00:08.855+0000] {processor.py:161} INFO - Started process (PID=40) to work on /home/airflow/.local/lib/python3.12/site-packages/airflow/example_dags/example_short_circuit_decorator.py
[2024-04-27T00:00:08.858+0000] {processor.py:830} INFO - Processing file /home/airflow/.local/lib/python3.12/site-packages/airflow/example_dags/example_short_circuit_decorator.py for tasks to queue
[2024-04-27T00:00:08.865+0000] {logging_mixin.py:188} INFO - [2024-04-27T00:00:08.865+0000] {dagbag.py:540} INFO - Filling up the DagBag from /home/airflow/.local/lib/python3.12/site-packages/airflow/example_dags/example_short_circuit_decorator.py
[2024-04-27T00:00:08.880+0000] {processor.py:840} INFO - DAG(s) 'example_short_circuit_decorator' retrieved from /home/airflow/.local/lib/python3.12/site-packages/airflow/example_dags/example_short_circuit_decorator.py
[2024-04-27T00:00:08.907+0000] {logging_mixin.py:188} INFO - [2024-04-27T00:00:08.906+0000] {dag.py:3096} INFO - Sync 1 DAGs
[2024-04-27T00:00:08.962+0000] {logging_mixin.py:188} INFO - [2024-04-27T00:00:08.961+0000] {dag.py:3954} INFO - Setting next_dagrun for example_short_circuit_decorator to 2024-04-26 00:00:00+00:00, run_after=2024-04-27 00:00:00+00:00
[2024-04-27T00:00:09.005+0000] {processor.py:183} INFO - Processing /home/airflow/.local/lib/python3.12/site-packages/airflow/example_dags/example_short_circuit_decorator.py took 0.176 seconds
[2024-04-27T00:00:39.491+0000] {processor.py:161} INFO - Started process (PID=99) to work on /home/airflow/.local/lib/python3.12/site-packages/airflow/example_dags/example_short_circuit_decorator.py
[2024-04-27T00:00:39.492+0000] {processor.py:830} INFO - Processing file /home/airflow/.local/lib/python3.12/site-packages/airflow/example_dags/example_short_circuit_decorator.py for tasks to queue
[2024-04-27T00:00:39.494+0000] {logging_mixin.py:188} INFO - [2024-04-27T00:00:39.494+0000] {dagbag.py:540} INFO - Filling up the DagBag from /home/airflow/.local/lib/python3.12/site-packages/airflow/example_dags/example_short_circuit_decorator.py
[2024-04-27T00:00:39.503+0000] {processor.py:840} INFO - DAG(s) 'example_short_circuit_decorator' retrieved from /home/airflow/.local/lib/python3.12/site-packages/airflow/example_dags/example_short_circuit_decorator.py
[2024-04-27T00:00:39.606+0000] {logging_mixin.py:188} INFO - [2024-04-27T00:00:39.606+0000] {dag.py:3096} INFO - Sync 1 DAGs
[2024-04-27T00:00:39.629+0000] {logging_mixin.py:188} INFO - [2024-04-27T00:00:39.629+0000] {dag.py:3954} INFO - Setting next_dagrun for example_short_circuit_decorator to 2024-04-26 00:00:00+00:00, run_after=2024-04-27 00:00:00+00:00
[2024-04-27T00:00:39.651+0000] {processor.py:183} INFO - Processing /home/airflow/.local/lib/python3.12/site-packages/airflow/example_dags/example_short_circuit_decorator.py took 0.166 seconds
[2024-04-27T00:01:10.120+0000] {processor.py:161} INFO - Started process (PID=158) to work on /home/airflow/.local/lib/python3.12/site-packages/airflow/example_dags/example_short_circuit_decorator.py
[2024-04-27T00:01:10.121+0000] {processor.py:830} INFO - Processing file /home/airflow/.local/lib/python3.12/site-packages/airflow/example_dags/example_short_circuit_decorator.py for tasks to queue
[2024-04-27T00:01:10.123+0000] {logging_mixin.py:188} INFO - [2024-04-27T00:01:10.122+0000] {dagbag.py:540} INFO - Filling up the DagBag from /home/airflow/.local/lib/python3.12/site-packages/airflow/example_dags/example_short_circuit_decorator.py
[2024-04-27T00:01:10.130+0000] {processor.py:840} INFO - DAG(s) 'example_short_circuit_decorator' retrieved from /home/airflow/.local/lib/python3.12/site-packages/airflow/example_dags/example_short_circuit_decorator.py
[2024-04-27T00:01:10.151+0000] {logging_mixin.py:188} INFO - [2024-04-27T00:01:10.150+0000] {dag.py:3096} INFO - Sync 1 DAGs
[2024-04-27T00:01:10.169+0000] {logging_mixin.py:188} INFO - [2024-04-27T00:01:10.169+0000] {dag.py:3954} INFO - Setting next_dagrun for example_short_circuit_decorator to 2024-04-26 00:00:00+00:00, run_after=2024-04-27 00:00:00+00:00
[2024-04-27T00:01:10.186+0000] {processor.py:183} INFO - Processing /home/airflow/.local/lib/python3.12/site-packages/airflow/example_dags/example_short_circuit_decorator.py took 0.071 seconds
[2024-04-27T00:01:40.531+0000] {processor.py:161} INFO - Started process (PID=217) to work on /home/airflow/.local/lib/python3.12/site-packages/airflow/example_dags/example_short_circuit_decorator.py
[2024-04-27T00:01:40.531+0000] {processor.py:830} INFO - Processing file /home/airflow/.local/lib/python3.12/site-packages/airflow/example_dags/example_short_circuit_decorator.py for tasks to queue
[2024-04-27T00:01:40.533+0000] {logging_mixin.py:188} INFO - [2024-04-27T00:01:40.533+0000] {dagbag.py:540} INFO - Filling up the DagBag from /home/airflow/.local/lib/python3.12/site-packages/airflow/example_dags/example_short_circuit_decorator.py
[2024-04-27T00:01:40.542+0000] {processor.py:840} INFO - DAG(s) 'example_short_circuit_decorator' retrieved from /home/airflow/.local/lib/python3.12/site-packages/airflow/example_dags/example_short_circuit_decorator.py
[2024-04-27T00:01:40.564+0000] {logging_mixin.py:188} INFO - [2024-04-27T00:01:40.564+0000] {dag.py:3096} INFO - Sync 1 DAGs
[2024-04-27T00:01:40.583+0000] {logging_mixin.py:188} INFO - [2024-04-27T00:01:40.583+0000] {dag.py:3954} INFO - Setting next_dagrun for example_short_circuit_decorator to 2024-04-26 00:00:00+00:00, run_after=2024-04-27 00:00:00+00:00
[2024-04-27T00:01:40.601+0000] {processor.py:183} INFO - Processing /home/airflow/.local/lib/python3.12/site-packages/airflow/example_dags/example_short_circuit_decorator.py took 0.077 seconds
[2024-04-27T00:02:10.715+0000] {processor.py:161} INFO - Started process (PID=276) to work on /home/airflow/.local/lib/python3.12/site-packages/airflow/example_dags/example_short_circuit_decorator.py
[2024-04-27T00:02:10.716+0000] {processor.py:830} INFO - Processing file /home/airflow/.local/lib/python3.12/site-packages/airflow/example_dags/example_short_circuit_decorator.py for tasks to queue
[2024-04-27T00:02:10.718+0000] {logging_mixin.py:188} INFO - [2024-04-27T00:02:10.718+0000] {dagbag.py:540} INFO - Filling up the DagBag from /home/airflow/.local/lib/python3.12/site-packages/airflow/example_dags/example_short_circuit_decorator.py
[2024-04-27T00:02:10.725+0000] {processor.py:840} INFO - DAG(s) 'example_short_circuit_decorator' retrieved from /home/airflow/.local/lib/python3.12/site-packages/airflow/example_dags/example_short_circuit_decorator.py
[2024-04-27T00:02:10.748+0000] {logging_mixin.py:188} INFO - [2024-04-27T00:02:10.748+0000] {dag.py:3096} INFO - Sync 1 DAGs
[2024-04-27T00:02:10.768+0000] {logging_mixin.py:188} INFO - [2024-04-27T00:02:10.768+0000] {dag.py:3954} INFO - Setting next_dagrun for example_short_circuit_decorator to 2024-04-26 00:00:00+00:00, run_after=2024-04-27 00:00:00+00:00
[2024-04-27T00:02:10.791+0000] {processor.py:183} INFO - Processing /home/airflow/.local/lib/python3.12/site-packages/airflow/example_dags/example_short_circuit_decorator.py took 0.081 seconds
[2024-04-27T00:02:41.069+0000] {processor.py:161} INFO - Started process (PID=335) to work on /home/airflow/.local/lib/python3.12/site-packages/airflow/example_dags/example_short_circuit_decorator.py
[2024-04-27T00:02:41.070+0000] {processor.py:830} INFO - Processing file /home/airflow/.local/lib/python3.12/site-packages/airflow/example_dags/example_short_circuit_decorator.py for tasks to queue
[2024-04-27T00:02:41.072+0000] {logging_mixin.py:188} INFO - [2024-04-27T00:02:41.072+0000] {dagbag.py:540} INFO - Filling up the DagBag from /home/airflow/.local/lib/python3.12/site-packages/airflow/example_dags/example_short_circuit_decorator.py
[2024-04-27T00:02:41.081+0000] {processor.py:840} INFO - DAG(s) 'example_short_circuit_decorator' retrieved from /home/airflow/.local/lib/python3.12/site-packages/airflow/example_dags/example_short_circuit_decorator.py
[2024-04-27T00:02:41.102+0000] {logging_mixin.py:188} INFO - [2024-04-27T00:02:41.102+0000] {dag.py:3096} INFO - Sync 1 DAGs
[2024-04-27T00:02:41.120+0000] {logging_mixin.py:188} INFO - [2024-04-27T00:02:41.120+0000] {dag.py:3954} INFO - Setting next_dagrun for example_short_circuit_decorator to 2024-04-26 00:00:00+00:00, run_after=2024-04-27 00:00:00+00:00
[2024-04-27T00:02:41.137+0000] {processor.py:183} INFO - Processing /home/airflow/.local/lib/python3.12/site-packages/airflow/example_dags/example_short_circuit_decorator.py took 0.074 seconds
[2024-04-27T00:03:11.425+0000] {processor.py:161} INFO - Started process (PID=394) to work on /home/airflow/.local/lib/python3.12/site-packages/airflow/example_dags/example_short_circuit_decorator.py
[2024-04-27T00:03:11.426+0000] {processor.py:830} INFO - Processing file /home/airflow/.local/lib/python3.12/site-packages/airflow/example_dags/example_short_circuit_decorator.py for tasks to queue
[2024-04-27T00:03:11.428+0000] {logging_mixin.py:188} INFO - [2024-04-27T00:03:11.427+0000] {dagbag.py:540} INFO - Filling up the DagBag from /home/airflow/.local/lib/python3.12/site-packages/airflow/example_dags/example_short_circuit_decorator.py
[2024-04-27T00:03:11.436+0000] {processor.py:840} INFO - DAG(s) 'example_short_circuit_decorator' retrieved from /home/airflow/.local/lib/python3.12/site-packages/airflow/example_dags/example_short_circuit_decorator.py
[2024-04-27T00:03:11.457+0000] {logging_mixin.py:188} INFO - [2024-04-27T00:03:11.457+0000] {dag.py:3096} INFO - Sync 1 DAGs
[2024-04-27T00:03:11.477+0000] {logging_mixin.py:188} INFO - [2024-04-27T00:03:11.477+0000] {dag.py:3954} INFO - Setting next_dagrun for example_short_circuit_decorator to 2024-04-26 00:00:00+00:00, run_after=2024-04-27 00:00:00+00:00
[2024-04-27T00:03:11.495+0000] {processor.py:183} INFO - Processing /home/airflow/.local/lib/python3.12/site-packages/airflow/example_dags/example_short_circuit_decorator.py took 0.076 seconds
[2024-04-27T00:03:41.839+0000] {processor.py:161} INFO - Started process (PID=454) to work on /home/airflow/.local/lib/python3.12/site-packages/airflow/example_dags/example_short_circuit_decorator.py
[2024-04-27T00:03:41.840+0000] {processor.py:830} INFO - Processing file /home/airflow/.local/lib/python3.12/site-packages/airflow/example_dags/example_short_circuit_decorator.py for tasks to queue
[2024-04-27T00:03:41.842+0000] {logging_mixin.py:188} INFO - [2024-04-27T00:03:41.842+0000] {dagbag.py:540} INFO - Filling up the DagBag from /home/airflow/.local/lib/python3.12/site-packages/airflow/example_dags/example_short_circuit_decorator.py
[2024-04-27T00:03:41.850+0000] {processor.py:840} INFO - DAG(s) 'example_short_circuit_decorator' retrieved from /home/airflow/.local/lib/python3.12/site-packages/airflow/example_dags/example_short_circuit_decorator.py
[2024-04-27T00:03:41.873+0000] {logging_mixin.py:188} INFO - [2024-04-27T00:03:41.872+0000] {dag.py:3096} INFO - Sync 1 DAGs
[2024-04-27T00:03:41.896+0000] {logging_mixin.py:188} INFO - [2024-04-27T00:03:41.896+0000] {dag.py:3954} INFO - Setting next_dagrun for example_short_circuit_decorator to 2024-04-26 00:00:00+00:00, run_after=2024-04-27 00:00:00+00:00
[2024-04-27T00:03:41.918+0000] {processor.py:183} INFO - Processing /home/airflow/.local/lib/python3.12/site-packages/airflow/example_dags/example_short_circuit_decorator.py took 0.084 seconds
[2024-04-27T00:04:12.209+0000] {processor.py:161} INFO - Started process (PID=513) to work on /home/airflow/.local/lib/python3.12/site-packages/airflow/example_dags/example_short_circuit_decorator.py
[2024-04-27T00:04:12.210+0000] {processor.py:830} INFO - Processing file /home/airflow/.local/lib/python3.12/site-packages/airflow/example_dags/example_short_circuit_decorator.py for tasks to queue
[2024-04-27T00:04:12.212+0000] {logging_mixin.py:188} INFO - [2024-04-27T00:04:12.211+0000] {dagbag.py:540} INFO - Filling up the DagBag from /home/airflow/.local/lib/python3.12/site-packages/airflow/example_dags/example_short_circuit_decorator.py
[2024-04-27T00:04:12.220+0000] {processor.py:840} INFO - DAG(s) 'example_short_circuit_decorator' retrieved from /home/airflow/.local/lib/python3.12/site-packages/airflow/example_dags/example_short_circuit_decorator.py
[2024-04-27T00:04:12.245+0000] {logging_mixin.py:188} INFO - [2024-04-27T00:04:12.245+0000] {dag.py:3096} INFO - Sync 1 DAGs
[2024-04-27T00:04:12.265+0000] {logging_mixin.py:188} INFO - [2024-04-27T00:04:12.265+0000] {dag.py:3954} INFO - Setting next_dagrun for example_short_circuit_decorator to 2024-04-26 00:00:00+00:00, run_after=2024-04-27 00:00:00+00:00
[2024-04-27T00:04:12.285+0000] {processor.py:183} INFO - Processing /home/airflow/.local/lib/python3.12/site-packages/airflow/example_dags/example_short_circuit_decorator.py took 0.082 seconds
[2024-04-27T00:04:42.521+0000] {processor.py:161} INFO - Started process (PID=572) to work on /home/airflow/.local/lib/python3.12/site-packages/airflow/example_dags/example_short_circuit_decorator.py
[2024-04-27T00:04:42.522+0000] {processor.py:830} INFO - Processing file /home/airflow/.local/lib/python3.12/site-packages/airflow/example_dags/example_short_circuit_decorator.py for tasks to queue
[2024-04-27T00:04:42.524+0000] {logging_mixin.py:188} INFO - [2024-04-27T00:04:42.524+0000] {dagbag.py:540} INFO - Filling up the DagBag from /home/airflow/.local/lib/python3.12/site-packages/airflow/example_dags/example_short_circuit_decorator.py
[2024-04-27T00:04:42.532+0000] {processor.py:840} INFO - DAG(s) 'example_short_circuit_decorator' retrieved from /home/airflow/.local/lib/python3.12/site-packages/airflow/example_dags/example_short_circuit_decorator.py
[2024-04-27T00:04:42.554+0000] {logging_mixin.py:188} INFO - [2024-04-27T00:04:42.553+0000] {dag.py:3096} INFO - Sync 1 DAGs
[2024-04-27T00:04:42.579+0000] {logging_mixin.py:188} INFO - [2024-04-27T00:04:42.578+0000] {dag.py:3954} INFO - Setting next_dagrun for example_short_circuit_decorator to 2024-04-26 00:00:00+00:00, run_after=2024-04-27 00:00:00+00:00
[2024-04-27T00:04:42.599+0000] {processor.py:183} INFO - Processing /home/airflow/.local/lib/python3.12/site-packages/airflow/example_dags/example_short_circuit_decorator.py took 0.083 seconds
[2024-04-27T00:14:05.911+0000] {processor.py:161} INFO - Started process (PID=40) to work on /home/airflow/.local/lib/python3.12/site-packages/airflow/example_dags/example_short_circuit_decorator.py
[2024-04-27T00:14:05.912+0000] {processor.py:830} INFO - Processing file /home/airflow/.local/lib/python3.12/site-packages/airflow/example_dags/example_short_circuit_decorator.py for tasks to queue
[2024-04-27T00:14:05.915+0000] {logging_mixin.py:188} INFO - [2024-04-27T00:14:05.914+0000] {dagbag.py:540} INFO - Filling up the DagBag from /home/airflow/.local/lib/python3.12/site-packages/airflow/example_dags/example_short_circuit_decorator.py
[2024-04-27T00:14:05.923+0000] {processor.py:840} INFO - DAG(s) 'example_short_circuit_decorator' retrieved from /home/airflow/.local/lib/python3.12/site-packages/airflow/example_dags/example_short_circuit_decorator.py
[2024-04-27T00:14:05.935+0000] {logging_mixin.py:188} INFO - [2024-04-27T00:14:05.934+0000] {dag.py:3096} INFO - Sync 1 DAGs
[2024-04-27T00:14:05.956+0000] {logging_mixin.py:188} INFO - [2024-04-27T00:14:05.955+0000] {dag.py:3954} INFO - Setting next_dagrun for example_short_circuit_decorator to 2024-04-26 00:00:00+00:00, run_after=2024-04-27 00:00:00+00:00
[2024-04-27T00:14:05.982+0000] {processor.py:183} INFO - Processing /home/airflow/.local/lib/python3.12/site-packages/airflow/example_dags/example_short_circuit_decorator.py took 0.076 seconds
[2024-04-27T00:14:36.480+0000] {processor.py:161} INFO - Started process (PID=99) to work on /home/airflow/.local/lib/python3.12/site-packages/airflow/example_dags/example_short_circuit_decorator.py
[2024-04-27T00:14:36.482+0000] {processor.py:830} INFO - Processing file /home/airflow/.local/lib/python3.12/site-packages/airflow/example_dags/example_short_circuit_decorator.py for tasks to queue
[2024-04-27T00:14:36.483+0000] {logging_mixin.py:188} INFO - [2024-04-27T00:14:36.483+0000] {dagbag.py:540} INFO - Filling up the DagBag from /home/airflow/.local/lib/python3.12/site-packages/airflow/example_dags/example_short_circuit_decorator.py
[2024-04-27T00:14:36.493+0000] {processor.py:840} INFO - DAG(s) 'example_short_circuit_decorator' retrieved from /home/airflow/.local/lib/python3.12/site-packages/airflow/example_dags/example_short_circuit_decorator.py
[2024-04-27T00:14:36.616+0000] {logging_mixin.py:188} INFO - [2024-04-27T00:14:36.616+0000] {dag.py:3096} INFO - Sync 1 DAGs
[2024-04-27T00:14:36.635+0000] {logging_mixin.py:188} INFO - [2024-04-27T00:14:36.634+0000] {dag.py:3954} INFO - Setting next_dagrun for example_short_circuit_decorator to 2024-04-26 00:00:00+00:00, run_after=2024-04-27 00:00:00+00:00
[2024-04-27T00:14:36.654+0000] {processor.py:183} INFO - Processing /home/airflow/.local/lib/python3.12/site-packages/airflow/example_dags/example_short_circuit_decorator.py took 0.180 seconds
[2024-04-27T00:15:06.821+0000] {processor.py:161} INFO - Started process (PID=158) to work on /home/airflow/.local/lib/python3.12/site-packages/airflow/example_dags/example_short_circuit_decorator.py
[2024-04-27T00:15:06.822+0000] {processor.py:830} INFO - Processing file /home/airflow/.local/lib/python3.12/site-packages/airflow/example_dags/example_short_circuit_decorator.py for tasks to queue
[2024-04-27T00:15:06.825+0000] {logging_mixin.py:188} INFO - [2024-04-27T00:15:06.825+0000] {dagbag.py:540} INFO - Filling up the DagBag from /home/airflow/.local/lib/python3.12/site-packages/airflow/example_dags/example_short_circuit_decorator.py
[2024-04-27T00:15:06.838+0000] {processor.py:840} INFO - DAG(s) 'example_short_circuit_decorator' retrieved from /home/airflow/.local/lib/python3.12/site-packages/airflow/example_dags/example_short_circuit_decorator.py
[2024-04-27T00:15:06.861+0000] {logging_mixin.py:188} INFO - [2024-04-27T00:15:06.861+0000] {dag.py:3096} INFO - Sync 1 DAGs
[2024-04-27T00:15:06.887+0000] {logging_mixin.py:188} INFO - [2024-04-27T00:15:06.886+0000] {dag.py:3954} INFO - Setting next_dagrun for example_short_circuit_decorator to 2024-04-26 00:00:00+00:00, run_after=2024-04-27 00:00:00+00:00
[2024-04-27T00:15:06.913+0000] {processor.py:183} INFO - Processing /home/airflow/.local/lib/python3.12/site-packages/airflow/example_dags/example_short_circuit_decorator.py took 0.099 seconds
[2024-04-27T00:15:37.007+0000] {processor.py:161} INFO - Started process (PID=217) to work on /home/airflow/.local/lib/python3.12/site-packages/airflow/example_dags/example_short_circuit_decorator.py
[2024-04-27T00:15:37.009+0000] {processor.py:830} INFO - Processing file /home/airflow/.local/lib/python3.12/site-packages/airflow/example_dags/example_short_circuit_decorator.py for tasks to queue
[2024-04-27T00:15:37.010+0000] {logging_mixin.py:188} INFO - [2024-04-27T00:15:37.010+0000] {dagbag.py:540} INFO - Filling up the DagBag from /home/airflow/.local/lib/python3.12/site-packages/airflow/example_dags/example_short_circuit_decorator.py
[2024-04-27T00:15:37.018+0000] {processor.py:840} INFO - DAG(s) 'example_short_circuit_decorator' retrieved from /home/airflow/.local/lib/python3.12/site-packages/airflow/example_dags/example_short_circuit_decorator.py
[2024-04-27T00:15:37.041+0000] {logging_mixin.py:188} INFO - [2024-04-27T00:15:37.041+0000] {dag.py:3096} INFO - Sync 1 DAGs
[2024-04-27T00:15:37.061+0000] {logging_mixin.py:188} INFO - [2024-04-27T00:15:37.061+0000] {dag.py:3954} INFO - Setting next_dagrun for example_short_circuit_decorator to 2024-04-26 00:00:00+00:00, run_after=2024-04-27 00:00:00+00:00
[2024-04-27T00:15:37.080+0000] {processor.py:183} INFO - Processing /home/airflow/.local/lib/python3.12/site-packages/airflow/example_dags/example_short_circuit_decorator.py took 0.077 seconds
[2024-04-27T00:16:07.447+0000] {processor.py:161} INFO - Started process (PID=276) to work on /home/airflow/.local/lib/python3.12/site-packages/airflow/example_dags/example_short_circuit_decorator.py
[2024-04-27T00:16:07.448+0000] {processor.py:830} INFO - Processing file /home/airflow/.local/lib/python3.12/site-packages/airflow/example_dags/example_short_circuit_decorator.py for tasks to queue
[2024-04-27T00:16:07.450+0000] {logging_mixin.py:188} INFO - [2024-04-27T00:16:07.449+0000] {dagbag.py:540} INFO - Filling up the DagBag from /home/airflow/.local/lib/python3.12/site-packages/airflow/example_dags/example_short_circuit_decorator.py
[2024-04-27T00:16:07.457+0000] {processor.py:840} INFO - DAG(s) 'example_short_circuit_decorator' retrieved from /home/airflow/.local/lib/python3.12/site-packages/airflow/example_dags/example_short_circuit_decorator.py
[2024-04-27T00:16:07.476+0000] {logging_mixin.py:188} INFO - [2024-04-27T00:16:07.476+0000] {dag.py:3096} INFO - Sync 1 DAGs
[2024-04-27T00:16:07.496+0000] {logging_mixin.py:188} INFO - [2024-04-27T00:16:07.496+0000] {dag.py:3954} INFO - Setting next_dagrun for example_short_circuit_decorator to 2024-04-26 00:00:00+00:00, run_after=2024-04-27 00:00:00+00:00
[2024-04-27T00:16:07.518+0000] {processor.py:183} INFO - Processing /home/airflow/.local/lib/python3.12/site-packages/airflow/example_dags/example_short_circuit_decorator.py took 0.076 seconds
[2024-04-27T00:16:37.716+0000] {processor.py:161} INFO - Started process (PID=335) to work on /home/airflow/.local/lib/python3.12/site-packages/airflow/example_dags/example_short_circuit_decorator.py
[2024-04-27T00:16:37.717+0000] {processor.py:830} INFO - Processing file /home/airflow/.local/lib/python3.12/site-packages/airflow/example_dags/example_short_circuit_decorator.py for tasks to queue
[2024-04-27T00:16:37.720+0000] {logging_mixin.py:188} INFO - [2024-04-27T00:16:37.719+0000] {dagbag.py:540} INFO - Filling up the DagBag from /home/airflow/.local/lib/python3.12/site-packages/airflow/example_dags/example_short_circuit_decorator.py
[2024-04-27T00:16:37.727+0000] {processor.py:840} INFO - DAG(s) 'example_short_circuit_decorator' retrieved from /home/airflow/.local/lib/python3.12/site-packages/airflow/example_dags/example_short_circuit_decorator.py
[2024-04-27T00:16:37.749+0000] {logging_mixin.py:188} INFO - [2024-04-27T00:16:37.749+0000] {dag.py:3096} INFO - Sync 1 DAGs
[2024-04-27T00:16:37.772+0000] {logging_mixin.py:188} INFO - [2024-04-27T00:16:37.772+0000] {dag.py:3954} INFO - Setting next_dagrun for example_short_circuit_decorator to 2024-04-26 00:00:00+00:00, run_after=2024-04-27 00:00:00+00:00
[2024-04-27T00:16:37.799+0000] {processor.py:183} INFO - Processing /home/airflow/.local/lib/python3.12/site-packages/airflow/example_dags/example_short_circuit_decorator.py took 0.088 seconds
