[2024-04-27T00:00:09.322+0000] {processor.py:161} INFO - Started process (PID=45) to work on /home/airflow/.local/lib/python3.12/site-packages/airflow/example_dags/example_display_name.py
[2024-04-27T00:00:09.327+0000] {processor.py:830} INFO - Processing file /home/airflow/.local/lib/python3.12/site-packages/airflow/example_dags/example_display_name.py for tasks to queue
[2024-04-27T00:00:09.335+0000] {logging_mixin.py:188} INFO - [2024-04-27T00:00:09.334+0000] {dagbag.py:540} INFO - Filling up the DagBag from /home/airflow/.local/lib/python3.12/site-packages/airflow/example_dags/example_display_name.py
[2024-04-27T00:00:09.358+0000] {processor.py:840} INFO - DAG(s) 'example_display_name' retrieved from /home/airflow/.local/lib/python3.12/site-packages/airflow/example_dags/example_display_name.py
[2024-04-27T00:00:09.374+0000] {logging_mixin.py:188} INFO - [2024-04-27T00:00:09.374+0000] {dag.py:3096} INFO - Sync 1 DAGs
[2024-04-27T00:00:09.409+0000] {logging_mixin.py:188} INFO - [2024-04-27T00:00:09.409+0000] {dag.py:3954} INFO - Setting next_dagrun for example_display_name to None, run_after=None
[2024-04-27T00:00:09.444+0000] {processor.py:183} INFO - Processing /home/airflow/.local/lib/python3.12/site-packages/airflow/example_dags/example_display_name.py took 0.134 seconds
[2024-04-27T00:00:39.970+0000] {processor.py:161} INFO - Started process (PID=104) to work on /home/airflow/.local/lib/python3.12/site-packages/airflow/example_dags/example_display_name.py
[2024-04-27T00:00:39.971+0000] {processor.py:830} INFO - Processing file /home/airflow/.local/lib/python3.12/site-packages/airflow/example_dags/example_display_name.py for tasks to queue
[2024-04-27T00:00:39.973+0000] {logging_mixin.py:188} INFO - [2024-04-27T00:00:39.972+0000] {dagbag.py:540} INFO - Filling up the DagBag from /home/airflow/.local/lib/python3.12/site-packages/airflow/example_dags/example_display_name.py
[2024-04-27T00:00:39.978+0000] {processor.py:840} INFO - DAG(s) 'example_display_name' retrieved from /home/airflow/.local/lib/python3.12/site-packages/airflow/example_dags/example_display_name.py
[2024-04-27T00:00:40.058+0000] {logging_mixin.py:188} INFO - [2024-04-27T00:00:40.058+0000] {dag.py:3096} INFO - Sync 1 DAGs
[2024-04-27T00:00:40.066+0000] {logging_mixin.py:188} INFO - [2024-04-27T00:00:40.066+0000] {dag.py:3954} INFO - Setting next_dagrun for example_display_name to None, run_after=None
[2024-04-27T00:00:40.091+0000] {processor.py:183} INFO - Processing /home/airflow/.local/lib/python3.12/site-packages/airflow/example_dags/example_display_name.py took 0.127 seconds
[2024-04-27T00:01:10.349+0000] {processor.py:161} INFO - Started process (PID=163) to work on /home/airflow/.local/lib/python3.12/site-packages/airflow/example_dags/example_display_name.py
[2024-04-27T00:01:10.350+0000] {processor.py:830} INFO - Processing file /home/airflow/.local/lib/python3.12/site-packages/airflow/example_dags/example_display_name.py for tasks to queue
[2024-04-27T00:01:10.352+0000] {logging_mixin.py:188} INFO - [2024-04-27T00:01:10.352+0000] {dagbag.py:540} INFO - Filling up the DagBag from /home/airflow/.local/lib/python3.12/site-packages/airflow/example_dags/example_display_name.py
[2024-04-27T00:01:10.357+0000] {processor.py:840} INFO - DAG(s) 'example_display_name' retrieved from /home/airflow/.local/lib/python3.12/site-packages/airflow/example_dags/example_display_name.py
[2024-04-27T00:01:10.374+0000] {logging_mixin.py:188} INFO - [2024-04-27T00:01:10.373+0000] {dag.py:3096} INFO - Sync 1 DAGs
[2024-04-27T00:01:10.385+0000] {logging_mixin.py:188} INFO - [2024-04-27T00:01:10.385+0000] {dag.py:3954} INFO - Setting next_dagrun for example_display_name to None, run_after=None
[2024-04-27T00:01:10.402+0000] {processor.py:183} INFO - Processing /home/airflow/.local/lib/python3.12/site-packages/airflow/example_dags/example_display_name.py took 0.058 seconds
[2024-04-27T00:01:40.749+0000] {processor.py:161} INFO - Started process (PID=222) to work on /home/airflow/.local/lib/python3.12/site-packages/airflow/example_dags/example_display_name.py
[2024-04-27T00:01:40.750+0000] {processor.py:830} INFO - Processing file /home/airflow/.local/lib/python3.12/site-packages/airflow/example_dags/example_display_name.py for tasks to queue
[2024-04-27T00:01:40.752+0000] {logging_mixin.py:188} INFO - [2024-04-27T00:01:40.752+0000] {dagbag.py:540} INFO - Filling up the DagBag from /home/airflow/.local/lib/python3.12/site-packages/airflow/example_dags/example_display_name.py
[2024-04-27T00:01:40.757+0000] {processor.py:840} INFO - DAG(s) 'example_display_name' retrieved from /home/airflow/.local/lib/python3.12/site-packages/airflow/example_dags/example_display_name.py
[2024-04-27T00:01:40.772+0000] {logging_mixin.py:188} INFO - [2024-04-27T00:01:40.772+0000] {dag.py:3096} INFO - Sync 1 DAGs
[2024-04-27T00:01:40.782+0000] {logging_mixin.py:188} INFO - [2024-04-27T00:01:40.781+0000] {dag.py:3954} INFO - Setting next_dagrun for example_display_name to None, run_after=None
[2024-04-27T00:01:40.796+0000] {processor.py:183} INFO - Processing /home/airflow/.local/lib/python3.12/site-packages/airflow/example_dags/example_display_name.py took 0.052 seconds
[2024-04-27T00:02:10.944+0000] {processor.py:161} INFO - Started process (PID=281) to work on /home/airflow/.local/lib/python3.12/site-packages/airflow/example_dags/example_display_name.py
[2024-04-27T00:02:10.945+0000] {processor.py:830} INFO - Processing file /home/airflow/.local/lib/python3.12/site-packages/airflow/example_dags/example_display_name.py for tasks to queue
[2024-04-27T00:02:10.947+0000] {logging_mixin.py:188} INFO - [2024-04-27T00:02:10.947+0000] {dagbag.py:540} INFO - Filling up the DagBag from /home/airflow/.local/lib/python3.12/site-packages/airflow/example_dags/example_display_name.py
[2024-04-27T00:02:10.952+0000] {processor.py:840} INFO - DAG(s) 'example_display_name' retrieved from /home/airflow/.local/lib/python3.12/site-packages/airflow/example_dags/example_display_name.py
[2024-04-27T00:02:10.969+0000] {logging_mixin.py:188} INFO - [2024-04-27T00:02:10.969+0000] {dag.py:3096} INFO - Sync 1 DAGs
[2024-04-27T00:02:10.979+0000] {logging_mixin.py:188} INFO - [2024-04-27T00:02:10.978+0000] {dag.py:3954} INFO - Setting next_dagrun for example_display_name to None, run_after=None
[2024-04-27T00:02:10.999+0000] {processor.py:183} INFO - Processing /home/airflow/.local/lib/python3.12/site-packages/airflow/example_dags/example_display_name.py took 0.060 seconds
[2024-04-27T00:02:41.297+0000] {processor.py:161} INFO - Started process (PID=340) to work on /home/airflow/.local/lib/python3.12/site-packages/airflow/example_dags/example_display_name.py
[2024-04-27T00:02:41.298+0000] {processor.py:830} INFO - Processing file /home/airflow/.local/lib/python3.12/site-packages/airflow/example_dags/example_display_name.py for tasks to queue
[2024-04-27T00:02:41.301+0000] {logging_mixin.py:188} INFO - [2024-04-27T00:02:41.300+0000] {dagbag.py:540} INFO - Filling up the DagBag from /home/airflow/.local/lib/python3.12/site-packages/airflow/example_dags/example_display_name.py
[2024-04-27T00:02:41.306+0000] {processor.py:840} INFO - DAG(s) 'example_display_name' retrieved from /home/airflow/.local/lib/python3.12/site-packages/airflow/example_dags/example_display_name.py
[2024-04-27T00:02:41.321+0000] {logging_mixin.py:188} INFO - [2024-04-27T00:02:41.321+0000] {dag.py:3096} INFO - Sync 1 DAGs
[2024-04-27T00:02:41.331+0000] {logging_mixin.py:188} INFO - [2024-04-27T00:02:41.331+0000] {dag.py:3954} INFO - Setting next_dagrun for example_display_name to None, run_after=None
[2024-04-27T00:02:41.353+0000] {processor.py:183} INFO - Processing /home/airflow/.local/lib/python3.12/site-packages/airflow/example_dags/example_display_name.py took 0.060 seconds
[2024-04-27T00:03:11.661+0000] {processor.py:161} INFO - Started process (PID=399) to work on /home/airflow/.local/lib/python3.12/site-packages/airflow/example_dags/example_display_name.py
[2024-04-27T00:03:11.662+0000] {processor.py:830} INFO - Processing file /home/airflow/.local/lib/python3.12/site-packages/airflow/example_dags/example_display_name.py for tasks to queue
[2024-04-27T00:03:11.667+0000] {logging_mixin.py:188} INFO - [2024-04-27T00:03:11.666+0000] {dagbag.py:540} INFO - Filling up the DagBag from /home/airflow/.local/lib/python3.12/site-packages/airflow/example_dags/example_display_name.py
[2024-04-27T00:03:11.672+0000] {processor.py:840} INFO - DAG(s) 'example_display_name' retrieved from /home/airflow/.local/lib/python3.12/site-packages/airflow/example_dags/example_display_name.py
[2024-04-27T00:03:11.689+0000] {logging_mixin.py:188} INFO - [2024-04-27T00:03:11.689+0000] {dag.py:3096} INFO - Sync 1 DAGs
[2024-04-27T00:03:11.701+0000] {logging_mixin.py:188} INFO - [2024-04-27T00:03:11.701+0000] {dag.py:3954} INFO - Setting next_dagrun for example_display_name to None, run_after=None
[2024-04-27T00:03:11.717+0000] {processor.py:183} INFO - Processing /home/airflow/.local/lib/python3.12/site-packages/airflow/example_dags/example_display_name.py took 0.061 seconds
[2024-04-27T00:03:42.074+0000] {processor.py:161} INFO - Started process (PID=459) to work on /home/airflow/.local/lib/python3.12/site-packages/airflow/example_dags/example_display_name.py
[2024-04-27T00:03:42.075+0000] {processor.py:830} INFO - Processing file /home/airflow/.local/lib/python3.12/site-packages/airflow/example_dags/example_display_name.py for tasks to queue
[2024-04-27T00:03:42.077+0000] {logging_mixin.py:188} INFO - [2024-04-27T00:03:42.077+0000] {dagbag.py:540} INFO - Filling up the DagBag from /home/airflow/.local/lib/python3.12/site-packages/airflow/example_dags/example_display_name.py
[2024-04-27T00:03:42.082+0000] {processor.py:840} INFO - DAG(s) 'example_display_name' retrieved from /home/airflow/.local/lib/python3.12/site-packages/airflow/example_dags/example_display_name.py
[2024-04-27T00:03:42.099+0000] {logging_mixin.py:188} INFO - [2024-04-27T00:03:42.099+0000] {dag.py:3096} INFO - Sync 1 DAGs
[2024-04-27T00:03:42.111+0000] {logging_mixin.py:188} INFO - [2024-04-27T00:03:42.110+0000] {dag.py:3954} INFO - Setting next_dagrun for example_display_name to None, run_after=None
[2024-04-27T00:03:42.133+0000] {processor.py:183} INFO - Processing /home/airflow/.local/lib/python3.12/site-packages/airflow/example_dags/example_display_name.py took 0.064 seconds
[2024-04-27T00:04:12.456+0000] {processor.py:161} INFO - Started process (PID=518) to work on /home/airflow/.local/lib/python3.12/site-packages/airflow/example_dags/example_display_name.py
[2024-04-27T00:04:12.457+0000] {processor.py:830} INFO - Processing file /home/airflow/.local/lib/python3.12/site-packages/airflow/example_dags/example_display_name.py for tasks to queue
[2024-04-27T00:04:12.459+0000] {logging_mixin.py:188} INFO - [2024-04-27T00:04:12.458+0000] {dagbag.py:540} INFO - Filling up the DagBag from /home/airflow/.local/lib/python3.12/site-packages/airflow/example_dags/example_display_name.py
[2024-04-27T00:04:12.463+0000] {processor.py:840} INFO - DAG(s) 'example_display_name' retrieved from /home/airflow/.local/lib/python3.12/site-packages/airflow/example_dags/example_display_name.py
[2024-04-27T00:04:12.482+0000] {logging_mixin.py:188} INFO - [2024-04-27T00:04:12.482+0000] {dag.py:3096} INFO - Sync 1 DAGs
[2024-04-27T00:04:12.494+0000] {logging_mixin.py:188} INFO - [2024-04-27T00:04:12.494+0000] {dag.py:3954} INFO - Setting next_dagrun for example_display_name to None, run_after=None
[2024-04-27T00:04:12.514+0000] {processor.py:183} INFO - Processing /home/airflow/.local/lib/python3.12/site-packages/airflow/example_dags/example_display_name.py took 0.062 seconds
[2024-04-27T00:04:42.771+0000] {processor.py:161} INFO - Started process (PID=577) to work on /home/airflow/.local/lib/python3.12/site-packages/airflow/example_dags/example_display_name.py
[2024-04-27T00:04:42.772+0000] {processor.py:830} INFO - Processing file /home/airflow/.local/lib/python3.12/site-packages/airflow/example_dags/example_display_name.py for tasks to queue
[2024-04-27T00:04:42.775+0000] {logging_mixin.py:188} INFO - [2024-04-27T00:04:42.774+0000] {dagbag.py:540} INFO - Filling up the DagBag from /home/airflow/.local/lib/python3.12/site-packages/airflow/example_dags/example_display_name.py
[2024-04-27T00:04:42.780+0000] {processor.py:840} INFO - DAG(s) 'example_display_name' retrieved from /home/airflow/.local/lib/python3.12/site-packages/airflow/example_dags/example_display_name.py
[2024-04-27T00:04:42.797+0000] {logging_mixin.py:188} INFO - [2024-04-27T00:04:42.796+0000] {dag.py:3096} INFO - Sync 1 DAGs
[2024-04-27T00:04:42.808+0000] {logging_mixin.py:188} INFO - [2024-04-27T00:04:42.808+0000] {dag.py:3954} INFO - Setting next_dagrun for example_display_name to None, run_after=None
[2024-04-27T00:04:42.828+0000] {processor.py:183} INFO - Processing /home/airflow/.local/lib/python3.12/site-packages/airflow/example_dags/example_display_name.py took 0.062 seconds
[2024-04-27T00:14:06.181+0000] {processor.py:161} INFO - Started process (PID=45) to work on /home/airflow/.local/lib/python3.12/site-packages/airflow/example_dags/example_display_name.py
[2024-04-27T00:14:06.182+0000] {processor.py:830} INFO - Processing file /home/airflow/.local/lib/python3.12/site-packages/airflow/example_dags/example_display_name.py for tasks to queue
[2024-04-27T00:14:06.185+0000] {logging_mixin.py:188} INFO - [2024-04-27T00:14:06.184+0000] {dagbag.py:540} INFO - Filling up the DagBag from /home/airflow/.local/lib/python3.12/site-packages/airflow/example_dags/example_display_name.py
[2024-04-27T00:14:06.194+0000] {processor.py:840} INFO - DAG(s) 'example_display_name' retrieved from /home/airflow/.local/lib/python3.12/site-packages/airflow/example_dags/example_display_name.py
[2024-04-27T00:14:06.209+0000] {logging_mixin.py:188} INFO - [2024-04-27T00:14:06.209+0000] {dag.py:3096} INFO - Sync 1 DAGs
[2024-04-27T00:14:06.226+0000] {logging_mixin.py:188} INFO - [2024-04-27T00:14:06.225+0000] {dag.py:3954} INFO - Setting next_dagrun for example_display_name to None, run_after=None
[2024-04-27T00:14:06.247+0000] {processor.py:183} INFO - Processing /home/airflow/.local/lib/python3.12/site-packages/airflow/example_dags/example_display_name.py took 0.073 seconds
[2024-04-27T00:14:36.924+0000] {processor.py:161} INFO - Started process (PID=104) to work on /home/airflow/.local/lib/python3.12/site-packages/airflow/example_dags/example_display_name.py
[2024-04-27T00:14:36.925+0000] {processor.py:830} INFO - Processing file /home/airflow/.local/lib/python3.12/site-packages/airflow/example_dags/example_display_name.py for tasks to queue
[2024-04-27T00:14:36.926+0000] {logging_mixin.py:188} INFO - [2024-04-27T00:14:36.926+0000] {dagbag.py:540} INFO - Filling up the DagBag from /home/airflow/.local/lib/python3.12/site-packages/airflow/example_dags/example_display_name.py
[2024-04-27T00:14:36.932+0000] {processor.py:840} INFO - DAG(s) 'example_display_name' retrieved from /home/airflow/.local/lib/python3.12/site-packages/airflow/example_dags/example_display_name.py
[2024-04-27T00:14:37.014+0000] {logging_mixin.py:188} INFO - [2024-04-27T00:14:37.013+0000] {dag.py:3096} INFO - Sync 1 DAGs
[2024-04-27T00:14:37.023+0000] {logging_mixin.py:188} INFO - [2024-04-27T00:14:37.023+0000] {dag.py:3954} INFO - Setting next_dagrun for example_display_name to None, run_after=None
[2024-04-27T00:14:37.038+0000] {processor.py:183} INFO - Processing /home/airflow/.local/lib/python3.12/site-packages/airflow/example_dags/example_display_name.py took 0.119 seconds
[2024-04-27T00:15:07.126+0000] {processor.py:161} INFO - Started process (PID=163) to work on /home/airflow/.local/lib/python3.12/site-packages/airflow/example_dags/example_display_name.py
[2024-04-27T00:15:07.127+0000] {processor.py:830} INFO - Processing file /home/airflow/.local/lib/python3.12/site-packages/airflow/example_dags/example_display_name.py for tasks to queue
[2024-04-27T00:15:07.129+0000] {logging_mixin.py:188} INFO - [2024-04-27T00:15:07.129+0000] {dagbag.py:540} INFO - Filling up the DagBag from /home/airflow/.local/lib/python3.12/site-packages/airflow/example_dags/example_display_name.py
[2024-04-27T00:15:07.135+0000] {processor.py:840} INFO - DAG(s) 'example_display_name' retrieved from /home/airflow/.local/lib/python3.12/site-packages/airflow/example_dags/example_display_name.py
[2024-04-27T00:15:07.160+0000] {logging_mixin.py:188} INFO - [2024-04-27T00:15:07.159+0000] {dag.py:3096} INFO - Sync 1 DAGs
[2024-04-27T00:15:07.179+0000] {logging_mixin.py:188} INFO - [2024-04-27T00:15:07.179+0000] {dag.py:3954} INFO - Setting next_dagrun for example_display_name to None, run_after=None
[2024-04-27T00:15:07.203+0000] {processor.py:183} INFO - Processing /home/airflow/.local/lib/python3.12/site-packages/airflow/example_dags/example_display_name.py took 0.084 seconds
[2024-04-27T00:15:37.297+0000] {processor.py:161} INFO - Started process (PID=222) to work on /home/airflow/.local/lib/python3.12/site-packages/airflow/example_dags/example_display_name.py
[2024-04-27T00:15:37.298+0000] {processor.py:830} INFO - Processing file /home/airflow/.local/lib/python3.12/site-packages/airflow/example_dags/example_display_name.py for tasks to queue
[2024-04-27T00:15:37.300+0000] {logging_mixin.py:188} INFO - [2024-04-27T00:15:37.299+0000] {dagbag.py:540} INFO - Filling up the DagBag from /home/airflow/.local/lib/python3.12/site-packages/airflow/example_dags/example_display_name.py
[2024-04-27T00:15:37.305+0000] {processor.py:840} INFO - DAG(s) 'example_display_name' retrieved from /home/airflow/.local/lib/python3.12/site-packages/airflow/example_dags/example_display_name.py
[2024-04-27T00:15:37.320+0000] {logging_mixin.py:188} INFO - [2024-04-27T00:15:37.319+0000] {dag.py:3096} INFO - Sync 1 DAGs
[2024-04-27T00:15:37.331+0000] {logging_mixin.py:188} INFO - [2024-04-27T00:15:37.331+0000] {dag.py:3954} INFO - Setting next_dagrun for example_display_name to None, run_after=None
[2024-04-27T00:15:37.351+0000] {processor.py:183} INFO - Processing /home/airflow/.local/lib/python3.12/site-packages/airflow/example_dags/example_display_name.py took 0.060 seconds
[2024-04-27T00:16:07.675+0000] {processor.py:161} INFO - Started process (PID=281) to work on /home/airflow/.local/lib/python3.12/site-packages/airflow/example_dags/example_display_name.py
[2024-04-27T00:16:07.676+0000] {processor.py:830} INFO - Processing file /home/airflow/.local/lib/python3.12/site-packages/airflow/example_dags/example_display_name.py for tasks to queue
[2024-04-27T00:16:07.678+0000] {logging_mixin.py:188} INFO - [2024-04-27T00:16:07.677+0000] {dagbag.py:540} INFO - Filling up the DagBag from /home/airflow/.local/lib/python3.12/site-packages/airflow/example_dags/example_display_name.py
[2024-04-27T00:16:07.682+0000] {processor.py:840} INFO - DAG(s) 'example_display_name' retrieved from /home/airflow/.local/lib/python3.12/site-packages/airflow/example_dags/example_display_name.py
[2024-04-27T00:16:07.700+0000] {logging_mixin.py:188} INFO - [2024-04-27T00:16:07.700+0000] {dag.py:3096} INFO - Sync 1 DAGs
[2024-04-27T00:16:07.713+0000] {logging_mixin.py:188} INFO - [2024-04-27T00:16:07.712+0000] {dag.py:3954} INFO - Setting next_dagrun for example_display_name to None, run_after=None
[2024-04-27T00:16:07.734+0000] {processor.py:183} INFO - Processing /home/airflow/.local/lib/python3.12/site-packages/airflow/example_dags/example_display_name.py took 0.064 seconds
[2024-04-27T00:16:37.994+0000] {processor.py:161} INFO - Started process (PID=340) to work on /home/airflow/.local/lib/python3.12/site-packages/airflow/example_dags/example_display_name.py
[2024-04-27T00:16:37.995+0000] {processor.py:830} INFO - Processing file /home/airflow/.local/lib/python3.12/site-packages/airflow/example_dags/example_display_name.py for tasks to queue
[2024-04-27T00:16:37.998+0000] {logging_mixin.py:188} INFO - [2024-04-27T00:16:37.997+0000] {dagbag.py:540} INFO - Filling up the DagBag from /home/airflow/.local/lib/python3.12/site-packages/airflow/example_dags/example_display_name.py
[2024-04-27T00:16:38.004+0000] {processor.py:840} INFO - DAG(s) 'example_display_name' retrieved from /home/airflow/.local/lib/python3.12/site-packages/airflow/example_dags/example_display_name.py
[2024-04-27T00:16:38.026+0000] {logging_mixin.py:188} INFO - [2024-04-27T00:16:38.026+0000] {dag.py:3096} INFO - Sync 1 DAGs
[2024-04-27T00:16:38.041+0000] {logging_mixin.py:188} INFO - [2024-04-27T00:16:38.040+0000] {dag.py:3954} INFO - Setting next_dagrun for example_display_name to None, run_after=None
[2024-04-27T00:16:38.064+0000] {processor.py:183} INFO - Processing /home/airflow/.local/lib/python3.12/site-packages/airflow/example_dags/example_display_name.py took 0.076 seconds
