[2024-04-27T00:00:13.670+0000] {processor.py:161} INFO - Started process (PID=76) to work on /home/airflow/.local/lib/python3.12/site-packages/airflow/example_dags/tutorial.py
[2024-04-27T00:00:13.672+0000] {processor.py:830} INFO - Processing file /home/airflow/.local/lib/python3.12/site-packages/airflow/example_dags/tutorial.py for tasks to queue
[2024-04-27T00:00:13.677+0000] {logging_mixin.py:188} INFO - [2024-04-27T00:00:13.674+0000] {dagbag.py:540} INFO - Filling up the DagBag from /home/airflow/.local/lib/python3.12/site-packages/airflow/example_dags/tutorial.py
[2024-04-27T00:00:13.694+0000] {processor.py:840} INFO - DAG(s) 'tutorial' retrieved from /home/airflow/.local/lib/python3.12/site-packages/airflow/example_dags/tutorial.py
[2024-04-27T00:00:13.713+0000] {logging_mixin.py:188} INFO - [2024-04-27T00:00:13.712+0000] {dag.py:3096} INFO - Sync 1 DAGs
[2024-04-27T00:00:13.747+0000] {logging_mixin.py:188} INFO - [2024-04-27T00:00:13.747+0000] {dag.py:3954} INFO - Setting next_dagrun for tutorial to 2024-04-26 00:00:00+00:00, run_after=2024-04-27 00:00:00+00:00
[2024-04-27T00:00:13.790+0000] {processor.py:183} INFO - Processing /home/airflow/.local/lib/python3.12/site-packages/airflow/example_dags/tutorial.py took 0.135 seconds
[2024-04-27T00:00:44.891+0000] {processor.py:161} INFO - Started process (PID=135) to work on /home/airflow/.local/lib/python3.12/site-packages/airflow/example_dags/tutorial.py
[2024-04-27T00:00:44.892+0000] {processor.py:830} INFO - Processing file /home/airflow/.local/lib/python3.12/site-packages/airflow/example_dags/tutorial.py for tasks to queue
[2024-04-27T00:00:44.893+0000] {logging_mixin.py:188} INFO - [2024-04-27T00:00:44.893+0000] {dagbag.py:540} INFO - Filling up the DagBag from /home/airflow/.local/lib/python3.12/site-packages/airflow/example_dags/tutorial.py
[2024-04-27T00:00:44.898+0000] {processor.py:840} INFO - DAG(s) 'tutorial' retrieved from /home/airflow/.local/lib/python3.12/site-packages/airflow/example_dags/tutorial.py
[2024-04-27T00:00:44.981+0000] {logging_mixin.py:188} INFO - [2024-04-27T00:00:44.981+0000] {dag.py:3096} INFO - Sync 1 DAGs
[2024-04-27T00:00:44.997+0000] {logging_mixin.py:188} INFO - [2024-04-27T00:00:44.997+0000] {dag.py:3954} INFO - Setting next_dagrun for tutorial to 2024-04-26 00:00:00+00:00, run_after=2024-04-27 00:00:00+00:00
[2024-04-27T00:00:45.019+0000] {processor.py:183} INFO - Processing /home/airflow/.local/lib/python3.12/site-packages/airflow/example_dags/tutorial.py took 0.133 seconds
[2024-04-27T00:01:15.121+0000] {processor.py:161} INFO - Started process (PID=194) to work on /home/airflow/.local/lib/python3.12/site-packages/airflow/example_dags/tutorial.py
[2024-04-27T00:01:15.122+0000] {processor.py:830} INFO - Processing file /home/airflow/.local/lib/python3.12/site-packages/airflow/example_dags/tutorial.py for tasks to queue
[2024-04-27T00:01:15.124+0000] {logging_mixin.py:188} INFO - [2024-04-27T00:01:15.123+0000] {dagbag.py:540} INFO - Filling up the DagBag from /home/airflow/.local/lib/python3.12/site-packages/airflow/example_dags/tutorial.py
[2024-04-27T00:01:15.128+0000] {processor.py:840} INFO - DAG(s) 'tutorial' retrieved from /home/airflow/.local/lib/python3.12/site-packages/airflow/example_dags/tutorial.py
[2024-04-27T00:01:15.143+0000] {logging_mixin.py:188} INFO - [2024-04-27T00:01:15.143+0000] {dag.py:3096} INFO - Sync 1 DAGs
[2024-04-27T00:01:15.159+0000] {logging_mixin.py:188} INFO - [2024-04-27T00:01:15.159+0000] {dag.py:3954} INFO - Setting next_dagrun for tutorial to 2024-04-26 00:00:00+00:00, run_after=2024-04-27 00:00:00+00:00
[2024-04-27T00:01:15.174+0000] {processor.py:183} INFO - Processing /home/airflow/.local/lib/python3.12/site-packages/airflow/example_dags/tutorial.py took 0.057 seconds
[2024-04-27T00:01:45.561+0000] {processor.py:161} INFO - Started process (PID=253) to work on /home/airflow/.local/lib/python3.12/site-packages/airflow/example_dags/tutorial.py
[2024-04-27T00:01:45.562+0000] {processor.py:830} INFO - Processing file /home/airflow/.local/lib/python3.12/site-packages/airflow/example_dags/tutorial.py for tasks to queue
[2024-04-27T00:01:45.564+0000] {logging_mixin.py:188} INFO - [2024-04-27T00:01:45.564+0000] {dagbag.py:540} INFO - Filling up the DagBag from /home/airflow/.local/lib/python3.12/site-packages/airflow/example_dags/tutorial.py
[2024-04-27T00:01:45.569+0000] {processor.py:840} INFO - DAG(s) 'tutorial' retrieved from /home/airflow/.local/lib/python3.12/site-packages/airflow/example_dags/tutorial.py
[2024-04-27T00:01:45.586+0000] {logging_mixin.py:188} INFO - [2024-04-27T00:01:45.586+0000] {dag.py:3096} INFO - Sync 1 DAGs
[2024-04-27T00:01:45.606+0000] {logging_mixin.py:188} INFO - [2024-04-27T00:01:45.606+0000] {dag.py:3954} INFO - Setting next_dagrun for tutorial to 2024-04-26 00:00:00+00:00, run_after=2024-04-27 00:00:00+00:00
[2024-04-27T00:01:45.626+0000] {processor.py:183} INFO - Processing /home/airflow/.local/lib/python3.12/site-packages/airflow/example_dags/tutorial.py took 0.070 seconds
[2024-04-27T00:02:15.882+0000] {processor.py:161} INFO - Started process (PID=312) to work on /home/airflow/.local/lib/python3.12/site-packages/airflow/example_dags/tutorial.py
[2024-04-27T00:02:15.884+0000] {processor.py:830} INFO - Processing file /home/airflow/.local/lib/python3.12/site-packages/airflow/example_dags/tutorial.py for tasks to queue
[2024-04-27T00:02:15.886+0000] {logging_mixin.py:188} INFO - [2024-04-27T00:02:15.885+0000] {dagbag.py:540} INFO - Filling up the DagBag from /home/airflow/.local/lib/python3.12/site-packages/airflow/example_dags/tutorial.py
[2024-04-27T00:02:15.891+0000] {processor.py:840} INFO - DAG(s) 'tutorial' retrieved from /home/airflow/.local/lib/python3.12/site-packages/airflow/example_dags/tutorial.py
[2024-04-27T00:02:15.910+0000] {logging_mixin.py:188} INFO - [2024-04-27T00:02:15.910+0000] {dag.py:3096} INFO - Sync 1 DAGs
[2024-04-27T00:02:15.926+0000] {logging_mixin.py:188} INFO - [2024-04-27T00:02:15.926+0000] {dag.py:3954} INFO - Setting next_dagrun for tutorial to 2024-04-26 00:00:00+00:00, run_after=2024-04-27 00:00:00+00:00
[2024-04-27T00:02:15.947+0000] {processor.py:183} INFO - Processing /home/airflow/.local/lib/python3.12/site-packages/airflow/example_dags/tutorial.py took 0.071 seconds
[2024-04-27T00:02:46.159+0000] {processor.py:161} INFO - Started process (PID=371) to work on /home/airflow/.local/lib/python3.12/site-packages/airflow/example_dags/tutorial.py
[2024-04-27T00:02:46.160+0000] {processor.py:830} INFO - Processing file /home/airflow/.local/lib/python3.12/site-packages/airflow/example_dags/tutorial.py for tasks to queue
[2024-04-27T00:02:46.161+0000] {logging_mixin.py:188} INFO - [2024-04-27T00:02:46.161+0000] {dagbag.py:540} INFO - Filling up the DagBag from /home/airflow/.local/lib/python3.12/site-packages/airflow/example_dags/tutorial.py
[2024-04-27T00:02:46.165+0000] {processor.py:840} INFO - DAG(s) 'tutorial' retrieved from /home/airflow/.local/lib/python3.12/site-packages/airflow/example_dags/tutorial.py
[2024-04-27T00:02:46.186+0000] {logging_mixin.py:188} INFO - [2024-04-27T00:02:46.186+0000] {dag.py:3096} INFO - Sync 1 DAGs
[2024-04-27T00:02:46.204+0000] {logging_mixin.py:188} INFO - [2024-04-27T00:02:46.204+0000] {dag.py:3954} INFO - Setting next_dagrun for tutorial to 2024-04-26 00:00:00+00:00, run_after=2024-04-27 00:00:00+00:00
[2024-04-27T00:02:46.226+0000] {processor.py:183} INFO - Processing /home/airflow/.local/lib/python3.12/site-packages/airflow/example_dags/tutorial.py took 0.072 seconds
[2024-04-27T00:03:16.652+0000] {processor.py:161} INFO - Started process (PID=430) to work on /home/airflow/.local/lib/python3.12/site-packages/airflow/example_dags/tutorial.py
[2024-04-27T00:03:16.653+0000] {processor.py:830} INFO - Processing file /home/airflow/.local/lib/python3.12/site-packages/airflow/example_dags/tutorial.py for tasks to queue
[2024-04-27T00:03:16.656+0000] {logging_mixin.py:188} INFO - [2024-04-27T00:03:16.655+0000] {dagbag.py:540} INFO - Filling up the DagBag from /home/airflow/.local/lib/python3.12/site-packages/airflow/example_dags/tutorial.py
[2024-04-27T00:03:16.660+0000] {processor.py:840} INFO - DAG(s) 'tutorial' retrieved from /home/airflow/.local/lib/python3.12/site-packages/airflow/example_dags/tutorial.py
[2024-04-27T00:03:16.682+0000] {logging_mixin.py:188} INFO - [2024-04-27T00:03:16.681+0000] {dag.py:3096} INFO - Sync 1 DAGs
[2024-04-27T00:03:16.702+0000] {logging_mixin.py:188} INFO - [2024-04-27T00:03:16.702+0000] {dag.py:3954} INFO - Setting next_dagrun for tutorial to 2024-04-26 00:00:00+00:00, run_after=2024-04-27 00:00:00+00:00
[2024-04-27T00:03:16.722+0000] {processor.py:183} INFO - Processing /home/airflow/.local/lib/python3.12/site-packages/airflow/example_dags/tutorial.py took 0.076 seconds
[2024-04-27T00:03:47.018+0000] {processor.py:161} INFO - Started process (PID=490) to work on /home/airflow/.local/lib/python3.12/site-packages/airflow/example_dags/tutorial.py
[2024-04-27T00:03:47.019+0000] {processor.py:830} INFO - Processing file /home/airflow/.local/lib/python3.12/site-packages/airflow/example_dags/tutorial.py for tasks to queue
[2024-04-27T00:03:47.021+0000] {logging_mixin.py:188} INFO - [2024-04-27T00:03:47.021+0000] {dagbag.py:540} INFO - Filling up the DagBag from /home/airflow/.local/lib/python3.12/site-packages/airflow/example_dags/tutorial.py
[2024-04-27T00:03:47.026+0000] {processor.py:840} INFO - DAG(s) 'tutorial' retrieved from /home/airflow/.local/lib/python3.12/site-packages/airflow/example_dags/tutorial.py
[2024-04-27T00:03:47.040+0000] {logging_mixin.py:188} INFO - [2024-04-27T00:03:47.040+0000] {dag.py:3096} INFO - Sync 1 DAGs
[2024-04-27T00:03:47.056+0000] {logging_mixin.py:188} INFO - [2024-04-27T00:03:47.056+0000] {dag.py:3954} INFO - Setting next_dagrun for tutorial to 2024-04-26 00:00:00+00:00, run_after=2024-04-27 00:00:00+00:00
[2024-04-27T00:03:47.076+0000] {processor.py:183} INFO - Processing /home/airflow/.local/lib/python3.12/site-packages/airflow/example_dags/tutorial.py took 0.063 seconds
[2024-04-27T00:04:17.261+0000] {processor.py:161} INFO - Started process (PID=549) to work on /home/airflow/.local/lib/python3.12/site-packages/airflow/example_dags/tutorial.py
[2024-04-27T00:04:17.263+0000] {processor.py:830} INFO - Processing file /home/airflow/.local/lib/python3.12/site-packages/airflow/example_dags/tutorial.py for tasks to queue
[2024-04-27T00:04:17.265+0000] {logging_mixin.py:188} INFO - [2024-04-27T00:04:17.264+0000] {dagbag.py:540} INFO - Filling up the DagBag from /home/airflow/.local/lib/python3.12/site-packages/airflow/example_dags/tutorial.py
[2024-04-27T00:04:17.271+0000] {processor.py:840} INFO - DAG(s) 'tutorial' retrieved from /home/airflow/.local/lib/python3.12/site-packages/airflow/example_dags/tutorial.py
[2024-04-27T00:04:17.289+0000] {logging_mixin.py:188} INFO - [2024-04-27T00:04:17.289+0000] {dag.py:3096} INFO - Sync 1 DAGs
[2024-04-27T00:04:17.310+0000] {logging_mixin.py:188} INFO - [2024-04-27T00:04:17.310+0000] {dag.py:3954} INFO - Setting next_dagrun for tutorial to 2024-04-26 00:00:00+00:00, run_after=2024-04-27 00:00:00+00:00
[2024-04-27T00:04:17.330+0000] {processor.py:183} INFO - Processing /home/airflow/.local/lib/python3.12/site-packages/airflow/example_dags/tutorial.py took 0.074 seconds
[2024-04-27T00:04:47.562+0000] {processor.py:161} INFO - Started process (PID=608) to work on /home/airflow/.local/lib/python3.12/site-packages/airflow/example_dags/tutorial.py
[2024-04-27T00:04:47.563+0000] {processor.py:830} INFO - Processing file /home/airflow/.local/lib/python3.12/site-packages/airflow/example_dags/tutorial.py for tasks to queue
[2024-04-27T00:04:47.565+0000] {logging_mixin.py:188} INFO - [2024-04-27T00:04:47.564+0000] {dagbag.py:540} INFO - Filling up the DagBag from /home/airflow/.local/lib/python3.12/site-packages/airflow/example_dags/tutorial.py
[2024-04-27T00:04:47.569+0000] {processor.py:840} INFO - DAG(s) 'tutorial' retrieved from /home/airflow/.local/lib/python3.12/site-packages/airflow/example_dags/tutorial.py
[2024-04-27T00:04:47.585+0000] {logging_mixin.py:188} INFO - [2024-04-27T00:04:47.585+0000] {dag.py:3096} INFO - Sync 1 DAGs
[2024-04-27T00:04:47.602+0000] {logging_mixin.py:188} INFO - [2024-04-27T00:04:47.602+0000] {dag.py:3954} INFO - Setting next_dagrun for tutorial to 2024-04-26 00:00:00+00:00, run_after=2024-04-27 00:00:00+00:00
[2024-04-27T00:04:47.621+0000] {processor.py:183} INFO - Processing /home/airflow/.local/lib/python3.12/site-packages/airflow/example_dags/tutorial.py took 0.064 seconds
[2024-04-27T00:14:08.679+0000] {processor.py:161} INFO - Started process (PID=76) to work on /home/airflow/.local/lib/python3.12/site-packages/airflow/example_dags/tutorial.py
[2024-04-27T00:14:08.680+0000] {processor.py:830} INFO - Processing file /home/airflow/.local/lib/python3.12/site-packages/airflow/example_dags/tutorial.py for tasks to queue
[2024-04-27T00:14:08.682+0000] {logging_mixin.py:188} INFO - [2024-04-27T00:14:08.681+0000] {dagbag.py:540} INFO - Filling up the DagBag from /home/airflow/.local/lib/python3.12/site-packages/airflow/example_dags/tutorial.py
[2024-04-27T00:14:08.687+0000] {processor.py:840} INFO - DAG(s) 'tutorial' retrieved from /home/airflow/.local/lib/python3.12/site-packages/airflow/example_dags/tutorial.py
[2024-04-27T00:14:08.700+0000] {logging_mixin.py:188} INFO - [2024-04-27T00:14:08.700+0000] {dag.py:3096} INFO - Sync 1 DAGs
[2024-04-27T00:14:08.725+0000] {logging_mixin.py:188} INFO - [2024-04-27T00:14:08.725+0000] {dag.py:3954} INFO - Setting next_dagrun for tutorial to 2024-04-26 00:00:00+00:00, run_after=2024-04-27 00:00:00+00:00
[2024-04-27T00:14:08.745+0000] {processor.py:183} INFO - Processing /home/airflow/.local/lib/python3.12/site-packages/airflow/example_dags/tutorial.py took 0.072 seconds
[2024-04-27T00:14:40.110+0000] {processor.py:161} INFO - Started process (PID=135) to work on /home/airflow/.local/lib/python3.12/site-packages/airflow/example_dags/tutorial.py
[2024-04-27T00:14:40.111+0000] {processor.py:830} INFO - Processing file /home/airflow/.local/lib/python3.12/site-packages/airflow/example_dags/tutorial.py for tasks to queue
[2024-04-27T00:14:40.113+0000] {logging_mixin.py:188} INFO - [2024-04-27T00:14:40.113+0000] {dagbag.py:540} INFO - Filling up the DagBag from /home/airflow/.local/lib/python3.12/site-packages/airflow/example_dags/tutorial.py
[2024-04-27T00:14:40.120+0000] {processor.py:840} INFO - DAG(s) 'tutorial' retrieved from /home/airflow/.local/lib/python3.12/site-packages/airflow/example_dags/tutorial.py
[2024-04-27T00:14:40.220+0000] {logging_mixin.py:188} INFO - [2024-04-27T00:14:40.220+0000] {dag.py:3096} INFO - Sync 1 DAGs
[2024-04-27T00:14:40.240+0000] {logging_mixin.py:188} INFO - [2024-04-27T00:14:40.240+0000] {dag.py:3954} INFO - Setting next_dagrun for tutorial to 2024-04-26 00:00:00+00:00, run_after=2024-04-27 00:00:00+00:00
[2024-04-27T00:14:40.262+0000] {processor.py:183} INFO - Processing /home/airflow/.local/lib/python3.12/site-packages/airflow/example_dags/tutorial.py took 0.159 seconds
[2024-04-27T00:15:10.723+0000] {processor.py:161} INFO - Started process (PID=194) to work on /home/airflow/.local/lib/python3.12/site-packages/airflow/example_dags/tutorial.py
[2024-04-27T00:15:10.724+0000] {processor.py:830} INFO - Processing file /home/airflow/.local/lib/python3.12/site-packages/airflow/example_dags/tutorial.py for tasks to queue
[2024-04-27T00:15:10.725+0000] {logging_mixin.py:188} INFO - [2024-04-27T00:15:10.725+0000] {dagbag.py:540} INFO - Filling up the DagBag from /home/airflow/.local/lib/python3.12/site-packages/airflow/example_dags/tutorial.py
[2024-04-27T00:15:10.731+0000] {processor.py:840} INFO - DAG(s) 'tutorial' retrieved from /home/airflow/.local/lib/python3.12/site-packages/airflow/example_dags/tutorial.py
[2024-04-27T00:15:10.748+0000] {logging_mixin.py:188} INFO - [2024-04-27T00:15:10.748+0000] {dag.py:3096} INFO - Sync 1 DAGs
[2024-04-27T00:15:10.769+0000] {logging_mixin.py:188} INFO - [2024-04-27T00:15:10.769+0000] {dag.py:3954} INFO - Setting next_dagrun for tutorial to 2024-04-26 00:00:00+00:00, run_after=2024-04-27 00:00:00+00:00
[2024-04-27T00:15:10.789+0000] {processor.py:183} INFO - Processing /home/airflow/.local/lib/python3.12/site-packages/airflow/example_dags/tutorial.py took 0.072 seconds
[2024-04-27T00:15:41.114+0000] {processor.py:161} INFO - Started process (PID=253) to work on /home/airflow/.local/lib/python3.12/site-packages/airflow/example_dags/tutorial.py
[2024-04-27T00:15:41.115+0000] {processor.py:830} INFO - Processing file /home/airflow/.local/lib/python3.12/site-packages/airflow/example_dags/tutorial.py for tasks to queue
[2024-04-27T00:15:41.117+0000] {logging_mixin.py:188} INFO - [2024-04-27T00:15:41.117+0000] {dagbag.py:540} INFO - Filling up the DagBag from /home/airflow/.local/lib/python3.12/site-packages/airflow/example_dags/tutorial.py
[2024-04-27T00:15:41.122+0000] {processor.py:840} INFO - DAG(s) 'tutorial' retrieved from /home/airflow/.local/lib/python3.12/site-packages/airflow/example_dags/tutorial.py
[2024-04-27T00:15:41.142+0000] {logging_mixin.py:188} INFO - [2024-04-27T00:15:41.142+0000] {dag.py:3096} INFO - Sync 1 DAGs
[2024-04-27T00:15:41.161+0000] {logging_mixin.py:188} INFO - [2024-04-27T00:15:41.161+0000] {dag.py:3954} INFO - Setting next_dagrun for tutorial to 2024-04-26 00:00:00+00:00, run_after=2024-04-27 00:00:00+00:00
[2024-04-27T00:15:41.182+0000] {processor.py:183} INFO - Processing /home/airflow/.local/lib/python3.12/site-packages/airflow/example_dags/tutorial.py took 0.072 seconds
[2024-04-27T00:16:11.832+0000] {processor.py:161} INFO - Started process (PID=312) to work on /home/airflow/.local/lib/python3.12/site-packages/airflow/example_dags/tutorial.py
[2024-04-27T00:16:11.834+0000] {processor.py:830} INFO - Processing file /home/airflow/.local/lib/python3.12/site-packages/airflow/example_dags/tutorial.py for tasks to queue
[2024-04-27T00:16:11.836+0000] {logging_mixin.py:188} INFO - [2024-04-27T00:16:11.835+0000] {dagbag.py:540} INFO - Filling up the DagBag from /home/airflow/.local/lib/python3.12/site-packages/airflow/example_dags/tutorial.py
[2024-04-27T00:16:11.841+0000] {processor.py:840} INFO - DAG(s) 'tutorial' retrieved from /home/airflow/.local/lib/python3.12/site-packages/airflow/example_dags/tutorial.py
[2024-04-27T00:16:11.861+0000] {logging_mixin.py:188} INFO - [2024-04-27T00:16:11.860+0000] {dag.py:3096} INFO - Sync 1 DAGs
[2024-04-27T00:16:11.881+0000] {logging_mixin.py:188} INFO - [2024-04-27T00:16:11.881+0000] {dag.py:3954} INFO - Setting next_dagrun for tutorial to 2024-04-26 00:00:00+00:00, run_after=2024-04-27 00:00:00+00:00
[2024-04-27T00:16:11.901+0000] {processor.py:183} INFO - Processing /home/airflow/.local/lib/python3.12/site-packages/airflow/example_dags/tutorial.py took 0.074 seconds
[2024-04-27T00:16:42.677+0000] {processor.py:161} INFO - Started process (PID=371) to work on /home/airflow/.local/lib/python3.12/site-packages/airflow/example_dags/tutorial.py
[2024-04-27T00:16:42.678+0000] {processor.py:830} INFO - Processing file /home/airflow/.local/lib/python3.12/site-packages/airflow/example_dags/tutorial.py for tasks to queue
[2024-04-27T00:16:42.680+0000] {logging_mixin.py:188} INFO - [2024-04-27T00:16:42.679+0000] {dagbag.py:540} INFO - Filling up the DagBag from /home/airflow/.local/lib/python3.12/site-packages/airflow/example_dags/tutorial.py
[2024-04-27T00:16:42.685+0000] {processor.py:840} INFO - DAG(s) 'tutorial' retrieved from /home/airflow/.local/lib/python3.12/site-packages/airflow/example_dags/tutorial.py
[2024-04-27T00:16:42.700+0000] {logging_mixin.py:188} INFO - [2024-04-27T00:16:42.700+0000] {dag.py:3096} INFO - Sync 1 DAGs
[2024-04-27T00:16:42.719+0000] {logging_mixin.py:188} INFO - [2024-04-27T00:16:42.719+0000] {dag.py:3954} INFO - Setting next_dagrun for tutorial to 2024-04-26 00:00:00+00:00, run_after=2024-04-27 00:00:00+00:00
[2024-04-27T00:16:42.738+0000] {processor.py:183} INFO - Processing /home/airflow/.local/lib/python3.12/site-packages/airflow/example_dags/tutorial.py took 0.066 seconds
